{
  "action": "completed",
  "workflow_run": {
    "id": 279,
    "name": "CI Pipeline",
    "head_branch": "develop",
    "head_sha": "49552614b7a7a630031cb046510457ace95b58a2",
    "status": "completed",
    "conclusion": "success",
    "run_started_at": "2025-11-23T12:50:57.929125Z",
    "updated_at": "2025-11-23T12:53:28.672752Z"
  },
  "repository": {
    "full_name": "acme-corp/api-service",
    "name": "api-service"
  },
  "sender": {
    "login": "eve"
  },
  "_safeops_extended": {
    "raw_logs": "=== Step: save_cache ===\nTLS handshake completed\nConnection established\nCache invalidated: node_modules\n\u2713 All checks passed\nBuilding Docker image...\nStep 10/24: Linting\nTLS handshake completed\nCreating production build...\nBuilding Docker image...\n[12:50:57] INFO: Cache refreshed\nOK\nCompiling components/app.ts...\nMinifying main.js\nStep 18/15: Running migrations\nCompleted.\nnpm install: added 82 packages\nCompiling src/app.ts...\nCache hit for key-9087\n  PASS: test_auth_login (74ms)\n\u2713 deploy completed\nOK\nCompiling components/service.java...\n[12:50:57] INFO: Processing request\nNODE_ENV=test\n[12:50:57] INFO: Processing request\nArtifact downloaded: 17MB\n[12:50:57] INFO: Starting build process\nyarn add: Done in 29.84s\nStep 18/23: Installing dependencies\nCache saved successfully\nBuilding Docker image...\nSwitched to branch 'bugfix/task-214'\nImage pulled successfully\nTransforming 658 files...\nUploading artifact 'coverage' (45 files)\nReady.\n[12:50:57] WARN: Deprecated API usage\nWARNING: prettier has known vulnerabilities\n\u2713 Task completed in 2155ms\n[12:50:57] INFO: Starting build process\n[12:50:57] ERROR: Connection failed\nnpm notice: created a lockfile\nPulling image: python:18\n\u26a0 DEPRECATION: Feature will be removed in v5.0\nGET /health - 200 (8ms)\nCompleted.\nPOST /upload - 202 (106ms)\n\u26a0 DEPRECATION: Feature will be removed in v2.0\n[12:50:57] WARN: Deprecated API usage\nEnvironment: staging\nPulling image: node:3.11\nImage pulled successfully\nSuccess!\n[12:50:57] DEBUG: Initializing service\nConnection established\nTransforming 712 files...\nMinifying vendor.js\nCompiling utils/main.py...\n[12:50:57] DEBUG: Connection pool: 16 active\nLayer 2/15: ENV command\n[12:50:57] WARN: Deprecated API usage\nEnvironment: test\nInstalling react@2.18.4\n[12:50:57] INFO: Processing request\nBundling runtime.css\nCache saved successfully\n\u2713 Step 'setup' succeeded\nSuccess!\nConnection established\nException: NullPointerException\nFetching from https://pypi.org/package.json\nnpm notice: package.json updated\nRan 99 tests in 8s\nPlatform: win32-x64\nLoading...\nStep 6/23: Building\n  PASS: unit/test_auth_login.spec.js\nChecking out master branch\nWaiting...\nStep 9/18: Testing\nnpm install: resolved 1245 packages\nStep 17/20: Installing dependencies\nCoverage: 78% statements, 78% branches\nTLS handshake completed\nGET /health - 204 (23ms)\n[12:50:57] INFO: Connecting to database\nSnapshots: 5 passed, 42 total\nEnvironment: staging\nStep 13/24: Testing\nCache hit for key-8031\npip install: Successfully installed axios-3.5\nLoading...\nTLS handshake completed\nTests: 157 passed, 84 total\nnpm notice: package.json updated\n[12:50:57] INFO: Cache refreshed\nnpm notice: package.json updated\nMinifying vendor.js\n[12:50:57] DEBUG: Loading configuration\nPOST /upload - 201 (281ms)\nSuccess!\nOK\nUploading artifact 'coverage' (28 files)\nFinished.\nReady.\n=== Step save_cache completed ===\n=== Step: type_check ===\npip install: Successfully installed react-1.14\n[12:50:57] WARN: Deprecated API usage\nBuilding Docker image...\n[12:50:57] WARN: Deprecated API usage\nWARNING: react has known vulnerabilities\nCompiling src/utils.go...\n  PASS: test_api_health (126ms)\nCompiling components/index.js...\nStep 14/16: Deploying\n[12:50:57] DEBUG: Query executed in 51ms\nCache invalidated: dependencies\nCache restored successfully (486MB)\n[12:50:57] INFO: Starting build process\nCompiling src/app.ts...\nEnvironment: production\n\u2713 Step 'build' succeeded\nNODE_ENV=production\nCreating production build...\nPlatform: win32-x64\nVerifying...\nCache hit for key-2447\n[12:50:57] INFO: Cache refreshed\nException: NullPointerException\nTests: 279 passed, 406 total\nGET /health - 204 (90ms)\nBundling styles.js\nFAILED: test_cache_hit\nnpm install: resolved 107 packages\nCache hit for key-7553\nConnection established\n[12:50:57] DEBUG: Initializing service\nWARNING: prettier has known vulnerabilities\nPushing to registry...\n\u2713 package completed\nWaiting...\nLoading...\n\u2713 All checks passed\nnpm notice: package.json updated\nCreating production build...\n[12:50:57] DEBUG: Initializing service\n  PASS: e2e/test_api_health.spec.js\npip: Downloading jest-1.4.tar.gz\nImage pulled successfully\nFetching from https://github.com/package.json\n[12:50:57] ERROR: Connection failed\nWARNING: lodash has known vulnerabilities\nGET /health - 204 (29ms)\nStep 4/23: Testing\nImage pulled successfully\n  PASS: test_user_create (461ms)\nMinifying main.js\nnpm notice: created a lockfile\nWARNING: prettier has known vulnerabilities\nTest Suites: 7 passed, 22 total\nFetching submodules...\n\u2713 Task completed in 3085ms\nArtifact downloaded: 16MB\nCompiling components/app.ts...\nUsing Node.js 20.16.7\nCompleted.\nAlready up to date.\nUploading artifact 'dist' (27 files)\nCache invalidated: node_modules\nStep 5/15: Deploying\n[12:50:57] INFO: Cache refreshed\nnpm notice: package.json updated\nTLS handshake completed\nCache miss for key-8000\nWARNING: webpack has known vulnerabilities\nyarn add: Done in 29.60s\nOK\nPOST /data - 202 (181ms)\n[12:50:57] WARN: Deprecated API usage\n\u2713 All checks passed\n[12:50:57] INFO: Processing request\nWARNING: axios has known vulnerabilities\nStep 18/15: Installing dependencies\nStep 2/21: Installing dependencies\nCache saved successfully\n[12:50:57] WARN: Deprecated API usage\nEnvironment: production\nCompleted.\nPushing to registry...\nException: TypeError\nImage pulled successfully\nCache restored successfully (347MB)\nnpm notice: package.json updated\nArtifact uploaded: build.tar.gz (11MB)\nLayer 6/10: RUN command\nStep 14/25: Testing\nCompleted.\nCompiling components/main.py...\nnpm install: added 442 packages\nStep 7/15: Building\nLoading...\n\u2713 Step 'install' succeeded\nStep 8/18: Running migrations\nTests: 451 passed, 79 total\nTime: 9.697s\n\u2713 build completed\nLoading...\nArtifact uploaded: build.tar.gz (5MB)\n[12:50:57] INFO: Processing request\nFAILED: test_user_create\nConnection established\n=== Step type_check completed ===\n=== Step: lint ===\nStep 15/16: Installing dependencies\nStep 11/15: Running migrations\n[12:50:57] DEBUG: Connection pool: 11 active\nHEAD is now at 43c13fb\n[12:50:57] INFO: Connecting to database\n[12:50:57] INFO: Request completed\nConnection established\n\u26a0 DEPRECATION: Feature will be removed in v5.0\nAlready up to date.\nOptimizing 16 modules...\n[12:50:57] DEBUG: Query executed in 57ms\n\u26a0 DEPRECATION: Feature will be removed in v2.0\nCompiling components/app.ts...\nDone.\nArtifact uploaded: dist.zip (19MB)\n[12:50:57] INFO: Starting build process\nEnvironment: test\nStep 20/23: Deploying\nPulling image: node:latest\nStep 7/25: Installing dependencies\nArtifact uploaded: dist.zip (28MB)\nDone.\npip install: Successfully installed eslint-2.1\nWARNING: eslint has known vulnerabilities\npip install: Successfully installed express-5.10\nBuilding Docker image...\nFinished.\nCache hit for key-3325\nStep 3/19: Running migrations\nPushing to registry...\nPushing to registry...\nOptimizing 64 modules...\nPulling image: python:18\nSwitched to branch 'hotfix/task-275'\n\u2713 All checks passed\nGET /health - 204 (23ms)\nHEAD is now at 5e61344\nWaiting...\n[12:50:57] DEBUG: Query executed in 25ms\nPlatform: win32-x64\nTests: 295 passed, 214 total\nTransforming 610 files...\nWARNING: webpack has known vulnerabilities\nInstalling eslint@2.5.8\nTransforming 975 files...\nProcessing...\n\u26a0 DEPRECATION: Feature will be removed in v5.0\nAlready up to date.\nPOST /data - 201 (391ms)\nReady.\nCache saved successfully\n  PASS: unit/test_db_connect.spec.js\nFetching from https://github.com/package.json\nCompiling lib/service.java...\nnpm notice: package.json updated\npip install: Successfully installed webpack-1.4\nStep 6/20: Linting\nBundling main.js\nnpm notice: created a lockfile\nGenerating source maps...\nUsing Python 3.12\nProcessing...\nProcessing...\nCoverage: 79% statements, 96% branches\nCache miss for key-3625\nBundling vendor.css\nAlready up to date.\nArtifact uploaded: build.tar.gz (18MB)\nNODE_ENV=test\nTest Suites: 11 passed, 45 total\nRan 149 tests in 40s\nyarn add: Done in 13.73s\nUsing Node.js 15.11.10\nStep 11/24: Building\nStep 11/18: Running migrations\nArtifact uploaded: dist.zip (83MB)\nPlatform: linux-x64\nConnection established\nyarn add: Done in 11.37s\nSnapshots: 20 passed, 26 total\nBuilding Docker image...\nWARNING: lodash has known vulnerabilities\nyarn add: Done in 18.89s\nTLS handshake completed\n[12:50:57] DEBUG: Query executed in 26ms\nChecking out develop branch\nSuccess!\n\u2713 Task completed in 1416ms\n[12:50:57] INFO: Connecting to database\nPulling image: alpine:18\nReady.\nOK\n  PASS: e2e/test_cache_hit.spec.js\nStep 18/15: Linting\nWARNING: webpack has known vulnerabilities\nUsing Node.js 20.13.9\nnpm install: added 174 packages\nTime: 87.535s\nTest Suites: 14 passed, 17 total\n\u26a0 DEPRECATION: Feature will be removed in v3.0\nTime: 93.359s\nCache restored successfully (260MB)\nCache restored successfully (355MB)\nLoading...\nPlatform: linux-x64\n=== Step lint completed ===\n=== Step: integration_tests ===\nTime: 40.458s\n\u2713 Step 'test' succeeded\nCache miss for key-8018\nPOST /upload - 201 (227ms)\nFetching submodules...\nCreating production build...\nDone.\nVerifying...\n[12:50:57] INFO: Connecting to database\nMinifying main.js\n[12:50:57] DEBUG: Initializing service\nStep 3/18: Installing dependencies\nCompiling src/service.java...\nPOST /data - 202 (164ms)\nStep 14/24: Building\nAlready up to date.\nStep 4/20: Running migrations\nOK\n\u2713 All checks passed\nStep 4/17: Running migrations\n[12:50:57] DEBUG: Initializing service\nCompleted.\nSuccess!\nOptimizing 86 modules...\n  PASS: e2e/test_cache_hit.spec.js\nUploading artifact 'build' (50 files)\nTime: 32.620s\nNODE_ENV=test\nFAILED: test_db_connect\n[12:50:57] INFO: Request completed\n[12:50:57] DEBUG: Query executed in 95ms\nStep 14/20: Deploying\nCoverage: 70% statements, 88% branches\n[12:50:57] WARN: Deprecated API usage\n\u2713 deploy completed\nCompiling src/main.py...\n[12:50:57] DEBUG: Memory usage: 1863MB\nCache restored successfully (360MB)\nConnection established\nArtifact downloaded: 13MB\n[12:50:57] INFO: Starting build process\nStep 9/20: Running migrations\nHEAD is now at 3241e8d\n\u2717 build failed with exit code 101\n[12:50:57] DEBUG: Memory usage: 1629MB\n[12:50:57] DEBUG: Connection pool: 7 active\nTransforming 588 files...\nLoading...\nArtifact uploaded: build.tar.gz (20MB)\n[12:50:57] INFO: Connecting to database\nNODE_ENV=development\n[12:50:57] INFO: Starting build process\nBuilding Docker image...\npip install: Successfully installed axios-4.9\nUsing Node.js 16.19.1\nCache invalidated: build\nBuilding Docker image...\nRan 199 tests in 44s\nArtifact uploaded: build.tar.gz (44MB)\nStep 17/21: Building\npip: Installing build dependencies...\nCache miss for key-1166\nPOST /upload - 201 (494ms)\nnpm notice: package.json updated\nWaiting...\nMinifying vendor.js\nnpm notice: created a lockfile\n\u26a0 DEPRECATION: Feature will be removed in v5.0\n[12:50:57] INFO: Connecting to database\nMinifying app.js\nOptimizing 71 modules...\nTest Suites: 16 passed, 13 total\nInstalling webpack@1.6.10\nCache saved successfully\nCompleted.\nArtifact downloaded: 33MB\nEnvironment: production\nEnvironment: staging\nBuilding Docker image...\nUsing Python 3.12\nnpm install: resolved 958 packages\nStep 8/15: Deploying\nFAILED: test_user_create\nyarn add: Done in 24.32s\nProcessing...\nCoverage: 84% statements, 67% branches\npip install: Successfully installed webpack-5.5\nPlatform: linux-x64\nRan 87 tests in 52s\nGenerating source maps...\n[12:50:57] DEBUG: Connection pool: 3 active\nCache saved successfully\nOK\nPOST /api - 200 (61ms)\n\u2713 All checks passed\nArtifact uploaded: dist.zip (69MB)\nPlatform: linux-x64\n[12:50:57] WARN: Deprecated API usage\nStep 7/15: Running migrations\nSuccess!\nCompleted.\nCache hit for key-4557\nStep 12/15: Running migrations\nPushing to registry...\n[12:50:57] INFO: Request completed\n=== Step integration_tests completed ===\n=== Step: setup_environment ===\n\u2713 All checks passed\nnpm notice: created a lockfile\nnpm install: resolved 710 packages\nEnvironment: test\n  PASS: test_db_connect (316ms)\nTransforming 222 files...\nCoverage: 93% statements, 86% branches\nPulling image: node:18\nnpm notice: created a lockfile\nChecking out main branch\nGenerating source maps...\nCompiling utils/utils.go...\n\u2713 package completed\nCache hit for key-9009\nMinifying vendor.js\npip: Collecting eslint\nCompiling lib/handler.rs...\nDone.\nOK\nCache miss for key-3077\nLoading...\n\u2713 package completed\nStep 2/24: Installing dependencies\nnpm notice: created a lockfile\nLoading...\nWARNING: eslint has known vulnerabilities\nFetching submodules...\nArtifact downloaded: 2MB\nSnapshots: 9 passed, 30 total\nyarn add: Done in 1.26s\nCreating production build...\nSnapshots: 4 passed, 2 total\nTime: 66.707s\n\u2713 Step 'setup' succeeded\nCache miss for key-5856\nUploading artifact 'dist' (8 files)\nTests: 488 passed, 257 total\nLayer 4/15: COPY command\nStep 7/18: Running migrations\nFetching submodules...\nException: TypeError\nStep 20/19: Building\nCache saved successfully\nLayer 4/8: COPY command\nSuccess!\nHEAD is now at 6f6af64\n\u2713 All checks passed\nInstalling webpack@5.6.4\nCreating production build...\nCache saved successfully\nnpm install: resolved 1125 packages\nCoverage: 85% statements, 82% branches\npip: Collecting react\nCompiling src/index.js...\n[12:50:57] ERROR: Connection failed\nGenerating source maps...\n\u2713 deploy completed\nBuilding Docker image...\nTime: 56.112s\nFetching from https://gcr.io/package.json\n[12:50:57] DEBUG: Query executed in 92ms\nSwitched to branch 'feature/task-441'\nWARNING: express has known vulnerabilities\nFinished.\nCompleted.\nSuccess!\nWARNING: prettier has known vulnerabilities\nStep 18/22: Installing dependencies\nCache restored successfully (10MB)\nCache invalidated: node_modules\nAlready up to date.\nCompiling lib/index.js...\nyarn add: Done in 20.80s\nChecking out main branch\n\u26a0 DEPRECATION: Feature will be removed in v5.0\n[12:50:57] WARN: Deprecated API usage\n[12:50:57] ERROR: Connection failed\nStep 4/25: Building\nRan 102 tests in 52s\nCompiling components/app.ts...\nInstalling webpack@4.5.0\nStep 13/21: Testing\npip: Installing build dependencies...\nNODE_ENV=production\nCache saved successfully\n[12:50:57] INFO: Starting build process\nTime: 118.608s\nCache hit for key-8206\nyarn add: Done in 18.66s\nPulling image: alpine:18\nFetching from https://npmjs.org/package.json\nCache invalidated: dependencies\nSnapshots: 47 passed, 8 total\nCache saved successfully\nLoading...\nRan 152 tests in 50s\nProcessing...\nLoading...\nWARNING: webpack has known vulnerabilities\nPushing to registry...\n[12:50:57] DEBUG: Loading configuration\nCompleted.\nNODE_ENV=test\nConnection established\nArtifact uploaded: dist.zip (79MB)\n=== Step setup_environment completed ===\n=== Step: restore_cache ===\nBuilding Docker image...\nTests: 278 passed, 151 total\n  PASS: test_db_connect (194ms)\nCache invalidated: dependencies\nCompiling lib/app.ts...\nFetching submodules...\nWaiting...\nArtifact downloaded: 26MB\nMinifying vendor.js\n  PASS: test_auth_login (200ms)\nVerifying...\nnpm notice: package.json updated\n\u2717 build failed with exit code 18\n\u2713 All checks passed\nOptimizing 52 modules...\n\u2713 Step 'install' succeeded\nArtifact uploaded: build.tar.gz (31MB)\nStep 20/16: Linting\nBuilding Docker image...\nEnvironment: test\nChecking out main branch\nHEAD is now at a2fb791\nPulling image: python:18\nCompiling utils/index.js...\nProcessing...\nConnection established\nSuccess!\nTransforming 955 files...\nyarn add: Done in 3.34s\npip: Installing build dependencies...\n[12:50:57] DEBUG: Memory usage: 179MB\npip: Installing build dependencies...\nCache invalidated: dependencies\nArtifact downloaded: 3MB\npip: Installing build dependencies...\n[12:50:57] INFO: Processing request\npip: Downloading eslint-1.15.tar.gz\nArtifact uploaded: dist.zip (33MB)\n[12:50:57] WARN: Deprecated API usage\nNODE_ENV=production\nStep 14/19: Testing\nTime: 105.979s\nGenerating source maps...\nCache invalidated: dependencies\nNODE_ENV=production\nnpm notice: created a lockfile\nRan 175 tests in 35s\nCompiling lib/service.java...\nStep 17/17: Deploying\nDone.\nTime: 9.807s\nCompiling src/index.js...\nCache miss for key-4313\n  PASS: test_db_connect (443ms)\nPlatform: darwin-arm64\nCoverage: 91% statements, 93% branches\nWARNING: lodash has known vulnerabilities\nHEAD is now at 405c5ad\nOK\nPulling image: alpine:latest\nArtifact uploaded: build.tar.gz (41MB)\nArtifact downloaded: 12MB\nEnvironment: production\nPushing to registry...\nStep 13/22: Linting\nCache restored successfully (410MB)\n\u26a0 DEPRECATION: Feature will be removed in v5.0\nCreating production build...\nLoading...\nCompiling src/app.ts...\npip: Downloading eslint-1.7.tar.gz\nSwitched to branch 'feature/task-769'\nBundling main.css\npip: Downloading eslint-4.10.tar.gz\nMinifying main.js\nNODE_ENV=development\nyarn add: Done in 10.85s\nArtifact downloaded: 20MB\nSnapshots: 44 passed, 27 total\nRan 142 tests in 43s\nStep 11/23: Installing dependencies\n[12:50:57] DEBUG: Memory usage: 106MB\nStep 14/21: Linting\nVerifying...\nMinifying app.js\nWARNING: react has known vulnerabilities\nWARNING: eslint has known vulnerabilities\nnpm notice: package.json updated\nnpm notice: created a lockfile\nStep 14/16: Deploying\nnpm notice: created a lockfile\n[12:50:57] DEBUG: Initializing service\nLayer 1/13: ENV command\nCache hit for key-8609\n[12:50:57] WARN: Deprecated API usage\n\u26a0 DEPRECATION: Feature will be removed in v3.0\nnpm install: added 291 packages\nGET /health - 200 (47ms)\n[12:50:57] WARN: Deprecated API usage\nFAILED: test_db_connect\nGenerating source maps...\nVerifying...\npip: Installing build dependencies...\n[12:50:57] ERROR: Connection failed\n[12:50:57] DEBUG: Memory usage: 1759MB\n=== Step restore_cache completed ===\n=== Step: deploy_staging ===\nProcessing...\n\u2713 All checks passed\npip: Collecting react\nPushing to registry...\n[12:50:57] INFO: Starting build process\nTest Suites: 44 passed, 44 total\nStep 15/21: Testing\nVerifying...\nPOST /upload - 202 (236ms)\npip install: Successfully installed jest-5.17\nProcessing...\n\u2713 All checks passed\nStep 16/22: Installing dependencies\nnpm notice: created a lockfile\nStep 8/15: Installing dependencies\nUsing Node.js 15.18.0\nImage pulled successfully\n[12:50:57] INFO: Connecting to database\nCache saved successfully\npip: Collecting webpack\n[12:50:57] DEBUG: Loading configuration\nCache miss for key-4717\nCompiling src/utils.go...\nCache saved successfully\nImage pulled successfully\n[12:50:57] INFO: Processing request\n[12:50:57] INFO: Connecting to database\nyarn add: Done in 10.20s\nArtifact uploaded: build.tar.gz (29MB)\nnpm notice: created a lockfile\nStep 8/21: Running migrations\n[12:50:57] WARN: Deprecated API usage\nLoading...\nOptimizing 38 modules...\n  PASS: integration/test_api_health.spec.js\n\u2713 Task completed in 4420ms\n\u26a0 DEPRECATION: Feature will be removed in v4.0\n[12:50:57] INFO: Request completed\n[12:50:57] INFO: Cache refreshed\nTLS handshake completed\nStep 17/21: Deploying\nArtifact downloaded: 29MB\nCompiling utils/app.ts...\n\u2713 Step 'test' succeeded\nWARNING: prettier has known vulnerabilities\nnpm install: resolved 894 packages\nCompiling utils/handler.rs...\nCompiling components/index.js...\nTransforming 898 files...\nPlatform: win32-x64\nFetching from https://docker.io/package.json\nnpm install: resolved 168 packages\nTests: 184 passed, 130 total\nAlready up to date.\nSwitched to branch 'hotfix/task-799'\nUsing Node.js 16.10.2\nnpm notice: created a lockfile\nHEAD is now at ccfe299\nTests: 307 passed, 441 total\n[12:50:57] INFO: Request completed\nImage pulled successfully\nSuccess!\nnpm install: resolved 1041 packages\n[12:50:57] INFO: Starting build process\nCache invalidated: dependencies\nLayer 10/13: COPY command\npip: Downloading axios-5.3.tar.gz\nFetching from https://docker.io/package.json\n  PASS: unit/test_auth_login.spec.js\n[12:50:57] ERROR: Connection failed\nCache invalidated: build\nConnection established\nStep 10/23: Testing\nStep 10/21: Building\nCompiling src/service.java...\nRan 130 tests in 35s\n[12:50:57] INFO: Connecting to database\nCompiling lib/service.java...\nCompiling components/service.java...\nFetching submodules...\nHEAD is now at e666461\nWARNING: react has known vulnerabilities\nCompleted.\nWaiting...\nGenerating source maps...\nNODE_ENV=production\nReady.\nCache miss for key-1654\n[12:50:57] WARN: Deprecated API usage\nLayer 2/8: ENV command\nnpm notice: created a lockfile\npip: Collecting jest\nCompiling components/app.ts...\nPushing to registry...\n[12:50:57] DEBUG: Loading configuration\nSuccess!\nCache miss for key-6263\nSuccess!\nPushing to registry...\nSuccess!\n\u26a0 DEPRECATION: Feature will be removed in v2.0\nImage pulled successfully\n\u2717 build failed with exit code 4\n  PASS: test_cache_hit (353ms)\n\u2713 Task completed in 2958ms\n=== Step deploy_staging completed ===\n=== Step: setup_node ===\nException: TypeError\nTransforming 976 files...\n[12:50:57] WARN: Deprecated API usage\nLayer 10/8: RUN command\nCompiling utils/service.java...\nyarn add: Done in 30.53s\n[12:50:57] ERROR: Connection failed\nSuccess!\nTime: 48.534s\nTLS handshake completed\nCache saved successfully\nReady.\nUsing Node.js 14.12.4\nTime: 4.16s\n\u2713 All checks passed\n[12:50:57] INFO: Starting build process\nnpm install: resolved 180 packages\nCache hit for key-7806\n[12:50:57] INFO: Request completed\nImage pulled successfully\nSwitched to branch 'hotfix/task-545'\nPOST /data - 200 (325ms)\nUsing Python 3.9\n\u2713 All checks passed\nGET /status - 204 (7ms)\npip: Installing build dependencies...\nReady.\n[12:50:57] DEBUG: Connection pool: 10 active\nUsing Node.js 15.10.6\n[12:50:57] DEBUG: Connection pool: 3 active\nStep 10/18: Deploying\nBundling vendor.css\nOptimizing 37 modules...\n\u26a0 DEPRECATION: Feature will be removed in v3.0\nTLS handshake completed\n\u2717 build failed with exit code 77\nEnvironment: production\nArtifact downloaded: 25MB\nGET /api - 201 (25ms)\nArtifact downloaded: 20MB\nChecking out develop branch\nWARNING: axios has known vulnerabilities\nProcessing...\n[12:50:57] DEBUG: Memory usage: 1646MB\nTLS handshake completed\nGET /status - 204 (64ms)\nGenerating source maps...\nLoading...\nBuilding Docker image...\nCache hit for key-9936\nCache saved successfully\nPlatform: linux-x64\nCompiling utils/index.js...\nVerifying...\n[12:50:57] WARN: Deprecated API usage\nStep 13/21: Testing\nCompiling lib/app.ts...\nStep 7/15: Testing\n[12:50:57] INFO: Starting build process\n\u26a0 DEPRECATION: Feature will be removed in v3.0\n[12:50:57] DEBUG: Memory usage: 840MB\nStep 5/15: Running migrations\n\u26a0 DEPRECATION: Feature will be removed in v4.0\nVerifying...\nStep 20/25: Installing dependencies\n[12:50:57] WARN: Deprecated API usage\nImage pulled successfully\n\u2713 All checks passed\nnpm notice: created a lockfile\n\u2713 Task completed in 4498ms\nPlatform: darwin-arm64\n\u2713 validate completed\nCompiling components/index.js...\n\u2713 Step 'setup' succeeded\nCompleted.\nTLS handshake completed\nCache restored successfully (129MB)\nFinished.\nHEAD is now at d1478d2\npip install: Successfully installed prettier-4.7\nCache saved successfully\nStep 6/22: Running migrations\nUploading artifact 'build' (1 files)\n[12:50:57] INFO: Processing request\n\u2713 build completed\nUploading artifact 'coverage' (29 files)\nFetching submodules...\nArtifact downloaded: 25MB\nArtifact uploaded: dist.zip (31MB)\nyarn add: Done in 25.34s\n  PASS: integration/test_auth_login.spec.js\n\u2713 Task completed in 3269ms\nnpm notice: created a lockfile\nStep 13/20: Linting\nChecking out develop branch\nCache miss for key-1807\npip: Downloading jest-5.13.tar.gz\n\u26a0 DEPRECATION: Feature will be removed in v2.0\nAlready up to date.\nArtifact downloaded: 31MB\nImage pulled successfully\nPushing to registry...\nSwitched to branch 'bugfix/task-657'\nTests: 91 passed, 257 total\nProcessing...\n=== Step setup_node completed ===\n=== Step: deploy_production ===\nPOST /api - 200 (441ms)\nCompiling src/service.java...\n[12:50:57] WARN: Deprecated API usage\nHEAD is now at 4e514d2\n[12:50:57] INFO: Processing request\nCompiling utils/handler.rs...\n[12:50:57] INFO: Starting build process\nBundling runtime.js\nArtifact downloaded: 1MB\nCompiling src/service.java...\nSnapshots: 21 passed, 32 total\n\u2713 All checks passed\nUploading artifact 'build' (18 files)\nFetching from https://docker.io/package.json\nCompiling src/main.py...\npip: Downloading jest-5.9.tar.gz\nHEAD is now at 01a71e5\n[12:50:57] DEBUG: Loading configuration\nRan 184 tests in 58s\npip: Downloading webpack-3.2.tar.gz\nUploading artifact 'build' (50 files)\n[12:50:57] DEBUG: Connection pool: 5 active\nFetching from https://registry.npmjs.org/package.json\n\u2713 Task completed in 1022ms\nCoverage: 94% statements, 88% branches\n[12:50:57] DEBUG: Memory usage: 1887MB\nChecking out main branch\nCompiling components/handler.rs...\n[12:50:57] WARN: Deprecated API usage\nLoading...\nGenerating source maps...\n[12:50:57] INFO: Cache refreshed\nVerifying...\nUsing Python 3.9\nWARNING: express has known vulnerabilities\nVerifying...\nStep 1/17: Linting\nnpm notice: package.json updated\nnpm install: resolved 1127 packages\nCreating production build...\nRan 133 tests in 27s\n[12:50:57] DEBUG: Initializing service\n[12:50:57] DEBUG: Connection pool: 18 active\n[12:50:57] INFO: Request completed\n[12:50:57] INFO: Starting build process\n[12:50:57] INFO: Connecting to database\n\u2713 lint completed\nnpm install: added 367 packages\nImage pulled successfully\nSuccess!\nCompiling components/service.java...\nWARNING: eslint has known vulnerabilities\nnpm notice: package.json updated\nCache restored successfully (436MB)\nCompiling utils/service.java...\nTransforming 834 files...\nOptimizing 72 modules...\n  PASS: unit/test_auth_login.spec.js\nLoading...\nUsing Python 3.10\n[12:50:57] INFO: Cache refreshed\nCache invalidated: dependencies\nLoading...\nnpm notice: package.json updated\nFetching from https://github.com/package.json\nVerifying...\nException: TypeError\nUploading artifact 'build' (40 files)\nCache saved successfully\nTLS handshake completed\nChecking out main branch\n[12:50:57] WARN: Deprecated API usage\npip install: Successfully installed webpack-1.6\nNODE_ENV=development\nArtifact uploaded: dist.zip (25MB)\npip install: Successfully installed express-3.19\nWARNING: prettier has known vulnerabilities\nGET /status - 200 (56ms)\nCache restored successfully (100MB)\nCompiling components/main.py...\nEnvironment: staging\n[12:50:57] DEBUG: Loading configuration\nCompiling lib/service.java...\nTime: 85.26s\nStep 10/15: Testing\nProcessing...\nPulling image: python:3.11\nGET /api - 200 (96ms)\nSuccess!\nNODE_ENV=production\nBundling main.css\nGenerating source maps...\nLayer 10/9: COPY command\nException: TypeError\nStep 8/16: Building\nDone.\nTests: 294 passed, 334 total\nHEAD is now at cca9e5a\n[12:50:57] INFO: Starting build process\nnpm notice: package.json updated\nImage pulled successfully\nStep 19/22: Deploying\nTime: 114.896s\nFAILED: test_db_connect\nHEAD is now at a6dc19b\n=== Step deploy_production completed ===\n=== Step: build ===\nEnvironment: development\nChecking out develop branch\n\u2717 build failed with exit code 21\nAlready up to date.\nCoverage: 70% statements, 87% branches\nStep 10/23: Installing dependencies\nCache invalidated: node_modules\n[12:50:57] DEBUG: Loading configuration\n\u2713 validate completed\nnpm install: resolved 1907 packages\n[12:50:57] INFO: Starting build process\n[12:50:57] DEBUG: Connection pool: 16 active\nDone.\nCompiling src/utils.go...\nUsing Node.js 19.3.10\nCache restored successfully (350MB)\n\u26a0 DEPRECATION: Feature will be removed in v4.0\nReady.\nPushing to registry...\nNODE_ENV=test\nLoading...\n\u26a0 DEPRECATION: Feature will be removed in v4.0\nAlready up to date.\n[12:50:57] DEBUG: Initializing service\n  PASS: test_auth_login (174ms)\nFinished.\n  PASS: test_api_health (61ms)\n\u2713 Task completed in 1617ms\nTime: 69.774s\nUploading artifact 'dist' (19 files)\n[12:50:57] DEBUG: Initializing service\n[12:50:57] INFO: Request completed\nVerifying...\nWARNING: webpack has known vulnerabilities\n[12:50:57] DEBUG: Loading configuration\nWARNING: eslint has known vulnerabilities\nStep 10/17: Linting\nCompiling utils/utils.go...\nCompiling components/main.py...\n  PASS: integration/test_auth_login.spec.js\nNODE_ENV=production\nLayer 2/13: ENV command\nArtifact downloaded: 32MB\nWARNING: webpack has known vulnerabilities\nCache saved successfully\n[12:50:57] DEBUG: Query executed in 38ms\n[12:50:57] INFO: Processing request\nAlready up to date.\nVerifying...\nCache invalidated: build\nPulling image: node:18\nGenerating source maps...\n[12:50:57] WARN: Deprecated API usage\nFinished.\nHEAD is now at c1dec98\n\u2713 Step 'checkout' succeeded\nCompiling utils/main.py...\n\u2713 All checks passed\nWaiting...\nNODE_ENV=test\nTransforming 551 files...\nTransforming 194 files...\nException: NullPointerException\nSuccess!\n\u2713 Step 'install' succeeded\nFetching from https://gcr.io/package.json\nNODE_ENV=production\nPlatform: linux-x64\nLayer 10/10: ENV command\nInstalling eslint@2.20.0\nCache invalidated: dependencies\nTest Suites: 19 passed, 40 total\nGenerating source maps...\nBuilding Docker image...\nImage pulled successfully\n\u2713 lint completed\nMinifying main.js\nWARNING: axios has known vulnerabilities\nGET /status - 201 (51ms)\nCompiling src/service.java...\nRan 15 tests in 48s\nDone.\n  PASS: test_api_health (310ms)\npip: Installing build dependencies...\nCache restored successfully (89MB)\nnpm install: resolved 459 packages\nnpm install: resolved 857 packages\nTests: 246 passed, 375 total\nUploading artifact 'coverage' (5 files)\npip: Downloading prettier-5.7.tar.gz\nUsing Node.js 17.20.10\nTime: 116.597s\nnpm install: resolved 1328 packages\n\u2713 Task completed in 4839ms\nTests: 379 passed, 87 total\nFAILED: test_cache_hit\n[12:50:58] ERROR: Connection failed\n[12:50:58] DEBUG: Connection pool: 18 active\nFetching submodules...\npip install: Successfully installed lodash-4.15\nCreating production build...\nCompiling utils/utils.go...\nPOST /upload - 202 (39ms)\n[12:50:58] INFO: Request completed\n[12:50:58] DEBUG: Memory usage: 1125MB\n=== Step build completed ===\n=== Step: upload_artifacts ===\nnpm notice: package.json updated\nCreating production build...\nCreating production build...\nCreating production build...\n[12:50:58] INFO: Starting build process\nBuilding Docker image...\n\u2713 package completed\npip: Installing build dependencies...\nnpm notice: package.json updated\nStep 19/18: Deploying\nGET /health - 200 (8ms)\n[12:50:58] INFO: Starting build process\n\u2713 All checks passed\nCache restored successfully (178MB)\nWARNING: lodash has known vulnerabilities\nyarn add: Done in 7.56s\n  PASS: integration/test_cache_hit.spec.js\npip install: Successfully installed webpack-5.8\nProcessing...\nBundling main.js\nyarn add: Done in 16.44s\nLayer 3/10: RUN command\nReady.\nCompiling lib/service.java...\npip: Installing build dependencies...\nCompleted.\nMinifying vendor.js\nImage pulled successfully\nTLS handshake completed\nPushing to registry...\n[12:50:58] DEBUG: Initializing service\nImage pulled successfully\nTLS handshake completed\nCompiling lib/handler.rs...\nFetching submodules...\nCompiling src/utils.go...\n\u2713 deploy completed\nCache miss for key-8269\nRan 17 tests in 38s\n[12:50:58] WARN: Deprecated API usage\nFetching submodules...\nOK\nCache restored successfully (161MB)\n[12:50:58] INFO: Processing request\nGenerating source maps...\n\u2713 Step 'checkout' succeeded\n\u2713 Step 'test' succeeded\n[12:50:58] INFO: Connecting to database\n  PASS: test_db_connect (346ms)\nStep 2/23: Linting\npip install: Successfully installed lodash-2.5\nPlatform: win32-x64\nOptimizing 81 modules...\n\u2717 build failed with exit code 103\n  PASS: test_auth_login (48ms)\nCompiling components/main.py...\nProcessing...\n[12:50:58] DEBUG: Query executed in 2ms\nStep 2/16: Installing dependencies\nUploading artifact 'coverage' (26 files)\nArtifact uploaded: dist.zip (56MB)\npip install: Successfully installed lodash-1.18\n[12:50:58] DEBUG: Memory usage: 1587MB\nnpm notice: package.json updated\nCache hit for key-4068\n\u2713 Step 'checkout' succeeded\npip install: Successfully installed axios-4.7\nPOST /api - 201 (41ms)\n\u2713 Step 'build' succeeded\n[12:50:58] INFO: Processing request\nRan 176 tests in 8s\n[12:50:58] DEBUG: Connection pool: 20 active\n\u2713 All checks passed\nOK\nStep 5/18: Building\nStep 20/15: Testing\nTime: 81.729s\nnpm notice: created a lockfile\nCache restored successfully (375MB)\nWARNING: axios has known vulnerabilities\n[12:50:58] WARN: Deprecated API usage\n\u2713 test completed\n\u2713 Step 'install' succeeded\nException: TypeError\nArtifact uploaded: dist.zip (74MB)\nnpm notice: created a lockfile\nArtifact uploaded: build.tar.gz (46MB)\npip: Collecting express\nLayer 5/10: COPY command\nConnection established\nException: ValueError\nCache miss for key-8113\nFetching submodules...\nSnapshots: 46 passed, 5 total\n[12:50:58] INFO: Processing request\nTests: 217 passed, 411 total\nCompiling lib/index.js...\n[12:50:58] DEBUG: Loading configuration\nCompiling utils/main.py...\nArtifact uploaded: dist.zip (56MB)\n[12:50:58] DEBUG: Memory usage: 977MB\nProcessing...\nSwitched to branch 'bugfix/task-767'\nSnapshots: 49 passed, 46 total\nCompiling lib/index.js...\n=== Step upload_artifacts completed ===\n=== Step: install_dependencies ===\nChecking out master branch\nMinifying app.js\npip: Downloading prettier-2.5.tar.gz\n\u2713 All checks passed\npip: Collecting axios\n\u2713 Task completed in 798ms\nCompiling utils/utils.go...\nStep 6/20: Running migrations\nCache hit for key-1635\nRan 143 tests in 36s\nTransforming 513 files...\nFinished.\nArtifact uploaded: dist.zip (78MB)\nEnvironment: staging\n\u2713 Task completed in 4381ms\n[12:50:58] DEBUG: Loading configuration\n[12:50:58] INFO: Cache refreshed\n[12:50:58] DEBUG: Loading configuration\n\u2713 Step 'build' succeeded\nChecking out develop branch\nArtifact uploaded: build.tar.gz (15MB)\nCompleted.\nFetching submodules...\nGenerating source maps...\nAlready up to date.\nTime: 43.164s\nStep 13/17: Deploying\nSwitched to branch 'hotfix/task-832'\nCache hit for key-2016\nStep 14/23: Testing\nTest Suites: 8 passed, 26 total\nPushing to registry...\n[12:50:58] INFO: Connecting to database\nCoverage: 78% statements, 71% branches\npip: Installing build dependencies...\nArtifact uploaded: dist.zip (94MB)\nArtifact downloaded: 23MB\nStep 16/23: Linting\nWARNING: eslint has known vulnerabilities\nHEAD is now at 88d4b90\nDone.\npip: Downloading express-2.2.tar.gz\n[12:50:58] INFO: Starting build process\n[12:50:58] WARN: Deprecated API usage\nCache saved successfully\nStep 11/15: Testing\nnpm notice: created a lockfile\n\u2713 Step 'install' succeeded\nCompleted.\n[12:50:58] INFO: Request completed\nOptimizing 84 modules...\n\u26a0 DEPRECATION: Feature will be removed in v4.0\nPOST /data - 200 (111ms)\n[12:50:58] DEBUG: Query executed in 20ms\nChecking out develop branch\nArtifact uploaded: build.tar.gz (31MB)\nArtifact downloaded: 11MB\nWaiting...\nWARNING: axios has known vulnerabilities\nReady.\nCache restored successfully (116MB)\nMinifying vendor.js\nStep 9/25: Installing dependencies\nUsing Node.js 16.6.10\nStep 5/16: Testing\nCompiling components/service.java...\nUsing Python 3.9\nChecking out main branch\nCache invalidated: dependencies\n[12:50:58] WARN: Deprecated API usage\nCache hit for key-3293\nException: RuntimeError\n[12:50:58] INFO: Cache refreshed\nReady.\nImage pulled successfully\nAlready up to date.\nnpm install: resolved 496 packages\n[12:50:58] DEBUG: Loading configuration\nBundling styles.css\nCompiling components/main.py...\npip install: Successfully installed express-3.2\nFAILED: test_user_create\nPulling image: python:3.11\n  PASS: test_db_connect (349ms)\n[12:50:58] DEBUG: Query executed in 87ms\nCache restored successfully (400MB)\nTime: 47.924s\nSwitched to branch 'feature/task-656'\n[12:50:58] WARN: Deprecated API usage\nStep 6/22: Linting\nProcessing...\nWARNING: jest has known vulnerabilities\nTest Suites: 50 passed, 45 total\n[12:50:58] ERROR: Connection failed\nnpm notice: created a lockfile\nUploading artifact 'dist' (13 files)\nException: ValueError\nWARNING: axios has known vulnerabilities\nWARNING: eslint has known vulnerabilities\nEnvironment: test\nWARNING: prettier has known vulnerabilities\nSnapshots: 16 passed, 16 total\nPlatform: darwin-arm64\nGET /status - 204 (98ms)\nCompleted.\n=== Step install_dependencies completed ===\n=== Step: checkout ===\n\u2713 Task completed in 4848ms\nCoverage: 74% statements, 64% branches\nCompiling components/service.java...\nBundling vendor.css\n\u2713 Step 'setup' succeeded\nStep 20/19: Testing\nFetching submodules...\nArtifact downloaded: 42MB\n\u2713 All checks passed\n[12:50:58] WARN: Deprecated API usage\nTest Suites: 42 passed, 10 total\nReady.\nMinifying app.js\nStep 16/22: Building\nStep 16/16: Deploying\nMinifying vendor.js\nnpm install: resolved 912 packages\nWaiting...\nGET /api - 204 (24ms)\n  PASS: test_db_connect (372ms)\nCache invalidated: node_modules\nUploading artifact 'dist' (8 files)\n\u26a0 DEPRECATION: Feature will be removed in v3.0\nStep 20/20: Building\n[12:50:58] INFO: Starting build process\nPushing to registry...\nTests: 381 passed, 56 total\nCache invalidated: node_modules\nVerifying...\npip: Collecting lodash\nCompiling lib/service.java...\nConnection established\nFetching from https://docker.io/package.json\nConnection established\nDone.\nEnvironment: staging\nSuccess!\nCompiling src/index.js...\nWARNING: webpack has known vulnerabilities\nCache hit for key-2657\n[12:50:58] DEBUG: Initializing service\nTransforming 531 files...\nImage pulled successfully\nReady.\nLayer 5/9: ENV command\nInstalling webpack@5.4.8\nAlready up to date.\nTests: 288 passed, 55 total\nAlready up to date.\npip: Downloading react-2.6.tar.gz\n[12:50:58] INFO: Connecting to database\nWARNING: axios has known vulnerabilities\nStep 12/22: Testing\n[12:50:58] DEBUG: Connection pool: 7 active\nStep 2/20: Running migrations\npip: Collecting express\npip: Downloading eslint-2.0.tar.gz\nCache restored successfully (476MB)\npip: Installing build dependencies...\n[12:50:58] INFO: Request completed\nPlatform: darwin-arm64\nArtifact downloaded: 5MB\nCache hit for key-2990\nVerifying...\nnpm notice: package.json updated\n[12:50:58] INFO: Request completed\nArtifact downloaded: 34MB\n[12:50:58] DEBUG: Initializing service\nWARNING: prettier has known vulnerabilities\n\u26a0 DEPRECATION: Feature will be removed in v2.0\nMinifying app.js\nGET /health - 204 (23ms)\nnpm notice: created a lockfile\nArtifact uploaded: dist.zip (34MB)\nSuccess!\nCompleted.\nCache restored successfully (412MB)\n\u2713 validate completed\nnpm install: added 346 packages\nInstalling lodash@1.4.8\nConnection established\nGET /status - 204 (18ms)\nMinifying app.js\nArtifact uploaded: dist.zip (88MB)\nReady.\nArtifact downloaded: 16MB\nReady.\nProcessing...\nGET /health - 201 (21ms)\nCache miss for key-5623\nStep 6/21: Deploying\n[12:50:58] WARN: Deprecated API usage\nEnvironment: staging\nLayer 10/11: ENV command\nPlatform: win32-x64\nCache invalidated: build\nSwitched to branch 'feature/task-661'\n\u2713 Task completed in 2052ms\nBundling vendor.css\n[12:50:58] INFO: Cache refreshed\nCompiling components/service.java...\n\u26a0 DEPRECATION: Feature will be removed in v5.0\npip: Collecting prettier\nArtifact downloaded: 6MB\n[12:50:58] DEBUG: Loading configuration\n=== Step checkout completed ===\n=== Step: e2e_tests ===\nDone.\nTime: 48.586s\n\u2713 Step 'test' succeeded\nStep 20/22: Building\nCreating production build...\n[12:50:58] INFO: Starting build process\n\u2713 test completed\nUploading artifact 'build' (47 files)\nCreating production build...\npip install: Successfully installed lodash-2.19\n\u2713 Step 'test' succeeded\n[12:50:58] DEBUG: Connection pool: 13 active\n\u2713 Task completed in 2928ms\n\u2713 All checks passed\nReady.\nPushing to registry...\nPlatform: linux-x64\n[12:50:58] WARN: Deprecated API usage\nStep 13/18: Building\nUploading artifact 'coverage' (30 files)\nTests: 333 passed, 478 total\n[12:50:58] INFO: Processing request\nUploading artifact 'build' (25 files)\n\u2713 Step 'install' succeeded\n  PASS: test_cache_hit (451ms)\nStep 8/21: Testing\n[12:50:58] WARN: Deprecated API usage\n[12:50:58] DEBUG: Connection pool: 9 active\nChecking out develop branch\nUsing Node.js 19.3.7\npip: Downloading axios-1.11.tar.gz\n[12:50:58] WARN: Deprecated API usage\n\u2713 Task completed in 2571ms\nCompiling components/main.py...\n[12:50:58] DEBUG: Loading configuration\n[12:50:58] WARN: Deprecated API usage\nConnection established\nTime: 45.517s\n[12:50:58] INFO: Starting build process\n\u26a0 DEPRECATION: Feature will be removed in v3.0\nPulling image: node:18\n[12:50:58] DEBUG: Query executed in 86ms\nPlatform: win32-x64\nStep 6/25: Linting\nPlatform: linux-x64\nCoverage: 83% statements, 78% branches\n[12:50:58] DEBUG: Loading configuration\nFetching from https://gcr.io/package.json\nArtifact uploaded: build.tar.gz (29MB)\nArtifact uploaded: dist.zip (94MB)\nGET /status - 204 (39ms)\nOK\nStep 6/15: Installing dependencies\nBundling styles.js\n\u2717 build failed with exit code 66\nCache miss for key-3003\n[12:50:58] DEBUG: Connection pool: 20 active\nArtifact uploaded: dist.zip (46MB)\n\u2717 build failed with exit code 97\nFetching submodules...\nInstalling jest@3.8.5\n\u26a0 DEPRECATION: Feature will be removed in v5.0\nnpm notice: package.json updated\n[12:50:58] INFO: Cache refreshed\n  PASS: test_db_connect (170ms)\nRan 103 tests in 17s\nCache miss for key-3391\nStep 17/22: Installing dependencies\nCache miss for key-4925\nCompiling components/main.py...\nUploading artifact 'build' (41 files)\n  PASS: test_auth_login (89ms)\n[12:50:58] DEBUG: Query executed in 97ms\nCompiling src/main.py...\nCompiling components/utils.go...\nPOST /upload - 201 (242ms)\nStep 3/21: Installing dependencies\n[12:50:58] DEBUG: Initializing service\npip install: Successfully installed react-2.10\nMinifying app.js\n  PASS: test_cache_hit (229ms)\nStep 3/24: Deploying\n[12:50:58] INFO: Connecting to database\n[12:50:58] WARN: Deprecated API usage\nHEAD is now at 52b90bc\nPOST /upload - 200 (112ms)\n\u2713 All checks passed\n[12:50:58] WARN: Deprecated API usage\nMinifying main.js\nCompiling src/main.py...\nLayer 9/9: RUN command\nnpm notice: created a lockfile\n[12:50:58] DEBUG: Memory usage: 249MB\n\u2713 Step 'checkout' succeeded\nFetching from https://gcr.io/package.json\nNODE_ENV=development\nArtifact uploaded: build.tar.gz (26MB)\nWARNING: lodash has known vulnerabilities\nWaiting...\nStep 5/21: Linting\nBuilding Docker image...\nStep 4/17: Deploying\nnpm install: added 284 packages\nFetching submodules...\nWARNING: express has known vulnerabilities\n=== Step e2e_tests completed ===\n=== Step: unit_tests ===\n[12:50:58] INFO: Starting build process\nPulling image: alpine:18\n\u2713 deploy completed\nPushing to registry...\nCompiling components/index.js...\nSwitched to branch 'hotfix/task-128'\nStep 9/16: Testing\nLayer 5/14: RUN command\nStep 8/18: Running migrations\n  PASS: test_cache_hit (272ms)\nStep 7/24: Running migrations\n[12:50:58] DEBUG: Initializing service\nGenerating source maps...\nStep 13/22: Deploying\nProcessing...\n\u26a0 DEPRECATION: Feature will be removed in v4.0\n\u2713 validate completed\nHEAD is now at 6bbcbc8\nArtifact downloaded: 6MB\nCache hit for key-8083\nnpm notice: package.json updated\nEnvironment: development\nOK\nCompiling utils/service.java...\nTLS handshake completed\n[12:50:58] INFO: Starting build process\n[12:50:58] DEBUG: Connection pool: 6 active\nnpm install: resolved 1944 packages\n\u2713 Task completed in 4455ms\nTransforming 509 files...\nTest Suites: 35 passed, 41 total\nPlatform: darwin-arm64\nLayer 3/11: RUN command\nStep 1/15: Deploying\npip: Collecting prettier\n\u2713 All checks passed\nFetching submodules...\nUsing Python 3.11\nVerifying...\nNODE_ENV=production\nArtifact downloaded: 48MB\npip: Installing build dependencies...\n\u2713 All checks passed\nProcessing...\nUsing Node.js 20.19.4\nCache miss for key-8139\n[12:50:58] INFO: Starting build process\nVerifying...\n[12:50:58] ERROR: Connection failed\nTest Suites: 16 passed, 15 total\n  PASS: test_cache_hit (358ms)\n[12:50:58] DEBUG: Connection pool: 4 active\nGET /status - 201 (15ms)\nCache invalidated: dependencies\nUploading artifact 'dist' (5 files)\nFetching from https://github.com/package.json\n[12:50:58] DEBUG: Memory usage: 293MB\nBuilding Docker image...\nFinished.\n[12:50:58] ERROR: Connection failed\nCoverage: 98% statements, 97% branches\nCompiling src/main.py...\nCache invalidated: node_modules\nVerifying...\nMinifying main.js\n\u2713 Task completed in 112ms\nDone.\nWaiting...\nAlready up to date.\n\u2713 Step 'build' succeeded\n[12:50:58] ERROR: Connection failed\nSuccess!\nTest Suites: 5 passed, 44 total\nRan 136 tests in 59s\nArtifact uploaded: dist.zip (44MB)\nUsing Python 3.10\nCache invalidated: dependencies\nnpm install: added 168 packages\nTest Suites: 18 passed, 11 total\nnpm notice: package.json updated\nCompiling src/main.py...\n\u2713 Step 'install' succeeded\nException: NullPointerException\n[12:50:58] WARN: Deprecated API usage\nCoverage: 75% statements, 78% branches\nWaiting...\n\u2717 build failed with exit code 69\nFetching submodules...\n\u26a0 DEPRECATION: Feature will be removed in v2.0\nAlready up to date.\n  PASS: test_cache_hit (343ms)\nArtifact uploaded: build.tar.gz (29MB)\n[12:50:58] WARN: Deprecated API usage\n[12:50:58] DEBUG: Memory usage: 1539MB\nnpm install: added 78 packages\nStep 1/16: Linting\nStep 18/23: Testing\nCache restored successfully (205MB)\nWARNING: webpack has known vulnerabilities\nWARNING: webpack has known vulnerabilities\nBundling vendor.js\n[12:50:58] INFO: Connecting to database\nReady.\nTime: 97.612s\nCache restored successfully (324MB)\n=== Step unit_tests completed ===",
    "steps": [
      {
        "name": "save_cache",
        "status": "success",
        "started_at": "2025-11-23T12:50:57.929125",
        "finished_at": "2025-11-23T12:51:02.451434",
        "log_lines": [
          "=== Step: save_cache ===",
          "TLS handshake completed",
          "Connection established",
          "Cache invalidated: node_modules",
          "\u2713 All checks passed",
          "Building Docker image...",
          "Step 10/24: Linting",
          "TLS handshake completed",
          "Creating production build...",
          "Building Docker image...",
          "[12:50:57] INFO: Cache refreshed",
          "OK",
          "Compiling components/app.ts...",
          "Minifying main.js",
          "Step 18/15: Running migrations",
          "Completed.",
          "npm install: added 82 packages",
          "Compiling src/app.ts...",
          "Cache hit for key-9087",
          "  PASS: test_auth_login (74ms)",
          "\u2713 deploy completed",
          "OK",
          "Compiling components/service.java...",
          "[12:50:57] INFO: Processing request",
          "NODE_ENV=test",
          "[12:50:57] INFO: Processing request",
          "Artifact downloaded: 17MB",
          "[12:50:57] INFO: Starting build process",
          "yarn add: Done in 29.84s",
          "Step 18/23: Installing dependencies",
          "Cache saved successfully",
          "Building Docker image...",
          "Switched to branch 'bugfix/task-214'",
          "Image pulled successfully",
          "Transforming 658 files...",
          "Uploading artifact 'coverage' (45 files)",
          "Ready.",
          "[12:50:57] WARN: Deprecated API usage",
          "WARNING: prettier has known vulnerabilities",
          "\u2713 Task completed in 2155ms",
          "[12:50:57] INFO: Starting build process",
          "[12:50:57] ERROR: Connection failed",
          "npm notice: created a lockfile",
          "Pulling image: python:18",
          "\u26a0 DEPRECATION: Feature will be removed in v5.0",
          "GET /health - 200 (8ms)",
          "Completed.",
          "POST /upload - 202 (106ms)",
          "\u26a0 DEPRECATION: Feature will be removed in v2.0",
          "[12:50:57] WARN: Deprecated API usage",
          "Environment: staging",
          "Pulling image: node:3.11",
          "Image pulled successfully",
          "Success!",
          "[12:50:57] DEBUG: Initializing service",
          "Connection established",
          "Transforming 712 files...",
          "Minifying vendor.js",
          "Compiling utils/main.py...",
          "[12:50:57] DEBUG: Connection pool: 16 active",
          "Layer 2/15: ENV command",
          "[12:50:57] WARN: Deprecated API usage",
          "Environment: test",
          "Installing react@2.18.4",
          "[12:50:57] INFO: Processing request",
          "Bundling runtime.css",
          "Cache saved successfully",
          "\u2713 Step 'setup' succeeded",
          "Success!",
          "Connection established",
          "Exception: NullPointerException",
          "Fetching from https://pypi.org/package.json",
          "npm notice: package.json updated",
          "Ran 99 tests in 8s",
          "Platform: win32-x64",
          "Loading...",
          "Step 6/23: Building",
          "  PASS: unit/test_auth_login.spec.js",
          "Checking out master branch",
          "Waiting...",
          "Step 9/18: Testing",
          "npm install: resolved 1245 packages",
          "Step 17/20: Installing dependencies",
          "Coverage: 78% statements, 78% branches",
          "TLS handshake completed",
          "GET /health - 204 (23ms)",
          "[12:50:57] INFO: Connecting to database",
          "Snapshots: 5 passed, 42 total",
          "Environment: staging",
          "Step 13/24: Testing",
          "Cache hit for key-8031",
          "pip install: Successfully installed axios-3.5",
          "Loading...",
          "TLS handshake completed",
          "Tests: 157 passed, 84 total",
          "npm notice: package.json updated",
          "[12:50:57] INFO: Cache refreshed",
          "npm notice: package.json updated",
          "Minifying vendor.js",
          "[12:50:57] DEBUG: Loading configuration",
          "POST /upload - 201 (281ms)",
          "Success!",
          "OK",
          "Uploading artifact 'coverage' (28 files)",
          "Finished.",
          "Ready.",
          "=== Step save_cache completed ==="
        ]
      },
      {
        "name": "type_check",
        "status": "success",
        "started_at": "2025-11-23T12:51:02.451434",
        "finished_at": "2025-11-23T12:51:09.988615",
        "log_lines": [
          "=== Step: type_check ===",
          "pip install: Successfully installed react-1.14",
          "[12:50:57] WARN: Deprecated API usage",
          "Building Docker image...",
          "[12:50:57] WARN: Deprecated API usage",
          "WARNING: react has known vulnerabilities",
          "Compiling src/utils.go...",
          "  PASS: test_api_health (126ms)",
          "Compiling components/index.js...",
          "Step 14/16: Deploying",
          "[12:50:57] DEBUG: Query executed in 51ms",
          "Cache invalidated: dependencies",
          "Cache restored successfully (486MB)",
          "[12:50:57] INFO: Starting build process",
          "Compiling src/app.ts...",
          "Environment: production",
          "\u2713 Step 'build' succeeded",
          "NODE_ENV=production",
          "Creating production build...",
          "Platform: win32-x64",
          "Verifying...",
          "Cache hit for key-2447",
          "[12:50:57] INFO: Cache refreshed",
          "Exception: NullPointerException",
          "Tests: 279 passed, 406 total",
          "GET /health - 204 (90ms)",
          "Bundling styles.js",
          "FAILED: test_cache_hit",
          "npm install: resolved 107 packages",
          "Cache hit for key-7553",
          "Connection established",
          "[12:50:57] DEBUG: Initializing service",
          "WARNING: prettier has known vulnerabilities",
          "Pushing to registry...",
          "\u2713 package completed",
          "Waiting...",
          "Loading...",
          "\u2713 All checks passed",
          "npm notice: package.json updated",
          "Creating production build...",
          "[12:50:57] DEBUG: Initializing service",
          "  PASS: e2e/test_api_health.spec.js",
          "pip: Downloading jest-1.4.tar.gz",
          "Image pulled successfully",
          "Fetching from https://github.com/package.json",
          "[12:50:57] ERROR: Connection failed",
          "WARNING: lodash has known vulnerabilities",
          "GET /health - 204 (29ms)",
          "Step 4/23: Testing",
          "Image pulled successfully",
          "  PASS: test_user_create (461ms)",
          "Minifying main.js",
          "npm notice: created a lockfile",
          "WARNING: prettier has known vulnerabilities",
          "Test Suites: 7 passed, 22 total",
          "Fetching submodules...",
          "\u2713 Task completed in 3085ms",
          "Artifact downloaded: 16MB",
          "Compiling components/app.ts...",
          "Using Node.js 20.16.7",
          "Completed.",
          "Already up to date.",
          "Uploading artifact 'dist' (27 files)",
          "Cache invalidated: node_modules",
          "Step 5/15: Deploying",
          "[12:50:57] INFO: Cache refreshed",
          "npm notice: package.json updated",
          "TLS handshake completed",
          "Cache miss for key-8000",
          "WARNING: webpack has known vulnerabilities",
          "yarn add: Done in 29.60s",
          "OK",
          "POST /data - 202 (181ms)",
          "[12:50:57] WARN: Deprecated API usage",
          "\u2713 All checks passed",
          "[12:50:57] INFO: Processing request",
          "WARNING: axios has known vulnerabilities",
          "Step 18/15: Installing dependencies",
          "Step 2/21: Installing dependencies",
          "Cache saved successfully",
          "[12:50:57] WARN: Deprecated API usage",
          "Environment: production",
          "Completed.",
          "Pushing to registry...",
          "Exception: TypeError",
          "Image pulled successfully",
          "Cache restored successfully (347MB)",
          "npm notice: package.json updated",
          "Artifact uploaded: build.tar.gz (11MB)",
          "Layer 6/10: RUN command",
          "Step 14/25: Testing",
          "Completed.",
          "Compiling components/main.py...",
          "npm install: added 442 packages",
          "Step 7/15: Building",
          "Loading...",
          "\u2713 Step 'install' succeeded",
          "Step 8/18: Running migrations",
          "Tests: 451 passed, 79 total",
          "Time: 9.697s",
          "\u2713 build completed",
          "Loading...",
          "Artifact uploaded: build.tar.gz (5MB)",
          "[12:50:57] INFO: Processing request",
          "FAILED: test_user_create",
          "Connection established",
          "=== Step type_check completed ==="
        ]
      },
      {
        "name": "lint",
        "status": "success",
        "started_at": "2025-11-23T12:51:09.988615",
        "finished_at": "2025-11-23T12:51:17.525796",
        "log_lines": [
          "=== Step: lint ===",
          "Step 15/16: Installing dependencies",
          "Step 11/15: Running migrations",
          "[12:50:57] DEBUG: Connection pool: 11 active",
          "HEAD is now at 43c13fb",
          "[12:50:57] INFO: Connecting to database",
          "[12:50:57] INFO: Request completed",
          "Connection established",
          "\u26a0 DEPRECATION: Feature will be removed in v5.0",
          "Already up to date.",
          "Optimizing 16 modules...",
          "[12:50:57] DEBUG: Query executed in 57ms",
          "\u26a0 DEPRECATION: Feature will be removed in v2.0",
          "Compiling components/app.ts...",
          "Done.",
          "Artifact uploaded: dist.zip (19MB)",
          "[12:50:57] INFO: Starting build process",
          "Environment: test",
          "Step 20/23: Deploying",
          "Pulling image: node:latest",
          "Step 7/25: Installing dependencies",
          "Artifact uploaded: dist.zip (28MB)",
          "Done.",
          "pip install: Successfully installed eslint-2.1",
          "WARNING: eslint has known vulnerabilities",
          "pip install: Successfully installed express-5.10",
          "Building Docker image...",
          "Finished.",
          "Cache hit for key-3325",
          "Step 3/19: Running migrations",
          "Pushing to registry...",
          "Pushing to registry...",
          "Optimizing 64 modules...",
          "Pulling image: python:18",
          "Switched to branch 'hotfix/task-275'",
          "\u2713 All checks passed",
          "GET /health - 204 (23ms)",
          "HEAD is now at 5e61344",
          "Waiting...",
          "[12:50:57] DEBUG: Query executed in 25ms",
          "Platform: win32-x64",
          "Tests: 295 passed, 214 total",
          "Transforming 610 files...",
          "WARNING: webpack has known vulnerabilities",
          "Installing eslint@2.5.8",
          "Transforming 975 files...",
          "Processing...",
          "\u26a0 DEPRECATION: Feature will be removed in v5.0",
          "Already up to date.",
          "POST /data - 201 (391ms)",
          "Ready.",
          "Cache saved successfully",
          "  PASS: unit/test_db_connect.spec.js",
          "Fetching from https://github.com/package.json",
          "Compiling lib/service.java...",
          "npm notice: package.json updated",
          "pip install: Successfully installed webpack-1.4",
          "Step 6/20: Linting",
          "Bundling main.js",
          "npm notice: created a lockfile",
          "Generating source maps...",
          "Using Python 3.12",
          "Processing...",
          "Processing...",
          "Coverage: 79% statements, 96% branches",
          "Cache miss for key-3625",
          "Bundling vendor.css",
          "Already up to date.",
          "Artifact uploaded: build.tar.gz (18MB)",
          "NODE_ENV=test",
          "Test Suites: 11 passed, 45 total",
          "Ran 149 tests in 40s",
          "yarn add: Done in 13.73s",
          "Using Node.js 15.11.10",
          "Step 11/24: Building",
          "Step 11/18: Running migrations",
          "Artifact uploaded: dist.zip (83MB)",
          "Platform: linux-x64",
          "Connection established",
          "yarn add: Done in 11.37s",
          "Snapshots: 20 passed, 26 total",
          "Building Docker image...",
          "WARNING: lodash has known vulnerabilities",
          "yarn add: Done in 18.89s",
          "TLS handshake completed",
          "[12:50:57] DEBUG: Query executed in 26ms",
          "Checking out develop branch",
          "Success!",
          "\u2713 Task completed in 1416ms",
          "[12:50:57] INFO: Connecting to database",
          "Pulling image: alpine:18",
          "Ready.",
          "OK",
          "  PASS: e2e/test_cache_hit.spec.js",
          "Step 18/15: Linting",
          "WARNING: webpack has known vulnerabilities",
          "Using Node.js 20.13.9",
          "npm install: added 174 packages",
          "Time: 87.535s",
          "Test Suites: 14 passed, 17 total",
          "\u26a0 DEPRECATION: Feature will be removed in v3.0",
          "Time: 93.359s",
          "Cache restored successfully (260MB)",
          "Cache restored successfully (355MB)",
          "Loading...",
          "Platform: linux-x64",
          "=== Step lint completed ==="
        ]
      },
      {
        "name": "integration_tests",
        "status": "success",
        "started_at": "2025-11-23T12:51:17.525796",
        "finished_at": "2025-11-23T12:51:32.600159",
        "log_lines": [
          "=== Step: integration_tests ===",
          "Time: 40.458s",
          "\u2713 Step 'test' succeeded",
          "Cache miss for key-8018",
          "POST /upload - 201 (227ms)",
          "Fetching submodules...",
          "Creating production build...",
          "Done.",
          "Verifying...",
          "[12:50:57] INFO: Connecting to database",
          "Minifying main.js",
          "[12:50:57] DEBUG: Initializing service",
          "Step 3/18: Installing dependencies",
          "Compiling src/service.java...",
          "POST /data - 202 (164ms)",
          "Step 14/24: Building",
          "Already up to date.",
          "Step 4/20: Running migrations",
          "OK",
          "\u2713 All checks passed",
          "Step 4/17: Running migrations",
          "[12:50:57] DEBUG: Initializing service",
          "Completed.",
          "Success!",
          "Optimizing 86 modules...",
          "  PASS: e2e/test_cache_hit.spec.js",
          "Uploading artifact 'build' (50 files)",
          "Time: 32.620s",
          "NODE_ENV=test",
          "FAILED: test_db_connect",
          "[12:50:57] INFO: Request completed",
          "[12:50:57] DEBUG: Query executed in 95ms",
          "Step 14/20: Deploying",
          "Coverage: 70% statements, 88% branches",
          "[12:50:57] WARN: Deprecated API usage",
          "\u2713 deploy completed",
          "Compiling src/main.py...",
          "[12:50:57] DEBUG: Memory usage: 1863MB",
          "Cache restored successfully (360MB)",
          "Connection established",
          "Artifact downloaded: 13MB",
          "[12:50:57] INFO: Starting build process",
          "Step 9/20: Running migrations",
          "HEAD is now at 3241e8d",
          "\u2717 build failed with exit code 101",
          "[12:50:57] DEBUG: Memory usage: 1629MB",
          "[12:50:57] DEBUG: Connection pool: 7 active",
          "Transforming 588 files...",
          "Loading...",
          "Artifact uploaded: build.tar.gz (20MB)",
          "[12:50:57] INFO: Connecting to database",
          "NODE_ENV=development",
          "[12:50:57] INFO: Starting build process",
          "Building Docker image...",
          "pip install: Successfully installed axios-4.9",
          "Using Node.js 16.19.1",
          "Cache invalidated: build",
          "Building Docker image...",
          "Ran 199 tests in 44s",
          "Artifact uploaded: build.tar.gz (44MB)",
          "Step 17/21: Building",
          "pip: Installing build dependencies...",
          "Cache miss for key-1166",
          "POST /upload - 201 (494ms)",
          "npm notice: package.json updated",
          "Waiting...",
          "Minifying vendor.js",
          "npm notice: created a lockfile",
          "\u26a0 DEPRECATION: Feature will be removed in v5.0",
          "[12:50:57] INFO: Connecting to database",
          "Minifying app.js",
          "Optimizing 71 modules...",
          "Test Suites: 16 passed, 13 total",
          "Installing webpack@1.6.10",
          "Cache saved successfully",
          "Completed.",
          "Artifact downloaded: 33MB",
          "Environment: production",
          "Environment: staging",
          "Building Docker image...",
          "Using Python 3.12",
          "npm install: resolved 958 packages",
          "Step 8/15: Deploying",
          "FAILED: test_user_create",
          "yarn add: Done in 24.32s",
          "Processing...",
          "Coverage: 84% statements, 67% branches",
          "pip install: Successfully installed webpack-5.5",
          "Platform: linux-x64",
          "Ran 87 tests in 52s",
          "Generating source maps...",
          "[12:50:57] DEBUG: Connection pool: 3 active",
          "Cache saved successfully",
          "OK",
          "POST /api - 200 (61ms)",
          "\u2713 All checks passed",
          "Artifact uploaded: dist.zip (69MB)",
          "Platform: linux-x64",
          "[12:50:57] WARN: Deprecated API usage",
          "Step 7/15: Running migrations",
          "Success!",
          "Completed.",
          "Cache hit for key-4557",
          "Step 12/15: Running migrations",
          "Pushing to registry...",
          "[12:50:57] INFO: Request completed",
          "=== Step integration_tests completed ==="
        ]
      },
      {
        "name": "setup_environment",
        "status": "success",
        "started_at": "2025-11-23T12:51:32.600159",
        "finished_at": "2025-11-23T12:51:40.137340",
        "log_lines": [
          "=== Step: setup_environment ===",
          "\u2713 All checks passed",
          "npm notice: created a lockfile",
          "npm install: resolved 710 packages",
          "Environment: test",
          "  PASS: test_db_connect (316ms)",
          "Transforming 222 files...",
          "Coverage: 93% statements, 86% branches",
          "Pulling image: node:18",
          "npm notice: created a lockfile",
          "Checking out main branch",
          "Generating source maps...",
          "Compiling utils/utils.go...",
          "\u2713 package completed",
          "Cache hit for key-9009",
          "Minifying vendor.js",
          "pip: Collecting eslint",
          "Compiling lib/handler.rs...",
          "Done.",
          "OK",
          "Cache miss for key-3077",
          "Loading...",
          "\u2713 package completed",
          "Step 2/24: Installing dependencies",
          "npm notice: created a lockfile",
          "Loading...",
          "WARNING: eslint has known vulnerabilities",
          "Fetching submodules...",
          "Artifact downloaded: 2MB",
          "Snapshots: 9 passed, 30 total",
          "yarn add: Done in 1.26s",
          "Creating production build...",
          "Snapshots: 4 passed, 2 total",
          "Time: 66.707s",
          "\u2713 Step 'setup' succeeded",
          "Cache miss for key-5856",
          "Uploading artifact 'dist' (8 files)",
          "Tests: 488 passed, 257 total",
          "Layer 4/15: COPY command",
          "Step 7/18: Running migrations",
          "Fetching submodules...",
          "Exception: TypeError",
          "Step 20/19: Building",
          "Cache saved successfully",
          "Layer 4/8: COPY command",
          "Success!",
          "HEAD is now at 6f6af64",
          "\u2713 All checks passed",
          "Installing webpack@5.6.4",
          "Creating production build...",
          "Cache saved successfully",
          "npm install: resolved 1125 packages",
          "Coverage: 85% statements, 82% branches",
          "pip: Collecting react",
          "Compiling src/index.js...",
          "[12:50:57] ERROR: Connection failed",
          "Generating source maps...",
          "\u2713 deploy completed",
          "Building Docker image...",
          "Time: 56.112s",
          "Fetching from https://gcr.io/package.json",
          "[12:50:57] DEBUG: Query executed in 92ms",
          "Switched to branch 'feature/task-441'",
          "WARNING: express has known vulnerabilities",
          "Finished.",
          "Completed.",
          "Success!",
          "WARNING: prettier has known vulnerabilities",
          "Step 18/22: Installing dependencies",
          "Cache restored successfully (10MB)",
          "Cache invalidated: node_modules",
          "Already up to date.",
          "Compiling lib/index.js...",
          "yarn add: Done in 20.80s",
          "Checking out main branch",
          "\u26a0 DEPRECATION: Feature will be removed in v5.0",
          "[12:50:57] WARN: Deprecated API usage",
          "[12:50:57] ERROR: Connection failed",
          "Step 4/25: Building",
          "Ran 102 tests in 52s",
          "Compiling components/app.ts...",
          "Installing webpack@4.5.0",
          "Step 13/21: Testing",
          "pip: Installing build dependencies...",
          "NODE_ENV=production",
          "Cache saved successfully",
          "[12:50:57] INFO: Starting build process",
          "Time: 118.608s",
          "Cache hit for key-8206",
          "yarn add: Done in 18.66s",
          "Pulling image: alpine:18",
          "Fetching from https://npmjs.org/package.json",
          "Cache invalidated: dependencies",
          "Snapshots: 47 passed, 8 total",
          "Cache saved successfully",
          "Loading...",
          "Ran 152 tests in 50s",
          "Processing...",
          "Loading...",
          "WARNING: webpack has known vulnerabilities",
          "Pushing to registry...",
          "[12:50:57] DEBUG: Loading configuration",
          "Completed.",
          "NODE_ENV=test",
          "Connection established",
          "Artifact uploaded: dist.zip (79MB)",
          "=== Step setup_environment completed ==="
        ]
      },
      {
        "name": "restore_cache",
        "status": "success",
        "started_at": "2025-11-23T12:51:40.137340",
        "finished_at": "2025-11-23T12:51:44.659649",
        "log_lines": [
          "=== Step: restore_cache ===",
          "Building Docker image...",
          "Tests: 278 passed, 151 total",
          "  PASS: test_db_connect (194ms)",
          "Cache invalidated: dependencies",
          "Compiling lib/app.ts...",
          "Fetching submodules...",
          "Waiting...",
          "Artifact downloaded: 26MB",
          "Minifying vendor.js",
          "  PASS: test_auth_login (200ms)",
          "Verifying...",
          "npm notice: package.json updated",
          "\u2717 build failed with exit code 18",
          "\u2713 All checks passed",
          "Optimizing 52 modules...",
          "\u2713 Step 'install' succeeded",
          "Artifact uploaded: build.tar.gz (31MB)",
          "Step 20/16: Linting",
          "Building Docker image...",
          "Environment: test",
          "Checking out main branch",
          "HEAD is now at a2fb791",
          "Pulling image: python:18",
          "Compiling utils/index.js...",
          "Processing...",
          "Connection established",
          "Success!",
          "Transforming 955 files...",
          "yarn add: Done in 3.34s",
          "pip: Installing build dependencies...",
          "[12:50:57] DEBUG: Memory usage: 179MB",
          "pip: Installing build dependencies...",
          "Cache invalidated: dependencies",
          "Artifact downloaded: 3MB",
          "pip: Installing build dependencies...",
          "[12:50:57] INFO: Processing request",
          "pip: Downloading eslint-1.15.tar.gz",
          "Artifact uploaded: dist.zip (33MB)",
          "[12:50:57] WARN: Deprecated API usage",
          "NODE_ENV=production",
          "Step 14/19: Testing",
          "Time: 105.979s",
          "Generating source maps...",
          "Cache invalidated: dependencies",
          "NODE_ENV=production",
          "npm notice: created a lockfile",
          "Ran 175 tests in 35s",
          "Compiling lib/service.java...",
          "Step 17/17: Deploying",
          "Done.",
          "Time: 9.807s",
          "Compiling src/index.js...",
          "Cache miss for key-4313",
          "  PASS: test_db_connect (443ms)",
          "Platform: darwin-arm64",
          "Coverage: 91% statements, 93% branches",
          "WARNING: lodash has known vulnerabilities",
          "HEAD is now at 405c5ad",
          "OK",
          "Pulling image: alpine:latest",
          "Artifact uploaded: build.tar.gz (41MB)",
          "Artifact downloaded: 12MB",
          "Environment: production",
          "Pushing to registry...",
          "Step 13/22: Linting",
          "Cache restored successfully (410MB)",
          "\u26a0 DEPRECATION: Feature will be removed in v5.0",
          "Creating production build...",
          "Loading...",
          "Compiling src/app.ts...",
          "pip: Downloading eslint-1.7.tar.gz",
          "Switched to branch 'feature/task-769'",
          "Bundling main.css",
          "pip: Downloading eslint-4.10.tar.gz",
          "Minifying main.js",
          "NODE_ENV=development",
          "yarn add: Done in 10.85s",
          "Artifact downloaded: 20MB",
          "Snapshots: 44 passed, 27 total",
          "Ran 142 tests in 43s",
          "Step 11/23: Installing dependencies",
          "[12:50:57] DEBUG: Memory usage: 106MB",
          "Step 14/21: Linting",
          "Verifying...",
          "Minifying app.js",
          "WARNING: react has known vulnerabilities",
          "WARNING: eslint has known vulnerabilities",
          "npm notice: package.json updated",
          "npm notice: created a lockfile",
          "Step 14/16: Deploying",
          "npm notice: created a lockfile",
          "[12:50:57] DEBUG: Initializing service",
          "Layer 1/13: ENV command",
          "Cache hit for key-8609",
          "[12:50:57] WARN: Deprecated API usage",
          "\u26a0 DEPRECATION: Feature will be removed in v3.0",
          "npm install: added 291 packages",
          "GET /health - 200 (47ms)",
          "[12:50:57] WARN: Deprecated API usage",
          "FAILED: test_db_connect",
          "Generating source maps...",
          "Verifying...",
          "pip: Installing build dependencies...",
          "[12:50:57] ERROR: Connection failed",
          "[12:50:57] DEBUG: Memory usage: 1759MB",
          "=== Step restore_cache completed ==="
        ]
      },
      {
        "name": "deploy_staging",
        "status": "success",
        "started_at": "2025-11-23T12:51:44.659649",
        "finished_at": "2025-11-23T12:51:52.196830",
        "log_lines": [
          "=== Step: deploy_staging ===",
          "Processing...",
          "\u2713 All checks passed",
          "pip: Collecting react",
          "Pushing to registry...",
          "[12:50:57] INFO: Starting build process",
          "Test Suites: 44 passed, 44 total",
          "Step 15/21: Testing",
          "Verifying...",
          "POST /upload - 202 (236ms)",
          "pip install: Successfully installed jest-5.17",
          "Processing...",
          "\u2713 All checks passed",
          "Step 16/22: Installing dependencies",
          "npm notice: created a lockfile",
          "Step 8/15: Installing dependencies",
          "Using Node.js 15.18.0",
          "Image pulled successfully",
          "[12:50:57] INFO: Connecting to database",
          "Cache saved successfully",
          "pip: Collecting webpack",
          "[12:50:57] DEBUG: Loading configuration",
          "Cache miss for key-4717",
          "Compiling src/utils.go...",
          "Cache saved successfully",
          "Image pulled successfully",
          "[12:50:57] INFO: Processing request",
          "[12:50:57] INFO: Connecting to database",
          "yarn add: Done in 10.20s",
          "Artifact uploaded: build.tar.gz (29MB)",
          "npm notice: created a lockfile",
          "Step 8/21: Running migrations",
          "[12:50:57] WARN: Deprecated API usage",
          "Loading...",
          "Optimizing 38 modules...",
          "  PASS: integration/test_api_health.spec.js",
          "\u2713 Task completed in 4420ms",
          "\u26a0 DEPRECATION: Feature will be removed in v4.0",
          "[12:50:57] INFO: Request completed",
          "[12:50:57] INFO: Cache refreshed",
          "TLS handshake completed",
          "Step 17/21: Deploying",
          "Artifact downloaded: 29MB",
          "Compiling utils/app.ts...",
          "\u2713 Step 'test' succeeded",
          "WARNING: prettier has known vulnerabilities",
          "npm install: resolved 894 packages",
          "Compiling utils/handler.rs...",
          "Compiling components/index.js...",
          "Transforming 898 files...",
          "Platform: win32-x64",
          "Fetching from https://docker.io/package.json",
          "npm install: resolved 168 packages",
          "Tests: 184 passed, 130 total",
          "Already up to date.",
          "Switched to branch 'hotfix/task-799'",
          "Using Node.js 16.10.2",
          "npm notice: created a lockfile",
          "HEAD is now at ccfe299",
          "Tests: 307 passed, 441 total",
          "[12:50:57] INFO: Request completed",
          "Image pulled successfully",
          "Success!",
          "npm install: resolved 1041 packages",
          "[12:50:57] INFO: Starting build process",
          "Cache invalidated: dependencies",
          "Layer 10/13: COPY command",
          "pip: Downloading axios-5.3.tar.gz",
          "Fetching from https://docker.io/package.json",
          "  PASS: unit/test_auth_login.spec.js",
          "[12:50:57] ERROR: Connection failed",
          "Cache invalidated: build",
          "Connection established",
          "Step 10/23: Testing",
          "Step 10/21: Building",
          "Compiling src/service.java...",
          "Ran 130 tests in 35s",
          "[12:50:57] INFO: Connecting to database",
          "Compiling lib/service.java...",
          "Compiling components/service.java...",
          "Fetching submodules...",
          "HEAD is now at e666461",
          "WARNING: react has known vulnerabilities",
          "Completed.",
          "Waiting...",
          "Generating source maps...",
          "NODE_ENV=production",
          "Ready.",
          "Cache miss for key-1654",
          "[12:50:57] WARN: Deprecated API usage",
          "Layer 2/8: ENV command",
          "npm notice: created a lockfile",
          "pip: Collecting jest",
          "Compiling components/app.ts...",
          "Pushing to registry...",
          "[12:50:57] DEBUG: Loading configuration",
          "Success!",
          "Cache miss for key-6263",
          "Success!",
          "Pushing to registry...",
          "Success!",
          "\u26a0 DEPRECATION: Feature will be removed in v2.0",
          "Image pulled successfully",
          "\u2717 build failed with exit code 4",
          "  PASS: test_cache_hit (353ms)",
          "\u2713 Task completed in 2958ms",
          "=== Step deploy_staging completed ==="
        ]
      },
      {
        "name": "setup_node",
        "status": "success",
        "started_at": "2025-11-23T12:51:52.196830",
        "finished_at": "2025-11-23T12:51:59.734011",
        "log_lines": [
          "=== Step: setup_node ===",
          "Exception: TypeError",
          "Transforming 976 files...",
          "[12:50:57] WARN: Deprecated API usage",
          "Layer 10/8: RUN command",
          "Compiling utils/service.java...",
          "yarn add: Done in 30.53s",
          "[12:50:57] ERROR: Connection failed",
          "Success!",
          "Time: 48.534s",
          "TLS handshake completed",
          "Cache saved successfully",
          "Ready.",
          "Using Node.js 14.12.4",
          "Time: 4.16s",
          "\u2713 All checks passed",
          "[12:50:57] INFO: Starting build process",
          "npm install: resolved 180 packages",
          "Cache hit for key-7806",
          "[12:50:57] INFO: Request completed",
          "Image pulled successfully",
          "Switched to branch 'hotfix/task-545'",
          "POST /data - 200 (325ms)",
          "Using Python 3.9",
          "\u2713 All checks passed",
          "GET /status - 204 (7ms)",
          "pip: Installing build dependencies...",
          "Ready.",
          "[12:50:57] DEBUG: Connection pool: 10 active",
          "Using Node.js 15.10.6",
          "[12:50:57] DEBUG: Connection pool: 3 active",
          "Step 10/18: Deploying",
          "Bundling vendor.css",
          "Optimizing 37 modules...",
          "\u26a0 DEPRECATION: Feature will be removed in v3.0",
          "TLS handshake completed",
          "\u2717 build failed with exit code 77",
          "Environment: production",
          "Artifact downloaded: 25MB",
          "GET /api - 201 (25ms)",
          "Artifact downloaded: 20MB",
          "Checking out develop branch",
          "WARNING: axios has known vulnerabilities",
          "Processing...",
          "[12:50:57] DEBUG: Memory usage: 1646MB",
          "TLS handshake completed",
          "GET /status - 204 (64ms)",
          "Generating source maps...",
          "Loading...",
          "Building Docker image...",
          "Cache hit for key-9936",
          "Cache saved successfully",
          "Platform: linux-x64",
          "Compiling utils/index.js...",
          "Verifying...",
          "[12:50:57] WARN: Deprecated API usage",
          "Step 13/21: Testing",
          "Compiling lib/app.ts...",
          "Step 7/15: Testing",
          "[12:50:57] INFO: Starting build process",
          "\u26a0 DEPRECATION: Feature will be removed in v3.0",
          "[12:50:57] DEBUG: Memory usage: 840MB",
          "Step 5/15: Running migrations",
          "\u26a0 DEPRECATION: Feature will be removed in v4.0",
          "Verifying...",
          "Step 20/25: Installing dependencies",
          "[12:50:57] WARN: Deprecated API usage",
          "Image pulled successfully",
          "\u2713 All checks passed",
          "npm notice: created a lockfile",
          "\u2713 Task completed in 4498ms",
          "Platform: darwin-arm64",
          "\u2713 validate completed",
          "Compiling components/index.js...",
          "\u2713 Step 'setup' succeeded",
          "Completed.",
          "TLS handshake completed",
          "Cache restored successfully (129MB)",
          "Finished.",
          "HEAD is now at d1478d2",
          "pip install: Successfully installed prettier-4.7",
          "Cache saved successfully",
          "Step 6/22: Running migrations",
          "Uploading artifact 'build' (1 files)",
          "[12:50:57] INFO: Processing request",
          "\u2713 build completed",
          "Uploading artifact 'coverage' (29 files)",
          "Fetching submodules...",
          "Artifact downloaded: 25MB",
          "Artifact uploaded: dist.zip (31MB)",
          "yarn add: Done in 25.34s",
          "  PASS: integration/test_auth_login.spec.js",
          "\u2713 Task completed in 3269ms",
          "npm notice: created a lockfile",
          "Step 13/20: Linting",
          "Checking out develop branch",
          "Cache miss for key-1807",
          "pip: Downloading jest-5.13.tar.gz",
          "\u26a0 DEPRECATION: Feature will be removed in v2.0",
          "Already up to date.",
          "Artifact downloaded: 31MB",
          "Image pulled successfully",
          "Pushing to registry...",
          "Switched to branch 'bugfix/task-657'",
          "Tests: 91 passed, 257 total",
          "Processing...",
          "=== Step setup_node completed ==="
        ]
      },
      {
        "name": "deploy_production",
        "status": "success",
        "started_at": "2025-11-23T12:51:59.734011",
        "finished_at": "2025-11-23T12:52:02.748884",
        "log_lines": [
          "=== Step: deploy_production ===",
          "POST /api - 200 (441ms)",
          "Compiling src/service.java...",
          "[12:50:57] WARN: Deprecated API usage",
          "HEAD is now at 4e514d2",
          "[12:50:57] INFO: Processing request",
          "Compiling utils/handler.rs...",
          "[12:50:57] INFO: Starting build process",
          "Bundling runtime.js",
          "Artifact downloaded: 1MB",
          "Compiling src/service.java...",
          "Snapshots: 21 passed, 32 total",
          "\u2713 All checks passed",
          "Uploading artifact 'build' (18 files)",
          "Fetching from https://docker.io/package.json",
          "Compiling src/main.py...",
          "pip: Downloading jest-5.9.tar.gz",
          "HEAD is now at 01a71e5",
          "[12:50:57] DEBUG: Loading configuration",
          "Ran 184 tests in 58s",
          "pip: Downloading webpack-3.2.tar.gz",
          "Uploading artifact 'build' (50 files)",
          "[12:50:57] DEBUG: Connection pool: 5 active",
          "Fetching from https://registry.npmjs.org/package.json",
          "\u2713 Task completed in 1022ms",
          "Coverage: 94% statements, 88% branches",
          "[12:50:57] DEBUG: Memory usage: 1887MB",
          "Checking out main branch",
          "Compiling components/handler.rs...",
          "[12:50:57] WARN: Deprecated API usage",
          "Loading...",
          "Generating source maps...",
          "[12:50:57] INFO: Cache refreshed",
          "Verifying...",
          "Using Python 3.9",
          "WARNING: express has known vulnerabilities",
          "Verifying...",
          "Step 1/17: Linting",
          "npm notice: package.json updated",
          "npm install: resolved 1127 packages",
          "Creating production build...",
          "Ran 133 tests in 27s",
          "[12:50:57] DEBUG: Initializing service",
          "[12:50:57] DEBUG: Connection pool: 18 active",
          "[12:50:57] INFO: Request completed",
          "[12:50:57] INFO: Starting build process",
          "[12:50:57] INFO: Connecting to database",
          "\u2713 lint completed",
          "npm install: added 367 packages",
          "Image pulled successfully",
          "Success!",
          "Compiling components/service.java...",
          "WARNING: eslint has known vulnerabilities",
          "npm notice: package.json updated",
          "Cache restored successfully (436MB)",
          "Compiling utils/service.java...",
          "Transforming 834 files...",
          "Optimizing 72 modules...",
          "  PASS: unit/test_auth_login.spec.js",
          "Loading...",
          "Using Python 3.10",
          "[12:50:57] INFO: Cache refreshed",
          "Cache invalidated: dependencies",
          "Loading...",
          "npm notice: package.json updated",
          "Fetching from https://github.com/package.json",
          "Verifying...",
          "Exception: TypeError",
          "Uploading artifact 'build' (40 files)",
          "Cache saved successfully",
          "TLS handshake completed",
          "Checking out main branch",
          "[12:50:57] WARN: Deprecated API usage",
          "pip install: Successfully installed webpack-1.6",
          "NODE_ENV=development",
          "Artifact uploaded: dist.zip (25MB)",
          "pip install: Successfully installed express-3.19",
          "WARNING: prettier has known vulnerabilities",
          "GET /status - 200 (56ms)",
          "Cache restored successfully (100MB)",
          "Compiling components/main.py...",
          "Environment: staging",
          "[12:50:57] DEBUG: Loading configuration",
          "Compiling lib/service.java...",
          "Time: 85.26s",
          "Step 10/15: Testing",
          "Processing...",
          "Pulling image: python:3.11",
          "GET /api - 200 (96ms)",
          "Success!",
          "NODE_ENV=production",
          "Bundling main.css",
          "Generating source maps...",
          "Layer 10/9: COPY command",
          "Exception: TypeError",
          "Step 8/16: Building",
          "Done.",
          "Tests: 294 passed, 334 total",
          "HEAD is now at cca9e5a",
          "[12:50:57] INFO: Starting build process",
          "npm notice: package.json updated",
          "Image pulled successfully",
          "Step 19/22: Deploying",
          "Time: 114.896s",
          "FAILED: test_db_connect",
          "HEAD is now at a6dc19b",
          "=== Step deploy_production completed ==="
        ]
      },
      {
        "name": "build",
        "status": "success",
        "started_at": "2025-11-23T12:52:02.748884",
        "finished_at": "2025-11-23T12:52:25.360428",
        "log_lines": [
          "=== Step: build ===",
          "Environment: development",
          "Checking out develop branch",
          "\u2717 build failed with exit code 21",
          "Already up to date.",
          "Coverage: 70% statements, 87% branches",
          "Step 10/23: Installing dependencies",
          "Cache invalidated: node_modules",
          "[12:50:57] DEBUG: Loading configuration",
          "\u2713 validate completed",
          "npm install: resolved 1907 packages",
          "[12:50:57] INFO: Starting build process",
          "[12:50:57] DEBUG: Connection pool: 16 active",
          "Done.",
          "Compiling src/utils.go...",
          "Using Node.js 19.3.10",
          "Cache restored successfully (350MB)",
          "\u26a0 DEPRECATION: Feature will be removed in v4.0",
          "Ready.",
          "Pushing to registry...",
          "NODE_ENV=test",
          "Loading...",
          "\u26a0 DEPRECATION: Feature will be removed in v4.0",
          "Already up to date.",
          "[12:50:57] DEBUG: Initializing service",
          "  PASS: test_auth_login (174ms)",
          "Finished.",
          "  PASS: test_api_health (61ms)",
          "\u2713 Task completed in 1617ms",
          "Time: 69.774s",
          "Uploading artifact 'dist' (19 files)",
          "[12:50:57] DEBUG: Initializing service",
          "[12:50:57] INFO: Request completed",
          "Verifying...",
          "WARNING: webpack has known vulnerabilities",
          "[12:50:57] DEBUG: Loading configuration",
          "WARNING: eslint has known vulnerabilities",
          "Step 10/17: Linting",
          "Compiling utils/utils.go...",
          "Compiling components/main.py...",
          "  PASS: integration/test_auth_login.spec.js",
          "NODE_ENV=production",
          "Layer 2/13: ENV command",
          "Artifact downloaded: 32MB",
          "WARNING: webpack has known vulnerabilities",
          "Cache saved successfully",
          "[12:50:57] DEBUG: Query executed in 38ms",
          "[12:50:57] INFO: Processing request",
          "Already up to date.",
          "Verifying...",
          "Cache invalidated: build",
          "Pulling image: node:18",
          "Generating source maps...",
          "[12:50:57] WARN: Deprecated API usage",
          "Finished.",
          "HEAD is now at c1dec98",
          "\u2713 Step 'checkout' succeeded",
          "Compiling utils/main.py...",
          "\u2713 All checks passed",
          "Waiting...",
          "NODE_ENV=test",
          "Transforming 551 files...",
          "Transforming 194 files...",
          "Exception: NullPointerException",
          "Success!",
          "\u2713 Step 'install' succeeded",
          "Fetching from https://gcr.io/package.json",
          "NODE_ENV=production",
          "Platform: linux-x64",
          "Layer 10/10: ENV command",
          "Installing eslint@2.20.0",
          "Cache invalidated: dependencies",
          "Test Suites: 19 passed, 40 total",
          "Generating source maps...",
          "Building Docker image...",
          "Image pulled successfully",
          "\u2713 lint completed",
          "Minifying main.js",
          "WARNING: axios has known vulnerabilities",
          "GET /status - 201 (51ms)",
          "Compiling src/service.java...",
          "Ran 15 tests in 48s",
          "Done.",
          "  PASS: test_api_health (310ms)",
          "pip: Installing build dependencies...",
          "Cache restored successfully (89MB)",
          "npm install: resolved 459 packages",
          "npm install: resolved 857 packages",
          "Tests: 246 passed, 375 total",
          "Uploading artifact 'coverage' (5 files)",
          "pip: Downloading prettier-5.7.tar.gz",
          "Using Node.js 17.20.10",
          "Time: 116.597s",
          "npm install: resolved 1328 packages",
          "\u2713 Task completed in 4839ms",
          "Tests: 379 passed, 87 total",
          "FAILED: test_cache_hit",
          "[12:50:58] ERROR: Connection failed",
          "[12:50:58] DEBUG: Connection pool: 18 active",
          "Fetching submodules...",
          "pip install: Successfully installed lodash-4.15",
          "Creating production build...",
          "Compiling utils/utils.go...",
          "POST /upload - 202 (39ms)",
          "[12:50:58] INFO: Request completed",
          "[12:50:58] DEBUG: Memory usage: 1125MB",
          "=== Step build completed ==="
        ]
      },
      {
        "name": "upload_artifacts",
        "status": "success",
        "started_at": "2025-11-23T12:52:25.360428",
        "finished_at": "2025-11-23T12:52:32.897609",
        "log_lines": [
          "=== Step: upload_artifacts ===",
          "npm notice: package.json updated",
          "Creating production build...",
          "Creating production build...",
          "Creating production build...",
          "[12:50:58] INFO: Starting build process",
          "Building Docker image...",
          "\u2713 package completed",
          "pip: Installing build dependencies...",
          "npm notice: package.json updated",
          "Step 19/18: Deploying",
          "GET /health - 200 (8ms)",
          "[12:50:58] INFO: Starting build process",
          "\u2713 All checks passed",
          "Cache restored successfully (178MB)",
          "WARNING: lodash has known vulnerabilities",
          "yarn add: Done in 7.56s",
          "  PASS: integration/test_cache_hit.spec.js",
          "pip install: Successfully installed webpack-5.8",
          "Processing...",
          "Bundling main.js",
          "yarn add: Done in 16.44s",
          "Layer 3/10: RUN command",
          "Ready.",
          "Compiling lib/service.java...",
          "pip: Installing build dependencies...",
          "Completed.",
          "Minifying vendor.js",
          "Image pulled successfully",
          "TLS handshake completed",
          "Pushing to registry...",
          "[12:50:58] DEBUG: Initializing service",
          "Image pulled successfully",
          "TLS handshake completed",
          "Compiling lib/handler.rs...",
          "Fetching submodules...",
          "Compiling src/utils.go...",
          "\u2713 deploy completed",
          "Cache miss for key-8269",
          "Ran 17 tests in 38s",
          "[12:50:58] WARN: Deprecated API usage",
          "Fetching submodules...",
          "OK",
          "Cache restored successfully (161MB)",
          "[12:50:58] INFO: Processing request",
          "Generating source maps...",
          "\u2713 Step 'checkout' succeeded",
          "\u2713 Step 'test' succeeded",
          "[12:50:58] INFO: Connecting to database",
          "  PASS: test_db_connect (346ms)",
          "Step 2/23: Linting",
          "pip install: Successfully installed lodash-2.5",
          "Platform: win32-x64",
          "Optimizing 81 modules...",
          "\u2717 build failed with exit code 103",
          "  PASS: test_auth_login (48ms)",
          "Compiling components/main.py...",
          "Processing...",
          "[12:50:58] DEBUG: Query executed in 2ms",
          "Step 2/16: Installing dependencies",
          "Uploading artifact 'coverage' (26 files)",
          "Artifact uploaded: dist.zip (56MB)",
          "pip install: Successfully installed lodash-1.18",
          "[12:50:58] DEBUG: Memory usage: 1587MB",
          "npm notice: package.json updated",
          "Cache hit for key-4068",
          "\u2713 Step 'checkout' succeeded",
          "pip install: Successfully installed axios-4.7",
          "POST /api - 201 (41ms)",
          "\u2713 Step 'build' succeeded",
          "[12:50:58] INFO: Processing request",
          "Ran 176 tests in 8s",
          "[12:50:58] DEBUG: Connection pool: 20 active",
          "\u2713 All checks passed",
          "OK",
          "Step 5/18: Building",
          "Step 20/15: Testing",
          "Time: 81.729s",
          "npm notice: created a lockfile",
          "Cache restored successfully (375MB)",
          "WARNING: axios has known vulnerabilities",
          "[12:50:58] WARN: Deprecated API usage",
          "\u2713 test completed",
          "\u2713 Step 'install' succeeded",
          "Exception: TypeError",
          "Artifact uploaded: dist.zip (74MB)",
          "npm notice: created a lockfile",
          "Artifact uploaded: build.tar.gz (46MB)",
          "pip: Collecting express",
          "Layer 5/10: COPY command",
          "Connection established",
          "Exception: ValueError",
          "Cache miss for key-8113",
          "Fetching submodules...",
          "Snapshots: 46 passed, 5 total",
          "[12:50:58] INFO: Processing request",
          "Tests: 217 passed, 411 total",
          "Compiling lib/index.js...",
          "[12:50:58] DEBUG: Loading configuration",
          "Compiling utils/main.py...",
          "Artifact uploaded: dist.zip (56MB)",
          "[12:50:58] DEBUG: Memory usage: 977MB",
          "Processing...",
          "Switched to branch 'bugfix/task-767'",
          "Snapshots: 49 passed, 46 total",
          "Compiling lib/index.js...",
          "=== Step upload_artifacts completed ==="
        ]
      },
      {
        "name": "install_dependencies",
        "status": "success",
        "started_at": "2025-11-23T12:52:32.897609",
        "finished_at": "2025-11-23T12:52:55.509153",
        "log_lines": [
          "=== Step: install_dependencies ===",
          "Checking out master branch",
          "Minifying app.js",
          "pip: Downloading prettier-2.5.tar.gz",
          "\u2713 All checks passed",
          "pip: Collecting axios",
          "\u2713 Task completed in 798ms",
          "Compiling utils/utils.go...",
          "Step 6/20: Running migrations",
          "Cache hit for key-1635",
          "Ran 143 tests in 36s",
          "Transforming 513 files...",
          "Finished.",
          "Artifact uploaded: dist.zip (78MB)",
          "Environment: staging",
          "\u2713 Task completed in 4381ms",
          "[12:50:58] DEBUG: Loading configuration",
          "[12:50:58] INFO: Cache refreshed",
          "[12:50:58] DEBUG: Loading configuration",
          "\u2713 Step 'build' succeeded",
          "Checking out develop branch",
          "Artifact uploaded: build.tar.gz (15MB)",
          "Completed.",
          "Fetching submodules...",
          "Generating source maps...",
          "Already up to date.",
          "Time: 43.164s",
          "Step 13/17: Deploying",
          "Switched to branch 'hotfix/task-832'",
          "Cache hit for key-2016",
          "Step 14/23: Testing",
          "Test Suites: 8 passed, 26 total",
          "Pushing to registry...",
          "[12:50:58] INFO: Connecting to database",
          "Coverage: 78% statements, 71% branches",
          "pip: Installing build dependencies...",
          "Artifact uploaded: dist.zip (94MB)",
          "Artifact downloaded: 23MB",
          "Step 16/23: Linting",
          "WARNING: eslint has known vulnerabilities",
          "HEAD is now at 88d4b90",
          "Done.",
          "pip: Downloading express-2.2.tar.gz",
          "[12:50:58] INFO: Starting build process",
          "[12:50:58] WARN: Deprecated API usage",
          "Cache saved successfully",
          "Step 11/15: Testing",
          "npm notice: created a lockfile",
          "\u2713 Step 'install' succeeded",
          "Completed.",
          "[12:50:58] INFO: Request completed",
          "Optimizing 84 modules...",
          "\u26a0 DEPRECATION: Feature will be removed in v4.0",
          "POST /data - 200 (111ms)",
          "[12:50:58] DEBUG: Query executed in 20ms",
          "Checking out develop branch",
          "Artifact uploaded: build.tar.gz (31MB)",
          "Artifact downloaded: 11MB",
          "Waiting...",
          "WARNING: axios has known vulnerabilities",
          "Ready.",
          "Cache restored successfully (116MB)",
          "Minifying vendor.js",
          "Step 9/25: Installing dependencies",
          "Using Node.js 16.6.10",
          "Step 5/16: Testing",
          "Compiling components/service.java...",
          "Using Python 3.9",
          "Checking out main branch",
          "Cache invalidated: dependencies",
          "[12:50:58] WARN: Deprecated API usage",
          "Cache hit for key-3293",
          "Exception: RuntimeError",
          "[12:50:58] INFO: Cache refreshed",
          "Ready.",
          "Image pulled successfully",
          "Already up to date.",
          "npm install: resolved 496 packages",
          "[12:50:58] DEBUG: Loading configuration",
          "Bundling styles.css",
          "Compiling components/main.py...",
          "pip install: Successfully installed express-3.2",
          "FAILED: test_user_create",
          "Pulling image: python:3.11",
          "  PASS: test_db_connect (349ms)",
          "[12:50:58] DEBUG: Query executed in 87ms",
          "Cache restored successfully (400MB)",
          "Time: 47.924s",
          "Switched to branch 'feature/task-656'",
          "[12:50:58] WARN: Deprecated API usage",
          "Step 6/22: Linting",
          "Processing...",
          "WARNING: jest has known vulnerabilities",
          "Test Suites: 50 passed, 45 total",
          "[12:50:58] ERROR: Connection failed",
          "npm notice: created a lockfile",
          "Uploading artifact 'dist' (13 files)",
          "Exception: ValueError",
          "WARNING: axios has known vulnerabilities",
          "WARNING: eslint has known vulnerabilities",
          "Environment: test",
          "WARNING: prettier has known vulnerabilities",
          "Snapshots: 16 passed, 16 total",
          "Platform: darwin-arm64",
          "GET /status - 204 (98ms)",
          "Completed.",
          "=== Step install_dependencies completed ==="
        ]
      },
      {
        "name": "checkout",
        "status": "success",
        "started_at": "2025-11-23T12:52:55.509153",
        "finished_at": "2025-11-23T12:52:58.524026",
        "log_lines": [
          "=== Step: checkout ===",
          "\u2713 Task completed in 4848ms",
          "Coverage: 74% statements, 64% branches",
          "Compiling components/service.java...",
          "Bundling vendor.css",
          "\u2713 Step 'setup' succeeded",
          "Step 20/19: Testing",
          "Fetching submodules...",
          "Artifact downloaded: 42MB",
          "\u2713 All checks passed",
          "[12:50:58] WARN: Deprecated API usage",
          "Test Suites: 42 passed, 10 total",
          "Ready.",
          "Minifying app.js",
          "Step 16/22: Building",
          "Step 16/16: Deploying",
          "Minifying vendor.js",
          "npm install: resolved 912 packages",
          "Waiting...",
          "GET /api - 204 (24ms)",
          "  PASS: test_db_connect (372ms)",
          "Cache invalidated: node_modules",
          "Uploading artifact 'dist' (8 files)",
          "\u26a0 DEPRECATION: Feature will be removed in v3.0",
          "Step 20/20: Building",
          "[12:50:58] INFO: Starting build process",
          "Pushing to registry...",
          "Tests: 381 passed, 56 total",
          "Cache invalidated: node_modules",
          "Verifying...",
          "pip: Collecting lodash",
          "Compiling lib/service.java...",
          "Connection established",
          "Fetching from https://docker.io/package.json",
          "Connection established",
          "Done.",
          "Environment: staging",
          "Success!",
          "Compiling src/index.js...",
          "WARNING: webpack has known vulnerabilities",
          "Cache hit for key-2657",
          "[12:50:58] DEBUG: Initializing service",
          "Transforming 531 files...",
          "Image pulled successfully",
          "Ready.",
          "Layer 5/9: ENV command",
          "Installing webpack@5.4.8",
          "Already up to date.",
          "Tests: 288 passed, 55 total",
          "Already up to date.",
          "pip: Downloading react-2.6.tar.gz",
          "[12:50:58] INFO: Connecting to database",
          "WARNING: axios has known vulnerabilities",
          "Step 12/22: Testing",
          "[12:50:58] DEBUG: Connection pool: 7 active",
          "Step 2/20: Running migrations",
          "pip: Collecting express",
          "pip: Downloading eslint-2.0.tar.gz",
          "Cache restored successfully (476MB)",
          "pip: Installing build dependencies...",
          "[12:50:58] INFO: Request completed",
          "Platform: darwin-arm64",
          "Artifact downloaded: 5MB",
          "Cache hit for key-2990",
          "Verifying...",
          "npm notice: package.json updated",
          "[12:50:58] INFO: Request completed",
          "Artifact downloaded: 34MB",
          "[12:50:58] DEBUG: Initializing service",
          "WARNING: prettier has known vulnerabilities",
          "\u26a0 DEPRECATION: Feature will be removed in v2.0",
          "Minifying app.js",
          "GET /health - 204 (23ms)",
          "npm notice: created a lockfile",
          "Artifact uploaded: dist.zip (34MB)",
          "Success!",
          "Completed.",
          "Cache restored successfully (412MB)",
          "\u2713 validate completed",
          "npm install: added 346 packages",
          "Installing lodash@1.4.8",
          "Connection established",
          "GET /status - 204 (18ms)",
          "Minifying app.js",
          "Artifact uploaded: dist.zip (88MB)",
          "Ready.",
          "Artifact downloaded: 16MB",
          "Ready.",
          "Processing...",
          "GET /health - 201 (21ms)",
          "Cache miss for key-5623",
          "Step 6/21: Deploying",
          "[12:50:58] WARN: Deprecated API usage",
          "Environment: staging",
          "Layer 10/11: ENV command",
          "Platform: win32-x64",
          "Cache invalidated: build",
          "Switched to branch 'feature/task-661'",
          "\u2713 Task completed in 2052ms",
          "Bundling vendor.css",
          "[12:50:58] INFO: Cache refreshed",
          "Compiling components/service.java...",
          "\u26a0 DEPRECATION: Feature will be removed in v5.0",
          "pip: Collecting prettier",
          "Artifact downloaded: 6MB",
          "[12:50:58] DEBUG: Loading configuration",
          "=== Step checkout completed ==="
        ]
      },
      {
        "name": "e2e_tests",
        "status": "success",
        "started_at": "2025-11-23T12:52:58.524026",
        "finished_at": "2025-11-23T12:53:06.061207",
        "log_lines": [
          "=== Step: e2e_tests ===",
          "Done.",
          "Time: 48.586s",
          "\u2713 Step 'test' succeeded",
          "Step 20/22: Building",
          "Creating production build...",
          "[12:50:58] INFO: Starting build process",
          "\u2713 test completed",
          "Uploading artifact 'build' (47 files)",
          "Creating production build...",
          "pip install: Successfully installed lodash-2.19",
          "\u2713 Step 'test' succeeded",
          "[12:50:58] DEBUG: Connection pool: 13 active",
          "\u2713 Task completed in 2928ms",
          "\u2713 All checks passed",
          "Ready.",
          "Pushing to registry...",
          "Platform: linux-x64",
          "[12:50:58] WARN: Deprecated API usage",
          "Step 13/18: Building",
          "Uploading artifact 'coverage' (30 files)",
          "Tests: 333 passed, 478 total",
          "[12:50:58] INFO: Processing request",
          "Uploading artifact 'build' (25 files)",
          "\u2713 Step 'install' succeeded",
          "  PASS: test_cache_hit (451ms)",
          "Step 8/21: Testing",
          "[12:50:58] WARN: Deprecated API usage",
          "[12:50:58] DEBUG: Connection pool: 9 active",
          "Checking out develop branch",
          "Using Node.js 19.3.7",
          "pip: Downloading axios-1.11.tar.gz",
          "[12:50:58] WARN: Deprecated API usage",
          "\u2713 Task completed in 2571ms",
          "Compiling components/main.py...",
          "[12:50:58] DEBUG: Loading configuration",
          "[12:50:58] WARN: Deprecated API usage",
          "Connection established",
          "Time: 45.517s",
          "[12:50:58] INFO: Starting build process",
          "\u26a0 DEPRECATION: Feature will be removed in v3.0",
          "Pulling image: node:18",
          "[12:50:58] DEBUG: Query executed in 86ms",
          "Platform: win32-x64",
          "Step 6/25: Linting",
          "Platform: linux-x64",
          "Coverage: 83% statements, 78% branches",
          "[12:50:58] DEBUG: Loading configuration",
          "Fetching from https://gcr.io/package.json",
          "Artifact uploaded: build.tar.gz (29MB)",
          "Artifact uploaded: dist.zip (94MB)",
          "GET /status - 204 (39ms)",
          "OK",
          "Step 6/15: Installing dependencies",
          "Bundling styles.js",
          "\u2717 build failed with exit code 66",
          "Cache miss for key-3003",
          "[12:50:58] DEBUG: Connection pool: 20 active",
          "Artifact uploaded: dist.zip (46MB)",
          "\u2717 build failed with exit code 97",
          "Fetching submodules...",
          "Installing jest@3.8.5",
          "\u26a0 DEPRECATION: Feature will be removed in v5.0",
          "npm notice: package.json updated",
          "[12:50:58] INFO: Cache refreshed",
          "  PASS: test_db_connect (170ms)",
          "Ran 103 tests in 17s",
          "Cache miss for key-3391",
          "Step 17/22: Installing dependencies",
          "Cache miss for key-4925",
          "Compiling components/main.py...",
          "Uploading artifact 'build' (41 files)",
          "  PASS: test_auth_login (89ms)",
          "[12:50:58] DEBUG: Query executed in 97ms",
          "Compiling src/main.py...",
          "Compiling components/utils.go...",
          "POST /upload - 201 (242ms)",
          "Step 3/21: Installing dependencies",
          "[12:50:58] DEBUG: Initializing service",
          "pip install: Successfully installed react-2.10",
          "Minifying app.js",
          "  PASS: test_cache_hit (229ms)",
          "Step 3/24: Deploying",
          "[12:50:58] INFO: Connecting to database",
          "[12:50:58] WARN: Deprecated API usage",
          "HEAD is now at 52b90bc",
          "POST /upload - 200 (112ms)",
          "\u2713 All checks passed",
          "[12:50:58] WARN: Deprecated API usage",
          "Minifying main.js",
          "Compiling src/main.py...",
          "Layer 9/9: RUN command",
          "npm notice: created a lockfile",
          "[12:50:58] DEBUG: Memory usage: 249MB",
          "\u2713 Step 'checkout' succeeded",
          "Fetching from https://gcr.io/package.json",
          "NODE_ENV=development",
          "Artifact uploaded: build.tar.gz (26MB)",
          "WARNING: lodash has known vulnerabilities",
          "Waiting...",
          "Step 5/21: Linting",
          "Building Docker image...",
          "Step 4/17: Deploying",
          "npm install: added 284 packages",
          "Fetching submodules...",
          "WARNING: express has known vulnerabilities",
          "=== Step e2e_tests completed ==="
        ]
      },
      {
        "name": "unit_tests",
        "status": "success",
        "started_at": "2025-11-23T12:53:06.061207",
        "finished_at": "2025-11-23T12:53:28.672751",
        "log_lines": [
          "=== Step: unit_tests ===",
          "[12:50:58] INFO: Starting build process",
          "Pulling image: alpine:18",
          "\u2713 deploy completed",
          "Pushing to registry...",
          "Compiling components/index.js...",
          "Switched to branch 'hotfix/task-128'",
          "Step 9/16: Testing",
          "Layer 5/14: RUN command",
          "Step 8/18: Running migrations",
          "  PASS: test_cache_hit (272ms)",
          "Step 7/24: Running migrations",
          "[12:50:58] DEBUG: Initializing service",
          "Generating source maps...",
          "Step 13/22: Deploying",
          "Processing...",
          "\u26a0 DEPRECATION: Feature will be removed in v4.0",
          "\u2713 validate completed",
          "HEAD is now at 6bbcbc8",
          "Artifact downloaded: 6MB",
          "Cache hit for key-8083",
          "npm notice: package.json updated",
          "Environment: development",
          "OK",
          "Compiling utils/service.java...",
          "TLS handshake completed",
          "[12:50:58] INFO: Starting build process",
          "[12:50:58] DEBUG: Connection pool: 6 active",
          "npm install: resolved 1944 packages",
          "\u2713 Task completed in 4455ms",
          "Transforming 509 files...",
          "Test Suites: 35 passed, 41 total",
          "Platform: darwin-arm64",
          "Layer 3/11: RUN command",
          "Step 1/15: Deploying",
          "pip: Collecting prettier",
          "\u2713 All checks passed",
          "Fetching submodules...",
          "Using Python 3.11",
          "Verifying...",
          "NODE_ENV=production",
          "Artifact downloaded: 48MB",
          "pip: Installing build dependencies...",
          "\u2713 All checks passed",
          "Processing...",
          "Using Node.js 20.19.4",
          "Cache miss for key-8139",
          "[12:50:58] INFO: Starting build process",
          "Verifying...",
          "[12:50:58] ERROR: Connection failed",
          "Test Suites: 16 passed, 15 total",
          "  PASS: test_cache_hit (358ms)",
          "[12:50:58] DEBUG: Connection pool: 4 active",
          "GET /status - 201 (15ms)",
          "Cache invalidated: dependencies",
          "Uploading artifact 'dist' (5 files)",
          "Fetching from https://github.com/package.json",
          "[12:50:58] DEBUG: Memory usage: 293MB",
          "Building Docker image...",
          "Finished.",
          "[12:50:58] ERROR: Connection failed",
          "Coverage: 98% statements, 97% branches",
          "Compiling src/main.py...",
          "Cache invalidated: node_modules",
          "Verifying...",
          "Minifying main.js",
          "\u2713 Task completed in 112ms",
          "Done.",
          "Waiting...",
          "Already up to date.",
          "\u2713 Step 'build' succeeded",
          "[12:50:58] ERROR: Connection failed",
          "Success!",
          "Test Suites: 5 passed, 44 total",
          "Ran 136 tests in 59s",
          "Artifact uploaded: dist.zip (44MB)",
          "Using Python 3.10",
          "Cache invalidated: dependencies",
          "npm install: added 168 packages",
          "Test Suites: 18 passed, 11 total",
          "npm notice: package.json updated",
          "Compiling src/main.py...",
          "\u2713 Step 'install' succeeded",
          "Exception: NullPointerException",
          "[12:50:58] WARN: Deprecated API usage",
          "Coverage: 75% statements, 78% branches",
          "Waiting...",
          "\u2717 build failed with exit code 69",
          "Fetching submodules...",
          "\u26a0 DEPRECATION: Feature will be removed in v2.0",
          "Already up to date.",
          "  PASS: test_cache_hit (343ms)",
          "Artifact uploaded: build.tar.gz (29MB)",
          "[12:50:58] WARN: Deprecated API usage",
          "[12:50:58] DEBUG: Memory usage: 1539MB",
          "npm install: added 78 packages",
          "Step 1/16: Linting",
          "Step 18/23: Testing",
          "Cache restored successfully (205MB)",
          "WARNING: webpack has known vulnerabilities",
          "WARNING: webpack has known vulnerabilities",
          "Bundling vendor.js",
          "[12:50:58] INFO: Connecting to database",
          "Ready.",
          "Time: 97.612s",
          "Cache restored successfully (324MB)",
          "=== Step unit_tests completed ==="
        ]
      }
    ],
    "label": "normal"
  }
}