{
  "action": "completed",
  "workflow_run": {
    "id": 850,
    "name": "CI Pipeline",
    "head_branch": "develop",
    "head_sha": "fb6530cc9e7b5867b310df36f186c65d65d20a69",
    "status": "completed",
    "conclusion": "success",
    "run_started_at": "2025-12-13T12:52:21.851154Z",
    "updated_at": "2025-12-13T12:55:52.685625Z"
  },
  "repository": {
    "full_name": "startup-io/mobile-backend",
    "name": "mobile-backend"
  },
  "sender": {
    "login": "henry"
  },
  "_safeops_extended": {
    "raw_logs": "=== Step: lint ===\npip: Collecting prettier\npip: Downloading express-5.11.tar.gz\nnpm notice: package.json updated\npip: Collecting axios\n[12:52:21] DEBUG: Initializing service\nTest Suites: 47 passed, 36 total\nFetching submodules...\nUploading artifact 'dist' (50 files)\nPushing to registry...\nCache miss for key-8939\n  PASS: test_user_create (401ms)\nFAILED: test_api_health\n[12:52:21] INFO: Request completed\nUploading artifact 'dist' (44 files)\n[12:52:21] INFO: Cache refreshed\n[12:52:21] DEBUG: Initializing service\nArtifact downloaded: 19MB\nStep 20/18: Deploying\nPOST /api - 201 (310ms)\nTime: 70.791s\n  PASS: test_cache_hit (356ms)\nStep 17/23: Running migrations\nCache invalidated: dependencies\nStep 14/16: Installing dependencies\nFetching submodules...\npip install: Successfully installed lodash-2.20\nSwitched to branch 'bugfix/task-480'\nWARNING: prettier has known vulnerabilities\nBundling styles.js\nStep 8/25: Testing\n[12:52:21] DEBUG: Connection pool: 12 active\nLayer 5/10: COPY command\nFinished.\nFinished.\nStep 6/20: Building\nTime: 10.391s\nNODE_ENV=development\n[12:52:21] INFO: Connecting to database\nSnapshots: 14 passed, 14 total\nyarn add: Done in 12.8s\n[12:52:21] WARN: Deprecated API usage\n[12:52:21] INFO: Processing request\nSwitched to branch 'bugfix/task-640'\nArtifact downloaded: 3MB\nImage pulled successfully\n[12:52:21] INFO: Request completed\n[12:52:21] WARN: Deprecated API usage\n\u26a0 DEPRECATION: Feature will be removed in v5.0\nArtifact uploaded: dist.zip (97MB)\nLoading...\nStep 13/20: Building\nnpm notice: package.json updated\nOK\n[12:52:21] WARN: Deprecated API usage\n\u2713 Step 'setup' succeeded\n[12:52:21] INFO: Processing request\nPushing to registry...\nHEAD is now at 8e72e2c\nOptimizing 90 modules...\n[12:52:21] WARN: Deprecated API usage\nConnection established\nSnapshots: 31 passed, 50 total\n\u26a0 DEPRECATION: Feature will be removed in v3.0\nSuccess!\nPushing to registry...\nnpm notice: created a lockfile\nAlready up to date.\nGenerating source maps...\nGET /api - 200 (20ms)\nBuilding Docker image...\n  PASS: unit/test_auth_login.spec.js\nTest Suites: 16 passed, 39 total\n\u2717 build failed with exit code 36\nGenerating source maps...\nOK\nWARNING: prettier has known vulnerabilities\nArtifact uploaded: dist.zip (97MB)\nWARNING: webpack has known vulnerabilities\nSuccess!\nBundling styles.js\n[12:52:21] INFO: Cache refreshed\nStep 16/17: Building\nStep 13/15: Linting\nImage pulled successfully\nEnvironment: development\nAlready up to date.\n\u2713 Step 'install' succeeded\nEnvironment: test\nFinished.\nHEAD is now at 421bd26\nStep 13/20: Deploying\nTests: 289 passed, 404 total\nStep 3/24: Deploying\nPOST /upload - 200 (302ms)\n[12:52:21] WARN: Deprecated API usage\nStep 17/16: Linting\npip install: Successfully installed eslint-4.8\nWARNING: express has known vulnerabilities\nRan 16 tests in 33s\nCache miss for key-2462\nnpm notice: created a lockfile\nArtifact uploaded: build.tar.gz (23MB)\n[12:52:21] INFO: Connecting to database\nWARNING: jest has known vulnerabilities\nStep 9/25: Deploying\nyarn add: Done in 7.26s\n[12:52:21] INFO: Request completed\nStep 12/15: Testing\nCoverage: 87% statements, 85% branches\nWARNING: prettier has known vulnerabilities\nGenerating source maps...\nCompiling components/utils.go...\nnpm notice: package.json updated\nWARNING: prettier has known vulnerabilities\nGET /health - 200 (10ms)\n[12:52:21] WARN: Deprecated API usage\nArtifact uploaded: dist.zip (27MB)\n[12:52:21] DEBUG: Connection pool: 7 active\npip: Downloading eslint-3.12.tar.gz\n[12:52:21] WARN: Deprecated API usage\nImage pulled successfully\npip: Installing build dependencies...\nException: TypeError\nConnection established\nHEAD is now at c3e340a\nVerifying...\nWARNING: webpack has known vulnerabilities\nWARNING: webpack has known vulnerabilities\nArtifact downloaded: 50MB\n\u2713 validate completed\nCompiling utils/handler.rs...\nCache restored successfully (23MB)\nProcessing...\nInstalling prettier@2.15.0\nCache invalidated: node_modules\npip: Downloading prettier-1.0.tar.gz\nPlatform: linux-x64\nReady.\nAlready up to date.\nCompiling components/app.ts...\nnpm install: resolved 684 packages\nStep 2/16: Building\nRan 98 tests in 57s\nStep 11/23: Testing\nStep 10/19: Linting\nSuccess!\nStep 17/17: Linting\nnpm notice: package.json updated\nStep 12/16: Deploying\nFinished.\nArtifact uploaded: dist.zip (33MB)\n[12:52:21] WARN: Deprecated API usage\nnpm install: added 329 packages\nPOST /data - 200 (444ms)\npip: Downloading prettier-5.12.tar.gz\nStep 20/18: Testing\n  PASS: unit/test_cache_hit.spec.js\nCompiling utils/index.js...\nAlready up to date.\nWARNING: eslint has known vulnerabilities\nCreating production build...\nStep 3/21: Installing dependencies\nPOST /upload - 202 (479ms)\nTest Suites: 30 passed, 42 total\n[12:52:21] WARN: Deprecated API usage\nProcessing...\n[12:52:21] DEBUG: Query executed in 94ms\nBundling vendor.js\npip install: Successfully installed prettier-5.10\nWARNING: express has known vulnerabilities\nCreating production build...\nChecking out master branch\nyarn add: Done in 14.86s\n\u2713 All checks passed\nBuilding Docker image...\nCompiling components/main.py...\nOK\nChecking out main branch\nArtifact uploaded: build.tar.gz (27MB)\n  PASS: test_user_create (3ms)\nBundling vendor.css\npip: Downloading express-1.9.tar.gz\nStep 13/23: Deploying\nStep 7/15: Building\nEnvironment: staging\nCache miss for key-5798\nPushing to registry...\n[12:52:21] DEBUG: Initializing service\nArtifact uploaded: dist.zip (42MB)\n=== Step lint completed ===\n=== Step: integration_tests ===\nEnvironment: development\n[12:52:21] DEBUG: Memory usage: 387MB\nWaiting...\nStep 1/16: Building\nStep 6/16: Deploying\nCache miss for key-7904\nImage pulled successfully\nChecking out master branch\n[12:52:21] INFO: Processing request\nCache hit for key-3727\nCompleted.\n[12:52:21] INFO: Starting build process\n[12:52:21] ERROR: Connection failed\nSnapshots: 16 passed, 28 total\nHEAD is now at c0adb7a\nWaiting...\nMinifying main.js\nTests: 468 passed, 142 total\nUsing Node.js 19.12.6\nnpm notice: package.json updated\nTransforming 852 files...\nStep 11/20: Deploying\nProcessing...\nTests: 375 passed, 283 total\nnpm install: resolved 1540 packages\nStep 9/21: Installing dependencies\n\u2713 Step 'build' succeeded\n\u2713 build completed\nCache hit for key-2274\nStep 8/21: Linting\nyarn add: Done in 27.17s\nCompiling components/main.py...\n[12:52:21] INFO: Connecting to database\nWaiting...\nCompleted.\n[12:52:21] INFO: Processing request\nnpm install: added 204 packages\nWaiting...\nLayer 5/14: ENV command\n[12:52:21] INFO: Starting build process\nReady.\n\u2717 build failed with exit code 79\nCompiling components/utils.go...\nUsing Node.js 19.17.6\n  PASS: test_api_health (183ms)\nTest Suites: 29 passed, 48 total\nTest Suites: 11 passed, 14 total\nPOST /upload - 200 (108ms)\nBuilding Docker image...\n[12:52:21] INFO: Processing request\n\u26a0 DEPRECATION: Feature will be removed in v4.0\nOK\n\u2713 Task completed in 4817ms\n[12:52:21] INFO: Processing request\nTests: 366 passed, 479 total\nCoverage: 96% statements, 82% branches\n[12:52:21] INFO: Cache refreshed\nCache saved successfully\nAlready up to date.\n[12:52:21] WARN: Deprecated API usage\nFetching submodules...\nCache restored successfully (132MB)\nStep 12/24: Testing\nTransforming 545 files...\nMinifying app.js\nCompiling src/service.java...\nVerifying...\nDone.\npip: Installing build dependencies...\nnpm install: resolved 426 packages\nInstalling react@3.14.10\nCache restored successfully (475MB)\nCompleted.\nGET /health - 200 (93ms)\nMinifying vendor.js\nUploading artifact 'build' (5 files)\nWaiting...\n\u2713 deploy completed\nOK\n[12:52:21] DEBUG: Loading configuration\nInstalling axios@5.9.4\nStep 20/18: Linting\nPushing to registry...\nBuilding Docker image...\nStep 19/22: Testing\n\u2717 build failed with exit code 67\nDone.\nPulling image: node:3.11\nException: ValueError\nOptimizing 28 modules...\npip: Installing build dependencies...\nWaiting...\nConnection established\nFetching from https://pypi.org/package.json\nFinished.\nTransforming 143 files...\nChecking out develop branch\nStep 19/24: Building\nLoading...\nWARNING: axios has known vulnerabilities\nnpm install: resolved 869 packages\nPushing to registry...\nWaiting...\n[12:52:21] WARN: Deprecated API usage\nCache invalidated: dependencies\nStep 16/24: Testing\nSwitched to branch 'feature/task-853'\nWaiting...\nUsing Python 3.10\nBundling main.js\nSnapshots: 40 passed, 28 total\nOptimizing 16 modules...\nAlready up to date.\n[12:52:21] DEBUG: Memory usage: 754MB\nProcessing...\nnpm notice: created a lockfile\nBundling runtime.js\nTests: 431 passed, 142 total\nPOST /upload - 202 (467ms)\nSwitched to branch 'bugfix/task-682'\nCompleted.\n\u2713 Step 'build' succeeded\nSuccess!\nCompleted.\n\u2713 deploy completed\nStep 11/25: Testing\nCache saved successfully\nException: RuntimeError\nCache restored successfully (122MB)\nSnapshots: 32 passed, 14 total\nStep 7/19: Deploying\nCompiling src/service.java...\nUsing Python 3.12\nCreating production build...\nProcessing...\n[12:52:21] INFO: Connecting to database\n[12:52:21] INFO: Connecting to database\nTest Suites: 34 passed, 20 total\nStep 14/25: Installing dependencies\nBundling vendor.js\npip install: Successfully installed express-3.14\nCache hit for key-2365\nMinifying app.js\nFetching from https://gcr.io/package.json\n[12:52:21] WARN: Deprecated API usage\nTLS handshake completed\n[12:52:21] DEBUG: Query executed in 81ms\nCache restored successfully (52MB)\n\u26a0 DEPRECATION: Feature will be removed in v4.0\nFetching from https://npmjs.org/package.json\nOptimizing 31 modules...\nFetching submodules...\nBuilding Docker image...\nFetching from https://github.com/package.json\nProcessing...\n[12:52:21] DEBUG: Query executed in 5ms\n\u2713 Step 'test' succeeded\nUploading artifact 'coverage' (16 files)\nCoverage: 97% statements, 60% branches\n[12:52:21] DEBUG: Query executed in 51ms\nCache hit for key-6217\nUsing Node.js 16.11.4\nyarn add: Done in 26.17s\nnpm install: resolved 705 packages\nStep 9/25: Linting\n[12:52:21] INFO: Connecting to database\nCompiling components/index.js...\n[12:52:21] WARN: Deprecated API usage\n[12:52:21] ERROR: Connection failed\nMinifying app.js\nLayer 10/12: ENV command\nCompiling components/handler.rs...\nBundling styles.js\nTime: 61.660s\nRan 85 tests in 15s\n[12:52:21] INFO: Cache refreshed\nCache restored successfully (354MB)\nStep 17/21: Building\nCache saved successfully\nPOST /api - 200 (152ms)\nPOST /upload - 202 (270ms)\n\u2717 build failed with exit code 18\nPlatform: darwin-arm64\nRan 116 tests in 54s\nPlatform: linux-x64\n[12:52:21] ERROR: Connection failed\n[12:52:21] INFO: Connecting to database\nCache restored successfully (60MB)\nGenerating source maps...\n=== Step integration_tests completed ===\n=== Step: deploy_staging ===\nImage pulled successfully\nOK\nStep 1/24: Testing\nArtifact uploaded: build.tar.gz (39MB)\nnpm install: resolved 1898 packages\nTest Suites: 21 passed, 48 total\nGET /health - 204 (79ms)\nBuilding Docker image...\nAlready up to date.\nnpm notice: created a lockfile\nException: ValueError\nStep 10/15: Testing\nOptimizing 36 modules...\npip: Downloading axios-4.4.tar.gz\nFetching from https://amazonaws.com/package.json\nLoading...\n[12:52:21] INFO: Request completed\n\u26a0 DEPRECATION: Feature will be removed in v4.0\n[12:52:21] INFO: Request completed\nStep 6/17: Installing dependencies\nnpm install: added 396 packages\n[12:52:21] INFO: Connecting to database\n[12:52:21] INFO: Processing request\nStep 13/23: Installing dependencies\nChecking out develop branch\nGET /status - 201 (67ms)\nVerifying...\nAlready up to date.\nSuccess!\nCreating production build...\nStep 11/16: Building\nException: NullPointerException\nCompiling components/main.py...\n\u2713 Step 'install' succeeded\nCoverage: 73% statements, 75% branches\nCompiling utils/index.js...\nPulling image: alpine:3.11\nAlready up to date.\n\u2713 Step 'install' succeeded\n[12:52:21] DEBUG: Initializing service\nCache miss for key-5573\nnpm notice: created a lockfile\nOK\nStep 8/20: Linting\nFetching from https://googleapis.com/package.json\nCompleted.\nTLS handshake completed\nDone.\nCache restored successfully (189MB)\nHEAD is now at 26cf643\n[12:52:21] ERROR: Connection failed\nCache saved successfully\nReady.\nFetching from https://npmjs.org/package.json\n[12:52:21] WARN: Deprecated API usage\nCache invalidated: node_modules\nUsing Python 3.12\n[12:52:21] WARN: Deprecated API usage\nCompiling utils/utils.go...\nCache hit for key-1484\n[12:52:21] WARN: Deprecated API usage\nnpm notice: created a lockfile\nArtifact uploaded: build.tar.gz (28MB)\nStep 12/25: Testing\nBuilding Docker image...\nnpm install: added 111 packages\nProcessing...\n\u2713 package completed\n[12:52:21] DEBUG: Query executed in 27ms\nWaiting...\n\u26a0 DEPRECATION: Feature will be removed in v2.0\nWaiting...\npip: Installing build dependencies...\nStep 9/18: Deploying\nArtifact uploaded: build.tar.gz (17MB)\nBuilding Docker image...\n[12:52:21] INFO: Starting build process\nTLS handshake completed\nImage pulled successfully\nOptimizing 71 modules...\nUsing Node.js 17.9.8\npip install: Successfully installed lodash-5.19\n\u26a0 DEPRECATION: Feature will be removed in v5.0\nOK\nStep 17/24: Linting\nArtifact uploaded: build.tar.gz (41MB)\nDone.\nTLS handshake completed\n\u2713 All checks passed\n[12:52:21] INFO: Request completed\nFetching from https://amazonaws.com/package.json\n[12:52:21] INFO: Processing request\nnpm install: resolved 1201 packages\n\u2713 Task completed in 654ms\nCompiling utils/service.java...\n[12:52:21] INFO: Request completed\nInstalling react@1.14.1\nDone.\nInstalling prettier@2.1.8\nCompiling components/handler.rs...\n[12:52:21] INFO: Cache refreshed\nAlready up to date.\nMinifying main.js\nUsing Node.js 15.0.7\n[12:52:21] DEBUG: Memory usage: 1465MB\nChecking out main branch\nTest Suites: 41 passed, 15 total\nOK\n[12:52:21] INFO: Cache refreshed\nLoading...\npip: Collecting eslint\n[12:52:21] INFO: Processing request\n[12:52:21] INFO: Starting build process\n\u2713 test completed\nTime: 94.997s\nCache hit for key-7522\nFinished.\nCoverage: 70% statements, 65% branches\nStep 20/17: Deploying\nTransforming 211 files...\nnpm notice: package.json updated\nOptimizing 47 modules...\nArtifact uploaded: build.tar.gz (12MB)\nAlready up to date.\nTLS handshake completed\nStep 3/19: Running migrations\nOK\n[12:52:21] DEBUG: Loading configuration\nCompiling lib/app.ts...\nSwitched to branch 'bugfix/task-411'\nFetching submodules...\nTransforming 814 files...\nStep 18/25: Installing dependencies\nnpm install: resolved 382 packages\npip: Downloading lodash-5.20.tar.gz\nPlatform: win32-x64\nPushing to registry...\nConnection established\nTests: 227 passed, 471 total\nCache saved successfully\nTest Suites: 37 passed, 40 total\n[12:52:21] WARN: Deprecated API usage\nCompleted.\nGET /status - 200 (84ms)\nReady.\nInstalling webpack@3.5.9\n[12:52:21] INFO: Starting build process\nSuccess!\nFetching from https://docker.io/package.json\n  PASS: test_user_create (338ms)\nWARNING: eslint has known vulnerabilities\nCache saved successfully\nEnvironment: production\nFetching from https://docker.io/package.json\nPlatform: win32-x64\n[12:52:21] INFO: Starting build process\nCompiling utils/main.py...\npip: Downloading prettier-2.0.tar.gz\nCompiling src/index.js...\n[12:52:21] DEBUG: Connection pool: 15 active\nNODE_ENV=test\nSwitched to branch 'bugfix/task-192'\nCreating production build...\nNODE_ENV=production\nGET /api - 204 (19ms)\nTime: 85.145s\nnpm install: added 336 packages\nnpm notice: created a lockfile\nVerifying...\nTests: 224 passed, 311 total\nProcessing...\nOK\nCache restored successfully (79MB)\nyarn add: Done in 17.20s\nProcessing...\nUploading artifact 'dist' (4 files)\nLayer 5/12: RUN command\nUploading artifact 'coverage' (43 files)\nCompiling src/main.py...\nPOST /upload - 202 (411ms)\nWARNING: express has known vulnerabilities\nFAILED: test_api_health\npip: Installing build dependencies...\n\u2713 Task completed in 4810ms\nStep 2/20: Testing\nStep 11/24: Building\nPOST /upload - 201 (175ms)\nTest Suites: 7 passed, 15 total\nStep 16/24: Installing dependencies\n=== Step deploy_staging completed ===\n=== Step: build ===\n[12:52:21] INFO: Cache refreshed\n\u26a0 DEPRECATION: Feature will be removed in v2.0\nCompleted.\nChecking out main branch\nHEAD is now at 4b8745d\nBundling styles.js\nNODE_ENV=development\nTime: 38.27s\nStep 6/22: Deploying\nCache hit for key-3465\nUploading artifact 'dist' (21 files)\nChecking out main branch\nLayer 2/11: RUN command\nException: RuntimeError\nUsing Node.js 20.4.5\nCache saved successfully\nTLS handshake completed\nOK\nGenerating source maps...\nStep 17/15: Building\nCache restored successfully (109MB)\nFetching submodules...\nStep 3/16: Deploying\nCache saved successfully\nStep 4/19: Deploying\nOK\n\u2713 Task completed in 4273ms\nnpm install: resolved 1756 packages\n[12:52:21] WARN: Deprecated API usage\nException: NullPointerException\n  PASS: test_db_connect (478ms)\nCache invalidated: dependencies\nProcessing...\n[12:52:21] INFO: Starting build process\nFetching submodules...\n\u26a0 DEPRECATION: Feature will be removed in v2.0\nImage pulled successfully\nPlatform: linux-x64\nChecking out develop branch\nPulling image: python:18\n[12:52:21] DEBUG: Loading configuration\nFinished.\npip: Downloading jest-5.19.tar.gz\n[12:52:21] INFO: Request completed\nCoverage: 70% statements, 79% branches\n  PASS: unit/test_cache_hit.spec.js\npip install: Successfully installed webpack-5.13\n  PASS: test_auth_login (25ms)\nVerifying...\n\u2713 Task completed in 453ms\nCache saved successfully\nNODE_ENV=production\nArtifact downloaded: 22MB\n[12:52:21] INFO: Processing request\n[12:52:21] DEBUG: Initializing service\nBundling vendor.js\nCompiling utils/service.java...\nDone.\nHEAD is now at cf4faa1\nTransforming 358 files...\nnpm install: resolved 1674 packages\nReady.\nGenerating source maps...\nStep 5/23: Linting\nStep 19/18: Running migrations\n  PASS: unit/test_api_health.spec.js\n\u2713 Task completed in 216ms\nSnapshots: 13 passed, 50 total\nSwitched to branch 'feature/task-488'\nCache invalidated: node_modules\nEnvironment: staging\nRan 155 tests in 57s\nCache restored successfully (159MB)\n[12:52:21] DEBUG: Initializing service\npip: Downloading prettier-4.2.tar.gz\nCache invalidated: node_modules\n[12:52:21] INFO: Request completed\nGET /api - 204 (91ms)\n\u2713 All checks passed\nConnection established\nCompiling src/index.js...\nTransforming 594 files...\nEnvironment: test\n[12:52:21] INFO: Starting build process\nMinifying vendor.js\nCompleted.\nCache saved successfully\nSwitched to branch 'hotfix/task-133'\nTLS handshake completed\nArtifact uploaded: build.tar.gz (36MB)\nPushing to registry...\nImage pulled successfully\npip: Collecting lodash\nCache hit for key-9822\n\u26a0 DEPRECATION: Feature will be removed in v4.0\n[12:52:21] DEBUG: Query executed in 12ms\nCache restored successfully (353MB)\n\u26a0 DEPRECATION: Feature will be removed in v3.0\nException: ValueError\n[12:52:21] INFO: Cache refreshed\n[12:52:21] WARN: Deprecated API usage\n\u26a0 DEPRECATION: Feature will be removed in v2.0\nFetching from https://npmjs.org/package.json\nAlready up to date.\nConnection established\n\u2713 Task completed in 1498ms\nProcessing...\nBundling styles.css\nDone.\nFetching from https://registry.npmjs.org/package.json\n\u26a0 DEPRECATION: Feature will be removed in v4.0\n[12:52:21] WARN: Deprecated API usage\nDone.\n\u2713 All checks passed\nCompiling components/utils.go...\nTest Suites: 8 passed, 12 total\nFetching submodules...\n\u26a0 DEPRECATION: Feature will be removed in v4.0\nCache miss for key-5927\nVerifying...\nSwitched to branch 'bugfix/task-994'\n[12:52:21] INFO: Processing request\nnpm notice: package.json updated\nChecking out main branch\nPushing to registry...\nFinished.\n\u2717 build failed with exit code 41\nInstalling jest@2.11.2\nUsing Node.js 14.9.7\n\u2713 All checks passed\nStep 18/24: Building\nCoverage: 94% statements, 85% branches\nProcessing...\nBuilding Docker image...\nCoverage: 95% statements, 94% branches\nGenerating source maps...\nArtifact uploaded: build.tar.gz (29MB)\nUploading artifact 'build' (31 files)\nFetching from https://registry.npmjs.org/package.json\nReady.\nnpm notice: package.json updated\nCache restored successfully (135MB)\n\u26a0 DEPRECATION: Feature will be removed in v5.0\n[12:52:21] ERROR: Connection failed\nUsing Python 3.11\nBuilding Docker image...\nWARNING: jest has known vulnerabilities\nUsing Node.js 19.9.8\nFetching submodules...\nBundling main.css\nSuccess!\n[12:52:21] INFO: Cache refreshed\nSwitched to branch 'hotfix/task-417'\nnpm install: resolved 713 packages\n[12:52:21] DEBUG: Memory usage: 413MB\nBuilding Docker image...\n\u26a0 DEPRECATION: Feature will be removed in v2.0\nGenerating source maps...\nSwitched to branch 'bugfix/task-674'\nArtifact uploaded: build.tar.gz (20MB)\nLayer 3/11: COPY command\n[12:52:21] INFO: Processing request\nChecking out main branch\nBuilding Docker image...\n\u2713 Task completed in 1217ms\n[12:52:21] INFO: Request completed\nReady.\nWARNING: axios has known vulnerabilities\npip: Installing build dependencies...\nArtifact uploaded: dist.zip (55MB)\n[12:52:21] DEBUG: Connection pool: 5 active\n\u2713 package completed\nConnection established\nCreating production build...\nStep 20/23: Linting\nArtifact downloaded: 30MB\nStep 17/20: Running migrations\nPushing to registry...\npip: Collecting react\nSuccess!\nPulling image: python:latest\nOptimizing 78 modules...\nArtifact uploaded: dist.zip (28MB)\nVerifying...\nTime: 64.695s\nTLS handshake completed\nOptimizing 84 modules...\nStep 6/22: Testing\n[12:52:21] INFO: Connecting to database\n=== Step build completed ===\n=== Step: setup_node ===\n\u2713 Step 'test' succeeded\n[12:52:21] DEBUG: Query executed in 77ms\npip install: Successfully installed express-4.7\n\u26a0 DEPRECATION: Feature will be removed in v4.0\nChecking out master branch\nOK\nArtifact uploaded: build.tar.gz (32MB)\n[12:52:21] WARN: Deprecated API usage\nAlready up to date.\n[12:52:21] DEBUG: Query executed in 75ms\n  PASS: integration/test_api_health.spec.js\nTransforming 435 files...\nDone.\nStep 7/22: Building\nBuilding Docker image...\nWaiting...\nStep 5/16: Testing\nnpm install: resolved 1810 packages\n[12:52:21] DEBUG: Connection pool: 15 active\n[12:52:21] INFO: Processing request\nOK\nOK\nUsing Python 3.10\nReady.\nCache hit for key-1451\n[12:52:21] DEBUG: Initializing service\nGET /api - 204 (25ms)\nSnapshots: 13 passed, 38 total\nyarn add: Done in 16.37s\nTransforming 123 files...\nException: RuntimeError\nCache restored successfully (181MB)\nUsing Node.js 20.13.4\n\u2717 build failed with exit code 109\nCache restored successfully (297MB)\nTransforming 328 files...\nCompiling utils/app.ts...\nWARNING: prettier has known vulnerabilities\nyarn add: Done in 10.8s\nStep 5/19: Running migrations\nWaiting...\n[12:52:21] INFO: Request completed\nStep 17/24: Deploying\nSuccess!\nnpm install: added 142 packages\n  PASS: test_api_health (453ms)\nOptimizing 14 modules...\n[12:52:21] INFO: Processing request\nyarn add: Done in 3.45s\nLoading...\n[12:52:21] DEBUG: Memory usage: 1093MB\n[12:52:21] DEBUG: Connection pool: 2 active\nLoading...\nRan 121 tests in 27s\nFetching submodules...\npip: Collecting lodash\nWARNING: jest has known vulnerabilities\nBuilding Docker image...\nCompiling src/service.java...\npip: Collecting eslint\nStep 14/21: Testing\nRan 167 tests in 4s\npip: Downloading react-5.6.tar.gz\nSnapshots: 40 passed, 8 total\npip: Collecting express\npip: Collecting axios\npip: Downloading lodash-3.15.tar.gz\n[12:52:21] DEBUG: Memory usage: 1296MB\nConnection established\nCache saved successfully\nBuilding Docker image...\nTest Suites: 37 passed, 13 total\nDone.\n[12:52:21] DEBUG: Initializing service\nCache saved successfully\n[12:52:21] WARN: Deprecated API usage\nStep 17/25: Testing\nLoading...\nTime: 75.173s\nBuilding Docker image...\nEnvironment: staging\nCompiling utils/handler.rs...\nNODE_ENV=test\nStep 17/15: Installing dependencies\nUsing Python 3.11\n\u2713 validate completed\nCompiling components/handler.rs...\n[12:52:21] WARN: Deprecated API usage\n\u2713 build completed\nGET /api - 204 (33ms)\n[12:52:21] INFO: Request completed\nPushing to registry...\n[12:52:21] DEBUG: Initializing service\nTest Suites: 34 passed, 27 total\n[12:52:21] WARN: Deprecated API usage\nInstalling prettier@1.1.3\n[12:52:21] INFO: Request completed\nSuccess!\nPlatform: darwin-arm64\npip install: Successfully installed webpack-5.6\nCompiling src/index.js...\nConnection established\nCache restored successfully (122MB)\n[12:52:21] DEBUG: Connection pool: 10 active\n[12:52:21] DEBUG: Query executed in 6ms\n[12:52:21] INFO: Starting build process\nTime: 38.433s\nStep 17/19: Building\nWARNING: eslint has known vulnerabilities\nnpm notice: created a lockfile\n[12:52:21] WARN: Deprecated API usage\nReady.\nnpm notice: package.json updated\nCompiling components/index.js...\nDone.\nnpm install: resolved 849 packages\nSwitched to branch 'hotfix/task-492'\nArtifact downloaded: 20MB\nLoading...\nFetching submodules...\nCoverage: 75% statements, 62% branches\nInstalling eslint@5.1.10\nBuilding Docker image...\n[12:52:21] DEBUG: Connection pool: 3 active\nyarn add: Done in 21.63s\nCache restored successfully (87MB)\nGET /status - 200 (9ms)\n  PASS: test_user_create (110ms)\nTLS handshake completed\n[12:52:21] INFO: Connecting to database\nStep 18/21: Running migrations\nGenerating source maps...\nCache hit for key-7993\n\u26a0 DEPRECATION: Feature will be removed in v5.0\nCompleted.\nArtifact uploaded: build.tar.gz (17MB)\nMinifying app.js\nPOST /data - 200 (143ms)\nnpm notice: created a lockfile\nVerifying...\n[12:52:21] DEBUG: Initializing service\nMinifying app.js\nnpm notice: package.json updated\nPulling image: alpine:latest\n[12:52:21] DEBUG: Initializing service\nPushing to registry...\nnpm notice: created a lockfile\n  PASS: integration/test_auth_login.spec.js\nnpm notice: package.json updated\nCreating production build...\n\u2713 deploy completed\nnpm notice: created a lockfile\npip: Downloading jest-2.2.tar.gz\n\u2713 Step 'install' succeeded\n[12:52:21] ERROR: Connection failed\n[12:52:21] WARN: Deprecated API usage\nBuilding Docker image...\npip: Collecting express\n  PASS: test_user_create (162ms)\nRan 15 tests in 53s\nCache restored successfully (438MB)\npip install: Successfully installed jest-2.8\nCache miss for key-5301\nLayer 3/14: RUN command\nCoverage: 72% statements, 65% branches\nCache invalidated: dependencies\nBundling styles.css\nConnection established\nnpm install: added 471 packages\nFetching submodules...\nVerifying...\nTLS handshake completed\nTLS handshake completed\nWaiting...\npip: Collecting react\nUsing Node.js 16.5.7\npip install: Successfully installed lodash-5.8\nPushing to registry...\nFetching from https://github.com/package.json\nStep 6/20: Deploying\nTime: 109.49s\nTests: 301 passed, 480 total\nTLS handshake completed\nTests: 493 passed, 142 total\nSnapshots: 40 passed, 49 total\npip install: Successfully installed jest-2.18\n\u2713 lint completed\nBundling runtime.js\nFetching from https://googleapis.com/package.json\n=== Step setup_node completed ===\n=== Step: checkout ===\nGET /api - 204 (45ms)\nAlready up to date.\n[12:52:21] DEBUG: Query executed in 78ms\n\u2713 All checks passed\nTime: 16.931s\n\u2713 test completed\nInstalling axios@1.4.10\n\u2713 Task completed in 3658ms\n[12:52:21] INFO: Request completed\nStep 20/23: Running migrations\nStep 6/15: Testing\nSuccess!\nArtifact uploaded: dist.zip (97MB)\n[12:52:21] DEBUG: Connection pool: 19 active\n[12:52:21] DEBUG: Loading configuration\n[12:52:21] INFO: Request completed\nMinifying main.js\n[12:52:21] INFO: Starting build process\nHEAD is now at 37aeef8\n\u2713 Step 'test' succeeded\nPOST /upload - 201 (133ms)\n\u2713 build completed\n\u2713 Task completed in 3384ms\nTest Suites: 44 passed, 35 total\nNODE_ENV=development\n\u2713 Step 'build' succeeded\nAlready up to date.\nSwitched to branch 'bugfix/task-639'\nCoverage: 77% statements, 75% branches\nPOST /upload - 201 (306ms)\nPulling image: node:latest\nVerifying...\nFinished.\nArtifact downloaded: 32MB\nWARNING: react has known vulnerabilities\nArtifact uploaded: dist.zip (16MB)\nSuccess!\nEnvironment: staging\nFetching from https://githubusercontent.com/package.json\nCache saved successfully\nProcessing...\nnpm install: added 460 packages\nAlready up to date.\n\u26a0 DEPRECATION: Feature will be removed in v4.0\nCompiling src/utils.go...\nTest Suites: 40 passed, 48 total\n\u26a0 DEPRECATION: Feature will be removed in v2.0\nReady.\nCache restored successfully (263MB)\nConnection established\nSwitched to branch 'bugfix/task-890'\nOptimizing 45 modules...\nUsing Python 3.10\nTime: 108.399s\nStep 3/17: Building\n\u2713 Task completed in 3984ms\n\u2713 test completed\n  PASS: unit/test_api_health.spec.js\nFetching from https://googleapis.com/package.json\nArtifact uploaded: build.tar.gz (7MB)\nTests: 251 passed, 373 total\nProcessing...\nStep 11/15: Building\npip: Collecting eslint\npip: Collecting express\nTLS handshake completed\nReady.\npip: Downloading webpack-4.14.tar.gz\nPOST /api - 202 (315ms)\nCache hit for key-8484\nCache hit for key-1014\nTest Suites: 10 passed, 10 total\nStep 19/22: Running migrations\nCompiling utils/utils.go...\nCompiling components/main.py...\nyarn add: Done in 4.40s\nTime: 85.654s\nFinished.\nTests: 207 passed, 386 total\nCompiling src/service.java...\nArtifact uploaded: build.tar.gz (37MB)\nConnection established\nStep 12/25: Deploying\n\u2717 build failed with exit code 100\n[12:52:21] WARN: Deprecated API usage\nStep 19/19: Deploying\nnpm notice: created a lockfile\n[12:52:21] DEBUG: Memory usage: 1203MB\nLayer 6/9: RUN command\nOptimizing 92 modules...\nSnapshots: 27 passed, 4 total\n[12:52:21] DEBUG: Connection pool: 20 active\nGET /api - 201 (80ms)\n\u2717 build failed with exit code 20\nSuccess!\n\u2713 Task completed in 3350ms\nImage pulled successfully\nReady.\nCompiling utils/service.java...\nDone.\n[12:52:21] DEBUG: Initializing service\nTests: 60 passed, 349 total\npip: Collecting lodash\nUsing Python 3.10\nOptimizing 53 modules...\nnpm install: added 165 packages\nCreating production build...\nFinished.\nCache saved successfully\n[12:52:21] WARN: Deprecated API usage\nyarn add: Done in 27.7s\nPushing to registry...\n[12:52:21] WARN: Deprecated API usage\n\u26a0 DEPRECATION: Feature will be removed in v5.0\nCache miss for key-5957\nSwitched to branch 'bugfix/task-317'\n[12:52:21] WARN: Deprecated API usage\nyarn add: Done in 6.5s\nConnection established\npip install: Successfully installed webpack-2.3\nnpm install: resolved 1498 packages\nUsing Node.js 19.11.3\nWaiting...\nStep 14/20: Testing\nImage pulled successfully\n[12:52:21] DEBUG: Query executed in 31ms\n[12:52:21] INFO: Cache refreshed\npip: Collecting webpack\nTests: 275 passed, 257 total\nCache hit for key-3507\nVerifying...\nStep 12/15: Installing dependencies\n[12:52:21] INFO: Cache refreshed\nConnection established\nStep 10/24: Installing dependencies\n\u2713 Task completed in 2548ms\nPulling image: python:18\nBuilding Docker image...\nTransforming 176 files...\n[12:52:21] INFO: Cache refreshed\nStep 8/23: Linting\nnpm install: resolved 420 packages\nGenerating source maps...\n  PASS: integration/test_db_connect.spec.js\nDone.\nReady.\nOK\nStep 2/25: Installing dependencies\n[12:52:21] DEBUG: Memory usage: 415MB\nStep 14/20: Installing dependencies\nPulling image: alpine:3.11\n[12:52:21] WARN: Deprecated API usage\nLoading...\nFetching from https://amazonaws.com/package.json\nBundling runtime.js\nStep 4/18: Deploying\nBuilding Docker image...\nOptimizing 18 modules...\nCompiling lib/app.ts...\nFetching from https://googleapis.com/package.json\nTransforming 738 files...\n[12:52:21] INFO: Processing request\n[12:52:21] INFO: Starting build process\npip: Installing build dependencies...\n\u2713 Task completed in 394ms\nTLS handshake completed\nTest Suites: 46 passed, 26 total\npip: Collecting lodash\nLoading...\nCoverage: 80% statements, 71% branches\nCache invalidated: dependencies\nPulling image: python:18\n[12:52:21] DEBUG: Initializing service\nWaiting...\nCompiling lib/utils.go...\nWARNING: react has known vulnerabilities\nArtifact uploaded: dist.zip (8MB)\nCache hit for key-6405\nStep 17/23: Building\nBuilding Docker image...\nVerifying...\npip install: Successfully installed jest-2.2\nCache saved successfully\nImage pulled successfully\nCompiling lib/handler.rs...\nSuccess!\nMinifying vendor.js\n[12:52:21] INFO: Connecting to database\n[12:52:21] DEBUG: Query executed in 78ms\n=== Step checkout completed ===\n=== Step: type_check ===\nCache invalidated: dependencies\nCache hit for key-1435\nFetching from https://npmjs.org/package.json\nLayer 5/8: ENV command\nTransforming 589 files...\nDone.\nnpm install: added 316 packages\nLoading...\nDone.\n\u26a0 DEPRECATION: Feature will be removed in v2.0\nInstalling axios@1.16.5\nInstalling prettier@1.16.4\n[12:52:21] INFO: Cache refreshed\n\u26a0 DEPRECATION: Feature will be removed in v3.0\nProcessing...\nArtifact uploaded: dist.zip (11MB)\n[12:52:21] DEBUG: Query executed in 46ms\nCompiling utils/utils.go...\nPlatform: linux-x64\n\u2713 build completed\npip: Downloading lodash-4.5.tar.gz\nLoading...\n[12:52:21] INFO: Request completed\nCreating production build...\nCache hit for key-1040\nWaiting...\npip install: Successfully installed jest-1.9\nyarn add: Done in 7.9s\n  PASS: integration/test_db_connect.spec.js\nBuilding Docker image...\n\u26a0 DEPRECATION: Feature will be removed in v3.0\nPlatform: win32-x64\n[12:52:21] DEBUG: Loading configuration\nCache restored successfully (219MB)\nHEAD is now at e2882de\n\u26a0 DEPRECATION: Feature will be removed in v5.0\n[12:52:21] INFO: Request completed\nPOST /upload - 201 (311ms)\n[12:52:21] INFO: Processing request\n[12:52:21] DEBUG: Memory usage: 1196MB\nArtifact downloaded: 5MB\nTime: 56.992s\nArtifact uploaded: build.tar.gz (37MB)\nWaiting...\nReady.\nGET /status - 200 (34ms)\nBundling runtime.css\nPOST /data - 202 (414ms)\nHEAD is now at bd1cadc\n[12:52:21] DEBUG: Initializing service\npip: Collecting react\nStep 18/25: Building\nCompiling src/handler.rs...\nMinifying vendor.js\nDone.\nCoverage: 81% statements, 96% branches\nCompiling lib/handler.rs...\nStep 16/19: Linting\nUsing Node.js 20.16.5\nCache saved successfully\n[12:52:21] INFO: Connecting to database\n[12:52:21] INFO: Processing request\nSnapshots: 14 passed, 26 total\nnpm install: resolved 1656 packages\nDone.\nStep 9/18: Building\nWARNING: lodash has known vulnerabilities\npip: Installing build dependencies...\nStep 10/20: Running migrations\nWARNING: prettier has known vulnerabilities\nnpm notice: created a lockfile\nUploading artifact 'coverage' (20 files)\n\u26a0 DEPRECATION: Feature will be removed in v4.0\n[12:52:21] DEBUG: Query executed in 98ms\nUsing Python 3.10\nLayer 6/15: ENV command\npip: Collecting lodash\n[12:52:21] WARN: Deprecated API usage\nPushing to registry...\nWARNING: prettier has known vulnerabilities\nPulling image: node:18\nStep 8/15: Installing dependencies\nTest Suites: 42 passed, 12 total\nCompiling src/handler.rs...\nTests: 336 passed, 174 total\n[12:52:21] DEBUG: Query executed in 53ms\n[12:52:21] WARN: Deprecated API usage\nCache saved successfully\nPOST /upload - 200 (278ms)\nCache miss for key-7119\nnpm install: added 385 packages\npip install: Successfully installed eslint-5.3\nTest Suites: 24 passed, 39 total\nStep 18/25: Running migrations\n\u2713 deploy completed\n[12:52:21] DEBUG: Connection pool: 15 active\nStep 17/24: Linting\nTime: 61.463s\npip: Collecting express\nOptimizing 100 modules...\nCompiling components/index.js...\nArtifact uploaded: build.tar.gz (40MB)\nPOST /upload - 200 (107ms)\nRan 32 tests in 19s\nStep 4/22: Running migrations\nProcessing...\nPOST /data - 200 (228ms)\nDone.\nEnvironment: staging\nBundling runtime.js\nSwitched to branch 'feature/task-188'\nCompiling lib/utils.go...\nPushing to registry...\nCompiling src/index.js...\nCache hit for key-7986\nLayer 3/12: ENV command\nOptimizing 55 modules...\n\u2713 All checks passed\nInstalling prettier@2.3.8\n[12:52:21] WARN: Deprecated API usage\npip: Installing build dependencies...\n[12:52:21] DEBUG: Query executed in 2ms\nLayer 4/9: ENV command\npip: Collecting prettier\n[12:52:21] INFO: Starting build process\nCompiling utils/utils.go...\nCompiling src/service.java...\nAlready up to date.\nCoverage: 72% statements, 80% branches\nProcessing...\nTime: 22.156s\nStep 8/16: Running migrations\n[12:52:21] DEBUG: Loading configuration\nCache miss for key-3522\nPOST /api - 202 (116ms)\n\u2713 validate completed\nTransforming 239 files...\nPlatform: linux-x64\npip: Downloading lodash-3.8.tar.gz\nSnapshots: 44 passed, 18 total\nStep 15/16: Installing dependencies\nException: TypeError\nCompiling components/handler.rs...\nStep 13/17: Deploying\nCache saved successfully\nyarn add: Done in 24.26s\n  PASS: test_api_health (326ms)\nBundling styles.js\nArtifact downloaded: 45MB\n\u2713 Step 'install' succeeded\nCache hit for key-1096\nnpm notice: package.json updated\nSwitched to branch 'bugfix/task-868'\n\u2717 build failed with exit code 78\nUploading artifact 'build' (32 files)\nCompleted.\nStep 19/16: Linting\nRan 61 tests in 20s\nStep 13/23: Building\n[12:52:21] DEBUG: Initializing service\n[12:52:21] DEBUG: Memory usage: 1856MB\nPOST /upload - 201 (498ms)\nOK\nStep 11/24: Installing dependencies\nWARNING: webpack has known vulnerabilities\nnpm notice: package.json updated\nCoverage: 88% statements, 95% branches\nTransforming 761 files...\nUsing Node.js 14.17.9\nOptimizing 13 modules...\n\u2713 test completed\nFAILED: test_api_health\nBuilding Docker image...\nInstalling prettier@2.12.10\npip: Downloading prettier-5.4.tar.gz\n[12:52:21] INFO: Connecting to database\nOK\nProcessing...\nWaiting...\n[12:52:21] WARN: Deprecated API usage\nWARNING: react has known vulnerabilities\nLoading...\nStep 18/25: Installing dependencies\nGET /health - 200 (83ms)\nCache miss for key-2747\nWARNING: webpack has known vulnerabilities\npip: Downloading react-4.7.tar.gz\nOptimizing 95 modules...\nSwitched to branch 'hotfix/task-179'\n=== Step type_check completed ===\n=== Step: deploy_production ===\nTransforming 562 files...\n\u26a0 DEPRECATION: Feature will be removed in v2.0\n\u2713 All checks passed\nCoverage: 91% statements, 96% branches\nException: RuntimeError\nAlready up to date.\nPushing to registry...\nFetching from https://githubusercontent.com/package.json\nCompiling lib/handler.rs...\nCreating production build...\nHEAD is now at 1928a01\nGenerating source maps...\nSwitched to branch 'bugfix/task-242'\n[12:52:21] DEBUG: Loading configuration\nCache hit for key-5742\nAlready up to date.\nGenerating source maps...\nCompiling lib/app.ts...\nFinished.\n[12:52:21] DEBUG: Loading configuration\n  PASS: test_db_connect (14ms)\n[12:52:21] INFO: Processing request\nHEAD is now at ef94a27\nAlready up to date.\n[12:52:21] DEBUG: Memory usage: 1467MB\nOK\nImage pulled successfully\nWaiting...\nCreating production build...\n\u2717 build failed with exit code 78\nFetching submodules...\nPulling image: node:3.11\n  PASS: test_db_connect (265ms)\nException: NullPointerException\nLoading...\nBundling runtime.js\nFinished.\nProcessing...\n  PASS: integration/test_user_create.spec.js\nDone.\nWARNING: react has known vulnerabilities\nSnapshots: 2 passed, 8 total\nSuccess!\nWARNING: webpack has known vulnerabilities\nStep 6/18: Building\nCompiling lib/service.java...\nStep 19/20: Running migrations\nnpm install: added 149 packages\nLoading...\nStep 10/21: Testing\nCompiling lib/app.ts...\n[12:52:21] DEBUG: Connection pool: 19 active\nWARNING: eslint has known vulnerabilities\nLayer 3/15: ENV command\nGenerating source maps...\nNODE_ENV=production\nFinished.\n[12:52:21] WARN: Deprecated API usage\nnpm install: resolved 1271 packages\nCompiling components/index.js...\n[12:52:21] INFO: Connecting to database\nCache invalidated: node_modules\nVerifying...\nGenerating source maps...\nCompiling src/index.js...\nHEAD is now at d62251c\nStep 12/20: Running migrations\nWaiting...\n\u26a0 DEPRECATION: Feature will be removed in v3.0\n[12:52:21] DEBUG: Connection pool: 16 active\nFinished.\nAlready up to date.\nCache invalidated: node_modules\n[12:52:21] WARN: Deprecated API usage\nSuccess!\nCache saved successfully\n[12:52:21] DEBUG: Loading configuration\nSwitched to branch 'bugfix/task-168'\nTransforming 723 files...\nnpm install: added 160 packages\nBuilding Docker image...\nCache miss for key-3642\nTest Suites: 9 passed, 23 total\nyarn add: Done in 11.80s\nHEAD is now at c8aed22\nUsing Python 3.9\npip: Collecting eslint\nPOST /data - 201 (181ms)\nStep 7/25: Linting\nWaiting...\nSuccess!\nRan 145 tests in 51s\n[12:52:21] WARN: Deprecated API usage\nCompiling lib/index.js...\nCreating production build...\n[12:52:21] INFO: Cache refreshed\nPushing to registry...\nSwitched to branch 'feature/task-911'\n[12:52:21] DEBUG: Loading configuration\nCache miss for key-4265\n[12:52:21] DEBUG: Loading configuration\npip: Downloading axios-4.4.tar.gz\n\u26a0 DEPRECATION: Feature will be removed in v2.0\nArtifact downloaded: 46MB\nSuccess!\n[12:52:21] DEBUG: Memory usage: 885MB\nnpm install: resolved 903 packages\nArtifact uploaded: dist.zip (89MB)\nOK\nBundling main.js\n[12:52:21] DEBUG: Loading configuration\nException: NullPointerException\nNODE_ENV=development\nPlatform: win32-x64\nCreating production build...\nUploading artifact 'dist' (30 files)\nLayer 8/12: RUN command\nStep 8/15: Linting\npip: Installing build dependencies...\nCompiling utils/utils.go...\nFetching submodules...\nStep 14/22: Installing dependencies\n[12:52:21] WARN: Deprecated API usage\nStep 8/22: Building\nReady.\n\u2713 All checks passed\npip install: Successfully installed express-3.15\nCache restored successfully (94MB)\nnpm notice: package.json updated\n\u2713 Task completed in 4495ms\n[12:52:21] INFO: Cache refreshed\nNODE_ENV=test\n[12:52:21] DEBUG: Loading configuration\nSwitched to branch 'hotfix/task-681'\nArtifact uploaded: build.tar.gz (11MB)\nStep 13/19: Running migrations\n\u26a0 DEPRECATION: Feature will be removed in v5.0\nException: ValueError\nArtifact downloaded: 23MB\npip: Downloading prettier-1.11.tar.gz\nStep 12/25: Installing dependencies\nStep 2/19: Testing\n[12:52:21] INFO: Cache refreshed\nCompiling utils/utils.go...\nOK\n[12:52:21] INFO: Processing request\n\u2713 All checks passed\nFetching from https://github.com/package.json\n[12:52:21] DEBUG: Connection pool: 5 active\nArtifact uploaded: dist.zip (13MB)\n[12:52:21] INFO: Connecting to database\nOptimizing 11 modules...\nCompiling src/handler.rs...\n[12:52:21] DEBUG: Loading configuration\n[12:52:21] INFO: Starting build process\n[12:52:21] ERROR: Connection failed\n[12:52:21] DEBUG: Memory usage: 1890MB\nUsing Node.js 17.17.10\nStep 3/20: Building\nChecking out master branch\npip install: Successfully installed axios-3.9\nStep 16/22: Building\nPOST /upload - 201 (190ms)\nUploading artifact 'build' (30 files)\nCreating production build...\n[12:52:21] DEBUG: Query executed in 60ms\nLayer 5/14: COPY command\nPlatform: darwin-arm64\nCompiling src/service.java...\n\u2713 Task completed in 782ms\nSnapshots: 9 passed, 18 total\n\u2713 All checks passed\nStep 17/23: Running migrations\nAlready up to date.\nTLS handshake completed\n\u26a0 DEPRECATION: Feature will be removed in v2.0\n[12:52:21] DEBUG: Memory usage: 1857MB\npip: Collecting axios\nnpm install: resolved 1183 packages\nWaiting...\n[12:52:21] INFO: Request completed\nWaiting...\nTime: 60.168s\nProcessing...\n\u2713 Task completed in 4937ms\nSnapshots: 27 passed, 16 total\nConnection established\nTransforming 815 files...\nOptimizing 83 modules...\n=== Step deploy_production completed ===\n=== Step: restore_cache ===\nNODE_ENV=development\nUploading artifact 'coverage' (38 files)\n\u2713 Step 'setup' succeeded\nCreating production build...\nNODE_ENV=development\nOptimizing 43 modules...\n\u26a0 DEPRECATION: Feature will be removed in v4.0\n[12:52:21] DEBUG: Query executed in 13ms\nTest Suites: 14 passed, 16 total\n\u26a0 DEPRECATION: Feature will be removed in v2.0\n[12:52:21] INFO: Starting build process\n\u2717 build failed with exit code 6\nCache invalidated: dependencies\nLayer 8/11: RUN command\nTest Suites: 19 passed, 21 total\nArtifact uploaded: dist.zip (7MB)\n[12:52:21] ERROR: Connection failed\nCache restored successfully (443MB)\n\u26a0 DEPRECATION: Feature will be removed in v3.0\npip: Installing build dependencies...\nCompiling components/handler.rs...\n[12:52:21] INFO: Starting build process\nOptimizing 17 modules...\n\u26a0 DEPRECATION: Feature will be removed in v4.0\nCompleted.\nTime: 62.969s\n\u26a0 DEPRECATION: Feature will be removed in v2.0\nFAILED: test_cache_hit\n[12:52:21] INFO: Processing request\npip: Collecting prettier\n\u2717 build failed with exit code 76\n[12:52:21] INFO: Processing request\nTLS handshake completed\nRan 19 tests in 44s\nStep 10/20: Running migrations\nCache restored successfully (260MB)\nWaiting...\n[12:52:21] WARN: Deprecated API usage\n[12:52:21] INFO: Request completed\nSnapshots: 13 passed, 35 total\n[12:52:21] DEBUG: Initializing service\nPushing to registry...\nBuilding Docker image...\n[12:52:21] DEBUG: Loading configuration\nException: NullPointerException\nnpm notice: created a lockfile\n[12:52:21] DEBUG: Loading configuration\nnpm notice: created a lockfile\nUsing Node.js 16.0.4\nUploading artifact 'dist' (27 files)\nFetching submodules...\n[12:52:21] DEBUG: Query executed in 86ms\nInstalling axios@5.5.10\nSnapshots: 32 passed, 7 total\n\u2717 build failed with exit code 41\nPlatform: darwin-arm64\nArtifact uploaded: build.tar.gz (30MB)\n[12:52:21] INFO: Cache refreshed\nnpm install: added 73 packages\n[12:52:21] ERROR: Connection failed\nGET /api - 204 (10ms)\nStep 13/16: Linting\n  PASS: test_auth_login (149ms)\nBuilding Docker image...\nUsing Python 3.12\nEnvironment: production\nSnapshots: 44 passed, 20 total\nBundling main.js\nLoading...\n[12:52:21] DEBUG: Initializing service\nPushing to registry...\nException: ValueError\n[12:52:21] WARN: Deprecated API usage\n[12:52:21] WARN: Deprecated API usage\n[12:52:21] ERROR: Connection failed\n[12:52:21] INFO: Connecting to database\nCompleted.\nLayer 4/10: RUN command\nOptimizing 25 modules...\nLayer 2/10: RUN command\nGenerating source maps...\n\u2717 build failed with exit code 107\n[12:52:21] INFO: Processing request\npip: Collecting react\n[12:52:21] INFO: Request completed\n\u26a0 DEPRECATION: Feature will be removed in v5.0\nOK\n[12:52:21] INFO: Request completed\nCompiling components/handler.rs...\nImage pulled successfully\nTest Suites: 6 passed, 44 total\nUploading artifact 'build' (36 files)\n\u2713 Task completed in 1685ms\n[12:52:21] INFO: Processing request\nDone.\n[12:52:21] WARN: Deprecated API usage\n[12:52:21] INFO: Processing request\n  PASS: test_api_health (134ms)\nWARNING: express has known vulnerabilities\n\u2717 build failed with exit code 12\nStep 2/25: Running migrations\nMinifying main.js\nnpm notice: created a lockfile\nBuilding Docker image...\nNODE_ENV=development\nNODE_ENV=test\nCache invalidated: dependencies\n\u2713 All checks passed\nArtifact downloaded: 14MB\nArtifact uploaded: dist.zip (99MB)\nCompiling utils/app.ts...\nWARNING: prettier has known vulnerabilities\nPOST /api - 202 (381ms)\nEnvironment: development\nFetching submodules...\nTests: 286 passed, 315 total\nTransforming 957 files...\n\u26a0 DEPRECATION: Feature will be removed in v4.0\nMinifying vendor.js\nCompiling utils/main.py...\n[12:52:21] INFO: Cache refreshed\n[12:52:21] INFO: Connecting to database\nPushing to registry...\nStep 5/16: Installing dependencies\n[12:52:21] DEBUG: Connection pool: 8 active\nStep 6/23: Testing\n\u2713 All checks passed\n\u2713 Step 'setup' succeeded\n\u2713 All checks passed\nPOST /upload - 200 (26ms)\nEnvironment: development\nEnvironment: development\nTLS handshake completed\n[12:52:21] ERROR: Connection failed\nnpm install: resolved 1937 packages\n[12:52:21] DEBUG: Loading configuration\nWARNING: webpack has known vulnerabilities\nnpm install: added 251 packages\n[12:52:21] INFO: Connecting to database\nSwitched to branch 'hotfix/task-340'\nConnection established\nStep 6/19: Testing\nArtifact uploaded: build.tar.gz (32MB)\nEnvironment: staging\nPulling image: python:latest\n[12:52:21] DEBUG: Memory usage: 1149MB\nCache hit for key-5275\nCompiling src/app.ts...\nUsing Node.js 15.0.2\nStep 15/21: Testing\npip install: Successfully installed jest-1.12\nDone.\nWARNING: express has known vulnerabilities\nStep 20/16: Deploying\n[12:52:21] INFO: Processing request\nLoading...\npip: Installing build dependencies...\nTLS handshake completed\nBuilding Docker image...\n[12:52:21] INFO: Request completed\n[12:52:21] WARN: Deprecated API usage\nCompiling lib/main.py...\nCompiling components/utils.go...\nFinished.\nStep 4/24: Deploying\nCache hit for key-6118\nCompleted.\nUploading artifact 'coverage' (1 files)\nAlready up to date.\nOptimizing 22 modules...\npip install: Successfully installed eslint-2.6\nPushing to registry...\n\u2713 All checks passed\n[12:52:21] INFO: Connecting to database\n[12:52:21] INFO: Starting build process\nVerifying...\nRan 69 tests in 58s\nSwitched to branch 'feature/task-519'\nMinifying vendor.js\nException: RuntimeError\n\u2713 test completed\n\u2713 All checks passed\npip install: Successfully installed lodash-3.0\nFetching submodules...\nProcessing...\n  PASS: e2e/test_auth_login.spec.js\n  PASS: e2e/test_cache_hit.spec.js\nTransforming 746 files...\n  PASS: test_auth_login (337ms)\n=== Step restore_cache completed ===\n=== Step: setup_environment ===\nNODE_ENV=production\nPulling image: python:18\nCompiling components/handler.rs...\n\u2713 Step 'build' succeeded\nCompleted.\nnpm notice: created a lockfile\n  PASS: test_cache_hit (149ms)\n[12:52:21] DEBUG: Initializing service\nCompiling src/utils.go...\nDone.\n[12:52:21] DEBUG: Memory usage: 1630MB\nBundling vendor.css\nnpm notice: created a lockfile\nCache restored successfully (258MB)\n[12:52:21] DEBUG: Initializing service\nFetching submodules...\nTest Suites: 20 passed, 28 total\nUsing Python 3.12\n  PASS: e2e/test_api_health.spec.js\nFinished.\nRan 82 tests in 4s\n\u26a0 DEPRECATION: Feature will be removed in v5.0\n[12:52:21] INFO: Connecting to database\nSuccess!\nnpm notice: created a lockfile\nFinished.\nTLS handshake completed\n\u2713 All checks passed\nGET /api - 201 (24ms)\nUsing Python 3.10\nOK\nEnvironment: development\n[12:52:21] INFO: Cache refreshed\nAlready up to date.\n[12:52:21] INFO: Request completed\n\u2713 Step 'checkout' succeeded\nPlatform: darwin-arm64\nWaiting...\nnpm install: added 206 packages\npip: Installing build dependencies...\n\u26a0 DEPRECATION: Feature will be removed in v4.0\nFetching from https://amazonaws.com/package.json\nUsing Python 3.10\nWARNING: express has known vulnerabilities\nTransforming 277 files...\n\u26a0 DEPRECATION: Feature will be removed in v3.0\nStep 5/21: Testing\nNODE_ENV=development\nStep 10/17: Running migrations\npip: Downloading express-1.7.tar.gz\nArtifact uploaded: build.tar.gz (24MB)\n[12:52:21] DEBUG: Initializing service\n\u26a0 DEPRECATION: Feature will be removed in v3.0\nNODE_ENV=development\n[12:52:21] DEBUG: Loading configuration\nnpm notice: created a lockfile\nPOST /data - 201 (448ms)\n\u2713 Step 'build' succeeded\nFAILED: test_user_create\nCompiling lib/app.ts...\nCompleted.\n[12:52:21] DEBUG: Memory usage: 474MB\nWaiting...\nLoading...\npip: Collecting lodash\nLayer 8/15: RUN command\n[12:52:21] DEBUG: Loading configuration\nCache restored successfully (296MB)\n[12:52:21] DEBUG: Initializing service\n\u26a0 DEPRECATION: Feature will be removed in v4.0\nCompiling src/service.java...\nyarn add: Done in 16.31s\nChecking out develop branch\nOptimizing 79 modules...\nUploading artifact 'coverage' (24 files)\nnpm install: resolved 1550 packages\nCache hit for key-9497\n\u2713 Step 'setup' succeeded\n[12:52:21] DEBUG: Query executed in 83ms\nPOST /api - 200 (364ms)\n[12:52:21] DEBUG: Connection pool: 7 active\nPlatform: linux-x64\nArtifact downloaded: 14MB\n\u2713 Task completed in 3470ms\nCache saved successfully\n[12:52:21] INFO: Processing request\nArtifact uploaded: build.tar.gz (1MB)\nEnvironment: development\n[12:52:21] INFO: Cache refreshed\n[12:52:21] DEBUG: Memory usage: 1034MB\nWARNING: react has known vulnerabilities\nnpm install: added 489 packages\nUsing Python 3.12\nGET /api - 201 (65ms)\n[12:52:21] WARN: Deprecated API usage\n[12:52:21] INFO: Connecting to database\n[12:52:21] INFO: Starting build process\nSwitched to branch 'hotfix/task-949'\nCompiling utils/handler.rs...\n\u2713 All checks passed\nCreating production build...\n[12:52:21] DEBUG: Loading configuration\nFinished.\nCache invalidated: node_modules\n\u2713 All checks passed\nBundling runtime.js\nCreating production build...\nStep 4/18: Running migrations\nOptimizing 81 modules...\nnpm notice: package.json updated\n[12:52:21] DEBUG: Memory usage: 1606MB\nArtifact uploaded: build.tar.gz (36MB)\nWARNING: express has known vulnerabilities\nStep 4/22: Installing dependencies\nHEAD is now at 22efccf\nBundling styles.js\nSnapshots: 38 passed, 16 total\n\u26a0 DEPRECATION: Feature will be removed in v4.0\nChecking out develop branch\n\u2713 Task completed in 1363ms\nDone.\nFAILED: test_auth_login\nVerifying...\nConnection established\nStep 19/20: Testing\n\u2713 Step 'checkout' succeeded\nMinifying vendor.js\npip: Installing build dependencies...\nStep 3/19: Linting\nEnvironment: staging\nReady.\nnpm install: added 121 packages\n[12:52:21] INFO: Starting build process\nArtifact uploaded: build.tar.gz (17MB)\nVerifying...\nCache miss for key-4755\nLoading...\nSnapshots: 28 passed, 47 total\nProcessing...\nOptimizing 41 modules...\nUsing Node.js 20.7.10\nAlready up to date.\nLoading...\nUploading artifact 'build' (33 files)\nTest Suites: 18 passed, 38 total\nUsing Node.js 16.7.8\nPlatform: linux-x64\nCache restored successfully (148MB)\n[12:52:21] DEBUG: Connection pool: 19 active\nOK\nArtifact uploaded: build.tar.gz (50MB)\nOK\nCoverage: 75% statements, 98% branches\nTests: 266 passed, 392 total\nPushing to registry...\n\u26a0 DEPRECATION: Feature will be removed in v3.0\nStep 16/17: Building\n[12:52:21] DEBUG: Query executed in 88ms\nLayer 1/10: RUN command\nCreating production build...\nCompiling lib/index.js...\nyarn add: Done in 13.74s\n[12:52:21] WARN: Deprecated API usage\n  PASS: test_api_health (80ms)\nDone.\nHEAD is now at e363c4c\n[12:52:21] INFO: Starting build process\nOK\n[12:52:21] WARN: Deprecated API usage\nSuccess!\nArtifact downloaded: 39MB\n[12:52:21] ERROR: Connection failed\nProcessing...\nArtifact downloaded: 35MB\nSnapshots: 12 passed, 2 total\nCache invalidated: node_modules\nTLS handshake completed\nArtifact uploaded: build.tar.gz (33MB)\nFetching submodules...\nStep 6/18: Installing dependencies\nCache hit for key-4507\nOptimizing 26 modules...\nWARNING: axios has known vulnerabilities\nCache miss for key-3067\n\u2713 Step 'build' succeeded\nImage pulled successfully\nGenerating source maps...\nCache saved successfully\nLoading...\n=== Step setup_environment completed ===\n=== Step: save_cache ===\nMinifying main.js\nPushing to registry...\nAlready up to date.\nException: TypeError\nArtifact downloaded: 43MB\nUploading artifact 'coverage' (24 files)\npip install: Successfully installed react-4.4\n[12:52:21] WARN: Deprecated API usage\n[12:52:21] INFO: Processing request\nCoverage: 92% statements, 89% branches\npip install: Successfully installed lodash-4.16\npip: Installing build dependencies...\n[12:52:21] WARN: Deprecated API usage\nnpm notice: package.json updated\nCache saved successfully\nFetching submodules...\nTest Suites: 35 passed, 10 total\nAlready up to date.\nGenerating source maps...\nCreating production build...\nFetching from https://docker.io/package.json\nStep 9/17: Installing dependencies\nArtifact downloaded: 39MB\n\u2713 lint completed\n[12:52:21] DEBUG: Loading configuration\nOptimizing 55 modules...\nCompiling components/app.ts...\n[12:52:21] DEBUG: Loading configuration\nTime: 56.806s\nLayer 10/9: COPY command\nStep 10/25: Testing\n[12:52:21] WARN: Deprecated API usage\nCache miss for key-7458\nStep 12/25: Installing dependencies\nCache miss for key-9779\nCoverage: 98% statements, 87% branches\n\u2717 build failed with exit code 91\nStep 5/15: Deploying\nCompiling utils/utils.go...\n[12:52:21] WARN: Deprecated API usage\n[12:52:21] DEBUG: Loading configuration\nTransforming 916 files...\n[12:52:21] DEBUG: Memory usage: 515MB\n[12:52:21] WARN: Deprecated API usage\nCompiling lib/main.py...\npip: Collecting jest\n[12:52:21] INFO: Cache refreshed\nCache hit for key-1527\n\u26a0 DEPRECATION: Feature will be removed in v5.0\n\u2713 Task completed in 1504ms\nException: RuntimeError\nnpm install: added 134 packages\nFetching submodules...\npip: Installing build dependencies...\nCompiling components/index.js...\n\u26a0 DEPRECATION: Feature will be removed in v2.0\n\u2717 build failed with exit code 68\nTransforming 140 files...\nTest Suites: 11 passed, 26 total\nLayer 1/15: COPY command\nFinished.\nWARNING: jest has known vulnerabilities\nLayer 10/10: RUN command\nWARNING: jest has known vulnerabilities\nInstalling webpack@4.14.4\nCoverage: 78% statements, 77% branches\nStep 16/21: Installing dependencies\nPlatform: darwin-arm64\nArtifact uploaded: dist.zip (47MB)\nCompiling components/utils.go...\nGenerating source maps...\nOK\nAlready up to date.\nInstalling express@2.2.5\nArtifact uploaded: build.tar.gz (16MB)\nMinifying main.js\nDone.\nCoverage: 96% statements, 77% branches\nUsing Python 3.11\nFetching from https://googleapis.com/package.json\nFetching from https://npmjs.org/package.json\nStep 16/17: Building\nLayer 3/11: ENV command\nCache saved successfully\nCoverage: 72% statements, 83% branches\nLoading...\nCompiling lib/utils.go...\nTime: 107.415s\nChecking out master branch\nVerifying...\nPOST /data - 202 (11ms)\nFetching from https://docker.io/package.json\nDone.\nCompiling components/handler.rs...\nUsing Node.js 17.2.1\nCompiling utils/utils.go...\n\u2713 Task completed in 3524ms\nProcessing...\nProcessing...\nWaiting...\n\u2713 Step 'test' succeeded\nFetching from https://registry.npmjs.org/package.json\nCompiling lib/index.js...\n[12:52:21] DEBUG: Memory usage: 1611MB\nArtifact uploaded: build.tar.gz (33MB)\nUsing Node.js 18.19.6\n[12:52:21] WARN: Deprecated API usage\n[12:52:21] INFO: Processing request\nCompleted.\nChecking out master branch\nTest Suites: 18 passed, 25 total\n  PASS: integration/test_api_health.spec.js\nStep 14/18: Building\nFinished.\nCache hit for key-6409\nCache saved successfully\nTLS handshake completed\n\u2713 validate completed\n[12:52:21] INFO: Cache refreshed\nCache saved successfully\nCompiling utils/main.py...\nConnection established\n[12:52:21] DEBUG: Query executed in 1ms\npip: Installing build dependencies...\n[12:52:21] INFO: Request completed\nCache hit for key-6561\nEnvironment: development\nOK\nStep 15/21: Installing dependencies\nCompiling utils/index.js...\nUsing Python 3.10\n[12:52:21] INFO: Cache refreshed\nTest Suites: 7 passed, 25 total\n[12:52:21] INFO: Cache refreshed\npip install: Successfully installed express-2.17\npip install: Successfully installed react-5.0\nArtifact downloaded: 9MB\nStep 17/23: Deploying\nPulling image: node:3.11\nCompiling lib/app.ts...\nGenerating source maps...\nCache invalidated: build\nFAILED: test_db_connect\nCache saved successfully\nMinifying vendor.js\nCompiling utils/handler.rs...\npip: Collecting lodash\nTest Suites: 9 passed, 35 total\nMinifying vendor.js\nStep 16/15: Linting\n[12:52:21] ERROR: Connection failed\nTests: 152 passed, 149 total\nArtifact downloaded: 37MB\nProcessing...\nInstalling webpack@3.8.2\nCache restored successfully (392MB)\npip: Collecting prettier\nSnapshots: 44 passed, 13 total\nTLS handshake completed\nCompiling utils/app.ts...\nArtifact uploaded: build.tar.gz (34MB)\n[12:52:21] ERROR: Connection failed\nCache miss for key-1317\nProcessing...\nWaiting...\n\u26a0 DEPRECATION: Feature will be removed in v3.0\nnpm notice: package.json updated\nArtifact uploaded: dist.zip (85MB)\nDone.\nnpm notice: created a lockfile\nCompiling components/main.py...\n[12:52:21] DEBUG: Initializing service\nCache saved successfully\n[12:52:21] DEBUG: Initializing service\nStep 8/15: Linting\n[12:52:21] INFO: Connecting to database\n[12:52:21] INFO: Starting build process\nGenerating source maps...\nArtifact uploaded: build.tar.gz (17MB)\n[12:52:21] INFO: Processing request\n[12:52:21] ERROR: Connection failed\n\u2713 Step 'setup' succeeded\npip: Collecting lodash\n[12:52:21] INFO: Cache refreshed\n[12:52:21] INFO: Connecting to database\nStep 10/19: Testing\nStep 6/16: Running migrations\nMinifying app.js\nCoverage: 86% statements, 73% branches\n=== Step save_cache completed ===",
    "steps": [
      {
        "name": "lint",
        "status": "success",
        "started_at": "2025-12-13T12:52:21.851154",
        "finished_at": "2025-12-13T12:52:39.420693",
        "log_lines": [
          "=== Step: lint ===",
          "pip: Collecting prettier",
          "pip: Downloading express-5.11.tar.gz",
          "npm notice: package.json updated",
          "pip: Collecting axios",
          "[12:52:21] DEBUG: Initializing service",
          "Test Suites: 47 passed, 36 total",
          "Fetching submodules...",
          "Uploading artifact 'dist' (50 files)",
          "Pushing to registry...",
          "Cache miss for key-8939",
          "  PASS: test_user_create (401ms)",
          "FAILED: test_api_health",
          "[12:52:21] INFO: Request completed",
          "Uploading artifact 'dist' (44 files)",
          "[12:52:21] INFO: Cache refreshed",
          "[12:52:21] DEBUG: Initializing service",
          "Artifact downloaded: 19MB",
          "Step 20/18: Deploying",
          "POST /api - 201 (310ms)",
          "Time: 70.791s",
          "  PASS: test_cache_hit (356ms)",
          "Step 17/23: Running migrations",
          "Cache invalidated: dependencies",
          "Step 14/16: Installing dependencies",
          "Fetching submodules...",
          "pip install: Successfully installed lodash-2.20",
          "Switched to branch 'bugfix/task-480'",
          "WARNING: prettier has known vulnerabilities",
          "Bundling styles.js",
          "Step 8/25: Testing",
          "[12:52:21] DEBUG: Connection pool: 12 active",
          "Layer 5/10: COPY command",
          "Finished.",
          "Finished.",
          "Step 6/20: Building",
          "Time: 10.391s",
          "NODE_ENV=development",
          "[12:52:21] INFO: Connecting to database",
          "Snapshots: 14 passed, 14 total",
          "yarn add: Done in 12.8s",
          "[12:52:21] WARN: Deprecated API usage",
          "[12:52:21] INFO: Processing request",
          "Switched to branch 'bugfix/task-640'",
          "Artifact downloaded: 3MB",
          "Image pulled successfully",
          "[12:52:21] INFO: Request completed",
          "[12:52:21] WARN: Deprecated API usage",
          "\u26a0 DEPRECATION: Feature will be removed in v5.0",
          "Artifact uploaded: dist.zip (97MB)",
          "Loading...",
          "Step 13/20: Building",
          "npm notice: package.json updated",
          "OK",
          "[12:52:21] WARN: Deprecated API usage",
          "\u2713 Step 'setup' succeeded",
          "[12:52:21] INFO: Processing request",
          "Pushing to registry...",
          "HEAD is now at 8e72e2c",
          "Optimizing 90 modules...",
          "[12:52:21] WARN: Deprecated API usage",
          "Connection established",
          "Snapshots: 31 passed, 50 total",
          "\u26a0 DEPRECATION: Feature will be removed in v3.0",
          "Success!",
          "Pushing to registry...",
          "npm notice: created a lockfile",
          "Already up to date.",
          "Generating source maps...",
          "GET /api - 200 (20ms)",
          "Building Docker image...",
          "  PASS: unit/test_auth_login.spec.js",
          "Test Suites: 16 passed, 39 total",
          "\u2717 build failed with exit code 36",
          "Generating source maps...",
          "OK",
          "WARNING: prettier has known vulnerabilities",
          "Artifact uploaded: dist.zip (97MB)",
          "WARNING: webpack has known vulnerabilities",
          "Success!",
          "Bundling styles.js",
          "[12:52:21] INFO: Cache refreshed",
          "Step 16/17: Building",
          "Step 13/15: Linting",
          "Image pulled successfully",
          "Environment: development",
          "Already up to date.",
          "\u2713 Step 'install' succeeded",
          "Environment: test",
          "Finished.",
          "HEAD is now at 421bd26",
          "Step 13/20: Deploying",
          "Tests: 289 passed, 404 total",
          "Step 3/24: Deploying",
          "POST /upload - 200 (302ms)",
          "[12:52:21] WARN: Deprecated API usage",
          "Step 17/16: Linting",
          "pip install: Successfully installed eslint-4.8",
          "WARNING: express has known vulnerabilities",
          "Ran 16 tests in 33s",
          "Cache miss for key-2462",
          "npm notice: created a lockfile",
          "Artifact uploaded: build.tar.gz (23MB)",
          "[12:52:21] INFO: Connecting to database",
          "WARNING: jest has known vulnerabilities",
          "Step 9/25: Deploying",
          "yarn add: Done in 7.26s",
          "[12:52:21] INFO: Request completed",
          "Step 12/15: Testing",
          "Coverage: 87% statements, 85% branches",
          "WARNING: prettier has known vulnerabilities",
          "Generating source maps...",
          "Compiling components/utils.go...",
          "npm notice: package.json updated",
          "WARNING: prettier has known vulnerabilities",
          "GET /health - 200 (10ms)",
          "[12:52:21] WARN: Deprecated API usage",
          "Artifact uploaded: dist.zip (27MB)",
          "[12:52:21] DEBUG: Connection pool: 7 active",
          "pip: Downloading eslint-3.12.tar.gz",
          "[12:52:21] WARN: Deprecated API usage",
          "Image pulled successfully",
          "pip: Installing build dependencies...",
          "Exception: TypeError",
          "Connection established",
          "HEAD is now at c3e340a",
          "Verifying...",
          "WARNING: webpack has known vulnerabilities",
          "WARNING: webpack has known vulnerabilities",
          "Artifact downloaded: 50MB",
          "\u2713 validate completed",
          "Compiling utils/handler.rs...",
          "Cache restored successfully (23MB)",
          "Processing...",
          "Installing prettier@2.15.0",
          "Cache invalidated: node_modules",
          "pip: Downloading prettier-1.0.tar.gz",
          "Platform: linux-x64",
          "Ready.",
          "Already up to date.",
          "Compiling components/app.ts...",
          "npm install: resolved 684 packages",
          "Step 2/16: Building",
          "Ran 98 tests in 57s",
          "Step 11/23: Testing",
          "Step 10/19: Linting",
          "Success!",
          "Step 17/17: Linting",
          "npm notice: package.json updated",
          "Step 12/16: Deploying",
          "Finished.",
          "Artifact uploaded: dist.zip (33MB)",
          "[12:52:21] WARN: Deprecated API usage",
          "npm install: added 329 packages",
          "POST /data - 200 (444ms)",
          "pip: Downloading prettier-5.12.tar.gz",
          "Step 20/18: Testing",
          "  PASS: unit/test_cache_hit.spec.js",
          "Compiling utils/index.js...",
          "Already up to date.",
          "WARNING: eslint has known vulnerabilities",
          "Creating production build...",
          "Step 3/21: Installing dependencies",
          "POST /upload - 202 (479ms)",
          "Test Suites: 30 passed, 42 total",
          "[12:52:21] WARN: Deprecated API usage",
          "Processing...",
          "[12:52:21] DEBUG: Query executed in 94ms",
          "Bundling vendor.js",
          "pip install: Successfully installed prettier-5.10",
          "WARNING: express has known vulnerabilities",
          "Creating production build...",
          "Checking out master branch",
          "yarn add: Done in 14.86s",
          "\u2713 All checks passed",
          "Building Docker image...",
          "Compiling components/main.py...",
          "OK",
          "Checking out main branch",
          "Artifact uploaded: build.tar.gz (27MB)",
          "  PASS: test_user_create (3ms)",
          "Bundling vendor.css",
          "pip: Downloading express-1.9.tar.gz",
          "Step 13/23: Deploying",
          "Step 7/15: Building",
          "Environment: staging",
          "Cache miss for key-5798",
          "Pushing to registry...",
          "[12:52:21] DEBUG: Initializing service",
          "Artifact uploaded: dist.zip (42MB)",
          "=== Step lint completed ==="
        ]
      },
      {
        "name": "integration_tests",
        "status": "success",
        "started_at": "2025-12-13T12:52:39.420693",
        "finished_at": "2025-12-13T12:53:14.559771",
        "log_lines": [
          "=== Step: integration_tests ===",
          "Environment: development",
          "[12:52:21] DEBUG: Memory usage: 387MB",
          "Waiting...",
          "Step 1/16: Building",
          "Step 6/16: Deploying",
          "Cache miss for key-7904",
          "Image pulled successfully",
          "Checking out master branch",
          "[12:52:21] INFO: Processing request",
          "Cache hit for key-3727",
          "Completed.",
          "[12:52:21] INFO: Starting build process",
          "[12:52:21] ERROR: Connection failed",
          "Snapshots: 16 passed, 28 total",
          "HEAD is now at c0adb7a",
          "Waiting...",
          "Minifying main.js",
          "Tests: 468 passed, 142 total",
          "Using Node.js 19.12.6",
          "npm notice: package.json updated",
          "Transforming 852 files...",
          "Step 11/20: Deploying",
          "Processing...",
          "Tests: 375 passed, 283 total",
          "npm install: resolved 1540 packages",
          "Step 9/21: Installing dependencies",
          "\u2713 Step 'build' succeeded",
          "\u2713 build completed",
          "Cache hit for key-2274",
          "Step 8/21: Linting",
          "yarn add: Done in 27.17s",
          "Compiling components/main.py...",
          "[12:52:21] INFO: Connecting to database",
          "Waiting...",
          "Completed.",
          "[12:52:21] INFO: Processing request",
          "npm install: added 204 packages",
          "Waiting...",
          "Layer 5/14: ENV command",
          "[12:52:21] INFO: Starting build process",
          "Ready.",
          "\u2717 build failed with exit code 79",
          "Compiling components/utils.go...",
          "Using Node.js 19.17.6",
          "  PASS: test_api_health (183ms)",
          "Test Suites: 29 passed, 48 total",
          "Test Suites: 11 passed, 14 total",
          "POST /upload - 200 (108ms)",
          "Building Docker image...",
          "[12:52:21] INFO: Processing request",
          "\u26a0 DEPRECATION: Feature will be removed in v4.0",
          "OK",
          "\u2713 Task completed in 4817ms",
          "[12:52:21] INFO: Processing request",
          "Tests: 366 passed, 479 total",
          "Coverage: 96% statements, 82% branches",
          "[12:52:21] INFO: Cache refreshed",
          "Cache saved successfully",
          "Already up to date.",
          "[12:52:21] WARN: Deprecated API usage",
          "Fetching submodules...",
          "Cache restored successfully (132MB)",
          "Step 12/24: Testing",
          "Transforming 545 files...",
          "Minifying app.js",
          "Compiling src/service.java...",
          "Verifying...",
          "Done.",
          "pip: Installing build dependencies...",
          "npm install: resolved 426 packages",
          "Installing react@3.14.10",
          "Cache restored successfully (475MB)",
          "Completed.",
          "GET /health - 200 (93ms)",
          "Minifying vendor.js",
          "Uploading artifact 'build' (5 files)",
          "Waiting...",
          "\u2713 deploy completed",
          "OK",
          "[12:52:21] DEBUG: Loading configuration",
          "Installing axios@5.9.4",
          "Step 20/18: Linting",
          "Pushing to registry...",
          "Building Docker image...",
          "Step 19/22: Testing",
          "\u2717 build failed with exit code 67",
          "Done.",
          "Pulling image: node:3.11",
          "Exception: ValueError",
          "Optimizing 28 modules...",
          "pip: Installing build dependencies...",
          "Waiting...",
          "Connection established",
          "Fetching from https://pypi.org/package.json",
          "Finished.",
          "Transforming 143 files...",
          "Checking out develop branch",
          "Step 19/24: Building",
          "Loading...",
          "WARNING: axios has known vulnerabilities",
          "npm install: resolved 869 packages",
          "Pushing to registry...",
          "Waiting...",
          "[12:52:21] WARN: Deprecated API usage",
          "Cache invalidated: dependencies",
          "Step 16/24: Testing",
          "Switched to branch 'feature/task-853'",
          "Waiting...",
          "Using Python 3.10",
          "Bundling main.js",
          "Snapshots: 40 passed, 28 total",
          "Optimizing 16 modules...",
          "Already up to date.",
          "[12:52:21] DEBUG: Memory usage: 754MB",
          "Processing...",
          "npm notice: created a lockfile",
          "Bundling runtime.js",
          "Tests: 431 passed, 142 total",
          "POST /upload - 202 (467ms)",
          "Switched to branch 'bugfix/task-682'",
          "Completed.",
          "\u2713 Step 'build' succeeded",
          "Success!",
          "Completed.",
          "\u2713 deploy completed",
          "Step 11/25: Testing",
          "Cache saved successfully",
          "Exception: RuntimeError",
          "Cache restored successfully (122MB)",
          "Snapshots: 32 passed, 14 total",
          "Step 7/19: Deploying",
          "Compiling src/service.java...",
          "Using Python 3.12",
          "Creating production build...",
          "Processing...",
          "[12:52:21] INFO: Connecting to database",
          "[12:52:21] INFO: Connecting to database",
          "Test Suites: 34 passed, 20 total",
          "Step 14/25: Installing dependencies",
          "Bundling vendor.js",
          "pip install: Successfully installed express-3.14",
          "Cache hit for key-2365",
          "Minifying app.js",
          "Fetching from https://gcr.io/package.json",
          "[12:52:21] WARN: Deprecated API usage",
          "TLS handshake completed",
          "[12:52:21] DEBUG: Query executed in 81ms",
          "Cache restored successfully (52MB)",
          "\u26a0 DEPRECATION: Feature will be removed in v4.0",
          "Fetching from https://npmjs.org/package.json",
          "Optimizing 31 modules...",
          "Fetching submodules...",
          "Building Docker image...",
          "Fetching from https://github.com/package.json",
          "Processing...",
          "[12:52:21] DEBUG: Query executed in 5ms",
          "\u2713 Step 'test' succeeded",
          "Uploading artifact 'coverage' (16 files)",
          "Coverage: 97% statements, 60% branches",
          "[12:52:21] DEBUG: Query executed in 51ms",
          "Cache hit for key-6217",
          "Using Node.js 16.11.4",
          "yarn add: Done in 26.17s",
          "npm install: resolved 705 packages",
          "Step 9/25: Linting",
          "[12:52:21] INFO: Connecting to database",
          "Compiling components/index.js...",
          "[12:52:21] WARN: Deprecated API usage",
          "[12:52:21] ERROR: Connection failed",
          "Minifying app.js",
          "Layer 10/12: ENV command",
          "Compiling components/handler.rs...",
          "Bundling styles.js",
          "Time: 61.660s",
          "Ran 85 tests in 15s",
          "[12:52:21] INFO: Cache refreshed",
          "Cache restored successfully (354MB)",
          "Step 17/21: Building",
          "Cache saved successfully",
          "POST /api - 200 (152ms)",
          "POST /upload - 202 (270ms)",
          "\u2717 build failed with exit code 18",
          "Platform: darwin-arm64",
          "Ran 116 tests in 54s",
          "Platform: linux-x64",
          "[12:52:21] ERROR: Connection failed",
          "[12:52:21] INFO: Connecting to database",
          "Cache restored successfully (60MB)",
          "Generating source maps...",
          "=== Step integration_tests completed ==="
        ]
      },
      {
        "name": "deploy_staging",
        "status": "success",
        "started_at": "2025-12-13T12:53:14.559771",
        "finished_at": "2025-12-13T12:53:32.129310",
        "log_lines": [
          "=== Step: deploy_staging ===",
          "Image pulled successfully",
          "OK",
          "Step 1/24: Testing",
          "Artifact uploaded: build.tar.gz (39MB)",
          "npm install: resolved 1898 packages",
          "Test Suites: 21 passed, 48 total",
          "GET /health - 204 (79ms)",
          "Building Docker image...",
          "Already up to date.",
          "npm notice: created a lockfile",
          "Exception: ValueError",
          "Step 10/15: Testing",
          "Optimizing 36 modules...",
          "pip: Downloading axios-4.4.tar.gz",
          "Fetching from https://amazonaws.com/package.json",
          "Loading...",
          "[12:52:21] INFO: Request completed",
          "\u26a0 DEPRECATION: Feature will be removed in v4.0",
          "[12:52:21] INFO: Request completed",
          "Step 6/17: Installing dependencies",
          "npm install: added 396 packages",
          "[12:52:21] INFO: Connecting to database",
          "[12:52:21] INFO: Processing request",
          "Step 13/23: Installing dependencies",
          "Checking out develop branch",
          "GET /status - 201 (67ms)",
          "Verifying...",
          "Already up to date.",
          "Success!",
          "Creating production build...",
          "Step 11/16: Building",
          "Exception: NullPointerException",
          "Compiling components/main.py...",
          "\u2713 Step 'install' succeeded",
          "Coverage: 73% statements, 75% branches",
          "Compiling utils/index.js...",
          "Pulling image: alpine:3.11",
          "Already up to date.",
          "\u2713 Step 'install' succeeded",
          "[12:52:21] DEBUG: Initializing service",
          "Cache miss for key-5573",
          "npm notice: created a lockfile",
          "OK",
          "Step 8/20: Linting",
          "Fetching from https://googleapis.com/package.json",
          "Completed.",
          "TLS handshake completed",
          "Done.",
          "Cache restored successfully (189MB)",
          "HEAD is now at 26cf643",
          "[12:52:21] ERROR: Connection failed",
          "Cache saved successfully",
          "Ready.",
          "Fetching from https://npmjs.org/package.json",
          "[12:52:21] WARN: Deprecated API usage",
          "Cache invalidated: node_modules",
          "Using Python 3.12",
          "[12:52:21] WARN: Deprecated API usage",
          "Compiling utils/utils.go...",
          "Cache hit for key-1484",
          "[12:52:21] WARN: Deprecated API usage",
          "npm notice: created a lockfile",
          "Artifact uploaded: build.tar.gz (28MB)",
          "Step 12/25: Testing",
          "Building Docker image...",
          "npm install: added 111 packages",
          "Processing...",
          "\u2713 package completed",
          "[12:52:21] DEBUG: Query executed in 27ms",
          "Waiting...",
          "\u26a0 DEPRECATION: Feature will be removed in v2.0",
          "Waiting...",
          "pip: Installing build dependencies...",
          "Step 9/18: Deploying",
          "Artifact uploaded: build.tar.gz (17MB)",
          "Building Docker image...",
          "[12:52:21] INFO: Starting build process",
          "TLS handshake completed",
          "Image pulled successfully",
          "Optimizing 71 modules...",
          "Using Node.js 17.9.8",
          "pip install: Successfully installed lodash-5.19",
          "\u26a0 DEPRECATION: Feature will be removed in v5.0",
          "OK",
          "Step 17/24: Linting",
          "Artifact uploaded: build.tar.gz (41MB)",
          "Done.",
          "TLS handshake completed",
          "\u2713 All checks passed",
          "[12:52:21] INFO: Request completed",
          "Fetching from https://amazonaws.com/package.json",
          "[12:52:21] INFO: Processing request",
          "npm install: resolved 1201 packages",
          "\u2713 Task completed in 654ms",
          "Compiling utils/service.java...",
          "[12:52:21] INFO: Request completed",
          "Installing react@1.14.1",
          "Done.",
          "Installing prettier@2.1.8",
          "Compiling components/handler.rs...",
          "[12:52:21] INFO: Cache refreshed",
          "Already up to date.",
          "Minifying main.js",
          "Using Node.js 15.0.7",
          "[12:52:21] DEBUG: Memory usage: 1465MB",
          "Checking out main branch",
          "Test Suites: 41 passed, 15 total",
          "OK",
          "[12:52:21] INFO: Cache refreshed",
          "Loading...",
          "pip: Collecting eslint",
          "[12:52:21] INFO: Processing request",
          "[12:52:21] INFO: Starting build process",
          "\u2713 test completed",
          "Time: 94.997s",
          "Cache hit for key-7522",
          "Finished.",
          "Coverage: 70% statements, 65% branches",
          "Step 20/17: Deploying",
          "Transforming 211 files...",
          "npm notice: package.json updated",
          "Optimizing 47 modules...",
          "Artifact uploaded: build.tar.gz (12MB)",
          "Already up to date.",
          "TLS handshake completed",
          "Step 3/19: Running migrations",
          "OK",
          "[12:52:21] DEBUG: Loading configuration",
          "Compiling lib/app.ts...",
          "Switched to branch 'bugfix/task-411'",
          "Fetching submodules...",
          "Transforming 814 files...",
          "Step 18/25: Installing dependencies",
          "npm install: resolved 382 packages",
          "pip: Downloading lodash-5.20.tar.gz",
          "Platform: win32-x64",
          "Pushing to registry...",
          "Connection established",
          "Tests: 227 passed, 471 total",
          "Cache saved successfully",
          "Test Suites: 37 passed, 40 total",
          "[12:52:21] WARN: Deprecated API usage",
          "Completed.",
          "GET /status - 200 (84ms)",
          "Ready.",
          "Installing webpack@3.5.9",
          "[12:52:21] INFO: Starting build process",
          "Success!",
          "Fetching from https://docker.io/package.json",
          "  PASS: test_user_create (338ms)",
          "WARNING: eslint has known vulnerabilities",
          "Cache saved successfully",
          "Environment: production",
          "Fetching from https://docker.io/package.json",
          "Platform: win32-x64",
          "[12:52:21] INFO: Starting build process",
          "Compiling utils/main.py...",
          "pip: Downloading prettier-2.0.tar.gz",
          "Compiling src/index.js...",
          "[12:52:21] DEBUG: Connection pool: 15 active",
          "NODE_ENV=test",
          "Switched to branch 'bugfix/task-192'",
          "Creating production build...",
          "NODE_ENV=production",
          "GET /api - 204 (19ms)",
          "Time: 85.145s",
          "npm install: added 336 packages",
          "npm notice: created a lockfile",
          "Verifying...",
          "Tests: 224 passed, 311 total",
          "Processing...",
          "OK",
          "Cache restored successfully (79MB)",
          "yarn add: Done in 17.20s",
          "Processing...",
          "Uploading artifact 'dist' (4 files)",
          "Layer 5/12: RUN command",
          "Uploading artifact 'coverage' (43 files)",
          "Compiling src/main.py...",
          "POST /upload - 202 (411ms)",
          "WARNING: express has known vulnerabilities",
          "FAILED: test_api_health",
          "pip: Installing build dependencies...",
          "\u2713 Task completed in 4810ms",
          "Step 2/20: Testing",
          "Step 11/24: Building",
          "POST /upload - 201 (175ms)",
          "Test Suites: 7 passed, 15 total",
          "Step 16/24: Installing dependencies",
          "=== Step deploy_staging completed ==="
        ]
      },
      {
        "name": "build",
        "status": "success",
        "started_at": "2025-12-13T12:53:32.129310",
        "finished_at": "2025-12-13T12:54:24.837928",
        "log_lines": [
          "=== Step: build ===",
          "[12:52:21] INFO: Cache refreshed",
          "\u26a0 DEPRECATION: Feature will be removed in v2.0",
          "Completed.",
          "Checking out main branch",
          "HEAD is now at 4b8745d",
          "Bundling styles.js",
          "NODE_ENV=development",
          "Time: 38.27s",
          "Step 6/22: Deploying",
          "Cache hit for key-3465",
          "Uploading artifact 'dist' (21 files)",
          "Checking out main branch",
          "Layer 2/11: RUN command",
          "Exception: RuntimeError",
          "Using Node.js 20.4.5",
          "Cache saved successfully",
          "TLS handshake completed",
          "OK",
          "Generating source maps...",
          "Step 17/15: Building",
          "Cache restored successfully (109MB)",
          "Fetching submodules...",
          "Step 3/16: Deploying",
          "Cache saved successfully",
          "Step 4/19: Deploying",
          "OK",
          "\u2713 Task completed in 4273ms",
          "npm install: resolved 1756 packages",
          "[12:52:21] WARN: Deprecated API usage",
          "Exception: NullPointerException",
          "  PASS: test_db_connect (478ms)",
          "Cache invalidated: dependencies",
          "Processing...",
          "[12:52:21] INFO: Starting build process",
          "Fetching submodules...",
          "\u26a0 DEPRECATION: Feature will be removed in v2.0",
          "Image pulled successfully",
          "Platform: linux-x64",
          "Checking out develop branch",
          "Pulling image: python:18",
          "[12:52:21] DEBUG: Loading configuration",
          "Finished.",
          "pip: Downloading jest-5.19.tar.gz",
          "[12:52:21] INFO: Request completed",
          "Coverage: 70% statements, 79% branches",
          "  PASS: unit/test_cache_hit.spec.js",
          "pip install: Successfully installed webpack-5.13",
          "  PASS: test_auth_login (25ms)",
          "Verifying...",
          "\u2713 Task completed in 453ms",
          "Cache saved successfully",
          "NODE_ENV=production",
          "Artifact downloaded: 22MB",
          "[12:52:21] INFO: Processing request",
          "[12:52:21] DEBUG: Initializing service",
          "Bundling vendor.js",
          "Compiling utils/service.java...",
          "Done.",
          "HEAD is now at cf4faa1",
          "Transforming 358 files...",
          "npm install: resolved 1674 packages",
          "Ready.",
          "Generating source maps...",
          "Step 5/23: Linting",
          "Step 19/18: Running migrations",
          "  PASS: unit/test_api_health.spec.js",
          "\u2713 Task completed in 216ms",
          "Snapshots: 13 passed, 50 total",
          "Switched to branch 'feature/task-488'",
          "Cache invalidated: node_modules",
          "Environment: staging",
          "Ran 155 tests in 57s",
          "Cache restored successfully (159MB)",
          "[12:52:21] DEBUG: Initializing service",
          "pip: Downloading prettier-4.2.tar.gz",
          "Cache invalidated: node_modules",
          "[12:52:21] INFO: Request completed",
          "GET /api - 204 (91ms)",
          "\u2713 All checks passed",
          "Connection established",
          "Compiling src/index.js...",
          "Transforming 594 files...",
          "Environment: test",
          "[12:52:21] INFO: Starting build process",
          "Minifying vendor.js",
          "Completed.",
          "Cache saved successfully",
          "Switched to branch 'hotfix/task-133'",
          "TLS handshake completed",
          "Artifact uploaded: build.tar.gz (36MB)",
          "Pushing to registry...",
          "Image pulled successfully",
          "pip: Collecting lodash",
          "Cache hit for key-9822",
          "\u26a0 DEPRECATION: Feature will be removed in v4.0",
          "[12:52:21] DEBUG: Query executed in 12ms",
          "Cache restored successfully (353MB)",
          "\u26a0 DEPRECATION: Feature will be removed in v3.0",
          "Exception: ValueError",
          "[12:52:21] INFO: Cache refreshed",
          "[12:52:21] WARN: Deprecated API usage",
          "\u26a0 DEPRECATION: Feature will be removed in v2.0",
          "Fetching from https://npmjs.org/package.json",
          "Already up to date.",
          "Connection established",
          "\u2713 Task completed in 1498ms",
          "Processing...",
          "Bundling styles.css",
          "Done.",
          "Fetching from https://registry.npmjs.org/package.json",
          "\u26a0 DEPRECATION: Feature will be removed in v4.0",
          "[12:52:21] WARN: Deprecated API usage",
          "Done.",
          "\u2713 All checks passed",
          "Compiling components/utils.go...",
          "Test Suites: 8 passed, 12 total",
          "Fetching submodules...",
          "\u26a0 DEPRECATION: Feature will be removed in v4.0",
          "Cache miss for key-5927",
          "Verifying...",
          "Switched to branch 'bugfix/task-994'",
          "[12:52:21] INFO: Processing request",
          "npm notice: package.json updated",
          "Checking out main branch",
          "Pushing to registry...",
          "Finished.",
          "\u2717 build failed with exit code 41",
          "Installing jest@2.11.2",
          "Using Node.js 14.9.7",
          "\u2713 All checks passed",
          "Step 18/24: Building",
          "Coverage: 94% statements, 85% branches",
          "Processing...",
          "Building Docker image...",
          "Coverage: 95% statements, 94% branches",
          "Generating source maps...",
          "Artifact uploaded: build.tar.gz (29MB)",
          "Uploading artifact 'build' (31 files)",
          "Fetching from https://registry.npmjs.org/package.json",
          "Ready.",
          "npm notice: package.json updated",
          "Cache restored successfully (135MB)",
          "\u26a0 DEPRECATION: Feature will be removed in v5.0",
          "[12:52:21] ERROR: Connection failed",
          "Using Python 3.11",
          "Building Docker image...",
          "WARNING: jest has known vulnerabilities",
          "Using Node.js 19.9.8",
          "Fetching submodules...",
          "Bundling main.css",
          "Success!",
          "[12:52:21] INFO: Cache refreshed",
          "Switched to branch 'hotfix/task-417'",
          "npm install: resolved 713 packages",
          "[12:52:21] DEBUG: Memory usage: 413MB",
          "Building Docker image...",
          "\u26a0 DEPRECATION: Feature will be removed in v2.0",
          "Generating source maps...",
          "Switched to branch 'bugfix/task-674'",
          "Artifact uploaded: build.tar.gz (20MB)",
          "Layer 3/11: COPY command",
          "[12:52:21] INFO: Processing request",
          "Checking out main branch",
          "Building Docker image...",
          "\u2713 Task completed in 1217ms",
          "[12:52:21] INFO: Request completed",
          "Ready.",
          "WARNING: axios has known vulnerabilities",
          "pip: Installing build dependencies...",
          "Artifact uploaded: dist.zip (55MB)",
          "[12:52:21] DEBUG: Connection pool: 5 active",
          "\u2713 package completed",
          "Connection established",
          "Creating production build...",
          "Step 20/23: Linting",
          "Artifact downloaded: 30MB",
          "Step 17/20: Running migrations",
          "Pushing to registry...",
          "pip: Collecting react",
          "Success!",
          "Pulling image: python:latest",
          "Optimizing 78 modules...",
          "Artifact uploaded: dist.zip (28MB)",
          "Verifying...",
          "Time: 64.695s",
          "TLS handshake completed",
          "Optimizing 84 modules...",
          "Step 6/22: Testing",
          "[12:52:21] INFO: Connecting to database",
          "=== Step build completed ==="
        ]
      },
      {
        "name": "setup_node",
        "status": "success",
        "started_at": "2025-12-13T12:54:24.837928",
        "finished_at": "2025-12-13T12:54:42.407467",
        "log_lines": [
          "=== Step: setup_node ===",
          "\u2713 Step 'test' succeeded",
          "[12:52:21] DEBUG: Query executed in 77ms",
          "pip install: Successfully installed express-4.7",
          "\u26a0 DEPRECATION: Feature will be removed in v4.0",
          "Checking out master branch",
          "OK",
          "Artifact uploaded: build.tar.gz (32MB)",
          "[12:52:21] WARN: Deprecated API usage",
          "Already up to date.",
          "[12:52:21] DEBUG: Query executed in 75ms",
          "  PASS: integration/test_api_health.spec.js",
          "Transforming 435 files...",
          "Done.",
          "Step 7/22: Building",
          "Building Docker image...",
          "Waiting...",
          "Step 5/16: Testing",
          "npm install: resolved 1810 packages",
          "[12:52:21] DEBUG: Connection pool: 15 active",
          "[12:52:21] INFO: Processing request",
          "OK",
          "OK",
          "Using Python 3.10",
          "Ready.",
          "Cache hit for key-1451",
          "[12:52:21] DEBUG: Initializing service",
          "GET /api - 204 (25ms)",
          "Snapshots: 13 passed, 38 total",
          "yarn add: Done in 16.37s",
          "Transforming 123 files...",
          "Exception: RuntimeError",
          "Cache restored successfully (181MB)",
          "Using Node.js 20.13.4",
          "\u2717 build failed with exit code 109",
          "Cache restored successfully (297MB)",
          "Transforming 328 files...",
          "Compiling utils/app.ts...",
          "WARNING: prettier has known vulnerabilities",
          "yarn add: Done in 10.8s",
          "Step 5/19: Running migrations",
          "Waiting...",
          "[12:52:21] INFO: Request completed",
          "Step 17/24: Deploying",
          "Success!",
          "npm install: added 142 packages",
          "  PASS: test_api_health (453ms)",
          "Optimizing 14 modules...",
          "[12:52:21] INFO: Processing request",
          "yarn add: Done in 3.45s",
          "Loading...",
          "[12:52:21] DEBUG: Memory usage: 1093MB",
          "[12:52:21] DEBUG: Connection pool: 2 active",
          "Loading...",
          "Ran 121 tests in 27s",
          "Fetching submodules...",
          "pip: Collecting lodash",
          "WARNING: jest has known vulnerabilities",
          "Building Docker image...",
          "Compiling src/service.java...",
          "pip: Collecting eslint",
          "Step 14/21: Testing",
          "Ran 167 tests in 4s",
          "pip: Downloading react-5.6.tar.gz",
          "Snapshots: 40 passed, 8 total",
          "pip: Collecting express",
          "pip: Collecting axios",
          "pip: Downloading lodash-3.15.tar.gz",
          "[12:52:21] DEBUG: Memory usage: 1296MB",
          "Connection established",
          "Cache saved successfully",
          "Building Docker image...",
          "Test Suites: 37 passed, 13 total",
          "Done.",
          "[12:52:21] DEBUG: Initializing service",
          "Cache saved successfully",
          "[12:52:21] WARN: Deprecated API usage",
          "Step 17/25: Testing",
          "Loading...",
          "Time: 75.173s",
          "Building Docker image...",
          "Environment: staging",
          "Compiling utils/handler.rs...",
          "NODE_ENV=test",
          "Step 17/15: Installing dependencies",
          "Using Python 3.11",
          "\u2713 validate completed",
          "Compiling components/handler.rs...",
          "[12:52:21] WARN: Deprecated API usage",
          "\u2713 build completed",
          "GET /api - 204 (33ms)",
          "[12:52:21] INFO: Request completed",
          "Pushing to registry...",
          "[12:52:21] DEBUG: Initializing service",
          "Test Suites: 34 passed, 27 total",
          "[12:52:21] WARN: Deprecated API usage",
          "Installing prettier@1.1.3",
          "[12:52:21] INFO: Request completed",
          "Success!",
          "Platform: darwin-arm64",
          "pip install: Successfully installed webpack-5.6",
          "Compiling src/index.js...",
          "Connection established",
          "Cache restored successfully (122MB)",
          "[12:52:21] DEBUG: Connection pool: 10 active",
          "[12:52:21] DEBUG: Query executed in 6ms",
          "[12:52:21] INFO: Starting build process",
          "Time: 38.433s",
          "Step 17/19: Building",
          "WARNING: eslint has known vulnerabilities",
          "npm notice: created a lockfile",
          "[12:52:21] WARN: Deprecated API usage",
          "Ready.",
          "npm notice: package.json updated",
          "Compiling components/index.js...",
          "Done.",
          "npm install: resolved 849 packages",
          "Switched to branch 'hotfix/task-492'",
          "Artifact downloaded: 20MB",
          "Loading...",
          "Fetching submodules...",
          "Coverage: 75% statements, 62% branches",
          "Installing eslint@5.1.10",
          "Building Docker image...",
          "[12:52:21] DEBUG: Connection pool: 3 active",
          "yarn add: Done in 21.63s",
          "Cache restored successfully (87MB)",
          "GET /status - 200 (9ms)",
          "  PASS: test_user_create (110ms)",
          "TLS handshake completed",
          "[12:52:21] INFO: Connecting to database",
          "Step 18/21: Running migrations",
          "Generating source maps...",
          "Cache hit for key-7993",
          "\u26a0 DEPRECATION: Feature will be removed in v5.0",
          "Completed.",
          "Artifact uploaded: build.tar.gz (17MB)",
          "Minifying app.js",
          "POST /data - 200 (143ms)",
          "npm notice: created a lockfile",
          "Verifying...",
          "[12:52:21] DEBUG: Initializing service",
          "Minifying app.js",
          "npm notice: package.json updated",
          "Pulling image: alpine:latest",
          "[12:52:21] DEBUG: Initializing service",
          "Pushing to registry...",
          "npm notice: created a lockfile",
          "  PASS: integration/test_auth_login.spec.js",
          "npm notice: package.json updated",
          "Creating production build...",
          "\u2713 deploy completed",
          "npm notice: created a lockfile",
          "pip: Downloading jest-2.2.tar.gz",
          "\u2713 Step 'install' succeeded",
          "[12:52:21] ERROR: Connection failed",
          "[12:52:21] WARN: Deprecated API usage",
          "Building Docker image...",
          "pip: Collecting express",
          "  PASS: test_user_create (162ms)",
          "Ran 15 tests in 53s",
          "Cache restored successfully (438MB)",
          "pip install: Successfully installed jest-2.8",
          "Cache miss for key-5301",
          "Layer 3/14: RUN command",
          "Coverage: 72% statements, 65% branches",
          "Cache invalidated: dependencies",
          "Bundling styles.css",
          "Connection established",
          "npm install: added 471 packages",
          "Fetching submodules...",
          "Verifying...",
          "TLS handshake completed",
          "TLS handshake completed",
          "Waiting...",
          "pip: Collecting react",
          "Using Node.js 16.5.7",
          "pip install: Successfully installed lodash-5.8",
          "Pushing to registry...",
          "Fetching from https://github.com/package.json",
          "Step 6/20: Deploying",
          "Time: 109.49s",
          "Tests: 301 passed, 480 total",
          "TLS handshake completed",
          "Tests: 493 passed, 142 total",
          "Snapshots: 40 passed, 49 total",
          "pip install: Successfully installed jest-2.18",
          "\u2713 lint completed",
          "Bundling runtime.js",
          "Fetching from https://googleapis.com/package.json",
          "=== Step setup_node completed ==="
        ]
      },
      {
        "name": "checkout",
        "status": "success",
        "started_at": "2025-12-13T12:54:42.407467",
        "finished_at": "2025-12-13T12:54:49.435283",
        "log_lines": [
          "=== Step: checkout ===",
          "GET /api - 204 (45ms)",
          "Already up to date.",
          "[12:52:21] DEBUG: Query executed in 78ms",
          "\u2713 All checks passed",
          "Time: 16.931s",
          "\u2713 test completed",
          "Installing axios@1.4.10",
          "\u2713 Task completed in 3658ms",
          "[12:52:21] INFO: Request completed",
          "Step 20/23: Running migrations",
          "Step 6/15: Testing",
          "Success!",
          "Artifact uploaded: dist.zip (97MB)",
          "[12:52:21] DEBUG: Connection pool: 19 active",
          "[12:52:21] DEBUG: Loading configuration",
          "[12:52:21] INFO: Request completed",
          "Minifying main.js",
          "[12:52:21] INFO: Starting build process",
          "HEAD is now at 37aeef8",
          "\u2713 Step 'test' succeeded",
          "POST /upload - 201 (133ms)",
          "\u2713 build completed",
          "\u2713 Task completed in 3384ms",
          "Test Suites: 44 passed, 35 total",
          "NODE_ENV=development",
          "\u2713 Step 'build' succeeded",
          "Already up to date.",
          "Switched to branch 'bugfix/task-639'",
          "Coverage: 77% statements, 75% branches",
          "POST /upload - 201 (306ms)",
          "Pulling image: node:latest",
          "Verifying...",
          "Finished.",
          "Artifact downloaded: 32MB",
          "WARNING: react has known vulnerabilities",
          "Artifact uploaded: dist.zip (16MB)",
          "Success!",
          "Environment: staging",
          "Fetching from https://githubusercontent.com/package.json",
          "Cache saved successfully",
          "Processing...",
          "npm install: added 460 packages",
          "Already up to date.",
          "\u26a0 DEPRECATION: Feature will be removed in v4.0",
          "Compiling src/utils.go...",
          "Test Suites: 40 passed, 48 total",
          "\u26a0 DEPRECATION: Feature will be removed in v2.0",
          "Ready.",
          "Cache restored successfully (263MB)",
          "Connection established",
          "Switched to branch 'bugfix/task-890'",
          "Optimizing 45 modules...",
          "Using Python 3.10",
          "Time: 108.399s",
          "Step 3/17: Building",
          "\u2713 Task completed in 3984ms",
          "\u2713 test completed",
          "  PASS: unit/test_api_health.spec.js",
          "Fetching from https://googleapis.com/package.json",
          "Artifact uploaded: build.tar.gz (7MB)",
          "Tests: 251 passed, 373 total",
          "Processing...",
          "Step 11/15: Building",
          "pip: Collecting eslint",
          "pip: Collecting express",
          "TLS handshake completed",
          "Ready.",
          "pip: Downloading webpack-4.14.tar.gz",
          "POST /api - 202 (315ms)",
          "Cache hit for key-8484",
          "Cache hit for key-1014",
          "Test Suites: 10 passed, 10 total",
          "Step 19/22: Running migrations",
          "Compiling utils/utils.go...",
          "Compiling components/main.py...",
          "yarn add: Done in 4.40s",
          "Time: 85.654s",
          "Finished.",
          "Tests: 207 passed, 386 total",
          "Compiling src/service.java...",
          "Artifact uploaded: build.tar.gz (37MB)",
          "Connection established",
          "Step 12/25: Deploying",
          "\u2717 build failed with exit code 100",
          "[12:52:21] WARN: Deprecated API usage",
          "Step 19/19: Deploying",
          "npm notice: created a lockfile",
          "[12:52:21] DEBUG: Memory usage: 1203MB",
          "Layer 6/9: RUN command",
          "Optimizing 92 modules...",
          "Snapshots: 27 passed, 4 total",
          "[12:52:21] DEBUG: Connection pool: 20 active",
          "GET /api - 201 (80ms)",
          "\u2717 build failed with exit code 20",
          "Success!",
          "\u2713 Task completed in 3350ms",
          "Image pulled successfully",
          "Ready.",
          "Compiling utils/service.java...",
          "Done.",
          "[12:52:21] DEBUG: Initializing service",
          "Tests: 60 passed, 349 total",
          "pip: Collecting lodash",
          "Using Python 3.10",
          "Optimizing 53 modules...",
          "npm install: added 165 packages",
          "Creating production build...",
          "Finished.",
          "Cache saved successfully",
          "[12:52:21] WARN: Deprecated API usage",
          "yarn add: Done in 27.7s",
          "Pushing to registry...",
          "[12:52:21] WARN: Deprecated API usage",
          "\u26a0 DEPRECATION: Feature will be removed in v5.0",
          "Cache miss for key-5957",
          "Switched to branch 'bugfix/task-317'",
          "[12:52:21] WARN: Deprecated API usage",
          "yarn add: Done in 6.5s",
          "Connection established",
          "pip install: Successfully installed webpack-2.3",
          "npm install: resolved 1498 packages",
          "Using Node.js 19.11.3",
          "Waiting...",
          "Step 14/20: Testing",
          "Image pulled successfully",
          "[12:52:21] DEBUG: Query executed in 31ms",
          "[12:52:21] INFO: Cache refreshed",
          "pip: Collecting webpack",
          "Tests: 275 passed, 257 total",
          "Cache hit for key-3507",
          "Verifying...",
          "Step 12/15: Installing dependencies",
          "[12:52:21] INFO: Cache refreshed",
          "Connection established",
          "Step 10/24: Installing dependencies",
          "\u2713 Task completed in 2548ms",
          "Pulling image: python:18",
          "Building Docker image...",
          "Transforming 176 files...",
          "[12:52:21] INFO: Cache refreshed",
          "Step 8/23: Linting",
          "npm install: resolved 420 packages",
          "Generating source maps...",
          "  PASS: integration/test_db_connect.spec.js",
          "Done.",
          "Ready.",
          "OK",
          "Step 2/25: Installing dependencies",
          "[12:52:21] DEBUG: Memory usage: 415MB",
          "Step 14/20: Installing dependencies",
          "Pulling image: alpine:3.11",
          "[12:52:21] WARN: Deprecated API usage",
          "Loading...",
          "Fetching from https://amazonaws.com/package.json",
          "Bundling runtime.js",
          "Step 4/18: Deploying",
          "Building Docker image...",
          "Optimizing 18 modules...",
          "Compiling lib/app.ts...",
          "Fetching from https://googleapis.com/package.json",
          "Transforming 738 files...",
          "[12:52:21] INFO: Processing request",
          "[12:52:21] INFO: Starting build process",
          "pip: Installing build dependencies...",
          "\u2713 Task completed in 394ms",
          "TLS handshake completed",
          "Test Suites: 46 passed, 26 total",
          "pip: Collecting lodash",
          "Loading...",
          "Coverage: 80% statements, 71% branches",
          "Cache invalidated: dependencies",
          "Pulling image: python:18",
          "[12:52:21] DEBUG: Initializing service",
          "Waiting...",
          "Compiling lib/utils.go...",
          "WARNING: react has known vulnerabilities",
          "Artifact uploaded: dist.zip (8MB)",
          "Cache hit for key-6405",
          "Step 17/23: Building",
          "Building Docker image...",
          "Verifying...",
          "pip install: Successfully installed jest-2.2",
          "Cache saved successfully",
          "Image pulled successfully",
          "Compiling lib/handler.rs...",
          "Success!",
          "Minifying vendor.js",
          "[12:52:21] INFO: Connecting to database",
          "[12:52:21] DEBUG: Query executed in 78ms",
          "=== Step checkout completed ==="
        ]
      },
      {
        "name": "type_check",
        "status": "success",
        "started_at": "2025-12-13T12:54:49.435283",
        "finished_at": "2025-12-13T12:55:07.004822",
        "log_lines": [
          "=== Step: type_check ===",
          "Cache invalidated: dependencies",
          "Cache hit for key-1435",
          "Fetching from https://npmjs.org/package.json",
          "Layer 5/8: ENV command",
          "Transforming 589 files...",
          "Done.",
          "npm install: added 316 packages",
          "Loading...",
          "Done.",
          "\u26a0 DEPRECATION: Feature will be removed in v2.0",
          "Installing axios@1.16.5",
          "Installing prettier@1.16.4",
          "[12:52:21] INFO: Cache refreshed",
          "\u26a0 DEPRECATION: Feature will be removed in v3.0",
          "Processing...",
          "Artifact uploaded: dist.zip (11MB)",
          "[12:52:21] DEBUG: Query executed in 46ms",
          "Compiling utils/utils.go...",
          "Platform: linux-x64",
          "\u2713 build completed",
          "pip: Downloading lodash-4.5.tar.gz",
          "Loading...",
          "[12:52:21] INFO: Request completed",
          "Creating production build...",
          "Cache hit for key-1040",
          "Waiting...",
          "pip install: Successfully installed jest-1.9",
          "yarn add: Done in 7.9s",
          "  PASS: integration/test_db_connect.spec.js",
          "Building Docker image...",
          "\u26a0 DEPRECATION: Feature will be removed in v3.0",
          "Platform: win32-x64",
          "[12:52:21] DEBUG: Loading configuration",
          "Cache restored successfully (219MB)",
          "HEAD is now at e2882de",
          "\u26a0 DEPRECATION: Feature will be removed in v5.0",
          "[12:52:21] INFO: Request completed",
          "POST /upload - 201 (311ms)",
          "[12:52:21] INFO: Processing request",
          "[12:52:21] DEBUG: Memory usage: 1196MB",
          "Artifact downloaded: 5MB",
          "Time: 56.992s",
          "Artifact uploaded: build.tar.gz (37MB)",
          "Waiting...",
          "Ready.",
          "GET /status - 200 (34ms)",
          "Bundling runtime.css",
          "POST /data - 202 (414ms)",
          "HEAD is now at bd1cadc",
          "[12:52:21] DEBUG: Initializing service",
          "pip: Collecting react",
          "Step 18/25: Building",
          "Compiling src/handler.rs...",
          "Minifying vendor.js",
          "Done.",
          "Coverage: 81% statements, 96% branches",
          "Compiling lib/handler.rs...",
          "Step 16/19: Linting",
          "Using Node.js 20.16.5",
          "Cache saved successfully",
          "[12:52:21] INFO: Connecting to database",
          "[12:52:21] INFO: Processing request",
          "Snapshots: 14 passed, 26 total",
          "npm install: resolved 1656 packages",
          "Done.",
          "Step 9/18: Building",
          "WARNING: lodash has known vulnerabilities",
          "pip: Installing build dependencies...",
          "Step 10/20: Running migrations",
          "WARNING: prettier has known vulnerabilities",
          "npm notice: created a lockfile",
          "Uploading artifact 'coverage' (20 files)",
          "\u26a0 DEPRECATION: Feature will be removed in v4.0",
          "[12:52:21] DEBUG: Query executed in 98ms",
          "Using Python 3.10",
          "Layer 6/15: ENV command",
          "pip: Collecting lodash",
          "[12:52:21] WARN: Deprecated API usage",
          "Pushing to registry...",
          "WARNING: prettier has known vulnerabilities",
          "Pulling image: node:18",
          "Step 8/15: Installing dependencies",
          "Test Suites: 42 passed, 12 total",
          "Compiling src/handler.rs...",
          "Tests: 336 passed, 174 total",
          "[12:52:21] DEBUG: Query executed in 53ms",
          "[12:52:21] WARN: Deprecated API usage",
          "Cache saved successfully",
          "POST /upload - 200 (278ms)",
          "Cache miss for key-7119",
          "npm install: added 385 packages",
          "pip install: Successfully installed eslint-5.3",
          "Test Suites: 24 passed, 39 total",
          "Step 18/25: Running migrations",
          "\u2713 deploy completed",
          "[12:52:21] DEBUG: Connection pool: 15 active",
          "Step 17/24: Linting",
          "Time: 61.463s",
          "pip: Collecting express",
          "Optimizing 100 modules...",
          "Compiling components/index.js...",
          "Artifact uploaded: build.tar.gz (40MB)",
          "POST /upload - 200 (107ms)",
          "Ran 32 tests in 19s",
          "Step 4/22: Running migrations",
          "Processing...",
          "POST /data - 200 (228ms)",
          "Done.",
          "Environment: staging",
          "Bundling runtime.js",
          "Switched to branch 'feature/task-188'",
          "Compiling lib/utils.go...",
          "Pushing to registry...",
          "Compiling src/index.js...",
          "Cache hit for key-7986",
          "Layer 3/12: ENV command",
          "Optimizing 55 modules...",
          "\u2713 All checks passed",
          "Installing prettier@2.3.8",
          "[12:52:21] WARN: Deprecated API usage",
          "pip: Installing build dependencies...",
          "[12:52:21] DEBUG: Query executed in 2ms",
          "Layer 4/9: ENV command",
          "pip: Collecting prettier",
          "[12:52:21] INFO: Starting build process",
          "Compiling utils/utils.go...",
          "Compiling src/service.java...",
          "Already up to date.",
          "Coverage: 72% statements, 80% branches",
          "Processing...",
          "Time: 22.156s",
          "Step 8/16: Running migrations",
          "[12:52:21] DEBUG: Loading configuration",
          "Cache miss for key-3522",
          "POST /api - 202 (116ms)",
          "\u2713 validate completed",
          "Transforming 239 files...",
          "Platform: linux-x64",
          "pip: Downloading lodash-3.8.tar.gz",
          "Snapshots: 44 passed, 18 total",
          "Step 15/16: Installing dependencies",
          "Exception: TypeError",
          "Compiling components/handler.rs...",
          "Step 13/17: Deploying",
          "Cache saved successfully",
          "yarn add: Done in 24.26s",
          "  PASS: test_api_health (326ms)",
          "Bundling styles.js",
          "Artifact downloaded: 45MB",
          "\u2713 Step 'install' succeeded",
          "Cache hit for key-1096",
          "npm notice: package.json updated",
          "Switched to branch 'bugfix/task-868'",
          "\u2717 build failed with exit code 78",
          "Uploading artifact 'build' (32 files)",
          "Completed.",
          "Step 19/16: Linting",
          "Ran 61 tests in 20s",
          "Step 13/23: Building",
          "[12:52:21] DEBUG: Initializing service",
          "[12:52:21] DEBUG: Memory usage: 1856MB",
          "POST /upload - 201 (498ms)",
          "OK",
          "Step 11/24: Installing dependencies",
          "WARNING: webpack has known vulnerabilities",
          "npm notice: package.json updated",
          "Coverage: 88% statements, 95% branches",
          "Transforming 761 files...",
          "Using Node.js 14.17.9",
          "Optimizing 13 modules...",
          "\u2713 test completed",
          "FAILED: test_api_health",
          "Building Docker image...",
          "Installing prettier@2.12.10",
          "pip: Downloading prettier-5.4.tar.gz",
          "[12:52:21] INFO: Connecting to database",
          "OK",
          "Processing...",
          "Waiting...",
          "[12:52:21] WARN: Deprecated API usage",
          "WARNING: react has known vulnerabilities",
          "Loading...",
          "Step 18/25: Installing dependencies",
          "GET /health - 200 (83ms)",
          "Cache miss for key-2747",
          "WARNING: webpack has known vulnerabilities",
          "pip: Downloading react-4.7.tar.gz",
          "Optimizing 95 modules...",
          "Switched to branch 'hotfix/task-179'",
          "=== Step type_check completed ==="
        ]
      },
      {
        "name": "deploy_production",
        "status": "success",
        "started_at": "2025-12-13T12:55:07.004822",
        "finished_at": "2025-12-13T12:55:14.032638",
        "log_lines": [
          "=== Step: deploy_production ===",
          "Transforming 562 files...",
          "\u26a0 DEPRECATION: Feature will be removed in v2.0",
          "\u2713 All checks passed",
          "Coverage: 91% statements, 96% branches",
          "Exception: RuntimeError",
          "Already up to date.",
          "Pushing to registry...",
          "Fetching from https://githubusercontent.com/package.json",
          "Compiling lib/handler.rs...",
          "Creating production build...",
          "HEAD is now at 1928a01",
          "Generating source maps...",
          "Switched to branch 'bugfix/task-242'",
          "[12:52:21] DEBUG: Loading configuration",
          "Cache hit for key-5742",
          "Already up to date.",
          "Generating source maps...",
          "Compiling lib/app.ts...",
          "Finished.",
          "[12:52:21] DEBUG: Loading configuration",
          "  PASS: test_db_connect (14ms)",
          "[12:52:21] INFO: Processing request",
          "HEAD is now at ef94a27",
          "Already up to date.",
          "[12:52:21] DEBUG: Memory usage: 1467MB",
          "OK",
          "Image pulled successfully",
          "Waiting...",
          "Creating production build...",
          "\u2717 build failed with exit code 78",
          "Fetching submodules...",
          "Pulling image: node:3.11",
          "  PASS: test_db_connect (265ms)",
          "Exception: NullPointerException",
          "Loading...",
          "Bundling runtime.js",
          "Finished.",
          "Processing...",
          "  PASS: integration/test_user_create.spec.js",
          "Done.",
          "WARNING: react has known vulnerabilities",
          "Snapshots: 2 passed, 8 total",
          "Success!",
          "WARNING: webpack has known vulnerabilities",
          "Step 6/18: Building",
          "Compiling lib/service.java...",
          "Step 19/20: Running migrations",
          "npm install: added 149 packages",
          "Loading...",
          "Step 10/21: Testing",
          "Compiling lib/app.ts...",
          "[12:52:21] DEBUG: Connection pool: 19 active",
          "WARNING: eslint has known vulnerabilities",
          "Layer 3/15: ENV command",
          "Generating source maps...",
          "NODE_ENV=production",
          "Finished.",
          "[12:52:21] WARN: Deprecated API usage",
          "npm install: resolved 1271 packages",
          "Compiling components/index.js...",
          "[12:52:21] INFO: Connecting to database",
          "Cache invalidated: node_modules",
          "Verifying...",
          "Generating source maps...",
          "Compiling src/index.js...",
          "HEAD is now at d62251c",
          "Step 12/20: Running migrations",
          "Waiting...",
          "\u26a0 DEPRECATION: Feature will be removed in v3.0",
          "[12:52:21] DEBUG: Connection pool: 16 active",
          "Finished.",
          "Already up to date.",
          "Cache invalidated: node_modules",
          "[12:52:21] WARN: Deprecated API usage",
          "Success!",
          "Cache saved successfully",
          "[12:52:21] DEBUG: Loading configuration",
          "Switched to branch 'bugfix/task-168'",
          "Transforming 723 files...",
          "npm install: added 160 packages",
          "Building Docker image...",
          "Cache miss for key-3642",
          "Test Suites: 9 passed, 23 total",
          "yarn add: Done in 11.80s",
          "HEAD is now at c8aed22",
          "Using Python 3.9",
          "pip: Collecting eslint",
          "POST /data - 201 (181ms)",
          "Step 7/25: Linting",
          "Waiting...",
          "Success!",
          "Ran 145 tests in 51s",
          "[12:52:21] WARN: Deprecated API usage",
          "Compiling lib/index.js...",
          "Creating production build...",
          "[12:52:21] INFO: Cache refreshed",
          "Pushing to registry...",
          "Switched to branch 'feature/task-911'",
          "[12:52:21] DEBUG: Loading configuration",
          "Cache miss for key-4265",
          "[12:52:21] DEBUG: Loading configuration",
          "pip: Downloading axios-4.4.tar.gz",
          "\u26a0 DEPRECATION: Feature will be removed in v2.0",
          "Artifact downloaded: 46MB",
          "Success!",
          "[12:52:21] DEBUG: Memory usage: 885MB",
          "npm install: resolved 903 packages",
          "Artifact uploaded: dist.zip (89MB)",
          "OK",
          "Bundling main.js",
          "[12:52:21] DEBUG: Loading configuration",
          "Exception: NullPointerException",
          "NODE_ENV=development",
          "Platform: win32-x64",
          "Creating production build...",
          "Uploading artifact 'dist' (30 files)",
          "Layer 8/12: RUN command",
          "Step 8/15: Linting",
          "pip: Installing build dependencies...",
          "Compiling utils/utils.go...",
          "Fetching submodules...",
          "Step 14/22: Installing dependencies",
          "[12:52:21] WARN: Deprecated API usage",
          "Step 8/22: Building",
          "Ready.",
          "\u2713 All checks passed",
          "pip install: Successfully installed express-3.15",
          "Cache restored successfully (94MB)",
          "npm notice: package.json updated",
          "\u2713 Task completed in 4495ms",
          "[12:52:21] INFO: Cache refreshed",
          "NODE_ENV=test",
          "[12:52:21] DEBUG: Loading configuration",
          "Switched to branch 'hotfix/task-681'",
          "Artifact uploaded: build.tar.gz (11MB)",
          "Step 13/19: Running migrations",
          "\u26a0 DEPRECATION: Feature will be removed in v5.0",
          "Exception: ValueError",
          "Artifact downloaded: 23MB",
          "pip: Downloading prettier-1.11.tar.gz",
          "Step 12/25: Installing dependencies",
          "Step 2/19: Testing",
          "[12:52:21] INFO: Cache refreshed",
          "Compiling utils/utils.go...",
          "OK",
          "[12:52:21] INFO: Processing request",
          "\u2713 All checks passed",
          "Fetching from https://github.com/package.json",
          "[12:52:21] DEBUG: Connection pool: 5 active",
          "Artifact uploaded: dist.zip (13MB)",
          "[12:52:21] INFO: Connecting to database",
          "Optimizing 11 modules...",
          "Compiling src/handler.rs...",
          "[12:52:21] DEBUG: Loading configuration",
          "[12:52:21] INFO: Starting build process",
          "[12:52:21] ERROR: Connection failed",
          "[12:52:21] DEBUG: Memory usage: 1890MB",
          "Using Node.js 17.17.10",
          "Step 3/20: Building",
          "Checking out master branch",
          "pip install: Successfully installed axios-3.9",
          "Step 16/22: Building",
          "POST /upload - 201 (190ms)",
          "Uploading artifact 'build' (30 files)",
          "Creating production build...",
          "[12:52:21] DEBUG: Query executed in 60ms",
          "Layer 5/14: COPY command",
          "Platform: darwin-arm64",
          "Compiling src/service.java...",
          "\u2713 Task completed in 782ms",
          "Snapshots: 9 passed, 18 total",
          "\u2713 All checks passed",
          "Step 17/23: Running migrations",
          "Already up to date.",
          "TLS handshake completed",
          "\u26a0 DEPRECATION: Feature will be removed in v2.0",
          "[12:52:21] DEBUG: Memory usage: 1857MB",
          "pip: Collecting axios",
          "npm install: resolved 1183 packages",
          "Waiting...",
          "[12:52:21] INFO: Request completed",
          "Waiting...",
          "Time: 60.168s",
          "Processing...",
          "\u2713 Task completed in 4937ms",
          "Snapshots: 27 passed, 16 total",
          "Connection established",
          "Transforming 815 files...",
          "Optimizing 83 modules...",
          "=== Step deploy_production completed ==="
        ]
      },
      {
        "name": "restore_cache",
        "status": "success",
        "started_at": "2025-12-13T12:55:14.032638",
        "finished_at": "2025-12-13T12:55:24.574362",
        "log_lines": [
          "=== Step: restore_cache ===",
          "NODE_ENV=development",
          "Uploading artifact 'coverage' (38 files)",
          "\u2713 Step 'setup' succeeded",
          "Creating production build...",
          "NODE_ENV=development",
          "Optimizing 43 modules...",
          "\u26a0 DEPRECATION: Feature will be removed in v4.0",
          "[12:52:21] DEBUG: Query executed in 13ms",
          "Test Suites: 14 passed, 16 total",
          "\u26a0 DEPRECATION: Feature will be removed in v2.0",
          "[12:52:21] INFO: Starting build process",
          "\u2717 build failed with exit code 6",
          "Cache invalidated: dependencies",
          "Layer 8/11: RUN command",
          "Test Suites: 19 passed, 21 total",
          "Artifact uploaded: dist.zip (7MB)",
          "[12:52:21] ERROR: Connection failed",
          "Cache restored successfully (443MB)",
          "\u26a0 DEPRECATION: Feature will be removed in v3.0",
          "pip: Installing build dependencies...",
          "Compiling components/handler.rs...",
          "[12:52:21] INFO: Starting build process",
          "Optimizing 17 modules...",
          "\u26a0 DEPRECATION: Feature will be removed in v4.0",
          "Completed.",
          "Time: 62.969s",
          "\u26a0 DEPRECATION: Feature will be removed in v2.0",
          "FAILED: test_cache_hit",
          "[12:52:21] INFO: Processing request",
          "pip: Collecting prettier",
          "\u2717 build failed with exit code 76",
          "[12:52:21] INFO: Processing request",
          "TLS handshake completed",
          "Ran 19 tests in 44s",
          "Step 10/20: Running migrations",
          "Cache restored successfully (260MB)",
          "Waiting...",
          "[12:52:21] WARN: Deprecated API usage",
          "[12:52:21] INFO: Request completed",
          "Snapshots: 13 passed, 35 total",
          "[12:52:21] DEBUG: Initializing service",
          "Pushing to registry...",
          "Building Docker image...",
          "[12:52:21] DEBUG: Loading configuration",
          "Exception: NullPointerException",
          "npm notice: created a lockfile",
          "[12:52:21] DEBUG: Loading configuration",
          "npm notice: created a lockfile",
          "Using Node.js 16.0.4",
          "Uploading artifact 'dist' (27 files)",
          "Fetching submodules...",
          "[12:52:21] DEBUG: Query executed in 86ms",
          "Installing axios@5.5.10",
          "Snapshots: 32 passed, 7 total",
          "\u2717 build failed with exit code 41",
          "Platform: darwin-arm64",
          "Artifact uploaded: build.tar.gz (30MB)",
          "[12:52:21] INFO: Cache refreshed",
          "npm install: added 73 packages",
          "[12:52:21] ERROR: Connection failed",
          "GET /api - 204 (10ms)",
          "Step 13/16: Linting",
          "  PASS: test_auth_login (149ms)",
          "Building Docker image...",
          "Using Python 3.12",
          "Environment: production",
          "Snapshots: 44 passed, 20 total",
          "Bundling main.js",
          "Loading...",
          "[12:52:21] DEBUG: Initializing service",
          "Pushing to registry...",
          "Exception: ValueError",
          "[12:52:21] WARN: Deprecated API usage",
          "[12:52:21] WARN: Deprecated API usage",
          "[12:52:21] ERROR: Connection failed",
          "[12:52:21] INFO: Connecting to database",
          "Completed.",
          "Layer 4/10: RUN command",
          "Optimizing 25 modules...",
          "Layer 2/10: RUN command",
          "Generating source maps...",
          "\u2717 build failed with exit code 107",
          "[12:52:21] INFO: Processing request",
          "pip: Collecting react",
          "[12:52:21] INFO: Request completed",
          "\u26a0 DEPRECATION: Feature will be removed in v5.0",
          "OK",
          "[12:52:21] INFO: Request completed",
          "Compiling components/handler.rs...",
          "Image pulled successfully",
          "Test Suites: 6 passed, 44 total",
          "Uploading artifact 'build' (36 files)",
          "\u2713 Task completed in 1685ms",
          "[12:52:21] INFO: Processing request",
          "Done.",
          "[12:52:21] WARN: Deprecated API usage",
          "[12:52:21] INFO: Processing request",
          "  PASS: test_api_health (134ms)",
          "WARNING: express has known vulnerabilities",
          "\u2717 build failed with exit code 12",
          "Step 2/25: Running migrations",
          "Minifying main.js",
          "npm notice: created a lockfile",
          "Building Docker image...",
          "NODE_ENV=development",
          "NODE_ENV=test",
          "Cache invalidated: dependencies",
          "\u2713 All checks passed",
          "Artifact downloaded: 14MB",
          "Artifact uploaded: dist.zip (99MB)",
          "Compiling utils/app.ts...",
          "WARNING: prettier has known vulnerabilities",
          "POST /api - 202 (381ms)",
          "Environment: development",
          "Fetching submodules...",
          "Tests: 286 passed, 315 total",
          "Transforming 957 files...",
          "\u26a0 DEPRECATION: Feature will be removed in v4.0",
          "Minifying vendor.js",
          "Compiling utils/main.py...",
          "[12:52:21] INFO: Cache refreshed",
          "[12:52:21] INFO: Connecting to database",
          "Pushing to registry...",
          "Step 5/16: Installing dependencies",
          "[12:52:21] DEBUG: Connection pool: 8 active",
          "Step 6/23: Testing",
          "\u2713 All checks passed",
          "\u2713 Step 'setup' succeeded",
          "\u2713 All checks passed",
          "POST /upload - 200 (26ms)",
          "Environment: development",
          "Environment: development",
          "TLS handshake completed",
          "[12:52:21] ERROR: Connection failed",
          "npm install: resolved 1937 packages",
          "[12:52:21] DEBUG: Loading configuration",
          "WARNING: webpack has known vulnerabilities",
          "npm install: added 251 packages",
          "[12:52:21] INFO: Connecting to database",
          "Switched to branch 'hotfix/task-340'",
          "Connection established",
          "Step 6/19: Testing",
          "Artifact uploaded: build.tar.gz (32MB)",
          "Environment: staging",
          "Pulling image: python:latest",
          "[12:52:21] DEBUG: Memory usage: 1149MB",
          "Cache hit for key-5275",
          "Compiling src/app.ts...",
          "Using Node.js 15.0.2",
          "Step 15/21: Testing",
          "pip install: Successfully installed jest-1.12",
          "Done.",
          "WARNING: express has known vulnerabilities",
          "Step 20/16: Deploying",
          "[12:52:21] INFO: Processing request",
          "Loading...",
          "pip: Installing build dependencies...",
          "TLS handshake completed",
          "Building Docker image...",
          "[12:52:21] INFO: Request completed",
          "[12:52:21] WARN: Deprecated API usage",
          "Compiling lib/main.py...",
          "Compiling components/utils.go...",
          "Finished.",
          "Step 4/24: Deploying",
          "Cache hit for key-6118",
          "Completed.",
          "Uploading artifact 'coverage' (1 files)",
          "Already up to date.",
          "Optimizing 22 modules...",
          "pip install: Successfully installed eslint-2.6",
          "Pushing to registry...",
          "\u2713 All checks passed",
          "[12:52:21] INFO: Connecting to database",
          "[12:52:21] INFO: Starting build process",
          "Verifying...",
          "Ran 69 tests in 58s",
          "Switched to branch 'feature/task-519'",
          "Minifying vendor.js",
          "Exception: RuntimeError",
          "\u2713 test completed",
          "\u2713 All checks passed",
          "pip install: Successfully installed lodash-3.0",
          "Fetching submodules...",
          "Processing...",
          "  PASS: e2e/test_auth_login.spec.js",
          "  PASS: e2e/test_cache_hit.spec.js",
          "Transforming 746 files...",
          "  PASS: test_auth_login (337ms)",
          "=== Step restore_cache completed ==="
        ]
      },
      {
        "name": "setup_environment",
        "status": "success",
        "started_at": "2025-12-13T12:55:24.574362",
        "finished_at": "2025-12-13T12:55:42.143901",
        "log_lines": [
          "=== Step: setup_environment ===",
          "NODE_ENV=production",
          "Pulling image: python:18",
          "Compiling components/handler.rs...",
          "\u2713 Step 'build' succeeded",
          "Completed.",
          "npm notice: created a lockfile",
          "  PASS: test_cache_hit (149ms)",
          "[12:52:21] DEBUG: Initializing service",
          "Compiling src/utils.go...",
          "Done.",
          "[12:52:21] DEBUG: Memory usage: 1630MB",
          "Bundling vendor.css",
          "npm notice: created a lockfile",
          "Cache restored successfully (258MB)",
          "[12:52:21] DEBUG: Initializing service",
          "Fetching submodules...",
          "Test Suites: 20 passed, 28 total",
          "Using Python 3.12",
          "  PASS: e2e/test_api_health.spec.js",
          "Finished.",
          "Ran 82 tests in 4s",
          "\u26a0 DEPRECATION: Feature will be removed in v5.0",
          "[12:52:21] INFO: Connecting to database",
          "Success!",
          "npm notice: created a lockfile",
          "Finished.",
          "TLS handshake completed",
          "\u2713 All checks passed",
          "GET /api - 201 (24ms)",
          "Using Python 3.10",
          "OK",
          "Environment: development",
          "[12:52:21] INFO: Cache refreshed",
          "Already up to date.",
          "[12:52:21] INFO: Request completed",
          "\u2713 Step 'checkout' succeeded",
          "Platform: darwin-arm64",
          "Waiting...",
          "npm install: added 206 packages",
          "pip: Installing build dependencies...",
          "\u26a0 DEPRECATION: Feature will be removed in v4.0",
          "Fetching from https://amazonaws.com/package.json",
          "Using Python 3.10",
          "WARNING: express has known vulnerabilities",
          "Transforming 277 files...",
          "\u26a0 DEPRECATION: Feature will be removed in v3.0",
          "Step 5/21: Testing",
          "NODE_ENV=development",
          "Step 10/17: Running migrations",
          "pip: Downloading express-1.7.tar.gz",
          "Artifact uploaded: build.tar.gz (24MB)",
          "[12:52:21] DEBUG: Initializing service",
          "\u26a0 DEPRECATION: Feature will be removed in v3.0",
          "NODE_ENV=development",
          "[12:52:21] DEBUG: Loading configuration",
          "npm notice: created a lockfile",
          "POST /data - 201 (448ms)",
          "\u2713 Step 'build' succeeded",
          "FAILED: test_user_create",
          "Compiling lib/app.ts...",
          "Completed.",
          "[12:52:21] DEBUG: Memory usage: 474MB",
          "Waiting...",
          "Loading...",
          "pip: Collecting lodash",
          "Layer 8/15: RUN command",
          "[12:52:21] DEBUG: Loading configuration",
          "Cache restored successfully (296MB)",
          "[12:52:21] DEBUG: Initializing service",
          "\u26a0 DEPRECATION: Feature will be removed in v4.0",
          "Compiling src/service.java...",
          "yarn add: Done in 16.31s",
          "Checking out develop branch",
          "Optimizing 79 modules...",
          "Uploading artifact 'coverage' (24 files)",
          "npm install: resolved 1550 packages",
          "Cache hit for key-9497",
          "\u2713 Step 'setup' succeeded",
          "[12:52:21] DEBUG: Query executed in 83ms",
          "POST /api - 200 (364ms)",
          "[12:52:21] DEBUG: Connection pool: 7 active",
          "Platform: linux-x64",
          "Artifact downloaded: 14MB",
          "\u2713 Task completed in 3470ms",
          "Cache saved successfully",
          "[12:52:21] INFO: Processing request",
          "Artifact uploaded: build.tar.gz (1MB)",
          "Environment: development",
          "[12:52:21] INFO: Cache refreshed",
          "[12:52:21] DEBUG: Memory usage: 1034MB",
          "WARNING: react has known vulnerabilities",
          "npm install: added 489 packages",
          "Using Python 3.12",
          "GET /api - 201 (65ms)",
          "[12:52:21] WARN: Deprecated API usage",
          "[12:52:21] INFO: Connecting to database",
          "[12:52:21] INFO: Starting build process",
          "Switched to branch 'hotfix/task-949'",
          "Compiling utils/handler.rs...",
          "\u2713 All checks passed",
          "Creating production build...",
          "[12:52:21] DEBUG: Loading configuration",
          "Finished.",
          "Cache invalidated: node_modules",
          "\u2713 All checks passed",
          "Bundling runtime.js",
          "Creating production build...",
          "Step 4/18: Running migrations",
          "Optimizing 81 modules...",
          "npm notice: package.json updated",
          "[12:52:21] DEBUG: Memory usage: 1606MB",
          "Artifact uploaded: build.tar.gz (36MB)",
          "WARNING: express has known vulnerabilities",
          "Step 4/22: Installing dependencies",
          "HEAD is now at 22efccf",
          "Bundling styles.js",
          "Snapshots: 38 passed, 16 total",
          "\u26a0 DEPRECATION: Feature will be removed in v4.0",
          "Checking out develop branch",
          "\u2713 Task completed in 1363ms",
          "Done.",
          "FAILED: test_auth_login",
          "Verifying...",
          "Connection established",
          "Step 19/20: Testing",
          "\u2713 Step 'checkout' succeeded",
          "Minifying vendor.js",
          "pip: Installing build dependencies...",
          "Step 3/19: Linting",
          "Environment: staging",
          "Ready.",
          "npm install: added 121 packages",
          "[12:52:21] INFO: Starting build process",
          "Artifact uploaded: build.tar.gz (17MB)",
          "Verifying...",
          "Cache miss for key-4755",
          "Loading...",
          "Snapshots: 28 passed, 47 total",
          "Processing...",
          "Optimizing 41 modules...",
          "Using Node.js 20.7.10",
          "Already up to date.",
          "Loading...",
          "Uploading artifact 'build' (33 files)",
          "Test Suites: 18 passed, 38 total",
          "Using Node.js 16.7.8",
          "Platform: linux-x64",
          "Cache restored successfully (148MB)",
          "[12:52:21] DEBUG: Connection pool: 19 active",
          "OK",
          "Artifact uploaded: build.tar.gz (50MB)",
          "OK",
          "Coverage: 75% statements, 98% branches",
          "Tests: 266 passed, 392 total",
          "Pushing to registry...",
          "\u26a0 DEPRECATION: Feature will be removed in v3.0",
          "Step 16/17: Building",
          "[12:52:21] DEBUG: Query executed in 88ms",
          "Layer 1/10: RUN command",
          "Creating production build...",
          "Compiling lib/index.js...",
          "yarn add: Done in 13.74s",
          "[12:52:21] WARN: Deprecated API usage",
          "  PASS: test_api_health (80ms)",
          "Done.",
          "HEAD is now at e363c4c",
          "[12:52:21] INFO: Starting build process",
          "OK",
          "[12:52:21] WARN: Deprecated API usage",
          "Success!",
          "Artifact downloaded: 39MB",
          "[12:52:21] ERROR: Connection failed",
          "Processing...",
          "Artifact downloaded: 35MB",
          "Snapshots: 12 passed, 2 total",
          "Cache invalidated: node_modules",
          "TLS handshake completed",
          "Artifact uploaded: build.tar.gz (33MB)",
          "Fetching submodules...",
          "Step 6/18: Installing dependencies",
          "Cache hit for key-4507",
          "Optimizing 26 modules...",
          "WARNING: axios has known vulnerabilities",
          "Cache miss for key-3067",
          "\u2713 Step 'build' succeeded",
          "Image pulled successfully",
          "Generating source maps...",
          "Cache saved successfully",
          "Loading...",
          "=== Step setup_environment completed ==="
        ]
      },
      {
        "name": "save_cache",
        "status": "success",
        "started_at": "2025-12-13T12:55:42.143901",
        "finished_at": "2025-12-13T12:55:52.685625",
        "log_lines": [
          "=== Step: save_cache ===",
          "Minifying main.js",
          "Pushing to registry...",
          "Already up to date.",
          "Exception: TypeError",
          "Artifact downloaded: 43MB",
          "Uploading artifact 'coverage' (24 files)",
          "pip install: Successfully installed react-4.4",
          "[12:52:21] WARN: Deprecated API usage",
          "[12:52:21] INFO: Processing request",
          "Coverage: 92% statements, 89% branches",
          "pip install: Successfully installed lodash-4.16",
          "pip: Installing build dependencies...",
          "[12:52:21] WARN: Deprecated API usage",
          "npm notice: package.json updated",
          "Cache saved successfully",
          "Fetching submodules...",
          "Test Suites: 35 passed, 10 total",
          "Already up to date.",
          "Generating source maps...",
          "Creating production build...",
          "Fetching from https://docker.io/package.json",
          "Step 9/17: Installing dependencies",
          "Artifact downloaded: 39MB",
          "\u2713 lint completed",
          "[12:52:21] DEBUG: Loading configuration",
          "Optimizing 55 modules...",
          "Compiling components/app.ts...",
          "[12:52:21] DEBUG: Loading configuration",
          "Time: 56.806s",
          "Layer 10/9: COPY command",
          "Step 10/25: Testing",
          "[12:52:21] WARN: Deprecated API usage",
          "Cache miss for key-7458",
          "Step 12/25: Installing dependencies",
          "Cache miss for key-9779",
          "Coverage: 98% statements, 87% branches",
          "\u2717 build failed with exit code 91",
          "Step 5/15: Deploying",
          "Compiling utils/utils.go...",
          "[12:52:21] WARN: Deprecated API usage",
          "[12:52:21] DEBUG: Loading configuration",
          "Transforming 916 files...",
          "[12:52:21] DEBUG: Memory usage: 515MB",
          "[12:52:21] WARN: Deprecated API usage",
          "Compiling lib/main.py...",
          "pip: Collecting jest",
          "[12:52:21] INFO: Cache refreshed",
          "Cache hit for key-1527",
          "\u26a0 DEPRECATION: Feature will be removed in v5.0",
          "\u2713 Task completed in 1504ms",
          "Exception: RuntimeError",
          "npm install: added 134 packages",
          "Fetching submodules...",
          "pip: Installing build dependencies...",
          "Compiling components/index.js...",
          "\u26a0 DEPRECATION: Feature will be removed in v2.0",
          "\u2717 build failed with exit code 68",
          "Transforming 140 files...",
          "Test Suites: 11 passed, 26 total",
          "Layer 1/15: COPY command",
          "Finished.",
          "WARNING: jest has known vulnerabilities",
          "Layer 10/10: RUN command",
          "WARNING: jest has known vulnerabilities",
          "Installing webpack@4.14.4",
          "Coverage: 78% statements, 77% branches",
          "Step 16/21: Installing dependencies",
          "Platform: darwin-arm64",
          "Artifact uploaded: dist.zip (47MB)",
          "Compiling components/utils.go...",
          "Generating source maps...",
          "OK",
          "Already up to date.",
          "Installing express@2.2.5",
          "Artifact uploaded: build.tar.gz (16MB)",
          "Minifying main.js",
          "Done.",
          "Coverage: 96% statements, 77% branches",
          "Using Python 3.11",
          "Fetching from https://googleapis.com/package.json",
          "Fetching from https://npmjs.org/package.json",
          "Step 16/17: Building",
          "Layer 3/11: ENV command",
          "Cache saved successfully",
          "Coverage: 72% statements, 83% branches",
          "Loading...",
          "Compiling lib/utils.go...",
          "Time: 107.415s",
          "Checking out master branch",
          "Verifying...",
          "POST /data - 202 (11ms)",
          "Fetching from https://docker.io/package.json",
          "Done.",
          "Compiling components/handler.rs...",
          "Using Node.js 17.2.1",
          "Compiling utils/utils.go...",
          "\u2713 Task completed in 3524ms",
          "Processing...",
          "Processing...",
          "Waiting...",
          "\u2713 Step 'test' succeeded",
          "Fetching from https://registry.npmjs.org/package.json",
          "Compiling lib/index.js...",
          "[12:52:21] DEBUG: Memory usage: 1611MB",
          "Artifact uploaded: build.tar.gz (33MB)",
          "Using Node.js 18.19.6",
          "[12:52:21] WARN: Deprecated API usage",
          "[12:52:21] INFO: Processing request",
          "Completed.",
          "Checking out master branch",
          "Test Suites: 18 passed, 25 total",
          "  PASS: integration/test_api_health.spec.js",
          "Step 14/18: Building",
          "Finished.",
          "Cache hit for key-6409",
          "Cache saved successfully",
          "TLS handshake completed",
          "\u2713 validate completed",
          "[12:52:21] INFO: Cache refreshed",
          "Cache saved successfully",
          "Compiling utils/main.py...",
          "Connection established",
          "[12:52:21] DEBUG: Query executed in 1ms",
          "pip: Installing build dependencies...",
          "[12:52:21] INFO: Request completed",
          "Cache hit for key-6561",
          "Environment: development",
          "OK",
          "Step 15/21: Installing dependencies",
          "Compiling utils/index.js...",
          "Using Python 3.10",
          "[12:52:21] INFO: Cache refreshed",
          "Test Suites: 7 passed, 25 total",
          "[12:52:21] INFO: Cache refreshed",
          "pip install: Successfully installed express-2.17",
          "pip install: Successfully installed react-5.0",
          "Artifact downloaded: 9MB",
          "Step 17/23: Deploying",
          "Pulling image: node:3.11",
          "Compiling lib/app.ts...",
          "Generating source maps...",
          "Cache invalidated: build",
          "FAILED: test_db_connect",
          "Cache saved successfully",
          "Minifying vendor.js",
          "Compiling utils/handler.rs...",
          "pip: Collecting lodash",
          "Test Suites: 9 passed, 35 total",
          "Minifying vendor.js",
          "Step 16/15: Linting",
          "[12:52:21] ERROR: Connection failed",
          "Tests: 152 passed, 149 total",
          "Artifact downloaded: 37MB",
          "Processing...",
          "Installing webpack@3.8.2",
          "Cache restored successfully (392MB)",
          "pip: Collecting prettier",
          "Snapshots: 44 passed, 13 total",
          "TLS handshake completed",
          "Compiling utils/app.ts...",
          "Artifact uploaded: build.tar.gz (34MB)",
          "[12:52:21] ERROR: Connection failed",
          "Cache miss for key-1317",
          "Processing...",
          "Waiting...",
          "\u26a0 DEPRECATION: Feature will be removed in v3.0",
          "npm notice: package.json updated",
          "Artifact uploaded: dist.zip (85MB)",
          "Done.",
          "npm notice: created a lockfile",
          "Compiling components/main.py...",
          "[12:52:21] DEBUG: Initializing service",
          "Cache saved successfully",
          "[12:52:21] DEBUG: Initializing service",
          "Step 8/15: Linting",
          "[12:52:21] INFO: Connecting to database",
          "[12:52:21] INFO: Starting build process",
          "Generating source maps...",
          "Artifact uploaded: build.tar.gz (17MB)",
          "[12:52:21] INFO: Processing request",
          "[12:52:21] ERROR: Connection failed",
          "\u2713 Step 'setup' succeeded",
          "pip: Collecting lodash",
          "[12:52:21] INFO: Cache refreshed",
          "[12:52:21] INFO: Connecting to database",
          "Step 10/19: Testing",
          "Step 6/16: Running migrations",
          "Minifying app.js",
          "Coverage: 86% statements, 73% branches",
          "=== Step save_cache completed ==="
        ]
      }
    ],
    "label": "normal"
  }
}