{
  "action": "completed",
  "workflow_run": {
    "id": 488,
    "name": "CI Pipeline",
    "head_branch": "main",
    "head_sha": "a0c2bc8be48f2dc4ed79ffc65fa3e2aff8187516",
    "status": "completed",
    "conclusion": "success",
    "run_started_at": "2025-12-15T12:51:28.722343Z",
    "updated_at": "2025-12-15T12:54:01.951337Z"
  },
  "repository": {
    "full_name": "startup-io/mobile-backend",
    "name": "mobile-backend"
  },
  "sender": {
    "login": "eve"
  },
  "_safeops_extended": {
    "raw_logs": "=== Step: install_dependencies ===\nTLS handshake completed\nInstalling jest@3.16.10\nnpm install: resolved 735 packages\n[12:51:28] INFO: Starting build process\nHEAD is now at 22ca138\nDone.\nMinifying app.js\nStep 17/22: Installing dependencies\nBuilding Docker image...\nWARNING: axios has known vulnerabilities\nGET /api - 200 (35ms)\nTest Suites: 21 passed, 16 total\nImage pulled successfully\n[12:51:28] INFO: Starting build process\n\u2713 All checks passed\nBundling main.css\nStep 4/21: Running migrations\nnpm notice: created a lockfile\nPulling image: alpine:3.11\nCache hit for key-8694\n[12:51:28] WARN: Deprecated API usage\nCache invalidated: dependencies\nnpm notice: package.json updated\nCompiling components/main.py...\nSnapshots: 13 passed, 9 total\nStep 3/17: Building\nGenerating source maps...\nTime: 15.720s\nEnvironment: production\n=== Step install_dependencies completed ===\n=== Step: type_check ===\nEnvironment: staging\nStep 5/25: Deploying\nCompiling src/main.py...\n[12:51:28] WARN: Deprecated API usage\nImage pulled successfully\nSnapshots: 23 passed, 24 total\nCreating production build...\nArtifact uploaded: dist.zip (5MB)\npip install: Successfully installed react-5.20\nCompiling lib/app.ts...\nCompleted.\nCache saved successfully\n\u2713 lint completed\nFinished.\nLoading...\npip: Downloading jest-4.8.tar.gz\nyarn add: Done in 30.87s\n[12:51:28] INFO: Connecting to database\nTest Suites: 24 passed, 25 total\nyarn add: Done in 14.94s\nArtifact uploaded: build.tar.gz (43MB)\nBuilding Docker image...\nPushing to registry...\n[12:51:28] ERROR: Connection failed\n[12:51:28] DEBUG: Loading configuration\n[12:51:28] DEBUG: Memory usage: 860MB\nCoverage: 95% statements, 84% branches\nCompiling components/main.py...\nCache miss for key-6642\n=== Step type_check completed ===\n=== Step: lint ===\nStep 9/18: Building\nVerifying...\nnpm install: resolved 1021 packages\nPushing to registry...\nPlatform: linux-x64\n[12:51:28] INFO: Starting build process\n[12:51:28] WARN: Deprecated API usage\nCompleted.\n\u2713 All checks passed\nUploading artifact 'dist' (1 files)\n[12:51:28] INFO: Processing request\nLayer 4/13: COPY command\nPlatform: linux-x64\n[12:51:28] WARN: Deprecated API usage\n  PASS: test_auth_login (335ms)\nCompiling src/app.ts...\nnpm install: added 113 packages\npip: Installing build dependencies...\nCompleted.\nUsing Python 3.10\nPOST /api - 200 (92ms)\nStep 7/24: Installing dependencies\nNODE_ENV=production\nTest Suites: 11 passed, 24 total\nArtifact uploaded: build.tar.gz (6MB)\nPushing to registry...\n\u2713 All checks passed\nBuilding Docker image...\nCompiling src/handler.rs...\n=== Step lint completed ===\n=== Step: checkout ===\n[12:51:28] DEBUG: Query executed in 68ms\nTLS handshake completed\nStep 13/24: Linting\nPlatform: linux-x64\nFAILED: test_auth_login\nStep 1/21: Testing\nPulling image: node:18\nFetching from https://amazonaws.com/package.json\nStep 6/16: Installing dependencies\nWARNING: jest has known vulnerabilities\nArtifact uploaded: build.tar.gz (8MB)\n[12:51:28] WARN: Deprecated API usage\nStep 16/17: Running migrations\nCache hit for key-3672\nCompiling lib/service.java...\n[12:51:28] DEBUG: Initializing service\nyarn add: Done in 24.26s\nCompiling utils/index.js...\nUsing Node.js 16.10.4\nCompiling components/service.java...\nInstalling prettier@3.13.7\n\u2713 Step 'build' succeeded\n[12:51:28] DEBUG: Connection pool: 12 active\nCache restored successfully (438MB)\nHEAD is now at 9607afe\nCompiling components/service.java...\nyarn add: Done in 30.57s\nStep 10/19: Deploying\npip: Collecting lodash\n=== Step checkout completed ===\n=== Step: integration_tests ===\nPushing to registry...\nChecking out master branch\nImage pulled successfully\nGET /api - 204 (75ms)\npip: Installing build dependencies...\nWARNING: axios has known vulnerabilities\nStep 1/15: Running migrations\n[12:51:28] WARN: Deprecated API usage\nCreating production build...\n[12:51:28] WARN: Deprecated API usage\nCompiling utils/index.js...\nInstalling react@4.16.2\n  PASS: unit/test_auth_login.spec.js\nEnvironment: production\nCompiling src/index.js...\n\u2713 All checks passed\nDone.\nBundling styles.css\n\u26a0 DEPRECATION: Feature will be removed in v2.0\nAlready up to date.\nCompiling utils/index.js...\nBuilding Docker image...\npip: Installing build dependencies...\nPOST /data - 200 (235ms)\n  PASS: test_user_create (71ms)\nArtifact uploaded: dist.zip (80MB)\n[12:51:28] INFO: Cache refreshed\nSnapshots: 11 passed, 37 total\n\u26a0 DEPRECATION: Feature will be removed in v5.0\n=== Step integration_tests completed ===\n=== Step: deploy_staging ===\nStep 19/22: Installing dependencies\nMinifying app.js\nTime: 88.89s\nyarn add: Done in 13.81s\n  PASS: integration/test_cache_hit.spec.js\nCompiling src/main.py...\nCompiling src/app.ts...\nCompiling lib/app.ts...\npip: Collecting webpack\nFetching from https://googleapis.com/package.json\nWARNING: jest has known vulnerabilities\n[12:51:28] DEBUG: Loading configuration\n\u2713 Task completed in 2492ms\nMinifying main.js\nCache invalidated: node_modules\nTransforming 990 files...\nTest Suites: 14 passed, 24 total\nOK\nException: RuntimeError\nnpm notice: package.json updated\nCache miss for key-9850\n[12:51:28] INFO: Connecting to database\nSwitched to branch 'bugfix/task-113'\n[12:51:28] DEBUG: Loading configuration\nNODE_ENV=production\nCoverage: 78% statements, 72% branches\n[12:51:28] INFO: Request completed\n\u2717 build failed with exit code 17\nGenerating source maps...\n=== Step deploy_staging completed ===\n=== Step: restore_cache ===\nUploading artifact 'coverage' (16 files)\n[12:51:28] INFO: Connecting to database\nStep 7/18: Running migrations\n[12:51:28] INFO: Cache refreshed\nReady.\nOK\nCompiling utils/handler.rs...\n[12:51:28] INFO: Request completed\n\u2713 All checks passed\nCompiling lib/service.java...\nAlready up to date.\n\u26a0 DEPRECATION: Feature will be removed in v3.0\nLayer 8/11: RUN command\n  PASS: unit/test_auth_login.spec.js\nnpm install: resolved 116 packages\n[12:51:28] INFO: Connecting to database\nInstalling webpack@2.12.10\nnpm notice: package.json updated\n[12:51:28] DEBUG: Memory usage: 1871MB\n[12:51:28] DEBUG: Connection pool: 4 active\nTransforming 849 files...\nCache miss for key-6117\nSwitched to branch 'bugfix/task-208'\n[12:51:28] INFO: Connecting to database\n\u2713 Step 'build' succeeded\npip install: Successfully installed express-4.4\n[12:51:28] WARN: Deprecated API usage\nPulling image: alpine:3.11\nTest Suites: 22 passed, 18 total\n=== Step restore_cache completed ===\n=== Step: e2e_tests ===\n  PASS: e2e/test_user_create.spec.js\nRan 133 tests in 55s\nCompiling src/handler.rs...\n[12:51:28] DEBUG: Connection pool: 6 active\nLoading...\n\u26a0 DEPRECATION: Feature will be removed in v4.0\n[12:51:28] WARN: Deprecated API usage\n\u2713 All checks passed\nPulling image: alpine:18\nStep 14/15: Linting\n\u2713 Task completed in 3491ms\nCache restored successfully (170MB)\nReady.\nFinished.\nSnapshots: 45 passed, 47 total\n[12:51:28] INFO: Starting build process\nUsing Node.js 16.17.10\nTransforming 595 files...\n\u2713 All checks passed\nBuilding Docker image...\nProcessing...\nCreating production build...\nnpm install: added 89 packages\nRan 197 tests in 50s\nMinifying app.js\nReady.\n\u26a0 DEPRECATION: Feature will be removed in v2.0\nSuccess!\nFAILED: test_cache_hit\n=== Step e2e_tests completed ===\n=== Step: deploy_production ===\nGET /status - 200 (60ms)\nCache hit for key-5848\nPushing to registry...\nLoading...\n[12:51:28] INFO: Connecting to database\nTransforming 771 files...\nTLS handshake completed\nnpm notice: created a lockfile\nCompiling utils/index.js...\nyarn add: Done in 2.30s\nUsing Python 3.10\nTest Suites: 50 passed, 35 total\nFinished.\n\u2717 build failed with exit code 4\n[12:51:28] INFO: Connecting to database\nPushing to registry...\nnpm install: added 402 packages\nWARNING: express has known vulnerabilities\nStep 5/20: Deploying\nPlatform: darwin-arm64\nWARNING: prettier has known vulnerabilities\nOK\nCache invalidated: node_modules\nNODE_ENV=production\nCompiling components/app.ts...\nStep 13/21: Running migrations\nnpm install: added 369 packages\nOptimizing 33 modules...\nCreating production build...\n=== Step deploy_production completed ===\n=== Step: upload_artifacts ===\nFetching submodules...\nWaiting...\nNODE_ENV=test\nException: TypeError\nImage pulled successfully\n\u2713 All checks passed\nUsing Node.js 20.3.10\nCompiling utils/app.ts...\nPushing to registry...\n\u26a0 DEPRECATION: Feature will be removed in v5.0\n\u2713 Step 'test' succeeded\nCompiling src/service.java...\nWARNING: prettier has known vulnerabilities\nSwitched to branch 'feature/task-366'\n\u2713 All checks passed\nUploading artifact 'dist' (35 files)\nWARNING: eslint has known vulnerabilities\n[12:51:28] INFO: Connecting to database\nCache restored successfully (296MB)\nSnapshots: 45 passed, 31 total\n[12:51:28] INFO: Cache refreshed\nArtifact uploaded: dist.zip (7MB)\nStep 20/19: Testing\nUsing Node.js 17.7.2\nImage pulled successfully\nUploading artifact 'build' (12 files)\n\u2713 Step 'test' succeeded\nnpm install: resolved 1531 packages\n[12:51:28] INFO: Connecting to database\n=== Step upload_artifacts completed ===\n=== Step: build ===\nStep 12/22: Deploying\nCoverage: 100% statements, 68% branches\nReady.\n\u2713 All checks passed\nSwitched to branch 'hotfix/task-437'\nGenerating source maps...\nCache restored successfully (153MB)\n[12:51:28] WARN: Deprecated API usage\n\u2717 build failed with exit code 83\n\u2713 All checks passed\nDone.\n[12:51:28] INFO: Starting build process\nEnvironment: test\nPulling image: node:3.11\n  PASS: test_auth_login (489ms)\nWARNING: eslint has known vulnerabilities\nEnvironment: test\n[12:51:28] DEBUG: Query executed in 24ms\nSwitched to branch 'feature/task-381'\nDone.\nMinifying app.js\nTransforming 540 files...\nBuilding Docker image...\n[12:51:28] INFO: Cache refreshed\nBuilding Docker image...\nSuccess!\n[12:51:28] INFO: Connecting to database\nPOST /data - 200 (285ms)\nCreating production build...\n=== Step build completed ===\n=== Step: setup_node ===\n  PASS: e2e/test_cache_hit.spec.js\nCache hit for key-4506\nnpm notice: package.json updated\n\u2713 All checks passed\nCompleted.\nTime: 100.566s\nChecking out master branch\npip: Collecting webpack\n[12:51:28] DEBUG: Memory usage: 816MB\nPlatform: darwin-arm64\nNODE_ENV=production\n[12:51:28] DEBUG: Memory usage: 1844MB\nVerifying...\nCompiling src/app.ts...\nOK\nCache miss for key-3504\nCache miss for key-1430\nPlatform: darwin-arm64\nnpm install: resolved 692 packages\nDone.\nDone.\nTLS handshake completed\nCache saved successfully\nPlatform: linux-x64\n[12:51:28] DEBUG: Memory usage: 1730MB\npip: Collecting lodash\npip: Installing build dependencies...\nStep 16/15: Installing dependencies\nAlready up to date.\n=== Step setup_node completed ===\n=== Step: setup_environment ===\nGenerating source maps...\n\u2713 All checks passed\n[12:51:28] DEBUG: Memory usage: 1965MB\nCompiling src/main.py...\nnpm install: added 169 packages\nTLS handshake completed\n\u2713 Step 'setup' succeeded\npip: Collecting axios\nAlready up to date.\npip install: Successfully installed jest-2.18\nWARNING: eslint has known vulnerabilities\nStep 18/22: Installing dependencies\nStep 11/19: Running migrations\nVerifying...\nSuccess!\nnpm install: added 182 packages\nSwitched to branch 'bugfix/task-368'\nFetching from https://npmjs.org/package.json\n[12:51:28] DEBUG: Initializing service\nCompiling components/app.ts...\nOptimizing 89 modules...\npip: Downloading webpack-2.4.tar.gz\nLoading...\nStep 10/25: Running migrations\n  PASS: integration/test_user_create.spec.js\nWARNING: jest has known vulnerabilities\nConnection established\nCoverage: 98% statements, 60% branches\nPushing to registry...\n=== Step setup_environment completed ===\n=== Step: unit_tests ===\nBuilding Docker image...\npip: Downloading eslint-4.14.tar.gz\nInstalling lodash@3.13.7\nSwitched to branch 'hotfix/task-424'\nCoverage: 90% statements, 76% branches\n\u2713 package completed\nMinifying app.js\n[12:51:28] INFO: Starting build process\nTransforming 176 files...\nStep 1/20: Deploying\nPushing to registry...\nPulling image: node:latest\nWARNING: jest has known vulnerabilities\nConnection established\nWaiting...\nCache restored successfully (496MB)\nLayer 3/8: COPY command\nUsing Python 3.9\nInstalling prettier@1.4.2\n[12:51:28] INFO: Request completed\nUsing Python 3.12\nCompiling src/handler.rs...\nEnvironment: production\nUploading artifact 'dist' (37 files)\nCreating production build...\nCache restored successfully (256MB)\nTest Suites: 47 passed, 30 total\nChecking out main branch\nMinifying vendor.js\n=== Step unit_tests completed ===",
    "steps": [
      {
        "name": "install_dependencies",
        "status": "success",
        "started_at": "2025-12-15T12:51:28.722343",
        "finished_at": "2025-12-15T12:51:52.417548",
        "log_lines": [
          "=== Step: install_dependencies ===",
          "TLS handshake completed",
          "Installing jest@3.16.10",
          "npm install: resolved 735 packages",
          "[12:51:28] INFO: Starting build process",
          "HEAD is now at 22ca138",
          "Done.",
          "Minifying app.js",
          "Step 17/22: Installing dependencies",
          "Building Docker image...",
          "WARNING: axios has known vulnerabilities",
          "GET /api - 200 (35ms)",
          "Test Suites: 21 passed, 16 total",
          "Image pulled successfully",
          "[12:51:28] INFO: Starting build process",
          "\u2713 All checks passed",
          "Bundling main.css",
          "Step 4/21: Running migrations",
          "npm notice: created a lockfile",
          "Pulling image: alpine:3.11",
          "Cache hit for key-8694",
          "[12:51:28] WARN: Deprecated API usage",
          "Cache invalidated: dependencies",
          "npm notice: package.json updated",
          "Compiling components/main.py...",
          "Snapshots: 13 passed, 9 total",
          "Step 3/17: Building",
          "Generating source maps...",
          "Time: 15.720s",
          "Environment: production",
          "=== Step install_dependencies completed ==="
        ]
      },
      {
        "name": "type_check",
        "status": "success",
        "started_at": "2025-12-15T12:51:52.417548",
        "finished_at": "2025-12-15T12:52:00.315950",
        "log_lines": [
          "=== Step: type_check ===",
          "Environment: staging",
          "Step 5/25: Deploying",
          "Compiling src/main.py...",
          "[12:51:28] WARN: Deprecated API usage",
          "Image pulled successfully",
          "Snapshots: 23 passed, 24 total",
          "Creating production build...",
          "Artifact uploaded: dist.zip (5MB)",
          "pip install: Successfully installed react-5.20",
          "Compiling lib/app.ts...",
          "Completed.",
          "Cache saved successfully",
          "\u2713 lint completed",
          "Finished.",
          "Loading...",
          "pip: Downloading jest-4.8.tar.gz",
          "yarn add: Done in 30.87s",
          "[12:51:28] INFO: Connecting to database",
          "Test Suites: 24 passed, 25 total",
          "yarn add: Done in 14.94s",
          "Artifact uploaded: build.tar.gz (43MB)",
          "Building Docker image...",
          "Pushing to registry...",
          "[12:51:28] ERROR: Connection failed",
          "[12:51:28] DEBUG: Loading configuration",
          "[12:51:28] DEBUG: Memory usage: 860MB",
          "Coverage: 95% statements, 84% branches",
          "Compiling components/main.py...",
          "Cache miss for key-6642",
          "=== Step type_check completed ==="
        ]
      },
      {
        "name": "lint",
        "status": "success",
        "started_at": "2025-12-15T12:52:00.315950",
        "finished_at": "2025-12-15T12:52:08.214352",
        "log_lines": [
          "=== Step: lint ===",
          "Step 9/18: Building",
          "Verifying...",
          "npm install: resolved 1021 packages",
          "Pushing to registry...",
          "Platform: linux-x64",
          "[12:51:28] INFO: Starting build process",
          "[12:51:28] WARN: Deprecated API usage",
          "Completed.",
          "\u2713 All checks passed",
          "Uploading artifact 'dist' (1 files)",
          "[12:51:28] INFO: Processing request",
          "Layer 4/13: COPY command",
          "Platform: linux-x64",
          "[12:51:28] WARN: Deprecated API usage",
          "  PASS: test_auth_login (335ms)",
          "Compiling src/app.ts...",
          "npm install: added 113 packages",
          "pip: Installing build dependencies...",
          "Completed.",
          "Using Python 3.10",
          "POST /api - 200 (92ms)",
          "Step 7/24: Installing dependencies",
          "NODE_ENV=production",
          "Test Suites: 11 passed, 24 total",
          "Artifact uploaded: build.tar.gz (6MB)",
          "Pushing to registry...",
          "\u2713 All checks passed",
          "Building Docker image...",
          "Compiling src/handler.rs...",
          "=== Step lint completed ==="
        ]
      },
      {
        "name": "checkout",
        "status": "success",
        "started_at": "2025-12-15T12:52:08.214352",
        "finished_at": "2025-12-15T12:52:11.373713",
        "log_lines": [
          "=== Step: checkout ===",
          "[12:51:28] DEBUG: Query executed in 68ms",
          "TLS handshake completed",
          "Step 13/24: Linting",
          "Platform: linux-x64",
          "FAILED: test_auth_login",
          "Step 1/21: Testing",
          "Pulling image: node:18",
          "Fetching from https://amazonaws.com/package.json",
          "Step 6/16: Installing dependencies",
          "WARNING: jest has known vulnerabilities",
          "Artifact uploaded: build.tar.gz (8MB)",
          "[12:51:28] WARN: Deprecated API usage",
          "Step 16/17: Running migrations",
          "Cache hit for key-3672",
          "Compiling lib/service.java...",
          "[12:51:28] DEBUG: Initializing service",
          "yarn add: Done in 24.26s",
          "Compiling utils/index.js...",
          "Using Node.js 16.10.4",
          "Compiling components/service.java...",
          "Installing prettier@3.13.7",
          "\u2713 Step 'build' succeeded",
          "[12:51:28] DEBUG: Connection pool: 12 active",
          "Cache restored successfully (438MB)",
          "HEAD is now at 9607afe",
          "Compiling components/service.java...",
          "yarn add: Done in 30.57s",
          "Step 10/19: Deploying",
          "pip: Collecting lodash",
          "=== Step checkout completed ==="
        ]
      },
      {
        "name": "integration_tests",
        "status": "success",
        "started_at": "2025-12-15T12:52:11.373713",
        "finished_at": "2025-12-15T12:52:27.170517",
        "log_lines": [
          "=== Step: integration_tests ===",
          "Pushing to registry...",
          "Checking out master branch",
          "Image pulled successfully",
          "GET /api - 204 (75ms)",
          "pip: Installing build dependencies...",
          "WARNING: axios has known vulnerabilities",
          "Step 1/15: Running migrations",
          "[12:51:28] WARN: Deprecated API usage",
          "Creating production build...",
          "[12:51:28] WARN: Deprecated API usage",
          "Compiling utils/index.js...",
          "Installing react@4.16.2",
          "  PASS: unit/test_auth_login.spec.js",
          "Environment: production",
          "Compiling src/index.js...",
          "\u2713 All checks passed",
          "Done.",
          "Bundling styles.css",
          "\u26a0 DEPRECATION: Feature will be removed in v2.0",
          "Already up to date.",
          "Compiling utils/index.js...",
          "Building Docker image...",
          "pip: Installing build dependencies...",
          "POST /data - 200 (235ms)",
          "  PASS: test_user_create (71ms)",
          "Artifact uploaded: dist.zip (80MB)",
          "[12:51:28] INFO: Cache refreshed",
          "Snapshots: 11 passed, 37 total",
          "\u26a0 DEPRECATION: Feature will be removed in v5.0",
          "=== Step integration_tests completed ==="
        ]
      },
      {
        "name": "deploy_staging",
        "status": "success",
        "started_at": "2025-12-15T12:52:27.170517",
        "finished_at": "2025-12-15T12:52:35.068919",
        "log_lines": [
          "=== Step: deploy_staging ===",
          "Step 19/22: Installing dependencies",
          "Minifying app.js",
          "Time: 88.89s",
          "yarn add: Done in 13.81s",
          "  PASS: integration/test_cache_hit.spec.js",
          "Compiling src/main.py...",
          "Compiling src/app.ts...",
          "Compiling lib/app.ts...",
          "pip: Collecting webpack",
          "Fetching from https://googleapis.com/package.json",
          "WARNING: jest has known vulnerabilities",
          "[12:51:28] DEBUG: Loading configuration",
          "\u2713 Task completed in 2492ms",
          "Minifying main.js",
          "Cache invalidated: node_modules",
          "Transforming 990 files...",
          "Test Suites: 14 passed, 24 total",
          "OK",
          "Exception: RuntimeError",
          "npm notice: package.json updated",
          "Cache miss for key-9850",
          "[12:51:28] INFO: Connecting to database",
          "Switched to branch 'bugfix/task-113'",
          "[12:51:28] DEBUG: Loading configuration",
          "NODE_ENV=production",
          "Coverage: 78% statements, 72% branches",
          "[12:51:28] INFO: Request completed",
          "\u2717 build failed with exit code 17",
          "Generating source maps...",
          "=== Step deploy_staging completed ==="
        ]
      },
      {
        "name": "restore_cache",
        "status": "success",
        "started_at": "2025-12-15T12:52:35.068919",
        "finished_at": "2025-12-15T12:52:39.807960",
        "log_lines": [
          "=== Step: restore_cache ===",
          "Uploading artifact 'coverage' (16 files)",
          "[12:51:28] INFO: Connecting to database",
          "Step 7/18: Running migrations",
          "[12:51:28] INFO: Cache refreshed",
          "Ready.",
          "OK",
          "Compiling utils/handler.rs...",
          "[12:51:28] INFO: Request completed",
          "\u2713 All checks passed",
          "Compiling lib/service.java...",
          "Already up to date.",
          "\u26a0 DEPRECATION: Feature will be removed in v3.0",
          "Layer 8/11: RUN command",
          "  PASS: unit/test_auth_login.spec.js",
          "npm install: resolved 116 packages",
          "[12:51:28] INFO: Connecting to database",
          "Installing webpack@2.12.10",
          "npm notice: package.json updated",
          "[12:51:28] DEBUG: Memory usage: 1871MB",
          "[12:51:28] DEBUG: Connection pool: 4 active",
          "Transforming 849 files...",
          "Cache miss for key-6117",
          "Switched to branch 'bugfix/task-208'",
          "[12:51:28] INFO: Connecting to database",
          "\u2713 Step 'build' succeeded",
          "pip install: Successfully installed express-4.4",
          "[12:51:28] WARN: Deprecated API usage",
          "Pulling image: alpine:3.11",
          "Test Suites: 22 passed, 18 total",
          "=== Step restore_cache completed ==="
        ]
      },
      {
        "name": "e2e_tests",
        "status": "success",
        "started_at": "2025-12-15T12:52:39.807960",
        "finished_at": "2025-12-15T12:52:47.706362",
        "log_lines": [
          "=== Step: e2e_tests ===",
          "  PASS: e2e/test_user_create.spec.js",
          "Ran 133 tests in 55s",
          "Compiling src/handler.rs...",
          "[12:51:28] DEBUG: Connection pool: 6 active",
          "Loading...",
          "\u26a0 DEPRECATION: Feature will be removed in v4.0",
          "[12:51:28] WARN: Deprecated API usage",
          "\u2713 All checks passed",
          "Pulling image: alpine:18",
          "Step 14/15: Linting",
          "\u2713 Task completed in 3491ms",
          "Cache restored successfully (170MB)",
          "Ready.",
          "Finished.",
          "Snapshots: 45 passed, 47 total",
          "[12:51:28] INFO: Starting build process",
          "Using Node.js 16.17.10",
          "Transforming 595 files...",
          "\u2713 All checks passed",
          "Building Docker image...",
          "Processing...",
          "Creating production build...",
          "npm install: added 89 packages",
          "Ran 197 tests in 50s",
          "Minifying app.js",
          "Ready.",
          "\u26a0 DEPRECATION: Feature will be removed in v2.0",
          "Success!",
          "FAILED: test_cache_hit",
          "=== Step e2e_tests completed ==="
        ]
      },
      {
        "name": "deploy_production",
        "status": "success",
        "started_at": "2025-12-15T12:52:47.706362",
        "finished_at": "2025-12-15T12:52:50.865723",
        "log_lines": [
          "=== Step: deploy_production ===",
          "GET /status - 200 (60ms)",
          "Cache hit for key-5848",
          "Pushing to registry...",
          "Loading...",
          "[12:51:28] INFO: Connecting to database",
          "Transforming 771 files...",
          "TLS handshake completed",
          "npm notice: created a lockfile",
          "Compiling utils/index.js...",
          "yarn add: Done in 2.30s",
          "Using Python 3.10",
          "Test Suites: 50 passed, 35 total",
          "Finished.",
          "\u2717 build failed with exit code 4",
          "[12:51:28] INFO: Connecting to database",
          "Pushing to registry...",
          "npm install: added 402 packages",
          "WARNING: express has known vulnerabilities",
          "Step 5/20: Deploying",
          "Platform: darwin-arm64",
          "WARNING: prettier has known vulnerabilities",
          "OK",
          "Cache invalidated: node_modules",
          "NODE_ENV=production",
          "Compiling components/app.ts...",
          "Step 13/21: Running migrations",
          "npm install: added 369 packages",
          "Optimizing 33 modules...",
          "Creating production build...",
          "=== Step deploy_production completed ==="
        ]
      },
      {
        "name": "upload_artifacts",
        "status": "success",
        "started_at": "2025-12-15T12:52:50.865723",
        "finished_at": "2025-12-15T12:52:58.764125",
        "log_lines": [
          "=== Step: upload_artifacts ===",
          "Fetching submodules...",
          "Waiting...",
          "NODE_ENV=test",
          "Exception: TypeError",
          "Image pulled successfully",
          "\u2713 All checks passed",
          "Using Node.js 20.3.10",
          "Compiling utils/app.ts...",
          "Pushing to registry...",
          "\u26a0 DEPRECATION: Feature will be removed in v5.0",
          "\u2713 Step 'test' succeeded",
          "Compiling src/service.java...",
          "WARNING: prettier has known vulnerabilities",
          "Switched to branch 'feature/task-366'",
          "\u2713 All checks passed",
          "Uploading artifact 'dist' (35 files)",
          "WARNING: eslint has known vulnerabilities",
          "[12:51:28] INFO: Connecting to database",
          "Cache restored successfully (296MB)",
          "Snapshots: 45 passed, 31 total",
          "[12:51:28] INFO: Cache refreshed",
          "Artifact uploaded: dist.zip (7MB)",
          "Step 20/19: Testing",
          "Using Node.js 17.7.2",
          "Image pulled successfully",
          "Uploading artifact 'build' (12 files)",
          "\u2713 Step 'test' succeeded",
          "npm install: resolved 1531 packages",
          "[12:51:28] INFO: Connecting to database",
          "=== Step upload_artifacts completed ==="
        ]
      },
      {
        "name": "build",
        "status": "success",
        "started_at": "2025-12-15T12:52:58.764125",
        "finished_at": "2025-12-15T12:53:22.459330",
        "log_lines": [
          "=== Step: build ===",
          "Step 12/22: Deploying",
          "Coverage: 100% statements, 68% branches",
          "Ready.",
          "\u2713 All checks passed",
          "Switched to branch 'hotfix/task-437'",
          "Generating source maps...",
          "Cache restored successfully (153MB)",
          "[12:51:28] WARN: Deprecated API usage",
          "\u2717 build failed with exit code 83",
          "\u2713 All checks passed",
          "Done.",
          "[12:51:28] INFO: Starting build process",
          "Environment: test",
          "Pulling image: node:3.11",
          "  PASS: test_auth_login (489ms)",
          "WARNING: eslint has known vulnerabilities",
          "Environment: test",
          "[12:51:28] DEBUG: Query executed in 24ms",
          "Switched to branch 'feature/task-381'",
          "Done.",
          "Minifying app.js",
          "Transforming 540 files...",
          "Building Docker image...",
          "[12:51:28] INFO: Cache refreshed",
          "Building Docker image...",
          "Success!",
          "[12:51:28] INFO: Connecting to database",
          "POST /data - 200 (285ms)",
          "Creating production build...",
          "=== Step build completed ==="
        ]
      },
      {
        "name": "setup_node",
        "status": "success",
        "started_at": "2025-12-15T12:53:22.459330",
        "finished_at": "2025-12-15T12:53:30.357732",
        "log_lines": [
          "=== Step: setup_node ===",
          "  PASS: e2e/test_cache_hit.spec.js",
          "Cache hit for key-4506",
          "npm notice: package.json updated",
          "\u2713 All checks passed",
          "Completed.",
          "Time: 100.566s",
          "Checking out master branch",
          "pip: Collecting webpack",
          "[12:51:28] DEBUG: Memory usage: 816MB",
          "Platform: darwin-arm64",
          "NODE_ENV=production",
          "[12:51:28] DEBUG: Memory usage: 1844MB",
          "Verifying...",
          "Compiling src/app.ts...",
          "OK",
          "Cache miss for key-3504",
          "Cache miss for key-1430",
          "Platform: darwin-arm64",
          "npm install: resolved 692 packages",
          "Done.",
          "Done.",
          "TLS handshake completed",
          "Cache saved successfully",
          "Platform: linux-x64",
          "[12:51:28] DEBUG: Memory usage: 1730MB",
          "pip: Collecting lodash",
          "pip: Installing build dependencies...",
          "Step 16/15: Installing dependencies",
          "Already up to date.",
          "=== Step setup_node completed ==="
        ]
      },
      {
        "name": "setup_environment",
        "status": "success",
        "started_at": "2025-12-15T12:53:30.357732",
        "finished_at": "2025-12-15T12:53:38.256134",
        "log_lines": [
          "=== Step: setup_environment ===",
          "Generating source maps...",
          "\u2713 All checks passed",
          "[12:51:28] DEBUG: Memory usage: 1965MB",
          "Compiling src/main.py...",
          "npm install: added 169 packages",
          "TLS handshake completed",
          "\u2713 Step 'setup' succeeded",
          "pip: Collecting axios",
          "Already up to date.",
          "pip install: Successfully installed jest-2.18",
          "WARNING: eslint has known vulnerabilities",
          "Step 18/22: Installing dependencies",
          "Step 11/19: Running migrations",
          "Verifying...",
          "Success!",
          "npm install: added 182 packages",
          "Switched to branch 'bugfix/task-368'",
          "Fetching from https://npmjs.org/package.json",
          "[12:51:28] DEBUG: Initializing service",
          "Compiling components/app.ts...",
          "Optimizing 89 modules...",
          "pip: Downloading webpack-2.4.tar.gz",
          "Loading...",
          "Step 10/25: Running migrations",
          "  PASS: integration/test_user_create.spec.js",
          "WARNING: jest has known vulnerabilities",
          "Connection established",
          "Coverage: 98% statements, 60% branches",
          "Pushing to registry...",
          "=== Step setup_environment completed ==="
        ]
      },
      {
        "name": "unit_tests",
        "status": "success",
        "started_at": "2025-12-15T12:53:38.256134",
        "finished_at": "2025-12-15T12:54:01.951339",
        "log_lines": [
          "=== Step: unit_tests ===",
          "Building Docker image...",
          "pip: Downloading eslint-4.14.tar.gz",
          "Installing lodash@3.13.7",
          "Switched to branch 'hotfix/task-424'",
          "Coverage: 90% statements, 76% branches",
          "\u2713 package completed",
          "Minifying app.js",
          "[12:51:28] INFO: Starting build process",
          "Transforming 176 files...",
          "Step 1/20: Deploying",
          "Pushing to registry...",
          "Pulling image: node:latest",
          "WARNING: jest has known vulnerabilities",
          "Connection established",
          "Waiting...",
          "Cache restored successfully (496MB)",
          "Layer 3/8: COPY command",
          "Using Python 3.9",
          "Installing prettier@1.4.2",
          "[12:51:28] INFO: Request completed",
          "Using Python 3.12",
          "Compiling src/handler.rs...",
          "Environment: production",
          "Uploading artifact 'dist' (37 files)",
          "Creating production build...",
          "Cache restored successfully (256MB)",
          "Test Suites: 47 passed, 30 total",
          "Checking out main branch",
          "Minifying vendor.js",
          "=== Step unit_tests completed ==="
        ]
      }
    ],
    "label": "normal"
  }
}