{
  "action": "completed",
  "workflow_run": {
    "id": 809,
    "name": "CI Pipeline",
    "head_branch": "develop",
    "head_sha": "e671d94576c1b979b57ccb36d81c86691886cc71",
    "status": "completed",
    "conclusion": "success",
    "run_started_at": "2025-12-06T11:38:49.917493Z",
    "updated_at": "2025-12-06T11:40:54.398787Z"
  },
  "repository": {
    "full_name": "startup-io/auth-service",
    "name": "auth-service"
  },
  "sender": {
    "login": "charlie"
  },
  "_safeops_extended": {
    "raw_logs": "=== Step: checkout ===\n  PASS: test_auth_login (28ms)\nInstalling eslint@3.12.0\nStep 3/10: Building\n\u2713 test completed\nCompiling src/service.java...\nStep 2/10: Building\nArtifact uploaded: build.tar.gz (46MB)\nArtifact uploaded: build.tar.gz (12MB)\nCache hit for key-4968\n[11:38:49] INFO: Processing request\n  PASS: test_user_create (178ms)\nStep 2/10: Building\n[11:38:49] INFO: Processing request\nCompiling src/index.js...\n\u2713 test completed\n  PASS: test_cache_hit (382ms)\n  PASS: test_api_health (440ms)\n\u2713 lint completed\n\u2713 build completed\n  PASS: test_cache_hit (7ms)\nCompiling src/main.py...\nCache hit for key-9461\nStep 5/10: Building\nCache hit for key-8265\n\u2713 lint completed\n[11:38:49] INFO: Processing request\nCompiling src/main.py...\nWARNING: prettier has known vulnerabilities\nInstalling prettier@4.4.0\n\u2713 build completed\n  PASS: test_user_create (32ms)\n  PASS: test_api_health (445ms)\n[11:38:49] INFO: Processing request\n\u2713 lint completed\n[11:38:49] INFO: Processing request\n  PASS: test_cache_hit (304ms)\nStep 10/10: Building\n[11:38:49] INFO: Processing request\nCache hit for key-9870\nArtifact uploaded: build.tar.gz (43MB)\nInstalling axios@5.14.0\nCache hit for key-9203\n  PASS: test_cache_hit (322ms)\nCompiling src/handler.rs...\n[11:38:49] WARN: Deprecated API usage\nInstalling webpack@4.6.0\n[11:38:49] INFO: Processing request\n[11:38:49] WARN: Deprecated API usage\nFAILED: test_api_health\n[11:38:49] INFO: Processing request\nCompiling src/index.js...\nInstalling react@4.0.0\nCache hit for key-3268\nStep 10/10: Building\n\u2717 build failed with exit code 122\n[11:38:49] INFO: Processing request\n\u2713 test completed\nInstalling lodash@2.3.0\n\u26a0 DEPRECATION: Feature will be removed in v4.0\n[11:38:49] INFO: Processing request\n[11:38:49] INFO: Processing request\nCache hit for key-7754\nCache hit for key-8621\nArtifact uploaded: build.tar.gz (34MB)\n  PASS: test_cache_hit (340ms)\n=== Step checkout completed ===\n=== Step: setup_environment ===\nCompiling src/service.java...\nStep 5/10: Building\nException: NullPointerException\nStep 8/10: Building\nStep 5/10: Building\nWARNING: express has known vulnerabilities\n[11:38:49] INFO: Processing request\nInstalling prettier@5.14.0\nCompiling src/app.ts...\nCompiling src/utils.go...\nInstalling react@3.3.0\n\u2713 lint completed\n\u2713 lint completed\n[11:38:49] INFO: Processing request\n[11:38:49] INFO: Processing request\nCompiling src/handler.rs...\n\u2717 build failed with exit code 80\nArtifact uploaded: build.tar.gz (16MB)\nCompiling src/main.py...\nCompiling src/service.java...\nStep 9/10: Building\nArtifact uploaded: build.tar.gz (11MB)\n[11:38:49] WARN: Deprecated API usage\n  PASS: test_api_health (381ms)\nWARNING: react has known vulnerabilities\n\u26a0 DEPRECATION: Feature will be removed in v2.0\nInstalling prettier@5.11.0\n[11:38:49] ERROR: Connection failed\n  PASS: test_cache_hit (333ms)\n\u2717 build failed with exit code 20\nInstalling lodash@1.12.0\n\u2713 build completed\nArtifact uploaded: build.tar.gz (20MB)\n\u2713 test completed\nCompiling src/index.js...\n\u2713 lint completed\nArtifact uploaded: build.tar.gz (21MB)\nCompiling src/index.js...\nArtifact uploaded: build.tar.gz (7MB)\nArtifact uploaded: build.tar.gz (13MB)\nCompiling src/utils.go...\nCompiling src/index.js...\n\u2713 test completed\nArtifact uploaded: build.tar.gz (34MB)\n\u2713 test completed\nInstalling jest@4.10.0\n[11:38:49] WARN: Deprecated API usage\nArtifact uploaded: build.tar.gz (34MB)\n\u2713 build completed\n  PASS: test_cache_hit (132ms)\n[11:38:49] ERROR: Connection failed\n  PASS: test_cache_hit (115ms)\n\u2713 build completed\nStep 5/10: Building\n  PASS: test_api_health (98ms)\nArtifact uploaded: build.tar.gz (30MB)\n[11:38:49] INFO: Processing request\nInstalling eslint@5.18.0\nCache hit for key-3907\nStep 9/10: Building\nStep 3/10: Building\n  PASS: test_api_health (12ms)\n  PASS: test_api_health (248ms)\n  PASS: test_user_create (322ms)\nArtifact uploaded: build.tar.gz (50MB)\n=== Step setup_environment completed ===\n=== Step: install_dependencies ===\nFAILED: test_user_create\n[11:38:49] INFO: Processing request\nStep 4/10: Building\n[11:38:49] INFO: Processing request\nStep 7/10: Building\n  PASS: test_api_health (13ms)\nArtifact uploaded: build.tar.gz (3MB)\n[11:38:49] INFO: Processing request\nStep 10/10: Building\nArtifact uploaded: build.tar.gz (44MB)\n\u2713 test completed\nArtifact uploaded: build.tar.gz (42MB)\nCache hit for key-9777\n[11:38:49] INFO: Processing request\nFAILED: test_auth_login\nCache hit for key-7943\nFAILED: test_db_connect\nWARNING: react has known vulnerabilities\nArtifact uploaded: build.tar.gz (36MB)\nCache hit for key-9601\n  PASS: test_api_health (200ms)\nArtifact uploaded: build.tar.gz (49MB)\nArtifact uploaded: build.tar.gz (17MB)\nCompiling src/app.ts...\nStep 9/10: Building\nInstalling express@1.8.0\nStep 5/10: Building\n[11:38:49] INFO: Processing request\n  PASS: test_cache_hit (255ms)\nCompiling src/main.py...\nStep 10/10: Building\nCache hit for key-6510\n  PASS: test_auth_login (116ms)\nCache hit for key-5201\n  PASS: test_auth_login (411ms)\n\u2713 test completed\n\u2713 test completed\nCompiling src/index.js...\nArtifact uploaded: build.tar.gz (8MB)\nCache hit for key-2184\n[11:38:49] ERROR: Connection failed\n[11:38:49] INFO: Processing request\nInstalling axios@4.1.0\nArtifact uploaded: build.tar.gz (16MB)\nCompiling src/service.java...\nArtifact uploaded: build.tar.gz (7MB)\nArtifact uploaded: build.tar.gz (19MB)\n\u2713 build completed\n[11:38:49] WARN: Deprecated API usage\nCompiling src/app.ts...\n\u2713 test completed\n\u2713 build completed\n\u26a0 DEPRECATION: Feature will be removed in v4.0\nInstalling prettier@2.17.0\nCache hit for key-5996\n[11:38:49] INFO: Processing request\nWARNING: express has known vulnerabilities\nException: RuntimeError\nInstalling express@2.5.0\nCache hit for key-5977\nCache hit for key-9739\nStep 8/10: Building\nArtifact uploaded: build.tar.gz (11MB)\nCache hit for key-2120\nInstalling lodash@2.2.0\n=== Step install_dependencies completed ===\n=== Step: run_tests ===\nCache hit for key-2654\nCompiling src/index.js...\nStep 5/10: Building\n  PASS: test_auth_login (243ms)\n[11:38:49] INFO: Processing request\n  PASS: test_db_connect (64ms)\nStep 2/10: Building\nCompiling src/index.js...\n\u26a0 DEPRECATION: Feature will be removed in v2.0\nInstalling webpack@3.18.0\nCache hit for key-1406\n\u2713 test completed\nCompiling src/handler.rs...\nCache hit for key-6199\nStep 4/10: Building\nInstalling lodash@1.15.0\n[11:38:49] WARN: Deprecated API usage\n  PASS: test_auth_login (257ms)\n[11:38:49] INFO: Processing request\n\u2713 lint completed\nStep 8/10: Building\n  PASS: test_db_connect (192ms)\nCompiling src/utils.go...\nInstalling webpack@1.15.0\nCache hit for key-5624\n  PASS: test_user_create (39ms)\nInstalling lodash@3.1.0\n\u2713 build completed\n[11:38:49] INFO: Processing request\n  PASS: test_cache_hit (304ms)\nInstalling react@1.11.0\n[11:38:49] INFO: Processing request\nCompiling src/handler.rs...\n  PASS: test_api_health (196ms)\n\u26a0 DEPRECATION: Feature will be removed in v4.0\n[11:38:49] INFO: Processing request\nInstalling axios@4.6.0\n[11:38:49] WARN: Deprecated API usage\nInstalling webpack@1.6.0\nFAILED: test_user_create\nStep 2/10: Building\n[11:38:49] INFO: Processing request\nCompiling src/app.ts...\nArtifact uploaded: build.tar.gz (10MB)\nInstalling jest@4.7.0\n\u26a0 DEPRECATION: Feature will be removed in v4.0\nInstalling react@2.14.0\nArtifact uploaded: build.tar.gz (6MB)\nCache hit for key-5290\n  PASS: test_auth_login (206ms)\n[11:38:49] INFO: Processing request\nStep 4/10: Building\nWARNING: jest has known vulnerabilities\n\u2713 build completed\nWARNING: lodash has known vulnerabilities\n[11:38:49] INFO: Processing request\nArtifact uploaded: build.tar.gz (19MB)\nCache hit for key-2561\nArtifact uploaded: build.tar.gz (14MB)\nCache hit for key-3321\nArtifact uploaded: build.tar.gz (1MB)\n  PASS: test_auth_login (413ms)\nWARNING: react has known vulnerabilities\n[11:38:49] WARN: Deprecated API usage\nArtifact uploaded: build.tar.gz (23MB)\n=== Step run_tests completed ===\n=== Step: build_artifact ===\nCache hit for key-1414\nInstalling webpack@2.10.0\n  PASS: test_cache_hit (274ms)\nCompiling src/index.js...\nCache hit for key-4316\nArtifact uploaded: build.tar.gz (12MB)\n\u2713 build completed\nArtifact uploaded: build.tar.gz (7MB)\nStep 4/10: Building\nArtifact uploaded: build.tar.gz (44MB)\nCompiling src/utils.go...\nCache hit for key-8773\n[11:38:49] INFO: Processing request\n\u2713 test completed\nCache hit for key-9552\nArtifact uploaded: build.tar.gz (32MB)\n\u2713 test completed\nCache hit for key-1520\nCache hit for key-2092\nFAILED: test_auth_login\n  PASS: test_auth_login (154ms)\n  PASS: test_api_health (197ms)\nArtifact uploaded: build.tar.gz (28MB)\n[11:38:49] WARN: Deprecated API usage\nArtifact uploaded: build.tar.gz (23MB)\nWARNING: jest has known vulnerabilities\nCompiling src/app.ts...\nCompiling src/app.ts...\nCompiling src/app.ts...\nInstalling react@5.9.0\nCompiling src/index.js...\nStep 2/10: Building\nArtifact uploaded: build.tar.gz (45MB)\n\u2713 build completed\nStep 10/10: Building\nCompiling src/main.py...\n  PASS: test_user_create (73ms)\n[11:38:49] INFO: Processing request\nStep 7/10: Building\nCompiling src/handler.rs...\nInstalling eslint@3.6.0\nInstalling eslint@4.12.0\n[11:38:49] INFO: Processing request\n[11:38:49] WARN: Deprecated API usage\n\u26a0 DEPRECATION: Feature will be removed in v2.0\nCompiling src/service.java...\nStep 8/10: Building\nInstalling react@4.13.0\nCache hit for key-6573\nWARNING: jest has known vulnerabilities\n\u2713 test completed\n\u2713 build completed\n\u2713 lint completed\nArtifact uploaded: build.tar.gz (34MB)\n  PASS: test_auth_login (276ms)\nInstalling react@3.11.0\nCompiling src/service.java...\n\u2713 test completed\nStep 2/10: Building\n  PASS: test_auth_login (23ms)\n\u2713 build completed\nArtifact uploaded: build.tar.gz (5MB)\n\u26a0 DEPRECATION: Feature will be removed in v2.0\nArtifact uploaded: build.tar.gz (34MB)\nStep 9/10: Building\n=== Step build_artifact completed ===\n=== Step: deploy ===\nWARNING: react has known vulnerabilities\nCompiling src/utils.go...\nStep 7/10: Building\nCache hit for key-6360\nCompiling src/main.py...\nInstalling jest@4.11.0\nInstalling eslint@3.0.0\n\u2713 test completed\n\u2713 test completed\nCache hit for key-8263\n\u2713 lint completed\n[11:38:49] WARN: Deprecated API usage\n[11:38:49] INFO: Processing request\n  PASS: test_user_create (348ms)\n  PASS: test_auth_login (212ms)\n  PASS: test_user_create (110ms)\n[11:38:49] INFO: Processing request\nWARNING: prettier has known vulnerabilities\nArtifact uploaded: build.tar.gz (38MB)\n[11:38:49] WARN: Deprecated API usage\nCache hit for key-1905\nInstalling eslint@3.6.0\nWARNING: axios has known vulnerabilities\n\u2713 build completed\nStep 9/10: Building\nInstalling jest@1.13.0\n\u2713 build completed\nCache hit for key-5149\n[11:38:49] INFO: Processing request\nInstalling axios@1.9.0\nArtifact uploaded: build.tar.gz (38MB)\nCache hit for key-8819\n\u2713 lint completed\n\u26a0 DEPRECATION: Feature will be removed in v2.0\n[11:38:49] ERROR: Connection failed\nException: TypeError\n\u26a0 DEPRECATION: Feature will be removed in v4.0\nArtifact uploaded: build.tar.gz (35MB)\nArtifact uploaded: build.tar.gz (23MB)\nCache hit for key-6116\nCache hit for key-1274\nCache hit for key-3423\nArtifact uploaded: build.tar.gz (43MB)\n\u2713 build completed\n\u26a0 DEPRECATION: Feature will be removed in v4.0\nWARNING: prettier has known vulnerabilities\n\u2713 build completed\n  PASS: test_db_connect (320ms)\nCache hit for key-6104\n[11:38:49] INFO: Processing request\nStep 2/10: Building\nInstalling lodash@5.8.0\nInstalling axios@1.18.0\n  PASS: test_user_create (155ms)\nCache hit for key-7154\nInstalling prettier@3.15.0\n  PASS: test_user_create (336ms)\nStep 1/10: Building\nArtifact uploaded: build.tar.gz (35MB)\n\u2713 test completed\nCache hit for key-4147\n\u26a0 DEPRECATION: Feature will be removed in v4.0\nCache hit for key-2068\nInstalling express@1.14.0\n  PASS: test_auth_login (416ms)\n=== Step deploy completed ===",
    "steps": [
      {
        "name": "checkout",
        "status": "success",
        "started_at": "2025-12-06T11:38:49.917493",
        "finished_at": "2025-12-06T11:38:56.141558",
        "log_lines": [
          "=== Step: checkout ===",
          "  PASS: test_auth_login (28ms)",
          "Installing eslint@3.12.0",
          "Step 3/10: Building",
          "\u2713 test completed",
          "Compiling src/service.java...",
          "Step 2/10: Building",
          "Artifact uploaded: build.tar.gz (46MB)",
          "Artifact uploaded: build.tar.gz (12MB)",
          "Cache hit for key-4968",
          "[11:38:49] INFO: Processing request",
          "  PASS: test_user_create (178ms)",
          "Step 2/10: Building",
          "[11:38:49] INFO: Processing request",
          "Compiling src/index.js...",
          "\u2713 test completed",
          "  PASS: test_cache_hit (382ms)",
          "  PASS: test_api_health (440ms)",
          "\u2713 lint completed",
          "\u2713 build completed",
          "  PASS: test_cache_hit (7ms)",
          "Compiling src/main.py...",
          "Cache hit for key-9461",
          "Step 5/10: Building",
          "Cache hit for key-8265",
          "\u2713 lint completed",
          "[11:38:49] INFO: Processing request",
          "Compiling src/main.py...",
          "WARNING: prettier has known vulnerabilities",
          "Installing prettier@4.4.0",
          "\u2713 build completed",
          "  PASS: test_user_create (32ms)",
          "  PASS: test_api_health (445ms)",
          "[11:38:49] INFO: Processing request",
          "\u2713 lint completed",
          "[11:38:49] INFO: Processing request",
          "  PASS: test_cache_hit (304ms)",
          "Step 10/10: Building",
          "[11:38:49] INFO: Processing request",
          "Cache hit for key-9870",
          "Artifact uploaded: build.tar.gz (43MB)",
          "Installing axios@5.14.0",
          "Cache hit for key-9203",
          "  PASS: test_cache_hit (322ms)",
          "Compiling src/handler.rs...",
          "[11:38:49] WARN: Deprecated API usage",
          "Installing webpack@4.6.0",
          "[11:38:49] INFO: Processing request",
          "[11:38:49] WARN: Deprecated API usage",
          "FAILED: test_api_health",
          "[11:38:49] INFO: Processing request",
          "Compiling src/index.js...",
          "Installing react@4.0.0",
          "Cache hit for key-3268",
          "Step 10/10: Building",
          "\u2717 build failed with exit code 122",
          "[11:38:49] INFO: Processing request",
          "\u2713 test completed",
          "Installing lodash@2.3.0",
          "\u26a0 DEPRECATION: Feature will be removed in v4.0",
          "[11:38:49] INFO: Processing request",
          "[11:38:49] INFO: Processing request",
          "Cache hit for key-7754",
          "Cache hit for key-8621",
          "Artifact uploaded: build.tar.gz (34MB)",
          "  PASS: test_cache_hit (340ms)",
          "=== Step checkout completed ==="
        ]
      },
      {
        "name": "setup_environment",
        "status": "success",
        "started_at": "2025-12-06T11:38:56.141558",
        "finished_at": "2025-12-06T11:39:08.589687",
        "log_lines": [
          "=== Step: setup_environment ===",
          "Compiling src/service.java...",
          "Step 5/10: Building",
          "Exception: NullPointerException",
          "Step 8/10: Building",
          "Step 5/10: Building",
          "WARNING: express has known vulnerabilities",
          "[11:38:49] INFO: Processing request",
          "Installing prettier@5.14.0",
          "Compiling src/app.ts...",
          "Compiling src/utils.go...",
          "Installing react@3.3.0",
          "\u2713 lint completed",
          "\u2713 lint completed",
          "[11:38:49] INFO: Processing request",
          "[11:38:49] INFO: Processing request",
          "Compiling src/handler.rs...",
          "\u2717 build failed with exit code 80",
          "Artifact uploaded: build.tar.gz (16MB)",
          "Compiling src/main.py...",
          "Compiling src/service.java...",
          "Step 9/10: Building",
          "Artifact uploaded: build.tar.gz (11MB)",
          "[11:38:49] WARN: Deprecated API usage",
          "  PASS: test_api_health (381ms)",
          "WARNING: react has known vulnerabilities",
          "\u26a0 DEPRECATION: Feature will be removed in v2.0",
          "Installing prettier@5.11.0",
          "[11:38:49] ERROR: Connection failed",
          "  PASS: test_cache_hit (333ms)",
          "\u2717 build failed with exit code 20",
          "Installing lodash@1.12.0",
          "\u2713 build completed",
          "Artifact uploaded: build.tar.gz (20MB)",
          "\u2713 test completed",
          "Compiling src/index.js...",
          "\u2713 lint completed",
          "Artifact uploaded: build.tar.gz (21MB)",
          "Compiling src/index.js...",
          "Artifact uploaded: build.tar.gz (7MB)",
          "Artifact uploaded: build.tar.gz (13MB)",
          "Compiling src/utils.go...",
          "Compiling src/index.js...",
          "\u2713 test completed",
          "Artifact uploaded: build.tar.gz (34MB)",
          "\u2713 test completed",
          "Installing jest@4.10.0",
          "[11:38:49] WARN: Deprecated API usage",
          "Artifact uploaded: build.tar.gz (34MB)",
          "\u2713 build completed",
          "  PASS: test_cache_hit (132ms)",
          "[11:38:49] ERROR: Connection failed",
          "  PASS: test_cache_hit (115ms)",
          "\u2713 build completed",
          "Step 5/10: Building",
          "  PASS: test_api_health (98ms)",
          "Artifact uploaded: build.tar.gz (30MB)",
          "[11:38:49] INFO: Processing request",
          "Installing eslint@5.18.0",
          "Cache hit for key-3907",
          "Step 9/10: Building",
          "Step 3/10: Building",
          "  PASS: test_api_health (12ms)",
          "  PASS: test_api_health (248ms)",
          "  PASS: test_user_create (322ms)",
          "Artifact uploaded: build.tar.gz (50MB)",
          "=== Step setup_environment completed ==="
        ]
      },
      {
        "name": "install_dependencies",
        "status": "success",
        "started_at": "2025-12-06T11:39:08.589687",
        "finished_at": "2025-12-06T11:39:33.485946",
        "log_lines": [
          "=== Step: install_dependencies ===",
          "FAILED: test_user_create",
          "[11:38:49] INFO: Processing request",
          "Step 4/10: Building",
          "[11:38:49] INFO: Processing request",
          "Step 7/10: Building",
          "  PASS: test_api_health (13ms)",
          "Artifact uploaded: build.tar.gz (3MB)",
          "[11:38:49] INFO: Processing request",
          "Step 10/10: Building",
          "Artifact uploaded: build.tar.gz (44MB)",
          "\u2713 test completed",
          "Artifact uploaded: build.tar.gz (42MB)",
          "Cache hit for key-9777",
          "[11:38:49] INFO: Processing request",
          "FAILED: test_auth_login",
          "Cache hit for key-7943",
          "FAILED: test_db_connect",
          "WARNING: react has known vulnerabilities",
          "Artifact uploaded: build.tar.gz (36MB)",
          "Cache hit for key-9601",
          "  PASS: test_api_health (200ms)",
          "Artifact uploaded: build.tar.gz (49MB)",
          "Artifact uploaded: build.tar.gz (17MB)",
          "Compiling src/app.ts...",
          "Step 9/10: Building",
          "Installing express@1.8.0",
          "Step 5/10: Building",
          "[11:38:49] INFO: Processing request",
          "  PASS: test_cache_hit (255ms)",
          "Compiling src/main.py...",
          "Step 10/10: Building",
          "Cache hit for key-6510",
          "  PASS: test_auth_login (116ms)",
          "Cache hit for key-5201",
          "  PASS: test_auth_login (411ms)",
          "\u2713 test completed",
          "\u2713 test completed",
          "Compiling src/index.js...",
          "Artifact uploaded: build.tar.gz (8MB)",
          "Cache hit for key-2184",
          "[11:38:49] ERROR: Connection failed",
          "[11:38:49] INFO: Processing request",
          "Installing axios@4.1.0",
          "Artifact uploaded: build.tar.gz (16MB)",
          "Compiling src/service.java...",
          "Artifact uploaded: build.tar.gz (7MB)",
          "Artifact uploaded: build.tar.gz (19MB)",
          "\u2713 build completed",
          "[11:38:49] WARN: Deprecated API usage",
          "Compiling src/app.ts...",
          "\u2713 test completed",
          "\u2713 build completed",
          "\u26a0 DEPRECATION: Feature will be removed in v4.0",
          "Installing prettier@2.17.0",
          "Cache hit for key-5996",
          "[11:38:49] INFO: Processing request",
          "WARNING: express has known vulnerabilities",
          "Exception: RuntimeError",
          "Installing express@2.5.0",
          "Cache hit for key-5977",
          "Cache hit for key-9739",
          "Step 8/10: Building",
          "Artifact uploaded: build.tar.gz (11MB)",
          "Cache hit for key-2120",
          "Installing lodash@2.2.0",
          "=== Step install_dependencies completed ==="
        ]
      },
      {
        "name": "run_tests",
        "status": "success",
        "started_at": "2025-12-06T11:39:33.485946",
        "finished_at": "2025-12-06T11:40:17.054399",
        "log_lines": [
          "=== Step: run_tests ===",
          "Cache hit for key-2654",
          "Compiling src/index.js...",
          "Step 5/10: Building",
          "  PASS: test_auth_login (243ms)",
          "[11:38:49] INFO: Processing request",
          "  PASS: test_db_connect (64ms)",
          "Step 2/10: Building",
          "Compiling src/index.js...",
          "\u26a0 DEPRECATION: Feature will be removed in v2.0",
          "Installing webpack@3.18.0",
          "Cache hit for key-1406",
          "\u2713 test completed",
          "Compiling src/handler.rs...",
          "Cache hit for key-6199",
          "Step 4/10: Building",
          "Installing lodash@1.15.0",
          "[11:38:49] WARN: Deprecated API usage",
          "  PASS: test_auth_login (257ms)",
          "[11:38:49] INFO: Processing request",
          "\u2713 lint completed",
          "Step 8/10: Building",
          "  PASS: test_db_connect (192ms)",
          "Compiling src/utils.go...",
          "Installing webpack@1.15.0",
          "Cache hit for key-5624",
          "  PASS: test_user_create (39ms)",
          "Installing lodash@3.1.0",
          "\u2713 build completed",
          "[11:38:49] INFO: Processing request",
          "  PASS: test_cache_hit (304ms)",
          "Installing react@1.11.0",
          "[11:38:49] INFO: Processing request",
          "Compiling src/handler.rs...",
          "  PASS: test_api_health (196ms)",
          "\u26a0 DEPRECATION: Feature will be removed in v4.0",
          "[11:38:49] INFO: Processing request",
          "Installing axios@4.6.0",
          "[11:38:49] WARN: Deprecated API usage",
          "Installing webpack@1.6.0",
          "FAILED: test_user_create",
          "Step 2/10: Building",
          "[11:38:49] INFO: Processing request",
          "Compiling src/app.ts...",
          "Artifact uploaded: build.tar.gz (10MB)",
          "Installing jest@4.7.0",
          "\u26a0 DEPRECATION: Feature will be removed in v4.0",
          "Installing react@2.14.0",
          "Artifact uploaded: build.tar.gz (6MB)",
          "Cache hit for key-5290",
          "  PASS: test_auth_login (206ms)",
          "[11:38:49] INFO: Processing request",
          "Step 4/10: Building",
          "WARNING: jest has known vulnerabilities",
          "\u2713 build completed",
          "WARNING: lodash has known vulnerabilities",
          "[11:38:49] INFO: Processing request",
          "Artifact uploaded: build.tar.gz (19MB)",
          "Cache hit for key-2561",
          "Artifact uploaded: build.tar.gz (14MB)",
          "Cache hit for key-3321",
          "Artifact uploaded: build.tar.gz (1MB)",
          "  PASS: test_auth_login (413ms)",
          "WARNING: react has known vulnerabilities",
          "[11:38:49] WARN: Deprecated API usage",
          "Artifact uploaded: build.tar.gz (23MB)",
          "=== Step run_tests completed ==="
        ]
      },
      {
        "name": "build_artifact",
        "status": "success",
        "started_at": "2025-12-06T11:40:17.054399",
        "finished_at": "2025-12-06T11:40:41.950658",
        "log_lines": [
          "=== Step: build_artifact ===",
          "Cache hit for key-1414",
          "Installing webpack@2.10.0",
          "  PASS: test_cache_hit (274ms)",
          "Compiling src/index.js...",
          "Cache hit for key-4316",
          "Artifact uploaded: build.tar.gz (12MB)",
          "\u2713 build completed",
          "Artifact uploaded: build.tar.gz (7MB)",
          "Step 4/10: Building",
          "Artifact uploaded: build.tar.gz (44MB)",
          "Compiling src/utils.go...",
          "Cache hit for key-8773",
          "[11:38:49] INFO: Processing request",
          "\u2713 test completed",
          "Cache hit for key-9552",
          "Artifact uploaded: build.tar.gz (32MB)",
          "\u2713 test completed",
          "Cache hit for key-1520",
          "Cache hit for key-2092",
          "FAILED: test_auth_login",
          "  PASS: test_auth_login (154ms)",
          "  PASS: test_api_health (197ms)",
          "Artifact uploaded: build.tar.gz (28MB)",
          "[11:38:49] WARN: Deprecated API usage",
          "Artifact uploaded: build.tar.gz (23MB)",
          "WARNING: jest has known vulnerabilities",
          "Compiling src/app.ts...",
          "Compiling src/app.ts...",
          "Compiling src/app.ts...",
          "Installing react@5.9.0",
          "Compiling src/index.js...",
          "Step 2/10: Building",
          "Artifact uploaded: build.tar.gz (45MB)",
          "\u2713 build completed",
          "Step 10/10: Building",
          "Compiling src/main.py...",
          "  PASS: test_user_create (73ms)",
          "[11:38:49] INFO: Processing request",
          "Step 7/10: Building",
          "Compiling src/handler.rs...",
          "Installing eslint@3.6.0",
          "Installing eslint@4.12.0",
          "[11:38:49] INFO: Processing request",
          "[11:38:49] WARN: Deprecated API usage",
          "\u26a0 DEPRECATION: Feature will be removed in v2.0",
          "Compiling src/service.java...",
          "Step 8/10: Building",
          "Installing react@4.13.0",
          "Cache hit for key-6573",
          "WARNING: jest has known vulnerabilities",
          "\u2713 test completed",
          "\u2713 build completed",
          "\u2713 lint completed",
          "Artifact uploaded: build.tar.gz (34MB)",
          "  PASS: test_auth_login (276ms)",
          "Installing react@3.11.0",
          "Compiling src/service.java...",
          "\u2713 test completed",
          "Step 2/10: Building",
          "  PASS: test_auth_login (23ms)",
          "\u2713 build completed",
          "Artifact uploaded: build.tar.gz (5MB)",
          "\u26a0 DEPRECATION: Feature will be removed in v2.0",
          "Artifact uploaded: build.tar.gz (34MB)",
          "Step 9/10: Building",
          "=== Step build_artifact completed ==="
        ]
      },
      {
        "name": "deploy",
        "status": "success",
        "started_at": "2025-12-06T11:40:41.950658",
        "finished_at": "2025-12-06T11:40:54.398787",
        "log_lines": [
          "=== Step: deploy ===",
          "WARNING: react has known vulnerabilities",
          "Compiling src/utils.go...",
          "Step 7/10: Building",
          "Cache hit for key-6360",
          "Compiling src/main.py...",
          "Installing jest@4.11.0",
          "Installing eslint@3.0.0",
          "\u2713 test completed",
          "\u2713 test completed",
          "Cache hit for key-8263",
          "\u2713 lint completed",
          "[11:38:49] WARN: Deprecated API usage",
          "[11:38:49] INFO: Processing request",
          "  PASS: test_user_create (348ms)",
          "  PASS: test_auth_login (212ms)",
          "  PASS: test_user_create (110ms)",
          "[11:38:49] INFO: Processing request",
          "WARNING: prettier has known vulnerabilities",
          "Artifact uploaded: build.tar.gz (38MB)",
          "[11:38:49] WARN: Deprecated API usage",
          "Cache hit for key-1905",
          "Installing eslint@3.6.0",
          "WARNING: axios has known vulnerabilities",
          "\u2713 build completed",
          "Step 9/10: Building",
          "Installing jest@1.13.0",
          "\u2713 build completed",
          "Cache hit for key-5149",
          "[11:38:49] INFO: Processing request",
          "Installing axios@1.9.0",
          "Artifact uploaded: build.tar.gz (38MB)",
          "Cache hit for key-8819",
          "\u2713 lint completed",
          "\u26a0 DEPRECATION: Feature will be removed in v2.0",
          "[11:38:49] ERROR: Connection failed",
          "Exception: TypeError",
          "\u26a0 DEPRECATION: Feature will be removed in v4.0",
          "Artifact uploaded: build.tar.gz (35MB)",
          "Artifact uploaded: build.tar.gz (23MB)",
          "Cache hit for key-6116",
          "Cache hit for key-1274",
          "Cache hit for key-3423",
          "Artifact uploaded: build.tar.gz (43MB)",
          "\u2713 build completed",
          "\u26a0 DEPRECATION: Feature will be removed in v4.0",
          "WARNING: prettier has known vulnerabilities",
          "\u2713 build completed",
          "  PASS: test_db_connect (320ms)",
          "Cache hit for key-6104",
          "[11:38:49] INFO: Processing request",
          "Step 2/10: Building",
          "Installing lodash@5.8.0",
          "Installing axios@1.18.0",
          "  PASS: test_user_create (155ms)",
          "Cache hit for key-7154",
          "Installing prettier@3.15.0",
          "  PASS: test_user_create (336ms)",
          "Step 1/10: Building",
          "Artifact uploaded: build.tar.gz (35MB)",
          "\u2713 test completed",
          "Cache hit for key-4147",
          "\u26a0 DEPRECATION: Feature will be removed in v4.0",
          "Cache hit for key-2068",
          "Installing express@1.14.0",
          "  PASS: test_auth_login (416ms)",
          "=== Step deploy completed ==="
        ]
      }
    ],
    "label": "normal"
  }
}