{
  "action": "completed",
  "workflow_run": {
    "id": 451,
    "name": "CI Pipeline",
    "head_branch": "feature/feat-656",
    "head_sha": "516dd9529555b1c1aa8453fff5e26063864c032d",
    "status": "completed",
    "conclusion": "failure",
    "run_started_at": "2025-12-08T12:51:22.919938Z",
    "updated_at": "2025-12-08T12:54:45.040337Z"
  },
  "repository": {
    "full_name": "acme-corp/data-pipeline",
    "name": "data-pipeline"
  },
  "sender": {
    "login": "alice"
  },
  "_safeops_extended": {
    "raw_logs": "=== Step: integration_tests ===\nStep 4/22: Running migrations\nOptimizing 52 modules...\n\u2713 Task completed in 3419ms\nSuccess!\nTransforming 171 files...\nyarn add: Done in 3.13s\nnpm install: resolved 207 packages\n[12:51:22] DEBUG: Query executed in 44ms\n[12:51:22] WARN: Deprecated API usage\nCache restored successfully (31MB)\nFAILED: test_db_connect\nBuilding Docker image...\npip: Installing build dependencies...\nStep 8/25: Building\nChecking out develop branch\npip: Collecting eslint\nStep 7/21: Linting\nCompiling components/main.py...\nUsing Node.js 15.18.0\nOptimizing 77 modules...\nSnapshots: 34 passed, 2 total\nnpm install: added 489 packages\nUploading artifact 'build' (42 files)\n\u2713 Step 'test' succeeded\n\u26a0 DEPRECATION: Feature will be removed in v4.0\n[12:51:22] DEBUG: Connection pool: 20 active\n[12:51:22] INFO: Connecting to database\nCache hit for key-5109\n  PASS: test_api_health (207ms)\nBuilding Docker image...\nyarn add: Done in 5.41s\nnpm notice: package.json updated\nyarn add: Done in 4.3s\nCache hit for key-1451\nPushing to registry...\nFetching submodules...\nPlatform: win32-x64\n[12:51:22] DEBUG: Initializing service\nCompiling src/main.py...\nReady.\nOptimizing 82 modules...\n  PASS: integration/test_cache_hit.spec.js\nWaiting...\nProcessing...\npip install: Successfully installed webpack-5.15\n[12:51:22] INFO: Processing request\nCache hit for key-3712\nGET /health - 201 (16ms)\nUploading artifact 'coverage' (1 files)\nGET /status - 201 (83ms)\nnpm install: added 338 packages\nArtifact uploaded: build.tar.gz (42MB)\n[12:51:22] WARN: Deprecated API usage\nCoverage: 70% statements, 93% branches\npip: Downloading express-4.5.tar.gz\nnpm notice: package.json updated\npip: Downloading axios-5.13.tar.gz\nConnection established\n[12:51:22] WARN: Deprecated API usage\nWARNING: express has known vulnerabilities\nPushing to registry...\nMinifying app.js\nCompleted.\nStep 13/17: Building\n[12:51:22] INFO: Starting build process\n[12:51:22] DEBUG: Memory usage: 1315MB\nArtifact uploaded: build.tar.gz (28MB)\nnpm install: added 329 packages\nCompiling src/service.java...\nCompiling utils/utils.go...\nWARNING: axios has known vulnerabilities\nTransforming 863 files...\nGenerating source maps...\nProcessing...\n\u2713 Task completed in 584ms\nTest Suites: 40 passed, 38 total\nArtifact uploaded: build.tar.gz (5MB)\nCompiling src/utils.go...\nnpm install: added 219 packages\nTLS handshake completed\nCoverage: 73% statements, 88% branches\n[12:51:22] DEBUG: Loading configuration\nPOST /upload - 200 (231ms)\n[12:51:22] INFO: Connecting to database\n\u26a0 DEPRECATION: Feature will be removed in v2.0\n  PASS: test_cache_hit (64ms)\nnpm install: added 417 packages\nOptimizing 75 modules...\nFetching submodules...\nSwitched to branch 'bugfix/task-449'\npip: Installing build dependencies...\n[12:51:22] DEBUG: Initializing service\nCompiling src/app.ts...\nCoverage: 92% statements, 62% branches\nTests: 233 passed, 58 total\npip: Installing build dependencies...\nStep 3/19: Deploying\nSuccess!\nyarn add: Done in 19.47s\nUsing Node.js 18.9.1\nStep 5/22: Linting\n\u26a0 DEPRECATION: Feature will be removed in v2.0\nWaiting...\nGenerating source maps...\nStep 9/15: Installing dependencies\n[12:51:22] INFO: Connecting to database\n[12:51:22] DEBUG: Loading configuration\nOK\nEnvironment: production\nPOST /upload - 201 (310ms)\n\u26a0 DEPRECATION: Feature will be removed in v4.0\nAlready up to date.\npip install: Successfully installed express-5.6\nStep 14/18: Linting\nConnection established\nSuccess!\nPushing to registry...\nStep 15/18: Installing dependencies\n\u2713 Task completed in 1462ms\n[12:51:22] INFO: Connecting to database\nBundling main.js\n[12:51:22] INFO: Processing request\nWaiting...\n  PASS: test_user_create (192ms)\n=== Step integration_tests completed ===\n=== Step: deploy_production ===\nReady.\nNODE_ENV=test\n[12:51:22] WARN: Deprecated API usage\n  PASS: test_db_connect (393ms)\npip: Collecting lodash\nCompiling utils/handler.rs...\nFetching submodules...\nVerifying...\npip: Collecting eslint\nLayer 2/12: ENV command\n\u26a0 DEPRECATION: Feature will be removed in v2.0\nCompiling src/main.py...\nPOST /upload - 202 (166ms)\nCompiling utils/service.java...\n[12:51:22] INFO: Cache refreshed\nChecking out main branch\nCoverage: 87% statements, 63% branches\nnpm install: resolved 654 packages\nSuccess!\nEnvironment: production\nSwitched to branch 'hotfix/task-112'\n[12:51:22] DEBUG: Memory usage: 500MB\nCache invalidated: build\nArtifact uploaded: build.tar.gz (33MB)\nReady.\nTransforming 879 files...\nWARNING: jest has known vulnerabilities\nStep 5/19: Running migrations\nChecking out main branch\n[12:51:22] INFO: Starting build process\nnpm install: added 291 packages\nCache miss for key-1237\n[12:51:22] DEBUG: Connection pool: 1 active\nSnapshots: 30 passed, 14 total\n[12:51:22] INFO: Processing request\n[12:51:22] INFO: Connecting to database\n[12:51:22] INFO: Request completed\nChecking out master branch\nConnection established\nCompiling src/index.js...\nyarn add: Done in 6.8s\nArtifact downloaded: 47MB\nyarn add: Done in 21.53s\nSuccess!\npip install: Successfully installed react-5.12\nPlatform: win32-x64\nEnvironment: production\nGET /health - 204 (29ms)\nWaiting...\nWARNING: axios has known vulnerabilities\n[12:51:22] INFO: Connecting to database\nVerifying...\nStep 6/15: Deploying\nStep 7/20: Running migrations\nAlready up to date.\n[12:51:22] INFO: Request completed\nPulling image: node:3.11\nStep 14/19: Linting\nTime: 69.794s\nTLS handshake completed\nnpm install: resolved 1260 packages\npip: Installing build dependencies...\nnpm install: resolved 847 packages\nWARNING: webpack has known vulnerabilities\nPulling image: node:latest\npip: Installing build dependencies...\nMinifying app.js\n\u2713 Task completed in 4124ms\n[12:51:22] INFO: Request completed\n[12:51:22] WARN: Deprecated API usage\n\u2713 Step 'checkout' succeeded\npip: Downloading lodash-4.4.tar.gz\npip install: Successfully installed lodash-2.11\nCache hit for key-8352\nMinifying app.js\npip: Installing build dependencies...\nVerifying...\nEnvironment: development\n[12:51:22] INFO: Cache refreshed\nRan 109 tests in 17s\npip: Installing build dependencies...\nCache miss for key-1076\nPushing to registry...\nPlatform: linux-x64\nTime: 47.884s\n[12:51:22] INFO: Request completed\nGET /api - 200 (4ms)\nLoading...\nSuccess!\npip: Collecting react\n[12:51:22] ERROR: Connection failed\nFetching submodules...\nRan 91 tests in 15s\nnpm notice: package.json updated\n\u2717 build failed with exit code 95\nCompiling components/handler.rs...\n[12:51:22] WARN: Deprecated API usage\n\u2713 Task completed in 2549ms\npip install: Successfully installed eslint-5.13\nStep 2/16: Building\nRan 164 tests in 3s\npip: Installing build dependencies...\nStep 3/22: Testing\n\u2713 All checks passed\n\u2713 Step 'checkout' succeeded\n[12:51:22] INFO: Connecting to database\nCompleted.\n\u26a0 DEPRECATION: Feature will be removed in v3.0\n[12:51:22] DEBUG: Connection pool: 12 active\nStep 8/23: Installing dependencies\n[12:51:22] INFO: Cache refreshed\nnpm install: resolved 147 packages\nCache saved successfully\n\u2713 All checks passed\nTransforming 152 files...\nOptimizing 18 modules...\nStep 14/20: Linting\nnpm install: added 232 packages\n[12:51:22] DEBUG: Query executed in 20ms\nSuccess!\nChecking out main branch\nyarn add: Done in 5.5s\n[12:51:22] DEBUG: Query executed in 43ms\nCache restored successfully (165MB)\n=== Step deploy_production completed ===\n=== Step: unit_tests ===\nStep 16/15: Running migrations\n\u2713 build completed\n[12:51:22] INFO: Request completed\nLayer 7/9: RUN command\nUsing Node.js 20.13.8\nUploading artifact 'coverage' (41 files)\n\u26a0 DEPRECATION: Feature will be removed in v4.0\nReady.\nCompiling lib/service.java...\nOptimizing 48 modules...\nStep 3/17: Building\n[12:51:22] DEBUG: Initializing service\n  PASS: integration/test_api_health.spec.js\nVerifying...\nStep 10/25: Linting\nCache miss for key-1638\nGET /api - 200 (61ms)\nLoading...\nWaiting...\nStep 14/21: Running migrations\n\u2713 Step 'checkout' succeeded\nNODE_ENV=test\n  PASS: test_auth_login (191ms)\nCompleted.\nSwitched to branch 'feature/task-169'\nUsing Python 3.12\nCompleted.\nBuilding Docker image...\nNODE_ENV=development\nCache hit for key-1752\nyarn add: Done in 12.51s\n\u26a0 DEPRECATION: Feature will be removed in v2.0\nArtifact uploaded: build.tar.gz (15MB)\npip: Downloading axios-1.13.tar.gz\nMinifying main.js\n[12:51:22] DEBUG: Memory usage: 1287MB\nArtifact uploaded: dist.zip (33MB)\nArtifact uploaded: dist.zip (38MB)\nTests: 231 passed, 350 total\nUsing Python 3.11\n\u26a0 DEPRECATION: Feature will be removed in v4.0\nCache invalidated: build\n[12:51:22] INFO: Connecting to database\nBuilding Docker image...\nTransforming 557 files...\nCache restored successfully (201MB)\nFetching from https://googleapis.com/package.json\nPushing to registry...\nPOST /api - 202 (253ms)\npip: Downloading prettier-3.8.tar.gz\n\u2713 validate completed\nNODE_ENV=development\nException: NullPointerException\nyarn add: Done in 26.88s\n[12:51:22] WARN: Deprecated API usage\n[12:51:22] DEBUG: Memory usage: 250MB\nDone.\nMinifying app.js\nyarn add: Done in 27.14s\nUsing Python 3.11\nProcessing...\nMinifying app.js\nStep 12/17: Linting\nCompiling lib/handler.rs...\n\u26a0 DEPRECATION: Feature will be removed in v5.0\nStep 19/15: Deploying\nBundling vendor.js\nStep 16/15: Running migrations\n[12:51:22] DEBUG: Loading configuration\nWARNING: react has known vulnerabilities\n[12:51:22] DEBUG: Loading configuration\nStep 2/15: Building\n[12:51:22] WARN: Deprecated API usage\nTransforming 119 files...\npip install: Successfully installed react-4.15\n[12:51:22] DEBUG: Memory usage: 1377MB\nImage pulled successfully\nArtifact uploaded: dist.zip (57MB)\nArtifact uploaded: build.tar.gz (7MB)\nTests: 359 passed, 430 total\n[12:51:22] INFO: Processing request\nWARNING: eslint has known vulnerabilities\nCompiling src/app.ts...\nUsing Node.js 19.1.1\nUsing Python 3.12\nFetching from https://docker.io/package.json\nDone.\nArtifact uploaded: build.tar.gz (29MB)\n  PASS: e2e/test_cache_hit.spec.js\nCompiling src/utils.go...\nInstalling prettier@5.1.3\n[12:51:22] DEBUG: Query executed in 40ms\n[12:51:22] INFO: Processing request\nCache miss for key-7707\nTLS handshake completed\nPulling image: node:18\nSwitched to branch 'bugfix/task-268'\nFetching from https://googleapis.com/package.json\nStep 19/17: Running migrations\nnpm notice: package.json updated\nCompiling src/main.py...\nTransforming 698 files...\nSuccess!\nImage pulled successfully\nGET /api - 204 (14ms)\nnpm notice: created a lockfile\nNODE_ENV=development\nAlready up to date.\n[12:51:22] DEBUG: Query executed in 39ms\nSwitched to branch 'bugfix/task-501'\nCache miss for key-4899\nTests: 177 passed, 369 total\nCompleted.\nPOST /upload - 202 (312ms)\nLayer 8/12: COPY command\n\u26a0 DEPRECATION: Feature will be removed in v3.0\nCompiling utils/handler.rs...\n\u2713 All checks passed\npip: Downloading eslint-2.15.tar.gz\n[12:51:22] WARN: Deprecated API usage\nInstalling eslint@5.2.3\nCache invalidated: node_modules\nPlatform: win32-x64\nCache hit for key-4709\n=== Step unit_tests completed ===\n=== Step: type_check ===\nTLS handshake completed\nFinished.\nStep 15/22: Building\n[12:51:22] INFO: Starting build process\n\u2713 Step 'checkout' succeeded\nArtifact downloaded: 29MB\npip: Downloading react-5.0.tar.gz\nyarn add: Done in 30.23s\nCompiling utils/handler.rs...\nFetching from https://googleapis.com/package.json\nLayer 10/8: RUN command\n\u2717 build failed with exit code 15\n\u26a0 DEPRECATION: Feature will be removed in v3.0\n\u2713 test completed\n[12:51:22] DEBUG: Memory usage: 1486MB\nGET /health - 204 (100ms)\nStep 1/20: Running migrations\nBundling runtime.js\nStep 18/15: Running migrations\nBundling styles.js\nnpm notice: package.json updated\nCache restored successfully (178MB)\n\u26a0 DEPRECATION: Feature will be removed in v2.0\n[12:51:22] INFO: Processing request\nWaiting...\nCompiling lib/main.py...\nReady.\nRan 83 tests in 10s\n[12:51:22] DEBUG: Loading configuration\nTest Suites: 18 passed, 34 total\nProcessing...\nPlatform: win32-x64\nInstalling express@5.0.1\nCompleted.\n[12:51:22] DEBUG: Query executed in 2ms\npip install: Successfully installed lodash-2.15\nInstalling react@3.5.5\nCompiling src/service.java...\nCompiling lib/main.py...\nDone.\nCreating production build...\nSuccess!\nFetching from https://googleapis.com/package.json\nBuilding Docker image...\nyarn add: Done in 23.2s\n\u2713 lint completed\nStep 19/16: Testing\nConnection established\nCache invalidated: build\nStep 18/21: Running migrations\nCompiling utils/index.js...\nLayer 2/14: RUN command\nCompiling lib/index.js...\nCompiling utils/index.js...\n\u2713 Step 'test' succeeded\n\u2713 All checks passed\n[12:51:22] DEBUG: Loading configuration\n[12:51:22] WARN: Deprecated API usage\nTest Suites: 33 passed, 19 total\nTest Suites: 31 passed, 27 total\nyarn add: Done in 10.19s\nMinifying app.js\n[12:51:22] DEBUG: Connection pool: 5 active\nEnvironment: staging\n\u2713 All checks passed\n[12:51:22] INFO: Request completed\nCache invalidated: node_modules\nCache invalidated: node_modules\nSnapshots: 14 passed, 37 total\nTransforming 581 files...\nTime: 79.222s\nMinifying app.js\nUploading artifact 'build' (30 files)\nTransforming 168 files...\nTLS handshake completed\nFetching submodules...\nInstalling prettier@4.17.6\n[12:51:22] DEBUG: Query executed in 3ms\nTime: 114.103s\nWARNING: eslint has known vulnerabilities\nnpm notice: created a lockfile\nCompiling src/handler.rs...\nPOST /data - 201 (381ms)\nPushing to registry...\nCompiling components/app.ts...\nCache restored successfully (343MB)\nReady.\n[12:51:22] INFO: Processing request\nTest Suites: 12 passed, 9 total\n[12:51:22] WARN: Deprecated API usage\nSuccess!\n[12:51:22] ERROR: Connection failed\nPushing to registry...\n[12:51:22] DEBUG: Memory usage: 237MB\nnpm install: resolved 1149 packages\nUsing Python 3.11\nUsing Python 3.10\nTests: 131 passed, 261 total\nWARNING: react has known vulnerabilities\n[12:51:22] INFO: Processing request\npip install: Successfully installed prettier-3.8\n[12:51:22] DEBUG: Loading configuration\nWARNING: lodash has known vulnerabilities\nyarn add: Done in 7.61s\nnpm notice: created a lockfile\n\u2713 lint completed\nnpm notice: package.json updated\nReady.\nArtifact downloaded: 4MB\nCache saved successfully\nArtifact uploaded: dist.zip (11MB)\nStep 13/24: Deploying\n\u26a0 DEPRECATION: Feature will be removed in v4.0\nStep 11/19: Building\nGenerating source maps...\nUsing Node.js 19.6.0\nCompleted.\nArtifact uploaded: build.tar.gz (15MB)\n\u2713 Step 'setup' succeeded\n[12:51:22] WARN: Deprecated API usage\n\u2713 All checks passed\nFetching from https://github.com/package.json\nPlatform: darwin-arm64\nException: ValueError\n=== Step type_check completed ===\n=== Step: upload_artifacts ===\nPushing to registry...\n[12:51:22] DEBUG: Memory usage: 680MB\nInstalling jest@3.1.7\n[12:51:22] INFO: Cache refreshed\nMinifying vendor.js\nCache saved successfully\nFetching from https://docker.io/package.json\n\u2713 Task completed in 1686ms\n[12:51:22] DEBUG: Connection pool: 1 active\nSnapshots: 41 passed, 21 total\n[12:51:22] DEBUG: Memory usage: 714MB\npip: Installing build dependencies...\nyarn add: Done in 29.97s\nAlready up to date.\nAlready up to date.\nSnapshots: 6 passed, 36 total\nCompleted.\nSuccess!\nCompiling utils/main.py...\nGET /health - 200 (25ms)\nAlready up to date.\n\u2713 Step 'checkout' succeeded\nUsing Python 3.11\nEnvironment: test\n[12:51:22] DEBUG: Connection pool: 16 active\nBundling runtime.css\n[12:51:22] INFO: Request completed\nWARNING: prettier has known vulnerabilities\nTests: 108 passed, 191 total\nInstalling lodash@2.5.3\nyarn add: Done in 26.70s\nCompiling src/app.ts...\nCache hit for key-2108\n\u2713 Step 'build' succeeded\nStep 6/19: Linting\n[12:51:22] INFO: Starting build process\nCache restored successfully (145MB)\nGET /api - 200 (1ms)\nImage pulled successfully\nStep 19/17: Linting\nTests: 500 passed, 50 total\nnpm notice: created a lockfile\nVerifying...\nTLS handshake completed\n[12:51:22] DEBUG: Memory usage: 1133MB\nnpm install: resolved 1942 packages\npip: Collecting react\nnpm notice: created a lockfile\nTransforming 979 files...\nCompiling src/utils.go...\nPushing to registry...\nStep 2/22: Installing dependencies\nPulling image: python:latest\n  PASS: test_db_connect (484ms)\nEnvironment: development\n\u2713 Step 'setup' succeeded\n\u2713 All checks passed\nVerifying...\n[12:51:22] INFO: Starting build process\nStep 20/22: Linting\n[12:51:22] INFO: Cache refreshed\nCompiling components/service.java...\nAlready up to date.\nFetching from https://googleapis.com/package.json\nnpm install: resolved 1030 packages\nOK\nTransforming 693 files...\nTransforming 223 files...\nnpm notice: package.json updated\nnpm notice: package.json updated\n  PASS: test_api_health (234ms)\nNODE_ENV=production\nPlatform: linux-x64\nCompiling utils/utils.go...\nPlatform: darwin-arm64\nWARNING: eslint has known vulnerabilities\n\u26a0 DEPRECATION: Feature will be removed in v4.0\nSnapshots: 45 passed, 23 total\nPlatform: linux-x64\nUsing Node.js 15.13.6\nTLS handshake completed\nPushing to registry...\npip install: Successfully installed react-1.7\nEnvironment: development\nFetching submodules...\nBuilding Docker image...\nCache saved successfully\npip: Downloading react-1.14.tar.gz\n[12:51:22] DEBUG: Loading configuration\n\u2713 Step 'setup' succeeded\nnpm install: resolved 1961 packages\nnpm install: added 404 packages\n[12:51:22] DEBUG: Connection pool: 8 active\n[12:51:22] INFO: Cache refreshed\nPushing to registry...\nGET /api - 200 (39ms)\nImage pulled successfully\nArtifact uploaded: dist.zip (20MB)\nnpm install: added 253 packages\nBundling runtime.css\nCompiling lib/app.ts...\npip: Downloading eslint-2.4.tar.gz\nFAILED: test_db_connect\nReady.\n[12:51:22] WARN: Deprecated API usage\nTime: 11.19s\nStep 17/22: Testing\n\u26a0 DEPRECATION: Feature will be removed in v2.0\nNODE_ENV=production\nnpm install: resolved 697 packages\nBuilding Docker image...\n[12:51:22] DEBUG: Connection pool: 6 active\nUploading artifact 'build' (2 files)\nTransforming 536 files...\nnpm notice: created a lockfile\n\u26a0 DEPRECATION: Feature will be removed in v3.0\n[12:51:22] WARN: Deprecated API usage\nVerifying...\nCompiling utils/main.py...\n[12:51:22] INFO: Processing request\nSuccess!\nCache hit for key-1712\nBuilding Docker image...\n[12:51:22] INFO: Starting build process\n=== Step upload_artifacts completed ===\n=== Step: e2e_tests ===\npip: Downloading react-5.0.tar.gz\nFetching submodules...\nCache hit for key-1068\nArtifact uploaded: dist.zip (99MB)\nInstalling react@3.18.0\n[12:51:22] DEBUG: Loading configuration\nWaiting...\nOptimizing 12 modules...\n\u2713 Step 'checkout' succeeded\nUsing Python 3.9\nCompiling components/handler.rs...\nSwitched to branch 'bugfix/task-111'\n\u2713 Task completed in 1300ms\nStep 14/21: Linting\nProcessing...\n\u2713 All checks passed\nnpm install: added 219 packages\nCache miss for key-6784\n\u26a0 DEPRECATION: Feature will be removed in v4.0\n[12:51:22] DEBUG: Initializing service\n\u2713 Step 'setup' succeeded\n\u26a0 DEPRECATION: Feature will be removed in v2.0\n  PASS: e2e/test_db_connect.spec.js\n[12:51:22] WARN: Deprecated API usage\nAlready up to date.\npip install: Successfully installed webpack-4.2\n\u2713 Step 'install' succeeded\n[12:51:22] INFO: Connecting to database\nCompleted.\nUsing Python 3.10\nTime: 107.439s\n[12:51:22] INFO: Starting build process\nInstalling axios@2.10.7\nRan 162 tests in 30s\nException: RuntimeError\n[12:51:22] INFO: Starting build process\n\u2713 Task completed in 334ms\nGET /api - 204 (98ms)\n\u2713 All checks passed\nArtifact downloaded: 24MB\nLoading...\nTransforming 442 files...\nCache restored successfully (152MB)\nCompiling src/main.py...\n[12:51:22] INFO: Starting build process\nStep 14/15: Testing\nException: TypeError\n[12:51:22] WARN: Deprecated API usage\nTests: 206 passed, 478 total\nCoverage: 97% statements, 100% branches\nStep 19/24: Testing\nCompiling src/handler.rs...\n\u2713 Task completed in 4891ms\n[12:51:22] DEBUG: Query executed in 43ms\nStep 18/20: Running migrations\n[12:51:22] INFO: Cache refreshed\nStep 20/20: Running migrations\nFinished.\nPlatform: linux-x64\nCache restored successfully (391MB)\n[12:51:22] INFO: Connecting to database\nCache hit for key-9887\nnpm install: added 100 packages\nTime: 83.67s\n[12:51:22] INFO: Request completed\npip: Installing build dependencies...\nException: TypeError\n[12:51:22] WARN: Deprecated API usage\nTest Suites: 48 passed, 43 total\nConnection established\n[12:51:22] INFO: Starting build process\n\u2713 All checks passed\n[12:51:22] DEBUG: Query executed in 66ms\nBuilding Docker image...\npip: Downloading lodash-2.20.tar.gz\nPOST /upload - 200 (318ms)\nBuilding Docker image...\n[12:51:22] INFO: Starting build process\nInstalling axios@1.3.1\nCreating production build...\nCompiling lib/service.java...\nPushing to registry...\n\u2717 build failed with exit code 10\nCache miss for key-4666\nCache saved successfully\nnpm notice: created a lockfile\nMinifying vendor.js\nUploading artifact 'coverage' (25 files)\nUploading artifact 'coverage' (6 files)\nHEAD is now at d83071d\n\u26a0 DEPRECATION: Feature will be removed in v2.0\nHEAD is now at f8c0113\npip: Collecting webpack\nTLS handshake completed\nFetching submodules...\nLoading...\nCreating production build...\nBundling main.js\nTests: 350 passed, 367 total\n[12:51:22] INFO: Request completed\nCoverage: 72% statements, 96% branches\nDone.\n\u2713 test completed\n[12:51:22] INFO: Request completed\nRan 79 tests in 36s\n\u2713 validate completed\nCache saved successfully\nBuilding Docker image...\nBuilding Docker image...\nNODE_ENV=test\nTLS handshake completed\nCompiling utils/utils.go...\nConnection established\n[12:51:22] INFO: Connecting to database\n  PASS: test_cache_hit (441ms)\nStep 8/20: Installing dependencies\nArtifact uploaded: build.tar.gz (11MB)\n[12:51:22] ERROR: Connection failed\nTLS handshake completed\nWARNING: eslint has known vulnerabilities\nOK\nSuccess!\n[12:51:22] WARN: Deprecated API usage\n\u2717 build failed with exit code 4\n=== Step e2e_tests completed ===\n=== Step: checkout ===\n  PASS: integration/test_db_connect.spec.js\n[12:51:22] DEBUG: Memory usage: 1238MB\nPulling image: alpine:latest\nHEAD is now at 4bb9a5f\nPushing to registry...\n[12:51:22] WARN: Deprecated API usage\n[12:51:22] INFO: Cache refreshed\nSwitched to branch 'feature/task-810'\nProcessing...\n[12:51:22] INFO: Cache refreshed\nCompiling utils/handler.rs...\n\u2713 Task completed in 3645ms\n[12:51:22] INFO: Request completed\nyarn add: Done in 17.49s\nCompiling utils/app.ts...\nAlready up to date.\nOK\nUploading artifact 'coverage' (17 files)\n  PASS: unit/test_api_health.spec.js\nSwitched to branch 'feature/task-582'\n\u2713 lint completed\nTLS handshake completed\nBuilding Docker image...\nnpm install: added 64 packages\nGenerating source maps...\nStep 3/18: Building\nVerifying...\nArtifact downloaded: 47MB\nBuilding Docker image...\nTime: 34.345s\nPOST /api - 201 (166ms)\nConnection established\n[12:51:22] INFO: Starting build process\nStep 11/18: Running migrations\nGenerating source maps...\nPulling image: python:3.11\n[12:51:22] INFO: Processing request\nWARNING: jest has known vulnerabilities\npip install: Successfully installed prettier-1.3\n[12:51:22] INFO: Request completed\nBuilding Docker image...\nnpm notice: created a lockfile\n[12:51:22] DEBUG: Memory usage: 1574MB\n[12:51:22] DEBUG: Initializing service\nTest Suites: 11 passed, 9 total\nHEAD is now at 741ccc0\n[12:51:22] DEBUG: Loading configuration\nyarn add: Done in 23.49s\n\u2713 All checks passed\npip: Collecting prettier\nException: ValueError\nNODE_ENV=production\n[12:51:22] INFO: Request completed\nSwitched to branch 'bugfix/task-858'\nnpm notice: created a lockfile\nBundling main.css\nGET /status - 204 (15ms)\nyarn add: Done in 16.31s\n  PASS: unit/test_api_health.spec.js\nChecking out main branch\n[12:51:22] INFO: Processing request\nnpm install: added 398 packages\nPulling image: python:latest\nCache hit for key-5070\nInstalling lodash@4.20.9\nStep 8/24: Running migrations\n[12:51:22] INFO: Request completed\nInstalling axios@4.19.6\nCompiling lib/service.java...\nPushing to registry...\nCoverage: 78% statements, 96% branches\nTime: 14.684s\n\u26a0 DEPRECATION: Feature will be removed in v3.0\nCache miss for key-8164\nnpm install: added 429 packages\n[12:51:22] WARN: Deprecated API usage\npip: Collecting prettier\n  PASS: test_auth_login (338ms)\nTest Suites: 7 passed, 12 total\nCompiling lib/utils.go...\n[12:51:22] INFO: Connecting to database\nSnapshots: 37 passed, 6 total\nStep 19/15: Linting\nStep 9/15: Testing\nStep 18/20: Testing\nyarn add: Done in 12.76s\nNODE_ENV=production\nWARNING: eslint has known vulnerabilities\n[12:51:22] WARN: Deprecated API usage\nCache miss for key-6903\nVerifying...\nImage pulled successfully\nImage pulled successfully\nArtifact downloaded: 43MB\nCompiling lib/index.js...\nNODE_ENV=test\nCache saved successfully\nConnection established\nCache invalidated: build\nProcessing...\nyarn add: Done in 22.14s\n[12:51:22] WARN: Deprecated API usage\nBuilding Docker image...\nWARNING: react has known vulnerabilities\nDone.\n[12:51:22] DEBUG: Initializing service\nChecking out main branch\nBuilding Docker image...\nNODE_ENV=test\n[12:51:22] ERROR: Connection failed\n\u2713 Step 'install' succeeded\nConnection established\n[12:51:22] WARN: Deprecated API usage\nWARNING: express has known vulnerabilities\n\u26a0 DEPRECATION: Feature will be removed in v3.0\n[12:51:22] INFO: Connecting to database\n[12:51:22] WARN: Deprecated API usage\nStep 7/17: Testing\nPulling image: python:3.11\nCompiling src/handler.rs...\nCache hit for key-3144\nFinished.\n[12:51:22] DEBUG: Loading configuration\n  PASS: integration/test_auth_login.spec.js\n=== Step checkout completed ===\n=== Step: deploy_staging ===\n[12:51:22] DEBUG: Memory usage: 395MB\nPushing to registry...\n[12:51:22] WARN: Deprecated API usage\nnpm notice: created a lockfile\nSwitched to branch 'feature/task-446'\nGenerating source maps...\nPlatform: linux-x64\n\u2713 package completed\n[12:51:22] INFO: Request completed\nSwitched to branch 'bugfix/task-257'\n[12:51:22] DEBUG: Loading configuration\nnpm notice: created a lockfile\nProcessing...\n[12:51:22] DEBUG: Query executed in 61ms\nGenerating source maps...\nOK\nWaiting...\nChecking out master branch\nArtifact uploaded: dist.zip (18MB)\nReady.\n[12:51:22] ERROR: Connection failed\nLayer 9/11: RUN command\nLoading...\nFAILED: test_cache_hit\nInstalling prettier@1.18.3\nLayer 9/8: COPY command\n\u26a0 DEPRECATION: Feature will be removed in v2.0\nyarn add: Done in 11.25s\nArtifact downloaded: 11MB\nGenerating source maps...\nSuccess!\nFinished.\n\u2713 deploy completed\nSnapshots: 6 passed, 2 total\n[12:51:22] INFO: Starting build process\nEnvironment: production\n[12:51:22] DEBUG: Memory usage: 1129MB\n[12:51:22] ERROR: Connection failed\nArtifact uploaded: build.tar.gz (1MB)\n\u26a0 DEPRECATION: Feature will be removed in v2.0\nTransforming 610 files...\nCache hit for key-6774\n[12:51:22] INFO: Connecting to database\nArtifact uploaded: build.tar.gz (35MB)\nFAILED: test_user_create\nStep 17/18: Running migrations\nSuccess!\nStep 5/16: Running migrations\nStep 1/17: Building\nLayer 7/12: COPY command\nCompiling src/main.py...\nSuccess!\n[12:51:22] DEBUG: Query executed in 98ms\nFinished.\n\u2713 All checks passed\nStep 20/16: Deploying\nnpm notice: created a lockfile\nVerifying...\n[12:51:22] WARN: Deprecated API usage\n[12:51:22] DEBUG: Loading configuration\nException: ValueError\nTLS handshake completed\n[12:51:22] DEBUG: Query executed in 9ms\nStep 17/22: Linting\nFetching submodules...\nnpm notice: created a lockfile\n  PASS: unit/test_cache_hit.spec.js\nOK\n\u26a0 DEPRECATION: Feature will be removed in v5.0\n\u2713 Step 'test' succeeded\nWARNING: webpack has known vulnerabilities\n\u2713 All checks passed\nyarn add: Done in 4.75s\nPulling image: node:18\nCache invalidated: node_modules\nHEAD is now at efc8ee6\nnpm install: added 499 packages\nNODE_ENV=development\nnpm install: added 406 packages\nSnapshots: 25 passed, 48 total\n[12:51:22] INFO: Cache refreshed\nTests: 162 passed, 423 total\npip: Downloading axios-5.16.tar.gz\n\u2717 build failed with exit code 45\nCompiling lib/index.js...\nStep 9/20: Installing dependencies\nWARNING: express has known vulnerabilities\nWARNING: jest has known vulnerabilities\nLoading...\nCache restored successfully (394MB)\nPushing to registry...\npip install: Successfully installed jest-3.6\n[12:51:22] DEBUG: Memory usage: 1530MB\n[12:51:22] WARN: Deprecated API usage\nStep 6/21: Running migrations\npip: Downloading prettier-5.11.tar.gz\nStep 13/15: Testing\n[12:51:22] INFO: Processing request\n[12:51:22] DEBUG: Loading configuration\nSnapshots: 31 passed, 47 total\npip: Installing build dependencies...\nFetching from https://npmjs.org/package.json\nWARNING: eslint has known vulnerabilities\nCompiling lib/service.java...\npip: Collecting eslint\nNODE_ENV=production\nStep 15/15: Building\nPlatform: win32-x64\n[12:51:22] DEBUG: Memory usage: 1401MB\nStep 9/19: Linting\nRan 20 tests in 49s\nCreating production build...\nAlready up to date.\n[12:51:22] DEBUG: Memory usage: 901MB\nStep 15/21: Building\npip install: Successfully installed jest-1.10\nOK\nBundling main.css\nTransforming 319 files...\nBuilding Docker image...\npip: Installing build dependencies...\nnpm install: resolved 1231 packages\npip: Collecting express\nGET /api - 201 (81ms)\n=== Step deploy_staging completed ===\n=== Step: build ===\nRan 116 tests in 13s\nSwitched to branch 'bugfix/task-971'\nTransforming 149 files...\nLayer 1/12: COPY command\n[12:51:22] INFO: Starting build process\nCache saved successfully\nWaiting...\nyarn add: Done in 26.87s\nPulling image: node:18\nyarn add: Done in 8.99s\nSuccess!\n[12:51:22] WARN: Deprecated API usage\nGenerating source maps...\nConnection established\n[12:51:22] ERROR: Connection failed\nFetching from https://gcr.io/package.json\n\u2713 All checks passed\nTransforming 184 files...\n[12:51:22] DEBUG: Initializing service\npip install: Successfully installed jest-5.16\n[12:51:22] INFO: Connecting to database\nyarn add: Done in 11.8s\nArtifact uploaded: dist.zip (62MB)\nUploading artifact 'build' (18 files)\npip install: Successfully installed react-2.2\nLayer 6/14: ENV command\nTLS handshake completed\n\u2713 Task completed in 3705ms\nFetching submodules...\nCache hit for key-4563\npip: Downloading axios-2.7.tar.gz\nOK\n[12:51:22] WARN: Deprecated API usage\n\u2713 build completed\n[12:51:22] DEBUG: Query executed in 3ms\npip: Installing build dependencies...\nCompleted.\n[12:51:22] DEBUG: Query executed in 26ms\nTLS handshake completed\nChecking out develop branch\n\u2713 Step 'test' succeeded\nWaiting...\nChecking out master branch\nConnection established\nCache miss for key-8456\n[12:51:22] ERROR: Connection failed\n[12:51:22] DEBUG: Connection pool: 17 active\nnpm install: resolved 1097 packages\nUsing Node.js 14.8.8\nCompiling lib/app.ts...\nLayer 7/12: RUN command\nPOST /data - 201 (274ms)\nCompleted.\nMinifying main.js\nPulling image: node:18\nStep 13/20: Installing dependencies\nTests: 219 passed, 484 total\nArtifact uploaded: build.tar.gz (13MB)\n[12:51:22] WARN: Deprecated API usage\n[12:51:22] ERROR: Connection failed\nCache miss for key-8548\n[12:51:22] DEBUG: Loading configuration\n\u2717 build failed with exit code 20\nLoading...\n  PASS: test_cache_hit (307ms)\nFetching from https://github.com/package.json\nCache invalidated: build\npip: Collecting axios\nCache invalidated: node_modules\n[12:51:22] INFO: Cache refreshed\nNODE_ENV=development\nStep 14/18: Building\nCache miss for key-5643\nOptimizing 56 modules...\nCompiling components/service.java...\nStep 15/17: Installing dependencies\nStep 1/21: Linting\nPOST /data - 200 (73ms)\nUsing Node.js 16.12.2\nArtifact downloaded: 17MB\n  PASS: test_user_create (366ms)\nTests: 244 passed, 267 total\nSnapshots: 9 passed, 0 total\nPushing to registry...\n[12:51:23] INFO: Cache refreshed\nFinished.\npip: Installing build dependencies...\npip install: Successfully installed react-1.20\nTest Suites: 27 passed, 41 total\nCompiling src/app.ts...\nTests: 463 passed, 150 total\nCompiling lib/app.ts...\nRan 139 tests in 9s\nSnapshots: 34 passed, 15 total\nCache restored successfully (295MB)\nCompiling src/utils.go...\nArtifact uploaded: dist.zip (89MB)\n[12:51:23] DEBUG: Initializing service\nBundling main.css\nHEAD is now at 4064244\nImage pulled successfully\nTransforming 659 files...\n\u2713 Task completed in 813ms\nPushing to registry...\n[12:51:23] INFO: Connecting to database\nGET /health - 200 (59ms)\nSwitched to branch 'bugfix/task-528'\n[12:51:23] DEBUG: Loading configuration\n\u26a0 DEPRECATION: Feature will be removed in v4.0\nCompleted.\n[12:51:23] DEBUG: Memory usage: 1643MB\n[12:51:23] INFO: Connecting to database\nUsing Node.js 14.4.3\nUsing Python 3.10\nStep 12/23: Deploying\nBuilding Docker image...\nNODE_ENV=development\nPlatform: darwin-arm64\n[12:51:23] INFO: Request completed\n\u2713 All checks passed\nnpm install: resolved 1427 packages\nnpm notice: created a lockfile\nPulling image: alpine:18\nnpm install: added 67 packages\n=== Step build completed ===\n=== Step: setup_environment ===\nVerifying...\nOK\nyarn add: Done in 4.80s\nCache hit for key-8173\nnpm notice: package.json updated\nHEAD is now at a98b201\n[12:51:23] DEBUG: Initializing service\n[12:51:23] WARN: Deprecated API usage\nnpm install: added 52 packages\nnpm notice: created a lockfile\nStep 6/21: Testing\nUsing Python 3.9\nnpm notice: package.json updated\nnpm notice: created a lockfile\nFinished.\nTests: 343 passed, 101 total\n[12:51:23] INFO: Starting build process\nnpm notice: package.json updated\n[12:51:23] INFO: Connecting to database\n[12:51:23] DEBUG: Connection pool: 6 active\nnpm install: resolved 822 packages\n[12:51:23] DEBUG: Memory usage: 1824MB\nWaiting...\nSwitched to branch 'bugfix/task-199'\n[12:51:23] DEBUG: Connection pool: 3 active\n[12:51:23] WARN: Deprecated API usage\nWARNING: prettier has known vulnerabilities\nCompiling lib/handler.rs...\nCache hit for key-4415\npip: Downloading react-4.2.tar.gz\nArtifact uploaded: build.tar.gz (4MB)\npip: Downloading axios-5.9.tar.gz\nStep 2/15: Installing dependencies\n\u2713 Task completed in 3144ms\nReady.\nCompiling components/index.js...\n  PASS: integration/test_api_health.spec.js\nSuccess!\n\u2713 All checks passed\nFAILED: test_api_health\nCache invalidated: node_modules\nStep 3/23: Deploying\n[12:51:23] INFO: Processing request\nBundling main.css\n\u2713 Task completed in 430ms\nyarn add: Done in 23.71s\n[12:51:23] WARN: Deprecated API usage\nEnvironment: production\nWARNING: lodash has known vulnerabilities\nNODE_ENV=production\nProcessing...\nDone.\nTests: 379 passed, 364 total\n[12:51:23] INFO: Processing request\nTransforming 568 files...\nFinished.\nCache hit for key-9972\nVerifying...\nCache restored successfully (122MB)\nUsing Python 3.11\nBundling runtime.css\n\u2713 Step 'test' succeeded\nHEAD is now at 956e032\nCoverage: 93% statements, 98% branches\nLayer 1/10: ENV command\n[12:51:23] DEBUG: Memory usage: 686MB\n[12:51:23] DEBUG: Loading configuration\nCompiling components/app.ts...\n  PASS: unit/test_api_health.spec.js\n\u26a0 DEPRECATION: Feature will be removed in v5.0\nTransforming 231 files...\nFetching submodules...\nCoverage: 83% statements, 82% branches\nLoading...\n[12:51:23] INFO: Processing request\n[12:51:23] INFO: Starting build process\nPOST /api - 202 (292ms)\n\u26a0 DEPRECATION: Feature will be removed in v4.0\nCache restored successfully (399MB)\nCompiling components/index.js...\nSwitched to branch 'bugfix/task-157'\nImage pulled successfully\n[12:51:23] DEBUG: Connection pool: 9 active\n[12:51:23] DEBUG: Connection pool: 15 active\nTLS handshake completed\nUploading artifact 'dist' (1 files)\npip: Collecting webpack\nCompiling utils/utils.go...\nnpm notice: created a lockfile\n[12:51:23] WARN: Deprecated API usage\n\u2713 build completed\nCache restored successfully (204MB)\nTest Suites: 28 passed, 10 total\nLayer 2/15: COPY command\n\u2717 build failed with exit code 33\nFetching submodules...\nPushing to registry...\nConnection established\nStep 3/23: Installing dependencies\nLayer 9/8: RUN command\nWaiting...\nPlatform: win32-x64\nCache invalidated: build\nPlatform: linux-x64\nPlatform: win32-x64\nCompiling components/main.py...\nSnapshots: 13 passed, 13 total\nGET /status - 204 (44ms)\nWARNING: axios has known vulnerabilities\nGenerating source maps...\n\u26a0 DEPRECATION: Feature will be removed in v5.0\nReady.\nFinished.\nSuccess!\nProcessing...\nFetching from https://github.com/package.json\nPlatform: darwin-arm64\nNODE_ENV=production\nOptimizing 68 modules...\nDone.\nnpm install: resolved 1616 packages\nArtifact downloaded: 48MB\nFetching from https://registry.npmjs.org/package.json\nCoverage: 75% statements, 75% branches\n=== Step setup_environment completed ===\n=== Step: setup_node ===\nNODE_ENV=production\nArtifact uploaded: dist.zip (13MB)\nnpm notice: package.json updated\n[12:51:23] DEBUG: Initializing service\nException: RuntimeError\nFetching from https://gcr.io/package.json\n\u26a0 DEPRECATION: Feature will be removed in v3.0\nConnection established\nnpm notice: package.json updated\nWaiting...\n\u2713 Task completed in 4902ms\n\u2713 Task completed in 2226ms\nLoading...\nStep 17/15: Building\nUsing Python 3.10\nChecking out main branch\nStep 4/16: Deploying\nSwitched to branch 'feature/task-399'\n[12:51:23] ERROR: Connection failed\n[12:51:23] INFO: Cache refreshed\n\u26a0 DEPRECATION: Feature will be removed in v5.0\nCompiling lib/utils.go...\n[12:51:23] WARN: Deprecated API usage\nTLS handshake completed\nTest Suites: 48 passed, 13 total\n[12:51:23] INFO: Request completed\n\u2713 deploy completed\nSnapshots: 3 passed, 0 total\nWaiting...\nWaiting...\nProcessing...\nCache miss for key-5311\nCache hit for key-2127\n\u26a0 DEPRECATION: Feature will be removed in v3.0\nEnvironment: production\n  PASS: test_user_create (360ms)\nStep 5/19: Deploying\n  PASS: e2e/test_user_create.spec.js\nProcessing...\nException: ValueError\n\u2713 All checks passed\n[12:51:23] INFO: Starting build process\nCoverage: 72% statements, 80% branches\n\u2713 Task completed in 4727ms\n\u2717 build failed with exit code 30\n  PASS: e2e/test_cache_hit.spec.js\nTests: 470 passed, 481 total\nStep 13/15: Deploying\n\u26a0 DEPRECATION: Feature will be removed in v5.0\nLoading...\nLoading...\n[12:51:23] INFO: Request completed\nWaiting...\nCreating production build...\nChecking out main branch\n[12:51:23] DEBUG: Query executed in 30ms\nSnapshots: 45 passed, 34 total\nnpm install: resolved 1578 packages\nTest Suites: 37 passed, 49 total\nHEAD is now at d2f28a3\nSnapshots: 18 passed, 6 total\n[12:51:23] DEBUG: Initializing service\nWaiting...\nSwitched to branch 'bugfix/task-496'\nOptimizing 77 modules...\nCache miss for key-5364\nStep 4/24: Building\nStep 15/18: Running migrations\nBuilding Docker image...\nTime: 109.615s\nStep 3/22: Linting\n\u2713 Step 'build' succeeded\nLayer 3/13: RUN command\nCompleted.\nInstalling axios@5.6.2\nStep 17/16: Linting\nCompiling utils/handler.rs...\nWARNING: lodash has known vulnerabilities\n[12:51:23] DEBUG: Initializing service\npip install: Successfully installed lodash-5.5\nOptimizing 46 modules...\nCompiling utils/utils.go...\nBundling styles.css\nArtifact uploaded: dist.zip (55MB)\nCoverage: 73% statements, 83% branches\nCompiling components/main.py...\nFetching from https://docker.io/package.json\n\u26a0 DEPRECATION: Feature will be removed in v2.0\n[12:51:23] DEBUG: Initializing service\n[12:51:23] WARN: Deprecated API usage\npip: Downloading express-3.7.tar.gz\nStep 6/19: Linting\nTest Suites: 27 passed, 29 total\nnpm install: added 141 packages\n[12:51:23] ERROR: Connection failed\nnpm notice: package.json updated\nEnvironment: test\n[12:51:23] INFO: Connecting to database\npip: Installing build dependencies...\nUsing Node.js 15.1.3\nInstalling react@5.2.9\nTests: 288 passed, 174 total\nTransforming 691 files...\nyarn add: Done in 5.62s\nCache hit for key-4318\nCompiling lib/app.ts...\nWARNING: axios has known vulnerabilities\nOptimizing 85 modules...\n[12:51:23] DEBUG: Query executed in 6ms\nGET /health - 204 (8ms)\nChecking out main branch\nPOST /data - 201 (254ms)\n\u2713 Step 'build' succeeded\nCache hit for key-9150\nGET /status - 204 (10ms)\nImage pulled successfully\n[12:51:23] INFO: Request completed\n\u2713 validate completed\nArtifact uploaded: dist.zip (90MB)\nProcessing...\nSnapshots: 22 passed, 13 total\nUsing Python 3.9\nLayer 1/14: RUN command\nnpm install: added 245 packages\n=== Step setup_node completed ===\n=== Step: restore_cache ===\nSnapshots: 19 passed, 16 total\nBundling styles.js\npip: Installing build dependencies...\n[12:51:23] DEBUG: Memory usage: 1934MB\nCache hit for key-1371\nFetching submodules...\nTransforming 157 files...\nCache saved successfully\nStep 17/19: Installing dependencies\n  PASS: unit/test_db_connect.spec.js\nBundling main.css\nTLS handshake completed\n[12:51:23] INFO: Processing request\n[12:51:23] DEBUG: Query executed in 80ms\nUploading artifact 'dist' (27 files)\nProcessing...\nCompiling src/handler.rs...\nCache miss for key-3317\nEnvironment: production\n[12:51:23] DEBUG: Memory usage: 995MB\nPlatform: linux-x64\n  PASS: test_cache_hit (403ms)\nCache hit for key-5070\n[12:51:23] DEBUG: Loading configuration\nSuccess!\nArtifact downloaded: 36MB\nCache miss for key-6291\nTests: 491 passed, 274 total\n[12:51:23] INFO: Starting build process\n[12:51:23] DEBUG: Query executed in 46ms\nCreating production build...\nRan 176 tests in 2s\nFetching from https://githubusercontent.com/package.json\nUsing Python 3.11\n[12:51:23] WARN: Deprecated API usage\nAlready up to date.\nEnvironment: staging\nStep 1/19: Building\nOptimizing 76 modules...\nCompiling components/main.py...\n[12:51:23] DEBUG: Initializing service\nDone.\nStep 16/15: Installing dependencies\nReady.\n\u2713 Task completed in 3237ms\n[12:51:23] INFO: Starting build process\nCompiling src/main.py...\nCache saved successfully\nStep 11/17: Testing\n[12:51:23] WARN: Deprecated API usage\nGenerating source maps...\nWARNING: webpack has known vulnerabilities\nStep 12/21: Testing\n[12:51:23] INFO: Starting build process\nUploading artifact 'dist' (48 files)\nStep 3/17: Linting\nStep 4/20: Deploying\nStep 20/18: Deploying\nImage pulled successfully\n\u26a0 DEPRECATION: Feature will be removed in v4.0\nStep 13/21: Running migrations\nBuilding Docker image...\nSuccess!\nFinished.\n\u2717 build failed with exit code 81\nSnapshots: 15 passed, 19 total\nReady.\nConnection established\nGenerating source maps...\nSuccess!\n\u2717 build failed with exit code 72\n\u2713 Task completed in 165ms\n\u2717 build failed with exit code 72\n[12:51:23] INFO: Connecting to database\n\u2713 All checks passed\nArtifact uploaded: dist.zip (57MB)\nGenerating source maps...\nyarn add: Done in 16.34s\nWARNING: express has known vulnerabilities\npip install: Successfully installed webpack-5.9\nTests: 295 passed, 122 total\nCache miss for key-2199\nnpm install: added 444 packages\n[12:51:23] INFO: Cache refreshed\nCompiling lib/utils.go...\nStep 20/19: Building\nStep 13/15: Running migrations\nStep 18/23: Deploying\nArtifact uploaded: build.tar.gz (46MB)\nChecking out develop branch\nCache saved successfully\nMinifying main.js\nUsing Python 3.12\nPlatform: linux-x64\nCache saved successfully\n[12:51:23] ERROR: Connection failed\nStep 13/23: Running migrations\nFinished.\nConnection established\nnpm notice: package.json updated\nCompiling src/index.js...\nTests: 474 passed, 321 total\n[12:51:23] WARN: Deprecated API usage\n[12:51:23] INFO: Processing request\nChecking out main branch\n\u2713 package completed\nReady.\n\u2713 Step 'setup' succeeded\n[12:51:23] DEBUG: Query executed in 33ms\n[12:51:23] WARN: Deprecated API usage\nArtifact uploaded: dist.zip (54MB)\n[12:51:23] INFO: Processing request\nCache hit for key-6245\nTests: 167 passed, 146 total\n[12:51:23] DEBUG: Initializing service\nUsing Python 3.12\nArtifact uploaded: build.tar.gz (28MB)\nMinifying app.js\nRan 116 tests in 24s\nSuccess!\nFinished.\npip: Downloading axios-1.13.tar.gz\nTest Suites: 6 passed, 27 total\nSuccess!\n=== Step restore_cache completed ===\n=== Step: install_dependencies ===\nCache invalidated: dependencies\n[12:51:23] ERROR: Connection failed\nNODE_ENV=test\npip: Downloading prettier-1.15.tar.gz\n\u2713 All checks passed\nStep 5/22: Running migrations\nnpm install: resolved 1744 packages\nTransforming 199 files...\nLayer 9/10: ENV command\nBuilding Docker image...\n  PASS: test_cache_hit (224ms)\nWaiting...\nStep 4/25: Building\nReady.\nTest Suites: 36 passed, 13 total\n\u2713 Step 'checkout' succeeded\n\u2713 Step 'install' succeeded\nFAILED: test_cache_hit\nChecking out develop branch\n[12:51:23] INFO: Processing request\nCache invalidated: node_modules\n[12:51:23] INFO: Connecting to database\nStep 19/20: Building\nConnection established\nCache invalidated: build\nArtifact uploaded: build.tar.gz (50MB)\n[12:51:23] INFO: Starting build process\nTest Suites: 44 passed, 15 total\nSuccess!\n[12:51:23] DEBUG: Connection pool: 19 active\nArtifact uploaded: dist.zip (4MB)\nCache miss for key-3313\nUsing Python 3.10\nCompiling components/main.py...\nGenerating source maps...\n  PASS: test_db_connect (197ms)\nReady.\nGenerating source maps...\nEnvironment: production\nPOST /data - 202 (139ms)\n\u2713 test completed\nCache hit for key-5833\nCache saved successfully\nUsing Python 3.9\n[12:51:23] WARN: Deprecated API usage\nnpm install: added 112 packages\nCache saved successfully\nSuccess!\npip: Installing build dependencies...\nnpm notice: created a lockfile\nSwitched to branch 'feature/task-195'\nChecking out main branch\nStep 17/22: Deploying\nCreating production build...\nTransforming 153 files...\nStep 9/23: Testing\nSnapshots: 2 passed, 25 total\nStep 20/22: Deploying\nStep 19/15: Linting\npip: Collecting lodash\npip: Collecting eslint\n[12:51:23] DEBUG: Connection pool: 9 active\n  PASS: unit/test_user_create.spec.js\n[12:51:23] DEBUG: Initializing service\n[12:51:23] INFO: Starting build process\nTests: 200 passed, 66 total\n  PASS: e2e/test_db_connect.spec.js\nTests: 348 passed, 443 total\nDone.\nOK\nPOST /upload - 200 (482ms)\nCoverage: 84% statements, 86% branches\nStep 1/24: Installing dependencies\npip: Collecting eslint\nUsing Node.js 15.8.6\nReady.\nyarn add: Done in 14.49s\nnpm notice: created a lockfile\n  PASS: test_cache_hit (81ms)\nInstalling react@4.14.5\nTest Suites: 24 passed, 15 total\n\u2717 build failed with exit code 64\n[12:51:23] ERROR: Connection failed\n[12:51:23] DEBUG: Loading configuration\n[12:51:23] WARN: Deprecated API usage\nCompiling lib/handler.rs...\n[12:51:23] INFO: Connecting to database\nUsing Python 3.12\nWaiting...\n[12:51:23] INFO: Request completed\n\u2713 build completed\nCompleted.\n[12:51:23] DEBUG: Memory usage: 146MB\nProcessing...\n[12:51:23] INFO: Processing request\nPOST /upload - 202 (211ms)\nNODE_ENV=test\nVerifying...\nCache invalidated: build\n[12:51:23] WARN: Deprecated API usage\nTests: 251 passed, 388 total\nCache hit for key-4210\nTLS handshake completed\nCache saved successfully\nStep 12/25: Testing\nBuilding Docker image...\nAlready up to date.\nCache saved successfully\nChecking out master branch\n[12:51:23] DEBUG: Loading configuration\nCompleted.\nTest Suites: 28 passed, 20 total\nCompiling src/service.java...\nTests: 344 passed, 204 total\nBuilding Docker image...\n\u2713 Task completed in 1273ms\n[12:51:23] DEBUG: Initializing service\nCache hit for key-5471\nImage pulled successfully\nCompiling components/main.py...\nException: TypeError\nSnapshots: 25 passed, 46 total\nHEAD is now at 73e4afb\nLayer 4/12: ENV command\n=== Step install_dependencies completed ===",
    "steps": [
      {
        "name": "integration_tests",
        "status": "success",
        "started_at": "2025-12-08T12:51:22.919938",
        "finished_at": "2025-12-08T12:51:44.889547",
        "log_lines": [
          "=== Step: integration_tests ===",
          "Step 4/22: Running migrations",
          "Optimizing 52 modules...",
          "\u2713 Task completed in 3419ms",
          "Success!",
          "Transforming 171 files...",
          "yarn add: Done in 3.13s",
          "npm install: resolved 207 packages",
          "[12:51:22] DEBUG: Query executed in 44ms",
          "[12:51:22] WARN: Deprecated API usage",
          "Cache restored successfully (31MB)",
          "FAILED: test_db_connect",
          "Building Docker image...",
          "pip: Installing build dependencies...",
          "Step 8/25: Building",
          "Checking out develop branch",
          "pip: Collecting eslint",
          "Step 7/21: Linting",
          "Compiling components/main.py...",
          "Using Node.js 15.18.0",
          "Optimizing 77 modules...",
          "Snapshots: 34 passed, 2 total",
          "npm install: added 489 packages",
          "Uploading artifact 'build' (42 files)",
          "\u2713 Step 'test' succeeded",
          "\u26a0 DEPRECATION: Feature will be removed in v4.0",
          "[12:51:22] DEBUG: Connection pool: 20 active",
          "[12:51:22] INFO: Connecting to database",
          "Cache hit for key-5109",
          "  PASS: test_api_health (207ms)",
          "Building Docker image...",
          "yarn add: Done in 5.41s",
          "npm notice: package.json updated",
          "yarn add: Done in 4.3s",
          "Cache hit for key-1451",
          "Pushing to registry...",
          "Fetching submodules...",
          "Platform: win32-x64",
          "[12:51:22] DEBUG: Initializing service",
          "Compiling src/main.py...",
          "Ready.",
          "Optimizing 82 modules...",
          "  PASS: integration/test_cache_hit.spec.js",
          "Waiting...",
          "Processing...",
          "pip install: Successfully installed webpack-5.15",
          "[12:51:22] INFO: Processing request",
          "Cache hit for key-3712",
          "GET /health - 201 (16ms)",
          "Uploading artifact 'coverage' (1 files)",
          "GET /status - 201 (83ms)",
          "npm install: added 338 packages",
          "Artifact uploaded: build.tar.gz (42MB)",
          "[12:51:22] WARN: Deprecated API usage",
          "Coverage: 70% statements, 93% branches",
          "pip: Downloading express-4.5.tar.gz",
          "npm notice: package.json updated",
          "pip: Downloading axios-5.13.tar.gz",
          "Connection established",
          "[12:51:22] WARN: Deprecated API usage",
          "WARNING: express has known vulnerabilities",
          "Pushing to registry...",
          "Minifying app.js",
          "Completed.",
          "Step 13/17: Building",
          "[12:51:22] INFO: Starting build process",
          "[12:51:22] DEBUG: Memory usage: 1315MB",
          "Artifact uploaded: build.tar.gz (28MB)",
          "npm install: added 329 packages",
          "Compiling src/service.java...",
          "Compiling utils/utils.go...",
          "WARNING: axios has known vulnerabilities",
          "Transforming 863 files...",
          "Generating source maps...",
          "Processing...",
          "\u2713 Task completed in 584ms",
          "Test Suites: 40 passed, 38 total",
          "Artifact uploaded: build.tar.gz (5MB)",
          "Compiling src/utils.go...",
          "npm install: added 219 packages",
          "TLS handshake completed",
          "Coverage: 73% statements, 88% branches",
          "[12:51:22] DEBUG: Loading configuration",
          "POST /upload - 200 (231ms)",
          "[12:51:22] INFO: Connecting to database",
          "\u26a0 DEPRECATION: Feature will be removed in v2.0",
          "  PASS: test_cache_hit (64ms)",
          "npm install: added 417 packages",
          "Optimizing 75 modules...",
          "Fetching submodules...",
          "Switched to branch 'bugfix/task-449'",
          "pip: Installing build dependencies...",
          "[12:51:22] DEBUG: Initializing service",
          "Compiling src/app.ts...",
          "Coverage: 92% statements, 62% branches",
          "Tests: 233 passed, 58 total",
          "pip: Installing build dependencies...",
          "Step 3/19: Deploying",
          "Success!",
          "yarn add: Done in 19.47s",
          "Using Node.js 18.9.1",
          "Step 5/22: Linting",
          "\u26a0 DEPRECATION: Feature will be removed in v2.0",
          "Waiting...",
          "Generating source maps...",
          "Step 9/15: Installing dependencies",
          "[12:51:22] INFO: Connecting to database",
          "[12:51:22] DEBUG: Loading configuration",
          "OK",
          "Environment: production",
          "POST /upload - 201 (310ms)",
          "\u26a0 DEPRECATION: Feature will be removed in v4.0",
          "Already up to date.",
          "pip install: Successfully installed express-5.6",
          "Step 14/18: Linting",
          "Connection established",
          "Success!",
          "Pushing to registry...",
          "Step 15/18: Installing dependencies",
          "\u2713 Task completed in 1462ms",
          "[12:51:22] INFO: Connecting to database",
          "Bundling main.js",
          "[12:51:22] INFO: Processing request",
          "Waiting...",
          "  PASS: test_user_create (192ms)",
          "=== Step integration_tests completed ==="
        ]
      },
      {
        "name": "deploy_production",
        "status": "success",
        "started_at": "2025-12-08T12:51:44.889547",
        "finished_at": "2025-12-08T12:51:49.283469",
        "log_lines": [
          "=== Step: deploy_production ===",
          "Ready.",
          "NODE_ENV=test",
          "[12:51:22] WARN: Deprecated API usage",
          "  PASS: test_db_connect (393ms)",
          "pip: Collecting lodash",
          "Compiling utils/handler.rs...",
          "Fetching submodules...",
          "Verifying...",
          "pip: Collecting eslint",
          "Layer 2/12: ENV command",
          "\u26a0 DEPRECATION: Feature will be removed in v2.0",
          "Compiling src/main.py...",
          "POST /upload - 202 (166ms)",
          "Compiling utils/service.java...",
          "[12:51:22] INFO: Cache refreshed",
          "Checking out main branch",
          "Coverage: 87% statements, 63% branches",
          "npm install: resolved 654 packages",
          "Success!",
          "Environment: production",
          "Switched to branch 'hotfix/task-112'",
          "[12:51:22] DEBUG: Memory usage: 500MB",
          "Cache invalidated: build",
          "Artifact uploaded: build.tar.gz (33MB)",
          "Ready.",
          "Transforming 879 files...",
          "WARNING: jest has known vulnerabilities",
          "Step 5/19: Running migrations",
          "Checking out main branch",
          "[12:51:22] INFO: Starting build process",
          "npm install: added 291 packages",
          "Cache miss for key-1237",
          "[12:51:22] DEBUG: Connection pool: 1 active",
          "Snapshots: 30 passed, 14 total",
          "[12:51:22] INFO: Processing request",
          "[12:51:22] INFO: Connecting to database",
          "[12:51:22] INFO: Request completed",
          "Checking out master branch",
          "Connection established",
          "Compiling src/index.js...",
          "yarn add: Done in 6.8s",
          "Artifact downloaded: 47MB",
          "yarn add: Done in 21.53s",
          "Success!",
          "pip install: Successfully installed react-5.12",
          "Platform: win32-x64",
          "Environment: production",
          "GET /health - 204 (29ms)",
          "Waiting...",
          "WARNING: axios has known vulnerabilities",
          "[12:51:22] INFO: Connecting to database",
          "Verifying...",
          "Step 6/15: Deploying",
          "Step 7/20: Running migrations",
          "Already up to date.",
          "[12:51:22] INFO: Request completed",
          "Pulling image: node:3.11",
          "Step 14/19: Linting",
          "Time: 69.794s",
          "TLS handshake completed",
          "npm install: resolved 1260 packages",
          "pip: Installing build dependencies...",
          "npm install: resolved 847 packages",
          "WARNING: webpack has known vulnerabilities",
          "Pulling image: node:latest",
          "pip: Installing build dependencies...",
          "Minifying app.js",
          "\u2713 Task completed in 4124ms",
          "[12:51:22] INFO: Request completed",
          "[12:51:22] WARN: Deprecated API usage",
          "\u2713 Step 'checkout' succeeded",
          "pip: Downloading lodash-4.4.tar.gz",
          "pip install: Successfully installed lodash-2.11",
          "Cache hit for key-8352",
          "Minifying app.js",
          "pip: Installing build dependencies...",
          "Verifying...",
          "Environment: development",
          "[12:51:22] INFO: Cache refreshed",
          "Ran 109 tests in 17s",
          "pip: Installing build dependencies...",
          "Cache miss for key-1076",
          "Pushing to registry...",
          "Platform: linux-x64",
          "Time: 47.884s",
          "[12:51:22] INFO: Request completed",
          "GET /api - 200 (4ms)",
          "Loading...",
          "Success!",
          "pip: Collecting react",
          "[12:51:22] ERROR: Connection failed",
          "Fetching submodules...",
          "Ran 91 tests in 15s",
          "npm notice: package.json updated",
          "\u2717 build failed with exit code 95",
          "Compiling components/handler.rs...",
          "[12:51:22] WARN: Deprecated API usage",
          "\u2713 Task completed in 2549ms",
          "pip install: Successfully installed eslint-5.13",
          "Step 2/16: Building",
          "Ran 164 tests in 3s",
          "pip: Installing build dependencies...",
          "Step 3/22: Testing",
          "\u2713 All checks passed",
          "\u2713 Step 'checkout' succeeded",
          "[12:51:22] INFO: Connecting to database",
          "Completed.",
          "\u26a0 DEPRECATION: Feature will be removed in v3.0",
          "[12:51:22] DEBUG: Connection pool: 12 active",
          "Step 8/23: Installing dependencies",
          "[12:51:22] INFO: Cache refreshed",
          "npm install: resolved 147 packages",
          "Cache saved successfully",
          "\u2713 All checks passed",
          "Transforming 152 files...",
          "Optimizing 18 modules...",
          "Step 14/20: Linting",
          "npm install: added 232 packages",
          "[12:51:22] DEBUG: Query executed in 20ms",
          "Success!",
          "Checking out main branch",
          "yarn add: Done in 5.5s",
          "[12:51:22] DEBUG: Query executed in 43ms",
          "Cache restored successfully (165MB)",
          "=== Step deploy_production completed ==="
        ]
      },
      {
        "name": "unit_tests",
        "status": "success",
        "started_at": "2025-12-08T12:51:49.283469",
        "finished_at": "2025-12-08T12:52:22.237882",
        "log_lines": [
          "=== Step: unit_tests ===",
          "Step 16/15: Running migrations",
          "\u2713 build completed",
          "[12:51:22] INFO: Request completed",
          "Layer 7/9: RUN command",
          "Using Node.js 20.13.8",
          "Uploading artifact 'coverage' (41 files)",
          "\u26a0 DEPRECATION: Feature will be removed in v4.0",
          "Ready.",
          "Compiling lib/service.java...",
          "Optimizing 48 modules...",
          "Step 3/17: Building",
          "[12:51:22] DEBUG: Initializing service",
          "  PASS: integration/test_api_health.spec.js",
          "Verifying...",
          "Step 10/25: Linting",
          "Cache miss for key-1638",
          "GET /api - 200 (61ms)",
          "Loading...",
          "Waiting...",
          "Step 14/21: Running migrations",
          "\u2713 Step 'checkout' succeeded",
          "NODE_ENV=test",
          "  PASS: test_auth_login (191ms)",
          "Completed.",
          "Switched to branch 'feature/task-169'",
          "Using Python 3.12",
          "Completed.",
          "Building Docker image...",
          "NODE_ENV=development",
          "Cache hit for key-1752",
          "yarn add: Done in 12.51s",
          "\u26a0 DEPRECATION: Feature will be removed in v2.0",
          "Artifact uploaded: build.tar.gz (15MB)",
          "pip: Downloading axios-1.13.tar.gz",
          "Minifying main.js",
          "[12:51:22] DEBUG: Memory usage: 1287MB",
          "Artifact uploaded: dist.zip (33MB)",
          "Artifact uploaded: dist.zip (38MB)",
          "Tests: 231 passed, 350 total",
          "Using Python 3.11",
          "\u26a0 DEPRECATION: Feature will be removed in v4.0",
          "Cache invalidated: build",
          "[12:51:22] INFO: Connecting to database",
          "Building Docker image...",
          "Transforming 557 files...",
          "Cache restored successfully (201MB)",
          "Fetching from https://googleapis.com/package.json",
          "Pushing to registry...",
          "POST /api - 202 (253ms)",
          "pip: Downloading prettier-3.8.tar.gz",
          "\u2713 validate completed",
          "NODE_ENV=development",
          "Exception: NullPointerException",
          "yarn add: Done in 26.88s",
          "[12:51:22] WARN: Deprecated API usage",
          "[12:51:22] DEBUG: Memory usage: 250MB",
          "Done.",
          "Minifying app.js",
          "yarn add: Done in 27.14s",
          "Using Python 3.11",
          "Processing...",
          "Minifying app.js",
          "Step 12/17: Linting",
          "Compiling lib/handler.rs...",
          "\u26a0 DEPRECATION: Feature will be removed in v5.0",
          "Step 19/15: Deploying",
          "Bundling vendor.js",
          "Step 16/15: Running migrations",
          "[12:51:22] DEBUG: Loading configuration",
          "WARNING: react has known vulnerabilities",
          "[12:51:22] DEBUG: Loading configuration",
          "Step 2/15: Building",
          "[12:51:22] WARN: Deprecated API usage",
          "Transforming 119 files...",
          "pip install: Successfully installed react-4.15",
          "[12:51:22] DEBUG: Memory usage: 1377MB",
          "Image pulled successfully",
          "Artifact uploaded: dist.zip (57MB)",
          "Artifact uploaded: build.tar.gz (7MB)",
          "Tests: 359 passed, 430 total",
          "[12:51:22] INFO: Processing request",
          "WARNING: eslint has known vulnerabilities",
          "Compiling src/app.ts...",
          "Using Node.js 19.1.1",
          "Using Python 3.12",
          "Fetching from https://docker.io/package.json",
          "Done.",
          "Artifact uploaded: build.tar.gz (29MB)",
          "  PASS: e2e/test_cache_hit.spec.js",
          "Compiling src/utils.go...",
          "Installing prettier@5.1.3",
          "[12:51:22] DEBUG: Query executed in 40ms",
          "[12:51:22] INFO: Processing request",
          "Cache miss for key-7707",
          "TLS handshake completed",
          "Pulling image: node:18",
          "Switched to branch 'bugfix/task-268'",
          "Fetching from https://googleapis.com/package.json",
          "Step 19/17: Running migrations",
          "npm notice: package.json updated",
          "Compiling src/main.py...",
          "Transforming 698 files...",
          "Success!",
          "Image pulled successfully",
          "GET /api - 204 (14ms)",
          "npm notice: created a lockfile",
          "NODE_ENV=development",
          "Already up to date.",
          "[12:51:22] DEBUG: Query executed in 39ms",
          "Switched to branch 'bugfix/task-501'",
          "Cache miss for key-4899",
          "Tests: 177 passed, 369 total",
          "Completed.",
          "POST /upload - 202 (312ms)",
          "Layer 8/12: COPY command",
          "\u26a0 DEPRECATION: Feature will be removed in v3.0",
          "Compiling utils/handler.rs...",
          "\u2713 All checks passed",
          "pip: Downloading eslint-2.15.tar.gz",
          "[12:51:22] WARN: Deprecated API usage",
          "Installing eslint@5.2.3",
          "Cache invalidated: node_modules",
          "Platform: win32-x64",
          "Cache hit for key-4709",
          "=== Step unit_tests completed ==="
        ]
      },
      {
        "name": "type_check",
        "status": "success",
        "started_at": "2025-12-08T12:52:22.237882",
        "finished_at": "2025-12-08T12:52:33.222686",
        "log_lines": [
          "=== Step: type_check ===",
          "TLS handshake completed",
          "Finished.",
          "Step 15/22: Building",
          "[12:51:22] INFO: Starting build process",
          "\u2713 Step 'checkout' succeeded",
          "Artifact downloaded: 29MB",
          "pip: Downloading react-5.0.tar.gz",
          "yarn add: Done in 30.23s",
          "Compiling utils/handler.rs...",
          "Fetching from https://googleapis.com/package.json",
          "Layer 10/8: RUN command",
          "\u2717 build failed with exit code 15",
          "\u26a0 DEPRECATION: Feature will be removed in v3.0",
          "\u2713 test completed",
          "[12:51:22] DEBUG: Memory usage: 1486MB",
          "GET /health - 204 (100ms)",
          "Step 1/20: Running migrations",
          "Bundling runtime.js",
          "Step 18/15: Running migrations",
          "Bundling styles.js",
          "npm notice: package.json updated",
          "Cache restored successfully (178MB)",
          "\u26a0 DEPRECATION: Feature will be removed in v2.0",
          "[12:51:22] INFO: Processing request",
          "Waiting...",
          "Compiling lib/main.py...",
          "Ready.",
          "Ran 83 tests in 10s",
          "[12:51:22] DEBUG: Loading configuration",
          "Test Suites: 18 passed, 34 total",
          "Processing...",
          "Platform: win32-x64",
          "Installing express@5.0.1",
          "Completed.",
          "[12:51:22] DEBUG: Query executed in 2ms",
          "pip install: Successfully installed lodash-2.15",
          "Installing react@3.5.5",
          "Compiling src/service.java...",
          "Compiling lib/main.py...",
          "Done.",
          "Creating production build...",
          "Success!",
          "Fetching from https://googleapis.com/package.json",
          "Building Docker image...",
          "yarn add: Done in 23.2s",
          "\u2713 lint completed",
          "Step 19/16: Testing",
          "Connection established",
          "Cache invalidated: build",
          "Step 18/21: Running migrations",
          "Compiling utils/index.js...",
          "Layer 2/14: RUN command",
          "Compiling lib/index.js...",
          "Compiling utils/index.js...",
          "\u2713 Step 'test' succeeded",
          "\u2713 All checks passed",
          "[12:51:22] DEBUG: Loading configuration",
          "[12:51:22] WARN: Deprecated API usage",
          "Test Suites: 33 passed, 19 total",
          "Test Suites: 31 passed, 27 total",
          "yarn add: Done in 10.19s",
          "Minifying app.js",
          "[12:51:22] DEBUG: Connection pool: 5 active",
          "Environment: staging",
          "\u2713 All checks passed",
          "[12:51:22] INFO: Request completed",
          "Cache invalidated: node_modules",
          "Cache invalidated: node_modules",
          "Snapshots: 14 passed, 37 total",
          "Transforming 581 files...",
          "Time: 79.222s",
          "Minifying app.js",
          "Uploading artifact 'build' (30 files)",
          "Transforming 168 files...",
          "TLS handshake completed",
          "Fetching submodules...",
          "Installing prettier@4.17.6",
          "[12:51:22] DEBUG: Query executed in 3ms",
          "Time: 114.103s",
          "WARNING: eslint has known vulnerabilities",
          "npm notice: created a lockfile",
          "Compiling src/handler.rs...",
          "POST /data - 201 (381ms)",
          "Pushing to registry...",
          "Compiling components/app.ts...",
          "Cache restored successfully (343MB)",
          "Ready.",
          "[12:51:22] INFO: Processing request",
          "Test Suites: 12 passed, 9 total",
          "[12:51:22] WARN: Deprecated API usage",
          "Success!",
          "[12:51:22] ERROR: Connection failed",
          "Pushing to registry...",
          "[12:51:22] DEBUG: Memory usage: 237MB",
          "npm install: resolved 1149 packages",
          "Using Python 3.11",
          "Using Python 3.10",
          "Tests: 131 passed, 261 total",
          "WARNING: react has known vulnerabilities",
          "[12:51:22] INFO: Processing request",
          "pip install: Successfully installed prettier-3.8",
          "[12:51:22] DEBUG: Loading configuration",
          "WARNING: lodash has known vulnerabilities",
          "yarn add: Done in 7.61s",
          "npm notice: created a lockfile",
          "\u2713 lint completed",
          "npm notice: package.json updated",
          "Ready.",
          "Artifact downloaded: 4MB",
          "Cache saved successfully",
          "Artifact uploaded: dist.zip (11MB)",
          "Step 13/24: Deploying",
          "\u26a0 DEPRECATION: Feature will be removed in v4.0",
          "Step 11/19: Building",
          "Generating source maps...",
          "Using Node.js 19.6.0",
          "Completed.",
          "Artifact uploaded: build.tar.gz (15MB)",
          "\u2713 Step 'setup' succeeded",
          "[12:51:22] WARN: Deprecated API usage",
          "\u2713 All checks passed",
          "Fetching from https://github.com/package.json",
          "Platform: darwin-arm64",
          "Exception: ValueError",
          "=== Step type_check completed ==="
        ]
      },
      {
        "name": "upload_artifacts",
        "status": "success",
        "started_at": "2025-12-08T12:52:33.222686",
        "finished_at": "2025-12-08T12:52:44.207490",
        "log_lines": [
          "=== Step: upload_artifacts ===",
          "Pushing to registry...",
          "[12:51:22] DEBUG: Memory usage: 680MB",
          "Installing jest@3.1.7",
          "[12:51:22] INFO: Cache refreshed",
          "Minifying vendor.js",
          "Cache saved successfully",
          "Fetching from https://docker.io/package.json",
          "\u2713 Task completed in 1686ms",
          "[12:51:22] DEBUG: Connection pool: 1 active",
          "Snapshots: 41 passed, 21 total",
          "[12:51:22] DEBUG: Memory usage: 714MB",
          "pip: Installing build dependencies...",
          "yarn add: Done in 29.97s",
          "Already up to date.",
          "Already up to date.",
          "Snapshots: 6 passed, 36 total",
          "Completed.",
          "Success!",
          "Compiling utils/main.py...",
          "GET /health - 200 (25ms)",
          "Already up to date.",
          "\u2713 Step 'checkout' succeeded",
          "Using Python 3.11",
          "Environment: test",
          "[12:51:22] DEBUG: Connection pool: 16 active",
          "Bundling runtime.css",
          "[12:51:22] INFO: Request completed",
          "WARNING: prettier has known vulnerabilities",
          "Tests: 108 passed, 191 total",
          "Installing lodash@2.5.3",
          "yarn add: Done in 26.70s",
          "Compiling src/app.ts...",
          "Cache hit for key-2108",
          "\u2713 Step 'build' succeeded",
          "Step 6/19: Linting",
          "[12:51:22] INFO: Starting build process",
          "Cache restored successfully (145MB)",
          "GET /api - 200 (1ms)",
          "Image pulled successfully",
          "Step 19/17: Linting",
          "Tests: 500 passed, 50 total",
          "npm notice: created a lockfile",
          "Verifying...",
          "TLS handshake completed",
          "[12:51:22] DEBUG: Memory usage: 1133MB",
          "npm install: resolved 1942 packages",
          "pip: Collecting react",
          "npm notice: created a lockfile",
          "Transforming 979 files...",
          "Compiling src/utils.go...",
          "Pushing to registry...",
          "Step 2/22: Installing dependencies",
          "Pulling image: python:latest",
          "  PASS: test_db_connect (484ms)",
          "Environment: development",
          "\u2713 Step 'setup' succeeded",
          "\u2713 All checks passed",
          "Verifying...",
          "[12:51:22] INFO: Starting build process",
          "Step 20/22: Linting",
          "[12:51:22] INFO: Cache refreshed",
          "Compiling components/service.java...",
          "Already up to date.",
          "Fetching from https://googleapis.com/package.json",
          "npm install: resolved 1030 packages",
          "OK",
          "Transforming 693 files...",
          "Transforming 223 files...",
          "npm notice: package.json updated",
          "npm notice: package.json updated",
          "  PASS: test_api_health (234ms)",
          "NODE_ENV=production",
          "Platform: linux-x64",
          "Compiling utils/utils.go...",
          "Platform: darwin-arm64",
          "WARNING: eslint has known vulnerabilities",
          "\u26a0 DEPRECATION: Feature will be removed in v4.0",
          "Snapshots: 45 passed, 23 total",
          "Platform: linux-x64",
          "Using Node.js 15.13.6",
          "TLS handshake completed",
          "Pushing to registry...",
          "pip install: Successfully installed react-1.7",
          "Environment: development",
          "Fetching submodules...",
          "Building Docker image...",
          "Cache saved successfully",
          "pip: Downloading react-1.14.tar.gz",
          "[12:51:22] DEBUG: Loading configuration",
          "\u2713 Step 'setup' succeeded",
          "npm install: resolved 1961 packages",
          "npm install: added 404 packages",
          "[12:51:22] DEBUG: Connection pool: 8 active",
          "[12:51:22] INFO: Cache refreshed",
          "Pushing to registry...",
          "GET /api - 200 (39ms)",
          "Image pulled successfully",
          "Artifact uploaded: dist.zip (20MB)",
          "npm install: added 253 packages",
          "Bundling runtime.css",
          "Compiling lib/app.ts...",
          "pip: Downloading eslint-2.4.tar.gz",
          "FAILED: test_db_connect",
          "Ready.",
          "[12:51:22] WARN: Deprecated API usage",
          "Time: 11.19s",
          "Step 17/22: Testing",
          "\u26a0 DEPRECATION: Feature will be removed in v2.0",
          "NODE_ENV=production",
          "npm install: resolved 697 packages",
          "Building Docker image...",
          "[12:51:22] DEBUG: Connection pool: 6 active",
          "Uploading artifact 'build' (2 files)",
          "Transforming 536 files...",
          "npm notice: created a lockfile",
          "\u26a0 DEPRECATION: Feature will be removed in v3.0",
          "[12:51:22] WARN: Deprecated API usage",
          "Verifying...",
          "Compiling utils/main.py...",
          "[12:51:22] INFO: Processing request",
          "Success!",
          "Cache hit for key-1712",
          "Building Docker image...",
          "[12:51:22] INFO: Starting build process",
          "=== Step upload_artifacts completed ==="
        ]
      },
      {
        "name": "e2e_tests",
        "status": "success",
        "started_at": "2025-12-08T12:52:44.207490",
        "finished_at": "2025-12-08T12:52:55.192294",
        "log_lines": [
          "=== Step: e2e_tests ===",
          "pip: Downloading react-5.0.tar.gz",
          "Fetching submodules...",
          "Cache hit for key-1068",
          "Artifact uploaded: dist.zip (99MB)",
          "Installing react@3.18.0",
          "[12:51:22] DEBUG: Loading configuration",
          "Waiting...",
          "Optimizing 12 modules...",
          "\u2713 Step 'checkout' succeeded",
          "Using Python 3.9",
          "Compiling components/handler.rs...",
          "Switched to branch 'bugfix/task-111'",
          "\u2713 Task completed in 1300ms",
          "Step 14/21: Linting",
          "Processing...",
          "\u2713 All checks passed",
          "npm install: added 219 packages",
          "Cache miss for key-6784",
          "\u26a0 DEPRECATION: Feature will be removed in v4.0",
          "[12:51:22] DEBUG: Initializing service",
          "\u2713 Step 'setup' succeeded",
          "\u26a0 DEPRECATION: Feature will be removed in v2.0",
          "  PASS: e2e/test_db_connect.spec.js",
          "[12:51:22] WARN: Deprecated API usage",
          "Already up to date.",
          "pip install: Successfully installed webpack-4.2",
          "\u2713 Step 'install' succeeded",
          "[12:51:22] INFO: Connecting to database",
          "Completed.",
          "Using Python 3.10",
          "Time: 107.439s",
          "[12:51:22] INFO: Starting build process",
          "Installing axios@2.10.7",
          "Ran 162 tests in 30s",
          "Exception: RuntimeError",
          "[12:51:22] INFO: Starting build process",
          "\u2713 Task completed in 334ms",
          "GET /api - 204 (98ms)",
          "\u2713 All checks passed",
          "Artifact downloaded: 24MB",
          "Loading...",
          "Transforming 442 files...",
          "Cache restored successfully (152MB)",
          "Compiling src/main.py...",
          "[12:51:22] INFO: Starting build process",
          "Step 14/15: Testing",
          "Exception: TypeError",
          "[12:51:22] WARN: Deprecated API usage",
          "Tests: 206 passed, 478 total",
          "Coverage: 97% statements, 100% branches",
          "Step 19/24: Testing",
          "Compiling src/handler.rs...",
          "\u2713 Task completed in 4891ms",
          "[12:51:22] DEBUG: Query executed in 43ms",
          "Step 18/20: Running migrations",
          "[12:51:22] INFO: Cache refreshed",
          "Step 20/20: Running migrations",
          "Finished.",
          "Platform: linux-x64",
          "Cache restored successfully (391MB)",
          "[12:51:22] INFO: Connecting to database",
          "Cache hit for key-9887",
          "npm install: added 100 packages",
          "Time: 83.67s",
          "[12:51:22] INFO: Request completed",
          "pip: Installing build dependencies...",
          "Exception: TypeError",
          "[12:51:22] WARN: Deprecated API usage",
          "Test Suites: 48 passed, 43 total",
          "Connection established",
          "[12:51:22] INFO: Starting build process",
          "\u2713 All checks passed",
          "[12:51:22] DEBUG: Query executed in 66ms",
          "Building Docker image...",
          "pip: Downloading lodash-2.20.tar.gz",
          "POST /upload - 200 (318ms)",
          "Building Docker image...",
          "[12:51:22] INFO: Starting build process",
          "Installing axios@1.3.1",
          "Creating production build...",
          "Compiling lib/service.java...",
          "Pushing to registry...",
          "\u2717 build failed with exit code 10",
          "Cache miss for key-4666",
          "Cache saved successfully",
          "npm notice: created a lockfile",
          "Minifying vendor.js",
          "Uploading artifact 'coverage' (25 files)",
          "Uploading artifact 'coverage' (6 files)",
          "HEAD is now at d83071d",
          "\u26a0 DEPRECATION: Feature will be removed in v2.0",
          "HEAD is now at f8c0113",
          "pip: Collecting webpack",
          "TLS handshake completed",
          "Fetching submodules...",
          "Loading...",
          "Creating production build...",
          "Bundling main.js",
          "Tests: 350 passed, 367 total",
          "[12:51:22] INFO: Request completed",
          "Coverage: 72% statements, 96% branches",
          "Done.",
          "\u2713 test completed",
          "[12:51:22] INFO: Request completed",
          "Ran 79 tests in 36s",
          "\u2713 validate completed",
          "Cache saved successfully",
          "Building Docker image...",
          "Building Docker image...",
          "NODE_ENV=test",
          "TLS handshake completed",
          "Compiling utils/utils.go...",
          "Connection established",
          "[12:51:22] INFO: Connecting to database",
          "  PASS: test_cache_hit (441ms)",
          "Step 8/20: Installing dependencies",
          "Artifact uploaded: build.tar.gz (11MB)",
          "[12:51:22] ERROR: Connection failed",
          "TLS handshake completed",
          "WARNING: eslint has known vulnerabilities",
          "OK",
          "Success!",
          "[12:51:22] WARN: Deprecated API usage",
          "\u2717 build failed with exit code 4",
          "=== Step e2e_tests completed ==="
        ]
      },
      {
        "name": "checkout",
        "status": "success",
        "started_at": "2025-12-08T12:52:55.192294",
        "finished_at": "2025-12-08T12:52:59.586216",
        "log_lines": [
          "=== Step: checkout ===",
          "  PASS: integration/test_db_connect.spec.js",
          "[12:51:22] DEBUG: Memory usage: 1238MB",
          "Pulling image: alpine:latest",
          "HEAD is now at 4bb9a5f",
          "Pushing to registry...",
          "[12:51:22] WARN: Deprecated API usage",
          "[12:51:22] INFO: Cache refreshed",
          "Switched to branch 'feature/task-810'",
          "Processing...",
          "[12:51:22] INFO: Cache refreshed",
          "Compiling utils/handler.rs...",
          "\u2713 Task completed in 3645ms",
          "[12:51:22] INFO: Request completed",
          "yarn add: Done in 17.49s",
          "Compiling utils/app.ts...",
          "Already up to date.",
          "OK",
          "Uploading artifact 'coverage' (17 files)",
          "  PASS: unit/test_api_health.spec.js",
          "Switched to branch 'feature/task-582'",
          "\u2713 lint completed",
          "TLS handshake completed",
          "Building Docker image...",
          "npm install: added 64 packages",
          "Generating source maps...",
          "Step 3/18: Building",
          "Verifying...",
          "Artifact downloaded: 47MB",
          "Building Docker image...",
          "Time: 34.345s",
          "POST /api - 201 (166ms)",
          "Connection established",
          "[12:51:22] INFO: Starting build process",
          "Step 11/18: Running migrations",
          "Generating source maps...",
          "Pulling image: python:3.11",
          "[12:51:22] INFO: Processing request",
          "WARNING: jest has known vulnerabilities",
          "pip install: Successfully installed prettier-1.3",
          "[12:51:22] INFO: Request completed",
          "Building Docker image...",
          "npm notice: created a lockfile",
          "[12:51:22] DEBUG: Memory usage: 1574MB",
          "[12:51:22] DEBUG: Initializing service",
          "Test Suites: 11 passed, 9 total",
          "HEAD is now at 741ccc0",
          "[12:51:22] DEBUG: Loading configuration",
          "yarn add: Done in 23.49s",
          "\u2713 All checks passed",
          "pip: Collecting prettier",
          "Exception: ValueError",
          "NODE_ENV=production",
          "[12:51:22] INFO: Request completed",
          "Switched to branch 'bugfix/task-858'",
          "npm notice: created a lockfile",
          "Bundling main.css",
          "GET /status - 204 (15ms)",
          "yarn add: Done in 16.31s",
          "  PASS: unit/test_api_health.spec.js",
          "Checking out main branch",
          "[12:51:22] INFO: Processing request",
          "npm install: added 398 packages",
          "Pulling image: python:latest",
          "Cache hit for key-5070",
          "Installing lodash@4.20.9",
          "Step 8/24: Running migrations",
          "[12:51:22] INFO: Request completed",
          "Installing axios@4.19.6",
          "Compiling lib/service.java...",
          "Pushing to registry...",
          "Coverage: 78% statements, 96% branches",
          "Time: 14.684s",
          "\u26a0 DEPRECATION: Feature will be removed in v3.0",
          "Cache miss for key-8164",
          "npm install: added 429 packages",
          "[12:51:22] WARN: Deprecated API usage",
          "pip: Collecting prettier",
          "  PASS: test_auth_login (338ms)",
          "Test Suites: 7 passed, 12 total",
          "Compiling lib/utils.go...",
          "[12:51:22] INFO: Connecting to database",
          "Snapshots: 37 passed, 6 total",
          "Step 19/15: Linting",
          "Step 9/15: Testing",
          "Step 18/20: Testing",
          "yarn add: Done in 12.76s",
          "NODE_ENV=production",
          "WARNING: eslint has known vulnerabilities",
          "[12:51:22] WARN: Deprecated API usage",
          "Cache miss for key-6903",
          "Verifying...",
          "Image pulled successfully",
          "Image pulled successfully",
          "Artifact downloaded: 43MB",
          "Compiling lib/index.js...",
          "NODE_ENV=test",
          "Cache saved successfully",
          "Connection established",
          "Cache invalidated: build",
          "Processing...",
          "yarn add: Done in 22.14s",
          "[12:51:22] WARN: Deprecated API usage",
          "Building Docker image...",
          "WARNING: react has known vulnerabilities",
          "Done.",
          "[12:51:22] DEBUG: Initializing service",
          "Checking out main branch",
          "Building Docker image...",
          "NODE_ENV=test",
          "[12:51:22] ERROR: Connection failed",
          "\u2713 Step 'install' succeeded",
          "Connection established",
          "[12:51:22] WARN: Deprecated API usage",
          "WARNING: express has known vulnerabilities",
          "\u26a0 DEPRECATION: Feature will be removed in v3.0",
          "[12:51:22] INFO: Connecting to database",
          "[12:51:22] WARN: Deprecated API usage",
          "Step 7/17: Testing",
          "Pulling image: python:3.11",
          "Compiling src/handler.rs...",
          "Cache hit for key-3144",
          "Finished.",
          "[12:51:22] DEBUG: Loading configuration",
          "  PASS: integration/test_auth_login.spec.js",
          "=== Step checkout completed ==="
        ]
      },
      {
        "name": "deploy_staging",
        "status": "success",
        "started_at": "2025-12-08T12:52:59.586216",
        "finished_at": "2025-12-08T12:53:10.571020",
        "log_lines": [
          "=== Step: deploy_staging ===",
          "[12:51:22] DEBUG: Memory usage: 395MB",
          "Pushing to registry...",
          "[12:51:22] WARN: Deprecated API usage",
          "npm notice: created a lockfile",
          "Switched to branch 'feature/task-446'",
          "Generating source maps...",
          "Platform: linux-x64",
          "\u2713 package completed",
          "[12:51:22] INFO: Request completed",
          "Switched to branch 'bugfix/task-257'",
          "[12:51:22] DEBUG: Loading configuration",
          "npm notice: created a lockfile",
          "Processing...",
          "[12:51:22] DEBUG: Query executed in 61ms",
          "Generating source maps...",
          "OK",
          "Waiting...",
          "Checking out master branch",
          "Artifact uploaded: dist.zip (18MB)",
          "Ready.",
          "[12:51:22] ERROR: Connection failed",
          "Layer 9/11: RUN command",
          "Loading...",
          "FAILED: test_cache_hit",
          "Installing prettier@1.18.3",
          "Layer 9/8: COPY command",
          "\u26a0 DEPRECATION: Feature will be removed in v2.0",
          "yarn add: Done in 11.25s",
          "Artifact downloaded: 11MB",
          "Generating source maps...",
          "Success!",
          "Finished.",
          "\u2713 deploy completed",
          "Snapshots: 6 passed, 2 total",
          "[12:51:22] INFO: Starting build process",
          "Environment: production",
          "[12:51:22] DEBUG: Memory usage: 1129MB",
          "[12:51:22] ERROR: Connection failed",
          "Artifact uploaded: build.tar.gz (1MB)",
          "\u26a0 DEPRECATION: Feature will be removed in v2.0",
          "Transforming 610 files...",
          "Cache hit for key-6774",
          "[12:51:22] INFO: Connecting to database",
          "Artifact uploaded: build.tar.gz (35MB)",
          "FAILED: test_user_create",
          "Step 17/18: Running migrations",
          "Success!",
          "Step 5/16: Running migrations",
          "Step 1/17: Building",
          "Layer 7/12: COPY command",
          "Compiling src/main.py...",
          "Success!",
          "[12:51:22] DEBUG: Query executed in 98ms",
          "Finished.",
          "\u2713 All checks passed",
          "Step 20/16: Deploying",
          "npm notice: created a lockfile",
          "Verifying...",
          "[12:51:22] WARN: Deprecated API usage",
          "[12:51:22] DEBUG: Loading configuration",
          "Exception: ValueError",
          "TLS handshake completed",
          "[12:51:22] DEBUG: Query executed in 9ms",
          "Step 17/22: Linting",
          "Fetching submodules...",
          "npm notice: created a lockfile",
          "  PASS: unit/test_cache_hit.spec.js",
          "OK",
          "\u26a0 DEPRECATION: Feature will be removed in v5.0",
          "\u2713 Step 'test' succeeded",
          "WARNING: webpack has known vulnerabilities",
          "\u2713 All checks passed",
          "yarn add: Done in 4.75s",
          "Pulling image: node:18",
          "Cache invalidated: node_modules",
          "HEAD is now at efc8ee6",
          "npm install: added 499 packages",
          "NODE_ENV=development",
          "npm install: added 406 packages",
          "Snapshots: 25 passed, 48 total",
          "[12:51:22] INFO: Cache refreshed",
          "Tests: 162 passed, 423 total",
          "pip: Downloading axios-5.16.tar.gz",
          "\u2717 build failed with exit code 45",
          "Compiling lib/index.js...",
          "Step 9/20: Installing dependencies",
          "WARNING: express has known vulnerabilities",
          "WARNING: jest has known vulnerabilities",
          "Loading...",
          "Cache restored successfully (394MB)",
          "Pushing to registry...",
          "pip install: Successfully installed jest-3.6",
          "[12:51:22] DEBUG: Memory usage: 1530MB",
          "[12:51:22] WARN: Deprecated API usage",
          "Step 6/21: Running migrations",
          "pip: Downloading prettier-5.11.tar.gz",
          "Step 13/15: Testing",
          "[12:51:22] INFO: Processing request",
          "[12:51:22] DEBUG: Loading configuration",
          "Snapshots: 31 passed, 47 total",
          "pip: Installing build dependencies...",
          "Fetching from https://npmjs.org/package.json",
          "WARNING: eslint has known vulnerabilities",
          "Compiling lib/service.java...",
          "pip: Collecting eslint",
          "NODE_ENV=production",
          "Step 15/15: Building",
          "Platform: win32-x64",
          "[12:51:22] DEBUG: Memory usage: 1401MB",
          "Step 9/19: Linting",
          "Ran 20 tests in 49s",
          "Creating production build...",
          "Already up to date.",
          "[12:51:22] DEBUG: Memory usage: 901MB",
          "Step 15/21: Building",
          "pip install: Successfully installed jest-1.10",
          "OK",
          "Bundling main.css",
          "Transforming 319 files...",
          "Building Docker image...",
          "pip: Installing build dependencies...",
          "npm install: resolved 1231 packages",
          "pip: Collecting express",
          "GET /api - 201 (81ms)",
          "=== Step deploy_staging completed ==="
        ]
      },
      {
        "name": "build",
        "status": "success",
        "started_at": "2025-12-08T12:53:10.571020",
        "finished_at": "2025-12-08T12:53:43.525433",
        "log_lines": [
          "=== Step: build ===",
          "Ran 116 tests in 13s",
          "Switched to branch 'bugfix/task-971'",
          "Transforming 149 files...",
          "Layer 1/12: COPY command",
          "[12:51:22] INFO: Starting build process",
          "Cache saved successfully",
          "Waiting...",
          "yarn add: Done in 26.87s",
          "Pulling image: node:18",
          "yarn add: Done in 8.99s",
          "Success!",
          "[12:51:22] WARN: Deprecated API usage",
          "Generating source maps...",
          "Connection established",
          "[12:51:22] ERROR: Connection failed",
          "Fetching from https://gcr.io/package.json",
          "\u2713 All checks passed",
          "Transforming 184 files...",
          "[12:51:22] DEBUG: Initializing service",
          "pip install: Successfully installed jest-5.16",
          "[12:51:22] INFO: Connecting to database",
          "yarn add: Done in 11.8s",
          "Artifact uploaded: dist.zip (62MB)",
          "Uploading artifact 'build' (18 files)",
          "pip install: Successfully installed react-2.2",
          "Layer 6/14: ENV command",
          "TLS handshake completed",
          "\u2713 Task completed in 3705ms",
          "Fetching submodules...",
          "Cache hit for key-4563",
          "pip: Downloading axios-2.7.tar.gz",
          "OK",
          "[12:51:22] WARN: Deprecated API usage",
          "\u2713 build completed",
          "[12:51:22] DEBUG: Query executed in 3ms",
          "pip: Installing build dependencies...",
          "Completed.",
          "[12:51:22] DEBUG: Query executed in 26ms",
          "TLS handshake completed",
          "Checking out develop branch",
          "\u2713 Step 'test' succeeded",
          "Waiting...",
          "Checking out master branch",
          "Connection established",
          "Cache miss for key-8456",
          "[12:51:22] ERROR: Connection failed",
          "[12:51:22] DEBUG: Connection pool: 17 active",
          "npm install: resolved 1097 packages",
          "Using Node.js 14.8.8",
          "Compiling lib/app.ts...",
          "Layer 7/12: RUN command",
          "POST /data - 201 (274ms)",
          "Completed.",
          "Minifying main.js",
          "Pulling image: node:18",
          "Step 13/20: Installing dependencies",
          "Tests: 219 passed, 484 total",
          "Artifact uploaded: build.tar.gz (13MB)",
          "[12:51:22] WARN: Deprecated API usage",
          "[12:51:22] ERROR: Connection failed",
          "Cache miss for key-8548",
          "[12:51:22] DEBUG: Loading configuration",
          "\u2717 build failed with exit code 20",
          "Loading...",
          "  PASS: test_cache_hit (307ms)",
          "Fetching from https://github.com/package.json",
          "Cache invalidated: build",
          "pip: Collecting axios",
          "Cache invalidated: node_modules",
          "[12:51:22] INFO: Cache refreshed",
          "NODE_ENV=development",
          "Step 14/18: Building",
          "Cache miss for key-5643",
          "Optimizing 56 modules...",
          "Compiling components/service.java...",
          "Step 15/17: Installing dependencies",
          "Step 1/21: Linting",
          "POST /data - 200 (73ms)",
          "Using Node.js 16.12.2",
          "Artifact downloaded: 17MB",
          "  PASS: test_user_create (366ms)",
          "Tests: 244 passed, 267 total",
          "Snapshots: 9 passed, 0 total",
          "Pushing to registry...",
          "[12:51:23] INFO: Cache refreshed",
          "Finished.",
          "pip: Installing build dependencies...",
          "pip install: Successfully installed react-1.20",
          "Test Suites: 27 passed, 41 total",
          "Compiling src/app.ts...",
          "Tests: 463 passed, 150 total",
          "Compiling lib/app.ts...",
          "Ran 139 tests in 9s",
          "Snapshots: 34 passed, 15 total",
          "Cache restored successfully (295MB)",
          "Compiling src/utils.go...",
          "Artifact uploaded: dist.zip (89MB)",
          "[12:51:23] DEBUG: Initializing service",
          "Bundling main.css",
          "HEAD is now at 4064244",
          "Image pulled successfully",
          "Transforming 659 files...",
          "\u2713 Task completed in 813ms",
          "Pushing to registry...",
          "[12:51:23] INFO: Connecting to database",
          "GET /health - 200 (59ms)",
          "Switched to branch 'bugfix/task-528'",
          "[12:51:23] DEBUG: Loading configuration",
          "\u26a0 DEPRECATION: Feature will be removed in v4.0",
          "Completed.",
          "[12:51:23] DEBUG: Memory usage: 1643MB",
          "[12:51:23] INFO: Connecting to database",
          "Using Node.js 14.4.3",
          "Using Python 3.10",
          "Step 12/23: Deploying",
          "Building Docker image...",
          "NODE_ENV=development",
          "Platform: darwin-arm64",
          "[12:51:23] INFO: Request completed",
          "\u2713 All checks passed",
          "npm install: resolved 1427 packages",
          "npm notice: created a lockfile",
          "Pulling image: alpine:18",
          "npm install: added 67 packages",
          "=== Step build completed ==="
        ]
      },
      {
        "name": "setup_environment",
        "status": "success",
        "started_at": "2025-12-08T12:53:43.525433",
        "finished_at": "2025-12-08T12:53:54.510237",
        "log_lines": [
          "=== Step: setup_environment ===",
          "Verifying...",
          "OK",
          "yarn add: Done in 4.80s",
          "Cache hit for key-8173",
          "npm notice: package.json updated",
          "HEAD is now at a98b201",
          "[12:51:23] DEBUG: Initializing service",
          "[12:51:23] WARN: Deprecated API usage",
          "npm install: added 52 packages",
          "npm notice: created a lockfile",
          "Step 6/21: Testing",
          "Using Python 3.9",
          "npm notice: package.json updated",
          "npm notice: created a lockfile",
          "Finished.",
          "Tests: 343 passed, 101 total",
          "[12:51:23] INFO: Starting build process",
          "npm notice: package.json updated",
          "[12:51:23] INFO: Connecting to database",
          "[12:51:23] DEBUG: Connection pool: 6 active",
          "npm install: resolved 822 packages",
          "[12:51:23] DEBUG: Memory usage: 1824MB",
          "Waiting...",
          "Switched to branch 'bugfix/task-199'",
          "[12:51:23] DEBUG: Connection pool: 3 active",
          "[12:51:23] WARN: Deprecated API usage",
          "WARNING: prettier has known vulnerabilities",
          "Compiling lib/handler.rs...",
          "Cache hit for key-4415",
          "pip: Downloading react-4.2.tar.gz",
          "Artifact uploaded: build.tar.gz (4MB)",
          "pip: Downloading axios-5.9.tar.gz",
          "Step 2/15: Installing dependencies",
          "\u2713 Task completed in 3144ms",
          "Ready.",
          "Compiling components/index.js...",
          "  PASS: integration/test_api_health.spec.js",
          "Success!",
          "\u2713 All checks passed",
          "FAILED: test_api_health",
          "Cache invalidated: node_modules",
          "Step 3/23: Deploying",
          "[12:51:23] INFO: Processing request",
          "Bundling main.css",
          "\u2713 Task completed in 430ms",
          "yarn add: Done in 23.71s",
          "[12:51:23] WARN: Deprecated API usage",
          "Environment: production",
          "WARNING: lodash has known vulnerabilities",
          "NODE_ENV=production",
          "Processing...",
          "Done.",
          "Tests: 379 passed, 364 total",
          "[12:51:23] INFO: Processing request",
          "Transforming 568 files...",
          "Finished.",
          "Cache hit for key-9972",
          "Verifying...",
          "Cache restored successfully (122MB)",
          "Using Python 3.11",
          "Bundling runtime.css",
          "\u2713 Step 'test' succeeded",
          "HEAD is now at 956e032",
          "Coverage: 93% statements, 98% branches",
          "Layer 1/10: ENV command",
          "[12:51:23] DEBUG: Memory usage: 686MB",
          "[12:51:23] DEBUG: Loading configuration",
          "Compiling components/app.ts...",
          "  PASS: unit/test_api_health.spec.js",
          "\u26a0 DEPRECATION: Feature will be removed in v5.0",
          "Transforming 231 files...",
          "Fetching submodules...",
          "Coverage: 83% statements, 82% branches",
          "Loading...",
          "[12:51:23] INFO: Processing request",
          "[12:51:23] INFO: Starting build process",
          "POST /api - 202 (292ms)",
          "\u26a0 DEPRECATION: Feature will be removed in v4.0",
          "Cache restored successfully (399MB)",
          "Compiling components/index.js...",
          "Switched to branch 'bugfix/task-157'",
          "Image pulled successfully",
          "[12:51:23] DEBUG: Connection pool: 9 active",
          "[12:51:23] DEBUG: Connection pool: 15 active",
          "TLS handshake completed",
          "Uploading artifact 'dist' (1 files)",
          "pip: Collecting webpack",
          "Compiling utils/utils.go...",
          "npm notice: created a lockfile",
          "[12:51:23] WARN: Deprecated API usage",
          "\u2713 build completed",
          "Cache restored successfully (204MB)",
          "Test Suites: 28 passed, 10 total",
          "Layer 2/15: COPY command",
          "\u2717 build failed with exit code 33",
          "Fetching submodules...",
          "Pushing to registry...",
          "Connection established",
          "Step 3/23: Installing dependencies",
          "Layer 9/8: RUN command",
          "Waiting...",
          "Platform: win32-x64",
          "Cache invalidated: build",
          "Platform: linux-x64",
          "Platform: win32-x64",
          "Compiling components/main.py...",
          "Snapshots: 13 passed, 13 total",
          "GET /status - 204 (44ms)",
          "WARNING: axios has known vulnerabilities",
          "Generating source maps...",
          "\u26a0 DEPRECATION: Feature will be removed in v5.0",
          "Ready.",
          "Finished.",
          "Success!",
          "Processing...",
          "Fetching from https://github.com/package.json",
          "Platform: darwin-arm64",
          "NODE_ENV=production",
          "Optimizing 68 modules...",
          "Done.",
          "npm install: resolved 1616 packages",
          "Artifact downloaded: 48MB",
          "Fetching from https://registry.npmjs.org/package.json",
          "Coverage: 75% statements, 75% branches",
          "=== Step setup_environment completed ==="
        ]
      },
      {
        "name": "setup_node",
        "status": "success",
        "started_at": "2025-12-08T12:53:54.510237",
        "finished_at": "2025-12-08T12:54:05.495041",
        "log_lines": [
          "=== Step: setup_node ===",
          "NODE_ENV=production",
          "Artifact uploaded: dist.zip (13MB)",
          "npm notice: package.json updated",
          "[12:51:23] DEBUG: Initializing service",
          "Exception: RuntimeError",
          "Fetching from https://gcr.io/package.json",
          "\u26a0 DEPRECATION: Feature will be removed in v3.0",
          "Connection established",
          "npm notice: package.json updated",
          "Waiting...",
          "\u2713 Task completed in 4902ms",
          "\u2713 Task completed in 2226ms",
          "Loading...",
          "Step 17/15: Building",
          "Using Python 3.10",
          "Checking out main branch",
          "Step 4/16: Deploying",
          "Switched to branch 'feature/task-399'",
          "[12:51:23] ERROR: Connection failed",
          "[12:51:23] INFO: Cache refreshed",
          "\u26a0 DEPRECATION: Feature will be removed in v5.0",
          "Compiling lib/utils.go...",
          "[12:51:23] WARN: Deprecated API usage",
          "TLS handshake completed",
          "Test Suites: 48 passed, 13 total",
          "[12:51:23] INFO: Request completed",
          "\u2713 deploy completed",
          "Snapshots: 3 passed, 0 total",
          "Waiting...",
          "Waiting...",
          "Processing...",
          "Cache miss for key-5311",
          "Cache hit for key-2127",
          "\u26a0 DEPRECATION: Feature will be removed in v3.0",
          "Environment: production",
          "  PASS: test_user_create (360ms)",
          "Step 5/19: Deploying",
          "  PASS: e2e/test_user_create.spec.js",
          "Processing...",
          "Exception: ValueError",
          "\u2713 All checks passed",
          "[12:51:23] INFO: Starting build process",
          "Coverage: 72% statements, 80% branches",
          "\u2713 Task completed in 4727ms",
          "\u2717 build failed with exit code 30",
          "  PASS: e2e/test_cache_hit.spec.js",
          "Tests: 470 passed, 481 total",
          "Step 13/15: Deploying",
          "\u26a0 DEPRECATION: Feature will be removed in v5.0",
          "Loading...",
          "Loading...",
          "[12:51:23] INFO: Request completed",
          "Waiting...",
          "Creating production build...",
          "Checking out main branch",
          "[12:51:23] DEBUG: Query executed in 30ms",
          "Snapshots: 45 passed, 34 total",
          "npm install: resolved 1578 packages",
          "Test Suites: 37 passed, 49 total",
          "HEAD is now at d2f28a3",
          "Snapshots: 18 passed, 6 total",
          "[12:51:23] DEBUG: Initializing service",
          "Waiting...",
          "Switched to branch 'bugfix/task-496'",
          "Optimizing 77 modules...",
          "Cache miss for key-5364",
          "Step 4/24: Building",
          "Step 15/18: Running migrations",
          "Building Docker image...",
          "Time: 109.615s",
          "Step 3/22: Linting",
          "\u2713 Step 'build' succeeded",
          "Layer 3/13: RUN command",
          "Completed.",
          "Installing axios@5.6.2",
          "Step 17/16: Linting",
          "Compiling utils/handler.rs...",
          "WARNING: lodash has known vulnerabilities",
          "[12:51:23] DEBUG: Initializing service",
          "pip install: Successfully installed lodash-5.5",
          "Optimizing 46 modules...",
          "Compiling utils/utils.go...",
          "Bundling styles.css",
          "Artifact uploaded: dist.zip (55MB)",
          "Coverage: 73% statements, 83% branches",
          "Compiling components/main.py...",
          "Fetching from https://docker.io/package.json",
          "\u26a0 DEPRECATION: Feature will be removed in v2.0",
          "[12:51:23] DEBUG: Initializing service",
          "[12:51:23] WARN: Deprecated API usage",
          "pip: Downloading express-3.7.tar.gz",
          "Step 6/19: Linting",
          "Test Suites: 27 passed, 29 total",
          "npm install: added 141 packages",
          "[12:51:23] ERROR: Connection failed",
          "npm notice: package.json updated",
          "Environment: test",
          "[12:51:23] INFO: Connecting to database",
          "pip: Installing build dependencies...",
          "Using Node.js 15.1.3",
          "Installing react@5.2.9",
          "Tests: 288 passed, 174 total",
          "Transforming 691 files...",
          "yarn add: Done in 5.62s",
          "Cache hit for key-4318",
          "Compiling lib/app.ts...",
          "WARNING: axios has known vulnerabilities",
          "Optimizing 85 modules...",
          "[12:51:23] DEBUG: Query executed in 6ms",
          "GET /health - 204 (8ms)",
          "Checking out main branch",
          "POST /data - 201 (254ms)",
          "\u2713 Step 'build' succeeded",
          "Cache hit for key-9150",
          "GET /status - 204 (10ms)",
          "Image pulled successfully",
          "[12:51:23] INFO: Request completed",
          "\u2713 validate completed",
          "Artifact uploaded: dist.zip (90MB)",
          "Processing...",
          "Snapshots: 22 passed, 13 total",
          "Using Python 3.9",
          "Layer 1/14: RUN command",
          "npm install: added 245 packages",
          "=== Step setup_node completed ==="
        ]
      },
      {
        "name": "restore_cache",
        "status": "success",
        "started_at": "2025-12-08T12:54:05.495041",
        "finished_at": "2025-12-08T12:54:12.085924",
        "log_lines": [
          "=== Step: restore_cache ===",
          "Snapshots: 19 passed, 16 total",
          "Bundling styles.js",
          "pip: Installing build dependencies...",
          "[12:51:23] DEBUG: Memory usage: 1934MB",
          "Cache hit for key-1371",
          "Fetching submodules...",
          "Transforming 157 files...",
          "Cache saved successfully",
          "Step 17/19: Installing dependencies",
          "  PASS: unit/test_db_connect.spec.js",
          "Bundling main.css",
          "TLS handshake completed",
          "[12:51:23] INFO: Processing request",
          "[12:51:23] DEBUG: Query executed in 80ms",
          "Uploading artifact 'dist' (27 files)",
          "Processing...",
          "Compiling src/handler.rs...",
          "Cache miss for key-3317",
          "Environment: production",
          "[12:51:23] DEBUG: Memory usage: 995MB",
          "Platform: linux-x64",
          "  PASS: test_cache_hit (403ms)",
          "Cache hit for key-5070",
          "[12:51:23] DEBUG: Loading configuration",
          "Success!",
          "Artifact downloaded: 36MB",
          "Cache miss for key-6291",
          "Tests: 491 passed, 274 total",
          "[12:51:23] INFO: Starting build process",
          "[12:51:23] DEBUG: Query executed in 46ms",
          "Creating production build...",
          "Ran 176 tests in 2s",
          "Fetching from https://githubusercontent.com/package.json",
          "Using Python 3.11",
          "[12:51:23] WARN: Deprecated API usage",
          "Already up to date.",
          "Environment: staging",
          "Step 1/19: Building",
          "Optimizing 76 modules...",
          "Compiling components/main.py...",
          "[12:51:23] DEBUG: Initializing service",
          "Done.",
          "Step 16/15: Installing dependencies",
          "Ready.",
          "\u2713 Task completed in 3237ms",
          "[12:51:23] INFO: Starting build process",
          "Compiling src/main.py...",
          "Cache saved successfully",
          "Step 11/17: Testing",
          "[12:51:23] WARN: Deprecated API usage",
          "Generating source maps...",
          "WARNING: webpack has known vulnerabilities",
          "Step 12/21: Testing",
          "[12:51:23] INFO: Starting build process",
          "Uploading artifact 'dist' (48 files)",
          "Step 3/17: Linting",
          "Step 4/20: Deploying",
          "Step 20/18: Deploying",
          "Image pulled successfully",
          "\u26a0 DEPRECATION: Feature will be removed in v4.0",
          "Step 13/21: Running migrations",
          "Building Docker image...",
          "Success!",
          "Finished.",
          "\u2717 build failed with exit code 81",
          "Snapshots: 15 passed, 19 total",
          "Ready.",
          "Connection established",
          "Generating source maps...",
          "Success!",
          "\u2717 build failed with exit code 72",
          "\u2713 Task completed in 165ms",
          "\u2717 build failed with exit code 72",
          "[12:51:23] INFO: Connecting to database",
          "\u2713 All checks passed",
          "Artifact uploaded: dist.zip (57MB)",
          "Generating source maps...",
          "yarn add: Done in 16.34s",
          "WARNING: express has known vulnerabilities",
          "pip install: Successfully installed webpack-5.9",
          "Tests: 295 passed, 122 total",
          "Cache miss for key-2199",
          "npm install: added 444 packages",
          "[12:51:23] INFO: Cache refreshed",
          "Compiling lib/utils.go...",
          "Step 20/19: Building",
          "Step 13/15: Running migrations",
          "Step 18/23: Deploying",
          "Artifact uploaded: build.tar.gz (46MB)",
          "Checking out develop branch",
          "Cache saved successfully",
          "Minifying main.js",
          "Using Python 3.12",
          "Platform: linux-x64",
          "Cache saved successfully",
          "[12:51:23] ERROR: Connection failed",
          "Step 13/23: Running migrations",
          "Finished.",
          "Connection established",
          "npm notice: package.json updated",
          "Compiling src/index.js...",
          "Tests: 474 passed, 321 total",
          "[12:51:23] WARN: Deprecated API usage",
          "[12:51:23] INFO: Processing request",
          "Checking out main branch",
          "\u2713 package completed",
          "Ready.",
          "\u2713 Step 'setup' succeeded",
          "[12:51:23] DEBUG: Query executed in 33ms",
          "[12:51:23] WARN: Deprecated API usage",
          "Artifact uploaded: dist.zip (54MB)",
          "[12:51:23] INFO: Processing request",
          "Cache hit for key-6245",
          "Tests: 167 passed, 146 total",
          "[12:51:23] DEBUG: Initializing service",
          "Using Python 3.12",
          "Artifact uploaded: build.tar.gz (28MB)",
          "Minifying app.js",
          "Ran 116 tests in 24s",
          "Success!",
          "Finished.",
          "pip: Downloading axios-1.13.tar.gz",
          "Test Suites: 6 passed, 27 total",
          "Success!",
          "=== Step restore_cache completed ==="
        ]
      },
      {
        "name": "install_dependencies",
        "status": "success",
        "started_at": "2025-12-08T12:54:12.085924",
        "finished_at": "2025-12-08T12:54:45.040337",
        "log_lines": [
          "=== Step: install_dependencies ===",
          "Cache invalidated: dependencies",
          "[12:51:23] ERROR: Connection failed",
          "NODE_ENV=test",
          "pip: Downloading prettier-1.15.tar.gz",
          "\u2713 All checks passed",
          "Step 5/22: Running migrations",
          "npm install: resolved 1744 packages",
          "Transforming 199 files...",
          "Layer 9/10: ENV command",
          "Building Docker image...",
          "  PASS: test_cache_hit (224ms)",
          "Waiting...",
          "Step 4/25: Building",
          "Ready.",
          "Test Suites: 36 passed, 13 total",
          "\u2713 Step 'checkout' succeeded",
          "\u2713 Step 'install' succeeded",
          "FAILED: test_cache_hit",
          "Checking out develop branch",
          "[12:51:23] INFO: Processing request",
          "Cache invalidated: node_modules",
          "[12:51:23] INFO: Connecting to database",
          "Step 19/20: Building",
          "Connection established",
          "Cache invalidated: build",
          "Artifact uploaded: build.tar.gz (50MB)",
          "[12:51:23] INFO: Starting build process",
          "Test Suites: 44 passed, 15 total",
          "Success!",
          "[12:51:23] DEBUG: Connection pool: 19 active",
          "Artifact uploaded: dist.zip (4MB)",
          "Cache miss for key-3313",
          "Using Python 3.10",
          "Compiling components/main.py...",
          "Generating source maps...",
          "  PASS: test_db_connect (197ms)",
          "Ready.",
          "Generating source maps...",
          "Environment: production",
          "POST /data - 202 (139ms)",
          "\u2713 test completed",
          "Cache hit for key-5833",
          "Cache saved successfully",
          "Using Python 3.9",
          "[12:51:23] WARN: Deprecated API usage",
          "npm install: added 112 packages",
          "Cache saved successfully",
          "Success!",
          "pip: Installing build dependencies...",
          "npm notice: created a lockfile",
          "Switched to branch 'feature/task-195'",
          "Checking out main branch",
          "Step 17/22: Deploying",
          "Creating production build...",
          "Transforming 153 files...",
          "Step 9/23: Testing",
          "Snapshots: 2 passed, 25 total",
          "Step 20/22: Deploying",
          "Step 19/15: Linting",
          "pip: Collecting lodash",
          "pip: Collecting eslint",
          "[12:51:23] DEBUG: Connection pool: 9 active",
          "  PASS: unit/test_user_create.spec.js",
          "[12:51:23] DEBUG: Initializing service",
          "[12:51:23] INFO: Starting build process",
          "Tests: 200 passed, 66 total",
          "  PASS: e2e/test_db_connect.spec.js",
          "Tests: 348 passed, 443 total",
          "Done.",
          "OK",
          "POST /upload - 200 (482ms)",
          "Coverage: 84% statements, 86% branches",
          "Step 1/24: Installing dependencies",
          "pip: Collecting eslint",
          "Using Node.js 15.8.6",
          "Ready.",
          "yarn add: Done in 14.49s",
          "npm notice: created a lockfile",
          "  PASS: test_cache_hit (81ms)",
          "Installing react@4.14.5",
          "Test Suites: 24 passed, 15 total",
          "\u2717 build failed with exit code 64",
          "[12:51:23] ERROR: Connection failed",
          "[12:51:23] DEBUG: Loading configuration",
          "[12:51:23] WARN: Deprecated API usage",
          "Compiling lib/handler.rs...",
          "[12:51:23] INFO: Connecting to database",
          "Using Python 3.12",
          "Waiting...",
          "[12:51:23] INFO: Request completed",
          "\u2713 build completed",
          "Completed.",
          "[12:51:23] DEBUG: Memory usage: 146MB",
          "Processing...",
          "[12:51:23] INFO: Processing request",
          "POST /upload - 202 (211ms)",
          "NODE_ENV=test",
          "Verifying...",
          "Cache invalidated: build",
          "[12:51:23] WARN: Deprecated API usage",
          "Tests: 251 passed, 388 total",
          "Cache hit for key-4210",
          "TLS handshake completed",
          "Cache saved successfully",
          "Step 12/25: Testing",
          "Building Docker image...",
          "Already up to date.",
          "Cache saved successfully",
          "Checking out master branch",
          "[12:51:23] DEBUG: Loading configuration",
          "Completed.",
          "Test Suites: 28 passed, 20 total",
          "Compiling src/service.java...",
          "Tests: 344 passed, 204 total",
          "Building Docker image...",
          "\u2713 Task completed in 1273ms",
          "[12:51:23] DEBUG: Initializing service",
          "Cache hit for key-5471",
          "Image pulled successfully",
          "Compiling components/main.py...",
          "Exception: TypeError",
          "Snapshots: 25 passed, 46 total",
          "HEAD is now at 73e4afb",
          "Layer 4/12: ENV command",
          "=== Step install_dependencies completed ==="
        ]
      }
    ],
    "label": "normal"
  }
}