{
  "action": "completed",
  "workflow_run": {
    "id": 890,
    "name": "CI Pipeline",
    "head_branch": "develop",
    "head_sha": "6d4df74efe622a9cb0e3df3cdca80141bd80619b",
    "status": "completed",
    "conclusion": "success",
    "run_started_at": "2025-11-23T12:52:28.020880Z",
    "updated_at": "2025-11-23T12:55:02.262747Z"
  },
  "repository": {
    "full_name": "acme-corp/data-pipeline",
    "name": "data-pipeline"
  },
  "sender": {
    "login": "alice"
  },
  "_safeops_extended": {
    "raw_logs": "=== Step: deploy_staging ===\nWaiting...\nnpm install: resolved 992 packages\nVerifying...\nLoading...\nConnection established\nOK\nUsing Python 3.9\nEnvironment: test\n\u2717 build failed with exit code 70\nPulling image: python:latest\npip: Downloading jest-2.9.tar.gz\nSwitched to branch 'hotfix/task-297'\n[12:52:28] INFO: Processing request\n[12:52:28] DEBUG: Connection pool: 8 active\nFetching from https://pypi.org/package.json\n  PASS: test_api_health (144ms)\nEnvironment: staging\nStep 2/15: Running migrations\nWARNING: express has known vulnerabilities\nOptimizing 37 modules...\nGenerating source maps...\nPOST /api - 200 (292ms)\nStep 15/15: Linting\nOptimizing 66 modules...\n\u2713 Step 'build' succeeded\npip: Downloading axios-2.0.tar.gz\n\u2713 lint completed\n[12:52:28] DEBUG: Initializing service\nPOST /data - 200 (210ms)\n\u2717 build failed with exit code 95\n  PASS: test_api_health (157ms)\n\u2713 validate completed\nyarn add: Done in 4.53s\nHEAD is now at 4cf5c85\nSuccess!\nFinished.\nnpm install: resolved 1137 packages\nCache hit for key-8042\n[12:52:28] DEBUG: Connection pool: 9 active\n  PASS: e2e/test_db_connect.spec.js\nnpm install: resolved 1269 packages\nMinifying main.js\n[12:52:28] DEBUG: Loading configuration\n[12:52:28] DEBUG: Loading configuration\n[12:52:28] INFO: Starting build process\nUsing Node.js 16.7.1\nBundling runtime.css\n[12:52:28] DEBUG: Initializing service\nPulling image: python:18\nFinished.\nMinifying main.js\nFinished.\n[12:52:28] DEBUG: Initializing service\nGET /health - 201 (42ms)\n  PASS: test_db_connect (462ms)\nWARNING: axios has known vulnerabilities\nCompiling src/index.js...\nArtifact uploaded: dist.zip (66MB)\nArtifact downloaded: 21MB\nStep 19/17: Installing dependencies\nCache saved successfully\nUploading artifact 'dist' (18 files)\nCompleted.\nTLS handshake completed\nLoading...\nUsing Node.js 14.12.5\n  PASS: test_db_connect (394ms)\nCache restored successfully (96MB)\nnpm install: resolved 945 packages\nWARNING: jest has known vulnerabilities\nBuilding Docker image...\nSnapshots: 0 passed, 10 total\npip: Collecting eslint\nSwitched to branch 'feature/task-718'\nWARNING: jest has known vulnerabilities\nOK\nReady.\nFetching submodules...\nFinished.\nDone.\n[12:52:28] DEBUG: Query executed in 73ms\nnpm notice: package.json updated\nInstalling eslint@1.14.9\nPulling image: python:3.11\nImage pulled successfully\nTest Suites: 25 passed, 8 total\nMinifying vendor.js\nException: RuntimeError\nStep 2/17: Running migrations\nArtifact downloaded: 25MB\nLayer 3/9: COPY command\nStep 19/17: Deploying\nWaiting...\nImage pulled successfully\nPushing to registry...\nVerifying...\n[12:52:28] WARN: Deprecated API usage\nCache miss for key-7569\n[12:52:28] INFO: Processing request\nBuilding Docker image...\n[12:52:28] WARN: Deprecated API usage\nHEAD is now at 9f30973\nRan 37 tests in 17s\nSnapshots: 23 passed, 38 total\nGET /status - 201 (45ms)\n[12:52:28] INFO: Request completed\nBundling main.js\nConnection established\n\u2713 lint completed\nCache miss for key-7686\nPlatform: win32-x64\nOptimizing 61 modules...\nImage pulled successfully\nArtifact downloaded: 2MB\nOK\nFetching submodules...\nStep 6/25: Installing dependencies\nMinifying vendor.js\nEnvironment: production\nPushing to registry...\n[12:52:28] INFO: Starting build process\nCompleted.\n[12:52:28] DEBUG: Connection pool: 7 active\nReady.\n\u2713 package completed\nPOST /data - 201 (253ms)\n=== Step deploy_staging completed ===\n=== Step: save_cache ===\nTransforming 207 files...\n[12:52:28] INFO: Request completed\nFinished.\nNODE_ENV=production\n[12:52:28] INFO: Starting build process\n[12:52:28] WARN: Deprecated API usage\n[12:52:28] DEBUG: Connection pool: 11 active\nCache hit for key-5537\nnpm notice: package.json updated\n[12:52:28] WARN: Deprecated API usage\nPlatform: darwin-arm64\nCache miss for key-9737\nConnection established\nStep 17/25: Installing dependencies\n  PASS: e2e/test_cache_hit.spec.js\n\u2713 Task completed in 1741ms\n[12:52:28] WARN: Deprecated API usage\nCompiling components/handler.rs...\n\u2713 All checks passed\nEnvironment: staging\nStep 12/19: Building\nUploading artifact 'dist' (35 files)\nCreating production build...\nBundling runtime.css\n\u2717 build failed with exit code 67\nnpm install: added 255 packages\nyarn add: Done in 7.64s\nDone.\nUploading artifact 'coverage' (37 files)\n\u2717 build failed with exit code 85\nInstalling jest@4.19.6\nyarn add: Done in 13.77s\nStep 3/15: Testing\n[12:52:28] INFO: Processing request\n[12:52:28] DEBUG: Memory usage: 143MB\nTLS handshake completed\n[12:52:28] DEBUG: Initializing service\nSuccess!\nCoverage: 88% statements, 81% branches\npip: Downloading react-3.6.tar.gz\n[12:52:28] INFO: Request completed\nCache miss for key-3741\nCache invalidated: node_modules\n  PASS: e2e/test_api_health.spec.js\nCreating production build...\nCompiling lib/index.js...\nFetching submodules...\nHEAD is now at 45840f6\n[12:52:28] DEBUG: Loading configuration\n[12:52:28] INFO: Starting build process\nStep 2/22: Testing\nArtifact downloaded: 32MB\n\u2713 Step 'checkout' succeeded\nHEAD is now at 55fc806\nFinished.\nImage pulled successfully\nLayer 2/9: RUN command\n[12:52:28] INFO: Connecting to database\nSuccess!\nRan 129 tests in 12s\nTests: 238 passed, 379 total\nSnapshots: 28 passed, 9 total\nDone.\nStep 14/25: Installing dependencies\nPOST /data - 200 (245ms)\nnpm install: resolved 1174 packages\n\u2717 build failed with exit code 77\nFetching submodules...\nInstalling jest@4.15.2\n\u2713 test completed\n[12:52:28] INFO: Starting build process\nStep 5/17: Running migrations\nGET /api - 201 (61ms)\nUsing Node.js 14.20.9\n\u26a0 DEPRECATION: Feature will be removed in v5.0\nStep 1/25: Linting\nCreating production build...\nCache saved successfully\n\u26a0 DEPRECATION: Feature will be removed in v4.0\nBundling main.js\nInstalling react@3.10.4\nStep 4/16: Linting\nRan 117 tests in 14s\nReady.\nPushing to registry...\nCache invalidated: dependencies\n\u2713 validate completed\nPushing to registry...\n[12:52:28] INFO: Processing request\nPOST /upload - 202 (11ms)\nBuilding Docker image...\n\u2717 build failed with exit code 21\nOK\nStep 3/24: Linting\n[12:52:28] DEBUG: Query executed in 20ms\nUsing Node.js 17.19.10\nTests: 324 passed, 460 total\nCoverage: 99% statements, 61% branches\nCompiling utils/service.java...\nProcessing...\nTime: 13.902s\nCompiling src/index.js...\nGenerating source maps...\n[12:52:28] INFO: Connecting to database\nCompiling components/index.js...\nOK\nCompleted.\nCompiling utils/handler.rs...\nUploading artifact 'coverage' (25 files)\nCompiling lib/index.js...\n\u2713 Task completed in 1762ms\nCoverage: 93% statements, 66% branches\nStep 14/20: Testing\n[12:52:28] DEBUG: Memory usage: 1184MB\nRan 15 tests in 21s\nProcessing...\nyarn add: Done in 10.70s\nMinifying vendor.js\nPushing to registry...\nInstalling axios@5.15.0\nWaiting...\nCache hit for key-3775\nTests: 354 passed, 353 total\n[12:52:28] INFO: Processing request\n  PASS: e2e/test_auth_login.spec.js\nCache miss for key-9645\n=== Step save_cache completed ===\n=== Step: build ===\nnpm notice: created a lockfile\nCoverage: 76% statements, 60% branches\nImage pulled successfully\n[12:52:28] ERROR: Connection failed\n\u2717 build failed with exit code 26\n\u26a0 DEPRECATION: Feature will be removed in v3.0\nnpm notice: created a lockfile\nLoading...\n[12:52:28] INFO: Request completed\nStep 8/24: Installing dependencies\n  PASS: test_auth_login (85ms)\n[12:52:28] DEBUG: Connection pool: 1 active\nArtifact uploaded: dist.zip (41MB)\nLoading...\nnpm install: resolved 1740 packages\nWARNING: lodash has known vulnerabilities\nImage pulled successfully\nPulling image: python:latest\nStep 19/24: Testing\nEnvironment: production\n[12:52:28] DEBUG: Loading configuration\nFetching submodules...\nGET /api - 201 (2ms)\n\u26a0 DEPRECATION: Feature will be removed in v5.0\npip: Collecting lodash\nReady.\nCreating production build...\nVerifying...\n\u26a0 DEPRECATION: Feature will be removed in v5.0\nImage pulled successfully\nPOST /data - 201 (110ms)\n[12:52:28] WARN: Deprecated API usage\nDone.\n[12:52:28] INFO: Request completed\nAlready up to date.\n\u2713 All checks passed\n[12:52:28] WARN: Deprecated API usage\n  PASS: test_cache_hit (126ms)\n[12:52:28] WARN: Deprecated API usage\n[12:52:28] DEBUG: Loading configuration\nSnapshots: 38 passed, 38 total\nAlready up to date.\nSwitched to branch 'feature/task-462'\nCache hit for key-3121\n\u26a0 DEPRECATION: Feature will be removed in v4.0\nnpm notice: created a lockfile\nWaiting...\n  PASS: e2e/test_user_create.spec.js\nnpm install: resolved 515 packages\n[12:52:28] WARN: Deprecated API usage\nVerifying...\nGenerating source maps...\n[12:52:28] WARN: Deprecated API usage\nFinished.\nFetching from https://docker.io/package.json\nEnvironment: production\nHEAD is now at 9f1781c\nGET /health - 204 (98ms)\nSnapshots: 2 passed, 8 total\nProcessing...\nStep 17/20: Running migrations\nFAILED: test_cache_hit\nConnection established\nyarn add: Done in 9.1s\nConnection established\n[12:52:28] INFO: Request completed\nNODE_ENV=production\nFAILED: test_auth_login\npip install: Successfully installed prettier-1.4\n\u2717 build failed with exit code 124\n[12:52:28] INFO: Request completed\npip: Collecting lodash\nUsing Python 3.11\nTransforming 244 files...\npip: Collecting lodash\nTransforming 576 files...\n[12:52:28] INFO: Starting build process\n[12:52:28] DEBUG: Loading configuration\nUsing Python 3.9\nHEAD is now at d27b2d8\nLoading...\nImage pulled successfully\nCompleted.\nChecking out main branch\nStep 17/17: Running migrations\nUsing Python 3.9\nStep 18/25: Testing\nLayer 3/15: RUN command\n[12:52:28] DEBUG: Connection pool: 13 active\nTest Suites: 43 passed, 21 total\nFetching from https://pypi.org/package.json\n[12:52:28] DEBUG: Initializing service\nCoverage: 75% statements, 67% branches\nNODE_ENV=test\nHEAD is now at 7081982\nCompiling src/main.py...\nFAILED: test_api_health\nCreating production build...\n[12:52:28] INFO: Connecting to database\nInstalling prettier@4.0.5\nTransforming 718 files...\nDone.\nCache saved successfully\nProcessing...\nyarn add: Done in 1.81s\npip install: Successfully installed webpack-5.7\n\u2717 build failed with exit code 38\nArtifact downloaded: 32MB\n[12:52:28] INFO: Request completed\n[12:52:28] DEBUG: Memory usage: 673MB\nUsing Python 3.11\nCoverage: 73% statements, 88% branches\nGenerating source maps...\npip install: Successfully installed webpack-2.18\nFAILED: test_api_health\nCreating production build...\nFAILED: test_db_connect\nInstalling eslint@4.5.6\nCache miss for key-1982\n[12:52:28] INFO: Cache refreshed\nArtifact uploaded: dist.zip (18MB)\nArtifact uploaded: dist.zip (41MB)\nWARNING: prettier has known vulnerabilities\npip: Downloading express-4.6.tar.gz\nnpm notice: package.json updated\nBuilding Docker image...\n=== Step build completed ===\n=== Step: unit_tests ===\n\u26a0 DEPRECATION: Feature will be removed in v5.0\nProcessing...\nPulling image: alpine:18\nArtifact downloaded: 26MB\npip: Collecting webpack\nUsing Node.js 14.10.1\n[12:52:28] DEBUG: Memory usage: 526MB\nTest Suites: 16 passed, 44 total\nChecking out main branch\nCompleted.\nConnection established\nUsing Node.js 18.12.6\nCache saved successfully\nGenerating source maps...\nPushing to registry...\n[12:52:28] WARN: Deprecated API usage\nUsing Node.js 20.17.0\n[12:52:28] DEBUG: Connection pool: 17 active\nCompiling components/utils.go...\nCompleted.\nException: RuntimeError\nInstalling react@2.12.4\nPulling image: node:18\n[12:52:28] DEBUG: Loading configuration\nStep 4/16: Building\n[12:52:28] WARN: Deprecated API usage\nCreating production build...\n[12:52:28] INFO: Cache refreshed\nCache miss for key-6331\n\u2713 build completed\nTests: 427 passed, 370 total\nUploading artifact 'dist' (14 files)\nCreating production build...\nHEAD is now at 54ecec6\nLoading...\nArtifact downloaded: 15MB\nBuilding Docker image...\nSuccess!\nStep 2/19: Running migrations\nCache miss for key-5073\n\u2713 test completed\n[12:52:28] ERROR: Connection failed\npip install: Successfully installed express-1.11\n[12:52:28] DEBUG: Connection pool: 1 active\nCache saved successfully\n[12:52:28] DEBUG: Connection pool: 2 active\nProcessing...\nGET /api - 200 (42ms)\n[12:52:28] WARN: Deprecated API usage\nSuccess!\nOK\nWARNING: eslint has known vulnerabilities\n\u26a0 DEPRECATION: Feature will be removed in v4.0\nArtifact uploaded: build.tar.gz (34MB)\nCompleted.\nStep 11/19: Running migrations\n[12:52:28] DEBUG: Connection pool: 6 active\nArtifact downloaded: 25MB\nMinifying vendor.js\nHEAD is now at 94257c3\nStep 9/25: Running migrations\nCompleted.\nConnection established\nStep 5/16: Running migrations\nStep 1/21: Deploying\n[12:52:28] WARN: Deprecated API usage\npip install: Successfully installed jest-4.20\n\u26a0 DEPRECATION: Feature will be removed in v4.0\nImage pulled successfully\nCompiling utils/main.py...\n  PASS: test_db_connect (291ms)\nCoverage: 80% statements, 93% branches\nProcessing...\nCompleted.\nCompiling lib/main.py...\nArtifact uploaded: build.tar.gz (22MB)\nStep 15/17: Linting\nTime: 20.528s\nWARNING: prettier has known vulnerabilities\n\u2713 All checks passed\n[12:52:28] DEBUG: Initializing service\nWARNING: react has known vulnerabilities\nyarn add: Done in 7.67s\nnpm notice: created a lockfile\n[12:52:28] DEBUG: Memory usage: 768MB\nCompleted.\n[12:52:28] DEBUG: Query executed in 100ms\nnpm install: resolved 587 packages\nFinished.\nWARNING: react has known vulnerabilities\nSuccess!\nTime: 19.369s\nnpm install: resolved 1316 packages\n[12:52:28] WARN: Deprecated API usage\nHEAD is now at 5e0b1c9\nReady.\nCache saved successfully\nTest Suites: 16 passed, 16 total\nOptimizing 58 modules...\nReady.\nStep 17/23: Linting\nFAILED: test_db_connect\nCompiling utils/app.ts...\nConnection established\nOptimizing 56 modules...\npip: Installing build dependencies...\nConnection established\nConnection established\npip install: Successfully installed eslint-4.16\nCache miss for key-2587\nOK\nFAILED: test_db_connect\nTransforming 965 files...\nCompiling src/main.py...\nStep 12/25: Deploying\n[12:52:28] INFO: Starting build process\nTests: 158 passed, 161 total\n[12:52:28] DEBUG: Connection pool: 8 active\nLoading...\nnpm notice: created a lockfile\nCache miss for key-9020\nImage pulled successfully\nCoverage: 79% statements, 73% branches\nAlready up to date.\nnpm install: resolved 236 packages\nPushing to registry...\n=== Step unit_tests completed ===\n=== Step: lint ===\nArtifact downloaded: 12MB\nUploading artifact 'build' (49 files)\n[12:52:28] INFO: Connecting to database\n[12:52:28] DEBUG: Connection pool: 5 active\nnpm notice: package.json updated\nUsing Python 3.12\n\u2713 All checks passed\nPulling image: alpine:latest\n\u2713 Step 'checkout' succeeded\npip install: Successfully installed express-4.14\n[12:52:28] DEBUG: Loading configuration\n[12:52:28] INFO: Connecting to database\nLoading...\n[12:52:28] DEBUG: Query executed in 8ms\nEnvironment: production\npip: Collecting eslint\nStep 5/22: Linting\nStep 3/18: Deploying\nCompiling src/app.ts...\nWARNING: prettier has known vulnerabilities\nTests: 406 passed, 396 total\nHEAD is now at 7affc86\n[12:52:28] INFO: Request completed\nPOST /data - 200 (198ms)\nLoading...\npip install: Successfully installed eslint-1.0\nImage pulled successfully\npip install: Successfully installed jest-2.11\nException: ValueError\nTransforming 332 files...\nDone.\nPOST /data - 200 (96ms)\nTransforming 369 files...\nLoading...\nUsing Node.js 15.13.6\n\u2713 All checks passed\n\u2713 Task completed in 2319ms\n[12:52:28] INFO: Cache refreshed\nUploading artifact 'build' (49 files)\nAlready up to date.\nDone.\nUsing Python 3.9\n[12:52:28] INFO: Processing request\nChecking out develop branch\nCoverage: 89% statements, 83% branches\n[12:52:28] DEBUG: Query executed in 40ms\nEnvironment: staging\nyarn add: Done in 9.51s\nGET /health - 204 (92ms)\nStep 14/23: Building\nCache restored successfully (304MB)\nnpm notice: package.json updated\npip install: Successfully installed axios-2.7\nBundling runtime.css\nConnection established\nEnvironment: development\nNODE_ENV=production\nGenerating source maps...\nCompiling components/index.js...\nnpm install: added 364 packages\nDone.\n[12:52:28] INFO: Cache refreshed\nCache invalidated: node_modules\nFinished.\nFAILED: test_cache_hit\n[12:52:28] DEBUG: Query executed in 57ms\nImage pulled successfully\nPlatform: win32-x64\nEnvironment: test\nCreating production build...\nTests: 188 passed, 71 total\nnpm notice: created a lockfile\n[12:52:28] INFO: Processing request\nSwitched to branch 'hotfix/task-475'\nGET /health - 200 (100ms)\nWaiting...\nReady.\nArtifact downloaded: 5MB\nDone.\nBuilding Docker image...\nStep 2/16: Linting\nCache invalidated: dependencies\n[12:52:28] INFO: Connecting to database\n[12:52:28] DEBUG: Memory usage: 1090MB\nnpm install: added 416 packages\nVerifying...\n\u2713 deploy completed\nFetching from https://docker.io/package.json\n[12:52:28] DEBUG: Loading configuration\npip: Downloading react-5.10.tar.gz\nConnection established\n  PASS: test_api_health (81ms)\n[12:52:28] INFO: Cache refreshed\nCache saved successfully\nWaiting...\nException: RuntimeError\nBundling main.js\nReady.\nStep 6/20: Linting\nWaiting...\nEnvironment: development\n[12:52:28] WARN: Deprecated API usage\nTest Suites: 43 passed, 49 total\nnpm notice: created a lockfile\nFinished.\n\u2717 build failed with exit code 67\n[12:52:28] ERROR: Connection failed\nLayer 7/10: COPY command\nPushing to registry...\nException: ValueError\nTime: 10.28s\nBuilding Docker image...\nTLS handshake completed\n\u2713 Step 'checkout' succeeded\nCache miss for key-8003\nAlready up to date.\n[12:52:28] INFO: Request completed\npip: Downloading jest-5.6.tar.gz\nBuilding Docker image...\nPushing to registry...\nPulling image: python:3.11\nSnapshots: 6 passed, 39 total\nCompiling lib/handler.rs...\nCache saved successfully\nTransforming 908 files...\nHEAD is now at 0bd8cf6\n=== Step lint completed ===\n=== Step: checkout ===\nWARNING: lodash has known vulnerabilities\npip install: Successfully installed axios-2.20\nCompiling src/index.js...\nCache miss for key-3027\nWARNING: eslint has known vulnerabilities\n[12:52:28] INFO: Connecting to database\nGET /api - 200 (11ms)\n[12:52:28] INFO: Cache refreshed\nMinifying app.js\n[12:52:28] DEBUG: Query executed in 99ms\nMinifying app.js\nEnvironment: development\nCache miss for key-7325\nTests: 289 passed, 355 total\nTest Suites: 43 passed, 33 total\nException: ValueError\nWARNING: express has known vulnerabilities\nSwitched to branch 'bugfix/task-177'\nStep 17/16: Building\n[12:52:28] DEBUG: Query executed in 89ms\nWaiting...\nCompleted.\nCoverage: 71% statements, 87% branches\n[12:52:28] DEBUG: Initializing service\nyarn add: Done in 14.19s\nOptimizing 95 modules...\nChecking out develop branch\nCache saved successfully\nStep 10/19: Installing dependencies\nVerifying...\n[12:52:28] WARN: Deprecated API usage\nStep 16/19: Linting\n\u26a0 DEPRECATION: Feature will be removed in v2.0\nLoading...\nCache miss for key-8983\n[12:52:28] DEBUG: Initializing service\nSwitched to branch 'feature/task-758'\nHEAD is now at a9bdb11\nArtifact uploaded: dist.zip (52MB)\nyarn add: Done in 4.73s\nTime: 110.870s\nReady.\n  PASS: test_cache_hit (48ms)\n[12:52:28] INFO: Request completed\nWARNING: jest has known vulnerabilities\nCompiling src/index.js...\n\u26a0 DEPRECATION: Feature will be removed in v4.0\nSnapshots: 32 passed, 36 total\n[12:52:28] WARN: Deprecated API usage\nUploading artifact 'coverage' (34 files)\nCompiling src/app.ts...\nCache hit for key-7598\nStep 12/15: Installing dependencies\n  PASS: e2e/test_auth_login.spec.js\nCache saved successfully\nStep 11/18: Running migrations\nnpm install: added 312 packages\n[12:52:28] DEBUG: Initializing service\nArtifact uploaded: build.tar.gz (26MB)\n\u2713 All checks passed\nSnapshots: 26 passed, 42 total\nCache invalidated: node_modules\nGenerating source maps...\nPlatform: linux-x64\nEnvironment: staging\nProcessing...\nnpm notice: package.json updated\nCache miss for key-3007\nUsing Node.js 15.8.7\nUsing Python 3.10\nBuilding Docker image...\nNODE_ENV=production\nLoading...\nCoverage: 70% statements, 84% branches\nOK\npip: Collecting axios\n  PASS: test_user_create (244ms)\nFinished.\nUsing Python 3.10\nStep 2/22: Deploying\nLayer 7/14: RUN command\nBundling styles.css\nStep 14/17: Building\nStep 12/22: Running migrations\nTime: 56.622s\n[12:52:28] INFO: Cache refreshed\nCoverage: 83% statements, 87% branches\n[12:52:28] DEBUG: Memory usage: 1321MB\nOK\nCache hit for key-7179\nStep 14/17: Running migrations\nUsing Python 3.12\nCompiling src/app.ts...\nCache saved successfully\nStep 14/22: Building\nArtifact downloaded: 6MB\nTime: 105.485s\n  PASS: e2e/test_db_connect.spec.js\nException: ValueError\nStep 18/20: Installing dependencies\nStep 3/16: Installing dependencies\nUploading artifact 'build' (13 files)\nPulling image: node:18\nStep 1/25: Running migrations\nInstalling lodash@4.9.10\nWaiting...\nFetching submodules...\nHEAD is now at 3782257\nWARNING: react has known vulnerabilities\nCompleted.\nChecking out master branch\npip: Installing build dependencies...\n\u2713 build completed\n\u2713 All checks passed\nUsing Python 3.10\nFAILED: test_db_connect\nCache saved successfully\nStep 6/15: Running migrations\n  PASS: integration/test_api_health.spec.js\n\u2713 Step 'install' succeeded\nBundling vendor.js\nTransforming 163 files...\nBuilding Docker image...\nTest Suites: 41 passed, 40 total\nFetching from https://docker.io/package.json\nLayer 3/15: ENV command\n=== Step checkout completed ===\n=== Step: install_dependencies ===\nConnection established\nStep 19/22: Installing dependencies\nStep 1/19: Testing\nChecking out develop branch\nLoading...\nNODE_ENV=production\nLayer 2/10: COPY command\nCache restored successfully (468MB)\nReady.\nFetching submodules...\n[12:52:28] WARN: Deprecated API usage\nUsing Python 3.10\n[12:52:28] DEBUG: Query executed in 51ms\nnpm notice: created a lockfile\nTest Suites: 21 passed, 20 total\nCoverage: 82% statements, 75% branches\nOptimizing 33 modules...\nCoverage: 70% statements, 70% branches\n[12:52:28] WARN: Deprecated API usage\nFAILED: test_cache_hit\nOK\nFinished.\n[12:52:28] DEBUG: Initializing service\n\u2713 lint completed\nSnapshots: 30 passed, 46 total\nCompleted.\n\u2713 test completed\nFetching from https://googleapis.com/package.json\nCache miss for key-7919\nSuccess!\nCache miss for key-9410\nWARNING: express has known vulnerabilities\n[12:52:28] DEBUG: Loading configuration\nCompiling lib/app.ts...\nNODE_ENV=production\nCoverage: 81% statements, 88% branches\nLoading...\nStep 18/20: Deploying\nInstalling axios@4.15.9\nStep 6/17: Installing dependencies\nNODE_ENV=test\nSwitched to branch 'hotfix/task-636'\nCompiling components/service.java...\nTests: 200 passed, 192 total\nnpm notice: package.json updated\nArtifact uploaded: build.tar.gz (1MB)\nTest Suites: 40 passed, 13 total\nArtifact downloaded: 29MB\nConnection established\n[12:52:28] WARN: Deprecated API usage\n[12:52:28] INFO: Cache refreshed\nCache saved successfully\nTLS handshake completed\nSuccess!\n\u2713 Step 'build' succeeded\n[12:52:28] INFO: Processing request\nCache restored successfully (160MB)\nImage pulled successfully\nTLS handshake completed\nStep 17/25: Running migrations\n\u2713 deploy completed\n[12:52:28] INFO: Connecting to database\n  PASS: test_auth_login (190ms)\nArtifact uploaded: dist.zip (78MB)\nOK\nTest Suites: 8 passed, 34 total\nTest Suites: 19 passed, 38 total\nCache saved successfully\nException: NullPointerException\nTime: 51.971s\nEnvironment: development\nStep 13/18: Building\nStep 19/19: Installing dependencies\nException: NullPointerException\nnpm install: resolved 904 packages\nArtifact downloaded: 22MB\n\u2713 Task completed in 3457ms\nVerifying...\nFinished.\nGenerating source maps...\nPlatform: darwin-arm64\nCache restored successfully (498MB)\nSnapshots: 9 passed, 7 total\nUploading artifact 'dist' (44 files)\nMinifying vendor.js\n[12:52:28] INFO: Processing request\nWARNING: axios has known vulnerabilities\nCache hit for key-6981\nPushing to registry...\n[12:52:28] DEBUG: Memory usage: 1362MB\nMinifying main.js\n[12:52:28] INFO: Processing request\nLayer 4/13: RUN command\n[12:52:28] DEBUG: Memory usage: 1594MB\n[12:52:28] INFO: Request completed\nMinifying vendor.js\nUploading artifact 'coverage' (41 files)\nPOST /data - 200 (215ms)\nnpm install: resolved 1619 packages\nnpm notice: created a lockfile\nEnvironment: test\nCache miss for key-6864\nnpm install: added 189 packages\nStep 4/20: Building\n[12:52:28] DEBUG: Connection pool: 9 active\n[12:52:28] INFO: Connecting to database\nCompiling src/index.js...\n  PASS: test_db_connect (37ms)\nCompiling utils/app.ts...\n  PASS: e2e/test_user_create.spec.js\nCoverage: 93% statements, 74% branches\nDone.\nPushing to registry...\nCache miss for key-9339\nCompiling utils/main.py...\nDone.\nCompleted.\n\u2713 All checks passed\nStep 20/18: Running migrations\nCache saved successfully\nChecking out develop branch\n\u26a0 DEPRECATION: Feature will be removed in v4.0\nException: TypeError\n\u2713 package completed\nTLS handshake completed\nCompiling utils/utils.go...\n=== Step install_dependencies completed ===\n=== Step: setup_environment ===\nnpm notice: created a lockfile\n[12:52:28] INFO: Cache refreshed\nSnapshots: 7 passed, 19 total\nStep 15/22: Linting\nWARNING: express has known vulnerabilities\n\u2713 All checks passed\nTests: 330 passed, 161 total\nyarn add: Done in 10.62s\n[12:52:28] INFO: Processing request\nTransforming 702 files...\nCache restored successfully (18MB)\nTests: 136 passed, 98 total\n[12:52:28] INFO: Processing request\nImage pulled successfully\nDone.\nTLS handshake completed\n[12:52:28] INFO: Cache refreshed\nTransforming 592 files...\nFAILED: test_api_health\nWARNING: express has known vulnerabilities\nOptimizing 97 modules...\nFAILED: test_auth_login\n\u2713 package completed\n[12:52:28] WARN: Deprecated API usage\nEnvironment: test\nnpm install: added 420 packages\nTLS handshake completed\n[12:52:28] DEBUG: Initializing service\n[12:52:28] INFO: Starting build process\nCache hit for key-9563\n[12:52:28] ERROR: Connection failed\nSuccess!\nStep 16/20: Installing dependencies\nBuilding Docker image...\npip: Installing build dependencies...\nInstalling lodash@4.2.7\n[12:52:28] INFO: Starting build process\nAlready up to date.\n[12:52:28] ERROR: Connection failed\nCompleted.\n[12:52:28] INFO: Connecting to database\n\u2713 validate completed\nImage pulled successfully\npip: Downloading prettier-4.13.tar.gz\n\u2713 Task completed in 4399ms\nOptimizing 87 modules...\nFAILED: test_auth_login\nSnapshots: 28 passed, 10 total\nCache miss for key-2573\nGenerating source maps...\nOK\nMinifying main.js\nConnection established\nHEAD is now at 7f5fecd\n\u2713 build completed\nCompiling src/main.py...\nCompiling lib/app.ts...\nChecking out develop branch\n[12:52:28] DEBUG: Memory usage: 191MB\nCompiling lib/utils.go...\nnpm notice: package.json updated\nUsing Node.js 17.11.6\nTest Suites: 49 passed, 33 total\nGenerating source maps...\nWARNING: lodash has known vulnerabilities\nException: TypeError\nSnapshots: 0 passed, 30 total\nFetching submodules...\nCache restored successfully (122MB)\nLoading...\nCoverage: 85% statements, 84% branches\nEnvironment: development\nNODE_ENV=production\nCompleted.\n  PASS: test_cache_hit (28ms)\nReady.\nSuccess!\nTime: 47.462s\nUsing Python 3.12\n[12:52:28] INFO: Cache refreshed\nGET /api - 204 (69ms)\nCache miss for key-1525\nSnapshots: 25 passed, 8 total\n\u2713 All checks passed\n[12:52:28] INFO: Connecting to database\n[12:52:28] INFO: Cache refreshed\n[12:52:28] DEBUG: Initializing service\nPlatform: win32-x64\nStep 17/20: Linting\nLayer 10/9: COPY command\nOK\n  PASS: e2e/test_auth_login.spec.js\n[12:52:28] ERROR: Connection failed\nBundling main.js\n\u26a0 DEPRECATION: Feature will be removed in v2.0\nyarn add: Done in 5.20s\nnpm install: added 457 packages\nOK\nTest Suites: 30 passed, 11 total\nUsing Node.js 15.8.10\nyarn add: Done in 19.5s\n\u2713 Task completed in 1348ms\n[12:52:28] DEBUG: Initializing service\nSwitched to branch 'feature/task-854'\nUploading artifact 'dist' (7 files)\nLayer 2/14: RUN command\nPushing to registry...\nEnvironment: test\nCache invalidated: node_modules\nnpm notice: created a lockfile\npip install: Successfully installed axios-2.2\nSuccess!\n\u2713 Task completed in 4898ms\nStep 4/21: Running migrations\nLayer 7/15: COPY command\nPulling image: node:latest\nDone.\nUploading artifact 'dist' (9 files)\nyarn add: Done in 7.90s\nPulling image: python:18\nImage pulled successfully\n[12:52:28] INFO: Starting build process\nEnvironment: staging\nConnection established\nCompiling lib/app.ts...\nWaiting...\n=== Step setup_environment completed ===\n=== Step: restore_cache ===\nTests: 228 passed, 322 total\n[12:52:28] DEBUG: Memory usage: 1896MB\n\u26a0 DEPRECATION: Feature will be removed in v4.0\nWARNING: axios has known vulnerabilities\nBuilding Docker image...\nStep 11/22: Building\nException: ValueError\n[12:52:28] INFO: Starting build process\nCoverage: 87% statements, 78% branches\npip: Collecting react\n\u26a0 DEPRECATION: Feature will be removed in v3.0\nCache invalidated: build\nPushing to registry...\nnpm notice: package.json updated\n  PASS: integration/test_cache_hit.spec.js\n\u26a0 DEPRECATION: Feature will be removed in v2.0\nWaiting...\nTest Suites: 7 passed, 6 total\n[12:52:28] DEBUG: Memory usage: 1761MB\nConnection established\nMinifying app.js\nnpm notice: package.json updated\nException: RuntimeError\n  PASS: test_user_create (153ms)\nCoverage: 70% statements, 94% branches\nStep 3/23: Installing dependencies\nLayer 6/13: ENV command\nnpm notice: package.json updated\nPOST /api - 202 (383ms)\nSnapshots: 27 passed, 19 total\nSuccess!\nCompleted.\n[12:52:28] DEBUG: Query executed in 61ms\n[12:52:28] DEBUG: Loading configuration\n[12:52:28] DEBUG: Query executed in 12ms\nCache invalidated: dependencies\nSuccess!\nBuilding Docker image...\nVerifying...\nSuccess!\nCache restored successfully (401MB)\npip: Collecting express\nException: ValueError\nStep 9/16: Building\n\u2713 Step 'test' succeeded\n[12:52:28] ERROR: Connection failed\nSnapshots: 30 passed, 18 total\nInstalling lodash@3.1.8\nCache invalidated: build\n[12:52:28] INFO: Processing request\n\u2713 All checks passed\nChecking out main branch\nUploading artifact 'dist' (19 files)\nMinifying vendor.js\nStep 9/18: Running migrations\n[12:52:28] DEBUG: Query executed in 70ms\npip install: Successfully installed axios-4.10\nCache hit for key-7135\nTime: 10.927s\nStep 17/24: Building\nFetching submodules...\nTime: 53.240s\n  PASS: test_auth_login (465ms)\nSnapshots: 21 passed, 8 total\nHEAD is now at dd67942\nPushing to registry...\n[12:52:28] WARN: Deprecated API usage\n[12:52:28] DEBUG: Query executed in 95ms\n\u2717 build failed with exit code 63\n[12:52:28] INFO: Request completed\nLayer 1/8: ENV command\n  PASS: integration/test_auth_login.spec.js\nNODE_ENV=test\nWARNING: eslint has known vulnerabilities\nStep 15/20: Installing dependencies\n\u2713 deploy completed\npip: Collecting jest\nCoverage: 95% statements, 88% branches\nPOST /data - 201 (201ms)\n  PASS: test_db_connect (480ms)\n  PASS: test_api_health (13ms)\nEnvironment: production\nBundling runtime.css\n[12:52:28] INFO: Connecting to database\nUsing Node.js 20.2.5\nStep 17/19: Installing dependencies\nOK\nBundling runtime.css\nReady.\nVerifying...\nCompiling components/service.java...\nInstalling webpack@2.13.1\n[12:52:28] ERROR: Connection failed\nDone.\nCompleted.\nArtifact downloaded: 43MB\n  PASS: test_auth_login (399ms)\n[12:52:28] INFO: Starting build process\n\u26a0 DEPRECATION: Feature will be removed in v2.0\nMinifying app.js\nTests: 470 passed, 366 total\n[12:52:28] INFO: Processing request\nPulling image: node:latest\npip install: Successfully installed eslint-1.6\nRan 68 tests in 57s\nDone.\nCreating production build...\nProcessing...\nUsing Python 3.9\n  PASS: test_cache_hit (250ms)\nCompleted.\nTests: 430 passed, 368 total\nPlatform: darwin-arm64\nnpm notice: package.json updated\n[12:52:28] DEBUG: Loading configuration\n[12:52:28] DEBUG: Initializing service\nHEAD is now at c90c5f7\n[12:52:28] DEBUG: Loading configuration\nCache miss for key-5283\nCompiling components/main.py...\n[12:52:28] DEBUG: Loading configuration\n[12:52:28] DEBUG: Memory usage: 985MB\n[12:52:28] DEBUG: Memory usage: 1172MB\nMinifying vendor.js\nBundling styles.js\nUsing Node.js 20.13.9\n=== Step restore_cache completed ===\n=== Step: integration_tests ===\nPulling image: alpine:18\nLayer 5/15: ENV command\nLayer 8/11: COPY command\nAlready up to date.\nTests: 117 passed, 290 total\nCache invalidated: node_modules\nLoading...\nGenerating source maps...\nGenerating source maps...\n[12:52:28] INFO: Request completed\n\u26a0 DEPRECATION: Feature will be removed in v5.0\nCache restored successfully (52MB)\nnpm notice: package.json updated\nnpm notice: package.json updated\n[12:52:28] INFO: Connecting to database\nUsing Node.js 19.18.4\n\u2713 test completed\nVerifying...\npip: Installing build dependencies...\nArtifact downloaded: 17MB\n[12:52:28] WARN: Deprecated API usage\n[12:52:28] INFO: Cache refreshed\nArtifact downloaded: 5MB\n[12:52:28] ERROR: Connection failed\nGenerating source maps...\nCache miss for key-8617\nTransforming 775 files...\nPOST /upload - 201 (281ms)\nAlready up to date.\nCache invalidated: dependencies\nDone.\nHEAD is now at 27caf04\nArtifact downloaded: 23MB\n[12:52:28] INFO: Starting build process\n[12:52:28] DEBUG: Loading configuration\nFetching submodules...\n\u2713 Step 'install' succeeded\nHEAD is now at 01c3ce9\nConnection established\nWARNING: express has known vulnerabilities\nyarn add: Done in 15.91s\n[12:52:28] INFO: Connecting to database\nFetching from https://githubusercontent.com/package.json\n\u2713 Task completed in 1657ms\nCompleted.\nStep 4/21: Installing dependencies\nCache restored successfully (56MB)\nEnvironment: test\nHEAD is now at 2f60439\nnpm notice: package.json updated\nTransforming 502 files...\n  PASS: test_api_health (303ms)\npip: Installing build dependencies...\nCache invalidated: build\nReady.\nCompiling utils/utils.go...\nUploading artifact 'build' (4 files)\nStep 5/19: Installing dependencies\nTests: 203 passed, 146 total\nProcessing...\n[12:52:28] WARN: Deprecated API usage\nCache saved successfully\nStep 5/18: Deploying\n[12:52:28] DEBUG: Initializing service\n\u26a0 DEPRECATION: Feature will be removed in v5.0\nStep 5/18: Building\npip install: Successfully installed express-2.0\nUploading artifact 'build' (2 files)\nPlatform: darwin-arm64\nArtifact uploaded: build.tar.gz (44MB)\nCompiling lib/service.java...\nCoverage: 87% statements, 63% branches\nCache saved successfully\nCreating production build...\nUploading artifact 'dist' (1 files)\n[12:52:28] DEBUG: Query executed in 3ms\nPlatform: linux-x64\nCompiling src/handler.rs...\nGenerating source maps...\nCompiling utils/utils.go...\nCoverage: 83% statements, 62% branches\n  PASS: test_cache_hit (25ms)\nBuilding Docker image...\nStep 11/20: Linting\nMinifying vendor.js\n[12:52:28] ERROR: Connection failed\nTest Suites: 46 passed, 42 total\n[12:52:28] DEBUG: Memory usage: 149MB\n\u2717 build failed with exit code 38\nSwitched to branch 'bugfix/task-514'\nWARNING: express has known vulnerabilities\nImage pulled successfully\nStep 20/22: Testing\nWARNING: express has known vulnerabilities\nInstalling axios@3.4.8\nSwitched to branch 'feature/task-372'\nCreating production build...\n\u2717 build failed with exit code 18\nMinifying vendor.js\nLoading...\n[12:52:28] INFO: Cache refreshed\nGET /status - 200 (72ms)\nnpm notice: package.json updated\nTransforming 288 files...\nException: ValueError\nArtifact downloaded: 41MB\nStep 19/17: Running migrations\nCache miss for key-1496\nImage pulled successfully\nArtifact downloaded: 35MB\nCoverage: 77% statements, 95% branches\nnpm notice: created a lockfile\nTests: 461 passed, 392 total\nCache hit for key-8237\nMinifying main.js\nPOST /data - 200 (50ms)\n[12:52:28] INFO: Cache refreshed\nPushing to registry...\nMinifying main.js\nNODE_ENV=development\nStep 17/17: Deploying\nCache miss for key-7192\nnpm notice: created a lockfile\n\u2713 All checks passed\nImage pulled successfully\nPushing to registry...\n=== Step integration_tests completed ===\n=== Step: upload_artifacts ===\n[12:52:28] DEBUG: Initializing service\nSwitched to branch 'feature/task-372'\n\u2713 package completed\nFetching from https://docker.io/package.json\n[12:52:28] INFO: Starting build process\npip: Collecting jest\nCompleted.\nOptimizing 46 modules...\nPulling image: node:latest\nFetching submodules...\n[12:52:28] INFO: Cache refreshed\nStep 9/23: Deploying\n\u2717 build failed with exit code 55\nSwitched to branch 'hotfix/task-539'\nCompiling utils/index.js...\nnpm install: added 394 packages\nArtifact uploaded: dist.zip (26MB)\n  PASS: test_user_create (368ms)\nUploading artifact 'dist' (12 files)\nImage pulled successfully\nChecking out master branch\nBundling main.css\n[12:52:28] INFO: Starting build process\nRan 142 tests in 28s\n\u26a0 DEPRECATION: Feature will be removed in v5.0\nOptimizing 32 modules...\nnpm install: added 367 packages\nFAILED: test_db_connect\nCoverage: 90% statements, 97% branches\nHEAD is now at 9cd97aa\n[12:52:28] INFO: Cache refreshed\nPulling image: python:3.11\n\u26a0 DEPRECATION: Feature will be removed in v5.0\n[12:52:28] INFO: Processing request\npip: Installing build dependencies...\nPOST /data - 200 (450ms)\n  PASS: integration/test_auth_login.spec.js\nFetching from https://pypi.org/package.json\nCache invalidated: node_modules\n\u26a0 DEPRECATION: Feature will be removed in v2.0\n[12:52:28] INFO: Processing request\n[12:52:28] INFO: Starting build process\n[12:52:28] WARN: Deprecated API usage\nUsing Python 3.11\n\u26a0 DEPRECATION: Feature will be removed in v4.0\nHEAD is now at 5c2b2d2\nCompiling utils/utils.go...\nCreating production build...\n[12:52:28] DEBUG: Memory usage: 1065MB\n[12:52:28] INFO: Connecting to database\nPlatform: linux-x64\nFAILED: test_auth_login\n[12:52:28] DEBUG: Query executed in 43ms\nEnvironment: staging\nStep 20/23: Linting\nArtifact downloaded: 35MB\nStep 9/23: Deploying\npip install: Successfully installed lodash-2.5\nWARNING: jest has known vulnerabilities\nPulling image: node:3.11\nCompiling lib/app.ts...\nSwitched to branch 'feature/task-784'\nStep 5/19: Testing\nCreating production build...\nFetching submodules...\nInstalling react@4.7.9\nArtifact downloaded: 25MB\n[12:52:28] DEBUG: Connection pool: 17 active\nSnapshots: 16 passed, 7 total\nGET /health - 204 (55ms)\n[12:52:28] DEBUG: Memory usage: 184MB\nStep 5/18: Running migrations\nArtifact uploaded: build.tar.gz (26MB)\nSuccess!\nnpm notice: package.json updated\n\u26a0 DEPRECATION: Feature will be removed in v3.0\nStep 3/25: Linting\nTest Suites: 41 passed, 44 total\nCache hit for key-6776\nCache miss for key-4655\nCompiling src/handler.rs...\nCompiling src/app.ts...\nEnvironment: development\nWARNING: webpack has known vulnerabilities\n\u26a0 DEPRECATION: Feature will be removed in v4.0\n\u2713 Step 'checkout' succeeded\nSuccess!\nCache restored successfully (471MB)\nCache miss for key-6699\nnpm install: resolved 1683 packages\npip: Collecting lodash\nFetching submodules...\nTime: 120.572s\n[12:52:28] INFO: Request completed\n[12:52:28] DEBUG: Initializing service\nTime: 89.427s\nPulling image: node:latest\n[12:52:28] INFO: Connecting to database\nCoverage: 99% statements, 70% branches\n[12:52:28] DEBUG: Initializing service\n[12:52:28] DEBUG: Initializing service\nRan 158 tests in 25s\n[12:52:28] INFO: Processing request\nCompiling components/handler.rs...\nFinished.\n[12:52:28] DEBUG: Memory usage: 1350MB\n\u2713 test completed\nGET /health - 204 (35ms)\nDone.\nUploading artifact 'build' (45 files)\nStep 11/25: Deploying\n  PASS: integration/test_cache_hit.spec.js\nOK\nTime: 89.458s\n\u2713 Step 'checkout' succeeded\n[12:52:28] WARN: Deprecated API usage\n[12:52:28] WARN: Deprecated API usage\n[12:52:28] WARN: Deprecated API usage\n[12:52:28] INFO: Processing request\nPushing to registry...\n\u2713 Task completed in 4265ms\nStep 1/25: Linting\nBuilding Docker image...\nStep 14/17: Testing\nTLS handshake completed\n[12:52:28] INFO: Request completed\n=== Step upload_artifacts completed ===",
    "steps": [
      {
        "name": "deploy_staging",
        "status": "success",
        "started_at": "2025-11-23T12:52:28.020880",
        "finished_at": "2025-11-23T12:52:37.312559",
        "log_lines": [
          "=== Step: deploy_staging ===",
          "Waiting...",
          "npm install: resolved 992 packages",
          "Verifying...",
          "Loading...",
          "Connection established",
          "OK",
          "Using Python 3.9",
          "Environment: test",
          "\u2717 build failed with exit code 70",
          "Pulling image: python:latest",
          "pip: Downloading jest-2.9.tar.gz",
          "Switched to branch 'hotfix/task-297'",
          "[12:52:28] INFO: Processing request",
          "[12:52:28] DEBUG: Connection pool: 8 active",
          "Fetching from https://pypi.org/package.json",
          "  PASS: test_api_health (144ms)",
          "Environment: staging",
          "Step 2/15: Running migrations",
          "WARNING: express has known vulnerabilities",
          "Optimizing 37 modules...",
          "Generating source maps...",
          "POST /api - 200 (292ms)",
          "Step 15/15: Linting",
          "Optimizing 66 modules...",
          "\u2713 Step 'build' succeeded",
          "pip: Downloading axios-2.0.tar.gz",
          "\u2713 lint completed",
          "[12:52:28] DEBUG: Initializing service",
          "POST /data - 200 (210ms)",
          "\u2717 build failed with exit code 95",
          "  PASS: test_api_health (157ms)",
          "\u2713 validate completed",
          "yarn add: Done in 4.53s",
          "HEAD is now at 4cf5c85",
          "Success!",
          "Finished.",
          "npm install: resolved 1137 packages",
          "Cache hit for key-8042",
          "[12:52:28] DEBUG: Connection pool: 9 active",
          "  PASS: e2e/test_db_connect.spec.js",
          "npm install: resolved 1269 packages",
          "Minifying main.js",
          "[12:52:28] DEBUG: Loading configuration",
          "[12:52:28] DEBUG: Loading configuration",
          "[12:52:28] INFO: Starting build process",
          "Using Node.js 16.7.1",
          "Bundling runtime.css",
          "[12:52:28] DEBUG: Initializing service",
          "Pulling image: python:18",
          "Finished.",
          "Minifying main.js",
          "Finished.",
          "[12:52:28] DEBUG: Initializing service",
          "GET /health - 201 (42ms)",
          "  PASS: test_db_connect (462ms)",
          "WARNING: axios has known vulnerabilities",
          "Compiling src/index.js...",
          "Artifact uploaded: dist.zip (66MB)",
          "Artifact downloaded: 21MB",
          "Step 19/17: Installing dependencies",
          "Cache saved successfully",
          "Uploading artifact 'dist' (18 files)",
          "Completed.",
          "TLS handshake completed",
          "Loading...",
          "Using Node.js 14.12.5",
          "  PASS: test_db_connect (394ms)",
          "Cache restored successfully (96MB)",
          "npm install: resolved 945 packages",
          "WARNING: jest has known vulnerabilities",
          "Building Docker image...",
          "Snapshots: 0 passed, 10 total",
          "pip: Collecting eslint",
          "Switched to branch 'feature/task-718'",
          "WARNING: jest has known vulnerabilities",
          "OK",
          "Ready.",
          "Fetching submodules...",
          "Finished.",
          "Done.",
          "[12:52:28] DEBUG: Query executed in 73ms",
          "npm notice: package.json updated",
          "Installing eslint@1.14.9",
          "Pulling image: python:3.11",
          "Image pulled successfully",
          "Test Suites: 25 passed, 8 total",
          "Minifying vendor.js",
          "Exception: RuntimeError",
          "Step 2/17: Running migrations",
          "Artifact downloaded: 25MB",
          "Layer 3/9: COPY command",
          "Step 19/17: Deploying",
          "Waiting...",
          "Image pulled successfully",
          "Pushing to registry...",
          "Verifying...",
          "[12:52:28] WARN: Deprecated API usage",
          "Cache miss for key-7569",
          "[12:52:28] INFO: Processing request",
          "Building Docker image...",
          "[12:52:28] WARN: Deprecated API usage",
          "HEAD is now at 9f30973",
          "Ran 37 tests in 17s",
          "Snapshots: 23 passed, 38 total",
          "GET /status - 201 (45ms)",
          "[12:52:28] INFO: Request completed",
          "Bundling main.js",
          "Connection established",
          "\u2713 lint completed",
          "Cache miss for key-7686",
          "Platform: win32-x64",
          "Optimizing 61 modules...",
          "Image pulled successfully",
          "Artifact downloaded: 2MB",
          "OK",
          "Fetching submodules...",
          "Step 6/25: Installing dependencies",
          "Minifying vendor.js",
          "Environment: production",
          "Pushing to registry...",
          "[12:52:28] INFO: Starting build process",
          "Completed.",
          "[12:52:28] DEBUG: Connection pool: 7 active",
          "Ready.",
          "\u2713 package completed",
          "POST /data - 201 (253ms)",
          "=== Step deploy_staging completed ==="
        ]
      },
      {
        "name": "save_cache",
        "status": "success",
        "started_at": "2025-11-23T12:52:37.312559",
        "finished_at": "2025-11-23T12:52:42.887566",
        "log_lines": [
          "=== Step: save_cache ===",
          "Transforming 207 files...",
          "[12:52:28] INFO: Request completed",
          "Finished.",
          "NODE_ENV=production",
          "[12:52:28] INFO: Starting build process",
          "[12:52:28] WARN: Deprecated API usage",
          "[12:52:28] DEBUG: Connection pool: 11 active",
          "Cache hit for key-5537",
          "npm notice: package.json updated",
          "[12:52:28] WARN: Deprecated API usage",
          "Platform: darwin-arm64",
          "Cache miss for key-9737",
          "Connection established",
          "Step 17/25: Installing dependencies",
          "  PASS: e2e/test_cache_hit.spec.js",
          "\u2713 Task completed in 1741ms",
          "[12:52:28] WARN: Deprecated API usage",
          "Compiling components/handler.rs...",
          "\u2713 All checks passed",
          "Environment: staging",
          "Step 12/19: Building",
          "Uploading artifact 'dist' (35 files)",
          "Creating production build...",
          "Bundling runtime.css",
          "\u2717 build failed with exit code 67",
          "npm install: added 255 packages",
          "yarn add: Done in 7.64s",
          "Done.",
          "Uploading artifact 'coverage' (37 files)",
          "\u2717 build failed with exit code 85",
          "Installing jest@4.19.6",
          "yarn add: Done in 13.77s",
          "Step 3/15: Testing",
          "[12:52:28] INFO: Processing request",
          "[12:52:28] DEBUG: Memory usage: 143MB",
          "TLS handshake completed",
          "[12:52:28] DEBUG: Initializing service",
          "Success!",
          "Coverage: 88% statements, 81% branches",
          "pip: Downloading react-3.6.tar.gz",
          "[12:52:28] INFO: Request completed",
          "Cache miss for key-3741",
          "Cache invalidated: node_modules",
          "  PASS: e2e/test_api_health.spec.js",
          "Creating production build...",
          "Compiling lib/index.js...",
          "Fetching submodules...",
          "HEAD is now at 45840f6",
          "[12:52:28] DEBUG: Loading configuration",
          "[12:52:28] INFO: Starting build process",
          "Step 2/22: Testing",
          "Artifact downloaded: 32MB",
          "\u2713 Step 'checkout' succeeded",
          "HEAD is now at 55fc806",
          "Finished.",
          "Image pulled successfully",
          "Layer 2/9: RUN command",
          "[12:52:28] INFO: Connecting to database",
          "Success!",
          "Ran 129 tests in 12s",
          "Tests: 238 passed, 379 total",
          "Snapshots: 28 passed, 9 total",
          "Done.",
          "Step 14/25: Installing dependencies",
          "POST /data - 200 (245ms)",
          "npm install: resolved 1174 packages",
          "\u2717 build failed with exit code 77",
          "Fetching submodules...",
          "Installing jest@4.15.2",
          "\u2713 test completed",
          "[12:52:28] INFO: Starting build process",
          "Step 5/17: Running migrations",
          "GET /api - 201 (61ms)",
          "Using Node.js 14.20.9",
          "\u26a0 DEPRECATION: Feature will be removed in v5.0",
          "Step 1/25: Linting",
          "Creating production build...",
          "Cache saved successfully",
          "\u26a0 DEPRECATION: Feature will be removed in v4.0",
          "Bundling main.js",
          "Installing react@3.10.4",
          "Step 4/16: Linting",
          "Ran 117 tests in 14s",
          "Ready.",
          "Pushing to registry...",
          "Cache invalidated: dependencies",
          "\u2713 validate completed",
          "Pushing to registry...",
          "[12:52:28] INFO: Processing request",
          "POST /upload - 202 (11ms)",
          "Building Docker image...",
          "\u2717 build failed with exit code 21",
          "OK",
          "Step 3/24: Linting",
          "[12:52:28] DEBUG: Query executed in 20ms",
          "Using Node.js 17.19.10",
          "Tests: 324 passed, 460 total",
          "Coverage: 99% statements, 61% branches",
          "Compiling utils/service.java...",
          "Processing...",
          "Time: 13.902s",
          "Compiling src/index.js...",
          "Generating source maps...",
          "[12:52:28] INFO: Connecting to database",
          "Compiling components/index.js...",
          "OK",
          "Completed.",
          "Compiling utils/handler.rs...",
          "Uploading artifact 'coverage' (25 files)",
          "Compiling lib/index.js...",
          "\u2713 Task completed in 1762ms",
          "Coverage: 93% statements, 66% branches",
          "Step 14/20: Testing",
          "[12:52:28] DEBUG: Memory usage: 1184MB",
          "Ran 15 tests in 21s",
          "Processing...",
          "yarn add: Done in 10.70s",
          "Minifying vendor.js",
          "Pushing to registry...",
          "Installing axios@5.15.0",
          "Waiting...",
          "Cache hit for key-3775",
          "Tests: 354 passed, 353 total",
          "[12:52:28] INFO: Processing request",
          "  PASS: e2e/test_auth_login.spec.js",
          "Cache miss for key-9645",
          "=== Step save_cache completed ==="
        ]
      },
      {
        "name": "build",
        "status": "success",
        "started_at": "2025-11-23T12:52:42.887566",
        "finished_at": "2025-11-23T12:53:10.762602",
        "log_lines": [
          "=== Step: build ===",
          "npm notice: created a lockfile",
          "Coverage: 76% statements, 60% branches",
          "Image pulled successfully",
          "[12:52:28] ERROR: Connection failed",
          "\u2717 build failed with exit code 26",
          "\u26a0 DEPRECATION: Feature will be removed in v3.0",
          "npm notice: created a lockfile",
          "Loading...",
          "[12:52:28] INFO: Request completed",
          "Step 8/24: Installing dependencies",
          "  PASS: test_auth_login (85ms)",
          "[12:52:28] DEBUG: Connection pool: 1 active",
          "Artifact uploaded: dist.zip (41MB)",
          "Loading...",
          "npm install: resolved 1740 packages",
          "WARNING: lodash has known vulnerabilities",
          "Image pulled successfully",
          "Pulling image: python:latest",
          "Step 19/24: Testing",
          "Environment: production",
          "[12:52:28] DEBUG: Loading configuration",
          "Fetching submodules...",
          "GET /api - 201 (2ms)",
          "\u26a0 DEPRECATION: Feature will be removed in v5.0",
          "pip: Collecting lodash",
          "Ready.",
          "Creating production build...",
          "Verifying...",
          "\u26a0 DEPRECATION: Feature will be removed in v5.0",
          "Image pulled successfully",
          "POST /data - 201 (110ms)",
          "[12:52:28] WARN: Deprecated API usage",
          "Done.",
          "[12:52:28] INFO: Request completed",
          "Already up to date.",
          "\u2713 All checks passed",
          "[12:52:28] WARN: Deprecated API usage",
          "  PASS: test_cache_hit (126ms)",
          "[12:52:28] WARN: Deprecated API usage",
          "[12:52:28] DEBUG: Loading configuration",
          "Snapshots: 38 passed, 38 total",
          "Already up to date.",
          "Switched to branch 'feature/task-462'",
          "Cache hit for key-3121",
          "\u26a0 DEPRECATION: Feature will be removed in v4.0",
          "npm notice: created a lockfile",
          "Waiting...",
          "  PASS: e2e/test_user_create.spec.js",
          "npm install: resolved 515 packages",
          "[12:52:28] WARN: Deprecated API usage",
          "Verifying...",
          "Generating source maps...",
          "[12:52:28] WARN: Deprecated API usage",
          "Finished.",
          "Fetching from https://docker.io/package.json",
          "Environment: production",
          "HEAD is now at 9f1781c",
          "GET /health - 204 (98ms)",
          "Snapshots: 2 passed, 8 total",
          "Processing...",
          "Step 17/20: Running migrations",
          "FAILED: test_cache_hit",
          "Connection established",
          "yarn add: Done in 9.1s",
          "Connection established",
          "[12:52:28] INFO: Request completed",
          "NODE_ENV=production",
          "FAILED: test_auth_login",
          "pip install: Successfully installed prettier-1.4",
          "\u2717 build failed with exit code 124",
          "[12:52:28] INFO: Request completed",
          "pip: Collecting lodash",
          "Using Python 3.11",
          "Transforming 244 files...",
          "pip: Collecting lodash",
          "Transforming 576 files...",
          "[12:52:28] INFO: Starting build process",
          "[12:52:28] DEBUG: Loading configuration",
          "Using Python 3.9",
          "HEAD is now at d27b2d8",
          "Loading...",
          "Image pulled successfully",
          "Completed.",
          "Checking out main branch",
          "Step 17/17: Running migrations",
          "Using Python 3.9",
          "Step 18/25: Testing",
          "Layer 3/15: RUN command",
          "[12:52:28] DEBUG: Connection pool: 13 active",
          "Test Suites: 43 passed, 21 total",
          "Fetching from https://pypi.org/package.json",
          "[12:52:28] DEBUG: Initializing service",
          "Coverage: 75% statements, 67% branches",
          "NODE_ENV=test",
          "HEAD is now at 7081982",
          "Compiling src/main.py...",
          "FAILED: test_api_health",
          "Creating production build...",
          "[12:52:28] INFO: Connecting to database",
          "Installing prettier@4.0.5",
          "Transforming 718 files...",
          "Done.",
          "Cache saved successfully",
          "Processing...",
          "yarn add: Done in 1.81s",
          "pip install: Successfully installed webpack-5.7",
          "\u2717 build failed with exit code 38",
          "Artifact downloaded: 32MB",
          "[12:52:28] INFO: Request completed",
          "[12:52:28] DEBUG: Memory usage: 673MB",
          "Using Python 3.11",
          "Coverage: 73% statements, 88% branches",
          "Generating source maps...",
          "pip install: Successfully installed webpack-2.18",
          "FAILED: test_api_health",
          "Creating production build...",
          "FAILED: test_db_connect",
          "Installing eslint@4.5.6",
          "Cache miss for key-1982",
          "[12:52:28] INFO: Cache refreshed",
          "Artifact uploaded: dist.zip (18MB)",
          "Artifact uploaded: dist.zip (41MB)",
          "WARNING: prettier has known vulnerabilities",
          "pip: Downloading express-4.6.tar.gz",
          "npm notice: package.json updated",
          "Building Docker image...",
          "=== Step build completed ==="
        ]
      },
      {
        "name": "unit_tests",
        "status": "success",
        "started_at": "2025-11-23T12:53:10.762602",
        "finished_at": "2025-11-23T12:53:38.637638",
        "log_lines": [
          "=== Step: unit_tests ===",
          "\u26a0 DEPRECATION: Feature will be removed in v5.0",
          "Processing...",
          "Pulling image: alpine:18",
          "Artifact downloaded: 26MB",
          "pip: Collecting webpack",
          "Using Node.js 14.10.1",
          "[12:52:28] DEBUG: Memory usage: 526MB",
          "Test Suites: 16 passed, 44 total",
          "Checking out main branch",
          "Completed.",
          "Connection established",
          "Using Node.js 18.12.6",
          "Cache saved successfully",
          "Generating source maps...",
          "Pushing to registry...",
          "[12:52:28] WARN: Deprecated API usage",
          "Using Node.js 20.17.0",
          "[12:52:28] DEBUG: Connection pool: 17 active",
          "Compiling components/utils.go...",
          "Completed.",
          "Exception: RuntimeError",
          "Installing react@2.12.4",
          "Pulling image: node:18",
          "[12:52:28] DEBUG: Loading configuration",
          "Step 4/16: Building",
          "[12:52:28] WARN: Deprecated API usage",
          "Creating production build...",
          "[12:52:28] INFO: Cache refreshed",
          "Cache miss for key-6331",
          "\u2713 build completed",
          "Tests: 427 passed, 370 total",
          "Uploading artifact 'dist' (14 files)",
          "Creating production build...",
          "HEAD is now at 54ecec6",
          "Loading...",
          "Artifact downloaded: 15MB",
          "Building Docker image...",
          "Success!",
          "Step 2/19: Running migrations",
          "Cache miss for key-5073",
          "\u2713 test completed",
          "[12:52:28] ERROR: Connection failed",
          "pip install: Successfully installed express-1.11",
          "[12:52:28] DEBUG: Connection pool: 1 active",
          "Cache saved successfully",
          "[12:52:28] DEBUG: Connection pool: 2 active",
          "Processing...",
          "GET /api - 200 (42ms)",
          "[12:52:28] WARN: Deprecated API usage",
          "Success!",
          "OK",
          "WARNING: eslint has known vulnerabilities",
          "\u26a0 DEPRECATION: Feature will be removed in v4.0",
          "Artifact uploaded: build.tar.gz (34MB)",
          "Completed.",
          "Step 11/19: Running migrations",
          "[12:52:28] DEBUG: Connection pool: 6 active",
          "Artifact downloaded: 25MB",
          "Minifying vendor.js",
          "HEAD is now at 94257c3",
          "Step 9/25: Running migrations",
          "Completed.",
          "Connection established",
          "Step 5/16: Running migrations",
          "Step 1/21: Deploying",
          "[12:52:28] WARN: Deprecated API usage",
          "pip install: Successfully installed jest-4.20",
          "\u26a0 DEPRECATION: Feature will be removed in v4.0",
          "Image pulled successfully",
          "Compiling utils/main.py...",
          "  PASS: test_db_connect (291ms)",
          "Coverage: 80% statements, 93% branches",
          "Processing...",
          "Completed.",
          "Compiling lib/main.py...",
          "Artifact uploaded: build.tar.gz (22MB)",
          "Step 15/17: Linting",
          "Time: 20.528s",
          "WARNING: prettier has known vulnerabilities",
          "\u2713 All checks passed",
          "[12:52:28] DEBUG: Initializing service",
          "WARNING: react has known vulnerabilities",
          "yarn add: Done in 7.67s",
          "npm notice: created a lockfile",
          "[12:52:28] DEBUG: Memory usage: 768MB",
          "Completed.",
          "[12:52:28] DEBUG: Query executed in 100ms",
          "npm install: resolved 587 packages",
          "Finished.",
          "WARNING: react has known vulnerabilities",
          "Success!",
          "Time: 19.369s",
          "npm install: resolved 1316 packages",
          "[12:52:28] WARN: Deprecated API usage",
          "HEAD is now at 5e0b1c9",
          "Ready.",
          "Cache saved successfully",
          "Test Suites: 16 passed, 16 total",
          "Optimizing 58 modules...",
          "Ready.",
          "Step 17/23: Linting",
          "FAILED: test_db_connect",
          "Compiling utils/app.ts...",
          "Connection established",
          "Optimizing 56 modules...",
          "pip: Installing build dependencies...",
          "Connection established",
          "Connection established",
          "pip install: Successfully installed eslint-4.16",
          "Cache miss for key-2587",
          "OK",
          "FAILED: test_db_connect",
          "Transforming 965 files...",
          "Compiling src/main.py...",
          "Step 12/25: Deploying",
          "[12:52:28] INFO: Starting build process",
          "Tests: 158 passed, 161 total",
          "[12:52:28] DEBUG: Connection pool: 8 active",
          "Loading...",
          "npm notice: created a lockfile",
          "Cache miss for key-9020",
          "Image pulled successfully",
          "Coverage: 79% statements, 73% branches",
          "Already up to date.",
          "npm install: resolved 236 packages",
          "Pushing to registry...",
          "=== Step unit_tests completed ==="
        ]
      },
      {
        "name": "lint",
        "status": "success",
        "started_at": "2025-11-23T12:53:38.637638",
        "finished_at": "2025-11-23T12:53:47.929317",
        "log_lines": [
          "=== Step: lint ===",
          "Artifact downloaded: 12MB",
          "Uploading artifact 'build' (49 files)",
          "[12:52:28] INFO: Connecting to database",
          "[12:52:28] DEBUG: Connection pool: 5 active",
          "npm notice: package.json updated",
          "Using Python 3.12",
          "\u2713 All checks passed",
          "Pulling image: alpine:latest",
          "\u2713 Step 'checkout' succeeded",
          "pip install: Successfully installed express-4.14",
          "[12:52:28] DEBUG: Loading configuration",
          "[12:52:28] INFO: Connecting to database",
          "Loading...",
          "[12:52:28] DEBUG: Query executed in 8ms",
          "Environment: production",
          "pip: Collecting eslint",
          "Step 5/22: Linting",
          "Step 3/18: Deploying",
          "Compiling src/app.ts...",
          "WARNING: prettier has known vulnerabilities",
          "Tests: 406 passed, 396 total",
          "HEAD is now at 7affc86",
          "[12:52:28] INFO: Request completed",
          "POST /data - 200 (198ms)",
          "Loading...",
          "pip install: Successfully installed eslint-1.0",
          "Image pulled successfully",
          "pip install: Successfully installed jest-2.11",
          "Exception: ValueError",
          "Transforming 332 files...",
          "Done.",
          "POST /data - 200 (96ms)",
          "Transforming 369 files...",
          "Loading...",
          "Using Node.js 15.13.6",
          "\u2713 All checks passed",
          "\u2713 Task completed in 2319ms",
          "[12:52:28] INFO: Cache refreshed",
          "Uploading artifact 'build' (49 files)",
          "Already up to date.",
          "Done.",
          "Using Python 3.9",
          "[12:52:28] INFO: Processing request",
          "Checking out develop branch",
          "Coverage: 89% statements, 83% branches",
          "[12:52:28] DEBUG: Query executed in 40ms",
          "Environment: staging",
          "yarn add: Done in 9.51s",
          "GET /health - 204 (92ms)",
          "Step 14/23: Building",
          "Cache restored successfully (304MB)",
          "npm notice: package.json updated",
          "pip install: Successfully installed axios-2.7",
          "Bundling runtime.css",
          "Connection established",
          "Environment: development",
          "NODE_ENV=production",
          "Generating source maps...",
          "Compiling components/index.js...",
          "npm install: added 364 packages",
          "Done.",
          "[12:52:28] INFO: Cache refreshed",
          "Cache invalidated: node_modules",
          "Finished.",
          "FAILED: test_cache_hit",
          "[12:52:28] DEBUG: Query executed in 57ms",
          "Image pulled successfully",
          "Platform: win32-x64",
          "Environment: test",
          "Creating production build...",
          "Tests: 188 passed, 71 total",
          "npm notice: created a lockfile",
          "[12:52:28] INFO: Processing request",
          "Switched to branch 'hotfix/task-475'",
          "GET /health - 200 (100ms)",
          "Waiting...",
          "Ready.",
          "Artifact downloaded: 5MB",
          "Done.",
          "Building Docker image...",
          "Step 2/16: Linting",
          "Cache invalidated: dependencies",
          "[12:52:28] INFO: Connecting to database",
          "[12:52:28] DEBUG: Memory usage: 1090MB",
          "npm install: added 416 packages",
          "Verifying...",
          "\u2713 deploy completed",
          "Fetching from https://docker.io/package.json",
          "[12:52:28] DEBUG: Loading configuration",
          "pip: Downloading react-5.10.tar.gz",
          "Connection established",
          "  PASS: test_api_health (81ms)",
          "[12:52:28] INFO: Cache refreshed",
          "Cache saved successfully",
          "Waiting...",
          "Exception: RuntimeError",
          "Bundling main.js",
          "Ready.",
          "Step 6/20: Linting",
          "Waiting...",
          "Environment: development",
          "[12:52:28] WARN: Deprecated API usage",
          "Test Suites: 43 passed, 49 total",
          "npm notice: created a lockfile",
          "Finished.",
          "\u2717 build failed with exit code 67",
          "[12:52:28] ERROR: Connection failed",
          "Layer 7/10: COPY command",
          "Pushing to registry...",
          "Exception: ValueError",
          "Time: 10.28s",
          "Building Docker image...",
          "TLS handshake completed",
          "\u2713 Step 'checkout' succeeded",
          "Cache miss for key-8003",
          "Already up to date.",
          "[12:52:28] INFO: Request completed",
          "pip: Downloading jest-5.6.tar.gz",
          "Building Docker image...",
          "Pushing to registry...",
          "Pulling image: python:3.11",
          "Snapshots: 6 passed, 39 total",
          "Compiling lib/handler.rs...",
          "Cache saved successfully",
          "Transforming 908 files...",
          "HEAD is now at 0bd8cf6",
          "=== Step lint completed ==="
        ]
      },
      {
        "name": "checkout",
        "status": "success",
        "started_at": "2025-11-23T12:53:47.929317",
        "finished_at": "2025-11-23T12:53:51.645988",
        "log_lines": [
          "=== Step: checkout ===",
          "WARNING: lodash has known vulnerabilities",
          "pip install: Successfully installed axios-2.20",
          "Compiling src/index.js...",
          "Cache miss for key-3027",
          "WARNING: eslint has known vulnerabilities",
          "[12:52:28] INFO: Connecting to database",
          "GET /api - 200 (11ms)",
          "[12:52:28] INFO: Cache refreshed",
          "Minifying app.js",
          "[12:52:28] DEBUG: Query executed in 99ms",
          "Minifying app.js",
          "Environment: development",
          "Cache miss for key-7325",
          "Tests: 289 passed, 355 total",
          "Test Suites: 43 passed, 33 total",
          "Exception: ValueError",
          "WARNING: express has known vulnerabilities",
          "Switched to branch 'bugfix/task-177'",
          "Step 17/16: Building",
          "[12:52:28] DEBUG: Query executed in 89ms",
          "Waiting...",
          "Completed.",
          "Coverage: 71% statements, 87% branches",
          "[12:52:28] DEBUG: Initializing service",
          "yarn add: Done in 14.19s",
          "Optimizing 95 modules...",
          "Checking out develop branch",
          "Cache saved successfully",
          "Step 10/19: Installing dependencies",
          "Verifying...",
          "[12:52:28] WARN: Deprecated API usage",
          "Step 16/19: Linting",
          "\u26a0 DEPRECATION: Feature will be removed in v2.0",
          "Loading...",
          "Cache miss for key-8983",
          "[12:52:28] DEBUG: Initializing service",
          "Switched to branch 'feature/task-758'",
          "HEAD is now at a9bdb11",
          "Artifact uploaded: dist.zip (52MB)",
          "yarn add: Done in 4.73s",
          "Time: 110.870s",
          "Ready.",
          "  PASS: test_cache_hit (48ms)",
          "[12:52:28] INFO: Request completed",
          "WARNING: jest has known vulnerabilities",
          "Compiling src/index.js...",
          "\u26a0 DEPRECATION: Feature will be removed in v4.0",
          "Snapshots: 32 passed, 36 total",
          "[12:52:28] WARN: Deprecated API usage",
          "Uploading artifact 'coverage' (34 files)",
          "Compiling src/app.ts...",
          "Cache hit for key-7598",
          "Step 12/15: Installing dependencies",
          "  PASS: e2e/test_auth_login.spec.js",
          "Cache saved successfully",
          "Step 11/18: Running migrations",
          "npm install: added 312 packages",
          "[12:52:28] DEBUG: Initializing service",
          "Artifact uploaded: build.tar.gz (26MB)",
          "\u2713 All checks passed",
          "Snapshots: 26 passed, 42 total",
          "Cache invalidated: node_modules",
          "Generating source maps...",
          "Platform: linux-x64",
          "Environment: staging",
          "Processing...",
          "npm notice: package.json updated",
          "Cache miss for key-3007",
          "Using Node.js 15.8.7",
          "Using Python 3.10",
          "Building Docker image...",
          "NODE_ENV=production",
          "Loading...",
          "Coverage: 70% statements, 84% branches",
          "OK",
          "pip: Collecting axios",
          "  PASS: test_user_create (244ms)",
          "Finished.",
          "Using Python 3.10",
          "Step 2/22: Deploying",
          "Layer 7/14: RUN command",
          "Bundling styles.css",
          "Step 14/17: Building",
          "Step 12/22: Running migrations",
          "Time: 56.622s",
          "[12:52:28] INFO: Cache refreshed",
          "Coverage: 83% statements, 87% branches",
          "[12:52:28] DEBUG: Memory usage: 1321MB",
          "OK",
          "Cache hit for key-7179",
          "Step 14/17: Running migrations",
          "Using Python 3.12",
          "Compiling src/app.ts...",
          "Cache saved successfully",
          "Step 14/22: Building",
          "Artifact downloaded: 6MB",
          "Time: 105.485s",
          "  PASS: e2e/test_db_connect.spec.js",
          "Exception: ValueError",
          "Step 18/20: Installing dependencies",
          "Step 3/16: Installing dependencies",
          "Uploading artifact 'build' (13 files)",
          "Pulling image: node:18",
          "Step 1/25: Running migrations",
          "Installing lodash@4.9.10",
          "Waiting...",
          "Fetching submodules...",
          "HEAD is now at 3782257",
          "WARNING: react has known vulnerabilities",
          "Completed.",
          "Checking out master branch",
          "pip: Installing build dependencies...",
          "\u2713 build completed",
          "\u2713 All checks passed",
          "Using Python 3.10",
          "FAILED: test_db_connect",
          "Cache saved successfully",
          "Step 6/15: Running migrations",
          "  PASS: integration/test_api_health.spec.js",
          "\u2713 Step 'install' succeeded",
          "Bundling vendor.js",
          "Transforming 163 files...",
          "Building Docker image...",
          "Test Suites: 41 passed, 40 total",
          "Fetching from https://docker.io/package.json",
          "Layer 3/15: ENV command",
          "=== Step checkout completed ==="
        ]
      },
      {
        "name": "install_dependencies",
        "status": "success",
        "started_at": "2025-11-23T12:53:51.645988",
        "finished_at": "2025-11-23T12:54:19.521024",
        "log_lines": [
          "=== Step: install_dependencies ===",
          "Connection established",
          "Step 19/22: Installing dependencies",
          "Step 1/19: Testing",
          "Checking out develop branch",
          "Loading...",
          "NODE_ENV=production",
          "Layer 2/10: COPY command",
          "Cache restored successfully (468MB)",
          "Ready.",
          "Fetching submodules...",
          "[12:52:28] WARN: Deprecated API usage",
          "Using Python 3.10",
          "[12:52:28] DEBUG: Query executed in 51ms",
          "npm notice: created a lockfile",
          "Test Suites: 21 passed, 20 total",
          "Coverage: 82% statements, 75% branches",
          "Optimizing 33 modules...",
          "Coverage: 70% statements, 70% branches",
          "[12:52:28] WARN: Deprecated API usage",
          "FAILED: test_cache_hit",
          "OK",
          "Finished.",
          "[12:52:28] DEBUG: Initializing service",
          "\u2713 lint completed",
          "Snapshots: 30 passed, 46 total",
          "Completed.",
          "\u2713 test completed",
          "Fetching from https://googleapis.com/package.json",
          "Cache miss for key-7919",
          "Success!",
          "Cache miss for key-9410",
          "WARNING: express has known vulnerabilities",
          "[12:52:28] DEBUG: Loading configuration",
          "Compiling lib/app.ts...",
          "NODE_ENV=production",
          "Coverage: 81% statements, 88% branches",
          "Loading...",
          "Step 18/20: Deploying",
          "Installing axios@4.15.9",
          "Step 6/17: Installing dependencies",
          "NODE_ENV=test",
          "Switched to branch 'hotfix/task-636'",
          "Compiling components/service.java...",
          "Tests: 200 passed, 192 total",
          "npm notice: package.json updated",
          "Artifact uploaded: build.tar.gz (1MB)",
          "Test Suites: 40 passed, 13 total",
          "Artifact downloaded: 29MB",
          "Connection established",
          "[12:52:28] WARN: Deprecated API usage",
          "[12:52:28] INFO: Cache refreshed",
          "Cache saved successfully",
          "TLS handshake completed",
          "Success!",
          "\u2713 Step 'build' succeeded",
          "[12:52:28] INFO: Processing request",
          "Cache restored successfully (160MB)",
          "Image pulled successfully",
          "TLS handshake completed",
          "Step 17/25: Running migrations",
          "\u2713 deploy completed",
          "[12:52:28] INFO: Connecting to database",
          "  PASS: test_auth_login (190ms)",
          "Artifact uploaded: dist.zip (78MB)",
          "OK",
          "Test Suites: 8 passed, 34 total",
          "Test Suites: 19 passed, 38 total",
          "Cache saved successfully",
          "Exception: NullPointerException",
          "Time: 51.971s",
          "Environment: development",
          "Step 13/18: Building",
          "Step 19/19: Installing dependencies",
          "Exception: NullPointerException",
          "npm install: resolved 904 packages",
          "Artifact downloaded: 22MB",
          "\u2713 Task completed in 3457ms",
          "Verifying...",
          "Finished.",
          "Generating source maps...",
          "Platform: darwin-arm64",
          "Cache restored successfully (498MB)",
          "Snapshots: 9 passed, 7 total",
          "Uploading artifact 'dist' (44 files)",
          "Minifying vendor.js",
          "[12:52:28] INFO: Processing request",
          "WARNING: axios has known vulnerabilities",
          "Cache hit for key-6981",
          "Pushing to registry...",
          "[12:52:28] DEBUG: Memory usage: 1362MB",
          "Minifying main.js",
          "[12:52:28] INFO: Processing request",
          "Layer 4/13: RUN command",
          "[12:52:28] DEBUG: Memory usage: 1594MB",
          "[12:52:28] INFO: Request completed",
          "Minifying vendor.js",
          "Uploading artifact 'coverage' (41 files)",
          "POST /data - 200 (215ms)",
          "npm install: resolved 1619 packages",
          "npm notice: created a lockfile",
          "Environment: test",
          "Cache miss for key-6864",
          "npm install: added 189 packages",
          "Step 4/20: Building",
          "[12:52:28] DEBUG: Connection pool: 9 active",
          "[12:52:28] INFO: Connecting to database",
          "Compiling src/index.js...",
          "  PASS: test_db_connect (37ms)",
          "Compiling utils/app.ts...",
          "  PASS: e2e/test_user_create.spec.js",
          "Coverage: 93% statements, 74% branches",
          "Done.",
          "Pushing to registry...",
          "Cache miss for key-9339",
          "Compiling utils/main.py...",
          "Done.",
          "Completed.",
          "\u2713 All checks passed",
          "Step 20/18: Running migrations",
          "Cache saved successfully",
          "Checking out develop branch",
          "\u26a0 DEPRECATION: Feature will be removed in v4.0",
          "Exception: TypeError",
          "\u2713 package completed",
          "TLS handshake completed",
          "Compiling utils/utils.go...",
          "=== Step install_dependencies completed ==="
        ]
      },
      {
        "name": "setup_environment",
        "status": "success",
        "started_at": "2025-11-23T12:54:19.521024",
        "finished_at": "2025-11-23T12:54:28.812703",
        "log_lines": [
          "=== Step: setup_environment ===",
          "npm notice: created a lockfile",
          "[12:52:28] INFO: Cache refreshed",
          "Snapshots: 7 passed, 19 total",
          "Step 15/22: Linting",
          "WARNING: express has known vulnerabilities",
          "\u2713 All checks passed",
          "Tests: 330 passed, 161 total",
          "yarn add: Done in 10.62s",
          "[12:52:28] INFO: Processing request",
          "Transforming 702 files...",
          "Cache restored successfully (18MB)",
          "Tests: 136 passed, 98 total",
          "[12:52:28] INFO: Processing request",
          "Image pulled successfully",
          "Done.",
          "TLS handshake completed",
          "[12:52:28] INFO: Cache refreshed",
          "Transforming 592 files...",
          "FAILED: test_api_health",
          "WARNING: express has known vulnerabilities",
          "Optimizing 97 modules...",
          "FAILED: test_auth_login",
          "\u2713 package completed",
          "[12:52:28] WARN: Deprecated API usage",
          "Environment: test",
          "npm install: added 420 packages",
          "TLS handshake completed",
          "[12:52:28] DEBUG: Initializing service",
          "[12:52:28] INFO: Starting build process",
          "Cache hit for key-9563",
          "[12:52:28] ERROR: Connection failed",
          "Success!",
          "Step 16/20: Installing dependencies",
          "Building Docker image...",
          "pip: Installing build dependencies...",
          "Installing lodash@4.2.7",
          "[12:52:28] INFO: Starting build process",
          "Already up to date.",
          "[12:52:28] ERROR: Connection failed",
          "Completed.",
          "[12:52:28] INFO: Connecting to database",
          "\u2713 validate completed",
          "Image pulled successfully",
          "pip: Downloading prettier-4.13.tar.gz",
          "\u2713 Task completed in 4399ms",
          "Optimizing 87 modules...",
          "FAILED: test_auth_login",
          "Snapshots: 28 passed, 10 total",
          "Cache miss for key-2573",
          "Generating source maps...",
          "OK",
          "Minifying main.js",
          "Connection established",
          "HEAD is now at 7f5fecd",
          "\u2713 build completed",
          "Compiling src/main.py...",
          "Compiling lib/app.ts...",
          "Checking out develop branch",
          "[12:52:28] DEBUG: Memory usage: 191MB",
          "Compiling lib/utils.go...",
          "npm notice: package.json updated",
          "Using Node.js 17.11.6",
          "Test Suites: 49 passed, 33 total",
          "Generating source maps...",
          "WARNING: lodash has known vulnerabilities",
          "Exception: TypeError",
          "Snapshots: 0 passed, 30 total",
          "Fetching submodules...",
          "Cache restored successfully (122MB)",
          "Loading...",
          "Coverage: 85% statements, 84% branches",
          "Environment: development",
          "NODE_ENV=production",
          "Completed.",
          "  PASS: test_cache_hit (28ms)",
          "Ready.",
          "Success!",
          "Time: 47.462s",
          "Using Python 3.12",
          "[12:52:28] INFO: Cache refreshed",
          "GET /api - 204 (69ms)",
          "Cache miss for key-1525",
          "Snapshots: 25 passed, 8 total",
          "\u2713 All checks passed",
          "[12:52:28] INFO: Connecting to database",
          "[12:52:28] INFO: Cache refreshed",
          "[12:52:28] DEBUG: Initializing service",
          "Platform: win32-x64",
          "Step 17/20: Linting",
          "Layer 10/9: COPY command",
          "OK",
          "  PASS: e2e/test_auth_login.spec.js",
          "[12:52:28] ERROR: Connection failed",
          "Bundling main.js",
          "\u26a0 DEPRECATION: Feature will be removed in v2.0",
          "yarn add: Done in 5.20s",
          "npm install: added 457 packages",
          "OK",
          "Test Suites: 30 passed, 11 total",
          "Using Node.js 15.8.10",
          "yarn add: Done in 19.5s",
          "\u2713 Task completed in 1348ms",
          "[12:52:28] DEBUG: Initializing service",
          "Switched to branch 'feature/task-854'",
          "Uploading artifact 'dist' (7 files)",
          "Layer 2/14: RUN command",
          "Pushing to registry...",
          "Environment: test",
          "Cache invalidated: node_modules",
          "npm notice: created a lockfile",
          "pip install: Successfully installed axios-2.2",
          "Success!",
          "\u2713 Task completed in 4898ms",
          "Step 4/21: Running migrations",
          "Layer 7/15: COPY command",
          "Pulling image: node:latest",
          "Done.",
          "Uploading artifact 'dist' (9 files)",
          "yarn add: Done in 7.90s",
          "Pulling image: python:18",
          "Image pulled successfully",
          "[12:52:28] INFO: Starting build process",
          "Environment: staging",
          "Connection established",
          "Compiling lib/app.ts...",
          "Waiting...",
          "=== Step setup_environment completed ==="
        ]
      },
      {
        "name": "restore_cache",
        "status": "success",
        "started_at": "2025-11-23T12:54:28.812703",
        "finished_at": "2025-11-23T12:54:34.387710",
        "log_lines": [
          "=== Step: restore_cache ===",
          "Tests: 228 passed, 322 total",
          "[12:52:28] DEBUG: Memory usage: 1896MB",
          "\u26a0 DEPRECATION: Feature will be removed in v4.0",
          "WARNING: axios has known vulnerabilities",
          "Building Docker image...",
          "Step 11/22: Building",
          "Exception: ValueError",
          "[12:52:28] INFO: Starting build process",
          "Coverage: 87% statements, 78% branches",
          "pip: Collecting react",
          "\u26a0 DEPRECATION: Feature will be removed in v3.0",
          "Cache invalidated: build",
          "Pushing to registry...",
          "npm notice: package.json updated",
          "  PASS: integration/test_cache_hit.spec.js",
          "\u26a0 DEPRECATION: Feature will be removed in v2.0",
          "Waiting...",
          "Test Suites: 7 passed, 6 total",
          "[12:52:28] DEBUG: Memory usage: 1761MB",
          "Connection established",
          "Minifying app.js",
          "npm notice: package.json updated",
          "Exception: RuntimeError",
          "  PASS: test_user_create (153ms)",
          "Coverage: 70% statements, 94% branches",
          "Step 3/23: Installing dependencies",
          "Layer 6/13: ENV command",
          "npm notice: package.json updated",
          "POST /api - 202 (383ms)",
          "Snapshots: 27 passed, 19 total",
          "Success!",
          "Completed.",
          "[12:52:28] DEBUG: Query executed in 61ms",
          "[12:52:28] DEBUG: Loading configuration",
          "[12:52:28] DEBUG: Query executed in 12ms",
          "Cache invalidated: dependencies",
          "Success!",
          "Building Docker image...",
          "Verifying...",
          "Success!",
          "Cache restored successfully (401MB)",
          "pip: Collecting express",
          "Exception: ValueError",
          "Step 9/16: Building",
          "\u2713 Step 'test' succeeded",
          "[12:52:28] ERROR: Connection failed",
          "Snapshots: 30 passed, 18 total",
          "Installing lodash@3.1.8",
          "Cache invalidated: build",
          "[12:52:28] INFO: Processing request",
          "\u2713 All checks passed",
          "Checking out main branch",
          "Uploading artifact 'dist' (19 files)",
          "Minifying vendor.js",
          "Step 9/18: Running migrations",
          "[12:52:28] DEBUG: Query executed in 70ms",
          "pip install: Successfully installed axios-4.10",
          "Cache hit for key-7135",
          "Time: 10.927s",
          "Step 17/24: Building",
          "Fetching submodules...",
          "Time: 53.240s",
          "  PASS: test_auth_login (465ms)",
          "Snapshots: 21 passed, 8 total",
          "HEAD is now at dd67942",
          "Pushing to registry...",
          "[12:52:28] WARN: Deprecated API usage",
          "[12:52:28] DEBUG: Query executed in 95ms",
          "\u2717 build failed with exit code 63",
          "[12:52:28] INFO: Request completed",
          "Layer 1/8: ENV command",
          "  PASS: integration/test_auth_login.spec.js",
          "NODE_ENV=test",
          "WARNING: eslint has known vulnerabilities",
          "Step 15/20: Installing dependencies",
          "\u2713 deploy completed",
          "pip: Collecting jest",
          "Coverage: 95% statements, 88% branches",
          "POST /data - 201 (201ms)",
          "  PASS: test_db_connect (480ms)",
          "  PASS: test_api_health (13ms)",
          "Environment: production",
          "Bundling runtime.css",
          "[12:52:28] INFO: Connecting to database",
          "Using Node.js 20.2.5",
          "Step 17/19: Installing dependencies",
          "OK",
          "Bundling runtime.css",
          "Ready.",
          "Verifying...",
          "Compiling components/service.java...",
          "Installing webpack@2.13.1",
          "[12:52:28] ERROR: Connection failed",
          "Done.",
          "Completed.",
          "Artifact downloaded: 43MB",
          "  PASS: test_auth_login (399ms)",
          "[12:52:28] INFO: Starting build process",
          "\u26a0 DEPRECATION: Feature will be removed in v2.0",
          "Minifying app.js",
          "Tests: 470 passed, 366 total",
          "[12:52:28] INFO: Processing request",
          "Pulling image: node:latest",
          "pip install: Successfully installed eslint-1.6",
          "Ran 68 tests in 57s",
          "Done.",
          "Creating production build...",
          "Processing...",
          "Using Python 3.9",
          "  PASS: test_cache_hit (250ms)",
          "Completed.",
          "Tests: 430 passed, 368 total",
          "Platform: darwin-arm64",
          "npm notice: package.json updated",
          "[12:52:28] DEBUG: Loading configuration",
          "[12:52:28] DEBUG: Initializing service",
          "HEAD is now at c90c5f7",
          "[12:52:28] DEBUG: Loading configuration",
          "Cache miss for key-5283",
          "Compiling components/main.py...",
          "[12:52:28] DEBUG: Loading configuration",
          "[12:52:28] DEBUG: Memory usage: 985MB",
          "[12:52:28] DEBUG: Memory usage: 1172MB",
          "Minifying vendor.js",
          "Bundling styles.js",
          "Using Node.js 20.13.9",
          "=== Step restore_cache completed ==="
        ]
      },
      {
        "name": "integration_tests",
        "status": "success",
        "started_at": "2025-11-23T12:54:34.387710",
        "finished_at": "2025-11-23T12:54:52.971067",
        "log_lines": [
          "=== Step: integration_tests ===",
          "Pulling image: alpine:18",
          "Layer 5/15: ENV command",
          "Layer 8/11: COPY command",
          "Already up to date.",
          "Tests: 117 passed, 290 total",
          "Cache invalidated: node_modules",
          "Loading...",
          "Generating source maps...",
          "Generating source maps...",
          "[12:52:28] INFO: Request completed",
          "\u26a0 DEPRECATION: Feature will be removed in v5.0",
          "Cache restored successfully (52MB)",
          "npm notice: package.json updated",
          "npm notice: package.json updated",
          "[12:52:28] INFO: Connecting to database",
          "Using Node.js 19.18.4",
          "\u2713 test completed",
          "Verifying...",
          "pip: Installing build dependencies...",
          "Artifact downloaded: 17MB",
          "[12:52:28] WARN: Deprecated API usage",
          "[12:52:28] INFO: Cache refreshed",
          "Artifact downloaded: 5MB",
          "[12:52:28] ERROR: Connection failed",
          "Generating source maps...",
          "Cache miss for key-8617",
          "Transforming 775 files...",
          "POST /upload - 201 (281ms)",
          "Already up to date.",
          "Cache invalidated: dependencies",
          "Done.",
          "HEAD is now at 27caf04",
          "Artifact downloaded: 23MB",
          "[12:52:28] INFO: Starting build process",
          "[12:52:28] DEBUG: Loading configuration",
          "Fetching submodules...",
          "\u2713 Step 'install' succeeded",
          "HEAD is now at 01c3ce9",
          "Connection established",
          "WARNING: express has known vulnerabilities",
          "yarn add: Done in 15.91s",
          "[12:52:28] INFO: Connecting to database",
          "Fetching from https://githubusercontent.com/package.json",
          "\u2713 Task completed in 1657ms",
          "Completed.",
          "Step 4/21: Installing dependencies",
          "Cache restored successfully (56MB)",
          "Environment: test",
          "HEAD is now at 2f60439",
          "npm notice: package.json updated",
          "Transforming 502 files...",
          "  PASS: test_api_health (303ms)",
          "pip: Installing build dependencies...",
          "Cache invalidated: build",
          "Ready.",
          "Compiling utils/utils.go...",
          "Uploading artifact 'build' (4 files)",
          "Step 5/19: Installing dependencies",
          "Tests: 203 passed, 146 total",
          "Processing...",
          "[12:52:28] WARN: Deprecated API usage",
          "Cache saved successfully",
          "Step 5/18: Deploying",
          "[12:52:28] DEBUG: Initializing service",
          "\u26a0 DEPRECATION: Feature will be removed in v5.0",
          "Step 5/18: Building",
          "pip install: Successfully installed express-2.0",
          "Uploading artifact 'build' (2 files)",
          "Platform: darwin-arm64",
          "Artifact uploaded: build.tar.gz (44MB)",
          "Compiling lib/service.java...",
          "Coverage: 87% statements, 63% branches",
          "Cache saved successfully",
          "Creating production build...",
          "Uploading artifact 'dist' (1 files)",
          "[12:52:28] DEBUG: Query executed in 3ms",
          "Platform: linux-x64",
          "Compiling src/handler.rs...",
          "Generating source maps...",
          "Compiling utils/utils.go...",
          "Coverage: 83% statements, 62% branches",
          "  PASS: test_cache_hit (25ms)",
          "Building Docker image...",
          "Step 11/20: Linting",
          "Minifying vendor.js",
          "[12:52:28] ERROR: Connection failed",
          "Test Suites: 46 passed, 42 total",
          "[12:52:28] DEBUG: Memory usage: 149MB",
          "\u2717 build failed with exit code 38",
          "Switched to branch 'bugfix/task-514'",
          "WARNING: express has known vulnerabilities",
          "Image pulled successfully",
          "Step 20/22: Testing",
          "WARNING: express has known vulnerabilities",
          "Installing axios@3.4.8",
          "Switched to branch 'feature/task-372'",
          "Creating production build...",
          "\u2717 build failed with exit code 18",
          "Minifying vendor.js",
          "Loading...",
          "[12:52:28] INFO: Cache refreshed",
          "GET /status - 200 (72ms)",
          "npm notice: package.json updated",
          "Transforming 288 files...",
          "Exception: ValueError",
          "Artifact downloaded: 41MB",
          "Step 19/17: Running migrations",
          "Cache miss for key-1496",
          "Image pulled successfully",
          "Artifact downloaded: 35MB",
          "Coverage: 77% statements, 95% branches",
          "npm notice: created a lockfile",
          "Tests: 461 passed, 392 total",
          "Cache hit for key-8237",
          "Minifying main.js",
          "POST /data - 200 (50ms)",
          "[12:52:28] INFO: Cache refreshed",
          "Pushing to registry...",
          "Minifying main.js",
          "NODE_ENV=development",
          "Step 17/17: Deploying",
          "Cache miss for key-7192",
          "npm notice: created a lockfile",
          "\u2713 All checks passed",
          "Image pulled successfully",
          "Pushing to registry...",
          "=== Step integration_tests completed ==="
        ]
      },
      {
        "name": "upload_artifacts",
        "status": "success",
        "started_at": "2025-11-23T12:54:52.971067",
        "finished_at": "2025-11-23T12:55:02.262746",
        "log_lines": [
          "=== Step: upload_artifacts ===",
          "[12:52:28] DEBUG: Initializing service",
          "Switched to branch 'feature/task-372'",
          "\u2713 package completed",
          "Fetching from https://docker.io/package.json",
          "[12:52:28] INFO: Starting build process",
          "pip: Collecting jest",
          "Completed.",
          "Optimizing 46 modules...",
          "Pulling image: node:latest",
          "Fetching submodules...",
          "[12:52:28] INFO: Cache refreshed",
          "Step 9/23: Deploying",
          "\u2717 build failed with exit code 55",
          "Switched to branch 'hotfix/task-539'",
          "Compiling utils/index.js...",
          "npm install: added 394 packages",
          "Artifact uploaded: dist.zip (26MB)",
          "  PASS: test_user_create (368ms)",
          "Uploading artifact 'dist' (12 files)",
          "Image pulled successfully",
          "Checking out master branch",
          "Bundling main.css",
          "[12:52:28] INFO: Starting build process",
          "Ran 142 tests in 28s",
          "\u26a0 DEPRECATION: Feature will be removed in v5.0",
          "Optimizing 32 modules...",
          "npm install: added 367 packages",
          "FAILED: test_db_connect",
          "Coverage: 90% statements, 97% branches",
          "HEAD is now at 9cd97aa",
          "[12:52:28] INFO: Cache refreshed",
          "Pulling image: python:3.11",
          "\u26a0 DEPRECATION: Feature will be removed in v5.0",
          "[12:52:28] INFO: Processing request",
          "pip: Installing build dependencies...",
          "POST /data - 200 (450ms)",
          "  PASS: integration/test_auth_login.spec.js",
          "Fetching from https://pypi.org/package.json",
          "Cache invalidated: node_modules",
          "\u26a0 DEPRECATION: Feature will be removed in v2.0",
          "[12:52:28] INFO: Processing request",
          "[12:52:28] INFO: Starting build process",
          "[12:52:28] WARN: Deprecated API usage",
          "Using Python 3.11",
          "\u26a0 DEPRECATION: Feature will be removed in v4.0",
          "HEAD is now at 5c2b2d2",
          "Compiling utils/utils.go...",
          "Creating production build...",
          "[12:52:28] DEBUG: Memory usage: 1065MB",
          "[12:52:28] INFO: Connecting to database",
          "Platform: linux-x64",
          "FAILED: test_auth_login",
          "[12:52:28] DEBUG: Query executed in 43ms",
          "Environment: staging",
          "Step 20/23: Linting",
          "Artifact downloaded: 35MB",
          "Step 9/23: Deploying",
          "pip install: Successfully installed lodash-2.5",
          "WARNING: jest has known vulnerabilities",
          "Pulling image: node:3.11",
          "Compiling lib/app.ts...",
          "Switched to branch 'feature/task-784'",
          "Step 5/19: Testing",
          "Creating production build...",
          "Fetching submodules...",
          "Installing react@4.7.9",
          "Artifact downloaded: 25MB",
          "[12:52:28] DEBUG: Connection pool: 17 active",
          "Snapshots: 16 passed, 7 total",
          "GET /health - 204 (55ms)",
          "[12:52:28] DEBUG: Memory usage: 184MB",
          "Step 5/18: Running migrations",
          "Artifact uploaded: build.tar.gz (26MB)",
          "Success!",
          "npm notice: package.json updated",
          "\u26a0 DEPRECATION: Feature will be removed in v3.0",
          "Step 3/25: Linting",
          "Test Suites: 41 passed, 44 total",
          "Cache hit for key-6776",
          "Cache miss for key-4655",
          "Compiling src/handler.rs...",
          "Compiling src/app.ts...",
          "Environment: development",
          "WARNING: webpack has known vulnerabilities",
          "\u26a0 DEPRECATION: Feature will be removed in v4.0",
          "\u2713 Step 'checkout' succeeded",
          "Success!",
          "Cache restored successfully (471MB)",
          "Cache miss for key-6699",
          "npm install: resolved 1683 packages",
          "pip: Collecting lodash",
          "Fetching submodules...",
          "Time: 120.572s",
          "[12:52:28] INFO: Request completed",
          "[12:52:28] DEBUG: Initializing service",
          "Time: 89.427s",
          "Pulling image: node:latest",
          "[12:52:28] INFO: Connecting to database",
          "Coverage: 99% statements, 70% branches",
          "[12:52:28] DEBUG: Initializing service",
          "[12:52:28] DEBUG: Initializing service",
          "Ran 158 tests in 25s",
          "[12:52:28] INFO: Processing request",
          "Compiling components/handler.rs...",
          "Finished.",
          "[12:52:28] DEBUG: Memory usage: 1350MB",
          "\u2713 test completed",
          "GET /health - 204 (35ms)",
          "Done.",
          "Uploading artifact 'build' (45 files)",
          "Step 11/25: Deploying",
          "  PASS: integration/test_cache_hit.spec.js",
          "OK",
          "Time: 89.458s",
          "\u2713 Step 'checkout' succeeded",
          "[12:52:28] WARN: Deprecated API usage",
          "[12:52:28] WARN: Deprecated API usage",
          "[12:52:28] WARN: Deprecated API usage",
          "[12:52:28] INFO: Processing request",
          "Pushing to registry...",
          "\u2713 Task completed in 4265ms",
          "Step 1/25: Linting",
          "Building Docker image...",
          "Step 14/17: Testing",
          "TLS handshake completed",
          "[12:52:28] INFO: Request completed",
          "=== Step upload_artifacts completed ==="
        ]
      }
    ],
    "label": "normal"
  }
}