{
  "action": "completed",
  "workflow_run": {
    "id": 683,
    "name": "CI Pipeline",
    "head_branch": "main",
    "head_sha": "65189baac7bcb063954ede1c91e7370325a728b7",
    "status": "completed",
    "conclusion": "failure",
    "run_started_at": "2025-11-30T11:38:49.319244Z",
    "updated_at": "2025-11-30T11:41:07.267817Z"
  },
  "repository": {
    "full_name": "acme-corp/web-app",
    "name": "web-app"
  },
  "sender": {
    "login": "henry"
  },
  "_safeops_extended": {
    "raw_logs": "=== Step: checkout ===\nArtifact uploaded: build.tar.gz (31MB)\n  PASS: test_api_health (354ms)\n\u2713 test completed\nInstalling axios@3.12.0\nCache hit for key-5487\nCompiling src/index.js...\nArtifact uploaded: build.tar.gz (28MB)\nArtifact uploaded: build.tar.gz (38MB)\n  PASS: test_cache_hit (295ms)\nCache hit for key-2659\n\u2713 lint completed\n  PASS: test_cache_hit (191ms)\nArtifact uploaded: build.tar.gz (12MB)\nCompiling src/handler.rs...\nStep 10/10: Building\n\u2713 test completed\n[11:38:49] INFO: Processing request\n[11:38:49] INFO: Processing request\n  PASS: test_db_connect (336ms)\n\u26a0 DEPRECATION: Feature will be removed in v4.0\n  PASS: test_db_connect (401ms)\nStep 7/10: Building\nInstalling express@5.1.0\n\u26a0 DEPRECATION: Feature will be removed in v3.0\nStep 3/10: Building\nCompiling src/app.ts...\n  PASS: test_auth_login (319ms)\nCache hit for key-5895\nWARNING: react has known vulnerabilities\n[11:38:49] WARN: Deprecated API usage\nWARNING: jest has known vulnerabilities\nArtifact uploaded: build.tar.gz (28MB)\n\u26a0 DEPRECATION: Feature will be removed in v2.0\nStep 6/10: Building\nArtifact uploaded: build.tar.gz (49MB)\n  PASS: test_api_health (248ms)\nCache hit for key-7596\nCompiling src/main.py...\nStep 6/10: Building\nArtifact uploaded: build.tar.gz (14MB)\nStep 8/10: Building\nStep 3/10: Building\nStep 3/10: Building\n  PASS: test_db_connect (118ms)\n\u2713 test completed\n\u2713 test completed\nCache hit for key-3697\nCompiling src/utils.go...\n\u26a0 DEPRECATION: Feature will be removed in v2.0\nStep 6/10: Building\nCompiling src/index.js...\nArtifact uploaded: build.tar.gz (20MB)\nWARNING: express has known vulnerabilities\nCache hit for key-3392\nArtifact uploaded: build.tar.gz (29MB)\nArtifact uploaded: build.tar.gz (43MB)\n\u2713 build completed\nCompiling src/handler.rs...\n\u2713 test completed\nFAILED: test_user_create\n[11:38:49] INFO: Processing request\nCache hit for key-2336\n[11:38:49] ERROR: Connection failed\n  PASS: test_db_connect (369ms)\nException: NullPointerException\nArtifact uploaded: build.tar.gz (3MB)\nCache hit for key-2262\nCache hit for key-8749\n\u2713 test completed\n\u2713 test completed\n\u2713 build completed\n[11:38:49] WARN: Deprecated API usage\nInstalling lodash@2.1.0\nCache hit for key-8185\nArtifact uploaded: build.tar.gz (47MB)\n=== Step checkout completed ===\n=== Step: setup_environment ===\nInstalling lodash@2.9.0\n[11:38:49] INFO: Processing request\n\u2713 build completed\nArtifact uploaded: build.tar.gz (38MB)\nStep 7/10: Building\n\u2713 test completed\n  PASS: test_auth_login (314ms)\n\u26a0 DEPRECATION: Feature will be removed in v5.0\n  PASS: test_db_connect (257ms)\nStep 7/10: Building\nInstalling webpack@1.5.0\nInstalling axios@1.16.0\nWARNING: webpack has known vulnerabilities\n\u2713 test completed\n  PASS: test_api_health (449ms)\nException: ValueError\nArtifact uploaded: build.tar.gz (14MB)\nStep 10/10: Building\nInstalling jest@3.17.0\n[11:38:49] INFO: Processing request\nInstalling webpack@2.16.0\nCompiling src/utils.go...\nCompiling src/service.java...\nCompiling src/service.java...\nArtifact uploaded: build.tar.gz (20MB)\nInstalling express@2.1.0\n[11:38:49] INFO: Processing request\nCache hit for key-6512\n\u2713 test completed\n  PASS: test_auth_login (356ms)\nArtifact uploaded: build.tar.gz (6MB)\n\u2713 build completed\nArtifact uploaded: build.tar.gz (17MB)\nStep 10/10: Building\nStep 4/10: Building\nCompiling src/main.py...\n[11:38:49] INFO: Processing request\n  PASS: test_api_health (499ms)\n[11:38:49] INFO: Processing request\nCache hit for key-5582\nCompiling src/index.js...\nInstalling eslint@2.3.0\n[11:38:49] INFO: Processing request\n\u2713 test completed\nCompiling src/index.js...\n\u2713 build completed\n\u2713 test completed\n[11:38:49] INFO: Processing request\n[11:38:49] INFO: Processing request\n\u2713 lint completed\n[11:38:49] INFO: Processing request\nCompiling src/handler.rs...\nStep 8/10: Building\nCache hit for key-8174\n\u26a0 DEPRECATION: Feature will be removed in v3.0\n  PASS: test_cache_hit (500ms)\nCompiling src/service.java...\n\u2713 lint completed\n\u2713 lint completed\nInstalling webpack@2.16.0\n\u2713 test completed\nFAILED: test_user_create\nStep 2/10: Building\n[11:38:49] INFO: Processing request\nCompiling src/index.js...\nStep 9/10: Building\nInstalling prettier@3.1.0\n  PASS: test_db_connect (111ms)\n\u2713 test completed\nInstalling prettier@1.18.0\n\u2713 build completed\nCompiling src/utils.go...\nStep 7/10: Building\nCache hit for key-5386\n[11:38:49] INFO: Processing request\n=== Step setup_environment completed ===\n=== Step: install_dependencies ===\n[11:38:49] INFO: Processing request\nArtifact uploaded: build.tar.gz (34MB)\nArtifact uploaded: build.tar.gz (13MB)\nCache hit for key-3727\nCompiling src/utils.go...\nArtifact uploaded: build.tar.gz (3MB)\nInstalling eslint@5.4.0\nWARNING: webpack has known vulnerabilities\n  PASS: test_user_create (38ms)\nInstalling webpack@4.18.0\nCache hit for key-4112\n\u2713 test completed\n\u2713 build completed\n\u2713 build completed\n[11:38:49] INFO: Processing request\nInstalling eslint@3.14.0\nInstalling express@1.4.0\nInstalling express@2.4.0\nStep 2/10: Building\n\u26a0 DEPRECATION: Feature will be removed in v3.0\n[11:38:49] INFO: Processing request\n[11:38:49] INFO: Processing request\nInstalling axios@3.15.0\nInstalling jest@2.9.0\nCache hit for key-2895\n[11:38:49] INFO: Processing request\nCache hit for key-4688\nArtifact uploaded: build.tar.gz (47MB)\nCompiling src/app.ts...\n[11:38:49] INFO: Processing request\n\u2713 lint completed\n\u2713 build completed\nException: NullPointerException\n  PASS: test_cache_hit (384ms)\n\u2713 test completed\n[11:38:49] INFO: Processing request\nInstalling jest@3.4.0\n[11:38:49] INFO: Processing request\n\u2717 build failed with exit code 103\n  PASS: test_api_health (209ms)\nCompiling src/index.js...\n\u26a0 DEPRECATION: Feature will be removed in v2.0\nArtifact uploaded: build.tar.gz (19MB)\n\u26a0 DEPRECATION: Feature will be removed in v2.0\nArtifact uploaded: build.tar.gz (1MB)\nArtifact uploaded: build.tar.gz (37MB)\nException: NullPointerException\nCompiling src/app.ts...\nCompiling src/app.ts...\n  PASS: test_db_connect (410ms)\n[11:38:49] INFO: Processing request\n  PASS: test_api_health (51ms)\n\u26a0 DEPRECATION: Feature will be removed in v5.0\n\u2713 lint completed\nInstalling express@1.9.0\nArtifact uploaded: build.tar.gz (27MB)\n\u2713 build completed\nCache hit for key-8261\n\u2713 test completed\nArtifact uploaded: build.tar.gz (3MB)\n\u26a0 DEPRECATION: Feature will be removed in v5.0\nCompiling src/service.java...\n  PASS: test_auth_login (13ms)\nArtifact uploaded: build.tar.gz (23MB)\n[11:38:49] WARN: Deprecated API usage\nCache hit for key-2841\n\u2717 build failed with exit code 88\n  PASS: test_cache_hit (306ms)\nInstalling express@3.10.0\n[11:38:49] INFO: Processing request\nInstalling react@4.6.0\n\u2713 test completed\n\u2713 lint completed\nCache hit for key-9594\nInstalling eslint@1.15.0\n=== Step install_dependencies completed ===\n=== Step: run_tests ===\nCompiling src/utils.go...\n\u2713 lint completed\n\u2713 test completed\nCache hit for key-5661\n\u2713 lint completed\nCompiling src/service.java...\nFAILED: test_user_create\n\u2713 build completed\n[11:38:49] INFO: Processing request\nCache hit for key-7792\nInstalling express@2.12.0\nCache hit for key-5706\nCache hit for key-5772\nCompiling src/main.py...\n\u2713 lint completed\n\u2713 test completed\nStep 1/10: Building\n[11:38:49] WARN: Deprecated API usage\nWARNING: lodash has known vulnerabilities\n\u2713 lint completed\nCache hit for key-9526\nArtifact uploaded: build.tar.gz (11MB)\n[11:38:49] INFO: Processing request\n[11:38:49] INFO: Processing request\nInstalling webpack@1.18.0\nArtifact uploaded: build.tar.gz (32MB)\n  PASS: test_cache_hit (99ms)\nInstalling express@1.20.0\nCompiling src/app.ts...\nInstalling prettier@5.19.0\nArtifact uploaded: build.tar.gz (47MB)\nArtifact uploaded: build.tar.gz (43MB)\nWARNING: prettier has known vulnerabilities\nInstalling prettier@1.10.0\nCache hit for key-4914\nArtifact uploaded: build.tar.gz (2MB)\n  PASS: test_auth_login (248ms)\n[11:38:49] INFO: Processing request\nArtifact uploaded: build.tar.gz (2MB)\n[11:38:49] INFO: Processing request\nCache hit for key-3837\nCompiling src/utils.go...\nStep 1/10: Building\nInstalling express@5.0.0\nArtifact uploaded: build.tar.gz (18MB)\nCache hit for key-1354\n\u2713 test completed\n\u2713 test completed\nArtifact uploaded: build.tar.gz (50MB)\nException: NullPointerException\nCompiling src/utils.go...\n\u2713 lint completed\n\u2717 build failed with exit code 74\nArtifact uploaded: build.tar.gz (34MB)\nStep 1/10: Building\nArtifact uploaded: build.tar.gz (44MB)\n[11:38:49] INFO: Processing request\n\u2713 lint completed\nCompiling src/service.java...\nStep 6/10: Building\n\u2713 lint completed\nStep 2/10: Building\n  PASS: test_api_health (357ms)\n[11:38:49] INFO: Processing request\n[11:38:49] WARN: Deprecated API usage\n[11:38:49] INFO: Processing request\n\u2713 build completed\nArtifact uploaded: build.tar.gz (43MB)\n\u2713 test completed\n[11:38:49] INFO: Processing request\nInstalling lodash@3.11.0\nCompiling src/handler.rs...\n\u2713 lint completed\n\u26a0 DEPRECATION: Feature will be removed in v5.0\n\u2713 build completed\n=== Step run_tests completed ===\n=== Step: build_artifact ===\nCache hit for key-4109\n[11:38:49] INFO: Processing request\n[11:38:49] ERROR: Connection failed\n\u2713 test completed\n\u2713 test completed\nArtifact uploaded: build.tar.gz (17MB)\nInstalling axios@5.8.0\n\u2713 test completed\n[11:38:49] INFO: Processing request\nArtifact uploaded: build.tar.gz (19MB)\nArtifact uploaded: build.tar.gz (49MB)\n[11:38:49] INFO: Processing request\nCompiling src/service.java...\n  PASS: test_api_health (474ms)\nCompiling src/utils.go...\n\u2713 build completed\n\u2713 build completed\n[11:38:49] INFO: Processing request\nStep 6/10: Building\n  PASS: test_cache_hit (441ms)\n  PASS: test_auth_login (93ms)\n[11:38:49] WARN: Deprecated API usage\nArtifact uploaded: build.tar.gz (15MB)\nCompiling src/service.java...\nStep 2/10: Building\n\u2713 test completed\nInstalling axios@5.17.0\nInstalling jest@3.20.0\nInstalling react@4.16.0\n  PASS: test_db_connect (193ms)\nInstalling jest@1.14.0\nArtifact uploaded: build.tar.gz (27MB)\nCompiling src/handler.rs...\n  PASS: test_auth_login (113ms)\nInstalling axios@1.16.0\nCache hit for key-2194\nArtifact uploaded: build.tar.gz (5MB)\nArtifact uploaded: build.tar.gz (9MB)\nStep 8/10: Building\n\u2713 lint completed\n\u2713 lint completed\nStep 10/10: Building\n  PASS: test_cache_hit (20ms)\n  PASS: test_auth_login (225ms)\nStep 5/10: Building\nWARNING: jest has known vulnerabilities\nStep 7/10: Building\nCompiling src/app.ts...\n\u2713 test completed\n  PASS: test_auth_login (149ms)\nInstalling react@5.0.0\n[11:38:49] INFO: Processing request\nCache hit for key-6597\nCompiling src/handler.rs...\n\u2713 lint completed\n\u2713 lint completed\nStep 7/10: Building\nStep 1/10: Building\nCache hit for key-1458\nArtifact uploaded: build.tar.gz (11MB)\nCompiling src/index.js...\n\u2713 build completed\nCompiling src/app.ts...\nStep 1/10: Building\n\u2713 build completed\nArtifact uploaded: build.tar.gz (8MB)\nStep 4/10: Building\nCompiling src/utils.go...\n[11:38:49] INFO: Processing request\n\u26a0 DEPRECATION: Feature will be removed in v3.0\nCompiling src/utils.go...\n  PASS: test_cache_hit (31ms)\n\u2713 lint completed\nStep 2/10: Building\nStep 9/10: Building\n=== Step build_artifact completed ===\n=== Step: deploy ===\n\u2713 lint completed\nArtifact uploaded: build.tar.gz (25MB)\n\u2713 test completed\nInstalling express@5.1.0\nInstalling lodash@4.15.0\n\u2713 build completed\n[11:38:49] INFO: Processing request\n  PASS: test_cache_hit (250ms)\n\u2713 lint completed\nCache hit for key-2427\nCache hit for key-8299\nWARNING: eslint has known vulnerabilities\nInstalling webpack@3.19.0\nCompiling src/main.py...\nCompiling src/index.js...\nCompiling src/handler.rs...\nInstalling lodash@4.2.0\n[11:38:49] INFO: Processing request\n  PASS: test_api_health (382ms)\nStep 1/10: Building\nCache hit for key-2182\n\u2713 lint completed\nArtifact uploaded: build.tar.gz (18MB)\n\u2713 build completed\nCache hit for key-8222\nInstalling eslint@5.14.0\nCompiling src/utils.go...\nCompiling src/app.ts...\n\u2713 build completed\nCompiling src/handler.rs...\nInstalling eslint@5.1.0\n[11:38:49] INFO: Processing request\n[11:38:49] INFO: Processing request\nCache hit for key-2306\nCache hit for key-2483\n  PASS: test_cache_hit (304ms)\n[11:38:49] INFO: Processing request\nCompiling src/utils.go...\nCompiling src/handler.rs...\n  PASS: test_auth_login (185ms)\n\u26a0 DEPRECATION: Feature will be removed in v3.0\nCache hit for key-1057\n\u2713 lint completed\nInstalling webpack@4.0.0\n  PASS: test_api_health (382ms)\n  PASS: test_cache_hit (318ms)\nCompiling src/service.java...\nCache hit for key-9314\n[11:38:49] INFO: Processing request\nArtifact uploaded: build.tar.gz (43MB)\nCache hit for key-4291\nCache hit for key-4608\nStep 3/10: Building\nInstalling jest@4.20.0\nStep 4/10: Building\nStep 4/10: Building\n\u26a0 DEPRECATION: Feature will be removed in v4.0\nCache hit for key-2823\nInstalling axios@4.0.0\nException: NullPointerException\n  PASS: test_api_health (88ms)\n  PASS: test_cache_hit (329ms)\nInstalling jest@3.18.0\nCompiling src/app.ts...\nInstalling eslint@1.9.0\n  PASS: test_user_create (23ms)\n\u2713 lint completed\n[11:38:49] INFO: Processing request\nCompiling src/main.py...\nArtifact uploaded: build.tar.gz (14MB)\n  PASS: test_db_connect (198ms)\n\u2713 lint completed\nArtifact uploaded: build.tar.gz (10MB)\n[11:38:49] INFO: Processing request\nArtifact uploaded: build.tar.gz (48MB)\n=== Step deploy completed ===",
    "steps": [
      {
        "name": "checkout",
        "status": "success",
        "started_at": "2025-11-30T11:38:49.319244",
        "finished_at": "2025-11-30T11:38:56.216673",
        "log_lines": [
          "=== Step: checkout ===",
          "Artifact uploaded: build.tar.gz (31MB)",
          "  PASS: test_api_health (354ms)",
          "\u2713 test completed",
          "Installing axios@3.12.0",
          "Cache hit for key-5487",
          "Compiling src/index.js...",
          "Artifact uploaded: build.tar.gz (28MB)",
          "Artifact uploaded: build.tar.gz (38MB)",
          "  PASS: test_cache_hit (295ms)",
          "Cache hit for key-2659",
          "\u2713 lint completed",
          "  PASS: test_cache_hit (191ms)",
          "Artifact uploaded: build.tar.gz (12MB)",
          "Compiling src/handler.rs...",
          "Step 10/10: Building",
          "\u2713 test completed",
          "[11:38:49] INFO: Processing request",
          "[11:38:49] INFO: Processing request",
          "  PASS: test_db_connect (336ms)",
          "\u26a0 DEPRECATION: Feature will be removed in v4.0",
          "  PASS: test_db_connect (401ms)",
          "Step 7/10: Building",
          "Installing express@5.1.0",
          "\u26a0 DEPRECATION: Feature will be removed in v3.0",
          "Step 3/10: Building",
          "Compiling src/app.ts...",
          "  PASS: test_auth_login (319ms)",
          "Cache hit for key-5895",
          "WARNING: react has known vulnerabilities",
          "[11:38:49] WARN: Deprecated API usage",
          "WARNING: jest has known vulnerabilities",
          "Artifact uploaded: build.tar.gz (28MB)",
          "\u26a0 DEPRECATION: Feature will be removed in v2.0",
          "Step 6/10: Building",
          "Artifact uploaded: build.tar.gz (49MB)",
          "  PASS: test_api_health (248ms)",
          "Cache hit for key-7596",
          "Compiling src/main.py...",
          "Step 6/10: Building",
          "Artifact uploaded: build.tar.gz (14MB)",
          "Step 8/10: Building",
          "Step 3/10: Building",
          "Step 3/10: Building",
          "  PASS: test_db_connect (118ms)",
          "\u2713 test completed",
          "\u2713 test completed",
          "Cache hit for key-3697",
          "Compiling src/utils.go...",
          "\u26a0 DEPRECATION: Feature will be removed in v2.0",
          "Step 6/10: Building",
          "Compiling src/index.js...",
          "Artifact uploaded: build.tar.gz (20MB)",
          "WARNING: express has known vulnerabilities",
          "Cache hit for key-3392",
          "Artifact uploaded: build.tar.gz (29MB)",
          "Artifact uploaded: build.tar.gz (43MB)",
          "\u2713 build completed",
          "Compiling src/handler.rs...",
          "\u2713 test completed",
          "FAILED: test_user_create",
          "[11:38:49] INFO: Processing request",
          "Cache hit for key-2336",
          "[11:38:49] ERROR: Connection failed",
          "  PASS: test_db_connect (369ms)",
          "Exception: NullPointerException",
          "Artifact uploaded: build.tar.gz (3MB)",
          "Cache hit for key-2262",
          "Cache hit for key-8749",
          "\u2713 test completed",
          "\u2713 test completed",
          "\u2713 build completed",
          "[11:38:49] WARN: Deprecated API usage",
          "Installing lodash@2.1.0",
          "Cache hit for key-8185",
          "Artifact uploaded: build.tar.gz (47MB)",
          "=== Step checkout completed ==="
        ]
      },
      {
        "name": "setup_environment",
        "status": "success",
        "started_at": "2025-11-30T11:38:56.216673",
        "finished_at": "2025-11-30T11:39:10.011530",
        "log_lines": [
          "=== Step: setup_environment ===",
          "Installing lodash@2.9.0",
          "[11:38:49] INFO: Processing request",
          "\u2713 build completed",
          "Artifact uploaded: build.tar.gz (38MB)",
          "Step 7/10: Building",
          "\u2713 test completed",
          "  PASS: test_auth_login (314ms)",
          "\u26a0 DEPRECATION: Feature will be removed in v5.0",
          "  PASS: test_db_connect (257ms)",
          "Step 7/10: Building",
          "Installing webpack@1.5.0",
          "Installing axios@1.16.0",
          "WARNING: webpack has known vulnerabilities",
          "\u2713 test completed",
          "  PASS: test_api_health (449ms)",
          "Exception: ValueError",
          "Artifact uploaded: build.tar.gz (14MB)",
          "Step 10/10: Building",
          "Installing jest@3.17.0",
          "[11:38:49] INFO: Processing request",
          "Installing webpack@2.16.0",
          "Compiling src/utils.go...",
          "Compiling src/service.java...",
          "Compiling src/service.java...",
          "Artifact uploaded: build.tar.gz (20MB)",
          "Installing express@2.1.0",
          "[11:38:49] INFO: Processing request",
          "Cache hit for key-6512",
          "\u2713 test completed",
          "  PASS: test_auth_login (356ms)",
          "Artifact uploaded: build.tar.gz (6MB)",
          "\u2713 build completed",
          "Artifact uploaded: build.tar.gz (17MB)",
          "Step 10/10: Building",
          "Step 4/10: Building",
          "Compiling src/main.py...",
          "[11:38:49] INFO: Processing request",
          "  PASS: test_api_health (499ms)",
          "[11:38:49] INFO: Processing request",
          "Cache hit for key-5582",
          "Compiling src/index.js...",
          "Installing eslint@2.3.0",
          "[11:38:49] INFO: Processing request",
          "\u2713 test completed",
          "Compiling src/index.js...",
          "\u2713 build completed",
          "\u2713 test completed",
          "[11:38:49] INFO: Processing request",
          "[11:38:49] INFO: Processing request",
          "\u2713 lint completed",
          "[11:38:49] INFO: Processing request",
          "Compiling src/handler.rs...",
          "Step 8/10: Building",
          "Cache hit for key-8174",
          "\u26a0 DEPRECATION: Feature will be removed in v3.0",
          "  PASS: test_cache_hit (500ms)",
          "Compiling src/service.java...",
          "\u2713 lint completed",
          "\u2713 lint completed",
          "Installing webpack@2.16.0",
          "\u2713 test completed",
          "FAILED: test_user_create",
          "Step 2/10: Building",
          "[11:38:49] INFO: Processing request",
          "Compiling src/index.js...",
          "Step 9/10: Building",
          "Installing prettier@3.1.0",
          "  PASS: test_db_connect (111ms)",
          "\u2713 test completed",
          "Installing prettier@1.18.0",
          "\u2713 build completed",
          "Compiling src/utils.go...",
          "Step 7/10: Building",
          "Cache hit for key-5386",
          "[11:38:49] INFO: Processing request",
          "=== Step setup_environment completed ==="
        ]
      },
      {
        "name": "install_dependencies",
        "status": "success",
        "started_at": "2025-11-30T11:39:10.011530",
        "finished_at": "2025-11-30T11:39:37.601245",
        "log_lines": [
          "=== Step: install_dependencies ===",
          "[11:38:49] INFO: Processing request",
          "Artifact uploaded: build.tar.gz (34MB)",
          "Artifact uploaded: build.tar.gz (13MB)",
          "Cache hit for key-3727",
          "Compiling src/utils.go...",
          "Artifact uploaded: build.tar.gz (3MB)",
          "Installing eslint@5.4.0",
          "WARNING: webpack has known vulnerabilities",
          "  PASS: test_user_create (38ms)",
          "Installing webpack@4.18.0",
          "Cache hit for key-4112",
          "\u2713 test completed",
          "\u2713 build completed",
          "\u2713 build completed",
          "[11:38:49] INFO: Processing request",
          "Installing eslint@3.14.0",
          "Installing express@1.4.0",
          "Installing express@2.4.0",
          "Step 2/10: Building",
          "\u26a0 DEPRECATION: Feature will be removed in v3.0",
          "[11:38:49] INFO: Processing request",
          "[11:38:49] INFO: Processing request",
          "Installing axios@3.15.0",
          "Installing jest@2.9.0",
          "Cache hit for key-2895",
          "[11:38:49] INFO: Processing request",
          "Cache hit for key-4688",
          "Artifact uploaded: build.tar.gz (47MB)",
          "Compiling src/app.ts...",
          "[11:38:49] INFO: Processing request",
          "\u2713 lint completed",
          "\u2713 build completed",
          "Exception: NullPointerException",
          "  PASS: test_cache_hit (384ms)",
          "\u2713 test completed",
          "[11:38:49] INFO: Processing request",
          "Installing jest@3.4.0",
          "[11:38:49] INFO: Processing request",
          "\u2717 build failed with exit code 103",
          "  PASS: test_api_health (209ms)",
          "Compiling src/index.js...",
          "\u26a0 DEPRECATION: Feature will be removed in v2.0",
          "Artifact uploaded: build.tar.gz (19MB)",
          "\u26a0 DEPRECATION: Feature will be removed in v2.0",
          "Artifact uploaded: build.tar.gz (1MB)",
          "Artifact uploaded: build.tar.gz (37MB)",
          "Exception: NullPointerException",
          "Compiling src/app.ts...",
          "Compiling src/app.ts...",
          "  PASS: test_db_connect (410ms)",
          "[11:38:49] INFO: Processing request",
          "  PASS: test_api_health (51ms)",
          "\u26a0 DEPRECATION: Feature will be removed in v5.0",
          "\u2713 lint completed",
          "Installing express@1.9.0",
          "Artifact uploaded: build.tar.gz (27MB)",
          "\u2713 build completed",
          "Cache hit for key-8261",
          "\u2713 test completed",
          "Artifact uploaded: build.tar.gz (3MB)",
          "\u26a0 DEPRECATION: Feature will be removed in v5.0",
          "Compiling src/service.java...",
          "  PASS: test_auth_login (13ms)",
          "Artifact uploaded: build.tar.gz (23MB)",
          "[11:38:49] WARN: Deprecated API usage",
          "Cache hit for key-2841",
          "\u2717 build failed with exit code 88",
          "  PASS: test_cache_hit (306ms)",
          "Installing express@3.10.0",
          "[11:38:49] INFO: Processing request",
          "Installing react@4.6.0",
          "\u2713 test completed",
          "\u2713 lint completed",
          "Cache hit for key-9594",
          "Installing eslint@1.15.0",
          "=== Step install_dependencies completed ==="
        ]
      },
      {
        "name": "run_tests",
        "status": "success",
        "started_at": "2025-11-30T11:39:37.601245",
        "finished_at": "2025-11-30T11:40:25.883245",
        "log_lines": [
          "=== Step: run_tests ===",
          "Compiling src/utils.go...",
          "\u2713 lint completed",
          "\u2713 test completed",
          "Cache hit for key-5661",
          "\u2713 lint completed",
          "Compiling src/service.java...",
          "FAILED: test_user_create",
          "\u2713 build completed",
          "[11:38:49] INFO: Processing request",
          "Cache hit for key-7792",
          "Installing express@2.12.0",
          "Cache hit for key-5706",
          "Cache hit for key-5772",
          "Compiling src/main.py...",
          "\u2713 lint completed",
          "\u2713 test completed",
          "Step 1/10: Building",
          "[11:38:49] WARN: Deprecated API usage",
          "WARNING: lodash has known vulnerabilities",
          "\u2713 lint completed",
          "Cache hit for key-9526",
          "Artifact uploaded: build.tar.gz (11MB)",
          "[11:38:49] INFO: Processing request",
          "[11:38:49] INFO: Processing request",
          "Installing webpack@1.18.0",
          "Artifact uploaded: build.tar.gz (32MB)",
          "  PASS: test_cache_hit (99ms)",
          "Installing express@1.20.0",
          "Compiling src/app.ts...",
          "Installing prettier@5.19.0",
          "Artifact uploaded: build.tar.gz (47MB)",
          "Artifact uploaded: build.tar.gz (43MB)",
          "WARNING: prettier has known vulnerabilities",
          "Installing prettier@1.10.0",
          "Cache hit for key-4914",
          "Artifact uploaded: build.tar.gz (2MB)",
          "  PASS: test_auth_login (248ms)",
          "[11:38:49] INFO: Processing request",
          "Artifact uploaded: build.tar.gz (2MB)",
          "[11:38:49] INFO: Processing request",
          "Cache hit for key-3837",
          "Compiling src/utils.go...",
          "Step 1/10: Building",
          "Installing express@5.0.0",
          "Artifact uploaded: build.tar.gz (18MB)",
          "Cache hit for key-1354",
          "\u2713 test completed",
          "\u2713 test completed",
          "Artifact uploaded: build.tar.gz (50MB)",
          "Exception: NullPointerException",
          "Compiling src/utils.go...",
          "\u2713 lint completed",
          "\u2717 build failed with exit code 74",
          "Artifact uploaded: build.tar.gz (34MB)",
          "Step 1/10: Building",
          "Artifact uploaded: build.tar.gz (44MB)",
          "[11:38:49] INFO: Processing request",
          "\u2713 lint completed",
          "Compiling src/service.java...",
          "Step 6/10: Building",
          "\u2713 lint completed",
          "Step 2/10: Building",
          "  PASS: test_api_health (357ms)",
          "[11:38:49] INFO: Processing request",
          "[11:38:49] WARN: Deprecated API usage",
          "[11:38:49] INFO: Processing request",
          "\u2713 build completed",
          "Artifact uploaded: build.tar.gz (43MB)",
          "\u2713 test completed",
          "[11:38:49] INFO: Processing request",
          "Installing lodash@3.11.0",
          "Compiling src/handler.rs...",
          "\u2713 lint completed",
          "\u26a0 DEPRECATION: Feature will be removed in v5.0",
          "\u2713 build completed",
          "=== Step run_tests completed ==="
        ]
      },
      {
        "name": "build_artifact",
        "status": "success",
        "started_at": "2025-11-30T11:40:25.883245",
        "finished_at": "2025-11-30T11:40:53.472960",
        "log_lines": [
          "=== Step: build_artifact ===",
          "Cache hit for key-4109",
          "[11:38:49] INFO: Processing request",
          "[11:38:49] ERROR: Connection failed",
          "\u2713 test completed",
          "\u2713 test completed",
          "Artifact uploaded: build.tar.gz (17MB)",
          "Installing axios@5.8.0",
          "\u2713 test completed",
          "[11:38:49] INFO: Processing request",
          "Artifact uploaded: build.tar.gz (19MB)",
          "Artifact uploaded: build.tar.gz (49MB)",
          "[11:38:49] INFO: Processing request",
          "Compiling src/service.java...",
          "  PASS: test_api_health (474ms)",
          "Compiling src/utils.go...",
          "\u2713 build completed",
          "\u2713 build completed",
          "[11:38:49] INFO: Processing request",
          "Step 6/10: Building",
          "  PASS: test_cache_hit (441ms)",
          "  PASS: test_auth_login (93ms)",
          "[11:38:49] WARN: Deprecated API usage",
          "Artifact uploaded: build.tar.gz (15MB)",
          "Compiling src/service.java...",
          "Step 2/10: Building",
          "\u2713 test completed",
          "Installing axios@5.17.0",
          "Installing jest@3.20.0",
          "Installing react@4.16.0",
          "  PASS: test_db_connect (193ms)",
          "Installing jest@1.14.0",
          "Artifact uploaded: build.tar.gz (27MB)",
          "Compiling src/handler.rs...",
          "  PASS: test_auth_login (113ms)",
          "Installing axios@1.16.0",
          "Cache hit for key-2194",
          "Artifact uploaded: build.tar.gz (5MB)",
          "Artifact uploaded: build.tar.gz (9MB)",
          "Step 8/10: Building",
          "\u2713 lint completed",
          "\u2713 lint completed",
          "Step 10/10: Building",
          "  PASS: test_cache_hit (20ms)",
          "  PASS: test_auth_login (225ms)",
          "Step 5/10: Building",
          "WARNING: jest has known vulnerabilities",
          "Step 7/10: Building",
          "Compiling src/app.ts...",
          "\u2713 test completed",
          "  PASS: test_auth_login (149ms)",
          "Installing react@5.0.0",
          "[11:38:49] INFO: Processing request",
          "Cache hit for key-6597",
          "Compiling src/handler.rs...",
          "\u2713 lint completed",
          "\u2713 lint completed",
          "Step 7/10: Building",
          "Step 1/10: Building",
          "Cache hit for key-1458",
          "Artifact uploaded: build.tar.gz (11MB)",
          "Compiling src/index.js...",
          "\u2713 build completed",
          "Compiling src/app.ts...",
          "Step 1/10: Building",
          "\u2713 build completed",
          "Artifact uploaded: build.tar.gz (8MB)",
          "Step 4/10: Building",
          "Compiling src/utils.go...",
          "[11:38:49] INFO: Processing request",
          "\u26a0 DEPRECATION: Feature will be removed in v3.0",
          "Compiling src/utils.go...",
          "  PASS: test_cache_hit (31ms)",
          "\u2713 lint completed",
          "Step 2/10: Building",
          "Step 9/10: Building",
          "=== Step build_artifact completed ==="
        ]
      },
      {
        "name": "deploy",
        "status": "success",
        "started_at": "2025-11-30T11:40:53.472960",
        "finished_at": "2025-11-30T11:41:07.267817",
        "log_lines": [
          "=== Step: deploy ===",
          "\u2713 lint completed",
          "Artifact uploaded: build.tar.gz (25MB)",
          "\u2713 test completed",
          "Installing express@5.1.0",
          "Installing lodash@4.15.0",
          "\u2713 build completed",
          "[11:38:49] INFO: Processing request",
          "  PASS: test_cache_hit (250ms)",
          "\u2713 lint completed",
          "Cache hit for key-2427",
          "Cache hit for key-8299",
          "WARNING: eslint has known vulnerabilities",
          "Installing webpack@3.19.0",
          "Compiling src/main.py...",
          "Compiling src/index.js...",
          "Compiling src/handler.rs...",
          "Installing lodash@4.2.0",
          "[11:38:49] INFO: Processing request",
          "  PASS: test_api_health (382ms)",
          "Step 1/10: Building",
          "Cache hit for key-2182",
          "\u2713 lint completed",
          "Artifact uploaded: build.tar.gz (18MB)",
          "\u2713 build completed",
          "Cache hit for key-8222",
          "Installing eslint@5.14.0",
          "Compiling src/utils.go...",
          "Compiling src/app.ts...",
          "\u2713 build completed",
          "Compiling src/handler.rs...",
          "Installing eslint@5.1.0",
          "[11:38:49] INFO: Processing request",
          "[11:38:49] INFO: Processing request",
          "Cache hit for key-2306",
          "Cache hit for key-2483",
          "  PASS: test_cache_hit (304ms)",
          "[11:38:49] INFO: Processing request",
          "Compiling src/utils.go...",
          "Compiling src/handler.rs...",
          "  PASS: test_auth_login (185ms)",
          "\u26a0 DEPRECATION: Feature will be removed in v3.0",
          "Cache hit for key-1057",
          "\u2713 lint completed",
          "Installing webpack@4.0.0",
          "  PASS: test_api_health (382ms)",
          "  PASS: test_cache_hit (318ms)",
          "Compiling src/service.java...",
          "Cache hit for key-9314",
          "[11:38:49] INFO: Processing request",
          "Artifact uploaded: build.tar.gz (43MB)",
          "Cache hit for key-4291",
          "Cache hit for key-4608",
          "Step 3/10: Building",
          "Installing jest@4.20.0",
          "Step 4/10: Building",
          "Step 4/10: Building",
          "\u26a0 DEPRECATION: Feature will be removed in v4.0",
          "Cache hit for key-2823",
          "Installing axios@4.0.0",
          "Exception: NullPointerException",
          "  PASS: test_api_health (88ms)",
          "  PASS: test_cache_hit (329ms)",
          "Installing jest@3.18.0",
          "Compiling src/app.ts...",
          "Installing eslint@1.9.0",
          "  PASS: test_user_create (23ms)",
          "\u2713 lint completed",
          "[11:38:49] INFO: Processing request",
          "Compiling src/main.py...",
          "Artifact uploaded: build.tar.gz (14MB)",
          "  PASS: test_db_connect (198ms)",
          "\u2713 lint completed",
          "Artifact uploaded: build.tar.gz (10MB)",
          "[11:38:49] INFO: Processing request",
          "Artifact uploaded: build.tar.gz (48MB)",
          "=== Step deploy completed ==="
        ]
      }
    ],
    "label": "normal"
  }
}